[2024-10-01T13:50:36.918+0000] {local_task_job_runner.py:120} INFO - ::group::Pre task execution logs
[2024-10-01T13:50:36.937+0000] {taskinstance.py:2076} INFO - Dependencies all met for dep_context=non-requeueable deps ti=<TaskInstance: Taxi_trip_pipeline.load_layer.load_yellow_trip manual__2024-10-01T13:50:22.623616+00:00 [queued]>
[2024-10-01T13:50:36.945+0000] {taskinstance.py:2076} INFO - Dependencies all met for dep_context=requeueable deps ti=<TaskInstance: Taxi_trip_pipeline.load_layer.load_yellow_trip manual__2024-10-01T13:50:22.623616+00:00 [queued]>
[2024-10-01T13:50:36.946+0000] {taskinstance.py:2306} INFO - Starting attempt 1 of 1
[2024-10-01T13:50:36.956+0000] {taskinstance.py:2330} INFO - Executing <Task(PythonOperator): load_layer.load_yellow_trip> on 2024-10-01 13:50:22.623616+00:00
[2024-10-01T13:50:36.964+0000] {standard_task_runner.py:63} INFO - Started process 1615 to run task
[2024-10-01T13:50:36.966+0000] {standard_task_runner.py:90} INFO - Running: ['***', 'tasks', 'run', 'Taxi_trip_pipeline', 'load_layer.load_yellow_trip', 'manual__2024-10-01T13:50:22.623616+00:00', '--job-id', '251', '--raw', '--subdir', 'DAGS_FOLDER/taxi_trip.py', '--cfg-path', '/tmp/tmpnaqjvn40']
[2024-10-01T13:50:36.969+0000] {standard_task_runner.py:91} INFO - Job 251: Subtask load_layer.load_yellow_trip
[2024-10-01T13:50:37.010+0000] {task_command.py:426} INFO - Running <TaskInstance: Taxi_trip_pipeline.load_layer.load_yellow_trip manual__2024-10-01T13:50:22.623616+00:00 [running]> on host fcb0f9e87e2b
[2024-10-01T13:50:37.096+0000] {taskinstance.py:2648} INFO - Exporting env vars: AIRFLOW_CTX_DAG_OWNER='Mahmoud' AIRFLOW_CTX_DAG_ID='Taxi_trip_pipeline' AIRFLOW_CTX_TASK_ID='load_layer.load_yellow_trip' AIRFLOW_CTX_EXECUTION_DATE='2024-10-01T13:50:22.623616+00:00' AIRFLOW_CTX_TRY_NUMBER='1' AIRFLOW_CTX_DAG_RUN_ID='manual__2024-10-01T13:50:22.623616+00:00'
[2024-10-01T13:50:37.097+0000] {taskinstance.py:430} INFO - ::endgroup::
[2024-10-01T13:50:39.342+0000] {taxi_trip.py:83} INFO - Loading yellow trip data started with 2964624 rows
[2024-10-01T13:50:39.342+0000] {Load_data.py:46} INFO - Loading yellow trip data...
[2024-10-01T13:50:39.343+0000] {Load_data.py:47} INFO - yellow  trip with 2964624rows
[2024-10-01T13:50:40.767+0000] {db_utils.py:31} INFO - Loading data into table yellow_trip...
[2024-10-01T13:50:40.773+0000] {db_utils.py:16} INFO - Connected to PostgreSQL database successfully
[2024-10-01T13:54:45.859+0000] {db_utils.py:38} INFO - Data loaded successfully into table yellow_trip with 2964624 rows
[2024-10-01T13:54:45.862+0000] {db_utils.py:25} INFO - PostgreSQL connection is closed
[2024-10-01T13:54:45.863+0000] {db_utils.py:28} INFO - SQLAlchemy engine disposed
[2024-10-01T13:54:45.863+0000] {Load_data.py:74} INFO - Yellow trip data loaded successfully
[2024-10-01T13:54:45.872+0000] {taxi_trip.py:85} INFO - Loading yellow trip data done
[2024-10-01T13:54:45.885+0000] {python.py:237} INFO - Done. Returned value was: None
[2024-10-01T13:54:45.885+0000] {taskinstance.py:441} INFO - ::group::Post task execution logs
[2024-10-01T13:54:45.894+0000] {taskinstance.py:1206} INFO - Marking task as SUCCESS. dag_id=Taxi_trip_pipeline, task_id=load_layer.load_yellow_trip, run_id=manual__2024-10-01T13:50:22.623616+00:00, execution_date=20241001T135022, start_date=20241001T135036, end_date=20241001T135445
[2024-10-01T13:54:46.332+0000] {local_task_job_runner.py:240} INFO - Task exited with return code 0
[2024-10-01T13:54:46.474+0000] {taskinstance.py:3498} INFO - 1 downstream tasks scheduled from follow-on schedule check
[2024-10-01T13:54:46.476+0000] {local_task_job_runner.py:222} INFO - ::endgroup::
