[2024-10-12T12:30:08.031+0000] {local_task_job_runner.py:120} INFO - ::group::Pre task execution logs
[2024-10-12T12:30:08.061+0000] {taskinstance.py:2076} INFO - Dependencies all met for dep_context=non-requeueable deps ti=<TaskInstance: Taxi_trip_pipeline.dbt_transformation_layer.dbt_run_model_green_trip scheduled__2024-10-12T12:15:00+00:00 [queued]>
[2024-10-12T12:30:08.077+0000] {taskinstance.py:2076} INFO - Dependencies all met for dep_context=requeueable deps ti=<TaskInstance: Taxi_trip_pipeline.dbt_transformation_layer.dbt_run_model_green_trip scheduled__2024-10-12T12:15:00+00:00 [queued]>
[2024-10-12T12:30:08.077+0000] {taskinstance.py:2306} INFO - Starting attempt 1 of 1
[2024-10-12T12:30:08.096+0000] {taskinstance.py:2330} INFO - Executing <Task(BashOperator): dbt_transformation_layer.dbt_run_model_green_trip> on 2024-10-12 12:15:00+00:00
[2024-10-12T12:30:08.107+0000] {standard_task_runner.py:63} INFO - Started process 247 to run task
[2024-10-12T12:30:08.110+0000] {standard_task_runner.py:90} INFO - Running: ['***', 'tasks', 'run', 'Taxi_trip_pipeline', 'dbt_transformation_layer.dbt_run_model_green_trip', 'scheduled__2024-10-12T12:15:00+00:00', '--job-id', '72', '--raw', '--subdir', 'DAGS_FOLDER/taxi_trip.py', '--cfg-path', '/tmp/tmp58_ifypl']
[2024-10-12T12:30:08.114+0000] {standard_task_runner.py:91} INFO - Job 72: Subtask dbt_transformation_layer.dbt_run_model_green_trip
[2024-10-12T12:30:08.168+0000] {task_command.py:426} INFO - Running <TaskInstance: Taxi_trip_pipeline.dbt_transformation_layer.dbt_run_model_green_trip scheduled__2024-10-12T12:15:00+00:00 [running]> on host 2e13a8282432
[2024-10-12T12:30:08.279+0000] {taskinstance.py:2648} INFO - Exporting env vars: AIRFLOW_CTX_DAG_OWNER='Mahmoud' AIRFLOW_CTX_DAG_ID='Taxi_trip_pipeline' AIRFLOW_CTX_TASK_ID='dbt_transformation_layer.dbt_run_model_green_trip' AIRFLOW_CTX_EXECUTION_DATE='2024-10-12T12:15:00+00:00' AIRFLOW_CTX_TRY_NUMBER='1' AIRFLOW_CTX_DAG_RUN_ID='scheduled__2024-10-12T12:15:00+00:00'
[2024-10-12T12:30:08.280+0000] {taskinstance.py:430} INFO - ::endgroup::
[2024-10-12T12:30:08.298+0000] {subprocess.py:63} INFO - Tmp dir root location: /tmp
[2024-10-12T12:30:08.298+0000] {subprocess.py:75} INFO - Running command: ['/usr/bin/bash', '-c', 'dbt run --profiles-dir /opt/***/DBT_Project  --project-dir /opt/***/dbt_trip --models green_trip']
[2024-10-12T12:30:08.314+0000] {subprocess.py:86} INFO - Output:
[2024-10-12T12:30:10.788+0000] {subprocess.py:93} INFO - [0m12:30:10  Running with dbt=1.8.0
[2024-10-12T12:30:11.235+0000] {subprocess.py:93} INFO - [0m12:30:11  Registered adapter: postgres=1.8.0
[2024-10-12T12:30:11.586+0000] {subprocess.py:93} INFO - [0m12:30:11  [[33mWARNING[0m]: Configuration paths exist in your dbt_project.yml file which do not apply to any resources.
[2024-10-12T12:30:11.587+0000] {subprocess.py:93} INFO - There are 2 unused configuration paths:
[2024-10-12T12:30:11.587+0000] {subprocess.py:93} INFO - - models.fact_trip.staging
[2024-10-12T12:30:11.588+0000] {subprocess.py:93} INFO - - models.fact_trip.Dimensions
[2024-10-12T12:30:11.985+0000] {subprocess.py:93} INFO - [0m12:30:11  Found 4 models, 6 data tests, 3 sources, 566 macros
[2024-10-12T12:30:11.989+0000] {subprocess.py:93} INFO - [0m12:30:11
[2024-10-12T12:30:12.168+0000] {subprocess.py:93} INFO - [0m12:30:12  Concurrency: 3 threads (target='dev')
[2024-10-12T12:30:12.170+0000] {subprocess.py:93} INFO - [0m12:30:12
[2024-10-12T12:30:12.180+0000] {subprocess.py:93} INFO - [0m12:30:12  1 of 1 START sql view model analysis.green_trip ................................ [RUN]
[2024-10-12T12:30:12.437+0000] {subprocess.py:93} INFO - [0m12:30:12  1 of 1 OK created sql view model analysis.green_trip ........................... [[32mCREATE VIEW[0m in 0.25s]
[2024-10-12T12:30:12.451+0000] {subprocess.py:93} INFO - [0m12:30:12
[2024-10-12T12:30:12.452+0000] {subprocess.py:93} INFO - [0m12:30:12  Finished running 1 view model in 0 hours 0 minutes and 0.46 seconds (0.46s).
[2024-10-12T12:30:12.516+0000] {subprocess.py:93} INFO - [0m12:30:12
[2024-10-12T12:30:12.517+0000] {subprocess.py:93} INFO - [0m12:30:12  [32mCompleted successfully[0m
[2024-10-12T12:30:12.519+0000] {subprocess.py:93} INFO - [0m12:30:12
[2024-10-12T12:30:12.520+0000] {subprocess.py:93} INFO - [0m12:30:12  Done. PASS=1 WARN=0 ERROR=0 SKIP=0 TOTAL=1
[2024-10-12T12:30:13.587+0000] {subprocess.py:97} INFO - Command exited with return code 0
[2024-10-12T12:30:13.588+0000] {taskinstance.py:441} INFO - ::group::Post task execution logs
[2024-10-12T12:30:13.621+0000] {taskinstance.py:1206} INFO - Marking task as SUCCESS. dag_id=Taxi_trip_pipeline, task_id=dbt_transformation_layer.dbt_run_model_green_trip, run_id=scheduled__2024-10-12T12:15:00+00:00, execution_date=20241012T121500, start_date=20241012T123008, end_date=20241012T123013
[2024-10-12T12:30:13.670+0000] {local_task_job_runner.py:240} INFO - Task exited with return code 0
[2024-10-12T12:30:13.703+0000] {taskinstance.py:3498} INFO - 0 downstream tasks scheduled from follow-on schedule check
[2024-10-12T12:30:13.705+0000] {local_task_job_runner.py:222} INFO - ::endgroup::
