[2024-10-03T22:15:06.124+0000] {local_task_job_runner.py:120} INFO - ::group::Pre task execution logs
[2024-10-03T22:15:06.150+0000] {taskinstance.py:2076} INFO - Dependencies all met for dep_context=non-requeueable deps ti=<TaskInstance: Taxi_trip_pipeline.dbt_transformation_layer.dbt_run_model_yellow_trip scheduled__2024-10-03T22:00:00+00:00 [queued]>
[2024-10-03T22:15:06.162+0000] {taskinstance.py:2076} INFO - Dependencies all met for dep_context=requeueable deps ti=<TaskInstance: Taxi_trip_pipeline.dbt_transformation_layer.dbt_run_model_yellow_trip scheduled__2024-10-03T22:00:00+00:00 [queued]>
[2024-10-03T22:15:06.162+0000] {taskinstance.py:2306} INFO - Starting attempt 1 of 1
[2024-10-03T22:15:06.174+0000] {taskinstance.py:2330} INFO - Executing <Task(BashOperator): dbt_transformation_layer.dbt_run_model_yellow_trip> on 2024-10-03 22:00:00+00:00
[2024-10-03T22:15:06.182+0000] {standard_task_runner.py:63} INFO - Started process 195 to run task
[2024-10-03T22:15:06.186+0000] {standard_task_runner.py:90} INFO - Running: ['***', 'tasks', 'run', 'Taxi_trip_pipeline', 'dbt_transformation_layer.dbt_run_model_yellow_trip', 'scheduled__2024-10-03T22:00:00+00:00', '--job-id', '421', '--raw', '--subdir', 'DAGS_FOLDER/taxi_trip.py', '--cfg-path', '/tmp/tmp18yi6djp']
[2024-10-03T22:15:06.188+0000] {standard_task_runner.py:91} INFO - Job 421: Subtask dbt_transformation_layer.dbt_run_model_yellow_trip
[2024-10-03T22:15:06.239+0000] {task_command.py:426} INFO - Running <TaskInstance: Taxi_trip_pipeline.dbt_transformation_layer.dbt_run_model_yellow_trip scheduled__2024-10-03T22:00:00+00:00 [running]> on host df868e4adcf8
[2024-10-03T22:15:06.338+0000] {taskinstance.py:2648} INFO - Exporting env vars: AIRFLOW_CTX_DAG_OWNER='Mahmoud' AIRFLOW_CTX_DAG_ID='Taxi_trip_pipeline' AIRFLOW_CTX_TASK_ID='dbt_transformation_layer.dbt_run_model_yellow_trip' AIRFLOW_CTX_EXECUTION_DATE='2024-10-03T22:00:00+00:00' AIRFLOW_CTX_TRY_NUMBER='1' AIRFLOW_CTX_DAG_RUN_ID='scheduled__2024-10-03T22:00:00+00:00'
[2024-10-03T22:15:06.339+0000] {taskinstance.py:430} INFO - ::endgroup::
[2024-10-03T22:15:06.350+0000] {subprocess.py:63} INFO - Tmp dir root location: /tmp
[2024-10-03T22:15:06.350+0000] {subprocess.py:75} INFO - Running command: ['/usr/bin/bash', '-c', 'dbt run --profiles-dir /opt/***/DBT_Project  --project-dir /opt/***/dbt_trip --models yellow_trip']
[2024-10-03T22:15:06.364+0000] {subprocess.py:86} INFO - Output:
[2024-10-03T22:15:08.760+0000] {subprocess.py:93} INFO - [0m22:15:08  Running with dbt=1.8.0
[2024-10-03T22:15:09.043+0000] {subprocess.py:93} INFO - [0m22:15:09  Registered adapter: postgres=1.8.0
[2024-10-03T22:15:09.370+0000] {subprocess.py:93} INFO - [0m22:15:09  [[33mWARNING[0m]: Configuration paths exist in your dbt_project.yml file which do not apply to any resources.
[2024-10-03T22:15:09.370+0000] {subprocess.py:93} INFO - There are 2 unused configuration paths:
[2024-10-03T22:15:09.370+0000] {subprocess.py:93} INFO - - models.fact_trip.Dimensions
[2024-10-03T22:15:09.371+0000] {subprocess.py:93} INFO - - models.fact_trip.staging
[2024-10-03T22:15:09.597+0000] {subprocess.py:93} INFO - [0m22:15:09  Found 4 models, 6 data tests, 3 sources, 566 macros
[2024-10-03T22:15:09.599+0000] {subprocess.py:93} INFO - [0m22:15:09
[2024-10-03T22:15:09.721+0000] {subprocess.py:93} INFO - [0m22:15:09  Concurrency: 3 threads (target='dev')
[2024-10-03T22:15:09.722+0000] {subprocess.py:93} INFO - [0m22:15:09
[2024-10-03T22:15:09.732+0000] {subprocess.py:93} INFO - [0m22:15:09  1 of 1 START sql view model analysis.yellow_trip ............................... [RUN]
[2024-10-03T22:15:09.893+0000] {subprocess.py:93} INFO - [0m22:15:09  1 of 1 OK created sql view model analysis.yellow_trip .......................... [[32mCREATE VIEW[0m in 0.16s]
[2024-10-03T22:15:09.904+0000] {subprocess.py:93} INFO - [0m22:15:09
[2024-10-03T22:15:09.905+0000] {subprocess.py:93} INFO - [0m22:15:09  Finished running 1 view model in 0 hours 0 minutes and 0.30 seconds (0.30s).
[2024-10-03T22:15:09.953+0000] {subprocess.py:93} INFO - [0m22:15:09
[2024-10-03T22:15:09.954+0000] {subprocess.py:93} INFO - [0m22:15:09  [32mCompleted successfully[0m
[2024-10-03T22:15:09.954+0000] {subprocess.py:93} INFO - [0m22:15:09
[2024-10-03T22:15:09.955+0000] {subprocess.py:93} INFO - [0m22:15:09  Done. PASS=1 WARN=0 ERROR=0 SKIP=0 TOTAL=1
[2024-10-03T22:15:11.042+0000] {subprocess.py:97} INFO - Command exited with return code 0
[2024-10-03T22:15:11.043+0000] {taskinstance.py:441} INFO - ::group::Post task execution logs
[2024-10-03T22:15:11.068+0000] {taskinstance.py:1206} INFO - Marking task as SUCCESS. dag_id=Taxi_trip_pipeline, task_id=dbt_transformation_layer.dbt_run_model_yellow_trip, run_id=scheduled__2024-10-03T22:00:00+00:00, execution_date=20241003T220000, start_date=20241003T221506, end_date=20241003T221511
[2024-10-03T22:15:11.090+0000] {local_task_job_runner.py:240} INFO - Task exited with return code 0
[2024-10-03T22:15:11.117+0000] {taskinstance.py:3498} INFO - 0 downstream tasks scheduled from follow-on schedule check
[2024-10-03T22:15:11.119+0000] {local_task_job_runner.py:222} INFO - ::endgroup::
