[2024-10-03T22:06:25.379+0000] {local_task_job_runner.py:120} INFO - ::group::Pre task execution logs
[2024-10-03T22:06:25.406+0000] {taskinstance.py:2076} INFO - Dependencies all met for dep_context=non-requeueable deps ti=<TaskInstance: Taxi_trip_pipeline.mark_files_as_processed scheduled__2024-10-03T21:45:00+00:00 [queued]>
[2024-10-03T22:06:25.418+0000] {taskinstance.py:2076} INFO - Dependencies all met for dep_context=requeueable deps ti=<TaskInstance: Taxi_trip_pipeline.mark_files_as_processed scheduled__2024-10-03T21:45:00+00:00 [queued]>
[2024-10-03T22:06:25.418+0000] {taskinstance.py:2306} INFO - Starting attempt 1 of 1
[2024-10-03T22:06:25.433+0000] {taskinstance.py:2330} INFO - Executing <Task(PythonOperator): mark_files_as_processed> on 2024-10-03 21:45:00+00:00
[2024-10-03T22:06:25.442+0000] {standard_task_runner.py:63} INFO - Started process 116 to run task
[2024-10-03T22:06:25.445+0000] {standard_task_runner.py:90} INFO - Running: ['***', 'tasks', 'run', 'Taxi_trip_pipeline', 'mark_files_as_processed', 'scheduled__2024-10-03T21:45:00+00:00', '--job-id', '410', '--raw', '--subdir', 'DAGS_FOLDER/taxi_trip.py', '--cfg-path', '/tmp/tmpdbepmqgo']
[2024-10-03T22:06:25.447+0000] {standard_task_runner.py:91} INFO - Job 410: Subtask mark_files_as_processed
[2024-10-03T22:06:25.492+0000] {task_command.py:426} INFO - Running <TaskInstance: Taxi_trip_pipeline.mark_files_as_processed scheduled__2024-10-03T21:45:00+00:00 [running]> on host df868e4adcf8
[2024-10-03T22:06:25.581+0000] {taskinstance.py:2648} INFO - Exporting env vars: AIRFLOW_CTX_DAG_OWNER='Mahmoud' AIRFLOW_CTX_DAG_ID='Taxi_trip_pipeline' AIRFLOW_CTX_TASK_ID='mark_files_as_processed' AIRFLOW_CTX_EXECUTION_DATE='2024-10-03T21:45:00+00:00' AIRFLOW_CTX_TRY_NUMBER='1' AIRFLOW_CTX_DAG_RUN_ID='scheduled__2024-10-03T21:45:00+00:00'
[2024-10-03T22:06:25.582+0000] {taskinstance.py:430} INFO - ::endgroup::
[2024-10-03T22:06:25.613+0000] {db_utils.py:16} INFO - Connected to PostgreSQL database successfully
[2024-10-03T22:06:25.644+0000] {taxi_trip.py:102} INFO - Marked green trip files as processed.
[2024-10-03T22:06:25.646+0000] {taxi_trip.py:107} INFO - Marked yellow trip files as processed.
[2024-10-03T22:06:25.646+0000] {taxi_trip.py:109} INFO - All files marked as processed successfully.
[2024-10-03T22:06:25.646+0000] {python.py:237} INFO - Done. Returned value was: None
[2024-10-03T22:06:25.646+0000] {taskinstance.py:441} INFO - ::group::Post task execution logs
[2024-10-03T22:06:25.657+0000] {taskinstance.py:1206} INFO - Marking task as SUCCESS. dag_id=Taxi_trip_pipeline, task_id=mark_files_as_processed, run_id=scheduled__2024-10-03T21:45:00+00:00, execution_date=20241003T214500, start_date=20241003T220625, end_date=20241003T220625
[2024-10-03T22:06:25.697+0000] {local_task_job_runner.py:240} INFO - Task exited with return code 0
[2024-10-03T22:06:25.724+0000] {taskinstance.py:3498} INFO - 0 downstream tasks scheduled from follow-on schedule check
[2024-10-03T22:06:25.726+0000] {local_task_job_runner.py:222} INFO - ::endgroup::
