[2024-10-01T16:45:01.193+0000] {local_task_job_runner.py:120} INFO - ::group::Pre task execution logs
[2024-10-01T16:45:01.215+0000] {taskinstance.py:2076} INFO - Dependencies all met for dep_context=non-requeueable deps ti=<TaskInstance: Taxi_trip_pipeline.extraction_layer.extract_yellow_date scheduled__2024-10-01T16:30:00+00:00 [queued]>
[2024-10-01T16:45:01.225+0000] {taskinstance.py:2076} INFO - Dependencies all met for dep_context=requeueable deps ti=<TaskInstance: Taxi_trip_pipeline.extraction_layer.extract_yellow_date scheduled__2024-10-01T16:30:00+00:00 [queued]>
[2024-10-01T16:45:01.225+0000] {taskinstance.py:2306} INFO - Starting attempt 1 of 1
[2024-10-01T16:45:01.237+0000] {taskinstance.py:2330} INFO - Executing <Task(PythonOperator): extraction_layer.extract_yellow_date> on 2024-10-01 16:30:00+00:00
[2024-10-01T16:45:01.244+0000] {standard_task_runner.py:63} INFO - Started process 2881 to run task
[2024-10-01T16:45:01.247+0000] {standard_task_runner.py:90} INFO - Running: ['***', 'tasks', 'run', 'Taxi_trip_pipeline', 'extraction_layer.extract_yellow_date', 'scheduled__2024-10-01T16:30:00+00:00', '--job-id', '369', '--raw', '--subdir', 'DAGS_FOLDER/taxi_trip.py', '--cfg-path', '/tmp/tmpc2nfgom9']
[2024-10-01T16:45:01.250+0000] {standard_task_runner.py:91} INFO - Job 369: Subtask extraction_layer.extract_yellow_date
[2024-10-01T16:45:01.304+0000] {task_command.py:426} INFO - Running <TaskInstance: Taxi_trip_pipeline.extraction_layer.extract_yellow_date scheduled__2024-10-01T16:30:00+00:00 [running]> on host fcb0f9e87e2b
[2024-10-01T16:45:01.416+0000] {taskinstance.py:2648} INFO - Exporting env vars: AIRFLOW_CTX_DAG_OWNER='Mahmoud' AIRFLOW_CTX_DAG_ID='Taxi_trip_pipeline' AIRFLOW_CTX_TASK_ID='extraction_layer.extract_yellow_date' AIRFLOW_CTX_EXECUTION_DATE='2024-10-01T16:30:00+00:00' AIRFLOW_CTX_TRY_NUMBER='1' AIRFLOW_CTX_DAG_RUN_ID='scheduled__2024-10-01T16:30:00+00:00'
[2024-10-01T16:45:01.418+0000] {taskinstance.py:430} INFO - ::endgroup::
[2024-10-01T16:45:01.436+0000] {taxi_trip.py:52} INFO - Data extraction for yellow trip started
[2024-10-01T16:45:01.444+0000] {db_utils.py:16} INFO - Connected to PostgreSQL database successfully
[2024-10-01T16:45:01.445+0000] {Process_data.py:44} INFO - Start transforming Yellow Trip data...
[2024-10-01T16:45:01.446+0000] {Process_data.py:52} INFO - File yellow_tripdata_2024-02.parquet has already been extracted before . Skipping......
[2024-10-01T16:45:01.447+0000] {Process_data.py:52} INFO - File yellow_tripdata_2024-04.parquet has already been extracted before . Skipping......
[2024-10-01T16:45:01.448+0000] {Process_data.py:52} INFO - File yellow_tripdata_2024-01.parquet has already been extracted before . Skipping......
[2024-10-01T16:45:01.448+0000] {Process_data.py:52} INFO - File yellow_tripdata_2024-03.parquet has already been extracted before . Skipping......
[2024-10-01T16:45:01.449+0000] {Process_data.py:55} INFO - Processing file yellow_tripdata_2024-05.parquet...
[2024-10-01T16:45:02.220+0000] {Process_data.py:64} INFO - Yellow trip dataframe with 3723833 rows
[2024-10-01T16:45:02.228+0000] {taxi_trip.py:55} INFO - Data extraction for yellow trip done
[2024-10-01T16:45:20.227+0000] {taxi_trip.py:59} INFO - Pushed yellow trip data with 3723833 rows to XCom
[2024-10-01T16:45:20.242+0000] {python.py:237} INFO - Done. Returned value was: None
[2024-10-01T16:45:20.242+0000] {taskinstance.py:441} INFO - ::group::Post task execution logs
[2024-10-01T16:45:20.252+0000] {taskinstance.py:1206} INFO - Marking task as SUCCESS. dag_id=Taxi_trip_pipeline, task_id=extraction_layer.extract_yellow_date, run_id=scheduled__2024-10-01T16:30:00+00:00, execution_date=20241001T163000, start_date=20241001T164501, end_date=20241001T164520
[2024-10-01T16:45:20.353+0000] {local_task_job_runner.py:240} INFO - Task exited with return code 0
[2024-10-01T16:45:20.384+0000] {taskinstance.py:3498} INFO - 0 downstream tasks scheduled from follow-on schedule check
[2024-10-01T16:45:20.386+0000] {local_task_job_runner.py:222} INFO - ::endgroup::
