[2024-10-01T12:37:37.693+0000] {local_task_job_runner.py:120} INFO - ::group::Pre task execution logs
[2024-10-01T12:37:37.723+0000] {taskinstance.py:2076} INFO - Dependencies all met for dep_context=non-requeueable deps ti=<TaskInstance: Taxi_trip_pipeline.dbt_staging_layer.dbt_run_green_trip manual__2024-10-01T12:30:32.928618+00:00 [queued]>
[2024-10-01T12:37:37.737+0000] {taskinstance.py:2076} INFO - Dependencies all met for dep_context=requeueable deps ti=<TaskInstance: Taxi_trip_pipeline.dbt_staging_layer.dbt_run_green_trip manual__2024-10-01T12:30:32.928618+00:00 [queued]>
[2024-10-01T12:37:37.737+0000] {taskinstance.py:2306} INFO - Starting attempt 2 of 2
[2024-10-01T12:37:37.757+0000] {taskinstance.py:2330} INFO - Executing <Task(BashOperator): dbt_staging_layer.dbt_run_green_trip> on 2024-10-01 12:30:32.928618+00:00
[2024-10-01T12:37:37.766+0000] {standard_task_runner.py:63} INFO - Started process 1041 to run task
[2024-10-01T12:37:37.769+0000] {standard_task_runner.py:90} INFO - Running: ['***', 'tasks', 'run', 'Taxi_trip_pipeline', 'dbt_staging_layer.dbt_run_green_trip', 'manual__2024-10-01T12:30:32.928618+00:00', '--job-id', '202', '--raw', '--subdir', 'DAGS_FOLDER/taxi_trip.py', '--cfg-path', '/tmp/tmpmdezebb5']
[2024-10-01T12:37:37.772+0000] {standard_task_runner.py:91} INFO - Job 202: Subtask dbt_staging_layer.dbt_run_green_trip
[2024-10-01T12:37:37.827+0000] {task_command.py:426} INFO - Running <TaskInstance: Taxi_trip_pipeline.dbt_staging_layer.dbt_run_green_trip manual__2024-10-01T12:30:32.928618+00:00 [running]> on host fcb0f9e87e2b
[2024-10-01T12:37:37.915+0000] {taskinstance.py:2648} INFO - Exporting env vars: AIRFLOW_CTX_DAG_OWNER='Mahmoud' AIRFLOW_CTX_DAG_ID='Taxi_trip_pipeline' AIRFLOW_CTX_TASK_ID='dbt_staging_layer.dbt_run_green_trip' AIRFLOW_CTX_EXECUTION_DATE='2024-10-01T12:30:32.928618+00:00' AIRFLOW_CTX_TRY_NUMBER='2' AIRFLOW_CTX_DAG_RUN_ID='manual__2024-10-01T12:30:32.928618+00:00'
[2024-10-01T12:37:37.916+0000] {taskinstance.py:430} INFO - ::endgroup::
[2024-10-01T12:37:37.928+0000] {subprocess.py:63} INFO - Tmp dir root location: /tmp
[2024-10-01T12:37:37.928+0000] {subprocess.py:75} INFO - Running command: ['/usr/bin/bash', '-c', 'dbt run --profiles-dir /opt/***/DBT_Project  --project-dir /opt/***/dbt_trip --models green_trip']
[2024-10-01T12:37:37.943+0000] {subprocess.py:86} INFO - Output:
[2024-10-01T12:37:40.753+0000] {subprocess.py:93} INFO - [0m12:37:40  Running with dbt=1.8.0
[2024-10-01T12:37:41.103+0000] {subprocess.py:93} INFO - [0m12:37:41  Registered adapter: postgres=1.8.0
[2024-10-01T12:37:41.466+0000] {subprocess.py:93} INFO - [0m12:37:41  [[33mWARNING[0m]: Configuration paths exist in your dbt_project.yml file which do not apply to any resources.
[2024-10-01T12:37:41.466+0000] {subprocess.py:93} INFO - There are 2 unused configuration paths:
[2024-10-01T12:37:41.467+0000] {subprocess.py:93} INFO - - models.fact_trip.staging
[2024-10-01T12:37:41.467+0000] {subprocess.py:93} INFO - - models.fact_trip.Dimensions
[2024-10-01T12:37:41.704+0000] {subprocess.py:93} INFO - [0m12:37:41  Found 4 models, 6 data tests, 3 sources, 566 macros
[2024-10-01T12:37:41.706+0000] {subprocess.py:93} INFO - [0m12:37:41
[2024-10-01T12:37:41.833+0000] {subprocess.py:93} INFO - [0m12:37:41  Concurrency: 3 threads (target='dev')
[2024-10-01T12:37:41.834+0000] {subprocess.py:93} INFO - [0m12:37:41
[2024-10-01T12:37:41.844+0000] {subprocess.py:93} INFO - [0m12:37:41  1 of 1 START sql view model analysis.green_trip ................................ [RUN]
[2024-10-01T12:37:42.000+0000] {subprocess.py:93} INFO - [0m12:37:42  1 of 1 OK created sql view model analysis.green_trip ........................... [[32mCREATE VIEW[0m in 0.15s]
[2024-10-01T12:37:42.011+0000] {subprocess.py:93} INFO - [0m12:37:42
[2024-10-01T12:37:42.012+0000] {subprocess.py:93} INFO - [0m12:37:42  Finished running 1 view model in 0 hours 0 minutes and 0.30 seconds (0.30s).
[2024-10-01T12:37:42.061+0000] {subprocess.py:93} INFO - [0m12:37:42
[2024-10-01T12:37:42.062+0000] {subprocess.py:93} INFO - [0m12:37:42  [32mCompleted successfully[0m
[2024-10-01T12:37:42.062+0000] {subprocess.py:93} INFO - [0m12:37:42
[2024-10-01T12:37:42.063+0000] {subprocess.py:93} INFO - [0m12:37:42  Done. PASS=1 WARN=0 ERROR=0 SKIP=0 TOTAL=1
[2024-10-01T12:37:44.264+0000] {subprocess.py:97} INFO - Command exited with return code 0
[2024-10-01T12:37:44.265+0000] {taskinstance.py:441} INFO - ::group::Post task execution logs
[2024-10-01T12:37:44.290+0000] {taskinstance.py:1206} INFO - Marking task as SUCCESS. dag_id=Taxi_trip_pipeline, task_id=dbt_staging_layer.dbt_run_green_trip, run_id=manual__2024-10-01T12:30:32.928618+00:00, execution_date=20241001T123032, start_date=20241001T123737, end_date=20241001T123744
[2024-10-01T12:37:44.316+0000] {local_task_job_runner.py:240} INFO - Task exited with return code 0
[2024-10-01T12:37:44.339+0000] {taskinstance.py:3498} INFO - 1 downstream tasks scheduled from follow-on schedule check
[2024-10-01T12:37:44.340+0000] {local_task_job_runner.py:222} INFO - ::endgroup::
