[2024-09-21T09:15:10.742+0000] {local_task_job_runner.py:120} INFO - ::group::Pre task execution logs
[2024-09-21T09:15:10.776+0000] {taskinstance.py:2076} INFO - Dependencies all met for dep_context=non-requeueable deps ti=<TaskInstance: NYC_Taxi_pipeline.dbt_models.dbt_Model_STG_trip manual__2024-09-21T09:11:40.867116+00:00 [queued]>
[2024-09-21T09:15:10.791+0000] {taskinstance.py:2076} INFO - Dependencies all met for dep_context=requeueable deps ti=<TaskInstance: NYC_Taxi_pipeline.dbt_models.dbt_Model_STG_trip manual__2024-09-21T09:11:40.867116+00:00 [queued]>
[2024-09-21T09:15:10.792+0000] {taskinstance.py:2306} INFO - Starting attempt 2 of 2
[2024-09-21T09:15:10.812+0000] {taskinstance.py:2330} INFO - Executing <Task(BashOperator): dbt_models.dbt_Model_STG_trip> on 2024-09-21 09:11:40.867116+00:00
[2024-09-21T09:15:10.821+0000] {standard_task_runner.py:63} INFO - Started process 251 to run task
[2024-09-21T09:15:10.825+0000] {standard_task_runner.py:90} INFO - Running: ['***', 'tasks', 'run', 'NYC_Taxi_pipeline', 'dbt_models.dbt_Model_STG_trip', 'manual__2024-09-21T09:11:40.867116+00:00', '--job-id', '41', '--raw', '--subdir', 'DAGS_FOLDER/NYC_Taxi_pipeline.py', '--cfg-path', '/tmp/tmpuk7b65pn']
[2024-09-21T09:15:10.829+0000] {standard_task_runner.py:91} INFO - Job 41: Subtask dbt_models.dbt_Model_STG_trip
[2024-09-21T09:15:10.893+0000] {task_command.py:426} INFO - Running <TaskInstance: NYC_Taxi_pipeline.dbt_models.dbt_Model_STG_trip manual__2024-09-21T09:11:40.867116+00:00 [running]> on host a7d215ebb90a
[2024-09-21T09:15:11.055+0000] {taskinstance.py:2648} INFO - Exporting env vars: AIRFLOW_CTX_DAG_OWNER='***' AIRFLOW_CTX_DAG_ID='NYC_Taxi_pipeline' AIRFLOW_CTX_TASK_ID='dbt_models.dbt_Model_STG_trip' AIRFLOW_CTX_EXECUTION_DATE='2024-09-21T09:11:40.867116+00:00' AIRFLOW_CTX_TRY_NUMBER='2' AIRFLOW_CTX_DAG_RUN_ID='manual__2024-09-21T09:11:40.867116+00:00'
[2024-09-21T09:15:11.059+0000] {taskinstance.py:430} INFO - ::endgroup::
[2024-09-21T09:15:11.091+0000] {subprocess.py:63} INFO - Tmp dir root location: /tmp
[2024-09-21T09:15:11.093+0000] {subprocess.py:75} INFO - Running command: ['/bin/bash', '-c', 'dbt run --profiles-dir /opt/***/DBT_Project --project-dir /opt/***/dbt_trip --models STG_trip']
[2024-09-21T09:15:11.117+0000] {subprocess.py:86} INFO - Output:
[2024-09-21T09:15:15.385+0000] {subprocess.py:93} INFO - [0m09:15:15  Running with dbt=1.8.6
[2024-09-21T09:15:16.078+0000] {subprocess.py:93} INFO - [0m09:15:16  Registered adapter: postgres=1.8.2
[2024-09-21T09:15:16.480+0000] {subprocess.py:93} INFO - [0m09:15:16  Unable to do partial parsing because of a version mismatch
[2024-09-21T09:15:19.119+0000] {subprocess.py:93} INFO - [0m09:15:19  [[33mWARNING[0m]: Configuration paths exist in your dbt_project.yml file which do not apply to any resources.
[2024-09-21T09:15:19.120+0000] {subprocess.py:93} INFO - There are 2 unused configuration paths:
[2024-09-21T09:15:19.120+0000] {subprocess.py:93} INFO - - models.fact_trip.core
[2024-09-21T09:15:19.121+0000] {subprocess.py:93} INFO - - models.fact_trip.staging
[2024-09-21T09:15:19.403+0000] {subprocess.py:93} INFO - [0m09:15:19  Found 5 models, 5 seeds, 1 source, 423 macros
[2024-09-21T09:15:19.409+0000] {subprocess.py:93} INFO - [0m09:15:19
[2024-09-21T09:15:19.781+0000] {subprocess.py:93} INFO - [0m09:15:19  Concurrency: 3 threads (target='dev')
[2024-09-21T09:15:19.783+0000] {subprocess.py:93} INFO - [0m09:15:19
[2024-09-21T09:15:19.799+0000] {subprocess.py:93} INFO - [0m09:15:19  1 of 1 START sql view model analysis.STG_trip .................................. [RUN]
[2024-09-21T09:15:19.975+0000] {subprocess.py:93} INFO - [0m09:15:19  1 of 1 OK created sql view model analysis.STG_trip ............................. [[32mCREATE VIEW[0m in 0.17s]
[2024-09-21T09:15:19.987+0000] {subprocess.py:93} INFO - [0m09:15:19
[2024-09-21T09:15:19.987+0000] {subprocess.py:93} INFO - [0m09:15:19  Finished running 1 view model in 0 hours 0 minutes and 0.58 seconds (0.58s).
[2024-09-21T09:15:20.032+0000] {subprocess.py:93} INFO - [0m09:15:20
[2024-09-21T09:15:20.032+0000] {subprocess.py:93} INFO - [0m09:15:20  [32mCompleted successfully[0m
[2024-09-21T09:15:20.033+0000] {subprocess.py:93} INFO - [0m09:15:20
[2024-09-21T09:15:20.034+0000] {subprocess.py:93} INFO - [0m09:15:20  Done. PASS=1 WARN=0 ERROR=0 SKIP=0 TOTAL=1
[2024-09-21T09:15:21.134+0000] {subprocess.py:97} INFO - Command exited with return code 0
[2024-09-21T09:15:21.136+0000] {taskinstance.py:441} INFO - ::group::Post task execution logs
[2024-09-21T09:15:21.164+0000] {taskinstance.py:1206} INFO - Marking task as SUCCESS. dag_id=NYC_Taxi_pipeline, task_id=dbt_models.dbt_Model_STG_trip, run_id=manual__2024-09-21T09:11:40.867116+00:00, execution_date=20240921T091140, start_date=20240921T091510, end_date=20240921T091521
[2024-09-21T09:15:21.209+0000] {local_task_job_runner.py:240} INFO - Task exited with return code 0
[2024-09-21T09:15:21.225+0000] {taskinstance.py:3498} INFO - 0 downstream tasks scheduled from follow-on schedule check
[2024-09-21T09:15:21.226+0000] {local_task_job_runner.py:222} INFO - ::endgroup::
