[2024-09-21T09:13:11.957+0000] {local_task_job_runner.py:120} INFO - ::group::Pre task execution logs
[2024-09-21T09:13:11.995+0000] {taskinstance.py:2076} INFO - Dependencies all met for dep_context=non-requeueable deps ti=<TaskInstance: NYC_Taxi_pipeline.dbt_models.dbt_Model_STG_trip manual__2024-09-21T09:11:40.867116+00:00 [queued]>
[2024-09-21T09:13:12.012+0000] {taskinstance.py:2076} INFO - Dependencies all met for dep_context=requeueable deps ti=<TaskInstance: NYC_Taxi_pipeline.dbt_models.dbt_Model_STG_trip manual__2024-09-21T09:11:40.867116+00:00 [queued]>
[2024-09-21T09:13:12.013+0000] {taskinstance.py:2306} INFO - Starting attempt 1 of 1
[2024-09-21T09:13:12.033+0000] {taskinstance.py:2330} INFO - Executing <Task(BashOperator): dbt_models.dbt_Model_STG_trip> on 2024-09-21 09:11:40.867116+00:00
[2024-09-21T09:13:12.044+0000] {standard_task_runner.py:63} INFO - Started process 140 to run task
[2024-09-21T09:13:12.048+0000] {standard_task_runner.py:90} INFO - Running: ['***', 'tasks', 'run', 'NYC_Taxi_pipeline', 'dbt_models.dbt_Model_STG_trip', 'manual__2024-09-21T09:11:40.867116+00:00', '--job-id', '36', '--raw', '--subdir', 'DAGS_FOLDER/NYC_Taxi_pipeline.py', '--cfg-path', '/tmp/tmpyy0yh36e']
[2024-09-21T09:13:12.053+0000] {standard_task_runner.py:91} INFO - Job 36: Subtask dbt_models.dbt_Model_STG_trip
[2024-09-21T09:13:12.117+0000] {task_command.py:426} INFO - Running <TaskInstance: NYC_Taxi_pipeline.dbt_models.dbt_Model_STG_trip manual__2024-09-21T09:11:40.867116+00:00 [running]> on host a7d215ebb90a
[2024-09-21T09:13:12.276+0000] {taskinstance.py:2648} INFO - Exporting env vars: AIRFLOW_CTX_DAG_OWNER='***' AIRFLOW_CTX_DAG_ID='NYC_Taxi_pipeline' AIRFLOW_CTX_TASK_ID='dbt_models.dbt_Model_STG_trip' AIRFLOW_CTX_EXECUTION_DATE='2024-09-21T09:11:40.867116+00:00' AIRFLOW_CTX_TRY_NUMBER='1' AIRFLOW_CTX_DAG_RUN_ID='manual__2024-09-21T09:11:40.867116+00:00'
[2024-09-21T09:13:12.277+0000] {taskinstance.py:430} INFO - ::endgroup::
[2024-09-21T09:13:12.299+0000] {subprocess.py:63} INFO - Tmp dir root location: /tmp
[2024-09-21T09:13:12.300+0000] {subprocess.py:75} INFO - Running command: ['/bin/bash', '-c', 'dbt run --profiles-dir /opt/***/DBT_Project --project-dir /opt/***/dbt_trip --models STG_trip']
[2024-09-21T09:13:12.322+0000] {subprocess.py:86} INFO - Output:
[2024-09-21T09:13:17.115+0000] {subprocess.py:93} INFO - [0m09:13:17  Running with dbt=1.8.6
[2024-09-21T09:13:17.722+0000] {subprocess.py:93} INFO - [0m09:13:17  Registered adapter: postgres=1.8.2
[2024-09-21T09:13:18.055+0000] {subprocess.py:93} INFO - [0m09:13:18  Unable to do partial parsing because of a version mismatch
[2024-09-21T09:13:20.561+0000] {subprocess.py:93} INFO - [0m09:13:20  [[33mWARNING[0m]: Configuration paths exist in your dbt_project.yml file which do not apply to any resources.
[2024-09-21T09:13:20.562+0000] {subprocess.py:93} INFO - There are 2 unused configuration paths:
[2024-09-21T09:13:20.564+0000] {subprocess.py:93} INFO - - models.fact_trip.staging
[2024-09-21T09:13:20.565+0000] {subprocess.py:93} INFO - - models.fact_trip.core
[2024-09-21T09:13:20.863+0000] {subprocess.py:93} INFO - [0m09:13:20  Found 5 models, 5 seeds, 1 source, 423 macros
[2024-09-21T09:13:20.867+0000] {subprocess.py:93} INFO - [0m09:13:20
[2024-09-21T09:13:21.104+0000] {subprocess.py:93} INFO - [0m09:13:21  Concurrency: 3 threads (target='dev')
[2024-09-21T09:13:21.105+0000] {subprocess.py:93} INFO - [0m09:13:21
[2024-09-21T09:13:21.123+0000] {subprocess.py:93} INFO - [0m09:13:21  1 of 1 START sql view model analysis.STG_trip .................................. [RUN]
[2024-09-21T09:13:21.321+0000] {subprocess.py:93} INFO - [0m09:13:21  1 of 1 OK created sql view model analysis.STG_trip ............................. [[32mCREATE VIEW[0m in 0.19s]
[2024-09-21T09:13:21.340+0000] {subprocess.py:93} INFO - [0m09:13:21
[2024-09-21T09:13:21.341+0000] {subprocess.py:93} INFO - [0m09:13:21  Finished running 1 view model in 0 hours 0 minutes and 0.47 seconds (0.47s).
[2024-09-21T09:13:21.401+0000] {subprocess.py:93} INFO - [0m09:13:21
[2024-09-21T09:13:21.402+0000] {subprocess.py:93} INFO - [0m09:13:21  [32mCompleted successfully[0m
[2024-09-21T09:13:21.402+0000] {subprocess.py:93} INFO - [0m09:13:21
[2024-09-21T09:13:21.403+0000] {subprocess.py:93} INFO - [0m09:13:21  Done. PASS=1 WARN=0 ERROR=0 SKIP=0 TOTAL=1
[2024-09-21T09:13:27.508+0000] {subprocess.py:97} INFO - Command exited with return code 0
[2024-09-21T09:13:27.509+0000] {taskinstance.py:441} INFO - ::group::Post task execution logs
[2024-09-21T09:13:27.531+0000] {taskinstance.py:1206} INFO - Marking task as SUCCESS. dag_id=NYC_Taxi_pipeline, task_id=dbt_models.dbt_Model_STG_trip, run_id=manual__2024-09-21T09:11:40.867116+00:00, execution_date=20240921T091140, start_date=20240921T091311, end_date=20240921T091327
[2024-09-21T09:13:27.568+0000] {local_task_job_runner.py:240} INFO - Task exited with return code 0
[2024-09-21T09:13:27.583+0000] {taskinstance.py:3498} INFO - 0 downstream tasks scheduled from follow-on schedule check
[2024-09-21T09:13:27.584+0000] {local_task_job_runner.py:222} INFO - ::endgroup::
