[2024-09-21T09:18:31.520+0000] {local_task_job_runner.py:120} INFO - ::group::Pre task execution logs
[2024-09-21T09:18:31.568+0000] {taskinstance.py:2076} INFO - Dependencies all met for dep_context=non-requeueable deps ti=<TaskInstance: NYC_Taxi_pipeline.dbt_models.dbt_Model_STG_trip manual__2024-09-21T09:11:40.867116+00:00 [queued]>
[2024-09-21T09:18:31.589+0000] {taskinstance.py:2076} INFO - Dependencies all met for dep_context=requeueable deps ti=<TaskInstance: NYC_Taxi_pipeline.dbt_models.dbt_Model_STG_trip manual__2024-09-21T09:11:40.867116+00:00 [queued]>
[2024-09-21T09:18:31.590+0000] {taskinstance.py:2306} INFO - Starting attempt 3 of 3
[2024-09-21T09:18:31.628+0000] {taskinstance.py:2330} INFO - Executing <Task(BashOperator): dbt_models.dbt_Model_STG_trip> on 2024-09-21 09:11:40.867116+00:00
[2024-09-21T09:18:31.638+0000] {standard_task_runner.py:63} INFO - Started process 357 to run task
[2024-09-21T09:18:31.643+0000] {standard_task_runner.py:90} INFO - Running: ['***', 'tasks', 'run', 'NYC_Taxi_pipeline', 'dbt_models.dbt_Model_STG_trip', 'manual__2024-09-21T09:11:40.867116+00:00', '--job-id', '43', '--raw', '--subdir', 'DAGS_FOLDER/NYC_Taxi_pipeline.py', '--cfg-path', '/tmp/tmpnz79gd73']
[2024-09-21T09:18:31.646+0000] {standard_task_runner.py:91} INFO - Job 43: Subtask dbt_models.dbt_Model_STG_trip
[2024-09-21T09:18:31.708+0000] {task_command.py:426} INFO - Running <TaskInstance: NYC_Taxi_pipeline.dbt_models.dbt_Model_STG_trip manual__2024-09-21T09:11:40.867116+00:00 [running]> on host a7d215ebb90a
[2024-09-21T09:18:31.839+0000] {taskinstance.py:2648} INFO - Exporting env vars: AIRFLOW_CTX_DAG_OWNER='***' AIRFLOW_CTX_DAG_ID='NYC_Taxi_pipeline' AIRFLOW_CTX_TASK_ID='dbt_models.dbt_Model_STG_trip' AIRFLOW_CTX_EXECUTION_DATE='2024-09-21T09:11:40.867116+00:00' AIRFLOW_CTX_TRY_NUMBER='3' AIRFLOW_CTX_DAG_RUN_ID='manual__2024-09-21T09:11:40.867116+00:00'
[2024-09-21T09:18:31.841+0000] {taskinstance.py:430} INFO - ::endgroup::
[2024-09-21T09:18:31.859+0000] {subprocess.py:63} INFO - Tmp dir root location: /tmp
[2024-09-21T09:18:31.860+0000] {subprocess.py:75} INFO - Running command: ['/bin/bash', '-c', 'dbt run --profiles-dir /opt/***/DBT_Project --project-dir /opt/***/dbt_trip --models STG_trip']
[2024-09-21T09:18:31.879+0000] {subprocess.py:86} INFO - Output:
[2024-09-21T09:18:35.486+0000] {subprocess.py:93} INFO - [0m09:18:35  Running with dbt=1.8.6
[2024-09-21T09:18:35.963+0000] {subprocess.py:93} INFO - [0m09:18:35  Registered adapter: postgres=1.8.2
[2024-09-21T09:18:36.344+0000] {subprocess.py:93} INFO - [0m09:18:36  Unable to do partial parsing because of a version mismatch
[2024-09-21T09:18:40.034+0000] {subprocess.py:93} INFO - [0m09:18:40  [[33mWARNING[0m]: Configuration paths exist in your dbt_project.yml file which do not apply to any resources.
[2024-09-21T09:18:40.034+0000] {subprocess.py:93} INFO - There are 2 unused configuration paths:
[2024-09-21T09:18:40.035+0000] {subprocess.py:93} INFO - - models.fact_trip.staging
[2024-09-21T09:18:40.036+0000] {subprocess.py:93} INFO - - models.fact_trip.core
[2024-09-21T09:18:40.459+0000] {subprocess.py:93} INFO - [0m09:18:40  Found 5 models, 5 seeds, 1 source, 423 macros
[2024-09-21T09:18:40.464+0000] {subprocess.py:93} INFO - [0m09:18:40
[2024-09-21T09:18:40.711+0000] {subprocess.py:93} INFO - [0m09:18:40  Concurrency: 3 threads (target='dev')
[2024-09-21T09:18:40.712+0000] {subprocess.py:93} INFO - [0m09:18:40
[2024-09-21T09:18:40.730+0000] {subprocess.py:93} INFO - [0m09:18:40  1 of 1 START sql view model analysis.STG_trip .................................. [RUN]
[2024-09-21T09:18:40.897+0000] {subprocess.py:93} INFO - [0m09:18:40  1 of 1 OK created sql view model analysis.STG_trip ............................. [[32mCREATE VIEW[0m in 0.16s]
[2024-09-21T09:18:40.914+0000] {subprocess.py:93} INFO - [0m09:18:40
[2024-09-21T09:18:40.916+0000] {subprocess.py:93} INFO - [0m09:18:40  Finished running 1 view model in 0 hours 0 minutes and 0.45 seconds (0.45s).
[2024-09-21T09:18:40.980+0000] {subprocess.py:93} INFO - [0m09:18:40
[2024-09-21T09:18:40.981+0000] {subprocess.py:93} INFO - [0m09:18:40  [32mCompleted successfully[0m
[2024-09-21T09:18:40.982+0000] {subprocess.py:93} INFO - [0m09:18:40
[2024-09-21T09:18:40.982+0000] {subprocess.py:93} INFO - [0m09:18:40  Done. PASS=1 WARN=0 ERROR=0 SKIP=0 TOTAL=1
[2024-09-21T09:18:47.041+0000] {subprocess.py:97} INFO - Command exited with return code 0
[2024-09-21T09:18:47.041+0000] {taskinstance.py:441} INFO - ::group::Post task execution logs
[2024-09-21T09:18:47.065+0000] {taskinstance.py:1206} INFO - Marking task as SUCCESS. dag_id=NYC_Taxi_pipeline, task_id=dbt_models.dbt_Model_STG_trip, run_id=manual__2024-09-21T09:11:40.867116+00:00, execution_date=20240921T091140, start_date=20240921T091831, end_date=20240921T091847
[2024-09-21T09:18:47.090+0000] {local_task_job_runner.py:240} INFO - Task exited with return code 0
[2024-09-21T09:18:47.106+0000] {taskinstance.py:3498} INFO - 0 downstream tasks scheduled from follow-on schedule check
[2024-09-21T09:18:47.107+0000] {local_task_job_runner.py:222} INFO - ::endgroup::
