[2024-10-01T15:52:04.769+0000] {local_task_job_runner.py:120} INFO - ::group::Pre task execution logs
[2024-10-01T15:52:04.789+0000] {taskinstance.py:2076} INFO - Dependencies all met for dep_context=non-requeueable deps ti=<TaskInstance: Taxi_trip_pipeline.dbt_transformation_layer.dbt_run_model_zone_lookup scheduled__2024-10-01T15:30:00+00:00 [queued]>
[2024-10-01T15:52:04.796+0000] {taskinstance.py:2076} INFO - Dependencies all met for dep_context=requeueable deps ti=<TaskInstance: Taxi_trip_pipeline.dbt_transformation_layer.dbt_run_model_zone_lookup scheduled__2024-10-01T15:30:00+00:00 [queued]>
[2024-10-01T15:52:04.797+0000] {taskinstance.py:2306} INFO - Starting attempt 2 of 2
[2024-10-01T15:52:04.809+0000] {taskinstance.py:2330} INFO - Executing <Task(BashOperator): dbt_transformation_layer.dbt_run_model_zone_lookup> on 2024-10-01 15:30:00+00:00
[2024-10-01T15:52:04.817+0000] {standard_task_runner.py:63} INFO - Started process 2574 to run task
[2024-10-01T15:52:04.821+0000] {standard_task_runner.py:90} INFO - Running: ['***', 'tasks', 'run', 'Taxi_trip_pipeline', 'dbt_transformation_layer.dbt_run_model_zone_lookup', 'scheduled__2024-10-01T15:30:00+00:00', '--job-id', '335', '--raw', '--subdir', 'DAGS_FOLDER/taxi_trip.py', '--cfg-path', '/tmp/tmp_2pb3frc']
[2024-10-01T15:52:04.823+0000] {standard_task_runner.py:91} INFO - Job 335: Subtask dbt_transformation_layer.dbt_run_model_zone_lookup
[2024-10-01T15:52:04.874+0000] {task_command.py:426} INFO - Running <TaskInstance: Taxi_trip_pipeline.dbt_transformation_layer.dbt_run_model_zone_lookup scheduled__2024-10-01T15:30:00+00:00 [running]> on host fcb0f9e87e2b
[2024-10-01T15:52:04.978+0000] {taskinstance.py:2648} INFO - Exporting env vars: AIRFLOW_CTX_DAG_OWNER='Mahmoud' AIRFLOW_CTX_DAG_ID='Taxi_trip_pipeline' AIRFLOW_CTX_TASK_ID='dbt_transformation_layer.dbt_run_model_zone_lookup' AIRFLOW_CTX_EXECUTION_DATE='2024-10-01T15:30:00+00:00' AIRFLOW_CTX_TRY_NUMBER='2' AIRFLOW_CTX_DAG_RUN_ID='scheduled__2024-10-01T15:30:00+00:00'
[2024-10-01T15:52:04.980+0000] {taskinstance.py:430} INFO - ::endgroup::
[2024-10-01T15:52:04.992+0000] {subprocess.py:63} INFO - Tmp dir root location: /tmp
[2024-10-01T15:52:04.993+0000] {subprocess.py:75} INFO - Running command: ['/usr/bin/bash', '-c', 'dbt run --profiles-dir /opt/***/DBT_Project  --project-dir /opt/***/dbt_trip --models zone_lookup']
[2024-10-01T15:52:05.008+0000] {subprocess.py:86} INFO - Output:
[2024-10-01T15:52:07.761+0000] {subprocess.py:93} INFO - [0m15:52:07  Running with dbt=1.8.0
[2024-10-01T15:52:08.097+0000] {subprocess.py:93} INFO - [0m15:52:08  Registered adapter: postgres=1.8.0
[2024-10-01T15:52:08.493+0000] {subprocess.py:93} INFO - [0m15:52:08  [[33mWARNING[0m]: Configuration paths exist in your dbt_project.yml file which do not apply to any resources.
[2024-10-01T15:52:08.494+0000] {subprocess.py:93} INFO - There are 2 unused configuration paths:
[2024-10-01T15:52:08.494+0000] {subprocess.py:93} INFO - - models.fact_trip.Dimensions
[2024-10-01T15:52:08.494+0000] {subprocess.py:93} INFO - - models.fact_trip.staging
[2024-10-01T15:52:08.763+0000] {subprocess.py:93} INFO - [0m15:52:08  Found 4 models, 6 data tests, 3 sources, 566 macros
[2024-10-01T15:52:08.766+0000] {subprocess.py:93} INFO - [0m15:52:08
[2024-10-01T15:52:08.920+0000] {subprocess.py:93} INFO - [0m15:52:08  Concurrency: 3 threads (target='dev')
[2024-10-01T15:52:08.921+0000] {subprocess.py:93} INFO - [0m15:52:08
[2024-10-01T15:52:08.932+0000] {subprocess.py:93} INFO - [0m15:52:08  1 of 1 START sql view model analysis.zone_lookup ............................... [RUN]
[2024-10-01T15:52:09.142+0000] {subprocess.py:93} INFO - [0m15:52:09  1 of 1 OK created sql view model analysis.zone_lookup .......................... [[32mCREATE VIEW[0m in 0.21s]
[2024-10-01T15:52:09.154+0000] {subprocess.py:93} INFO - [0m15:52:09
[2024-10-01T15:52:09.155+0000] {subprocess.py:93} INFO - [0m15:52:09  Finished running 1 view model in 0 hours 0 minutes and 0.39 seconds (0.39s).
[2024-10-01T15:52:09.226+0000] {subprocess.py:93} INFO - [0m15:52:09
[2024-10-01T15:52:09.227+0000] {subprocess.py:93} INFO - [0m15:52:09  [32mCompleted successfully[0m
[2024-10-01T15:52:09.228+0000] {subprocess.py:93} INFO - [0m15:52:09
[2024-10-01T15:52:09.229+0000] {subprocess.py:93} INFO - [0m15:52:09  Done. PASS=1 WARN=0 ERROR=0 SKIP=0 TOTAL=1
[2024-10-01T15:52:10.388+0000] {subprocess.py:97} INFO - Command exited with return code 0
[2024-10-01T15:52:10.389+0000] {taskinstance.py:441} INFO - ::group::Post task execution logs
[2024-10-01T15:52:10.416+0000] {taskinstance.py:1206} INFO - Marking task as SUCCESS. dag_id=Taxi_trip_pipeline, task_id=dbt_transformation_layer.dbt_run_model_zone_lookup, run_id=scheduled__2024-10-01T15:30:00+00:00, execution_date=20241001T153000, start_date=20241001T155204, end_date=20241001T155210
[2024-10-01T15:52:10.444+0000] {local_task_job_runner.py:240} INFO - Task exited with return code 0
[2024-10-01T15:52:10.469+0000] {taskinstance.py:3498} INFO - 0 downstream tasks scheduled from follow-on schedule check
[2024-10-01T15:52:10.471+0000] {local_task_job_runner.py:222} INFO - ::endgroup::
