[2024-09-24T08:12:22.428+0000] {local_task_job_runner.py:120} INFO - ::group::Pre task execution logs
[2024-09-24T08:12:22.466+0000] {taskinstance.py:2076} INFO - Dependencies all met for dep_context=non-requeueable deps ti=<TaskInstance: Taxi_trip_pipeline.load_group.load_yellow_trip scheduled__2024-09-23T00:00:00+00:00 [queued]>
[2024-09-24T08:12:22.480+0000] {taskinstance.py:2076} INFO - Dependencies all met for dep_context=requeueable deps ti=<TaskInstance: Taxi_trip_pipeline.load_group.load_yellow_trip scheduled__2024-09-23T00:00:00+00:00 [queued]>
[2024-09-24T08:12:22.481+0000] {taskinstance.py:2306} INFO - Starting attempt 1 of 1
[2024-09-24T08:12:22.500+0000] {taskinstance.py:2330} INFO - Executing <Task(PythonOperator): load_group.load_yellow_trip> on 2024-09-23 00:00:00+00:00
[2024-09-24T08:12:22.510+0000] {standard_task_runner.py:63} INFO - Started process 112 to run task
[2024-09-24T08:12:22.514+0000] {standard_task_runner.py:90} INFO - Running: ['***', 'tasks', 'run', 'Taxi_trip_pipeline', 'load_group.load_yellow_trip', 'scheduled__2024-09-23T00:00:00+00:00', '--job-id', '70', '--raw', '--subdir', 'DAGS_FOLDER/taxi_trip.py', '--cfg-path', '/tmp/tmp9vckduzy']
[2024-09-24T08:12:22.517+0000] {standard_task_runner.py:91} INFO - Job 70: Subtask load_group.load_yellow_trip
[2024-09-24T08:12:22.584+0000] {task_command.py:426} INFO - Running <TaskInstance: Taxi_trip_pipeline.load_group.load_yellow_trip scheduled__2024-09-23T00:00:00+00:00 [running]> on host 457e36aa430f
[2024-09-24T08:12:22.707+0000] {taskinstance.py:2648} INFO - Exporting env vars: AIRFLOW_CTX_DAG_OWNER='Mahmoud' AIRFLOW_CTX_DAG_ID='Taxi_trip_pipeline' AIRFLOW_CTX_TASK_ID='load_group.load_yellow_trip' AIRFLOW_CTX_EXECUTION_DATE='2024-09-23T00:00:00+00:00' AIRFLOW_CTX_TRY_NUMBER='1' AIRFLOW_CTX_DAG_RUN_ID='scheduled__2024-09-23T00:00:00+00:00'
[2024-09-24T08:12:22.709+0000] {taskinstance.py:430} INFO - ::endgroup::
[2024-09-24T08:12:22.724+0000] {taxi_trip.py:62} INFO - Loading yellow trip data started
[2024-09-24T08:12:22.724+0000] {Load_data.py:39} INFO - Loading Yellow Trip data...
[2024-09-24T08:12:22.725+0000] {Load_data.py:69} ERROR - Error loading yellow_trip: read_csv() got an unexpected keyword argument 'date_format'
[2024-09-24T08:12:22.725+0000] {taxi_trip.py:64} INFO - Loading yellow trip data done
[2024-09-24T08:12:22.725+0000] {python.py:237} INFO - Done. Returned value was: None
[2024-09-24T08:12:22.726+0000] {taskinstance.py:441} INFO - ::group::Post task execution logs
[2024-09-24T08:12:22.739+0000] {taskinstance.py:1206} INFO - Marking task as SUCCESS. dag_id=Taxi_trip_pipeline, task_id=load_group.load_yellow_trip, run_id=scheduled__2024-09-23T00:00:00+00:00, execution_date=20240923T000000, start_date=20240924T081222, end_date=20240924T081222
[2024-09-24T08:12:22.769+0000] {local_task_job_runner.py:240} INFO - Task exited with return code 0
[2024-09-24T08:12:22.803+0000] {taskinstance.py:3498} INFO - 0 downstream tasks scheduled from follow-on schedule check
[2024-09-24T08:12:22.809+0000] {local_task_job_runner.py:222} INFO - ::endgroup::
