[2024-10-12T12:15:06.028+0000] {local_task_job_runner.py:120} INFO - ::group::Pre task execution logs
[2024-10-12T12:15:06.054+0000] {taskinstance.py:2076} INFO - Dependencies all met for dep_context=non-requeueable deps ti=<TaskInstance: Taxi_trip_pipeline.dbt_transformation_layer.dbt_run_model_zone_lookup scheduled__2024-10-12T12:00:00+00:00 [queued]>
[2024-10-12T12:15:06.064+0000] {taskinstance.py:2076} INFO - Dependencies all met for dep_context=requeueable deps ti=<TaskInstance: Taxi_trip_pipeline.dbt_transformation_layer.dbt_run_model_zone_lookup scheduled__2024-10-12T12:00:00+00:00 [queued]>
[2024-10-12T12:15:06.064+0000] {taskinstance.py:2306} INFO - Starting attempt 1 of 1
[2024-10-12T12:15:06.077+0000] {taskinstance.py:2330} INFO - Executing <Task(BashOperator): dbt_transformation_layer.dbt_run_model_zone_lookup> on 2024-10-12 12:00:00+00:00
[2024-10-12T12:15:06.086+0000] {standard_task_runner.py:63} INFO - Started process 408 to run task
[2024-10-12T12:15:06.089+0000] {standard_task_runner.py:90} INFO - Running: ['***', 'tasks', 'run', 'Taxi_trip_pipeline', 'dbt_transformation_layer.dbt_run_model_zone_lookup', 'scheduled__2024-10-12T12:00:00+00:00', '--job-id', '46', '--raw', '--subdir', 'DAGS_FOLDER/taxi_trip.py', '--cfg-path', '/tmp/tmpvw_erhis']
[2024-10-12T12:15:06.091+0000] {standard_task_runner.py:91} INFO - Job 46: Subtask dbt_transformation_layer.dbt_run_model_zone_lookup
[2024-10-12T12:15:06.143+0000] {task_command.py:426} INFO - Running <TaskInstance: Taxi_trip_pipeline.dbt_transformation_layer.dbt_run_model_zone_lookup scheduled__2024-10-12T12:00:00+00:00 [running]> on host e1ee2fad10db
[2024-10-12T12:15:06.238+0000] {taskinstance.py:2648} INFO - Exporting env vars: AIRFLOW_CTX_DAG_OWNER='Mahmoud' AIRFLOW_CTX_DAG_ID='Taxi_trip_pipeline' AIRFLOW_CTX_TASK_ID='dbt_transformation_layer.dbt_run_model_zone_lookup' AIRFLOW_CTX_EXECUTION_DATE='2024-10-12T12:00:00+00:00' AIRFLOW_CTX_TRY_NUMBER='1' AIRFLOW_CTX_DAG_RUN_ID='scheduled__2024-10-12T12:00:00+00:00'
[2024-10-12T12:15:06.239+0000] {taskinstance.py:430} INFO - ::endgroup::
[2024-10-12T12:15:06.252+0000] {subprocess.py:63} INFO - Tmp dir root location: /tmp
[2024-10-12T12:15:06.253+0000] {subprocess.py:75} INFO - Running command: ['/usr/bin/bash', '-c', 'dbt run --profiles-dir /opt/***/DBT_Project  --project-dir /opt/***/dbt_trip --models zone_lookup']
[2024-10-12T12:15:06.270+0000] {subprocess.py:86} INFO - Output:
[2024-10-12T12:15:08.998+0000] {subprocess.py:93} INFO - [0m12:15:08  Running with dbt=1.8.0
[2024-10-12T12:15:09.380+0000] {subprocess.py:93} INFO - [0m12:15:09  Registered adapter: postgres=1.8.0
[2024-10-12T12:15:09.878+0000] {subprocess.py:93} INFO - [0m12:15:09  [[33mWARNING[0m]: Configuration paths exist in your dbt_project.yml file which do not apply to any resources.
[2024-10-12T12:15:09.879+0000] {subprocess.py:93} INFO - There are 2 unused configuration paths:
[2024-10-12T12:15:09.879+0000] {subprocess.py:93} INFO - - models.fact_trip.staging
[2024-10-12T12:15:09.880+0000] {subprocess.py:93} INFO - - models.fact_trip.Dimensions
[2024-10-12T12:15:10.182+0000] {subprocess.py:93} INFO - [0m12:15:10  Found 4 models, 6 data tests, 3 sources, 566 macros
[2024-10-12T12:15:10.186+0000] {subprocess.py:93} INFO - [0m12:15:10
[2024-10-12T12:15:10.367+0000] {subprocess.py:93} INFO - [0m12:15:10  Concurrency: 3 threads (target='dev')
[2024-10-12T12:15:10.370+0000] {subprocess.py:93} INFO - [0m12:15:10
[2024-10-12T12:15:10.387+0000] {subprocess.py:93} INFO - [0m12:15:10  1 of 1 START sql view model analysis.zone_lookup ............................... [RUN]
[2024-10-12T12:15:10.593+0000] {subprocess.py:93} INFO - [0m12:15:10  1 of 1 OK created sql view model analysis.zone_lookup .......................... [[32mCREATE VIEW[0m in 0.20s]
[2024-10-12T12:15:10.607+0000] {subprocess.py:93} INFO - [0m12:15:10
[2024-10-12T12:15:10.608+0000] {subprocess.py:93} INFO - [0m12:15:10  Finished running 1 view model in 0 hours 0 minutes and 0.42 seconds (0.42s).
[2024-10-12T12:15:10.667+0000] {subprocess.py:93} INFO - [0m12:15:10
[2024-10-12T12:15:10.668+0000] {subprocess.py:93} INFO - [0m12:15:10  [32mCompleted successfully[0m
[2024-10-12T12:15:10.669+0000] {subprocess.py:93} INFO - [0m12:15:10
[2024-10-12T12:15:10.669+0000] {subprocess.py:93} INFO - [0m12:15:10  Done. PASS=1 WARN=0 ERROR=0 SKIP=0 TOTAL=1
[2024-10-12T12:15:11.717+0000] {subprocess.py:97} INFO - Command exited with return code 0
[2024-10-12T12:15:11.718+0000] {taskinstance.py:441} INFO - ::group::Post task execution logs
[2024-10-12T12:15:11.754+0000] {taskinstance.py:1206} INFO - Marking task as SUCCESS. dag_id=Taxi_trip_pipeline, task_id=dbt_transformation_layer.dbt_run_model_zone_lookup, run_id=scheduled__2024-10-12T12:00:00+00:00, execution_date=20241012T120000, start_date=20241012T121506, end_date=20241012T121511
[2024-10-12T12:15:11.794+0000] {local_task_job_runner.py:240} INFO - Task exited with return code 0
[2024-10-12T12:15:11.806+0000] {local_task_job_runner.py:222} INFO - ::endgroup::
