[2024-09-30T17:27:52.086+0000] {local_task_job_runner.py:120} INFO - ::group::Pre task execution logs
[2024-09-30T17:27:52.112+0000] {taskinstance.py:2076} INFO - Dependencies all met for dep_context=non-requeueable deps ti=<TaskInstance: Taxi_trip_pipeline.extraction_layer.extract_green_date scheduled__2024-09-29T00:00:00+00:00 [queued]>
[2024-09-30T17:27:52.126+0000] {taskinstance.py:2076} INFO - Dependencies all met for dep_context=requeueable deps ti=<TaskInstance: Taxi_trip_pipeline.extraction_layer.extract_green_date scheduled__2024-09-29T00:00:00+00:00 [queued]>
[2024-09-30T17:27:52.126+0000] {taskinstance.py:2306} INFO - Starting attempt 1 of 1
[2024-09-30T17:27:52.147+0000] {taskinstance.py:2330} INFO - Executing <Task(PythonOperator): extraction_layer.extract_green_date> on 2024-09-29 00:00:00+00:00
[2024-09-30T17:27:52.154+0000] {standard_task_runner.py:63} INFO - Started process 53 to run task
[2024-09-30T17:27:52.159+0000] {standard_task_runner.py:90} INFO - Running: ['***', 'tasks', 'run', 'Taxi_trip_pipeline', 'extraction_layer.extract_green_date', 'scheduled__2024-09-29T00:00:00+00:00', '--job-id', '28', '--raw', '--subdir', 'DAGS_FOLDER/taxi_trip.py', '--cfg-path', '/tmp/tmp55c8zf6m']
[2024-09-30T17:27:52.162+0000] {standard_task_runner.py:91} INFO - Job 28: Subtask extraction_layer.extract_green_date
[2024-09-30T17:27:52.212+0000] {task_command.py:426} INFO - Running <TaskInstance: Taxi_trip_pipeline.extraction_layer.extract_green_date scheduled__2024-09-29T00:00:00+00:00 [running]> on host 72cf0e8bafa8
[2024-09-30T17:27:52.320+0000] {taskinstance.py:2648} INFO - Exporting env vars: AIRFLOW_CTX_DAG_OWNER='Mahmoud' AIRFLOW_CTX_DAG_ID='Taxi_trip_pipeline' AIRFLOW_CTX_TASK_ID='extraction_layer.extract_green_date' AIRFLOW_CTX_EXECUTION_DATE='2024-09-29T00:00:00+00:00' AIRFLOW_CTX_TRY_NUMBER='1' AIRFLOW_CTX_DAG_RUN_ID='scheduled__2024-09-29T00:00:00+00:00'
[2024-09-30T17:27:52.321+0000] {taskinstance.py:430} INFO - ::endgroup::
[2024-09-30T17:27:52.339+0000] {taxi_trip.py:37} INFO - Data extraction for green trip started
[2024-09-30T17:27:52.346+0000] {db_utils.py:16} INFO - Connected to PostgreSQL database successfully
[2024-09-30T17:27:52.347+0000] {Process_data.py:16} INFO - Start transforming Green Trip data...
[2024-09-30T17:27:52.348+0000] {Process_data.py:24} INFO - File green_tripdata_2024-01.parquet has already been extracted before . Skipping......
[2024-09-30T17:27:52.348+0000] {taxi_trip.py:40} INFO - Data extraction for green trip done
[2024-09-30T17:27:52.349+0000] {taxi_trip.py:46} WARNING - No data found for green trip
[2024-09-30T17:27:52.349+0000] {python.py:237} INFO - Done. Returned value was: None
[2024-09-30T17:27:52.350+0000] {taskinstance.py:441} INFO - ::group::Post task execution logs
[2024-09-30T17:27:52.361+0000] {taskinstance.py:1206} INFO - Marking task as SUCCESS. dag_id=Taxi_trip_pipeline, task_id=extraction_layer.extract_green_date, run_id=scheduled__2024-09-29T00:00:00+00:00, execution_date=20240929T000000, start_date=20240930T172752, end_date=20240930T172752
[2024-09-30T17:27:52.410+0000] {local_task_job_runner.py:240} INFO - Task exited with return code 0
[2024-09-30T17:27:52.456+0000] {taskinstance.py:3498} INFO - 1 downstream tasks scheduled from follow-on schedule check
[2024-09-30T17:27:52.458+0000] {local_task_job_runner.py:222} INFO - ::endgroup::
