[2024-10-01T15:15:12.891+0000] {local_task_job_runner.py:120} INFO - ::group::Pre task execution logs
[2024-10-01T15:15:12.916+0000] {taskinstance.py:2076} INFO - Dependencies all met for dep_context=non-requeueable deps ti=<TaskInstance: Taxi_trip_pipeline.dbt_transformation_layer.dbt_run_model_yellow_trip scheduled__2024-10-01T15:00:00+00:00 [queued]>
[2024-10-01T15:15:12.929+0000] {taskinstance.py:2076} INFO - Dependencies all met for dep_context=requeueable deps ti=<TaskInstance: Taxi_trip_pipeline.dbt_transformation_layer.dbt_run_model_yellow_trip scheduled__2024-10-01T15:00:00+00:00 [queued]>
[2024-10-01T15:15:12.929+0000] {taskinstance.py:2306} INFO - Starting attempt 1 of 1
[2024-10-01T15:15:14.849+0000] {taskinstance.py:2330} INFO - Executing <Task(BashOperator): dbt_transformation_layer.dbt_run_model_yellow_trip> on 2024-10-01 15:00:00+00:00
[2024-10-01T15:15:14.864+0000] {standard_task_runner.py:63} INFO - Started process 2121 to run task
[2024-10-01T15:15:14.870+0000] {standard_task_runner.py:90} INFO - Running: ['***', 'tasks', 'run', 'Taxi_trip_pipeline', 'dbt_transformation_layer.dbt_run_model_yellow_trip', 'scheduled__2024-10-01T15:00:00+00:00', '--job-id', '293', '--raw', '--subdir', 'DAGS_FOLDER/taxi_trip.py', '--cfg-path', '/tmp/tmp3b70ayli']
[2024-10-01T15:15:14.879+0000] {standard_task_runner.py:91} INFO - Job 293: Subtask dbt_transformation_layer.dbt_run_model_yellow_trip
[2024-10-01T15:15:15.005+0000] {task_command.py:426} INFO - Running <TaskInstance: Taxi_trip_pipeline.dbt_transformation_layer.dbt_run_model_yellow_trip scheduled__2024-10-01T15:00:00+00:00 [running]> on host fcb0f9e87e2b
[2024-10-01T15:15:15.178+0000] {taskinstance.py:2648} INFO - Exporting env vars: AIRFLOW_CTX_DAG_OWNER='Mahmoud' AIRFLOW_CTX_DAG_ID='Taxi_trip_pipeline' AIRFLOW_CTX_TASK_ID='dbt_transformation_layer.dbt_run_model_yellow_trip' AIRFLOW_CTX_EXECUTION_DATE='2024-10-01T15:00:00+00:00' AIRFLOW_CTX_TRY_NUMBER='1' AIRFLOW_CTX_DAG_RUN_ID='scheduled__2024-10-01T15:00:00+00:00'
[2024-10-01T15:15:15.180+0000] {taskinstance.py:430} INFO - ::endgroup::
[2024-10-01T15:15:15.199+0000] {subprocess.py:63} INFO - Tmp dir root location: /tmp
[2024-10-01T15:15:15.201+0000] {subprocess.py:75} INFO - Running command: ['/usr/bin/bash', '-c', 'dbt run --profiles-dir /opt/***/DBT_Project  --project-dir /opt/***/dbt_trip --models yellow_trip']
[2024-10-01T15:15:15.231+0000] {subprocess.py:86} INFO - Output:
[2024-10-01T15:15:21.732+0000] {subprocess.py:93} INFO - [0m15:15:21  Running with dbt=1.8.0
[2024-10-01T15:15:22.190+0000] {subprocess.py:93} INFO - [0m15:15:22  Registered adapter: postgres=1.8.0
[2024-10-01T15:15:22.736+0000] {subprocess.py:93} INFO - [0m15:15:22  [[33mWARNING[0m]: Configuration paths exist in your dbt_project.yml file which do not apply to any resources.
[2024-10-01T15:15:22.737+0000] {subprocess.py:93} INFO - There are 2 unused configuration paths:
[2024-10-01T15:15:22.737+0000] {subprocess.py:93} INFO - - models.fact_trip.Dimensions
[2024-10-01T15:15:22.738+0000] {subprocess.py:93} INFO - - models.fact_trip.staging
[2024-10-01T15:15:23.129+0000] {subprocess.py:93} INFO - [0m15:15:23  Found 4 models, 6 data tests, 3 sources, 566 macros
[2024-10-01T15:15:23.134+0000] {subprocess.py:93} INFO - [0m15:15:23
[2024-10-01T15:15:23.313+0000] {subprocess.py:93} INFO - [0m15:15:23  Concurrency: 3 threads (target='dev')
[2024-10-01T15:15:23.314+0000] {subprocess.py:93} INFO - [0m15:15:23
[2024-10-01T15:15:23.326+0000] {subprocess.py:93} INFO - [0m15:15:23  1 of 1 START sql view model analysis.yellow_trip ............................... [RUN]
[2024-10-01T15:15:23.526+0000] {subprocess.py:93} INFO - [0m15:15:23  1 of 1 OK created sql view model analysis.yellow_trip .......................... [[32mCREATE VIEW[0m in 0.20s]
[2024-10-01T15:15:23.539+0000] {subprocess.py:93} INFO - [0m15:15:23
[2024-10-01T15:15:23.540+0000] {subprocess.py:93} INFO - [0m15:15:23  Finished running 1 view model in 0 hours 0 minutes and 0.40 seconds (0.40s).
[2024-10-01T15:15:23.593+0000] {subprocess.py:93} INFO - [0m15:15:23
[2024-10-01T15:15:23.594+0000] {subprocess.py:93} INFO - [0m15:15:23  [32mCompleted successfully[0m
[2024-10-01T15:15:23.595+0000] {subprocess.py:93} INFO - [0m15:15:23
[2024-10-01T15:15:23.595+0000] {subprocess.py:93} INFO - [0m15:15:23  Done. PASS=1 WARN=0 ERROR=0 SKIP=0 TOTAL=1
[2024-10-01T15:15:24.682+0000] {subprocess.py:97} INFO - Command exited with return code 0
[2024-10-01T15:15:24.683+0000] {taskinstance.py:441} INFO - ::group::Post task execution logs
[2024-10-01T15:15:24.711+0000] {taskinstance.py:1206} INFO - Marking task as SUCCESS. dag_id=Taxi_trip_pipeline, task_id=dbt_transformation_layer.dbt_run_model_yellow_trip, run_id=scheduled__2024-10-01T15:00:00+00:00, execution_date=20241001T150000, start_date=20241001T151512, end_date=20241001T151524
[2024-10-01T15:15:24.756+0000] {local_task_job_runner.py:240} INFO - Task exited with return code 0
[2024-10-01T15:15:24.778+0000] {taskinstance.py:3498} INFO - 1 downstream tasks scheduled from follow-on schedule check
[2024-10-01T15:15:24.780+0000] {local_task_job_runner.py:222} INFO - ::endgroup::
