[2024-09-25T19:46:29.902+0000] {local_task_job_runner.py:120} INFO - ::group::Pre task execution logs
[2024-09-25T19:46:29.924+0000] {taskinstance.py:2076} INFO - Dependencies all met for dep_context=non-requeueable deps ti=<TaskInstance: Taxi_trip_pipeline.extraction_group.extract_yellow_date manual__2024-09-25T19:46:28.277676+00:00 [queued]>
[2024-09-25T19:46:29.932+0000] {taskinstance.py:2076} INFO - Dependencies all met for dep_context=requeueable deps ti=<TaskInstance: Taxi_trip_pipeline.extraction_group.extract_yellow_date manual__2024-09-25T19:46:28.277676+00:00 [queued]>
[2024-09-25T19:46:29.932+0000] {taskinstance.py:2306} INFO - Starting attempt 1 of 1
[2024-09-25T19:46:29.945+0000] {taskinstance.py:2330} INFO - Executing <Task(PythonOperator): extraction_group.extract_yellow_date> on 2024-09-25 19:46:28.277676+00:00
[2024-09-25T19:46:29.951+0000] {standard_task_runner.py:63} INFO - Started process 210 to run task
[2024-09-25T19:46:29.954+0000] {standard_task_runner.py:90} INFO - Running: ['***', 'tasks', 'run', 'Taxi_trip_pipeline', 'extraction_group.extract_yellow_date', 'manual__2024-09-25T19:46:28.277676+00:00', '--job-id', '131', '--raw', '--subdir', 'DAGS_FOLDER/taxi_trip.py', '--cfg-path', '/tmp/tmppadhxf7b']
[2024-09-25T19:46:29.957+0000] {standard_task_runner.py:91} INFO - Job 131: Subtask extraction_group.extract_yellow_date
[2024-09-25T19:46:30.000+0000] {task_command.py:426} INFO - Running <TaskInstance: Taxi_trip_pipeline.extraction_group.extract_yellow_date manual__2024-09-25T19:46:28.277676+00:00 [running]> on host 3aa1deac3d71
[2024-09-25T19:46:30.081+0000] {taskinstance.py:2648} INFO - Exporting env vars: AIRFLOW_CTX_DAG_OWNER='Mahmoud' AIRFLOW_CTX_DAG_ID='Taxi_trip_pipeline' AIRFLOW_CTX_TASK_ID='extraction_group.extract_yellow_date' AIRFLOW_CTX_EXECUTION_DATE='2024-09-25T19:46:28.277676+00:00' AIRFLOW_CTX_TRY_NUMBER='1' AIRFLOW_CTX_DAG_RUN_ID='manual__2024-09-25T19:46:28.277676+00:00'
[2024-09-25T19:46:30.082+0000] {taskinstance.py:430} INFO - ::endgroup::
[2024-09-25T19:46:30.093+0000] {taxi_trip.py:49} INFO - Data extraction for yellow trip started
[2024-09-25T19:46:30.094+0000] {Process_data.py:33} INFO - Start transforming Yellow Trip data...
[2024-09-25T19:46:30.379+0000] {Process_data.py:43} INFO - data frams have 1 row
[2024-09-25T19:46:30.380+0000] {taxi_trip.py:51} INFO - Data extraction for yellow trip done
[2024-09-25T19:46:40.678+0000] {taxi_trip.py:54} INFO - Pushed yellow trip data with 1 rows to XCom
[2024-09-25T19:46:40.684+0000] {python.py:237} INFO - Done. Returned value was: None
[2024-09-25T19:46:40.684+0000] {taskinstance.py:441} INFO - ::group::Post task execution logs
[2024-09-25T19:46:40.705+0000] {taskinstance.py:1206} INFO - Marking task as SUCCESS. dag_id=Taxi_trip_pipeline, task_id=extraction_group.extract_yellow_date, run_id=manual__2024-09-25T19:46:28.277676+00:00, execution_date=20240925T194628, start_date=20240925T194629, end_date=20240925T194640
[2024-09-25T19:46:40.793+0000] {local_task_job_runner.py:240} INFO - Task exited with return code 0
[2024-09-25T19:46:40.814+0000] {taskinstance.py:3498} INFO - 3 downstream tasks scheduled from follow-on schedule check
[2024-09-25T19:46:40.815+0000] {local_task_job_runner.py:222} INFO - ::endgroup::
