[2024-10-01T16:45:28.095+0000] {local_task_job_runner.py:120} INFO - ::group::Pre task execution logs
[2024-10-01T16:45:28.119+0000] {taskinstance.py:2076} INFO - Dependencies all met for dep_context=non-requeueable deps ti=<TaskInstance: Taxi_trip_pipeline.load_layer.load_yellow_trip scheduled__2024-10-01T16:30:00+00:00 [queued]>
[2024-10-01T16:45:28.129+0000] {taskinstance.py:2076} INFO - Dependencies all met for dep_context=requeueable deps ti=<TaskInstance: Taxi_trip_pipeline.load_layer.load_yellow_trip scheduled__2024-10-01T16:30:00+00:00 [queued]>
[2024-10-01T16:45:28.130+0000] {taskinstance.py:2306} INFO - Starting attempt 1 of 1
[2024-10-01T16:45:28.143+0000] {taskinstance.py:2330} INFO - Executing <Task(PythonOperator): load_layer.load_yellow_trip> on 2024-10-01 16:30:00+00:00
[2024-10-01T16:45:28.150+0000] {standard_task_runner.py:63} INFO - Started process 2906 to run task
[2024-10-01T16:45:28.154+0000] {standard_task_runner.py:90} INFO - Running: ['***', 'tasks', 'run', 'Taxi_trip_pipeline', 'load_layer.load_yellow_trip', 'scheduled__2024-10-01T16:30:00+00:00', '--job-id', '372', '--raw', '--subdir', 'DAGS_FOLDER/taxi_trip.py', '--cfg-path', '/tmp/tmp311iymzj']
[2024-10-01T16:45:28.156+0000] {standard_task_runner.py:91} INFO - Job 372: Subtask load_layer.load_yellow_trip
[2024-10-01T16:45:28.202+0000] {task_command.py:426} INFO - Running <TaskInstance: Taxi_trip_pipeline.load_layer.load_yellow_trip scheduled__2024-10-01T16:30:00+00:00 [running]> on host fcb0f9e87e2b
[2024-10-01T16:45:28.296+0000] {taskinstance.py:2648} INFO - Exporting env vars: AIRFLOW_CTX_DAG_OWNER='Mahmoud' AIRFLOW_CTX_DAG_ID='Taxi_trip_pipeline' AIRFLOW_CTX_TASK_ID='load_layer.load_yellow_trip' AIRFLOW_CTX_EXECUTION_DATE='2024-10-01T16:30:00+00:00' AIRFLOW_CTX_TRY_NUMBER='1' AIRFLOW_CTX_DAG_RUN_ID='scheduled__2024-10-01T16:30:00+00:00'
[2024-10-01T16:45:28.298+0000] {taskinstance.py:430} INFO - ::endgroup::
[2024-10-01T16:45:31.395+0000] {taxi_trip.py:83} INFO - Loading yellow trip data started with 3723833 rows
[2024-10-01T16:45:31.395+0000] {Load_data.py:46} INFO - Loading yellow trip data...
[2024-10-01T16:45:31.395+0000] {Load_data.py:47} INFO - yellow  trip with 3723833rows
[2024-10-01T16:45:33.283+0000] {db_utils.py:31} INFO - Loading data into table yellow_trip...
[2024-10-01T16:45:33.301+0000] {db_utils.py:16} INFO - Connected to PostgreSQL database successfully
[2024-10-01T16:51:45.587+0000] {db_utils.py:38} INFO - Data loaded successfully into table yellow_trip with 3723833 rows
[2024-10-01T16:51:45.587+0000] {db_utils.py:25} INFO - PostgreSQL connection is closed
[2024-10-01T16:51:45.588+0000] {db_utils.py:28} INFO - SQLAlchemy engine disposed
[2024-10-01T16:51:45.589+0000] {Load_data.py:74} INFO - Yellow trip data loaded successfully
[2024-10-01T16:51:45.602+0000] {taxi_trip.py:85} INFO - Loading yellow trip data done
[2024-10-01T16:51:45.613+0000] {python.py:237} INFO - Done. Returned value was: None
[2024-10-01T16:51:45.614+0000] {taskinstance.py:441} INFO - ::group::Post task execution logs
[2024-10-01T16:51:45.623+0000] {taskinstance.py:1206} INFO - Marking task as SUCCESS. dag_id=Taxi_trip_pipeline, task_id=load_layer.load_yellow_trip, run_id=scheduled__2024-10-01T16:30:00+00:00, execution_date=20241001T163000, start_date=20241001T164528, end_date=20241001T165145
[2024-10-01T16:51:46.128+0000] {local_task_job_runner.py:240} INFO - Task exited with return code 0
[2024-10-01T16:51:46.152+0000] {taskinstance.py:3498} INFO - 0 downstream tasks scheduled from follow-on schedule check
[2024-10-01T16:51:46.153+0000] {local_task_job_runner.py:222} INFO - ::endgroup::
