[2024-10-12T10:23:57.173+0000] {local_task_job_runner.py:120} INFO - ::group::Pre task execution logs
[2024-10-12T10:23:57.194+0000] {taskinstance.py:2076} INFO - Dependencies all met for dep_context=non-requeueable deps ti=<TaskInstance: Taxi_trip_pipeline.extraction_layer.extract_green_date scheduled__2024-10-12T10:00:00+00:00 [queued]>
[2024-10-12T10:23:57.203+0000] {taskinstance.py:2076} INFO - Dependencies all met for dep_context=requeueable deps ti=<TaskInstance: Taxi_trip_pipeline.extraction_layer.extract_green_date scheduled__2024-10-12T10:00:00+00:00 [queued]>
[2024-10-12T10:23:57.203+0000] {taskinstance.py:2306} INFO - Starting attempt 2 of 2
[2024-10-12T10:23:57.214+0000] {taskinstance.py:2330} INFO - Executing <Task(PythonOperator): extraction_layer.extract_green_date> on 2024-10-12 10:00:00+00:00
[2024-10-12T10:23:57.222+0000] {standard_task_runner.py:63} INFO - Started process 134 to run task
[2024-10-12T10:23:57.224+0000] {standard_task_runner.py:90} INFO - Running: ['***', 'tasks', 'run', 'Taxi_trip_pipeline', 'extraction_layer.extract_green_date', 'scheduled__2024-10-12T10:00:00+00:00', '--job-id', '11', '--raw', '--subdir', 'DAGS_FOLDER/taxi_trip.py', '--cfg-path', '/tmp/tmpyxu5ay2u']
[2024-10-12T10:23:57.226+0000] {standard_task_runner.py:91} INFO - Job 11: Subtask extraction_layer.extract_green_date
[2024-10-12T10:23:57.274+0000] {task_command.py:426} INFO - Running <TaskInstance: Taxi_trip_pipeline.extraction_layer.extract_green_date scheduled__2024-10-12T10:00:00+00:00 [running]> on host bcbc9bb54b17
[2024-10-12T10:23:57.357+0000] {taskinstance.py:2648} INFO - Exporting env vars: AIRFLOW_CTX_DAG_OWNER='Mahmoud' AIRFLOW_CTX_DAG_ID='Taxi_trip_pipeline' AIRFLOW_CTX_TASK_ID='extraction_layer.extract_green_date' AIRFLOW_CTX_EXECUTION_DATE='2024-10-12T10:00:00+00:00' AIRFLOW_CTX_TRY_NUMBER='2' AIRFLOW_CTX_DAG_RUN_ID='scheduled__2024-10-12T10:00:00+00:00'
[2024-10-12T10:23:57.358+0000] {taskinstance.py:430} INFO - ::endgroup::
[2024-10-12T10:23:57.370+0000] {taxi_trip.py:37} INFO - Data extraction for green trip started
[2024-10-12T10:23:57.377+0000] {db_utils.py:16} INFO - Connected to PostgreSQL database successfully
[2024-10-12T10:23:57.377+0000] {Process_data.py:17} INFO - Start transforming Green Trip data...
[2024-10-12T10:23:57.378+0000] {Process_data.py:29} INFO - Processing file green_tripdata_2024-04.parquet...
[2024-10-12T10:23:57.442+0000] {Process_data.py:29} INFO - Processing file green_tripdata_2024-01.parquet...
[2024-10-12T10:23:57.453+0000] {Process_data.py:29} INFO - Processing file green_tripdata_2024-03.parquet...
[2024-10-12T10:23:57.462+0000] {Process_data.py:29} INFO - Processing file green_tripdata_2024-02.parquet...
[2024-10-12T10:23:57.472+0000] {Process_data.py:29} INFO - Processing file green_tripdata_2024-05.parquet...
[2024-10-12T10:23:57.481+0000] {Process_data.py:29} INFO - Processing file green_tripdata_2024-06.parquet...
[2024-10-12T10:23:57.528+0000] {Process_data.py:38} INFO - Green trip dataframe with 339807 rows
[2024-10-12T10:23:57.529+0000] {taxi_trip.py:40} INFO - Data extraction for green trip done
[2024-10-12T10:23:59.063+0000] {taxi_trip.py:45} INFO - Pushed green trip data with 339807 rows to XCom
[2024-10-12T10:23:59.065+0000] {python.py:237} INFO - Done. Returned value was: None
[2024-10-12T10:23:59.065+0000] {taskinstance.py:441} INFO - ::group::Post task execution logs
[2024-10-12T10:23:59.077+0000] {taskinstance.py:1206} INFO - Marking task as SUCCESS. dag_id=Taxi_trip_pipeline, task_id=extraction_layer.extract_green_date, run_id=scheduled__2024-10-12T10:00:00+00:00, execution_date=20241012T100000, start_date=20241012T102357, end_date=20241012T102359
[2024-10-12T10:23:59.121+0000] {local_task_job_runner.py:240} INFO - Task exited with return code 0
[2024-10-12T10:23:59.158+0000] {taskinstance.py:3498} INFO - 1 downstream tasks scheduled from follow-on schedule check
[2024-10-12T10:23:59.160+0000] {local_task_job_runner.py:222} INFO - ::endgroup::
