[2024-10-12T10:15:01.240+0000] {local_task_job_runner.py:120} INFO - ::group::Pre task execution logs
[2024-10-12T10:15:01.267+0000] {taskinstance.py:2076} INFO - Dependencies all met for dep_context=non-requeueable deps ti=<TaskInstance: Taxi_trip_pipeline.extraction_layer.extract_green_date scheduled__2024-10-12T10:00:00+00:00 [queued]>
[2024-10-12T10:15:01.284+0000] {taskinstance.py:2076} INFO - Dependencies all met for dep_context=requeueable deps ti=<TaskInstance: Taxi_trip_pipeline.extraction_layer.extract_green_date scheduled__2024-10-12T10:00:00+00:00 [queued]>
[2024-10-12T10:15:01.284+0000] {taskinstance.py:2306} INFO - Starting attempt 1 of 1
[2024-10-12T10:15:01.296+0000] {taskinstance.py:2330} INFO - Executing <Task(PythonOperator): extraction_layer.extract_green_date> on 2024-10-12 10:00:00+00:00
[2024-10-12T10:15:01.303+0000] {standard_task_runner.py:63} INFO - Started process 648 to run task
[2024-10-12T10:15:01.306+0000] {standard_task_runner.py:90} INFO - Running: ['***', 'tasks', 'run', 'Taxi_trip_pipeline', 'extraction_layer.extract_green_date', 'scheduled__2024-10-12T10:00:00+00:00', '--job-id', '602', '--raw', '--subdir', 'DAGS_FOLDER/taxi_trip.py', '--cfg-path', '/tmp/tmpr3vm9kv4']
[2024-10-12T10:15:01.308+0000] {standard_task_runner.py:91} INFO - Job 602: Subtask extraction_layer.extract_green_date
[2024-10-12T10:15:01.357+0000] {task_command.py:426} INFO - Running <TaskInstance: Taxi_trip_pipeline.extraction_layer.extract_green_date scheduled__2024-10-12T10:00:00+00:00 [running]> on host cb13d84d2d77
[2024-10-12T10:15:01.454+0000] {taskinstance.py:2648} INFO - Exporting env vars: AIRFLOW_CTX_DAG_OWNER='Mahmoud' AIRFLOW_CTX_DAG_ID='Taxi_trip_pipeline' AIRFLOW_CTX_TASK_ID='extraction_layer.extract_green_date' AIRFLOW_CTX_EXECUTION_DATE='2024-10-12T10:00:00+00:00' AIRFLOW_CTX_TRY_NUMBER='1' AIRFLOW_CTX_DAG_RUN_ID='scheduled__2024-10-12T10:00:00+00:00'
[2024-10-12T10:15:01.456+0000] {taskinstance.py:430} INFO - ::endgroup::
[2024-10-12T10:15:01.470+0000] {taxi_trip.py:37} INFO - Data extraction for green trip started
[2024-10-12T10:15:01.477+0000] {db_utils.py:16} INFO - Connected to PostgreSQL database successfully
[2024-10-12T10:15:01.478+0000] {Process_data.py:17} INFO - Start transforming Green Trip data...
[2024-10-12T10:15:01.478+0000] {taxi_trip.py:40} INFO - Data extraction for green trip done
[2024-10-12T10:15:01.478+0000] {taxi_trip.py:47} WARNING - No data found for green trip
[2024-10-12T10:15:01.479+0000] {python.py:237} INFO - Done. Returned value was: None
[2024-10-12T10:15:01.479+0000] {taskinstance.py:441} INFO - ::group::Post task execution logs
[2024-10-12T10:15:01.493+0000] {taskinstance.py:1206} INFO - Marking task as SUCCESS. dag_id=Taxi_trip_pipeline, task_id=extraction_layer.extract_green_date, run_id=scheduled__2024-10-12T10:00:00+00:00, execution_date=20241012T100000, start_date=20241012T101501, end_date=20241012T101501
[2024-10-12T10:15:01.518+0000] {local_task_job_runner.py:240} INFO - Task exited with return code 0
[2024-10-12T10:15:01.559+0000] {taskinstance.py:3498} INFO - 1 downstream tasks scheduled from follow-on schedule check
[2024-10-12T10:15:01.560+0000] {local_task_job_runner.py:222} INFO - ::endgroup::
[2024-10-12T10:22:23.360+0000] {local_task_job_runner.py:120} INFO - ::group::Pre task execution logs
[2024-10-12T10:22:23.383+0000] {taskinstance.py:2076} INFO - Dependencies all met for dep_context=non-requeueable deps ti=<TaskInstance: Taxi_trip_pipeline.extraction_layer.extract_green_date scheduled__2024-10-12T10:00:00+00:00 [queued]>
[2024-10-12T10:22:23.393+0000] {taskinstance.py:2076} INFO - Dependencies all met for dep_context=requeueable deps ti=<TaskInstance: Taxi_trip_pipeline.extraction_layer.extract_green_date scheduled__2024-10-12T10:00:00+00:00 [queued]>
[2024-10-12T10:22:23.394+0000] {taskinstance.py:2306} INFO - Starting attempt 1 of 1
[2024-10-12T10:22:23.408+0000] {taskinstance.py:2330} INFO - Executing <Task(PythonOperator): extraction_layer.extract_green_date> on 2024-10-12 10:00:00+00:00
[2024-10-12T10:22:23.416+0000] {standard_task_runner.py:63} INFO - Started process 53 to run task
[2024-10-12T10:22:23.419+0000] {standard_task_runner.py:90} INFO - Running: ['***', 'tasks', 'run', 'Taxi_trip_pipeline', 'extraction_layer.extract_green_date', 'scheduled__2024-10-12T10:00:00+00:00', '--job-id', '3', '--raw', '--subdir', 'DAGS_FOLDER/taxi_trip.py', '--cfg-path', '/tmp/tmplm6h77a0']
[2024-10-12T10:22:23.422+0000] {standard_task_runner.py:91} INFO - Job 3: Subtask extraction_layer.extract_green_date
[2024-10-12T10:22:23.476+0000] {task_command.py:426} INFO - Running <TaskInstance: Taxi_trip_pipeline.extraction_layer.extract_green_date scheduled__2024-10-12T10:00:00+00:00 [running]> on host bcbc9bb54b17
[2024-10-12T10:22:23.582+0000] {taskinstance.py:2648} INFO - Exporting env vars: AIRFLOW_CTX_DAG_OWNER='Mahmoud' AIRFLOW_CTX_DAG_ID='Taxi_trip_pipeline' AIRFLOW_CTX_TASK_ID='extraction_layer.extract_green_date' AIRFLOW_CTX_EXECUTION_DATE='2024-10-12T10:00:00+00:00' AIRFLOW_CTX_TRY_NUMBER='1' AIRFLOW_CTX_DAG_RUN_ID='scheduled__2024-10-12T10:00:00+00:00'
[2024-10-12T10:22:23.583+0000] {taskinstance.py:430} INFO - ::endgroup::
[2024-10-12T10:22:23.599+0000] {taxi_trip.py:37} INFO - Data extraction for green trip started
[2024-10-12T10:22:23.601+0000] {db_utils.py:19} ERROR - Error while connecting to PostgreSQL: (psycopg2.OperationalError) connection to server at "172.20.0.3", port 5432 failed: Connection refused
	Is the server running on that host and accepting TCP/IP connections?

(Background on this error at: https://sqlalche.me/e/14/e3q8)
[2024-10-12T10:22:23.601+0000] {taxi_trip.py:49} ERROR - Error in green trip extraction
Traceback (most recent call last):
  File "/opt/airflow/dags/taxi_trip.py", line 39, in extract_green_date
    green_trip_df, processed_files,archive = process_green_trip(**db_credentials)
TypeError: cannot unpack non-iterable NoneType object
[2024-10-12T10:22:23.602+0000] {python.py:237} INFO - Done. Returned value was: None
[2024-10-12T10:22:23.602+0000] {taskinstance.py:441} INFO - ::group::Post task execution logs
[2024-10-12T10:22:23.613+0000] {taskinstance.py:1206} INFO - Marking task as SUCCESS. dag_id=Taxi_trip_pipeline, task_id=extraction_layer.extract_green_date, run_id=scheduled__2024-10-12T10:00:00+00:00, execution_date=20241012T100000, start_date=20241012T102223, end_date=20241012T102223
[2024-10-12T10:22:23.671+0000] {local_task_job_runner.py:240} INFO - Task exited with return code 0
[2024-10-12T10:22:23.683+0000] {local_task_job_runner.py:222} INFO - ::endgroup::
