[2024-10-01T16:15:05.363+0000] {local_task_job_runner.py:120} INFO - ::group::Pre task execution logs
[2024-10-01T16:15:05.386+0000] {taskinstance.py:2076} INFO - Dependencies all met for dep_context=non-requeueable deps ti=<TaskInstance: Taxi_trip_pipeline.dbt_transformation_layer.dbt_run_model_green_trip scheduled__2024-10-01T16:00:00+00:00 [queued]>
[2024-10-01T16:15:05.395+0000] {taskinstance.py:2076} INFO - Dependencies all met for dep_context=requeueable deps ti=<TaskInstance: Taxi_trip_pipeline.dbt_transformation_layer.dbt_run_model_green_trip scheduled__2024-10-01T16:00:00+00:00 [queued]>
[2024-10-01T16:15:05.396+0000] {taskinstance.py:2306} INFO - Starting attempt 1 of 1
[2024-10-01T16:15:05.407+0000] {taskinstance.py:2330} INFO - Executing <Task(BashOperator): dbt_transformation_layer.dbt_run_model_green_trip> on 2024-10-01 16:00:00+00:00
[2024-10-01T16:15:05.415+0000] {standard_task_runner.py:63} INFO - Started process 2717 to run task
[2024-10-01T16:15:05.418+0000] {standard_task_runner.py:90} INFO - Running: ['***', 'tasks', 'run', 'Taxi_trip_pipeline', 'dbt_transformation_layer.dbt_run_model_green_trip', 'scheduled__2024-10-01T16:00:00+00:00', '--job-id', '353', '--raw', '--subdir', 'DAGS_FOLDER/taxi_trip.py', '--cfg-path', '/tmp/tmpjb02yp8j']
[2024-10-01T16:15:05.420+0000] {standard_task_runner.py:91} INFO - Job 353: Subtask dbt_transformation_layer.dbt_run_model_green_trip
[2024-10-01T16:15:05.468+0000] {task_command.py:426} INFO - Running <TaskInstance: Taxi_trip_pipeline.dbt_transformation_layer.dbt_run_model_green_trip scheduled__2024-10-01T16:00:00+00:00 [running]> on host fcb0f9e87e2b
[2024-10-01T16:15:05.562+0000] {taskinstance.py:2648} INFO - Exporting env vars: AIRFLOW_CTX_DAG_OWNER='Mahmoud' AIRFLOW_CTX_DAG_ID='Taxi_trip_pipeline' AIRFLOW_CTX_TASK_ID='dbt_transformation_layer.dbt_run_model_green_trip' AIRFLOW_CTX_EXECUTION_DATE='2024-10-01T16:00:00+00:00' AIRFLOW_CTX_TRY_NUMBER='1' AIRFLOW_CTX_DAG_RUN_ID='scheduled__2024-10-01T16:00:00+00:00'
[2024-10-01T16:15:05.563+0000] {taskinstance.py:430} INFO - ::endgroup::
[2024-10-01T16:15:05.573+0000] {subprocess.py:63} INFO - Tmp dir root location: /tmp
[2024-10-01T16:15:05.574+0000] {subprocess.py:75} INFO - Running command: ['/usr/bin/bash', '-c', 'dbt run --profiles-dir /opt/***/DBT_Project  --project-dir /opt/***/dbt_trip --models green_trip']
[2024-10-01T16:15:05.589+0000] {subprocess.py:86} INFO - Output:
[2024-10-01T16:15:08.395+0000] {subprocess.py:93} INFO - [0m16:15:08  Running with dbt=1.8.0
[2024-10-01T16:15:08.712+0000] {subprocess.py:93} INFO - [0m16:15:08  Registered adapter: postgres=1.8.0
[2024-10-01T16:15:09.231+0000] {subprocess.py:93} INFO - [0m16:15:09  [[33mWARNING[0m]: Configuration paths exist in your dbt_project.yml file which do not apply to any resources.
[2024-10-01T16:15:09.232+0000] {subprocess.py:93} INFO - There are 2 unused configuration paths:
[2024-10-01T16:15:09.232+0000] {subprocess.py:93} INFO - - models.fact_trip.staging
[2024-10-01T16:15:09.232+0000] {subprocess.py:93} INFO - - models.fact_trip.Dimensions
[2024-10-01T16:15:09.490+0000] {subprocess.py:93} INFO - [0m16:15:09  Found 4 models, 6 data tests, 3 sources, 566 macros
[2024-10-01T16:15:09.494+0000] {subprocess.py:93} INFO - [0m16:15:09
[2024-10-01T16:15:09.640+0000] {subprocess.py:93} INFO - [0m16:15:09  Concurrency: 3 threads (target='dev')
[2024-10-01T16:15:09.641+0000] {subprocess.py:93} INFO - [0m16:15:09
[2024-10-01T16:15:09.652+0000] {subprocess.py:93} INFO - [0m16:15:09  1 of 1 START sql view model analysis.green_trip ................................ [RUN]
[2024-10-01T16:15:09.837+0000] {subprocess.py:93} INFO - [0m16:15:09  1 of 1 OK created sql view model analysis.green_trip ........................... [[32mCREATE VIEW[0m in 0.18s]
[2024-10-01T16:15:09.850+0000] {subprocess.py:93} INFO - [0m16:15:09
[2024-10-01T16:15:09.851+0000] {subprocess.py:93} INFO - [0m16:15:09  Finished running 1 view model in 0 hours 0 minutes and 0.36 seconds (0.36s).
[2024-10-01T16:15:09.903+0000] {subprocess.py:93} INFO - [0m16:15:09
[2024-10-01T16:15:09.904+0000] {subprocess.py:93} INFO - [0m16:15:09  [32mCompleted successfully[0m
[2024-10-01T16:15:09.905+0000] {subprocess.py:93} INFO - [0m16:15:09
[2024-10-01T16:15:09.905+0000] {subprocess.py:93} INFO - [0m16:15:09  Done. PASS=1 WARN=0 ERROR=0 SKIP=0 TOTAL=1
[2024-10-01T16:15:11.142+0000] {subprocess.py:97} INFO - Command exited with return code 0
[2024-10-01T16:15:11.143+0000] {taskinstance.py:441} INFO - ::group::Post task execution logs
[2024-10-01T16:15:11.170+0000] {taskinstance.py:1206} INFO - Marking task as SUCCESS. dag_id=Taxi_trip_pipeline, task_id=dbt_transformation_layer.dbt_run_model_green_trip, run_id=scheduled__2024-10-01T16:00:00+00:00, execution_date=20241001T160000, start_date=20241001T161505, end_date=20241001T161511
[2024-10-01T16:15:11.213+0000] {local_task_job_runner.py:240} INFO - Task exited with return code 0
[2024-10-01T16:15:11.244+0000] {taskinstance.py:3498} INFO - 0 downstream tasks scheduled from follow-on schedule check
[2024-10-01T16:15:11.245+0000] {local_task_job_runner.py:222} INFO - ::endgroup::
