[2024-10-01T16:00:05.051+0000] {local_task_job_runner.py:120} INFO - ::group::Pre task execution logs
[2024-10-01T16:00:05.077+0000] {taskinstance.py:2076} INFO - Dependencies all met for dep_context=non-requeueable deps ti=<TaskInstance: Taxi_trip_pipeline.dbt_transformation_layer.dbt_run_model_yellow_trip scheduled__2024-10-01T15:45:00+00:00 [queued]>
[2024-10-01T16:00:05.088+0000] {taskinstance.py:2076} INFO - Dependencies all met for dep_context=requeueable deps ti=<TaskInstance: Taxi_trip_pipeline.dbt_transformation_layer.dbt_run_model_yellow_trip scheduled__2024-10-01T15:45:00+00:00 [queued]>
[2024-10-01T16:00:05.089+0000] {taskinstance.py:2306} INFO - Starting attempt 1 of 1
[2024-10-01T16:00:05.107+0000] {taskinstance.py:2330} INFO - Executing <Task(BashOperator): dbt_transformation_layer.dbt_run_model_yellow_trip> on 2024-10-01 15:45:00+00:00
[2024-10-01T16:00:05.114+0000] {standard_task_runner.py:63} INFO - Started process 2646 to run task
[2024-10-01T16:00:05.118+0000] {standard_task_runner.py:90} INFO - Running: ['***', 'tasks', 'run', 'Taxi_trip_pipeline', 'dbt_transformation_layer.dbt_run_model_yellow_trip', 'scheduled__2024-10-01T15:45:00+00:00', '--job-id', '344', '--raw', '--subdir', 'DAGS_FOLDER/taxi_trip.py', '--cfg-path', '/tmp/tmptjigt3zh']
[2024-10-01T16:00:05.120+0000] {standard_task_runner.py:91} INFO - Job 344: Subtask dbt_transformation_layer.dbt_run_model_yellow_trip
[2024-10-01T16:00:05.171+0000] {task_command.py:426} INFO - Running <TaskInstance: Taxi_trip_pipeline.dbt_transformation_layer.dbt_run_model_yellow_trip scheduled__2024-10-01T15:45:00+00:00 [running]> on host fcb0f9e87e2b
[2024-10-01T16:00:05.274+0000] {taskinstance.py:2648} INFO - Exporting env vars: AIRFLOW_CTX_DAG_OWNER='Mahmoud' AIRFLOW_CTX_DAG_ID='Taxi_trip_pipeline' AIRFLOW_CTX_TASK_ID='dbt_transformation_layer.dbt_run_model_yellow_trip' AIRFLOW_CTX_EXECUTION_DATE='2024-10-01T15:45:00+00:00' AIRFLOW_CTX_TRY_NUMBER='1' AIRFLOW_CTX_DAG_RUN_ID='scheduled__2024-10-01T15:45:00+00:00'
[2024-10-01T16:00:05.276+0000] {taskinstance.py:430} INFO - ::endgroup::
[2024-10-01T16:00:05.292+0000] {subprocess.py:63} INFO - Tmp dir root location: /tmp
[2024-10-01T16:00:05.293+0000] {subprocess.py:75} INFO - Running command: ['/usr/bin/bash', '-c', 'dbt run --profiles-dir /opt/***/DBT_Project  --project-dir /opt/***/dbt_trip --models yellow_trip']
[2024-10-01T16:00:05.310+0000] {subprocess.py:86} INFO - Output:
[2024-10-01T16:00:07.978+0000] {subprocess.py:93} INFO - [0m16:00:07  Running with dbt=1.8.0
[2024-10-01T16:00:08.329+0000] {subprocess.py:93} INFO - [0m16:00:08  Registered adapter: postgres=1.8.0
[2024-10-01T16:00:08.821+0000] {subprocess.py:93} INFO - [0m16:00:08  [[33mWARNING[0m]: Configuration paths exist in your dbt_project.yml file which do not apply to any resources.
[2024-10-01T16:00:08.821+0000] {subprocess.py:93} INFO - There are 2 unused configuration paths:
[2024-10-01T16:00:08.822+0000] {subprocess.py:93} INFO - - models.fact_trip.staging
[2024-10-01T16:00:08.822+0000] {subprocess.py:93} INFO - - models.fact_trip.Dimensions
[2024-10-01T16:00:09.092+0000] {subprocess.py:93} INFO - [0m16:00:09  Found 4 models, 6 data tests, 3 sources, 566 macros
[2024-10-01T16:00:09.095+0000] {subprocess.py:93} INFO - [0m16:00:09
[2024-10-01T16:00:09.268+0000] {subprocess.py:93} INFO - [0m16:00:09  Concurrency: 3 threads (target='dev')
[2024-10-01T16:00:09.268+0000] {subprocess.py:93} INFO - [0m16:00:09
[2024-10-01T16:00:09.281+0000] {subprocess.py:93} INFO - [0m16:00:09  1 of 1 START sql view model analysis.yellow_trip ............................... [RUN]
[2024-10-01T16:00:09.497+0000] {subprocess.py:93} INFO - [0m16:00:09  1 of 1 OK created sql view model analysis.yellow_trip .......................... [[32mCREATE VIEW[0m in 0.21s]
[2024-10-01T16:00:09.512+0000] {subprocess.py:93} INFO - [0m16:00:09
[2024-10-01T16:00:09.512+0000] {subprocess.py:93} INFO - [0m16:00:09  Finished running 1 view model in 0 hours 0 minutes and 0.42 seconds (0.42s).
[2024-10-01T16:00:09.567+0000] {subprocess.py:93} INFO - [0m16:00:09
[2024-10-01T16:00:09.567+0000] {subprocess.py:93} INFO - [0m16:00:09  [32mCompleted successfully[0m
[2024-10-01T16:00:09.568+0000] {subprocess.py:93} INFO - [0m16:00:09
[2024-10-01T16:00:09.568+0000] {subprocess.py:93} INFO - [0m16:00:09  Done. PASS=1 WARN=0 ERROR=0 SKIP=0 TOTAL=1
[2024-10-01T16:00:10.689+0000] {subprocess.py:97} INFO - Command exited with return code 0
[2024-10-01T16:00:10.690+0000] {taskinstance.py:441} INFO - ::group::Post task execution logs
[2024-10-01T16:00:10.717+0000] {taskinstance.py:1206} INFO - Marking task as SUCCESS. dag_id=Taxi_trip_pipeline, task_id=dbt_transformation_layer.dbt_run_model_yellow_trip, run_id=scheduled__2024-10-01T15:45:00+00:00, execution_date=20241001T154500, start_date=20241001T160005, end_date=20241001T160010
[2024-10-01T16:00:10.740+0000] {local_task_job_runner.py:240} INFO - Task exited with return code 0
[2024-10-01T16:00:10.767+0000] {taskinstance.py:3498} INFO - 0 downstream tasks scheduled from follow-on schedule check
[2024-10-01T16:00:10.769+0000] {local_task_job_runner.py:222} INFO - ::endgroup::
