[2024-09-29T20:45:37.281+0000] {local_task_job_runner.py:120} INFO - ::group::Pre task execution logs
[2024-09-29T20:45:37.313+0000] {taskinstance.py:2076} INFO - Dependencies all met for dep_context=non-requeueable deps ti=<TaskInstance: Taxi_trip_pipeline.dbt_staging_layer.dbt_run_stg_yellow_tripdata manual__2024-09-29T20:45:28.356121+00:00 [queued]>
[2024-09-29T20:45:37.327+0000] {taskinstance.py:2076} INFO - Dependencies all met for dep_context=requeueable deps ti=<TaskInstance: Taxi_trip_pipeline.dbt_staging_layer.dbt_run_stg_yellow_tripdata manual__2024-09-29T20:45:28.356121+00:00 [queued]>
[2024-09-29T20:45:37.327+0000] {taskinstance.py:2306} INFO - Starting attempt 1 of 1
[2024-09-29T20:45:37.348+0000] {taskinstance.py:2330} INFO - Executing <Task(BashOperator): dbt_staging_layer.dbt_run_stg_yellow_tripdata> on 2024-09-29 20:45:28.356121+00:00
[2024-09-29T20:45:37.355+0000] {standard_task_runner.py:63} INFO - Started process 245 to run task
[2024-09-29T20:45:37.359+0000] {standard_task_runner.py:90} INFO - Running: ['***', 'tasks', 'run', 'Taxi_trip_pipeline', 'dbt_staging_layer.dbt_run_stg_yellow_tripdata', 'manual__2024-09-29T20:45:28.356121+00:00', '--job-id', '22', '--raw', '--subdir', 'DAGS_FOLDER/taxi_trip.py', '--cfg-path', '/tmp/tmpedn3t922']
[2024-09-29T20:45:37.361+0000] {standard_task_runner.py:91} INFO - Job 22: Subtask dbt_staging_layer.dbt_run_stg_yellow_tripdata
[2024-09-29T20:45:37.426+0000] {task_command.py:426} INFO - Running <TaskInstance: Taxi_trip_pipeline.dbt_staging_layer.dbt_run_stg_yellow_tripdata manual__2024-09-29T20:45:28.356121+00:00 [running]> on host c117e05af260
[2024-09-29T20:45:37.516+0000] {taskinstance.py:2648} INFO - Exporting env vars: AIRFLOW_CTX_DAG_OWNER='Mahmoud' AIRFLOW_CTX_DAG_ID='Taxi_trip_pipeline' AIRFLOW_CTX_TASK_ID='dbt_staging_layer.dbt_run_stg_yellow_tripdata' AIRFLOW_CTX_EXECUTION_DATE='2024-09-29T20:45:28.356121+00:00' AIRFLOW_CTX_TRY_NUMBER='1' AIRFLOW_CTX_DAG_RUN_ID='manual__2024-09-29T20:45:28.356121+00:00'
[2024-09-29T20:45:37.517+0000] {taskinstance.py:430} INFO - ::endgroup::
[2024-09-29T20:45:37.530+0000] {subprocess.py:63} INFO - Tmp dir root location: /tmp
[2024-09-29T20:45:37.531+0000] {subprocess.py:75} INFO - Running command: ['/usr/bin/bash', '-c', 'dbt run --profiles-dir ./DBT_Project --project-dir ./dbt_trip --models stg_yellow_tripdata']
[2024-09-29T20:45:37.545+0000] {subprocess.py:86} INFO - Output:
[2024-09-29T20:45:40.221+0000] {subprocess.py:93} INFO - Usage: dbt run [OPTIONS]
[2024-09-29T20:45:40.221+0000] {subprocess.py:93} INFO - Try 'dbt run -h' for help.
[2024-09-29T20:45:40.221+0000] {subprocess.py:93} INFO - 
[2024-09-29T20:45:40.222+0000] {subprocess.py:93} INFO - Error: Invalid value for '--profiles-dir': Path './DBT_Project' does not exist.
[2024-09-29T20:45:40.446+0000] {subprocess.py:97} INFO - Command exited with return code 2
[2024-09-29T20:45:40.447+0000] {taskinstance.py:441} INFO - ::group::Post task execution logs
[2024-09-29T20:45:40.457+0000] {taskinstance.py:2905} ERROR - Task failed with exception
Traceback (most recent call last):
  File "/home/airflow/.local/lib/python3.9/site-packages/airflow/models/taskinstance.py", line 465, in _execute_task
    result = _execute_callable(context=context, **execute_callable_kwargs)
  File "/home/airflow/.local/lib/python3.9/site-packages/airflow/models/taskinstance.py", line 432, in _execute_callable
    return execute_callable(context=context, **execute_callable_kwargs)
  File "/home/airflow/.local/lib/python3.9/site-packages/airflow/models/baseoperator.py", line 400, in wrapper
    return func(self, *args, **kwargs)
  File "/home/airflow/.local/lib/python3.9/site-packages/airflow/operators/bash.py", line 243, in execute
    raise AirflowException(
airflow.exceptions.AirflowException: Bash command failed. The command returned a non-zero exit code 2.
[2024-09-29T20:45:40.461+0000] {taskinstance.py:1206} INFO - Marking task as FAILED. dag_id=Taxi_trip_pipeline, task_id=dbt_staging_layer.dbt_run_stg_yellow_tripdata, run_id=manual__2024-09-29T20:45:28.356121+00:00, execution_date=20240929T204528, start_date=20240929T204537, end_date=20240929T204540
[2024-09-29T20:45:40.473+0000] {standard_task_runner.py:110} ERROR - Failed to execute job 22 for task dbt_staging_layer.dbt_run_stg_yellow_tripdata (Bash command failed. The command returned a non-zero exit code 2.; 245)
[2024-09-29T20:45:40.499+0000] {local_task_job_runner.py:240} INFO - Task exited with return code 1
[2024-09-29T20:45:40.517+0000] {taskinstance.py:3498} INFO - 0 downstream tasks scheduled from follow-on schedule check
[2024-09-29T20:45:40.518+0000] {local_task_job_runner.py:222} INFO - ::endgroup::
