[2024-10-12T13:14:19.019+0000] {local_task_job_runner.py:120} INFO - ::group::Pre task execution logs
[2024-10-12T13:14:19.059+0000] {taskinstance.py:2076} INFO - Dependencies all met for dep_context=non-requeueable deps ti=<TaskInstance: Taxi_trip_pipeline.dbt_transformation_layer.dbt_run_model_zone_lookup scheduled__2024-10-12T12:45:00+00:00 [queued]>
[2024-10-12T13:14:19.074+0000] {taskinstance.py:2076} INFO - Dependencies all met for dep_context=requeueable deps ti=<TaskInstance: Taxi_trip_pipeline.dbt_transformation_layer.dbt_run_model_zone_lookup scheduled__2024-10-12T12:45:00+00:00 [queued]>
[2024-10-12T13:14:19.075+0000] {taskinstance.py:2306} INFO - Starting attempt 1 of 1
[2024-10-12T13:14:19.098+0000] {taskinstance.py:2330} INFO - Executing <Task(BashOperator): dbt_transformation_layer.dbt_run_model_zone_lookup> on 2024-10-12 12:45:00+00:00
[2024-10-12T13:14:19.107+0000] {standard_task_runner.py:63} INFO - Started process 353 to run task
[2024-10-12T13:14:19.115+0000] {standard_task_runner.py:90} INFO - Running: ['***', 'tasks', 'run', 'Taxi_trip_pipeline', 'dbt_transformation_layer.dbt_run_model_zone_lookup', 'scheduled__2024-10-12T12:45:00+00:00', '--job-id', '35', '--raw', '--subdir', 'DAGS_FOLDER/taxi_trip.py', '--cfg-path', '/tmp/tmpz2wakl3l']
[2024-10-12T13:14:19.120+0000] {standard_task_runner.py:91} INFO - Job 35: Subtask dbt_transformation_layer.dbt_run_model_zone_lookup
[2024-10-12T13:14:19.198+0000] {task_command.py:426} INFO - Running <TaskInstance: Taxi_trip_pipeline.dbt_transformation_layer.dbt_run_model_zone_lookup scheduled__2024-10-12T12:45:00+00:00 [running]> on host ebdcf85807fc
[2024-10-12T13:14:19.332+0000] {taskinstance.py:2648} INFO - Exporting env vars: AIRFLOW_CTX_DAG_OWNER='Mahmoud' AIRFLOW_CTX_DAG_ID='Taxi_trip_pipeline' AIRFLOW_CTX_TASK_ID='dbt_transformation_layer.dbt_run_model_zone_lookup' AIRFLOW_CTX_EXECUTION_DATE='2024-10-12T12:45:00+00:00' AIRFLOW_CTX_TRY_NUMBER='1' AIRFLOW_CTX_DAG_RUN_ID='scheduled__2024-10-12T12:45:00+00:00'
[2024-10-12T13:14:19.333+0000] {taskinstance.py:430} INFO - ::endgroup::
[2024-10-12T13:14:19.354+0000] {subprocess.py:63} INFO - Tmp dir root location: /tmp
[2024-10-12T13:14:19.355+0000] {subprocess.py:75} INFO - Running command: ['/usr/bin/bash', '-c', 'dbt run --profiles-dir /opt/***/DBT_Project  --project-dir /opt/***/dbt_trip --models zone_lookup']
[2024-10-12T13:14:19.379+0000] {subprocess.py:86} INFO - Output:
[2024-10-12T13:14:23.254+0000] {subprocess.py:93} INFO - [0m13:14:23  Running with dbt=1.8.0
[2024-10-12T13:14:23.929+0000] {subprocess.py:93} INFO - [0m13:14:23  Registered adapter: postgres=1.8.0
[2024-10-12T13:14:24.429+0000] {subprocess.py:93} INFO - [0m13:14:24  [[33mWARNING[0m]: Configuration paths exist in your dbt_project.yml file which do not apply to any resources.
[2024-10-12T13:14:24.430+0000] {subprocess.py:93} INFO - There are 2 unused configuration paths:
[2024-10-12T13:14:24.430+0000] {subprocess.py:93} INFO - - models.fact_trip.staging
[2024-10-12T13:14:24.430+0000] {subprocess.py:93} INFO - - models.fact_trip.Dimensions
[2024-10-12T13:14:25.040+0000] {subprocess.py:93} INFO - [0m13:14:25  Found 4 models, 6 data tests, 3 sources, 566 macros
[2024-10-12T13:14:25.044+0000] {subprocess.py:93} INFO - [0m13:14:25
[2024-10-12T13:14:25.192+0000] {subprocess.py:93} INFO - [0m13:14:25  Concurrency: 3 threads (target='dev')
[2024-10-12T13:14:25.193+0000] {subprocess.py:93} INFO - [0m13:14:25
[2024-10-12T13:14:25.198+0000] {subprocess.py:93} INFO - [0m13:14:25  1 of 1 START sql view model analysis.zone_lookup ............................... [RUN]
[2024-10-12T13:14:27.618+0000] {subprocess.py:93} INFO - [0m13:14:27  1 of 1 OK created sql view model analysis.zone_lookup .......................... [[32mCREATE VIEW[0m in 2.42s]
[2024-10-12T13:14:27.633+0000] {subprocess.py:93} INFO - [0m13:14:27
[2024-10-12T13:14:27.634+0000] {subprocess.py:93} INFO - [0m13:14:27  Finished running 1 view model in 0 hours 0 minutes and 2.59 seconds (2.59s).
[2024-10-12T13:14:28.074+0000] {subprocess.py:93} INFO - [0m13:14:28
[2024-10-12T13:14:28.074+0000] {subprocess.py:93} INFO - [0m13:14:28  [32mCompleted successfully[0m
[2024-10-12T13:14:28.075+0000] {subprocess.py:93} INFO - [0m13:14:28
[2024-10-12T13:14:28.076+0000] {subprocess.py:93} INFO - [0m13:14:28  Done. PASS=1 WARN=0 ERROR=0 SKIP=0 TOTAL=1
[2024-10-12T13:14:29.753+0000] {subprocess.py:97} INFO - Command exited with return code 0
[2024-10-12T13:14:29.754+0000] {taskinstance.py:441} INFO - ::group::Post task execution logs
[2024-10-12T13:14:29.780+0000] {taskinstance.py:1206} INFO - Marking task as SUCCESS. dag_id=Taxi_trip_pipeline, task_id=dbt_transformation_layer.dbt_run_model_zone_lookup, run_id=scheduled__2024-10-12T12:45:00+00:00, execution_date=20241012T124500, start_date=20241012T131419, end_date=20241012T131429
[2024-10-12T13:14:29.839+0000] {local_task_job_runner.py:240} INFO - Task exited with return code 0
[2024-10-12T13:14:29.874+0000] {taskinstance.py:3498} INFO - 0 downstream tasks scheduled from follow-on schedule check
[2024-10-12T13:14:29.876+0000] {local_task_job_runner.py:222} INFO - ::endgroup::
