[2024-10-12T12:26:41.622+0000] {local_task_job_runner.py:120} INFO - ::group::Pre task execution logs
[2024-10-12T12:26:41.645+0000] {taskinstance.py:2076} INFO - Dependencies all met for dep_context=non-requeueable deps ti=<TaskInstance: Taxi_trip_pipeline.load_layer.load_green_trip manual__2024-10-12T12:26:35.793984+00:00 [queued]>
[2024-10-12T12:26:41.655+0000] {taskinstance.py:2076} INFO - Dependencies all met for dep_context=requeueable deps ti=<TaskInstance: Taxi_trip_pipeline.load_layer.load_green_trip manual__2024-10-12T12:26:35.793984+00:00 [queued]>
[2024-10-12T12:26:41.655+0000] {taskinstance.py:2306} INFO - Starting attempt 1 of 1
[2024-10-12T12:26:41.671+0000] {taskinstance.py:2330} INFO - Executing <Task(PythonOperator): load_layer.load_green_trip> on 2024-10-12 12:26:35.793984+00:00
[2024-10-12T12:26:41.680+0000] {standard_task_runner.py:63} INFO - Started process 77 to run task
[2024-10-12T12:26:41.684+0000] {standard_task_runner.py:90} INFO - Running: ['***', 'tasks', 'run', 'Taxi_trip_pipeline', 'load_layer.load_green_trip', 'manual__2024-10-12T12:26:35.793984+00:00', '--job-id', '56', '--raw', '--subdir', 'DAGS_FOLDER/taxi_trip.py', '--cfg-path', '/tmp/tmpr3scwwka']
[2024-10-12T12:26:41.686+0000] {standard_task_runner.py:91} INFO - Job 56: Subtask load_layer.load_green_trip
[2024-10-12T12:26:41.738+0000] {task_command.py:426} INFO - Running <TaskInstance: Taxi_trip_pipeline.load_layer.load_green_trip manual__2024-10-12T12:26:35.793984+00:00 [running]> on host 2e13a8282432
[2024-10-12T12:26:41.824+0000] {taskinstance.py:2648} INFO - Exporting env vars: AIRFLOW_CTX_DAG_OWNER='Mahmoud' AIRFLOW_CTX_DAG_ID='Taxi_trip_pipeline' AIRFLOW_CTX_TASK_ID='load_layer.load_green_trip' AIRFLOW_CTX_EXECUTION_DATE='2024-10-12T12:26:35.793984+00:00' AIRFLOW_CTX_TRY_NUMBER='1' AIRFLOW_CTX_DAG_RUN_ID='manual__2024-10-12T12:26:35.793984+00:00'
[2024-10-12T12:26:41.825+0000] {taskinstance.py:430} INFO - ::endgroup::
[2024-10-12T12:26:42.173+0000] {taxi_trip.py:72} INFO - Loading green trip data started with 339807 rows
[2024-10-12T12:26:42.173+0000] {Load_data.py:11} INFO - Loading green trip data...
[2024-10-12T12:26:42.174+0000] {Load_data.py:12} INFO - green trip with 339807rows
[2024-10-12T12:26:42.372+0000] {db_utils.py:31} INFO - Loading data into table green_trip...
[2024-10-12T12:26:42.378+0000] {db_utils.py:16} INFO - Connected to PostgreSQL database successfully
[2024-10-12T12:27:12.432+0000] {db_utils.py:38} INFO - Data loaded successfully into table green_trip with 339807 rows
[2024-10-12T12:27:12.433+0000] {db_utils.py:25} INFO - PostgreSQL connection is closed
[2024-10-12T12:27:12.433+0000] {db_utils.py:28} INFO - SQLAlchemy engine disposed
[2024-10-12T12:27:12.433+0000] {Load_data.py:39} INFO - Green trip data loaded successfully
[2024-10-12T12:27:12.435+0000] {taxi_trip.py:74} INFO - Loading green trip data done
[2024-10-12T12:27:12.436+0000] {python.py:237} INFO - Done. Returned value was: None
[2024-10-12T12:27:12.436+0000] {taskinstance.py:441} INFO - ::group::Post task execution logs
[2024-10-12T12:27:12.445+0000] {taskinstance.py:1206} INFO - Marking task as SUCCESS. dag_id=Taxi_trip_pipeline, task_id=load_layer.load_green_trip, run_id=manual__2024-10-12T12:26:35.793984+00:00, execution_date=20241012T122635, start_date=20241012T122641, end_date=20241012T122712
[2024-10-12T12:27:12.525+0000] {local_task_job_runner.py:240} INFO - Task exited with return code 0
[2024-10-12T12:27:12.555+0000] {taskinstance.py:3498} INFO - 1 downstream tasks scheduled from follow-on schedule check
[2024-10-12T12:27:12.557+0000] {local_task_job_runner.py:222} INFO - ::endgroup::
