[2024-10-01T15:28:33.075+0000] {local_task_job_runner.py:120} INFO - ::group::Pre task execution logs
[2024-10-01T15:28:33.096+0000] {taskinstance.py:2076} INFO - Dependencies all met for dep_context=non-requeueable deps ti=<TaskInstance: Taxi_trip_pipeline.dbt_run_model_fact_trip manual__2024-10-01T15:22:29.579715+00:00 [queued]>
[2024-10-01T15:28:33.103+0000] {taskinstance.py:2076} INFO - Dependencies all met for dep_context=requeueable deps ti=<TaskInstance: Taxi_trip_pipeline.dbt_run_model_fact_trip manual__2024-10-01T15:22:29.579715+00:00 [queued]>
[2024-10-01T15:28:33.104+0000] {taskinstance.py:2306} INFO - Starting attempt 1 of 1
[2024-10-01T15:28:33.116+0000] {taskinstance.py:2330} INFO - Executing <Task(BashOperator): dbt_run_model_fact_trip> on 2024-10-01 15:22:29.579715+00:00
[2024-10-01T15:28:33.123+0000] {standard_task_runner.py:63} INFO - Started process 2281 to run task
[2024-10-01T15:28:33.126+0000] {standard_task_runner.py:90} INFO - Running: ['***', 'tasks', 'run', 'Taxi_trip_pipeline', 'dbt_run_model_fact_trip', 'manual__2024-10-01T15:22:29.579715+00:00', '--job-id', '303', '--raw', '--subdir', 'DAGS_FOLDER/taxi_trip.py', '--cfg-path', '/tmp/tmp_knhs_jb']
[2024-10-01T15:28:33.128+0000] {standard_task_runner.py:91} INFO - Job 303: Subtask dbt_run_model_fact_trip
[2024-10-01T15:28:33.169+0000] {task_command.py:426} INFO - Running <TaskInstance: Taxi_trip_pipeline.dbt_run_model_fact_trip manual__2024-10-01T15:22:29.579715+00:00 [running]> on host fcb0f9e87e2b
[2024-10-01T15:28:33.253+0000] {taskinstance.py:2648} INFO - Exporting env vars: AIRFLOW_CTX_DAG_OWNER='Mahmoud' AIRFLOW_CTX_DAG_ID='Taxi_trip_pipeline' AIRFLOW_CTX_TASK_ID='dbt_run_model_fact_trip' AIRFLOW_CTX_EXECUTION_DATE='2024-10-01T15:22:29.579715+00:00' AIRFLOW_CTX_TRY_NUMBER='1' AIRFLOW_CTX_DAG_RUN_ID='manual__2024-10-01T15:22:29.579715+00:00'
[2024-10-01T15:28:33.254+0000] {taskinstance.py:430} INFO - ::endgroup::
[2024-10-01T15:28:33.265+0000] {subprocess.py:63} INFO - Tmp dir root location: /tmp
[2024-10-01T15:28:33.266+0000] {subprocess.py:75} INFO - Running command: ['/usr/bin/bash', '-c', 'dbt run --profiles-dir /opt/***/DBT_Project  --project-dir /opt/***/dbt_trip --models Fact_trips']
[2024-10-01T15:28:33.280+0000] {subprocess.py:86} INFO - Output:
[2024-10-01T15:28:35.748+0000] {subprocess.py:93} INFO - [0m15:28:35  Running with dbt=1.8.0
[2024-10-01T15:28:36.051+0000] {subprocess.py:93} INFO - [0m15:28:36  Registered adapter: postgres=1.8.0
[2024-10-01T15:28:36.377+0000] {subprocess.py:93} INFO - [0m15:28:36  [[33mWARNING[0m]: Configuration paths exist in your dbt_project.yml file which do not apply to any resources.
[2024-10-01T15:28:36.377+0000] {subprocess.py:93} INFO - There are 2 unused configuration paths:
[2024-10-01T15:28:36.378+0000] {subprocess.py:93} INFO - - models.fact_trip.staging
[2024-10-01T15:28:36.378+0000] {subprocess.py:93} INFO - - models.fact_trip.Dimensions
[2024-10-01T15:28:36.607+0000] {subprocess.py:93} INFO - [0m15:28:36  Found 4 models, 6 data tests, 3 sources, 566 macros
[2024-10-01T15:28:36.612+0000] {subprocess.py:93} INFO - [0m15:28:36
[2024-10-01T15:28:36.743+0000] {subprocess.py:93} INFO - [0m15:28:36  Concurrency: 3 threads (target='dev')
[2024-10-01T15:28:36.744+0000] {subprocess.py:93} INFO - [0m15:28:36
[2024-10-01T15:28:36.753+0000] {subprocess.py:93} INFO - [0m15:28:36  1 of 1 START sql view model analysis.Fact_trips ................................ [RUN]
[2024-10-01T15:28:36.885+0000] {subprocess.py:93} INFO - [0m15:28:36  1 of 1 OK created sql view model analysis.Fact_trips ........................... [[32mCREATE VIEW[0m in 0.13s]
[2024-10-01T15:28:36.897+0000] {subprocess.py:93} INFO - [0m15:28:36
[2024-10-01T15:28:36.898+0000] {subprocess.py:93} INFO - [0m15:28:36  Finished running 1 view model in 0 hours 0 minutes and 0.28 seconds (0.28s).
[2024-10-01T15:28:36.946+0000] {subprocess.py:93} INFO - [0m15:28:36
[2024-10-01T15:28:36.946+0000] {subprocess.py:93} INFO - [0m15:28:36  [32mCompleted successfully[0m
[2024-10-01T15:28:36.947+0000] {subprocess.py:93} INFO - [0m15:28:36
[2024-10-01T15:28:36.948+0000] {subprocess.py:93} INFO - [0m15:28:36  Done. PASS=1 WARN=0 ERROR=0 SKIP=0 TOTAL=1
[2024-10-01T15:28:37.901+0000] {subprocess.py:97} INFO - Command exited with return code 0
[2024-10-01T15:28:37.902+0000] {taskinstance.py:441} INFO - ::group::Post task execution logs
[2024-10-01T15:28:37.926+0000] {taskinstance.py:1206} INFO - Marking task as SUCCESS. dag_id=Taxi_trip_pipeline, task_id=dbt_run_model_fact_trip, run_id=manual__2024-10-01T15:22:29.579715+00:00, execution_date=20241001T152229, start_date=20241001T152833, end_date=20241001T152837
[2024-10-01T15:28:37.951+0000] {local_task_job_runner.py:240} INFO - Task exited with return code 0
[2024-10-01T15:28:37.973+0000] {taskinstance.py:3498} INFO - 0 downstream tasks scheduled from follow-on schedule check
[2024-10-01T15:28:37.974+0000] {local_task_job_runner.py:222} INFO - ::endgroup::
