[2024-10-12T08:45:08.069+0000] {local_task_job_runner.py:120} INFO - ::group::Pre task execution logs
[2024-10-12T08:45:08.118+0000] {taskinstance.py:2076} INFO - Dependencies all met for dep_context=non-requeueable deps ti=<TaskInstance: Taxi_trip_pipeline.move_files_to_archive scheduled__2024-10-12T08:30:00+00:00 [queued]>
[2024-10-12T08:45:08.135+0000] {taskinstance.py:2076} INFO - Dependencies all met for dep_context=requeueable deps ti=<TaskInstance: Taxi_trip_pipeline.move_files_to_archive scheduled__2024-10-12T08:30:00+00:00 [queued]>
[2024-10-12T08:45:08.136+0000] {taskinstance.py:2306} INFO - Starting attempt 1 of 1
[2024-10-12T08:45:08.158+0000] {taskinstance.py:2330} INFO - Executing <Task(PythonOperator): move_files_to_archive> on 2024-10-12 08:30:00+00:00
[2024-10-12T08:45:08.168+0000] {standard_task_runner.py:63} INFO - Started process 478 to run task
[2024-10-12T08:45:08.170+0000] {standard_task_runner.py:90} INFO - Running: ['***', 'tasks', 'run', 'Taxi_trip_pipeline', 'move_files_to_archive', 'scheduled__2024-10-12T08:30:00+00:00', '--job-id', '508', '--raw', '--subdir', 'DAGS_FOLDER/taxi_trip.py', '--cfg-path', '/tmp/tmp7k8payrn']
[2024-10-12T08:45:08.173+0000] {standard_task_runner.py:91} INFO - Job 508: Subtask move_files_to_archive
[2024-10-12T08:45:08.224+0000] {task_command.py:426} INFO - Running <TaskInstance: Taxi_trip_pipeline.move_files_to_archive scheduled__2024-10-12T08:30:00+00:00 [running]> on host fd913b953c2b
[2024-10-12T08:45:08.348+0000] {taskinstance.py:2648} INFO - Exporting env vars: AIRFLOW_CTX_DAG_OWNER='Mahmoud' AIRFLOW_CTX_DAG_ID='Taxi_trip_pipeline' AIRFLOW_CTX_TASK_ID='move_files_to_archive' AIRFLOW_CTX_EXECUTION_DATE='2024-10-12T08:30:00+00:00' AIRFLOW_CTX_TRY_NUMBER='1' AIRFLOW_CTX_DAG_RUN_ID='scheduled__2024-10-12T08:30:00+00:00'
[2024-10-12T08:45:08.349+0000] {taskinstance.py:430} INFO - ::endgroup::
[2024-10-12T08:45:08.389+0000] {taxi_trip.py:128} ERROR - Error in archiving files
Traceback (most recent call last):
  File "/opt/airflow/dags/taxi_trip.py", line 120, in archiving
    archive_files = archive_green + archive_yellow
TypeError: unsupported operand type(s) for +: 'NoneType' and 'NoneType'
[2024-10-12T08:45:08.390+0000] {python.py:237} INFO - Done. Returned value was: None
[2024-10-12T08:45:08.390+0000] {taskinstance.py:441} INFO - ::group::Post task execution logs
[2024-10-12T08:45:08.416+0000] {taskinstance.py:1206} INFO - Marking task as SUCCESS. dag_id=Taxi_trip_pipeline, task_id=move_files_to_archive, run_id=scheduled__2024-10-12T08:30:00+00:00, execution_date=20241012T083000, start_date=20241012T084508, end_date=20241012T084508
[2024-10-12T08:45:08.464+0000] {local_task_job_runner.py:240} INFO - Task exited with return code 0
[2024-10-12T08:45:08.525+0000] {taskinstance.py:3498} INFO - 3 downstream tasks scheduled from follow-on schedule check
[2024-10-12T08:45:08.528+0000] {local_task_job_runner.py:222} INFO - ::endgroup::
