[2024-09-20T17:12:43.905+0000] {local_task_job_runner.py:120} INFO - ::group::Pre task execution logs
[2024-09-20T17:12:43.928+0000] {taskinstance.py:2076} INFO - Dependencies all met for dep_context=non-requeueable deps ti=<TaskInstance: NYC_Taxi_pipeline.dbt_run manual__2024-09-20T17:04:24.714893+00:00 [queued]>
[2024-09-20T17:12:43.936+0000] {taskinstance.py:2076} INFO - Dependencies all met for dep_context=requeueable deps ti=<TaskInstance: NYC_Taxi_pipeline.dbt_run manual__2024-09-20T17:04:24.714893+00:00 [queued]>
[2024-09-20T17:12:43.936+0000] {taskinstance.py:2306} INFO - Starting attempt 3 of 3
[2024-09-20T17:12:43.947+0000] {taskinstance.py:2330} INFO - Executing <Task(BashOperator): dbt_run> on 2024-09-20 17:04:24.714893+00:00
[2024-09-20T17:12:43.954+0000] {standard_task_runner.py:63} INFO - Started process 70 to run task
[2024-09-20T17:12:43.957+0000] {standard_task_runner.py:90} INFO - Running: ['***', 'tasks', 'run', 'NYC_Taxi_pipeline', 'dbt_run', 'manual__2024-09-20T17:04:24.714893+00:00', '--job-id', '12', '--raw', '--subdir', 'DAGS_FOLDER/NYC_Taxi_pipeline.py', '--cfg-path', '/tmp/tmpg5of5nww']
[2024-09-20T17:12:43.960+0000] {standard_task_runner.py:91} INFO - Job 12: Subtask dbt_run
[2024-09-20T17:12:44.000+0000] {task_command.py:426} INFO - Running <TaskInstance: NYC_Taxi_pipeline.dbt_run manual__2024-09-20T17:04:24.714893+00:00 [running]> on host ebfded8325af
[2024-09-20T17:12:44.070+0000] {taskinstance.py:2648} INFO - Exporting env vars: AIRFLOW_CTX_DAG_OWNER='Mahmoud' AIRFLOW_CTX_DAG_ID='NYC_Taxi_pipeline' AIRFLOW_CTX_TASK_ID='dbt_run' AIRFLOW_CTX_EXECUTION_DATE='2024-09-20T17:04:24.714893+00:00' AIRFLOW_CTX_TRY_NUMBER='3' AIRFLOW_CTX_DAG_RUN_ID='manual__2024-09-20T17:04:24.714893+00:00'
[2024-09-20T17:12:44.071+0000] {taskinstance.py:430} INFO - ::endgroup::
[2024-09-20T17:12:44.082+0000] {subprocess.py:63} INFO - Tmp dir root location: /tmp
[2024-09-20T17:12:44.082+0000] {subprocess.py:75} INFO - Running command: ['/bin/bash', '-c', 'dbt run --profiles-dir /opt/***/DBT_Project --project-dir /opt/***/dbt_trip']
[2024-09-20T17:12:44.096+0000] {subprocess.py:86} INFO - Output:
[2024-09-20T17:12:46.474+0000] {subprocess.py:93} INFO - [0m17:12:46  Running with dbt=1.8.6
[2024-09-20T17:12:46.767+0000] {subprocess.py:93} INFO - [0m17:12:46  Registered adapter: postgres=1.8.2
[2024-09-20T17:12:46.927+0000] {subprocess.py:93} INFO - [0m17:12:46  Unable to do partial parsing because of a version mismatch
[2024-09-20T17:12:48.486+0000] {subprocess.py:93} INFO - [0m17:12:48  Encountered an error:
[2024-09-20T17:12:48.486+0000] {subprocess.py:93} INFO - [Errno 13] Permission denied: '/opt/***/dbt_trip/target/partial_parse.msgpack'
[2024-09-20T17:12:48.487+0000] {subprocess.py:93} INFO - [0m17:12:48  Traceback (most recent call last):
[2024-09-20T17:12:48.487+0000] {subprocess.py:93} INFO -   File "/home/***/.local/lib/python3.9/site-packages/dbt/cli/requires.py", line 138, in wrapper
[2024-09-20T17:12:48.487+0000] {subprocess.py:93} INFO -     result, success = func(*args, **kwargs)
[2024-09-20T17:12:48.487+0000] {subprocess.py:93} INFO -   File "/home/***/.local/lib/python3.9/site-packages/dbt/cli/requires.py", line 101, in wrapper
[2024-09-20T17:12:48.488+0000] {subprocess.py:93} INFO -     return func(*args, **kwargs)
[2024-09-20T17:12:48.488+0000] {subprocess.py:93} INFO -   File "/home/***/.local/lib/python3.9/site-packages/dbt/cli/requires.py", line 218, in wrapper
[2024-09-20T17:12:48.488+0000] {subprocess.py:93} INFO -     return func(*args, **kwargs)
[2024-09-20T17:12:48.488+0000] {subprocess.py:93} INFO -   File "/home/***/.local/lib/python3.9/site-packages/dbt/cli/requires.py", line 247, in wrapper
[2024-09-20T17:12:48.488+0000] {subprocess.py:93} INFO -     return func(*args, **kwargs)
[2024-09-20T17:12:48.488+0000] {subprocess.py:93} INFO -   File "/home/***/.local/lib/python3.9/site-packages/dbt/cli/requires.py", line 294, in wrapper
[2024-09-20T17:12:48.488+0000] {subprocess.py:93} INFO -     return func(*args, **kwargs)
[2024-09-20T17:12:48.489+0000] {subprocess.py:93} INFO -   File "/home/***/.local/lib/python3.9/site-packages/dbt/cli/requires.py", line 320, in wrapper
[2024-09-20T17:12:48.489+0000] {subprocess.py:93} INFO -     ctx.obj["manifest"] = parse_manifest(
[2024-09-20T17:12:48.489+0000] {subprocess.py:93} INFO -   File "/home/***/.local/lib/python3.9/site-packages/dbt/parser/manifest.py", line 1898, in parse_manifest
[2024-09-20T17:12:48.489+0000] {subprocess.py:93} INFO -     manifest = ManifestLoader.get_full_manifest(
[2024-09-20T17:12:48.489+0000] {subprocess.py:93} INFO -   File "/home/***/.local/lib/python3.9/site-packages/dbt/parser/manifest.py", line 330, in get_full_manifest
[2024-09-20T17:12:48.489+0000] {subprocess.py:93} INFO -     manifest = loader.load()
[2024-09-20T17:12:48.489+0000] {subprocess.py:93} INFO -   File "/home/***/.local/lib/python3.9/site-packages/dbt/parser/manifest.py", line 525, in load
[2024-09-20T17:12:48.489+0000] {subprocess.py:93} INFO -     self.write_manifest_for_partial_parse()
[2024-09-20T17:12:48.489+0000] {subprocess.py:93} INFO -   File "/home/***/.local/lib/python3.9/site-packages/dbt/parser/manifest.py", line 813, in write_manifest_for_partial_parse
[2024-09-20T17:12:48.490+0000] {subprocess.py:93} INFO -     with open(path, "wb") as fp:
[2024-09-20T17:12:48.490+0000] {subprocess.py:93} INFO - PermissionError: [Errno 13] Permission denied: '/opt/***/dbt_trip/target/partial_parse.msgpack'
[2024-09-20T17:12:48.490+0000] {subprocess.py:93} INFO - 
[2024-09-20T17:12:54.546+0000] {subprocess.py:97} INFO - Command exited with return code 2
[2024-09-20T17:12:54.546+0000] {taskinstance.py:441} INFO - ::group::Post task execution logs
[2024-09-20T17:12:54.557+0000] {taskinstance.py:2905} ERROR - Task failed with exception
Traceback (most recent call last):
  File "/home/airflow/.local/lib/python3.9/site-packages/airflow/models/taskinstance.py", line 465, in _execute_task
    result = _execute_callable(context=context, **execute_callable_kwargs)
  File "/home/airflow/.local/lib/python3.9/site-packages/airflow/models/taskinstance.py", line 432, in _execute_callable
    return execute_callable(context=context, **execute_callable_kwargs)
  File "/home/airflow/.local/lib/python3.9/site-packages/airflow/models/baseoperator.py", line 400, in wrapper
    return func(self, *args, **kwargs)
  File "/home/airflow/.local/lib/python3.9/site-packages/airflow/operators/bash.py", line 243, in execute
    raise AirflowException(
airflow.exceptions.AirflowException: Bash command failed. The command returned a non-zero exit code 2.
[2024-09-20T17:12:54.560+0000] {taskinstance.py:1206} INFO - Marking task as FAILED. dag_id=NYC_Taxi_pipeline, task_id=dbt_run, run_id=manual__2024-09-20T17:04:24.714893+00:00, execution_date=20240920T170424, start_date=20240920T171243, end_date=20240920T171254
[2024-09-20T17:12:54.573+0000] {standard_task_runner.py:110} ERROR - Failed to execute job 12 for task dbt_run (Bash command failed. The command returned a non-zero exit code 2.; 70)
[2024-09-20T17:12:54.592+0000] {local_task_job_runner.py:240} INFO - Task exited with return code 1
[2024-09-20T17:12:54.606+0000] {taskinstance.py:3498} INFO - 0 downstream tasks scheduled from follow-on schedule check
[2024-09-20T17:12:54.607+0000] {local_task_job_runner.py:222} INFO - ::endgroup::
