[2024-09-20T18:03:47.274+0000] {local_task_job_runner.py:120} INFO - ::group::Pre task execution logs
[2024-09-20T18:03:47.296+0000] {taskinstance.py:2076} INFO - Dependencies all met for dep_context=non-requeueable deps ti=<TaskInstance: NYC_Taxi_pipeline.dbt_run manual__2024-09-20T17:04:24.714893+00:00 [queued]>
[2024-09-20T18:03:47.306+0000] {taskinstance.py:2076} INFO - Dependencies all met for dep_context=requeueable deps ti=<TaskInstance: NYC_Taxi_pipeline.dbt_run manual__2024-09-20T17:04:24.714893+00:00 [queued]>
[2024-09-20T18:03:47.306+0000] {taskinstance.py:2306} INFO - Starting attempt 9 of 9
[2024-09-20T18:03:47.318+0000] {taskinstance.py:2330} INFO - Executing <Task(BashOperator): dbt_run> on 2024-09-20 17:04:24.714893+00:00
[2024-09-20T18:03:47.325+0000] {standard_task_runner.py:63} INFO - Started process 164 to run task
[2024-09-20T18:03:47.328+0000] {standard_task_runner.py:90} INFO - Running: ['***', 'tasks', 'run', 'NYC_Taxi_pipeline', 'dbt_run', 'manual__2024-09-20T17:04:24.714893+00:00', '--job-id', '18', '--raw', '--subdir', 'DAGS_FOLDER/NYC_Taxi_pipeline.py', '--cfg-path', '/tmp/tmp2__3i91a']
[2024-09-20T18:03:47.330+0000] {standard_task_runner.py:91} INFO - Job 18: Subtask dbt_run
[2024-09-20T18:03:47.371+0000] {task_command.py:426} INFO - Running <TaskInstance: NYC_Taxi_pipeline.dbt_run manual__2024-09-20T17:04:24.714893+00:00 [running]> on host ebfded8325af
[2024-09-20T18:03:47.446+0000] {taskinstance.py:2648} INFO - Exporting env vars: AIRFLOW_CTX_DAG_OWNER='Mahmoud' AIRFLOW_CTX_DAG_ID='NYC_Taxi_pipeline' AIRFLOW_CTX_TASK_ID='dbt_run' AIRFLOW_CTX_EXECUTION_DATE='2024-09-20T17:04:24.714893+00:00' AIRFLOW_CTX_TRY_NUMBER='9' AIRFLOW_CTX_DAG_RUN_ID='manual__2024-09-20T17:04:24.714893+00:00'
[2024-09-20T18:03:47.447+0000] {taskinstance.py:430} INFO - ::endgroup::
[2024-09-20T18:03:47.458+0000] {subprocess.py:63} INFO - Tmp dir root location: /tmp
[2024-09-20T18:03:47.458+0000] {subprocess.py:75} INFO - Running command: ['/bin/bash', '-c', 'dbt run --profiles-dir /opt/***/DBT_Project --project-dir /opt/***/dbt_trip']
[2024-09-20T18:03:47.472+0000] {subprocess.py:86} INFO - Output:
[2024-09-20T18:03:49.817+0000] {subprocess.py:93} INFO - [0m18:03:49  Running with dbt=1.8.6
[2024-09-20T18:03:50.105+0000] {subprocess.py:93} INFO - [0m18:03:50  Registered adapter: postgres=1.8.2
[2024-09-20T18:03:50.275+0000] {subprocess.py:93} INFO - [0m18:03:50  Unable to do partial parsing because of a version mismatch
[2024-09-20T18:03:51.878+0000] {subprocess.py:93} INFO - [0m18:03:51  [[33mWARNING[0m]: Configuration paths exist in your dbt_project.yml file which do not apply to any resources.
[2024-09-20T18:03:51.879+0000] {subprocess.py:93} INFO - There are 2 unused configuration paths:
[2024-09-20T18:03:51.879+0000] {subprocess.py:93} INFO - - models.fact_trip.staging
[2024-09-20T18:03:51.879+0000] {subprocess.py:93} INFO - - models.fact_trip.core
[2024-09-20T18:03:52.026+0000] {subprocess.py:93} INFO - [0m18:03:52  Found 2 models, 1 seed, 1 source, 423 macros
[2024-09-20T18:03:52.029+0000] {subprocess.py:93} INFO - [0m18:03:52
[2024-09-20T18:03:52.226+0000] {subprocess.py:93} INFO - [0m18:03:52  Concurrency: 3 threads (target='dev')
[2024-09-20T18:03:52.226+0000] {subprocess.py:93} INFO - [0m18:03:52
[2024-09-20T18:03:52.240+0000] {subprocess.py:93} INFO - [0m18:03:52  1 of 2 START sql view model analysis.test ...................................... [RUN]
[2024-09-20T18:03:52.241+0000] {subprocess.py:93} INFO - [0m18:03:52  2 of 2 START sql view model analysis.test2 ..................................... [RUN]
[2024-09-20T18:03:52.441+0000] {subprocess.py:93} INFO - [0m18:03:52  2 of 2 OK created sql view model analysis.test2 ................................ [[32mCREATE VIEW[0m in 0.20s]
[2024-09-20T18:03:52.447+0000] {subprocess.py:93} INFO - [0m18:03:52  1 of 2 OK created sql view model analysis.test ................................. [[32mCREATE VIEW[0m in 0.20s]
[2024-09-20T18:03:52.459+0000] {subprocess.py:93} INFO - [0m18:03:52
[2024-09-20T18:03:52.460+0000] {subprocess.py:93} INFO - [0m18:03:52  Finished running 2 view models in 0 hours 0 minutes and 0.43 seconds (0.43s).
[2024-09-20T18:03:52.507+0000] {subprocess.py:93} INFO - [0m18:03:52
[2024-09-20T18:03:52.508+0000] {subprocess.py:93} INFO - [0m18:03:52  [32mCompleted successfully[0m
[2024-09-20T18:03:52.508+0000] {subprocess.py:93} INFO - [0m18:03:52
[2024-09-20T18:03:52.509+0000] {subprocess.py:93} INFO - [0m18:03:52  Done. PASS=2 WARN=0 ERROR=0 SKIP=0 TOTAL=2
[2024-09-20T18:03:53.804+0000] {subprocess.py:97} INFO - Command exited with return code 0
[2024-09-20T18:03:53.805+0000] {taskinstance.py:441} INFO - ::group::Post task execution logs
[2024-09-20T18:03:53.827+0000] {taskinstance.py:1206} INFO - Marking task as SUCCESS. dag_id=NYC_Taxi_pipeline, task_id=dbt_run, run_id=manual__2024-09-20T17:04:24.714893+00:00, execution_date=20240920T170424, start_date=20240920T180347, end_date=20240920T180353
[2024-09-20T18:03:53.877+0000] {local_task_job_runner.py:240} INFO - Task exited with return code 0
[2024-09-20T18:03:53.891+0000] {taskinstance.py:3498} INFO - 0 downstream tasks scheduled from follow-on schedule check
[2024-09-20T18:03:53.892+0000] {local_task_job_runner.py:222} INFO - ::endgroup::
