[2024-09-20T17:17:01.038+0000] {local_task_job_runner.py:120} INFO - ::group::Pre task execution logs
[2024-09-20T17:17:01.062+0000] {taskinstance.py:2076} INFO - Dependencies all met for dep_context=non-requeueable deps ti=<TaskInstance: NYC_Taxi_pipeline.dbt_run manual__2024-09-20T17:04:24.714893+00:00 [queued]>
[2024-09-20T17:17:01.072+0000] {taskinstance.py:2076} INFO - Dependencies all met for dep_context=requeueable deps ti=<TaskInstance: NYC_Taxi_pipeline.dbt_run manual__2024-09-20T17:04:24.714893+00:00 [queued]>
[2024-09-20T17:17:01.072+0000] {taskinstance.py:2306} INFO - Starting attempt 8 of 8
[2024-09-20T17:17:01.086+0000] {taskinstance.py:2330} INFO - Executing <Task(BashOperator): dbt_run> on 2024-09-20 17:04:24.714893+00:00
[2024-09-20T17:17:01.095+0000] {standard_task_runner.py:63} INFO - Started process 148 to run task
[2024-09-20T17:17:01.098+0000] {standard_task_runner.py:90} INFO - Running: ['***', 'tasks', 'run', 'NYC_Taxi_pipeline', 'dbt_run', 'manual__2024-09-20T17:04:24.714893+00:00', '--job-id', '17', '--raw', '--subdir', 'DAGS_FOLDER/NYC_Taxi_pipeline.py', '--cfg-path', '/tmp/tmpycrgmwu0']
[2024-09-20T17:17:01.101+0000] {standard_task_runner.py:91} INFO - Job 17: Subtask dbt_run
[2024-09-20T17:17:01.141+0000] {task_command.py:426} INFO - Running <TaskInstance: NYC_Taxi_pipeline.dbt_run manual__2024-09-20T17:04:24.714893+00:00 [running]> on host ebfded8325af
[2024-09-20T17:17:01.211+0000] {taskinstance.py:2648} INFO - Exporting env vars: AIRFLOW_CTX_DAG_OWNER='Mahmoud' AIRFLOW_CTX_DAG_ID='NYC_Taxi_pipeline' AIRFLOW_CTX_TASK_ID='dbt_run' AIRFLOW_CTX_EXECUTION_DATE='2024-09-20T17:04:24.714893+00:00' AIRFLOW_CTX_TRY_NUMBER='8' AIRFLOW_CTX_DAG_RUN_ID='manual__2024-09-20T17:04:24.714893+00:00'
[2024-09-20T17:17:01.212+0000] {taskinstance.py:430} INFO - ::endgroup::
[2024-09-20T17:17:01.223+0000] {subprocess.py:63} INFO - Tmp dir root location: /tmp
[2024-09-20T17:17:01.223+0000] {subprocess.py:75} INFO - Running command: ['/bin/bash', '-c', 'dbt run --profiles-dir /opt/***/DBT_Project --project-dir /opt/***/dbt_trip']
[2024-09-20T17:17:01.238+0000] {subprocess.py:86} INFO - Output:
[2024-09-20T17:17:03.644+0000] {subprocess.py:93} INFO - [0m17:17:03  Running with dbt=1.8.6
[2024-09-20T17:17:03.935+0000] {subprocess.py:93} INFO - [0m17:17:03  Registered adapter: postgres=1.8.2
[2024-09-20T17:17:04.134+0000] {subprocess.py:93} INFO - [0m17:17:04  [[33mWARNING[0m]: Configuration paths exist in your dbt_project.yml file which do not apply to any resources.
[2024-09-20T17:17:04.135+0000] {subprocess.py:93} INFO - There are 2 unused configuration paths:
[2024-09-20T17:17:04.135+0000] {subprocess.py:93} INFO - - models.fact_trip.core
[2024-09-20T17:17:04.135+0000] {subprocess.py:93} INFO - - models.fact_trip.staging
[2024-09-20T17:17:04.406+0000] {subprocess.py:93} INFO - [0m17:17:04  Found 1 model, 1 seed, 1 source, 423 macros
[2024-09-20T17:17:04.408+0000] {subprocess.py:93} INFO - [0m17:17:04
[2024-09-20T17:17:04.564+0000] {subprocess.py:93} INFO - [0m17:17:04  Concurrency: 3 threads (target='dev')
[2024-09-20T17:17:04.565+0000] {subprocess.py:93} INFO - [0m17:17:04
[2024-09-20T17:17:04.580+0000] {subprocess.py:93} INFO - [0m17:17:04  1 of 1 START sql view model analysis.test ...................................... [RUN]
[2024-09-20T17:17:04.724+0000] {subprocess.py:93} INFO - [0m17:17:04  1 of 1 OK created sql view model analysis.test ................................. [[32mCREATE VIEW[0m in 0.14s]
[2024-09-20T17:17:04.737+0000] {subprocess.py:93} INFO - [0m17:17:04
[2024-09-20T17:17:04.738+0000] {subprocess.py:93} INFO - [0m17:17:04  Finished running 1 view model in 0 hours 0 minutes and 0.33 seconds (0.33s).
[2024-09-20T17:17:04.784+0000] {subprocess.py:93} INFO - [0m17:17:04
[2024-09-20T17:17:04.785+0000] {subprocess.py:93} INFO - [0m17:17:04  [32mCompleted successfully[0m
[2024-09-20T17:17:04.786+0000] {subprocess.py:93} INFO - [0m17:17:04
[2024-09-20T17:17:04.786+0000] {subprocess.py:93} INFO - [0m17:17:04  Done. PASS=1 WARN=0 ERROR=0 SKIP=0 TOTAL=1
[2024-09-20T17:17:05.752+0000] {subprocess.py:97} INFO - Command exited with return code 0
[2024-09-20T17:17:05.753+0000] {taskinstance.py:441} INFO - ::group::Post task execution logs
[2024-09-20T17:17:05.776+0000] {taskinstance.py:1206} INFO - Marking task as SUCCESS. dag_id=NYC_Taxi_pipeline, task_id=dbt_run, run_id=manual__2024-09-20T17:04:24.714893+00:00, execution_date=20240920T170424, start_date=20240920T171701, end_date=20240920T171705
[2024-09-20T17:17:05.802+0000] {local_task_job_runner.py:240} INFO - Task exited with return code 0
[2024-09-20T17:17:05.819+0000] {taskinstance.py:3498} INFO - 0 downstream tasks scheduled from follow-on schedule check
[2024-09-20T17:17:05.820+0000] {local_task_job_runner.py:222} INFO - ::endgroup::
