[2024-10-12T13:12:27.038+0000] {local_task_job_runner.py:120} INFO - ::group::Pre task execution logs
[2024-10-12T13:12:27.065+0000] {taskinstance.py:2076} INFO - Dependencies all met for dep_context=non-requeueable deps ti=<TaskInstance: Taxi_trip_pipeline.dbt_transformation_layer.dbt_run_model_zone_lookup manual__2024-10-12T13:03:08.986267+00:00 [queued]>
[2024-10-12T13:12:27.076+0000] {taskinstance.py:2076} INFO - Dependencies all met for dep_context=requeueable deps ti=<TaskInstance: Taxi_trip_pipeline.dbt_transformation_layer.dbt_run_model_zone_lookup manual__2024-10-12T13:03:08.986267+00:00 [queued]>
[2024-10-12T13:12:27.076+0000] {taskinstance.py:2306} INFO - Starting attempt 2 of 2
[2024-10-12T13:12:27.089+0000] {taskinstance.py:2330} INFO - Executing <Task(BashOperator): dbt_transformation_layer.dbt_run_model_zone_lookup> on 2024-10-12 13:03:08.986267+00:00
[2024-10-12T13:12:27.098+0000] {standard_task_runner.py:63} INFO - Started process 263 to run task
[2024-10-12T13:12:27.101+0000] {standard_task_runner.py:90} INFO - Running: ['***', 'tasks', 'run', 'Taxi_trip_pipeline', 'dbt_transformation_layer.dbt_run_model_zone_lookup', 'manual__2024-10-12T13:03:08.986267+00:00', '--job-id', '21', '--raw', '--subdir', 'DAGS_FOLDER/taxi_trip.py', '--cfg-path', '/tmp/tmpt2kuzxfg']
[2024-10-12T13:12:27.105+0000] {standard_task_runner.py:91} INFO - Job 21: Subtask dbt_transformation_layer.dbt_run_model_zone_lookup
[2024-10-12T13:12:27.154+0000] {task_command.py:426} INFO - Running <TaskInstance: Taxi_trip_pipeline.dbt_transformation_layer.dbt_run_model_zone_lookup manual__2024-10-12T13:03:08.986267+00:00 [running]> on host ebdcf85807fc
[2024-10-12T13:12:27.252+0000] {taskinstance.py:2648} INFO - Exporting env vars: AIRFLOW_CTX_DAG_OWNER='Mahmoud' AIRFLOW_CTX_DAG_ID='Taxi_trip_pipeline' AIRFLOW_CTX_TASK_ID='dbt_transformation_layer.dbt_run_model_zone_lookup' AIRFLOW_CTX_EXECUTION_DATE='2024-10-12T13:03:08.986267+00:00' AIRFLOW_CTX_TRY_NUMBER='2' AIRFLOW_CTX_DAG_RUN_ID='manual__2024-10-12T13:03:08.986267+00:00'
[2024-10-12T13:12:27.254+0000] {taskinstance.py:430} INFO - ::endgroup::
[2024-10-12T13:12:27.267+0000] {subprocess.py:63} INFO - Tmp dir root location: /tmp
[2024-10-12T13:12:27.268+0000] {subprocess.py:75} INFO - Running command: ['/usr/bin/bash', '-c', 'dbt run --profiles-dir /opt/***/DBT_Project  --project-dir /opt/***/dbt_trip --models zone_lookup']
[2024-10-12T13:12:27.284+0000] {subprocess.py:86} INFO - Output:
[2024-10-12T13:12:30.312+0000] {subprocess.py:93} INFO - [0m13:12:30  Running with dbt=1.8.0
[2024-10-12T13:12:30.780+0000] {subprocess.py:93} INFO - [0m13:12:30  Registered adapter: postgres=1.8.0
[2024-10-12T13:12:31.148+0000] {subprocess.py:93} INFO - [0m13:12:31  [[33mWARNING[0m]: Configuration paths exist in your dbt_project.yml file which do not apply to any resources.
[2024-10-12T13:12:31.149+0000] {subprocess.py:93} INFO - There are 2 unused configuration paths:
[2024-10-12T13:12:31.149+0000] {subprocess.py:93} INFO - - models.fact_trip.staging
[2024-10-12T13:12:31.150+0000] {subprocess.py:93} INFO - - models.fact_trip.Dimensions
[2024-10-12T13:12:31.520+0000] {subprocess.py:93} INFO - [0m13:12:31  Found 4 models, 6 data tests, 3 sources, 566 macros
[2024-10-12T13:12:31.523+0000] {subprocess.py:93} INFO - [0m13:12:31
[2024-10-12T13:12:31.699+0000] {subprocess.py:93} INFO - [0m13:12:31  Concurrency: 3 threads (target='dev')
[2024-10-12T13:12:31.700+0000] {subprocess.py:93} INFO - [0m13:12:31
[2024-10-12T13:12:31.706+0000] {subprocess.py:93} INFO - [0m13:12:31  1 of 1 START sql view model analysis.zone_lookup ............................... [RUN]
[2024-10-12T13:12:31.949+0000] {subprocess.py:93} INFO - [0m13:12:31  1 of 1 OK created sql view model analysis.zone_lookup .......................... [[32mCREATE VIEW[0m in 0.24s]
[2024-10-12T13:12:31.968+0000] {subprocess.py:93} INFO - [0m13:12:31
[2024-10-12T13:12:31.969+0000] {subprocess.py:93} INFO - [0m13:12:31  Finished running 1 view model in 0 hours 0 minutes and 0.44 seconds (0.44s).
[2024-10-12T13:12:32.041+0000] {subprocess.py:93} INFO - [0m13:12:32
[2024-10-12T13:12:32.043+0000] {subprocess.py:93} INFO - [0m13:12:32  [32mCompleted successfully[0m
[2024-10-12T13:12:32.046+0000] {subprocess.py:93} INFO - [0m13:12:32
[2024-10-12T13:12:32.047+0000] {subprocess.py:93} INFO - [0m13:12:32  Done. PASS=1 WARN=0 ERROR=0 SKIP=0 TOTAL=1
[2024-10-12T13:12:38.356+0000] {subprocess.py:97} INFO - Command exited with return code 0
[2024-10-12T13:12:38.356+0000] {taskinstance.py:441} INFO - ::group::Post task execution logs
[2024-10-12T13:12:38.380+0000] {taskinstance.py:1206} INFO - Marking task as SUCCESS. dag_id=Taxi_trip_pipeline, task_id=dbt_transformation_layer.dbt_run_model_zone_lookup, run_id=manual__2024-10-12T13:03:08.986267+00:00, execution_date=20241012T130308, start_date=20241012T131227, end_date=20241012T131238
[2024-10-12T13:12:38.421+0000] {local_task_job_runner.py:240} INFO - Task exited with return code 0
[2024-10-12T13:12:38.444+0000] {taskinstance.py:3498} INFO - 0 downstream tasks scheduled from follow-on schedule check
[2024-10-12T13:12:38.446+0000] {local_task_job_runner.py:222} INFO - ::endgroup::
