[2024-09-27T12:57:23.844+0000] {local_task_job_runner.py:120} INFO - ::group::Pre task execution logs
[2024-09-27T12:57:23.869+0000] {taskinstance.py:2076} INFO - Dependencies all met for dep_context=non-requeueable deps ti=<TaskInstance: Taxi_trip_pipeline.load_layer.load_yellow_trip manual__2024-09-27T12:57:10.463523+00:00 [queued]>
[2024-09-27T12:57:23.878+0000] {taskinstance.py:2076} INFO - Dependencies all met for dep_context=requeueable deps ti=<TaskInstance: Taxi_trip_pipeline.load_layer.load_yellow_trip manual__2024-09-27T12:57:10.463523+00:00 [queued]>
[2024-09-27T12:57:23.878+0000] {taskinstance.py:2306} INFO - Starting attempt 1 of 1
[2024-09-27T12:57:23.890+0000] {taskinstance.py:2330} INFO - Executing <Task(PythonOperator): load_layer.load_yellow_trip> on 2024-09-27 12:57:10.463523+00:00
[2024-09-27T12:57:23.898+0000] {standard_task_runner.py:63} INFO - Started process 185 to run task
[2024-09-27T12:57:23.901+0000] {standard_task_runner.py:90} INFO - Running: ['***', 'tasks', 'run', 'Taxi_trip_pipeline', 'load_layer.load_yellow_trip', 'manual__2024-09-27T12:57:10.463523+00:00', '--job-id', '169', '--raw', '--subdir', 'DAGS_FOLDER/taxi_trip.py', '--cfg-path', '/tmp/tmplcg7cr3y']
[2024-09-27T12:57:23.903+0000] {standard_task_runner.py:91} INFO - Job 169: Subtask load_layer.load_yellow_trip
[2024-09-27T12:57:23.945+0000] {task_command.py:426} INFO - Running <TaskInstance: Taxi_trip_pipeline.load_layer.load_yellow_trip manual__2024-09-27T12:57:10.463523+00:00 [running]> on host 5c22fb8fb442
[2024-09-27T12:57:24.024+0000] {taskinstance.py:2648} INFO - Exporting env vars: AIRFLOW_CTX_DAG_OWNER='Mahmoud' AIRFLOW_CTX_DAG_ID='Taxi_trip_pipeline' AIRFLOW_CTX_TASK_ID='load_layer.load_yellow_trip' AIRFLOW_CTX_EXECUTION_DATE='2024-09-27T12:57:10.463523+00:00' AIRFLOW_CTX_TRY_NUMBER='1' AIRFLOW_CTX_DAG_RUN_ID='manual__2024-09-27T12:57:10.463523+00:00'
[2024-09-27T12:57:24.025+0000] {taskinstance.py:430} INFO - ::endgroup::
[2024-09-27T12:57:26.286+0000] {taxi_trip.py:80} INFO - Loading yellow trip data started with 2964624 rows
[2024-09-27T12:57:26.286+0000] {Load_data.py:46} INFO - Loading yellow trip data...
[2024-09-27T12:57:26.286+0000] {Load_data.py:47} INFO - yellow  trip with 2964624rows
[2024-09-27T12:57:28.103+0000] {db_utils.py:32} INFO - Loading data into table yellow_trip...
[2024-09-27T12:57:28.108+0000] {db_utils.py:17} INFO - Connected to PostgreSQL database successfully
[2024-09-27T13:01:52.720+0000] {db_utils.py:39} INFO - Data loaded successfully into table yellow_trip with 2964624 rows
[2024-09-27T13:01:52.721+0000] {db_utils.py:26} INFO - PostgreSQL connection is closed
[2024-09-27T13:01:52.722+0000] {db_utils.py:29} INFO - SQLAlchemy engine disposed
[2024-09-27T13:01:52.722+0000] {Load_data.py:74} INFO - Yellow trip data loaded successfully
[2024-09-27T13:01:52.731+0000] {taxi_trip.py:82} INFO - Loading yellow trip data done
[2024-09-27T13:01:52.738+0000] {python.py:237} INFO - Done. Returned value was: None
[2024-09-27T13:01:52.738+0000] {taskinstance.py:441} INFO - ::group::Post task execution logs
[2024-09-27T13:01:52.747+0000] {taskinstance.py:1206} INFO - Marking task as SUCCESS. dag_id=Taxi_trip_pipeline, task_id=load_layer.load_yellow_trip, run_id=manual__2024-09-27T12:57:10.463523+00:00, execution_date=20240927T125710, start_date=20240927T125723, end_date=20240927T130152
[2024-09-27T13:01:53.130+0000] {local_task_job_runner.py:240} INFO - Task exited with return code 0
[2024-09-27T13:01:53.148+0000] {taskinstance.py:3498} INFO - 0 downstream tasks scheduled from follow-on schedule check
[2024-09-27T13:01:53.149+0000] {local_task_job_runner.py:222} INFO - ::endgroup::
