[2024-10-01T10:45:54.991+0000] {local_task_job_runner.py:120} INFO - ::group::Pre task execution logs
[2024-10-01T10:45:55.016+0000] {taskinstance.py:2076} INFO - Dependencies all met for dep_context=non-requeueable deps ti=<TaskInstance: Taxi_trip_pipeline.dbt_staging_layer.dbt_run_zone_lookup manual__2024-10-01T10:32:20.925791+00:00 [queued]>
[2024-10-01T10:45:55.028+0000] {taskinstance.py:2076} INFO - Dependencies all met for dep_context=requeueable deps ti=<TaskInstance: Taxi_trip_pipeline.dbt_staging_layer.dbt_run_zone_lookup manual__2024-10-01T10:32:20.925791+00:00 [queued]>
[2024-10-01T10:45:55.029+0000] {taskinstance.py:2306} INFO - Starting attempt 3 of 3
[2024-10-01T10:45:55.042+0000] {taskinstance.py:2330} INFO - Executing <Task(BashOperator): dbt_staging_layer.dbt_run_zone_lookup> on 2024-10-01 10:32:20.925791+00:00
[2024-10-01T10:45:55.050+0000] {standard_task_runner.py:63} INFO - Started process 709 to run task
[2024-10-01T10:45:55.052+0000] {standard_task_runner.py:90} INFO - Running: ['***', 'tasks', 'run', 'Taxi_trip_pipeline', 'dbt_staging_layer.dbt_run_zone_lookup', 'manual__2024-10-01T10:32:20.925791+00:00', '--job-id', '177', '--raw', '--subdir', 'DAGS_FOLDER/taxi_trip.py', '--cfg-path', '/tmp/tmp9bazdpl1']
[2024-10-01T10:45:55.054+0000] {standard_task_runner.py:91} INFO - Job 177: Subtask dbt_staging_layer.dbt_run_zone_lookup
[2024-10-01T10:45:55.104+0000] {task_command.py:426} INFO - Running <TaskInstance: Taxi_trip_pipeline.dbt_staging_layer.dbt_run_zone_lookup manual__2024-10-01T10:32:20.925791+00:00 [running]> on host fcb0f9e87e2b
[2024-10-01T10:45:55.208+0000] {taskinstance.py:2648} INFO - Exporting env vars: AIRFLOW_CTX_DAG_OWNER='Mahmoud' AIRFLOW_CTX_DAG_ID='Taxi_trip_pipeline' AIRFLOW_CTX_TASK_ID='dbt_staging_layer.dbt_run_zone_lookup' AIRFLOW_CTX_EXECUTION_DATE='2024-10-01T10:32:20.925791+00:00' AIRFLOW_CTX_TRY_NUMBER='3' AIRFLOW_CTX_DAG_RUN_ID='manual__2024-10-01T10:32:20.925791+00:00'
[2024-10-01T10:45:55.209+0000] {taskinstance.py:430} INFO - ::endgroup::
[2024-10-01T10:45:55.223+0000] {subprocess.py:63} INFO - Tmp dir root location: /tmp
[2024-10-01T10:45:55.223+0000] {subprocess.py:75} INFO - Running command: ['/usr/bin/bash', '-c', 'dbt run --profiles-dir /opt/***/DBT_Project  --project-dir /opt/***/dbt_trip --models zone_lookup']
[2024-10-01T10:45:55.237+0000] {subprocess.py:86} INFO - Output:
[2024-10-01T10:45:58.163+0000] {subprocess.py:93} INFO - [0m10:45:58  Running with dbt=1.8.0
[2024-10-01T10:45:58.496+0000] {subprocess.py:93} INFO - [0m10:45:58  Registered adapter: postgres=1.8.0
[2024-10-01T10:45:59.297+0000] {subprocess.py:93} INFO - [0m10:45:59  [[33mWARNING[0m]: Deprecated functionality
[2024-10-01T10:45:59.298+0000] {subprocess.py:93} INFO - The `tests` config has been renamed to `data_tests`. Please see
[2024-10-01T10:45:59.298+0000] {subprocess.py:93} INFO - https://docs.getdbt.com/docs/build/data-tests#new-data_tests-syntax for more
[2024-10-01T10:45:59.298+0000] {subprocess.py:93} INFO - information.
[2024-10-01T10:45:59.552+0000] {subprocess.py:93} INFO - [0m10:45:59  [[33mWARNING[0m]: Configuration paths exist in your dbt_project.yml file which do not apply to any resources.
[2024-10-01T10:45:59.552+0000] {subprocess.py:93} INFO - There are 2 unused configuration paths:
[2024-10-01T10:45:59.553+0000] {subprocess.py:93} INFO - - models.fact_trip.staging
[2024-10-01T10:45:59.553+0000] {subprocess.py:93} INFO - - models.fact_trip.Dimensions
[2024-10-01T10:45:59.792+0000] {subprocess.py:93} INFO - [0m10:45:59  Found 4 models, 6 data tests, 3 sources, 566 macros
[2024-10-01T10:45:59.795+0000] {subprocess.py:93} INFO - [0m10:45:59
[2024-10-01T10:45:59.966+0000] {subprocess.py:93} INFO - [0m10:45:59  Concurrency: 3 threads (target='dev')
[2024-10-01T10:45:59.966+0000] {subprocess.py:93} INFO - [0m10:45:59
[2024-10-01T10:45:59.978+0000] {subprocess.py:93} INFO - [0m10:45:59  1 of 1 START sql view model analysis.zone_lookup ............................... [RUN]
[2024-10-01T10:46:00.161+0000] {subprocess.py:93} INFO - [0m10:46:00  1 of 1 OK created sql view model analysis.zone_lookup .......................... [[32mCREATE VIEW[0m in 0.18s]
[2024-10-01T10:46:00.181+0000] {subprocess.py:93} INFO - [0m10:46:00
[2024-10-01T10:46:00.182+0000] {subprocess.py:93} INFO - [0m10:46:00  Finished running 1 view model in 0 hours 0 minutes and 0.38 seconds (0.38s).
[2024-10-01T10:46:00.242+0000] {subprocess.py:93} INFO - [0m10:46:00
[2024-10-01T10:46:00.243+0000] {subprocess.py:93} INFO - [0m10:46:00  [32mCompleted successfully[0m
[2024-10-01T10:46:00.244+0000] {subprocess.py:93} INFO - [0m10:46:00
[2024-10-01T10:46:00.245+0000] {subprocess.py:93} INFO - [0m10:46:00  Done. PASS=1 WARN=0 ERROR=0 SKIP=0 TOTAL=1
[2024-10-01T10:46:01.372+0000] {subprocess.py:97} INFO - Command exited with return code 0
[2024-10-01T10:46:01.373+0000] {taskinstance.py:441} INFO - ::group::Post task execution logs
[2024-10-01T10:46:01.397+0000] {taskinstance.py:1206} INFO - Marking task as SUCCESS. dag_id=Taxi_trip_pipeline, task_id=dbt_staging_layer.dbt_run_zone_lookup, run_id=manual__2024-10-01T10:32:20.925791+00:00, execution_date=20241001T103220, start_date=20241001T104555, end_date=20241001T104601
[2024-10-01T10:46:01.446+0000] {local_task_job_runner.py:240} INFO - Task exited with return code 0
[2024-10-01T10:46:01.454+0000] {local_task_job_runner.py:222} INFO - ::endgroup::
