[2024-09-21T18:12:41.874+0000] {local_task_job_runner.py:120} INFO - ::group::Pre task execution logs
[2024-09-21T18:12:41.954+0000] {taskinstance.py:2076} INFO - Dependencies all met for dep_context=non-requeueable deps ti=<TaskInstance: Taxi_trip_pipeline.load_group.load_yellow_trip scheduled__2024-09-20T00:00:00+00:00 [queued]>
[2024-09-21T18:12:41.970+0000] {taskinstance.py:2076} INFO - Dependencies all met for dep_context=requeueable deps ti=<TaskInstance: Taxi_trip_pipeline.load_group.load_yellow_trip scheduled__2024-09-20T00:00:00+00:00 [queued]>
[2024-09-21T18:12:41.971+0000] {taskinstance.py:2306} INFO - Starting attempt 1 of 1
[2024-09-21T18:12:42.135+0000] {taskinstance.py:2330} INFO - Executing <Task(PythonOperator): load_group.load_yellow_trip> on 2024-09-20 00:00:00+00:00
[2024-09-21T18:12:42.145+0000] {standard_task_runner.py:63} INFO - Started process 114 to run task
[2024-09-21T18:12:42.149+0000] {standard_task_runner.py:90} INFO - Running: ['***', 'tasks', 'run', 'Taxi_trip_pipeline', 'load_group.load_yellow_trip', 'scheduled__2024-09-20T00:00:00+00:00', '--job-id', '55', '--raw', '--subdir', 'DAGS_FOLDER/taxi_trip.py', '--cfg-path', '/tmp/tmp1ccfwlv1']
[2024-09-21T18:12:42.152+0000] {standard_task_runner.py:91} INFO - Job 55: Subtask load_group.load_yellow_trip
[2024-09-21T18:12:42.251+0000] {task_command.py:426} INFO - Running <TaskInstance: Taxi_trip_pipeline.load_group.load_yellow_trip scheduled__2024-09-20T00:00:00+00:00 [running]> on host 5a2e5a872eaa
[2024-09-21T18:12:42.446+0000] {taskinstance.py:2648} INFO - Exporting env vars: AIRFLOW_CTX_DAG_OWNER='Mahmoud' AIRFLOW_CTX_DAG_ID='Taxi_trip_pipeline' AIRFLOW_CTX_TASK_ID='load_group.load_yellow_trip' AIRFLOW_CTX_EXECUTION_DATE='2024-09-20T00:00:00+00:00' AIRFLOW_CTX_TRY_NUMBER='1' AIRFLOW_CTX_DAG_RUN_ID='scheduled__2024-09-20T00:00:00+00:00'
[2024-09-21T18:12:42.447+0000] {taskinstance.py:430} INFO - ::endgroup::
[2024-09-21T18:12:42.481+0000] {taxi_trip.py:62} INFO - Loading yellow trip data started
[2024-09-21T18:12:42.481+0000] {Load_data.py:39} INFO - Loading Yellow Trip data...
[2024-09-21T18:12:42.481+0000] {Load_data.py:69} ERROR - Error loading yellow_trip: read_csv() got an unexpected keyword argument 'date_format'
[2024-09-21T18:12:42.481+0000] {taxi_trip.py:64} INFO - Loading yellow trip data done
[2024-09-21T18:12:42.482+0000] {python.py:237} INFO - Done. Returned value was: None
[2024-09-21T18:12:42.482+0000] {taskinstance.py:441} INFO - ::group::Post task execution logs
[2024-09-21T18:12:42.495+0000] {taskinstance.py:1206} INFO - Marking task as SUCCESS. dag_id=Taxi_trip_pipeline, task_id=load_group.load_yellow_trip, run_id=scheduled__2024-09-20T00:00:00+00:00, execution_date=20240920T000000, start_date=20240921T181241, end_date=20240921T181242
[2024-09-21T18:12:42.604+0000] {local_task_job_runner.py:240} INFO - Task exited with return code 0
[2024-09-21T18:12:42.616+0000] {local_task_job_runner.py:222} INFO - ::endgroup::
