[2024-09-29T20:37:06.097+0000] {local_task_job_runner.py:120} INFO - ::group::Pre task execution logs
[2024-09-29T20:37:06.119+0000] {taskinstance.py:2076} INFO - Dependencies all met for dep_context=non-requeueable deps ti=<TaskInstance: Taxi_trip_pipeline.dbt_run_stg_zone_lookup scheduled__2024-09-28T00:00:00+00:00 [queued]>
[2024-09-29T20:37:06.127+0000] {taskinstance.py:2076} INFO - Dependencies all met for dep_context=requeueable deps ti=<TaskInstance: Taxi_trip_pipeline.dbt_run_stg_zone_lookup scheduled__2024-09-28T00:00:00+00:00 [queued]>
[2024-09-29T20:37:06.127+0000] {taskinstance.py:2306} INFO - Starting attempt 1 of 1
[2024-09-29T20:37:06.138+0000] {taskinstance.py:2330} INFO - Executing <Task(BashOperator): dbt_run_stg_zone_lookup> on 2024-09-28 00:00:00+00:00
[2024-09-29T20:37:06.146+0000] {standard_task_runner.py:63} INFO - Started process 208 to run task
[2024-09-29T20:37:06.149+0000] {standard_task_runner.py:90} INFO - Running: ['***', 'tasks', 'run', 'Taxi_trip_pipeline', 'dbt_run_stg_zone_lookup', 'scheduled__2024-09-28T00:00:00+00:00', '--job-id', '14', '--raw', '--subdir', 'DAGS_FOLDER/taxi_trip.py', '--cfg-path', '/tmp/tmpscvjntay']
[2024-09-29T20:37:06.151+0000] {standard_task_runner.py:91} INFO - Job 14: Subtask dbt_run_stg_zone_lookup
[2024-09-29T20:37:06.195+0000] {task_command.py:426} INFO - Running <TaskInstance: Taxi_trip_pipeline.dbt_run_stg_zone_lookup scheduled__2024-09-28T00:00:00+00:00 [running]> on host c117e05af260
[2024-09-29T20:37:06.274+0000] {taskinstance.py:2648} INFO - Exporting env vars: AIRFLOW_CTX_DAG_OWNER='Mahmoud' AIRFLOW_CTX_DAG_ID='Taxi_trip_pipeline' AIRFLOW_CTX_TASK_ID='dbt_run_stg_zone_lookup' AIRFLOW_CTX_EXECUTION_DATE='2024-09-28T00:00:00+00:00' AIRFLOW_CTX_TRY_NUMBER='1' AIRFLOW_CTX_DAG_RUN_ID='scheduled__2024-09-28T00:00:00+00:00'
[2024-09-29T20:37:06.275+0000] {taskinstance.py:430} INFO - ::endgroup::
[2024-09-29T20:37:06.286+0000] {subprocess.py:63} INFO - Tmp dir root location: /tmp
[2024-09-29T20:37:06.286+0000] {subprocess.py:75} INFO - Running command: ['/usr/bin/bash', '-c', 'dbt run --profiles-dir /opt/***/DBT_Project --project-dir /opt/***/dbt_trip --models stg_zone_lookup']
[2024-09-29T20:37:06.302+0000] {subprocess.py:86} INFO - Output:
[2024-09-29T20:37:08.745+0000] {subprocess.py:93} INFO - [0m20:37:08  Running with dbt=1.8.0
[2024-09-29T20:37:09.032+0000] {subprocess.py:93} INFO - [0m20:37:09  Registered adapter: postgres=1.8.0
[2024-09-29T20:37:09.219+0000] {subprocess.py:93} INFO - [0m20:37:09  Unable to do partial parsing because of a version mismatch
[2024-09-29T20:37:11.089+0000] {subprocess.py:93} INFO - [0m20:37:11  [[33mWARNING[0m]: Deprecated functionality
[2024-09-29T20:37:11.090+0000] {subprocess.py:93} INFO - The `tests` config has been renamed to `data_tests`. Please see
[2024-09-29T20:37:11.090+0000] {subprocess.py:93} INFO - https://docs.getdbt.com/docs/build/data-tests#new-data_tests-syntax for more
[2024-09-29T20:37:11.090+0000] {subprocess.py:93} INFO - information.
[2024-09-29T20:37:11.369+0000] {subprocess.py:93} INFO - [0m20:37:11  Encountered an error:
[2024-09-29T20:37:11.370+0000] {subprocess.py:93} INFO - Compilation Error
[2024-09-29T20:37:11.370+0000] {subprocess.py:93} INFO -   Model 'model.fact_trip.stg_yellow_tripdata' (models/Staging/stg_yellow_tripdata.sql) depends on a source named 'staging.yellow_trip' which was not found
[2024-09-29T20:37:12.465+0000] {subprocess.py:97} INFO - Command exited with return code 2
[2024-09-29T20:37:12.466+0000] {taskinstance.py:441} INFO - ::group::Post task execution logs
[2024-09-29T20:37:12.477+0000] {taskinstance.py:2905} ERROR - Task failed with exception
Traceback (most recent call last):
  File "/home/airflow/.local/lib/python3.9/site-packages/airflow/models/taskinstance.py", line 465, in _execute_task
    result = _execute_callable(context=context, **execute_callable_kwargs)
  File "/home/airflow/.local/lib/python3.9/site-packages/airflow/models/taskinstance.py", line 432, in _execute_callable
    return execute_callable(context=context, **execute_callable_kwargs)
  File "/home/airflow/.local/lib/python3.9/site-packages/airflow/models/baseoperator.py", line 400, in wrapper
    return func(self, *args, **kwargs)
  File "/home/airflow/.local/lib/python3.9/site-packages/airflow/operators/bash.py", line 243, in execute
    raise AirflowException(
airflow.exceptions.AirflowException: Bash command failed. The command returned a non-zero exit code 2.
[2024-09-29T20:37:12.481+0000] {taskinstance.py:1206} INFO - Marking task as FAILED. dag_id=Taxi_trip_pipeline, task_id=dbt_run_stg_zone_lookup, run_id=scheduled__2024-09-28T00:00:00+00:00, execution_date=20240928T000000, start_date=20240929T203706, end_date=20240929T203712
[2024-09-29T20:37:12.496+0000] {standard_task_runner.py:110} ERROR - Failed to execute job 14 for task dbt_run_stg_zone_lookup (Bash command failed. The command returned a non-zero exit code 2.; 208)
[2024-09-29T20:37:12.530+0000] {local_task_job_runner.py:240} INFO - Task exited with return code 1
[2024-09-29T20:37:12.564+0000] {taskinstance.py:3498} INFO - 0 downstream tasks scheduled from follow-on schedule check
[2024-09-29T20:37:12.566+0000] {local_task_job_runner.py:222} INFO - ::endgroup::
