[2024-10-03T22:06:26.883+0000] {local_task_job_runner.py:120} INFO - ::group::Pre task execution logs
[2024-10-03T22:06:26.914+0000] {taskinstance.py:2076} INFO - Dependencies all met for dep_context=non-requeueable deps ti=<TaskInstance: Taxi_trip_pipeline.dbt_transformation_layer.dbt_run_model_zone_lookup scheduled__2024-10-03T21:45:00+00:00 [queued]>
[2024-10-03T22:06:26.925+0000] {taskinstance.py:2076} INFO - Dependencies all met for dep_context=requeueable deps ti=<TaskInstance: Taxi_trip_pipeline.dbt_transformation_layer.dbt_run_model_zone_lookup scheduled__2024-10-03T21:45:00+00:00 [queued]>
[2024-10-03T22:06:26.926+0000] {taskinstance.py:2306} INFO - Starting attempt 1 of 1
[2024-10-03T22:06:26.943+0000] {taskinstance.py:2330} INFO - Executing <Task(BashOperator): dbt_transformation_layer.dbt_run_model_zone_lookup> on 2024-10-03 21:45:00+00:00
[2024-10-03T22:06:26.953+0000] {standard_task_runner.py:63} INFO - Started process 124 to run task
[2024-10-03T22:06:26.956+0000] {standard_task_runner.py:90} INFO - Running: ['***', 'tasks', 'run', 'Taxi_trip_pipeline', 'dbt_transformation_layer.dbt_run_model_zone_lookup', 'scheduled__2024-10-03T21:45:00+00:00', '--job-id', '412', '--raw', '--subdir', 'DAGS_FOLDER/taxi_trip.py', '--cfg-path', '/tmp/tmphppvjne1']
[2024-10-03T22:06:26.959+0000] {standard_task_runner.py:91} INFO - Job 412: Subtask dbt_transformation_layer.dbt_run_model_zone_lookup
[2024-10-03T22:06:27.014+0000] {task_command.py:426} INFO - Running <TaskInstance: Taxi_trip_pipeline.dbt_transformation_layer.dbt_run_model_zone_lookup scheduled__2024-10-03T21:45:00+00:00 [running]> on host df868e4adcf8
[2024-10-03T22:06:27.115+0000] {taskinstance.py:2648} INFO - Exporting env vars: AIRFLOW_CTX_DAG_OWNER='Mahmoud' AIRFLOW_CTX_DAG_ID='Taxi_trip_pipeline' AIRFLOW_CTX_TASK_ID='dbt_transformation_layer.dbt_run_model_zone_lookup' AIRFLOW_CTX_EXECUTION_DATE='2024-10-03T21:45:00+00:00' AIRFLOW_CTX_TRY_NUMBER='1' AIRFLOW_CTX_DAG_RUN_ID='scheduled__2024-10-03T21:45:00+00:00'
[2024-10-03T22:06:27.116+0000] {taskinstance.py:430} INFO - ::endgroup::
[2024-10-03T22:06:27.132+0000] {subprocess.py:63} INFO - Tmp dir root location: /tmp
[2024-10-03T22:06:27.133+0000] {subprocess.py:75} INFO - Running command: ['/usr/bin/bash', '-c', 'dbt run --profiles-dir /opt/***/DBT_Project  --project-dir /opt/***/dbt_trip --models zone_lookup']
[2024-10-03T22:06:27.148+0000] {subprocess.py:86} INFO - Output:
[2024-10-03T22:06:31.214+0000] {subprocess.py:93} INFO - [0m22:06:31  Running with dbt=1.8.0
[2024-10-03T22:06:31.652+0000] {subprocess.py:93} INFO - [0m22:06:31  Registered adapter: postgres=1.8.0
[2024-10-03T22:06:32.158+0000] {subprocess.py:93} INFO - [0m22:06:32  [[33mWARNING[0m]: Configuration paths exist in your dbt_project.yml file which do not apply to any resources.
[2024-10-03T22:06:32.158+0000] {subprocess.py:93} INFO - There are 2 unused configuration paths:
[2024-10-03T22:06:32.159+0000] {subprocess.py:93} INFO - - models.fact_trip.staging
[2024-10-03T22:06:32.159+0000] {subprocess.py:93} INFO - - models.fact_trip.Dimensions
[2024-10-03T22:06:32.504+0000] {subprocess.py:93} INFO - [0m22:06:32  Found 4 models, 6 data tests, 3 sources, 566 macros
[2024-10-03T22:06:32.507+0000] {subprocess.py:93} INFO - [0m22:06:32
[2024-10-03T22:06:32.680+0000] {subprocess.py:93} INFO - [0m22:06:32  Concurrency: 3 threads (target='dev')
[2024-10-03T22:06:32.680+0000] {subprocess.py:93} INFO - [0m22:06:32
[2024-10-03T22:06:32.697+0000] {subprocess.py:93} INFO - [0m22:06:32  1 of 1 START sql view model analysis.zone_lookup ............................... [RUN]
[2024-10-03T22:06:32.949+0000] {subprocess.py:93} INFO - [0m22:06:32  1 of 1 OK created sql view model analysis.zone_lookup .......................... [[32mCREATE VIEW[0m in 0.25s]
[2024-10-03T22:06:32.966+0000] {subprocess.py:93} INFO - [0m22:06:32
[2024-10-03T22:06:32.967+0000] {subprocess.py:93} INFO - [0m22:06:32  Finished running 1 view model in 0 hours 0 minutes and 0.46 seconds (0.46s).
[2024-10-03T22:06:33.046+0000] {subprocess.py:93} INFO - [0m22:06:33
[2024-10-03T22:06:33.047+0000] {subprocess.py:93} INFO - [0m22:06:33  [32mCompleted successfully[0m
[2024-10-03T22:06:33.048+0000] {subprocess.py:93} INFO - [0m22:06:33
[2024-10-03T22:06:33.049+0000] {subprocess.py:93} INFO - [0m22:06:33  Done. PASS=1 WARN=0 ERROR=0 SKIP=0 TOTAL=1
[2024-10-03T22:06:34.351+0000] {subprocess.py:97} INFO - Command exited with return code 0
[2024-10-03T22:06:34.352+0000] {taskinstance.py:441} INFO - ::group::Post task execution logs
[2024-10-03T22:06:34.379+0000] {taskinstance.py:1206} INFO - Marking task as SUCCESS. dag_id=Taxi_trip_pipeline, task_id=dbt_transformation_layer.dbt_run_model_zone_lookup, run_id=scheduled__2024-10-03T21:45:00+00:00, execution_date=20241003T214500, start_date=20241003T220626, end_date=20241003T220634
[2024-10-03T22:06:34.433+0000] {local_task_job_runner.py:240} INFO - Task exited with return code 0
[2024-10-03T22:06:34.459+0000] {taskinstance.py:3498} INFO - 0 downstream tasks scheduled from follow-on schedule check
[2024-10-03T22:06:34.460+0000] {local_task_job_runner.py:222} INFO - ::endgroup::
