[2024-10-01T09:31:32.916+0000] {local_task_job_runner.py:120} INFO - ::group::Pre task execution logs
[2024-10-01T09:31:32.939+0000] {taskinstance.py:2076} INFO - Dependencies all met for dep_context=non-requeueable deps ti=<TaskInstance: Taxi_trip_pipeline.dbt_run_fact_trip scheduled__2024-09-30T00:00:00+00:00 [queued]>
[2024-10-01T09:31:32.948+0000] {taskinstance.py:2076} INFO - Dependencies all met for dep_context=requeueable deps ti=<TaskInstance: Taxi_trip_pipeline.dbt_run_fact_trip scheduled__2024-09-30T00:00:00+00:00 [queued]>
[2024-10-01T09:31:32.948+0000] {taskinstance.py:2306} INFO - Starting attempt 4 of 4
[2024-10-01T09:31:32.960+0000] {taskinstance.py:2330} INFO - Executing <Task(BashOperator): dbt_run_fact_trip> on 2024-09-30 00:00:00+00:00
[2024-10-01T09:31:32.968+0000] {standard_task_runner.py:63} INFO - Started process 448 to run task
[2024-10-01T09:31:32.970+0000] {standard_task_runner.py:90} INFO - Running: ['***', 'tasks', 'run', 'Taxi_trip_pipeline', 'dbt_run_fact_trip', 'scheduled__2024-09-30T00:00:00+00:00', '--job-id', '159', '--raw', '--subdir', 'DAGS_FOLDER/taxi_trip.py', '--cfg-path', '/tmp/tmpe6kbxr1n']
[2024-10-01T09:31:32.973+0000] {standard_task_runner.py:91} INFO - Job 159: Subtask dbt_run_fact_trip
[2024-10-01T09:31:33.018+0000] {task_command.py:426} INFO - Running <TaskInstance: Taxi_trip_pipeline.dbt_run_fact_trip scheduled__2024-09-30T00:00:00+00:00 [running]> on host fcb0f9e87e2b
[2024-10-01T09:31:33.096+0000] {taskinstance.py:2648} INFO - Exporting env vars: AIRFLOW_CTX_DAG_OWNER='Mahmoud' AIRFLOW_CTX_DAG_ID='Taxi_trip_pipeline' AIRFLOW_CTX_TASK_ID='dbt_run_fact_trip' AIRFLOW_CTX_EXECUTION_DATE='2024-09-30T00:00:00+00:00' AIRFLOW_CTX_TRY_NUMBER='4' AIRFLOW_CTX_DAG_RUN_ID='scheduled__2024-09-30T00:00:00+00:00'
[2024-10-01T09:31:33.097+0000] {taskinstance.py:430} INFO - ::endgroup::
[2024-10-01T09:31:33.111+0000] {subprocess.py:63} INFO - Tmp dir root location: /tmp
[2024-10-01T09:31:33.111+0000] {subprocess.py:75} INFO - Running command: ['/usr/bin/bash', '-c', 'dbt run --profiles-dir /opt/***/DBT_Project  --project-dir /opt/***/dbt_trip --models Fact_trip']
[2024-10-01T09:31:33.127+0000] {subprocess.py:86} INFO - Output:
[2024-10-01T09:31:35.687+0000] {subprocess.py:93} INFO - [0m09:31:35  Running with dbt=1.8.0
[2024-10-01T09:31:35.979+0000] {subprocess.py:93} INFO - [0m09:31:35  Registered adapter: postgres=1.8.0
[2024-10-01T09:31:36.643+0000] {subprocess.py:93} INFO - [0m09:31:36  [[33mWARNING[0m]: Configuration paths exist in your dbt_project.yml file which do not apply to any resources.
[2024-10-01T09:31:36.644+0000] {subprocess.py:93} INFO - There are 2 unused configuration paths:
[2024-10-01T09:31:36.644+0000] {subprocess.py:93} INFO - - models.fact_trip.staging
[2024-10-01T09:31:36.644+0000] {subprocess.py:93} INFO - - models.fact_trip.Dimensions
[2024-10-01T09:31:36.827+0000] {subprocess.py:93} INFO - [0m09:31:36  Found 4 models, 6 data tests, 3 sources, 566 macros
[2024-10-01T09:31:36.829+0000] {subprocess.py:93} INFO - [0m09:31:36
[2024-10-01T09:31:36.963+0000] {subprocess.py:93} INFO - [0m09:31:36  Concurrency: 3 threads (target='dev')
[2024-10-01T09:31:36.964+0000] {subprocess.py:93} INFO - [0m09:31:36
[2024-10-01T09:31:36.978+0000] {subprocess.py:93} INFO - [0m09:31:36  1 of 1 START sql view model analysis.Fact_trip ................................. [RUN]
[2024-10-01T09:31:37.064+0000] {subprocess.py:93} INFO - [0m09:31:37  1 of 1 ERROR creating sql view model analysis.Fact_trip ........................ [[31mERROR[0m in 0.08s]
[2024-10-01T09:31:37.082+0000] {subprocess.py:93} INFO - [0m09:31:37
[2024-10-01T09:31:37.083+0000] {subprocess.py:93} INFO - [0m09:31:37  Finished running 1 view model in 0 hours 0 minutes and 0.25 seconds (0.25s).
[2024-10-01T09:31:37.140+0000] {subprocess.py:93} INFO - [0m09:31:37
[2024-10-01T09:31:37.140+0000] {subprocess.py:93} INFO - [0m09:31:37  [31mCompleted with 1 error and 0 warnings:[0m
[2024-10-01T09:31:37.141+0000] {subprocess.py:93} INFO - [0m09:31:37
[2024-10-01T09:31:37.142+0000] {subprocess.py:93} INFO - [0m09:31:37    Database Error in model Fact_trip (models/Fact/Fact_trip.sql)
[2024-10-01T09:31:37.142+0000] {subprocess.py:93} INFO -   relation "analysis.zone_lookup" does not exist
[2024-10-01T09:31:37.142+0000] {subprocess.py:93} INFO -   LINE 55:     SELECT * FROM "nyc_taxi_trip"."analysis"."zone_lookup"
[2024-10-01T09:31:37.142+0000] {subprocess.py:93} INFO -                              ^
[2024-10-01T09:31:37.142+0000] {subprocess.py:93} INFO -   compiled code at target/run/fact_trip/models/Fact/Fact_trip.sql
[2024-10-01T09:31:37.142+0000] {subprocess.py:93} INFO - [0m09:31:37
[2024-10-01T09:31:37.143+0000] {subprocess.py:93} INFO - [0m09:31:37  Done. PASS=0 WARN=0 ERROR=1 SKIP=0 TOTAL=1
[2024-10-01T09:31:38.294+0000] {subprocess.py:97} INFO - Command exited with return code 1
[2024-10-01T09:31:38.295+0000] {taskinstance.py:441} INFO - ::group::Post task execution logs
[2024-10-01T09:31:38.308+0000] {taskinstance.py:2905} ERROR - Task failed with exception
Traceback (most recent call last):
  File "/home/airflow/.local/lib/python3.9/site-packages/airflow/models/taskinstance.py", line 465, in _execute_task
    result = _execute_callable(context=context, **execute_callable_kwargs)
  File "/home/airflow/.local/lib/python3.9/site-packages/airflow/models/taskinstance.py", line 432, in _execute_callable
    return execute_callable(context=context, **execute_callable_kwargs)
  File "/home/airflow/.local/lib/python3.9/site-packages/airflow/models/baseoperator.py", line 400, in wrapper
    return func(self, *args, **kwargs)
  File "/home/airflow/.local/lib/python3.9/site-packages/airflow/operators/bash.py", line 243, in execute
    raise AirflowException(
airflow.exceptions.AirflowException: Bash command failed. The command returned a non-zero exit code 1.
[2024-10-01T09:31:38.312+0000] {taskinstance.py:1206} INFO - Marking task as FAILED. dag_id=Taxi_trip_pipeline, task_id=dbt_run_fact_trip, run_id=scheduled__2024-09-30T00:00:00+00:00, execution_date=20240930T000000, start_date=20241001T093132, end_date=20241001T093138
[2024-10-01T09:31:38.326+0000] {standard_task_runner.py:110} ERROR - Failed to execute job 159 for task dbt_run_fact_trip (Bash command failed. The command returned a non-zero exit code 1.; 448)
[2024-10-01T09:31:38.355+0000] {local_task_job_runner.py:240} INFO - Task exited with return code 1
[2024-10-01T09:31:38.377+0000] {taskinstance.py:3498} INFO - 0 downstream tasks scheduled from follow-on schedule check
[2024-10-01T09:31:38.378+0000] {local_task_job_runner.py:222} INFO - ::endgroup::
