[2024-10-01T09:35:31.117+0000] {local_task_job_runner.py:120} INFO - ::group::Pre task execution logs
[2024-10-01T09:35:31.139+0000] {taskinstance.py:2076} INFO - Dependencies all met for dep_context=non-requeueable deps ti=<TaskInstance: Taxi_trip_pipeline.dbt_run_fact_trip scheduled__2024-09-30T00:00:00+00:00 [queued]>
[2024-10-01T09:35:31.151+0000] {taskinstance.py:2076} INFO - Dependencies all met for dep_context=requeueable deps ti=<TaskInstance: Taxi_trip_pipeline.dbt_run_fact_trip scheduled__2024-09-30T00:00:00+00:00 [queued]>
[2024-10-01T09:35:31.151+0000] {taskinstance.py:2306} INFO - Starting attempt 5 of 5
[2024-10-01T09:35:31.163+0000] {taskinstance.py:2330} INFO - Executing <Task(BashOperator): dbt_run_fact_trip> on 2024-09-30 00:00:00+00:00
[2024-10-01T09:35:31.170+0000] {standard_task_runner.py:63} INFO - Started process 512 to run task
[2024-10-01T09:35:31.173+0000] {standard_task_runner.py:90} INFO - Running: ['***', 'tasks', 'run', 'Taxi_trip_pipeline', 'dbt_run_fact_trip', 'scheduled__2024-09-30T00:00:00+00:00', '--job-id', '163', '--raw', '--subdir', 'DAGS_FOLDER/taxi_trip.py', '--cfg-path', '/tmp/tmpwntm6c2j']
[2024-10-01T09:35:31.176+0000] {standard_task_runner.py:91} INFO - Job 163: Subtask dbt_run_fact_trip
[2024-10-01T09:35:31.221+0000] {task_command.py:426} INFO - Running <TaskInstance: Taxi_trip_pipeline.dbt_run_fact_trip scheduled__2024-09-30T00:00:00+00:00 [running]> on host fcb0f9e87e2b
[2024-10-01T09:35:31.298+0000] {taskinstance.py:2648} INFO - Exporting env vars: AIRFLOW_CTX_DAG_OWNER='Mahmoud' AIRFLOW_CTX_DAG_ID='Taxi_trip_pipeline' AIRFLOW_CTX_TASK_ID='dbt_run_fact_trip' AIRFLOW_CTX_EXECUTION_DATE='2024-09-30T00:00:00+00:00' AIRFLOW_CTX_TRY_NUMBER='5' AIRFLOW_CTX_DAG_RUN_ID='scheduled__2024-09-30T00:00:00+00:00'
[2024-10-01T09:35:31.299+0000] {taskinstance.py:430} INFO - ::endgroup::
[2024-10-01T09:35:31.311+0000] {subprocess.py:63} INFO - Tmp dir root location: /tmp
[2024-10-01T09:35:31.312+0000] {subprocess.py:75} INFO - Running command: ['/usr/bin/bash', '-c', 'dbt run --profiles-dir /opt/***/DBT_Project  --project-dir /opt/***/dbt_trip --models Fact_trip']
[2024-10-01T09:35:31.326+0000] {subprocess.py:86} INFO - Output:
[2024-10-01T09:35:34.083+0000] {subprocess.py:93} INFO - [0m09:35:34  Running with dbt=1.8.0
[2024-10-01T09:35:34.465+0000] {subprocess.py:93} INFO - [0m09:35:34  Registered adapter: postgres=1.8.0
[2024-10-01T09:35:34.817+0000] {subprocess.py:93} INFO - [0m09:35:34  [[33mWARNING[0m]: Configuration paths exist in your dbt_project.yml file which do not apply to any resources.
[2024-10-01T09:35:34.818+0000] {subprocess.py:93} INFO - There are 2 unused configuration paths:
[2024-10-01T09:35:34.818+0000] {subprocess.py:93} INFO - - models.fact_trip.staging
[2024-10-01T09:35:34.818+0000] {subprocess.py:93} INFO - - models.fact_trip.Dimensions
[2024-10-01T09:35:35.051+0000] {subprocess.py:93} INFO - [0m09:35:35  Found 4 models, 6 data tests, 3 sources, 566 macros
[2024-10-01T09:35:35.053+0000] {subprocess.py:93} INFO - [0m09:35:35
[2024-10-01T09:35:35.185+0000] {subprocess.py:93} INFO - [0m09:35:35  Concurrency: 3 threads (target='dev')
[2024-10-01T09:35:35.186+0000] {subprocess.py:93} INFO - [0m09:35:35
[2024-10-01T09:35:35.199+0000] {subprocess.py:93} INFO - [0m09:35:35  1 of 1 START sql view model analysis.Fact_trip ................................. [RUN]
[2024-10-01T09:35:35.380+0000] {subprocess.py:93} INFO - [0m09:35:35  1 of 1 OK created sql view model analysis.Fact_trip ............................ [[32mCREATE VIEW[0m in 0.18s]
[2024-10-01T09:35:35.396+0000] {subprocess.py:93} INFO - [0m09:35:35
[2024-10-01T09:35:35.397+0000] {subprocess.py:93} INFO - [0m09:35:35  Finished running 1 view model in 0 hours 0 minutes and 0.34 seconds (0.34s).
[2024-10-01T09:35:35.455+0000] {subprocess.py:93} INFO - [0m09:35:35
[2024-10-01T09:35:35.455+0000] {subprocess.py:93} INFO - [0m09:35:35  [32mCompleted successfully[0m
[2024-10-01T09:35:35.456+0000] {subprocess.py:93} INFO - [0m09:35:35
[2024-10-01T09:35:35.457+0000] {subprocess.py:93} INFO - [0m09:35:35  Done. PASS=1 WARN=0 ERROR=0 SKIP=0 TOTAL=1
[2024-10-01T09:35:36.425+0000] {subprocess.py:97} INFO - Command exited with return code 0
[2024-10-01T09:35:36.426+0000] {taskinstance.py:441} INFO - ::group::Post task execution logs
[2024-10-01T09:35:36.450+0000] {taskinstance.py:1206} INFO - Marking task as SUCCESS. dag_id=Taxi_trip_pipeline, task_id=dbt_run_fact_trip, run_id=scheduled__2024-09-30T00:00:00+00:00, execution_date=20240930T000000, start_date=20241001T093531, end_date=20241001T093536
[2024-10-01T09:35:36.478+0000] {local_task_job_runner.py:240} INFO - Task exited with return code 0
[2024-10-01T09:35:36.495+0000] {taskinstance.py:3498} INFO - 0 downstream tasks scheduled from follow-on schedule check
[2024-10-01T09:35:36.497+0000] {local_task_job_runner.py:222} INFO - ::endgroup::
