[2024-10-12T13:05:25.435+0000] {local_task_job_runner.py:120} INFO - ::group::Pre task execution logs
[2024-10-12T13:05:25.458+0000] {taskinstance.py:2076} INFO - Dependencies all met for dep_context=non-requeueable deps ti=<TaskInstance: Taxi_trip_pipeline.extraction_layer.extract_yellow_date manual__2024-10-12T13:03:08.986267+00:00 [queued]>
[2024-10-12T13:05:25.468+0000] {taskinstance.py:2076} INFO - Dependencies all met for dep_context=requeueable deps ti=<TaskInstance: Taxi_trip_pipeline.extraction_layer.extract_yellow_date manual__2024-10-12T13:03:08.986267+00:00 [queued]>
[2024-10-12T13:05:25.468+0000] {taskinstance.py:2306} INFO - Starting attempt 2 of 2
[2024-10-12T13:05:25.479+0000] {taskinstance.py:2330} INFO - Executing <Task(PythonOperator): extraction_layer.extract_yellow_date> on 2024-10-12 13:03:08.986267+00:00
[2024-10-12T13:05:25.486+0000] {standard_task_runner.py:63} INFO - Started process 218 to run task
[2024-10-12T13:05:25.489+0000] {standard_task_runner.py:90} INFO - Running: ['***', 'tasks', 'run', 'Taxi_trip_pipeline', 'extraction_layer.extract_yellow_date', 'manual__2024-10-12T13:03:08.986267+00:00', '--job-id', '15', '--raw', '--subdir', 'DAGS_FOLDER/taxi_trip.py', '--cfg-path', '/tmp/tmpchd0brwg']
[2024-10-12T13:05:25.491+0000] {standard_task_runner.py:91} INFO - Job 15: Subtask extraction_layer.extract_yellow_date
[2024-10-12T13:05:25.536+0000] {task_command.py:426} INFO - Running <TaskInstance: Taxi_trip_pipeline.extraction_layer.extract_yellow_date manual__2024-10-12T13:03:08.986267+00:00 [running]> on host ebdcf85807fc
[2024-10-12T13:05:25.613+0000] {taskinstance.py:2648} INFO - Exporting env vars: AIRFLOW_CTX_DAG_OWNER='Mahmoud' AIRFLOW_CTX_DAG_ID='Taxi_trip_pipeline' AIRFLOW_CTX_TASK_ID='extraction_layer.extract_yellow_date' AIRFLOW_CTX_EXECUTION_DATE='2024-10-12T13:03:08.986267+00:00' AIRFLOW_CTX_TRY_NUMBER='2' AIRFLOW_CTX_DAG_RUN_ID='manual__2024-10-12T13:03:08.986267+00:00'
[2024-10-12T13:05:25.614+0000] {taskinstance.py:430} INFO - ::endgroup::
[2024-10-12T13:05:25.625+0000] {taxi_trip.py:53} INFO - Data extraction for yellow trip started
[2024-10-12T13:05:25.632+0000] {db_utils.py:16} INFO - Connected to PostgreSQL database successfully
[2024-10-12T13:05:25.633+0000] {Process_data.py:47} INFO - Start transforming Yellow Trip data...
[2024-10-12T13:05:25.634+0000] {Process_data.py:59} INFO - Processing file yellow_tripdata_2024-01.parquet...
[2024-10-12T13:05:26.444+0000] {Process_data.py:69} INFO - Yellow trip dataframe with 2964624 rows
[2024-10-12T13:05:26.451+0000] {taxi_trip.py:56} INFO - Data extraction for yellow trip done
[2024-10-12T13:05:45.893+0000] {taxi_trip.py:61} INFO - Pushed yellow trip data with 2964624 rows to XCom
[2024-10-12T13:05:45.922+0000] {python.py:237} INFO - Done. Returned value was: None
[2024-10-12T13:05:45.922+0000] {taskinstance.py:441} INFO - ::group::Post task execution logs
[2024-10-12T13:05:45.932+0000] {taskinstance.py:1206} INFO - Marking task as SUCCESS. dag_id=Taxi_trip_pipeline, task_id=extraction_layer.extract_yellow_date, run_id=manual__2024-10-12T13:03:08.986267+00:00, execution_date=20241012T130308, start_date=20241012T130525, end_date=20241012T130545
[2024-10-12T13:05:46.038+0000] {local_task_job_runner.py:240} INFO - Task exited with return code 0
[2024-10-12T13:05:46.073+0000] {taskinstance.py:3498} INFO - 1 downstream tasks scheduled from follow-on schedule check
[2024-10-12T13:05:46.075+0000] {local_task_job_runner.py:222} INFO - ::endgroup::
