[2024-09-27T12:46:38.840+0000] {local_task_job_runner.py:120} INFO - ::group::Pre task execution logs
[2024-09-27T12:46:38.864+0000] {taskinstance.py:2076} INFO - Dependencies all met for dep_context=non-requeueable deps ti=<TaskInstance: Taxi_trip_pipeline.extraction_layer.extract_yellow_date scheduled__2024-09-26T00:00:00+00:00 [queued]>
[2024-09-27T12:46:38.873+0000] {taskinstance.py:2076} INFO - Dependencies all met for dep_context=requeueable deps ti=<TaskInstance: Taxi_trip_pipeline.extraction_layer.extract_yellow_date scheduled__2024-09-26T00:00:00+00:00 [queued]>
[2024-09-27T12:46:38.873+0000] {taskinstance.py:2306} INFO - Starting attempt 1 of 1
[2024-09-27T12:46:38.885+0000] {taskinstance.py:2330} INFO - Executing <Task(PythonOperator): extraction_layer.extract_yellow_date> on 2024-09-26 00:00:00+00:00
[2024-09-27T12:46:38.891+0000] {standard_task_runner.py:63} INFO - Started process 53 to run task
[2024-09-27T12:46:38.893+0000] {standard_task_runner.py:90} INFO - Running: ['***', 'tasks', 'run', 'Taxi_trip_pipeline', 'extraction_layer.extract_yellow_date', 'scheduled__2024-09-26T00:00:00+00:00', '--job-id', '160', '--raw', '--subdir', 'DAGS_FOLDER/taxi_trip.py', '--cfg-path', '/tmp/tmp8_yt93af']
[2024-09-27T12:46:38.896+0000] {standard_task_runner.py:91} INFO - Job 160: Subtask extraction_layer.extract_yellow_date
[2024-09-27T12:46:38.935+0000] {task_command.py:426} INFO - Running <TaskInstance: Taxi_trip_pipeline.extraction_layer.extract_yellow_date scheduled__2024-09-26T00:00:00+00:00 [running]> on host 5c22fb8fb442
[2024-09-27T12:46:39.011+0000] {taskinstance.py:2648} INFO - Exporting env vars: AIRFLOW_CTX_DAG_OWNER='Mahmoud' AIRFLOW_CTX_DAG_ID='Taxi_trip_pipeline' AIRFLOW_CTX_TASK_ID='extraction_layer.extract_yellow_date' AIRFLOW_CTX_EXECUTION_DATE='2024-09-26T00:00:00+00:00' AIRFLOW_CTX_TRY_NUMBER='1' AIRFLOW_CTX_DAG_RUN_ID='scheduled__2024-09-26T00:00:00+00:00'
[2024-09-27T12:46:39.012+0000] {taskinstance.py:430} INFO - ::endgroup::
[2024-09-27T12:46:39.023+0000] {taxi_trip.py:49} INFO - Data extraction for yellow trip started
[2024-09-27T12:46:39.023+0000] {Process_data.py:32} INFO - Start transforming Yellow Trip data...
[2024-09-27T12:46:39.864+0000] {Process_data.py:44} INFO - data frams have 2964624 row
[2024-09-27T12:46:39.871+0000] {taxi_trip.py:51} INFO - Data extraction for yellow trip done
[2024-09-27T12:46:49.387+0000] {taxi_trip.py:54} INFO - Pushed yellow trip data with 2964624 rows to XCom
[2024-09-27T12:46:49.397+0000] {python.py:237} INFO - Done. Returned value was: None
[2024-09-27T12:46:49.397+0000] {taskinstance.py:441} INFO - ::group::Post task execution logs
[2024-09-27T12:46:49.583+0000] {taskinstance.py:1206} INFO - Marking task as SUCCESS. dag_id=Taxi_trip_pipeline, task_id=extraction_layer.extract_yellow_date, run_id=scheduled__2024-09-26T00:00:00+00:00, execution_date=20240926T000000, start_date=20240927T124638, end_date=20240927T124649
[2024-09-27T12:46:49.671+0000] {local_task_job_runner.py:240} INFO - Task exited with return code 0
[2024-09-27T12:46:49.693+0000] {taskinstance.py:3498} INFO - 2 downstream tasks scheduled from follow-on schedule check
[2024-09-27T12:46:49.694+0000] {local_task_job_runner.py:222} INFO - ::endgroup::
