[2024-10-12T09:31:34.026+0000] {local_task_job_runner.py:120} INFO - ::group::Pre task execution logs
[2024-10-12T09:31:34.048+0000] {taskinstance.py:2076} INFO - Dependencies all met for dep_context=non-requeueable deps ti=<TaskInstance: Taxi_trip_pipeline.dbt_transformation_layer.dbt_run_model_zone_lookup scheduled__2024-10-12T09:15:00+00:00 [queued]>
[2024-10-12T09:31:34.058+0000] {taskinstance.py:2076} INFO - Dependencies all met for dep_context=requeueable deps ti=<TaskInstance: Taxi_trip_pipeline.dbt_transformation_layer.dbt_run_model_zone_lookup scheduled__2024-10-12T09:15:00+00:00 [queued]>
[2024-10-12T09:31:34.058+0000] {taskinstance.py:2306} INFO - Starting attempt 1 of 1
[2024-10-12T09:31:34.072+0000] {taskinstance.py:2330} INFO - Executing <Task(BashOperator): dbt_transformation_layer.dbt_run_model_zone_lookup> on 2024-10-12 09:15:00+00:00
[2024-10-12T09:31:34.079+0000] {standard_task_runner.py:63} INFO - Started process 73 to run task
[2024-10-12T09:31:34.083+0000] {standard_task_runner.py:90} INFO - Running: ['***', 'tasks', 'run', 'Taxi_trip_pipeline', 'dbt_transformation_layer.dbt_run_model_zone_lookup', 'scheduled__2024-10-12T09:15:00+00:00', '--job-id', '550', '--raw', '--subdir', 'DAGS_FOLDER/taxi_trip.py', '--cfg-path', '/tmp/tmpajdu9yw9']
[2024-10-12T09:31:34.085+0000] {standard_task_runner.py:91} INFO - Job 550: Subtask dbt_transformation_layer.dbt_run_model_zone_lookup
[2024-10-12T09:31:34.148+0000] {task_command.py:426} INFO - Running <TaskInstance: Taxi_trip_pipeline.dbt_transformation_layer.dbt_run_model_zone_lookup scheduled__2024-10-12T09:15:00+00:00 [running]> on host cb13d84d2d77
[2024-10-12T09:31:34.283+0000] {taskinstance.py:2648} INFO - Exporting env vars: AIRFLOW_CTX_DAG_OWNER='Mahmoud' AIRFLOW_CTX_DAG_ID='Taxi_trip_pipeline' AIRFLOW_CTX_TASK_ID='dbt_transformation_layer.dbt_run_model_zone_lookup' AIRFLOW_CTX_EXECUTION_DATE='2024-10-12T09:15:00+00:00' AIRFLOW_CTX_TRY_NUMBER='1' AIRFLOW_CTX_DAG_RUN_ID='scheduled__2024-10-12T09:15:00+00:00'
[2024-10-12T09:31:34.284+0000] {taskinstance.py:430} INFO - ::endgroup::
[2024-10-12T09:31:34.301+0000] {subprocess.py:63} INFO - Tmp dir root location: /tmp
[2024-10-12T09:31:34.303+0000] {subprocess.py:75} INFO - Running command: ['/usr/bin/bash', '-c', 'dbt run --profiles-dir /opt/***/DBT_Project  --project-dir /opt/***/dbt_trip --models zone_lookup']
[2024-10-12T09:31:34.328+0000] {subprocess.py:86} INFO - Output:
[2024-10-12T09:31:37.310+0000] {subprocess.py:93} INFO - [0m09:31:37  Running with dbt=1.8.0
[2024-10-12T09:31:37.635+0000] {subprocess.py:93} INFO - [0m09:31:37  Registered adapter: postgres=1.8.0
[2024-10-12T09:31:38.179+0000] {subprocess.py:93} INFO - [0m09:31:38  [[33mWARNING[0m]: Configuration paths exist in your dbt_project.yml file which do not apply to any resources.
[2024-10-12T09:31:38.179+0000] {subprocess.py:93} INFO - There are 2 unused configuration paths:
[2024-10-12T09:31:38.180+0000] {subprocess.py:93} INFO - - models.fact_trip.staging
[2024-10-12T09:31:38.180+0000] {subprocess.py:93} INFO - - models.fact_trip.Dimensions
[2024-10-12T09:31:38.441+0000] {subprocess.py:93} INFO - [0m09:31:38  Found 4 models, 6 data tests, 3 sources, 566 macros
[2024-10-12T09:31:38.444+0000] {subprocess.py:93} INFO - [0m09:31:38
[2024-10-12T09:31:38.651+0000] {subprocess.py:93} INFO - [0m09:31:38  Concurrency: 3 threads (target='dev')
[2024-10-12T09:31:38.652+0000] {subprocess.py:93} INFO - [0m09:31:38
[2024-10-12T09:31:38.670+0000] {subprocess.py:93} INFO - [0m09:31:38  1 of 1 START sql view model analysis.zone_lookup ............................... [RUN]
[2024-10-12T09:31:38.893+0000] {subprocess.py:93} INFO - [0m09:31:38  1 of 1 OK created sql view model analysis.zone_lookup .......................... [[32mCREATE VIEW[0m in 0.22s]
[2024-10-12T09:31:38.910+0000] {subprocess.py:93} INFO - [0m09:31:38
[2024-10-12T09:31:38.911+0000] {subprocess.py:93} INFO - [0m09:31:38  Finished running 1 view model in 0 hours 0 minutes and 0.46 seconds (0.46s).
[2024-10-12T09:31:38.997+0000] {subprocess.py:93} INFO - [0m09:31:38
[2024-10-12T09:31:38.998+0000] {subprocess.py:93} INFO - [0m09:31:38  [32mCompleted successfully[0m
[2024-10-12T09:31:38.998+0000] {subprocess.py:93} INFO - [0m09:31:38
[2024-10-12T09:31:38.999+0000] {subprocess.py:93} INFO - [0m09:31:38  Done. PASS=1 WARN=0 ERROR=0 SKIP=0 TOTAL=1
[2024-10-12T09:31:40.019+0000] {subprocess.py:97} INFO - Command exited with return code 0
[2024-10-12T09:31:40.020+0000] {taskinstance.py:441} INFO - ::group::Post task execution logs
[2024-10-12T09:31:40.044+0000] {taskinstance.py:1206} INFO - Marking task as SUCCESS. dag_id=Taxi_trip_pipeline, task_id=dbt_transformation_layer.dbt_run_model_zone_lookup, run_id=scheduled__2024-10-12T09:15:00+00:00, execution_date=20241012T091500, start_date=20241012T093134, end_date=20241012T093140
[2024-10-12T09:31:40.067+0000] {local_task_job_runner.py:240} INFO - Task exited with return code 0
[2024-10-12T09:31:40.087+0000] {taskinstance.py:3498} INFO - 0 downstream tasks scheduled from follow-on schedule check
[2024-10-12T09:31:40.088+0000] {local_task_job_runner.py:222} INFO - ::endgroup::
