[2024-09-21T18:14:32.862+0000] {local_task_job_runner.py:120} INFO - ::group::Pre task execution logs
[2024-09-21T18:14:32.885+0000] {taskinstance.py:2076} INFO - Dependencies all met for dep_context=non-requeueable deps ti=<TaskInstance: Taxi_trip_pipeline.extraction_group.extract_yellow_date manual__2024-09-21T18:12:30.879273+00:00 [queued]>
[2024-09-21T18:14:32.894+0000] {taskinstance.py:2076} INFO - Dependencies all met for dep_context=requeueable deps ti=<TaskInstance: Taxi_trip_pipeline.extraction_group.extract_yellow_date manual__2024-09-21T18:12:30.879273+00:00 [queued]>
[2024-09-21T18:14:32.894+0000] {taskinstance.py:2306} INFO - Starting attempt 2 of 2
[2024-09-21T18:14:32.907+0000] {taskinstance.py:2330} INFO - Executing <Task(PythonOperator): extraction_group.extract_yellow_date> on 2024-09-21 18:12:30.879273+00:00
[2024-09-21T18:14:32.915+0000] {standard_task_runner.py:63} INFO - Started process 121 to run task
[2024-09-21T18:14:32.918+0000] {standard_task_runner.py:90} INFO - Running: ['***', 'tasks', 'run', 'Taxi_trip_pipeline', 'extraction_group.extract_yellow_date', 'manual__2024-09-21T18:12:30.879273+00:00', '--job-id', '59', '--raw', '--subdir', 'DAGS_FOLDER/taxi_trip.py', '--cfg-path', '/tmp/tmpb8re_23k']
[2024-09-21T18:14:32.920+0000] {standard_task_runner.py:91} INFO - Job 59: Subtask extraction_group.extract_yellow_date
[2024-09-21T18:14:32.964+0000] {task_command.py:426} INFO - Running <TaskInstance: Taxi_trip_pipeline.extraction_group.extract_yellow_date manual__2024-09-21T18:12:30.879273+00:00 [running]> on host 5a2e5a872eaa
[2024-09-21T18:14:33.044+0000] {taskinstance.py:2648} INFO - Exporting env vars: AIRFLOW_CTX_DAG_OWNER='Mahmoud' AIRFLOW_CTX_DAG_ID='Taxi_trip_pipeline' AIRFLOW_CTX_TASK_ID='extraction_group.extract_yellow_date' AIRFLOW_CTX_EXECUTION_DATE='2024-09-21T18:12:30.879273+00:00' AIRFLOW_CTX_TRY_NUMBER='2' AIRFLOW_CTX_DAG_RUN_ID='manual__2024-09-21T18:12:30.879273+00:00'
[2024-09-21T18:14:33.045+0000] {taskinstance.py:430} INFO - ::endgroup::
[2024-09-21T18:14:33.056+0000] {taxi_trip.py:44} INFO - Data extraction for yellow trip started
[2024-09-21T18:14:33.056+0000] {Process_data.py:46} INFO - Start transforming Yellow Trip data...
[2024-09-21T18:14:33.833+0000] {taxi_trip.py:48} ERROR - Error in yellow trip extraction
Traceback (most recent call last):
  File "/opt/airflow/dags/taxi_trip.py", line 45, in extract_yellow_date
    process_yellow_trip()
  File "/opt/airflow/dags/scripts/Process_data.py", line 67, in process_yellow_trip
    valid_df.to_csv('./valid_df/valid_yellow_trip.csv', index=False)
  File "/home/airflow/.local/lib/python3.9/site-packages/pandas/util/_decorators.py", line 211, in wrapper
    return func(*args, **kwargs)
  File "/home/airflow/.local/lib/python3.9/site-packages/pandas/core/generic.py", line 3720, in to_csv
    return DataFrameRenderer(formatter).to_csv(
  File "/home/airflow/.local/lib/python3.9/site-packages/pandas/util/_decorators.py", line 211, in wrapper
    return func(*args, **kwargs)
  File "/home/airflow/.local/lib/python3.9/site-packages/pandas/io/formats/format.py", line 1189, in to_csv
    csv_formatter.save()
  File "/home/airflow/.local/lib/python3.9/site-packages/pandas/io/formats/csvs.py", line 241, in save
    with get_handle(
  File "/home/airflow/.local/lib/python3.9/site-packages/pandas/io/common.py", line 856, in get_handle
    handle = open(
PermissionError: [Errno 13] Permission denied: './valid_df/valid_yellow_trip.csv'
[2024-09-21T18:14:33.860+0000] {python.py:237} INFO - Done. Returned value was: None
[2024-09-21T18:14:33.860+0000] {taskinstance.py:441} INFO - ::group::Post task execution logs
[2024-09-21T18:14:34.039+0000] {taskinstance.py:1206} INFO - Marking task as SUCCESS. dag_id=Taxi_trip_pipeline, task_id=extraction_group.extract_yellow_date, run_id=manual__2024-09-21T18:12:30.879273+00:00, execution_date=20240921T181230, start_date=20240921T181432, end_date=20240921T181434
[2024-09-21T18:14:34.140+0000] {local_task_job_runner.py:240} INFO - Task exited with return code 0
[2024-09-21T18:14:34.165+0000] {taskinstance.py:3498} INFO - 3 downstream tasks scheduled from follow-on schedule check
[2024-09-21T18:14:34.166+0000] {local_task_job_runner.py:222} INFO - ::endgroup::
