[2024-10-12T12:28:09.006+0000] {local_task_job_runner.py:120} INFO - ::group::Pre task execution logs
[2024-10-12T12:28:09.033+0000] {taskinstance.py:2076} INFO - Dependencies all met for dep_context=non-requeueable deps ti=<TaskInstance: Taxi_trip_pipeline.dbt_transformation_layer.dbt_run_model_zone_lookup manual__2024-10-12T12:26:35.793984+00:00 [queued]>
[2024-10-12T12:28:09.044+0000] {taskinstance.py:2076} INFO - Dependencies all met for dep_context=requeueable deps ti=<TaskInstance: Taxi_trip_pipeline.dbt_transformation_layer.dbt_run_model_zone_lookup manual__2024-10-12T12:26:35.793984+00:00 [queued]>
[2024-10-12T12:28:09.045+0000] {taskinstance.py:2306} INFO - Starting attempt 2 of 2
[2024-10-12T12:28:09.060+0000] {taskinstance.py:2330} INFO - Executing <Task(BashOperator): dbt_transformation_layer.dbt_run_model_zone_lookup> on 2024-10-12 12:26:35.793984+00:00
[2024-10-12T12:28:09.068+0000] {standard_task_runner.py:63} INFO - Started process 168 to run task
[2024-10-12T12:28:09.071+0000] {standard_task_runner.py:90} INFO - Running: ['***', 'tasks', 'run', 'Taxi_trip_pipeline', 'dbt_transformation_layer.dbt_run_model_zone_lookup', 'manual__2024-10-12T12:26:35.793984+00:00', '--job-id', '63', '--raw', '--subdir', 'DAGS_FOLDER/taxi_trip.py', '--cfg-path', '/tmp/tmpxxf4mfox']
[2024-10-12T12:28:09.074+0000] {standard_task_runner.py:91} INFO - Job 63: Subtask dbt_transformation_layer.dbt_run_model_zone_lookup
[2024-10-12T12:28:09.122+0000] {task_command.py:426} INFO - Running <TaskInstance: Taxi_trip_pipeline.dbt_transformation_layer.dbt_run_model_zone_lookup manual__2024-10-12T12:26:35.793984+00:00 [running]> on host 2e13a8282432
[2024-10-12T12:28:09.218+0000] {taskinstance.py:2648} INFO - Exporting env vars: AIRFLOW_CTX_DAG_OWNER='Mahmoud' AIRFLOW_CTX_DAG_ID='Taxi_trip_pipeline' AIRFLOW_CTX_TASK_ID='dbt_transformation_layer.dbt_run_model_zone_lookup' AIRFLOW_CTX_EXECUTION_DATE='2024-10-12T12:26:35.793984+00:00' AIRFLOW_CTX_TRY_NUMBER='2' AIRFLOW_CTX_DAG_RUN_ID='manual__2024-10-12T12:26:35.793984+00:00'
[2024-10-12T12:28:09.219+0000] {taskinstance.py:430} INFO - ::endgroup::
[2024-10-12T12:28:09.238+0000] {subprocess.py:63} INFO - Tmp dir root location: /tmp
[2024-10-12T12:28:09.239+0000] {subprocess.py:75} INFO - Running command: ['/usr/bin/bash', '-c', 'dbt run --profiles-dir /opt/***/DBT_Project  --project-dir /opt/***/dbt_trip --models zone_lookup']
[2024-10-12T12:28:09.258+0000] {subprocess.py:86} INFO - Output:
[2024-10-12T12:28:11.579+0000] {subprocess.py:93} INFO - [0m12:28:11  Running with dbt=1.8.0
[2024-10-12T12:28:11.931+0000] {subprocess.py:93} INFO - [0m12:28:11  Registered adapter: postgres=1.8.0
[2024-10-12T12:28:12.252+0000] {subprocess.py:93} INFO - [0m12:28:12  [[33mWARNING[0m]: Configuration paths exist in your dbt_project.yml file which do not apply to any resources.
[2024-10-12T12:28:12.253+0000] {subprocess.py:93} INFO - There are 2 unused configuration paths:
[2024-10-12T12:28:12.253+0000] {subprocess.py:93} INFO - - models.fact_trip.Dimensions
[2024-10-12T12:28:12.253+0000] {subprocess.py:93} INFO - - models.fact_trip.staging
[2024-10-12T12:28:12.651+0000] {subprocess.py:93} INFO - [0m12:28:12  Found 4 models, 6 data tests, 3 sources, 566 macros
[2024-10-12T12:28:12.655+0000] {subprocess.py:93} INFO - [0m12:28:12
[2024-10-12T12:28:12.881+0000] {subprocess.py:93} INFO - [0m12:28:12  Concurrency: 3 threads (target='dev')
[2024-10-12T12:28:12.884+0000] {subprocess.py:93} INFO - [0m12:28:12
[2024-10-12T12:28:12.891+0000] {subprocess.py:93} INFO - [0m12:28:12  1 of 1 START sql view model analysis.zone_lookup ............................... [RUN]
[2024-10-12T12:28:13.138+0000] {subprocess.py:93} INFO - [0m12:28:13  1 of 1 OK created sql view model analysis.zone_lookup .......................... [[32mCREATE VIEW[0m in 0.24s]
[2024-10-12T12:28:13.157+0000] {subprocess.py:93} INFO - [0m12:28:13
[2024-10-12T12:28:13.158+0000] {subprocess.py:93} INFO - [0m12:28:13  Finished running 1 view model in 0 hours 0 minutes and 0.50 seconds (0.50s).
[2024-10-12T12:28:13.233+0000] {subprocess.py:93} INFO - [0m12:28:13
[2024-10-12T12:28:13.234+0000] {subprocess.py:93} INFO - [0m12:28:13  [32mCompleted successfully[0m
[2024-10-12T12:28:13.235+0000] {subprocess.py:93} INFO - [0m12:28:13
[2024-10-12T12:28:13.236+0000] {subprocess.py:93} INFO - [0m12:28:13  Done. PASS=1 WARN=0 ERROR=0 SKIP=0 TOTAL=1
[2024-10-12T12:28:14.264+0000] {subprocess.py:97} INFO - Command exited with return code 0
[2024-10-12T12:28:14.264+0000] {taskinstance.py:441} INFO - ::group::Post task execution logs
[2024-10-12T12:28:14.290+0000] {taskinstance.py:1206} INFO - Marking task as SUCCESS. dag_id=Taxi_trip_pipeline, task_id=dbt_transformation_layer.dbt_run_model_zone_lookup, run_id=manual__2024-10-12T12:26:35.793984+00:00, execution_date=20241012T122635, start_date=20241012T122809, end_date=20241012T122814
[2024-10-12T12:28:14.353+0000] {local_task_job_runner.py:240} INFO - Task exited with return code 0
[2024-10-12T12:28:14.385+0000] {taskinstance.py:3498} INFO - 0 downstream tasks scheduled from follow-on schedule check
[2024-10-12T12:28:14.387+0000] {local_task_job_runner.py:222} INFO - ::endgroup::
