[2024-10-12T13:03:56.521+0000] {local_task_job_runner.py:120} INFO - ::group::Pre task execution logs
[2024-10-12T13:03:56.543+0000] {taskinstance.py:2076} INFO - Dependencies all met for dep_context=non-requeueable deps ti=<TaskInstance: Taxi_trip_pipeline.move_files_to_archive manual__2024-10-12T13:03:08.986267+00:00 [queued]>
[2024-10-12T13:03:56.552+0000] {taskinstance.py:2076} INFO - Dependencies all met for dep_context=requeueable deps ti=<TaskInstance: Taxi_trip_pipeline.move_files_to_archive manual__2024-10-12T13:03:08.986267+00:00 [queued]>
[2024-10-12T13:03:56.552+0000] {taskinstance.py:2306} INFO - Starting attempt 1 of 1
[2024-10-12T13:03:56.564+0000] {taskinstance.py:2330} INFO - Executing <Task(PythonOperator): move_files_to_archive> on 2024-10-12 13:03:08.986267+00:00
[2024-10-12T13:03:56.572+0000] {standard_task_runner.py:63} INFO - Started process 149 to run task
[2024-10-12T13:03:56.575+0000] {standard_task_runner.py:90} INFO - Running: ['***', 'tasks', 'run', 'Taxi_trip_pipeline', 'move_files_to_archive', 'manual__2024-10-12T13:03:08.986267+00:00', '--job-id', '11', '--raw', '--subdir', 'DAGS_FOLDER/taxi_trip.py', '--cfg-path', '/tmp/tmpbi_uh8sr']
[2024-10-12T13:03:56.577+0000] {standard_task_runner.py:91} INFO - Job 11: Subtask move_files_to_archive
[2024-10-12T13:03:56.623+0000] {task_command.py:426} INFO - Running <TaskInstance: Taxi_trip_pipeline.move_files_to_archive manual__2024-10-12T13:03:08.986267+00:00 [running]> on host ebdcf85807fc
[2024-10-12T13:03:56.707+0000] {taskinstance.py:2648} INFO - Exporting env vars: AIRFLOW_CTX_DAG_OWNER='Mahmoud' AIRFLOW_CTX_DAG_ID='Taxi_trip_pipeline' AIRFLOW_CTX_TASK_ID='move_files_to_archive' AIRFLOW_CTX_EXECUTION_DATE='2024-10-12T13:03:08.986267+00:00' AIRFLOW_CTX_TRY_NUMBER='1' AIRFLOW_CTX_DAG_RUN_ID='manual__2024-10-12T13:03:08.986267+00:00'
[2024-10-12T13:03:56.708+0000] {taskinstance.py:430} INFO - ::endgroup::
[2024-10-12T13:03:56.737+0000] {Process_data.py:85} INFO - Moved ./incloud/Staging/Green_trip_files/green_tripdata_2024-04.parquet to archive to /opt/***/incloud/Staging/archive/green_tripdata_2024-04.parquet
[2024-10-12T13:03:56.738+0000] {Process_data.py:85} INFO - Moved ./incloud/Staging/Green_trip_files/green_tripdata_2024-01.parquet to archive to /opt/***/incloud/Staging/archive/green_tripdata_2024-01.parquet
[2024-10-12T13:03:56.738+0000] {Process_data.py:85} INFO - Moved ./incloud/Staging/Green_trip_files/green_tripdata_2024-03.parquet to archive to /opt/***/incloud/Staging/archive/green_tripdata_2024-03.parquet
[2024-10-12T13:03:56.738+0000] {Process_data.py:85} INFO - Moved ./incloud/Staging/Green_trip_files/green_tripdata_2024-02.parquet to archive to /opt/***/incloud/Staging/archive/green_tripdata_2024-02.parquet
[2024-10-12T13:03:56.738+0000] {Process_data.py:85} INFO - Moved ./incloud/Staging/Green_trip_files/green_tripdata_2024-05.parquet to archive to /opt/***/incloud/Staging/archive/green_tripdata_2024-05.parquet
[2024-10-12T13:03:56.739+0000] {Process_data.py:85} INFO - Moved ./incloud/Staging/Green_trip_files/green_tripdata_2024-06.parquet to archive to /opt/***/incloud/Staging/archive/green_tripdata_2024-06.parquet
[2024-10-12T13:03:56.739+0000] {taxi_trip.py:123} INFO - Files archive_green successfully.
[2024-10-12T13:03:56.739+0000] {taxi_trip.py:130} WARNING - No files to archive_yellow.
[2024-10-12T13:03:56.739+0000] {python.py:237} INFO - Done. Returned value was: None
[2024-10-12T13:03:56.739+0000] {taskinstance.py:441} INFO - ::group::Post task execution logs
[2024-10-12T13:03:56.747+0000] {taskinstance.py:1206} INFO - Marking task as SUCCESS. dag_id=Taxi_trip_pipeline, task_id=move_files_to_archive, run_id=manual__2024-10-12T13:03:08.986267+00:00, execution_date=20241012T130308, start_date=20241012T130356, end_date=20241012T130356
[2024-10-12T13:03:56.787+0000] {local_task_job_runner.py:240} INFO - Task exited with return code 0
[2024-10-12T13:03:56.818+0000] {taskinstance.py:3498} INFO - 3 downstream tasks scheduled from follow-on schedule check
[2024-10-12T13:03:56.820+0000] {local_task_job_runner.py:222} INFO - ::endgroup::
