[2024-10-12T13:12:25.147+0000] {local_task_job_runner.py:120} INFO - ::group::Pre task execution logs
[2024-10-12T13:12:25.171+0000] {taskinstance.py:2076} INFO - Dependencies all met for dep_context=non-requeueable deps ti=<TaskInstance: Taxi_trip_pipeline.move_files_to_archive manual__2024-10-12T13:03:08.986267+00:00 [queued]>
[2024-10-12T13:12:25.180+0000] {taskinstance.py:2076} INFO - Dependencies all met for dep_context=requeueable deps ti=<TaskInstance: Taxi_trip_pipeline.move_files_to_archive manual__2024-10-12T13:03:08.986267+00:00 [queued]>
[2024-10-12T13:12:25.181+0000] {taskinstance.py:2306} INFO - Starting attempt 2 of 2
[2024-10-12T13:12:25.193+0000] {taskinstance.py:2330} INFO - Executing <Task(PythonOperator): move_files_to_archive> on 2024-10-12 13:03:08.986267+00:00
[2024-10-12T13:12:25.202+0000] {standard_task_runner.py:63} INFO - Started process 255 to run task
[2024-10-12T13:12:25.204+0000] {standard_task_runner.py:90} INFO - Running: ['***', 'tasks', 'run', 'Taxi_trip_pipeline', 'move_files_to_archive', 'manual__2024-10-12T13:03:08.986267+00:00', '--job-id', '19', '--raw', '--subdir', 'DAGS_FOLDER/taxi_trip.py', '--cfg-path', '/tmp/tmpp6occjbm']
[2024-10-12T13:12:25.207+0000] {standard_task_runner.py:91} INFO - Job 19: Subtask move_files_to_archive
[2024-10-12T13:12:25.252+0000] {task_command.py:426} INFO - Running <TaskInstance: Taxi_trip_pipeline.move_files_to_archive manual__2024-10-12T13:03:08.986267+00:00 [running]> on host ebdcf85807fc
[2024-10-12T13:12:25.333+0000] {taskinstance.py:2648} INFO - Exporting env vars: AIRFLOW_CTX_DAG_OWNER='Mahmoud' AIRFLOW_CTX_DAG_ID='Taxi_trip_pipeline' AIRFLOW_CTX_TASK_ID='move_files_to_archive' AIRFLOW_CTX_EXECUTION_DATE='2024-10-12T13:03:08.986267+00:00' AIRFLOW_CTX_TRY_NUMBER='2' AIRFLOW_CTX_DAG_RUN_ID='manual__2024-10-12T13:03:08.986267+00:00'
[2024-10-12T13:12:25.334+0000] {taskinstance.py:430} INFO - ::endgroup::
[2024-10-12T13:12:25.365+0000] {Process_data.py:89} WARNING - ./incloud/Staging/Green_trip_files/green_tripdata_2024-04.parquet does not exist
[2024-10-12T13:12:25.365+0000] {Process_data.py:89} WARNING - ./incloud/Staging/Green_trip_files/green_tripdata_2024-01.parquet does not exist
[2024-10-12T13:12:25.365+0000] {Process_data.py:89} WARNING - ./incloud/Staging/Green_trip_files/green_tripdata_2024-03.parquet does not exist
[2024-10-12T13:12:25.365+0000] {Process_data.py:89} WARNING - ./incloud/Staging/Green_trip_files/green_tripdata_2024-02.parquet does not exist
[2024-10-12T13:12:25.366+0000] {Process_data.py:89} WARNING - ./incloud/Staging/Green_trip_files/green_tripdata_2024-05.parquet does not exist
[2024-10-12T13:12:25.366+0000] {Process_data.py:89} WARNING - ./incloud/Staging/Green_trip_files/green_tripdata_2024-06.parquet does not exist
[2024-10-12T13:12:25.366+0000] {taxi_trip.py:123} INFO - Files archive_green successfully.
[2024-10-12T13:12:25.369+0000] {Process_data.py:85} INFO - Moved ./incloud/Staging/yellow_trip_files/yellow_tripdata_2024-01.parquet to archive to /opt/***/incloud/Staging/archive/yellow_tripdata_2024-01.parquet
[2024-10-12T13:12:25.369+0000] {taxi_trip.py:128} INFO - Files archive_yellow successfully.
[2024-10-12T13:12:25.370+0000] {python.py:237} INFO - Done. Returned value was: None
[2024-10-12T13:12:25.370+0000] {taskinstance.py:441} INFO - ::group::Post task execution logs
[2024-10-12T13:12:25.378+0000] {taskinstance.py:1206} INFO - Marking task as SUCCESS. dag_id=Taxi_trip_pipeline, task_id=move_files_to_archive, run_id=manual__2024-10-12T13:03:08.986267+00:00, execution_date=20241012T130308, start_date=20241012T131225, end_date=20241012T131225
[2024-10-12T13:12:25.417+0000] {local_task_job_runner.py:240} INFO - Task exited with return code 0
[2024-10-12T13:12:25.447+0000] {taskinstance.py:3498} INFO - 3 downstream tasks scheduled from follow-on schedule check
[2024-10-12T13:12:25.448+0000] {local_task_job_runner.py:222} INFO - ::endgroup::
