[2024-10-12T10:00:05.885+0000] {local_task_job_runner.py:120} INFO - ::group::Pre task execution logs
[2024-10-12T10:00:05.908+0000] {taskinstance.py:2076} INFO - Dependencies all met for dep_context=non-requeueable deps ti=<TaskInstance: Taxi_trip_pipeline.dbt_transformation_layer.dbt_run_model_green_trip scheduled__2024-10-12T09:45:00+00:00 [queued]>
[2024-10-12T10:00:05.918+0000] {taskinstance.py:2076} INFO - Dependencies all met for dep_context=requeueable deps ti=<TaskInstance: Taxi_trip_pipeline.dbt_transformation_layer.dbt_run_model_green_trip scheduled__2024-10-12T09:45:00+00:00 [queued]>
[2024-10-12T10:00:05.918+0000] {taskinstance.py:2306} INFO - Starting attempt 1 of 1
[2024-10-12T10:00:05.938+0000] {taskinstance.py:2330} INFO - Executing <Task(BashOperator): dbt_transformation_layer.dbt_run_model_green_trip> on 2024-10-12 09:45:00+00:00
[2024-10-12T10:00:05.949+0000] {standard_task_runner.py:63} INFO - Started process 456 to run task
[2024-10-12T10:00:05.951+0000] {standard_task_runner.py:90} INFO - Running: ['***', 'tasks', 'run', 'Taxi_trip_pipeline', 'dbt_transformation_layer.dbt_run_model_green_trip', 'scheduled__2024-10-12T09:45:00+00:00', '--job-id', '588', '--raw', '--subdir', 'DAGS_FOLDER/taxi_trip.py', '--cfg-path', '/tmp/tmpf0msfiw4']
[2024-10-12T10:00:05.956+0000] {standard_task_runner.py:91} INFO - Job 588: Subtask dbt_transformation_layer.dbt_run_model_green_trip
[2024-10-12T10:00:06.010+0000] {task_command.py:426} INFO - Running <TaskInstance: Taxi_trip_pipeline.dbt_transformation_layer.dbt_run_model_green_trip scheduled__2024-10-12T09:45:00+00:00 [running]> on host cb13d84d2d77
[2024-10-12T10:00:06.108+0000] {taskinstance.py:2648} INFO - Exporting env vars: AIRFLOW_CTX_DAG_OWNER='Mahmoud' AIRFLOW_CTX_DAG_ID='Taxi_trip_pipeline' AIRFLOW_CTX_TASK_ID='dbt_transformation_layer.dbt_run_model_green_trip' AIRFLOW_CTX_EXECUTION_DATE='2024-10-12T09:45:00+00:00' AIRFLOW_CTX_TRY_NUMBER='1' AIRFLOW_CTX_DAG_RUN_ID='scheduled__2024-10-12T09:45:00+00:00'
[2024-10-12T10:00:06.109+0000] {taskinstance.py:430} INFO - ::endgroup::
[2024-10-12T10:00:06.126+0000] {subprocess.py:63} INFO - Tmp dir root location: /tmp
[2024-10-12T10:00:06.126+0000] {subprocess.py:75} INFO - Running command: ['/usr/bin/bash', '-c', 'dbt run --profiles-dir /opt/***/DBT_Project  --project-dir /opt/***/dbt_trip --models green_trip']
[2024-10-12T10:00:06.142+0000] {subprocess.py:86} INFO - Output:
[2024-10-12T10:00:08.828+0000] {subprocess.py:93} INFO - [0m10:00:08  Running with dbt=1.8.0
[2024-10-12T10:00:09.170+0000] {subprocess.py:93} INFO - [0m10:00:09  Registered adapter: postgres=1.8.0
[2024-10-12T10:00:09.664+0000] {subprocess.py:93} INFO - [0m10:00:09  [[33mWARNING[0m]: Configuration paths exist in your dbt_project.yml file which do not apply to any resources.
[2024-10-12T10:00:09.665+0000] {subprocess.py:93} INFO - There are 2 unused configuration paths:
[2024-10-12T10:00:09.665+0000] {subprocess.py:93} INFO - - models.fact_trip.Dimensions
[2024-10-12T10:00:09.666+0000] {subprocess.py:93} INFO - - models.fact_trip.staging
[2024-10-12T10:00:09.921+0000] {subprocess.py:93} INFO - [0m10:00:09  Found 4 models, 6 data tests, 3 sources, 566 macros
[2024-10-12T10:00:09.924+0000] {subprocess.py:93} INFO - [0m10:00:09
[2024-10-12T10:00:10.092+0000] {subprocess.py:93} INFO - [0m10:00:10  Concurrency: 3 threads (target='dev')
[2024-10-12T10:00:10.093+0000] {subprocess.py:93} INFO - [0m10:00:10
[2024-10-12T10:00:10.114+0000] {subprocess.py:93} INFO - [0m10:00:10  1 of 1 START sql view model analysis.green_trip ................................ [RUN]
[2024-10-12T10:00:10.386+0000] {subprocess.py:93} INFO - [0m10:00:10  1 of 1 OK created sql view model analysis.green_trip ........................... [[32mCREATE VIEW[0m in 0.27s]
[2024-10-12T10:00:10.409+0000] {subprocess.py:93} INFO - [0m10:00:10
[2024-10-12T10:00:10.410+0000] {subprocess.py:93} INFO - [0m10:00:10  Finished running 1 view model in 0 hours 0 minutes and 0.48 seconds (0.48s).
[2024-10-12T10:00:10.491+0000] {subprocess.py:93} INFO - [0m10:00:10
[2024-10-12T10:00:10.492+0000] {subprocess.py:93} INFO - [0m10:00:10  [32mCompleted successfully[0m
[2024-10-12T10:00:10.493+0000] {subprocess.py:93} INFO - [0m10:00:10
[2024-10-12T10:00:10.493+0000] {subprocess.py:93} INFO - [0m10:00:10  Done. PASS=1 WARN=0 ERROR=0 SKIP=0 TOTAL=1
[2024-10-12T10:00:17.314+0000] {subprocess.py:97} INFO - Command exited with return code 0
[2024-10-12T10:00:17.314+0000] {taskinstance.py:441} INFO - ::group::Post task execution logs
[2024-10-12T10:00:17.338+0000] {taskinstance.py:1206} INFO - Marking task as SUCCESS. dag_id=Taxi_trip_pipeline, task_id=dbt_transformation_layer.dbt_run_model_green_trip, run_id=scheduled__2024-10-12T09:45:00+00:00, execution_date=20241012T094500, start_date=20241012T100005, end_date=20241012T100017
[2024-10-12T10:00:17.387+0000] {local_task_job_runner.py:240} INFO - Task exited with return code 0
[2024-10-12T10:00:17.405+0000] {taskinstance.py:3498} INFO - 1 downstream tasks scheduled from follow-on schedule check
[2024-10-12T10:00:17.407+0000] {local_task_job_runner.py:222} INFO - ::endgroup::
