[2024-10-12T13:14:28.829+0000] {local_task_job_runner.py:120} INFO - ::group::Pre task execution logs
[2024-10-12T13:14:28.854+0000] {taskinstance.py:2076} INFO - Dependencies all met for dep_context=non-requeueable deps ti=<TaskInstance: Taxi_trip_pipeline.dbt_transformation_layer.dbt_run_model_green_trip manual__2024-10-12T13:14:09.615941+00:00 [queued]>
[2024-10-12T13:14:28.863+0000] {taskinstance.py:2076} INFO - Dependencies all met for dep_context=requeueable deps ti=<TaskInstance: Taxi_trip_pipeline.dbt_transformation_layer.dbt_run_model_green_trip manual__2024-10-12T13:14:09.615941+00:00 [queued]>
[2024-10-12T13:14:28.864+0000] {taskinstance.py:2306} INFO - Starting attempt 1 of 1
[2024-10-12T13:14:28.878+0000] {taskinstance.py:2330} INFO - Executing <Task(BashOperator): dbt_transformation_layer.dbt_run_model_green_trip> on 2024-10-12 13:14:09.615941+00:00
[2024-10-12T13:14:28.886+0000] {standard_task_runner.py:63} INFO - Started process 409 to run task
[2024-10-12T13:14:28.890+0000] {standard_task_runner.py:90} INFO - Running: ['***', 'tasks', 'run', 'Taxi_trip_pipeline', 'dbt_transformation_layer.dbt_run_model_green_trip', 'manual__2024-10-12T13:14:09.615941+00:00', '--job-id', '41', '--raw', '--subdir', 'DAGS_FOLDER/taxi_trip.py', '--cfg-path', '/tmp/tmp_ylal8ru']
[2024-10-12T13:14:28.892+0000] {standard_task_runner.py:91} INFO - Job 41: Subtask dbt_transformation_layer.dbt_run_model_green_trip
[2024-10-12T13:14:28.938+0000] {task_command.py:426} INFO - Running <TaskInstance: Taxi_trip_pipeline.dbt_transformation_layer.dbt_run_model_green_trip manual__2024-10-12T13:14:09.615941+00:00 [running]> on host ebdcf85807fc
[2024-10-12T13:14:29.026+0000] {taskinstance.py:2648} INFO - Exporting env vars: AIRFLOW_CTX_DAG_OWNER='Mahmoud' AIRFLOW_CTX_DAG_ID='Taxi_trip_pipeline' AIRFLOW_CTX_TASK_ID='dbt_transformation_layer.dbt_run_model_green_trip' AIRFLOW_CTX_EXECUTION_DATE='2024-10-12T13:14:09.615941+00:00' AIRFLOW_CTX_TRY_NUMBER='1' AIRFLOW_CTX_DAG_RUN_ID='manual__2024-10-12T13:14:09.615941+00:00'
[2024-10-12T13:14:29.027+0000] {taskinstance.py:430} INFO - ::endgroup::
[2024-10-12T13:14:29.039+0000] {subprocess.py:63} INFO - Tmp dir root location: /tmp
[2024-10-12T13:14:29.040+0000] {subprocess.py:75} INFO - Running command: ['/usr/bin/bash', '-c', 'dbt run --profiles-dir /opt/***/DBT_Project  --project-dir /opt/***/dbt_trip --models green_trip']
[2024-10-12T13:14:29.055+0000] {subprocess.py:86} INFO - Output:
[2024-10-12T13:14:31.252+0000] {subprocess.py:93} INFO - [0m13:14:31  Running with dbt=1.8.0
[2024-10-12T13:14:31.633+0000] {subprocess.py:93} INFO - [0m13:14:31  Registered adapter: postgres=1.8.0
[2024-10-12T13:14:31.916+0000] {subprocess.py:93} INFO - [0m13:14:31  [[33mWARNING[0m]: Configuration paths exist in your dbt_project.yml file which do not apply to any resources.
[2024-10-12T13:14:31.917+0000] {subprocess.py:93} INFO - There are 2 unused configuration paths:
[2024-10-12T13:14:31.917+0000] {subprocess.py:93} INFO - - models.fact_trip.Dimensions
[2024-10-12T13:14:31.917+0000] {subprocess.py:93} INFO - - models.fact_trip.staging
[2024-10-12T13:14:32.323+0000] {subprocess.py:93} INFO - [0m13:14:32  Found 4 models, 6 data tests, 3 sources, 566 macros
[2024-10-12T13:14:32.327+0000] {subprocess.py:93} INFO - [0m13:14:32
[2024-10-12T13:14:32.512+0000] {subprocess.py:93} INFO - [0m13:14:32  Concurrency: 3 threads (target='dev')
[2024-10-12T13:14:32.513+0000] {subprocess.py:93} INFO - [0m13:14:32
[2024-10-12T13:14:32.518+0000] {subprocess.py:93} INFO - [0m13:14:32  1 of 1 START sql view model analysis.green_trip ................................ [RUN]
[2024-10-12T13:14:32.747+0000] {subprocess.py:93} INFO - [0m13:14:32  1 of 1 OK created sql view model analysis.green_trip ........................... [[32mCREATE VIEW[0m in 0.23s]
[2024-10-12T13:14:32.760+0000] {subprocess.py:93} INFO - [0m13:14:32
[2024-10-12T13:14:32.761+0000] {subprocess.py:93} INFO - [0m13:14:32  Finished running 1 view model in 0 hours 0 minutes and 0.43 seconds (0.43s).
[2024-10-12T13:14:32.813+0000] {subprocess.py:93} INFO - [0m13:14:32
[2024-10-12T13:14:32.813+0000] {subprocess.py:93} INFO - [0m13:14:32  [32mCompleted successfully[0m
[2024-10-12T13:14:32.814+0000] {subprocess.py:93} INFO - [0m13:14:32
[2024-10-12T13:14:32.814+0000] {subprocess.py:93} INFO - [0m13:14:32  Done. PASS=1 WARN=0 ERROR=0 SKIP=0 TOTAL=1
[2024-10-12T13:14:34.742+0000] {subprocess.py:97} INFO - Command exited with return code 0
[2024-10-12T13:14:34.743+0000] {taskinstance.py:441} INFO - ::group::Post task execution logs
[2024-10-12T13:14:34.783+0000] {taskinstance.py:1206} INFO - Marking task as SUCCESS. dag_id=Taxi_trip_pipeline, task_id=dbt_transformation_layer.dbt_run_model_green_trip, run_id=manual__2024-10-12T13:14:09.615941+00:00, execution_date=20241012T131409, start_date=20241012T131428, end_date=20241012T131434
[2024-10-12T13:14:34.845+0000] {local_task_job_runner.py:240} INFO - Task exited with return code 0
[2024-10-12T13:14:34.867+0000] {taskinstance.py:3498} INFO - 0 downstream tasks scheduled from follow-on schedule check
[2024-10-12T13:14:34.869+0000] {local_task_job_runner.py:222} INFO - ::endgroup::
