[2024-10-01T15:28:25.662+0000] {local_task_job_runner.py:120} INFO - ::group::Pre task execution logs
[2024-10-01T15:28:25.684+0000] {taskinstance.py:2076} INFO - Dependencies all met for dep_context=non-requeueable deps ti=<TaskInstance: Taxi_trip_pipeline.dbt_transformation_layer.dbt_run_model_yellow_trip manual__2024-10-01T15:22:29.579715+00:00 [queued]>
[2024-10-01T15:28:25.694+0000] {taskinstance.py:2076} INFO - Dependencies all met for dep_context=requeueable deps ti=<TaskInstance: Taxi_trip_pipeline.dbt_transformation_layer.dbt_run_model_yellow_trip manual__2024-10-01T15:22:29.579715+00:00 [queued]>
[2024-10-01T15:28:25.694+0000] {taskinstance.py:2306} INFO - Starting attempt 1 of 1
[2024-10-01T15:28:25.706+0000] {taskinstance.py:2330} INFO - Executing <Task(BashOperator): dbt_transformation_layer.dbt_run_model_yellow_trip> on 2024-10-01 15:22:29.579715+00:00
[2024-10-01T15:28:25.714+0000] {standard_task_runner.py:63} INFO - Started process 2247 to run task
[2024-10-01T15:28:25.717+0000] {standard_task_runner.py:90} INFO - Running: ['***', 'tasks', 'run', 'Taxi_trip_pipeline', 'dbt_transformation_layer.dbt_run_model_yellow_trip', 'manual__2024-10-01T15:22:29.579715+00:00', '--job-id', '302', '--raw', '--subdir', 'DAGS_FOLDER/taxi_trip.py', '--cfg-path', '/tmp/tmpv4owl7qd']
[2024-10-01T15:28:25.720+0000] {standard_task_runner.py:91} INFO - Job 302: Subtask dbt_transformation_layer.dbt_run_model_yellow_trip
[2024-10-01T15:28:25.772+0000] {task_command.py:426} INFO - Running <TaskInstance: Taxi_trip_pipeline.dbt_transformation_layer.dbt_run_model_yellow_trip manual__2024-10-01T15:22:29.579715+00:00 [running]> on host fcb0f9e87e2b
[2024-10-01T15:28:25.881+0000] {taskinstance.py:2648} INFO - Exporting env vars: AIRFLOW_CTX_DAG_OWNER='Mahmoud' AIRFLOW_CTX_DAG_ID='Taxi_trip_pipeline' AIRFLOW_CTX_TASK_ID='dbt_transformation_layer.dbt_run_model_yellow_trip' AIRFLOW_CTX_EXECUTION_DATE='2024-10-01T15:22:29.579715+00:00' AIRFLOW_CTX_TRY_NUMBER='1' AIRFLOW_CTX_DAG_RUN_ID='manual__2024-10-01T15:22:29.579715+00:00'
[2024-10-01T15:28:25.883+0000] {taskinstance.py:430} INFO - ::endgroup::
[2024-10-01T15:28:25.896+0000] {subprocess.py:63} INFO - Tmp dir root location: /tmp
[2024-10-01T15:28:25.896+0000] {subprocess.py:75} INFO - Running command: ['/usr/bin/bash', '-c', 'dbt run --profiles-dir /opt/***/DBT_Project  --project-dir /opt/***/dbt_trip --models yellow_trip']
[2024-10-01T15:28:25.912+0000] {subprocess.py:86} INFO - Output:
[2024-10-01T15:28:28.775+0000] {subprocess.py:93} INFO - [0m15:28:28  Running with dbt=1.8.0
[2024-10-01T15:28:29.151+0000] {subprocess.py:93} INFO - [0m15:28:29  Registered adapter: postgres=1.8.0
[2024-10-01T15:28:29.538+0000] {subprocess.py:93} INFO - [0m15:28:29  [[33mWARNING[0m]: Configuration paths exist in your dbt_project.yml file which do not apply to any resources.
[2024-10-01T15:28:29.539+0000] {subprocess.py:93} INFO - There are 2 unused configuration paths:
[2024-10-01T15:28:29.539+0000] {subprocess.py:93} INFO - - models.fact_trip.staging
[2024-10-01T15:28:29.539+0000] {subprocess.py:93} INFO - - models.fact_trip.Dimensions
[2024-10-01T15:28:29.783+0000] {subprocess.py:93} INFO - [0m15:28:29  Found 4 models, 6 data tests, 3 sources, 566 macros
[2024-10-01T15:28:29.785+0000] {subprocess.py:93} INFO - [0m15:28:29
[2024-10-01T15:28:29.925+0000] {subprocess.py:93} INFO - [0m15:28:29  Concurrency: 3 threads (target='dev')
[2024-10-01T15:28:29.926+0000] {subprocess.py:93} INFO - [0m15:28:29
[2024-10-01T15:28:29.944+0000] {subprocess.py:93} INFO - [0m15:28:29  1 of 1 START sql view model analysis.yellow_trip ............................... [RUN]
[2024-10-01T15:28:30.099+0000] {subprocess.py:93} INFO - [0m15:28:30  1 of 1 OK created sql view model analysis.yellow_trip .......................... [[32mCREATE VIEW[0m in 0.15s]
[2024-10-01T15:28:30.112+0000] {subprocess.py:93} INFO - [0m15:28:30
[2024-10-01T15:28:30.113+0000] {subprocess.py:93} INFO - [0m15:28:30  Finished running 1 view model in 0 hours 0 minutes and 0.33 seconds (0.33s).
[2024-10-01T15:28:30.166+0000] {subprocess.py:93} INFO - [0m15:28:30
[2024-10-01T15:28:30.166+0000] {subprocess.py:93} INFO - [0m15:28:30  [32mCompleted successfully[0m
[2024-10-01T15:28:30.167+0000] {subprocess.py:93} INFO - [0m15:28:30
[2024-10-01T15:28:30.167+0000] {subprocess.py:93} INFO - [0m15:28:30  Done. PASS=1 WARN=0 ERROR=0 SKIP=0 TOTAL=1
[2024-10-01T15:28:31.141+0000] {subprocess.py:97} INFO - Command exited with return code 0
[2024-10-01T15:28:31.142+0000] {taskinstance.py:441} INFO - ::group::Post task execution logs
[2024-10-01T15:28:31.184+0000] {taskinstance.py:1206} INFO - Marking task as SUCCESS. dag_id=Taxi_trip_pipeline, task_id=dbt_transformation_layer.dbt_run_model_yellow_trip, run_id=manual__2024-10-01T15:22:29.579715+00:00, execution_date=20241001T152229, start_date=20241001T152825, end_date=20241001T152831
[2024-10-01T15:28:31.220+0000] {local_task_job_runner.py:240} INFO - Task exited with return code 0
[2024-10-01T15:28:31.260+0000] {taskinstance.py:3498} INFO - 1 downstream tasks scheduled from follow-on schedule check
[2024-10-01T15:28:31.268+0000] {local_task_job_runner.py:222} INFO - ::endgroup::
