[2024-09-24T08:18:49.036+0000] {local_task_job_runner.py:120} INFO - ::group::Pre task execution logs
[2024-09-24T08:18:49.063+0000] {taskinstance.py:2076} INFO - Dependencies all met for dep_context=non-requeueable deps ti=<TaskInstance: Taxi_trip_pipeline.extraction_group.extract_yellow_date manual__2024-09-24T08:18:47.747664+00:00 [queued]>
[2024-09-24T08:18:49.074+0000] {taskinstance.py:2076} INFO - Dependencies all met for dep_context=requeueable deps ti=<TaskInstance: Taxi_trip_pipeline.extraction_group.extract_yellow_date manual__2024-09-24T08:18:47.747664+00:00 [queued]>
[2024-09-24T08:18:49.075+0000] {taskinstance.py:2306} INFO - Starting attempt 1 of 1
[2024-09-24T08:18:49.087+0000] {taskinstance.py:2330} INFO - Executing <Task(PythonOperator): extraction_group.extract_yellow_date> on 2024-09-24 08:18:47.747664+00:00
[2024-09-24T08:18:49.095+0000] {standard_task_runner.py:63} INFO - Started process 155 to run task
[2024-09-24T08:18:49.098+0000] {standard_task_runner.py:90} INFO - Running: ['***', 'tasks', 'run', 'Taxi_trip_pipeline', 'extraction_group.extract_yellow_date', 'manual__2024-09-24T08:18:47.747664+00:00', '--job-id', '80', '--raw', '--subdir', 'DAGS_FOLDER/taxi_trip.py', '--cfg-path', '/tmp/tmpu8bkwd55']
[2024-09-24T08:18:49.100+0000] {standard_task_runner.py:91} INFO - Job 80: Subtask extraction_group.extract_yellow_date
[2024-09-24T08:18:49.148+0000] {task_command.py:426} INFO - Running <TaskInstance: Taxi_trip_pipeline.extraction_group.extract_yellow_date manual__2024-09-24T08:18:47.747664+00:00 [running]> on host 457e36aa430f
[2024-09-24T08:18:49.238+0000] {taskinstance.py:2648} INFO - Exporting env vars: AIRFLOW_CTX_DAG_OWNER='Mahmoud' AIRFLOW_CTX_DAG_ID='Taxi_trip_pipeline' AIRFLOW_CTX_TASK_ID='extraction_group.extract_yellow_date' AIRFLOW_CTX_EXECUTION_DATE='2024-09-24T08:18:47.747664+00:00' AIRFLOW_CTX_TRY_NUMBER='1' AIRFLOW_CTX_DAG_RUN_ID='manual__2024-09-24T08:18:47.747664+00:00'
[2024-09-24T08:18:49.240+0000] {taskinstance.py:430} INFO - ::endgroup::
[2024-09-24T08:18:49.251+0000] {taxi_trip.py:44} INFO - Data extraction for yellow trip started
[2024-09-24T08:18:49.252+0000] {Process_data.py:32} INFO - Start transforming Yellow Trip data...
[2024-09-24T08:19:22.400+0000] {Process_data.py:44} INFO - Storing  yellow Trip data completed successfully
[2024-09-24T08:19:22.414+0000] {taxi_trip.py:46} INFO - Data extraction for yellow trip done
[2024-09-24T08:19:22.414+0000] {python.py:237} INFO - Done. Returned value was: None
[2024-09-24T08:19:22.414+0000] {taskinstance.py:441} INFO - ::group::Post task execution logs
[2024-09-24T08:19:22.422+0000] {taskinstance.py:1206} INFO - Marking task as SUCCESS. dag_id=Taxi_trip_pipeline, task_id=extraction_group.extract_yellow_date, run_id=manual__2024-09-24T08:18:47.747664+00:00, execution_date=20240924T081847, start_date=20240924T081849, end_date=20240924T081922
[2024-09-24T08:19:22.484+0000] {local_task_job_runner.py:240} INFO - Task exited with return code 0
[2024-09-24T08:19:22.502+0000] {taskinstance.py:3498} INFO - 3 downstream tasks scheduled from follow-on schedule check
[2024-09-24T08:19:22.503+0000] {local_task_job_runner.py:222} INFO - ::endgroup::
