[2024-09-28T06:35:48.610+0000] {local_task_job_runner.py:120} INFO - ::group::Pre task execution logs
[2024-09-28T06:35:48.653+0000] {taskinstance.py:2076} INFO - Dependencies all met for dep_context=non-requeueable deps ti=<TaskInstance: Taxi_trip_pipeline.extraction_layer.extract_yellow_date manual__2024-09-28T06:35:47.430250+00:00 [queued]>
[2024-09-28T06:35:48.665+0000] {taskinstance.py:2076} INFO - Dependencies all met for dep_context=requeueable deps ti=<TaskInstance: Taxi_trip_pipeline.extraction_layer.extract_yellow_date manual__2024-09-28T06:35:47.430250+00:00 [queued]>
[2024-09-28T06:35:48.665+0000] {taskinstance.py:2306} INFO - Starting attempt 1 of 1
[2024-09-28T06:35:48.682+0000] {taskinstance.py:2330} INFO - Executing <Task(PythonOperator): extraction_layer.extract_yellow_date> on 2024-09-28 06:35:47.430250+00:00
[2024-09-28T06:35:48.689+0000] {standard_task_runner.py:63} INFO - Started process 140 to run task
[2024-09-28T06:35:48.694+0000] {standard_task_runner.py:90} INFO - Running: ['***', 'tasks', 'run', 'Taxi_trip_pipeline', 'extraction_layer.extract_yellow_date', 'manual__2024-09-28T06:35:47.430250+00:00', '--job-id', '227', '--raw', '--subdir', 'DAGS_FOLDER/taxi_trip.py', '--cfg-path', '/tmp/tmp9q0u3bf0']
[2024-09-28T06:35:48.698+0000] {standard_task_runner.py:91} INFO - Job 227: Subtask extraction_layer.extract_yellow_date
[2024-09-28T06:35:48.747+0000] {task_command.py:426} INFO - Running <TaskInstance: Taxi_trip_pipeline.extraction_layer.extract_yellow_date manual__2024-09-28T06:35:47.430250+00:00 [running]> on host d7ea763741e5
[2024-09-28T06:35:48.894+0000] {taskinstance.py:2648} INFO - Exporting env vars: AIRFLOW_CTX_DAG_OWNER='Mahmoud' AIRFLOW_CTX_DAG_ID='Taxi_trip_pipeline' AIRFLOW_CTX_TASK_ID='extraction_layer.extract_yellow_date' AIRFLOW_CTX_EXECUTION_DATE='2024-09-28T06:35:47.430250+00:00' AIRFLOW_CTX_TRY_NUMBER='1' AIRFLOW_CTX_DAG_RUN_ID='manual__2024-09-28T06:35:47.430250+00:00'
[2024-09-28T06:35:48.897+0000] {taskinstance.py:430} INFO - ::endgroup::
[2024-09-28T06:35:48.921+0000] {taxi_trip.py:51} INFO - Data extraction for yellow trip started
[2024-09-28T06:35:48.934+0000] {db_utils.py:16} INFO - Connected to PostgreSQL database successfully
[2024-09-28T06:35:48.934+0000] {Process_data.py:44} INFO - Start transforming Yellow Trip data...
[2024-09-28T06:35:48.939+0000] {Process_data.py:52} INFO - File yellow_tripdata_2024-01.parquet has already been processed. Skipping...
[2024-09-28T06:35:48.940+0000] {taxi_trip.py:54} INFO - Data extraction for yellow trip done
[2024-09-28T06:35:48.940+0000] {taxi_trip.py:60} WARNING - No data found for yellow trip
[2024-09-28T06:35:48.940+0000] {python.py:237} INFO - Done. Returned value was: None
[2024-09-28T06:35:48.941+0000] {taskinstance.py:441} INFO - ::group::Post task execution logs
[2024-09-28T06:35:48.956+0000] {taskinstance.py:1206} INFO - Marking task as SUCCESS. dag_id=Taxi_trip_pipeline, task_id=extraction_layer.extract_yellow_date, run_id=manual__2024-09-28T06:35:47.430250+00:00, execution_date=20240928T063547, start_date=20240928T063548, end_date=20240928T063548
[2024-09-28T06:35:48.987+0000] {local_task_job_runner.py:240} INFO - Task exited with return code 0
[2024-09-28T06:35:49.043+0000] {taskinstance.py:3498} INFO - 1 downstream tasks scheduled from follow-on schedule check
[2024-09-28T06:35:49.046+0000] {local_task_job_runner.py:222} INFO - ::endgroup::
