[2024-09-28T19:01:46.223+0000] {local_task_job_runner.py:120} INFO - ::group::Pre task execution logs
[2024-09-28T19:01:46.243+0000] {taskinstance.py:2076} INFO - Dependencies all met for dep_context=non-requeueable deps ti=<TaskInstance: Taxi_trip_pipeline.extraction_layer.extract_green_date manual__2024-09-28T19:01:44.208429+00:00 [queued]>
[2024-09-28T19:01:46.253+0000] {taskinstance.py:2076} INFO - Dependencies all met for dep_context=requeueable deps ti=<TaskInstance: Taxi_trip_pipeline.extraction_layer.extract_green_date manual__2024-09-28T19:01:44.208429+00:00 [queued]>
[2024-09-28T19:01:46.253+0000] {taskinstance.py:2306} INFO - Starting attempt 1 of 1
[2024-09-28T19:01:46.265+0000] {taskinstance.py:2330} INFO - Executing <Task(PythonOperator): extraction_layer.extract_green_date> on 2024-09-28 19:01:44.208429+00:00
[2024-09-28T19:01:46.272+0000] {standard_task_runner.py:63} INFO - Started process 95 to run task
[2024-09-28T19:01:46.274+0000] {standard_task_runner.py:90} INFO - Running: ['***', 'tasks', 'run', 'Taxi_trip_pipeline', 'extraction_layer.extract_green_date', 'manual__2024-09-28T19:01:44.208429+00:00', '--job-id', '233', '--raw', '--subdir', 'DAGS_FOLDER/taxi_trip.py', '--cfg-path', '/tmp/tmp9tjduvrm']
[2024-09-28T19:01:46.276+0000] {standard_task_runner.py:91} INFO - Job 233: Subtask extraction_layer.extract_green_date
[2024-09-28T19:01:46.323+0000] {task_command.py:426} INFO - Running <TaskInstance: Taxi_trip_pipeline.extraction_layer.extract_green_date manual__2024-09-28T19:01:44.208429+00:00 [running]> on host a802ffefc15a
[2024-09-28T19:01:46.414+0000] {taskinstance.py:2648} INFO - Exporting env vars: AIRFLOW_CTX_DAG_OWNER='Mahmoud' AIRFLOW_CTX_DAG_ID='Taxi_trip_pipeline' AIRFLOW_CTX_TASK_ID='extraction_layer.extract_green_date' AIRFLOW_CTX_EXECUTION_DATE='2024-09-28T19:01:44.208429+00:00' AIRFLOW_CTX_TRY_NUMBER='1' AIRFLOW_CTX_DAG_RUN_ID='manual__2024-09-28T19:01:44.208429+00:00'
[2024-09-28T19:01:46.415+0000] {taskinstance.py:430} INFO - ::endgroup::
[2024-09-28T19:01:46.444+0000] {taxi_trip.py:37} INFO - Data extraction for green trip started
[2024-09-28T19:01:46.452+0000] {db_utils.py:16} INFO - Connected to PostgreSQL database successfully
[2024-09-28T19:01:46.452+0000] {Process_data.py:16} INFO - Start transforming Green Trip data...
[2024-09-28T19:01:46.457+0000] {Process_data.py:24} INFO - File green_tripdata_2024-01.parquet has already been extracted before . Skipping......
[2024-09-28T19:01:46.457+0000] {taxi_trip.py:40} INFO - Data extraction for green trip done
[2024-09-28T19:01:46.458+0000] {taxi_trip.py:46} WARNING - No data found for green trip
[2024-09-28T19:01:46.458+0000] {python.py:237} INFO - Done. Returned value was: None
[2024-09-28T19:01:46.458+0000] {taskinstance.py:441} INFO - ::group::Post task execution logs
[2024-09-28T19:01:46.469+0000] {taskinstance.py:1206} INFO - Marking task as SUCCESS. dag_id=Taxi_trip_pipeline, task_id=extraction_layer.extract_green_date, run_id=manual__2024-09-28T19:01:44.208429+00:00, execution_date=20240928T190144, start_date=20240928T190146, end_date=20240928T190146
[2024-09-28T19:01:46.526+0000] {local_task_job_runner.py:240} INFO - Task exited with return code 0
[2024-09-28T19:01:46.567+0000] {taskinstance.py:3498} INFO - 1 downstream tasks scheduled from follow-on schedule check
[2024-09-28T19:01:46.569+0000] {local_task_job_runner.py:222} INFO - ::endgroup::
