[2024-09-30T20:10:51.654+0000] {local_task_job_runner.py:120} INFO - ::group::Pre task execution logs
[2024-09-30T20:10:51.678+0000] {taskinstance.py:2076} INFO - Dependencies all met for dep_context=non-requeueable deps ti=<TaskInstance: Taxi_trip_pipeline.mark_files_as_processed manual__2024-09-30T20:06:06.934643+00:00 [queued]>
[2024-09-30T20:10:51.689+0000] {taskinstance.py:2076} INFO - Dependencies all met for dep_context=requeueable deps ti=<TaskInstance: Taxi_trip_pipeline.mark_files_as_processed manual__2024-09-30T20:06:06.934643+00:00 [queued]>
[2024-09-30T20:10:51.690+0000] {taskinstance.py:2306} INFO - Starting attempt 1 of 1
[2024-09-30T20:10:51.702+0000] {taskinstance.py:2330} INFO - Executing <Task(PythonOperator): mark_files_as_processed> on 2024-09-30 20:06:06.934643+00:00
[2024-09-30T20:10:51.709+0000] {standard_task_runner.py:63} INFO - Started process 963 to run task
[2024-09-30T20:10:51.712+0000] {standard_task_runner.py:90} INFO - Running: ['***', 'tasks', 'run', 'Taxi_trip_pipeline', 'mark_files_as_processed', 'manual__2024-09-30T20:06:06.934643+00:00', '--job-id', '97', '--raw', '--subdir', 'DAGS_FOLDER/taxi_trip.py', '--cfg-path', '/tmp/tmpudbfltpl']
[2024-09-30T20:10:51.714+0000] {standard_task_runner.py:91} INFO - Job 97: Subtask mark_files_as_processed
[2024-09-30T20:10:51.758+0000] {task_command.py:426} INFO - Running <TaskInstance: Taxi_trip_pipeline.mark_files_as_processed manual__2024-09-30T20:06:06.934643+00:00 [running]> on host 72cf0e8bafa8
[2024-09-30T20:10:51.841+0000] {taskinstance.py:2648} INFO - Exporting env vars: AIRFLOW_CTX_DAG_OWNER='Mahmoud' AIRFLOW_CTX_DAG_ID='Taxi_trip_pipeline' AIRFLOW_CTX_TASK_ID='mark_files_as_processed' AIRFLOW_CTX_EXECUTION_DATE='2024-09-30T20:06:06.934643+00:00' AIRFLOW_CTX_TRY_NUMBER='1' AIRFLOW_CTX_DAG_RUN_ID='manual__2024-09-30T20:06:06.934643+00:00'
[2024-09-30T20:10:51.842+0000] {taskinstance.py:430} INFO - ::endgroup::
[2024-09-30T20:10:51.874+0000] {db_utils.py:16} INFO - Connected to PostgreSQL database successfully
[2024-09-30T20:10:51.897+0000] {taxi_trip.py:102} INFO - Marked green trip files as processed.
[2024-09-30T20:10:51.898+0000] {taxi_trip.py:107} INFO - Marked yellow trip files as processed.
[2024-09-30T20:10:51.898+0000] {taxi_trip.py:109} INFO - All files marked as processed successfully.
[2024-09-30T20:10:51.899+0000] {python.py:237} INFO - Done. Returned value was: None
[2024-09-30T20:10:51.899+0000] {taskinstance.py:441} INFO - ::group::Post task execution logs
[2024-09-30T20:10:51.908+0000] {taskinstance.py:1206} INFO - Marking task as SUCCESS. dag_id=Taxi_trip_pipeline, task_id=mark_files_as_processed, run_id=manual__2024-09-30T20:06:06.934643+00:00, execution_date=20240930T200606, start_date=20240930T201051, end_date=20240930T201051
[2024-09-30T20:10:51.964+0000] {local_task_job_runner.py:240} INFO - Task exited with return code 0
[2024-09-30T20:10:51.996+0000] {taskinstance.py:3498} INFO - 3 downstream tasks scheduled from follow-on schedule check
[2024-09-30T20:10:51.997+0000] {local_task_job_runner.py:222} INFO - ::endgroup::
