[2024-10-01T15:45:01.461+0000] {local_task_job_runner.py:120} INFO - ::group::Pre task execution logs
[2024-10-01T15:45:01.482+0000] {taskinstance.py:2076} INFO - Dependencies all met for dep_context=non-requeueable deps ti=<TaskInstance: Taxi_trip_pipeline.extraction_layer.extract_yellow_date scheduled__2024-10-01T15:30:00+00:00 [queued]>
[2024-10-01T15:45:01.491+0000] {taskinstance.py:2076} INFO - Dependencies all met for dep_context=requeueable deps ti=<TaskInstance: Taxi_trip_pipeline.extraction_layer.extract_yellow_date scheduled__2024-10-01T15:30:00+00:00 [queued]>
[2024-10-01T15:45:01.491+0000] {taskinstance.py:2306} INFO - Starting attempt 1 of 1
[2024-10-01T15:45:01.503+0000] {taskinstance.py:2330} INFO - Executing <Task(PythonOperator): extraction_layer.extract_yellow_date> on 2024-10-01 15:30:00+00:00
[2024-10-01T15:45:01.510+0000] {standard_task_runner.py:63} INFO - Started process 2464 to run task
[2024-10-01T15:45:01.513+0000] {standard_task_runner.py:90} INFO - Running: ['***', 'tasks', 'run', 'Taxi_trip_pipeline', 'extraction_layer.extract_yellow_date', 'scheduled__2024-10-01T15:30:00+00:00', '--job-id', '322', '--raw', '--subdir', 'DAGS_FOLDER/taxi_trip.py', '--cfg-path', '/tmp/tmpmn8b_f9n']
[2024-10-01T15:45:01.515+0000] {standard_task_runner.py:91} INFO - Job 322: Subtask extraction_layer.extract_yellow_date
[2024-10-01T15:45:01.562+0000] {task_command.py:426} INFO - Running <TaskInstance: Taxi_trip_pipeline.extraction_layer.extract_yellow_date scheduled__2024-10-01T15:30:00+00:00 [running]> on host fcb0f9e87e2b
[2024-10-01T15:45:01.660+0000] {taskinstance.py:2648} INFO - Exporting env vars: AIRFLOW_CTX_DAG_OWNER='Mahmoud' AIRFLOW_CTX_DAG_ID='Taxi_trip_pipeline' AIRFLOW_CTX_TASK_ID='extraction_layer.extract_yellow_date' AIRFLOW_CTX_EXECUTION_DATE='2024-10-01T15:30:00+00:00' AIRFLOW_CTX_TRY_NUMBER='1' AIRFLOW_CTX_DAG_RUN_ID='scheduled__2024-10-01T15:30:00+00:00'
[2024-10-01T15:45:01.661+0000] {taskinstance.py:430} INFO - ::endgroup::
[2024-10-01T15:45:01.676+0000] {taxi_trip.py:52} INFO - Data extraction for yellow trip started
[2024-10-01T15:45:01.683+0000] {db_utils.py:16} INFO - Connected to PostgreSQL database successfully
[2024-10-01T15:45:01.683+0000] {Process_data.py:44} INFO - Start transforming Yellow Trip data...
[2024-10-01T15:45:01.685+0000] {Process_data.py:52} INFO - File yellow_tripdata_2024-02.parquet has already been extracted before . Skipping......
[2024-10-01T15:45:01.686+0000] {Process_data.py:52} INFO - File yellow_tripdata_2024-01.parquet has already been extracted before . Skipping......
[2024-10-01T15:45:01.687+0000] {Process_data.py:52} INFO - File green_tripdata_2024-04.parquet has already been extracted before . Skipping......
[2024-10-01T15:45:01.687+0000] {Process_data.py:52} INFO - File yellow_tripdata_2024-03.parquet has already been extracted before . Skipping......
[2024-10-01T15:45:01.688+0000] {taxi_trip.py:55} INFO - Data extraction for yellow trip done
[2024-10-01T15:45:01.688+0000] {taxi_trip.py:61} WARNING - No data found for yellow trip
[2024-10-01T15:45:01.688+0000] {python.py:237} INFO - Done. Returned value was: None
[2024-10-01T15:45:01.689+0000] {taskinstance.py:441} INFO - ::group::Post task execution logs
[2024-10-01T15:45:01.698+0000] {taskinstance.py:1206} INFO - Marking task as SUCCESS. dag_id=Taxi_trip_pipeline, task_id=extraction_layer.extract_yellow_date, run_id=scheduled__2024-10-01T15:30:00+00:00, execution_date=20241001T153000, start_date=20241001T154501, end_date=20241001T154501
[2024-10-01T15:45:01.725+0000] {local_task_job_runner.py:240} INFO - Task exited with return code 0
[2024-10-01T15:45:01.761+0000] {taskinstance.py:3498} INFO - 1 downstream tasks scheduled from follow-on schedule check
[2024-10-01T15:45:01.763+0000] {local_task_job_runner.py:222} INFO - ::endgroup::
