[2024-10-01T15:46:46.861+0000] {local_task_job_runner.py:120} INFO - ::group::Pre task execution logs
[2024-10-01T15:46:46.882+0000] {taskinstance.py:2076} INFO - Dependencies all met for dep_context=non-requeueable deps ti=<TaskInstance: Taxi_trip_pipeline.extraction_layer.extract_yellow_date scheduled__2024-10-01T15:30:00+00:00 [queued]>
[2024-10-01T15:46:46.890+0000] {taskinstance.py:2076} INFO - Dependencies all met for dep_context=requeueable deps ti=<TaskInstance: Taxi_trip_pipeline.extraction_layer.extract_yellow_date scheduled__2024-10-01T15:30:00+00:00 [queued]>
[2024-10-01T15:46:46.890+0000] {taskinstance.py:2306} INFO - Starting attempt 2 of 2
[2024-10-01T15:46:46.902+0000] {taskinstance.py:2330} INFO - Executing <Task(PythonOperator): extraction_layer.extract_yellow_date> on 2024-10-01 15:30:00+00:00
[2024-10-01T15:46:46.909+0000] {standard_task_runner.py:63} INFO - Started process 2533 to run task
[2024-10-01T15:46:46.912+0000] {standard_task_runner.py:90} INFO - Running: ['***', 'tasks', 'run', 'Taxi_trip_pipeline', 'extraction_layer.extract_yellow_date', 'scheduled__2024-10-01T15:30:00+00:00', '--job-id', '331', '--raw', '--subdir', 'DAGS_FOLDER/taxi_trip.py', '--cfg-path', '/tmp/tmp8g5jzq4l']
[2024-10-01T15:46:46.914+0000] {standard_task_runner.py:91} INFO - Job 331: Subtask extraction_layer.extract_yellow_date
[2024-10-01T15:46:46.959+0000] {task_command.py:426} INFO - Running <TaskInstance: Taxi_trip_pipeline.extraction_layer.extract_yellow_date scheduled__2024-10-01T15:30:00+00:00 [running]> on host fcb0f9e87e2b
[2024-10-01T15:46:47.043+0000] {taskinstance.py:2648} INFO - Exporting env vars: AIRFLOW_CTX_DAG_OWNER='Mahmoud' AIRFLOW_CTX_DAG_ID='Taxi_trip_pipeline' AIRFLOW_CTX_TASK_ID='extraction_layer.extract_yellow_date' AIRFLOW_CTX_EXECUTION_DATE='2024-10-01T15:30:00+00:00' AIRFLOW_CTX_TRY_NUMBER='2' AIRFLOW_CTX_DAG_RUN_ID='scheduled__2024-10-01T15:30:00+00:00'
[2024-10-01T15:46:47.044+0000] {taskinstance.py:430} INFO - ::endgroup::
[2024-10-01T15:46:47.056+0000] {taxi_trip.py:52} INFO - Data extraction for yellow trip started
[2024-10-01T15:46:47.064+0000] {db_utils.py:16} INFO - Connected to PostgreSQL database successfully
[2024-10-01T15:46:47.065+0000] {Process_data.py:44} INFO - Start transforming Yellow Trip data...
[2024-10-01T15:46:47.066+0000] {Process_data.py:52} INFO - File yellow_tripdata_2024-02.parquet has already been extracted before . Skipping......
[2024-10-01T15:46:47.067+0000] {Process_data.py:55} INFO - Processing file yellow_tripdata_2024-04.parquet...
[2024-10-01T15:46:47.363+0000] {Process_data.py:52} INFO - File yellow_tripdata_2024-01.parquet has already been extracted before . Skipping......
[2024-10-01T15:46:47.363+0000] {Process_data.py:52} INFO - File yellow_tripdata_2024-03.parquet has already been extracted before . Skipping......
[2024-10-01T15:46:47.634+0000] {Process_data.py:64} INFO - Yellow trip dataframe with 3514289 rows
[2024-10-01T15:46:47.642+0000] {taxi_trip.py:55} INFO - Data extraction for yellow trip done
[2024-10-01T15:46:59.376+0000] {taxi_trip.py:59} INFO - Pushed yellow trip data with 3514289 rows to XCom
[2024-10-01T15:46:59.392+0000] {python.py:237} INFO - Done. Returned value was: None
[2024-10-01T15:46:59.393+0000] {taskinstance.py:441} INFO - ::group::Post task execution logs
[2024-10-01T15:46:59.403+0000] {taskinstance.py:1206} INFO - Marking task as SUCCESS. dag_id=Taxi_trip_pipeline, task_id=extraction_layer.extract_yellow_date, run_id=scheduled__2024-10-01T15:30:00+00:00, execution_date=20241001T153000, start_date=20241001T154646, end_date=20241001T154659
[2024-10-01T15:46:59.505+0000] {local_task_job_runner.py:240} INFO - Task exited with return code 0
[2024-10-01T15:46:59.537+0000] {taskinstance.py:3498} INFO - 1 downstream tasks scheduled from follow-on schedule check
[2024-10-01T15:46:59.539+0000] {local_task_job_runner.py:222} INFO - ::endgroup::
