[2024-09-24T10:10:02.115+0000] {local_task_job_runner.py:120} INFO - ::group::Pre task execution logs
[2024-09-24T10:10:02.140+0000] {taskinstance.py:2076} INFO - Dependencies all met for dep_context=non-requeueable deps ti=<TaskInstance: Taxi_trip_pipeline.extraction_group.extract_green_date manual__2024-09-24T10:10:00.521965+00:00 [queued]>
[2024-09-24T10:10:02.150+0000] {taskinstance.py:2076} INFO - Dependencies all met for dep_context=requeueable deps ti=<TaskInstance: Taxi_trip_pipeline.extraction_group.extract_green_date manual__2024-09-24T10:10:00.521965+00:00 [queued]>
[2024-09-24T10:10:02.150+0000] {taskinstance.py:2306} INFO - Starting attempt 1 of 1
[2024-09-24T10:10:02.162+0000] {taskinstance.py:2330} INFO - Executing <Task(PythonOperator): extraction_group.extract_green_date> on 2024-09-24 10:10:00.521965+00:00
[2024-09-24T10:10:02.169+0000] {standard_task_runner.py:63} INFO - Started process 290 to run task
[2024-09-24T10:10:02.171+0000] {standard_task_runner.py:90} INFO - Running: ['***', 'tasks', 'run', 'Taxi_trip_pipeline', 'extraction_group.extract_green_date', 'manual__2024-09-24T10:10:00.521965+00:00', '--job-id', '106', '--raw', '--subdir', 'DAGS_FOLDER/taxi_trip.py', '--cfg-path', '/tmp/tmpm276uevm']
[2024-09-24T10:10:02.174+0000] {standard_task_runner.py:91} INFO - Job 106: Subtask extraction_group.extract_green_date
[2024-09-24T10:10:02.216+0000] {task_command.py:426} INFO - Running <TaskInstance: Taxi_trip_pipeline.extraction_group.extract_green_date manual__2024-09-24T10:10:00.521965+00:00 [running]> on host 457e36aa430f
[2024-09-24T10:10:02.294+0000] {taskinstance.py:2648} INFO - Exporting env vars: AIRFLOW_CTX_DAG_OWNER='Mahmoud' AIRFLOW_CTX_DAG_ID='Taxi_trip_pipeline' AIRFLOW_CTX_TASK_ID='extraction_group.extract_green_date' AIRFLOW_CTX_EXECUTION_DATE='2024-09-24T10:10:00.521965+00:00' AIRFLOW_CTX_TRY_NUMBER='1' AIRFLOW_CTX_DAG_RUN_ID='manual__2024-09-24T10:10:00.521965+00:00'
[2024-09-24T10:10:02.295+0000] {taskinstance.py:430} INFO - ::endgroup::
[2024-09-24T10:10:02.307+0000] {taxi_trip.py:36} INFO - Data extraction for green trip started
[2024-09-24T10:10:02.308+0000] {Process_data.py:14} INFO - Start transforming Green Trip data...
[2024-09-24T10:10:03.378+0000] {Process_data.py:26} INFO - Storing valid Green Trip data completed successfully
[2024-09-24T10:10:03.378+0000] {taxi_trip.py:38} INFO - Data extraction for green trip done
[2024-09-24T10:10:03.378+0000] {python.py:237} INFO - Done. Returned value was: None
[2024-09-24T10:10:03.379+0000] {taskinstance.py:441} INFO - ::group::Post task execution logs
[2024-09-24T10:10:03.387+0000] {taskinstance.py:1206} INFO - Marking task as SUCCESS. dag_id=Taxi_trip_pipeline, task_id=extraction_group.extract_green_date, run_id=manual__2024-09-24T10:10:00.521965+00:00, execution_date=20240924T101000, start_date=20240924T101002, end_date=20240924T101003
[2024-09-24T10:10:03.429+0000] {local_task_job_runner.py:240} INFO - Task exited with return code 0
[2024-09-24T10:10:03.452+0000] {taskinstance.py:3498} INFO - 0 downstream tasks scheduled from follow-on schedule check
[2024-09-24T10:10:03.454+0000] {local_task_job_runner.py:222} INFO - ::endgroup::
