[2024-09-30T17:37:21.277+0000] {local_task_job_runner.py:120} INFO - ::group::Pre task execution logs
[2024-09-30T17:37:21.303+0000] {taskinstance.py:2076} INFO - Dependencies all met for dep_context=non-requeueable deps ti=<TaskInstance: Taxi_trip_pipeline.extraction_layer.extract_green_date manual__2024-09-30T17:37:19.589455+00:00 [queued]>
[2024-09-30T17:37:21.313+0000] {taskinstance.py:2076} INFO - Dependencies all met for dep_context=requeueable deps ti=<TaskInstance: Taxi_trip_pipeline.extraction_layer.extract_green_date manual__2024-09-30T17:37:19.589455+00:00 [queued]>
[2024-09-30T17:37:21.313+0000] {taskinstance.py:2306} INFO - Starting attempt 1 of 1
[2024-09-30T17:37:21.330+0000] {taskinstance.py:2330} INFO - Executing <Task(PythonOperator): extraction_layer.extract_green_date> on 2024-09-30 17:37:19.589455+00:00
[2024-09-30T17:37:21.338+0000] {standard_task_runner.py:63} INFO - Started process 109 to run task
[2024-09-30T17:37:21.341+0000] {standard_task_runner.py:90} INFO - Running: ['***', 'tasks', 'run', 'Taxi_trip_pipeline', 'extraction_layer.extract_green_date', 'manual__2024-09-30T17:37:19.589455+00:00', '--job-id', '35', '--raw', '--subdir', 'DAGS_FOLDER/taxi_trip.py', '--cfg-path', '/tmp/tmpr6725ybo']
[2024-09-30T17:37:21.343+0000] {standard_task_runner.py:91} INFO - Job 35: Subtask extraction_layer.extract_green_date
[2024-09-30T17:37:21.389+0000] {task_command.py:426} INFO - Running <TaskInstance: Taxi_trip_pipeline.extraction_layer.extract_green_date manual__2024-09-30T17:37:19.589455+00:00 [running]> on host 72cf0e8bafa8
[2024-09-30T17:37:21.467+0000] {taskinstance.py:2648} INFO - Exporting env vars: AIRFLOW_CTX_DAG_OWNER='Mahmoud' AIRFLOW_CTX_DAG_ID='Taxi_trip_pipeline' AIRFLOW_CTX_TASK_ID='extraction_layer.extract_green_date' AIRFLOW_CTX_EXECUTION_DATE='2024-09-30T17:37:19.589455+00:00' AIRFLOW_CTX_TRY_NUMBER='1' AIRFLOW_CTX_DAG_RUN_ID='manual__2024-09-30T17:37:19.589455+00:00'
[2024-09-30T17:37:21.468+0000] {taskinstance.py:430} INFO - ::endgroup::
[2024-09-30T17:37:21.480+0000] {taxi_trip.py:37} INFO - Data extraction for green trip started
[2024-09-30T17:37:21.486+0000] {db_utils.py:16} INFO - Connected to PostgreSQL database successfully
[2024-09-30T17:37:21.487+0000] {Process_data.py:16} INFO - Start transforming Green Trip data...
[2024-09-30T17:37:21.488+0000] {Process_data.py:27} INFO - Processing file green_tripdata_2024-01.parquet...
[2024-09-30T17:37:21.736+0000] {Process_data.py:35} INFO - Green trip dataframe with 56551 rows
[2024-09-30T17:37:21.738+0000] {taxi_trip.py:40} INFO - Data extraction for green trip done
[2024-09-30T17:37:22.220+0000] {taxi_trip.py:44} INFO - Pushed green trip data with 56551 rows to XCom
[2024-09-30T17:37:22.222+0000] {python.py:237} INFO - Done. Returned value was: None
[2024-09-30T17:37:22.222+0000] {taskinstance.py:441} INFO - ::group::Post task execution logs
[2024-09-30T17:37:22.237+0000] {taskinstance.py:1206} INFO - Marking task as SUCCESS. dag_id=Taxi_trip_pipeline, task_id=extraction_layer.extract_green_date, run_id=manual__2024-09-30T17:37:19.589455+00:00, execution_date=20240930T173719, start_date=20240930T173721, end_date=20240930T173722
[2024-09-30T17:37:22.291+0000] {local_task_job_runner.py:240} INFO - Task exited with return code 0
[2024-09-30T17:37:22.342+0000] {taskinstance.py:3498} INFO - 1 downstream tasks scheduled from follow-on schedule check
[2024-09-30T17:37:22.344+0000] {local_task_job_runner.py:222} INFO - ::endgroup::
