[2024-09-30T20:01:20.354+0000] {local_task_job_runner.py:120} INFO - ::group::Pre task execution logs
[2024-09-30T20:01:20.374+0000] {taskinstance.py:2076} INFO - Dependencies all met for dep_context=non-requeueable deps ti=<TaskInstance: Taxi_trip_pipeline.dbt_run_fact_trip manual__2024-09-30T18:03:24.363580+00:00 [queued]>
[2024-09-30T20:01:20.382+0000] {taskinstance.py:2076} INFO - Dependencies all met for dep_context=requeueable deps ti=<TaskInstance: Taxi_trip_pipeline.dbt_run_fact_trip manual__2024-09-30T18:03:24.363580+00:00 [queued]>
[2024-09-30T20:01:20.383+0000] {taskinstance.py:2306} INFO - Starting attempt 2 of 2
[2024-09-30T20:01:20.394+0000] {taskinstance.py:2330} INFO - Executing <Task(BashOperator): dbt_run_fact_trip> on 2024-09-30 18:03:24.363580+00:00
[2024-09-30T20:01:20.401+0000] {standard_task_runner.py:63} INFO - Started process 816 to run task
[2024-09-30T20:01:20.404+0000] {standard_task_runner.py:90} INFO - Running: ['***', 'tasks', 'run', 'Taxi_trip_pipeline', 'dbt_run_fact_trip', 'manual__2024-09-30T18:03:24.363580+00:00', '--job-id', '87', '--raw', '--subdir', 'DAGS_FOLDER/taxi_trip.py', '--cfg-path', '/tmp/tmp_vljs4_j']
[2024-09-30T20:01:20.406+0000] {standard_task_runner.py:91} INFO - Job 87: Subtask dbt_run_fact_trip
[2024-09-30T20:01:20.446+0000] {task_command.py:426} INFO - Running <TaskInstance: Taxi_trip_pipeline.dbt_run_fact_trip manual__2024-09-30T18:03:24.363580+00:00 [running]> on host 72cf0e8bafa8
[2024-09-30T20:01:20.526+0000] {taskinstance.py:2648} INFO - Exporting env vars: AIRFLOW_CTX_DAG_OWNER='Mahmoud' AIRFLOW_CTX_DAG_ID='Taxi_trip_pipeline' AIRFLOW_CTX_TASK_ID='dbt_run_fact_trip' AIRFLOW_CTX_EXECUTION_DATE='2024-09-30T18:03:24.363580+00:00' AIRFLOW_CTX_TRY_NUMBER='2' AIRFLOW_CTX_DAG_RUN_ID='manual__2024-09-30T18:03:24.363580+00:00'
[2024-09-30T20:01:20.527+0000] {taskinstance.py:430} INFO - ::endgroup::
[2024-09-30T20:01:20.538+0000] {subprocess.py:63} INFO - Tmp dir root location: /tmp
[2024-09-30T20:01:20.538+0000] {subprocess.py:75} INFO - Running command: ['/usr/bin/bash', '-c', 'dbt run --profiles-dir /opt/***/DBT_Project  --project-dir /opt/***/dbt_trip --models Fact_trip']
[2024-09-30T20:01:20.552+0000] {subprocess.py:86} INFO - Output:
[2024-09-30T20:01:23.137+0000] {subprocess.py:93} INFO - [0m20:01:23  Running with dbt=1.8.0
[2024-09-30T20:01:23.501+0000] {subprocess.py:93} INFO - [0m20:01:23  Registered adapter: postgres=1.8.0
[2024-09-30T20:01:23.813+0000] {subprocess.py:93} INFO - [0m20:01:23  [[33mWARNING[0m]: Configuration paths exist in your dbt_project.yml file which do not apply to any resources.
[2024-09-30T20:01:23.813+0000] {subprocess.py:93} INFO - There are 2 unused configuration paths:
[2024-09-30T20:01:23.814+0000] {subprocess.py:93} INFO - - models.fact_trip.Dimensions
[2024-09-30T20:01:23.814+0000] {subprocess.py:93} INFO - - models.fact_trip.staging
[2024-09-30T20:01:24.047+0000] {subprocess.py:93} INFO - [0m20:01:24  Found 4 models, 6 data tests, 3 sources, 566 macros
[2024-09-30T20:01:24.052+0000] {subprocess.py:93} INFO - [0m20:01:24
[2024-09-30T20:01:24.194+0000] {subprocess.py:93} INFO - [0m20:01:24  Concurrency: 3 threads (target='dev')
[2024-09-30T20:01:24.194+0000] {subprocess.py:93} INFO - [0m20:01:24
[2024-09-30T20:01:24.208+0000] {subprocess.py:93} INFO - [0m20:01:24  1 of 1 START sql view model analysis.Fact_trip ................................. [RUN]
[2024-09-30T20:01:24.362+0000] {subprocess.py:93} INFO - [0m20:01:24  1 of 1 OK created sql view model analysis.Fact_trip ............................ [[32mCREATE VIEW[0m in 0.15s]
[2024-09-30T20:01:24.376+0000] {subprocess.py:93} INFO - [0m20:01:24
[2024-09-30T20:01:24.376+0000] {subprocess.py:93} INFO - [0m20:01:24  Finished running 1 view model in 0 hours 0 minutes and 0.32 seconds (0.32s).
[2024-09-30T20:01:24.454+0000] {subprocess.py:93} INFO - [0m20:01:24
[2024-09-30T20:01:24.455+0000] {subprocess.py:93} INFO - [0m20:01:24  [32mCompleted successfully[0m
[2024-09-30T20:01:24.456+0000] {subprocess.py:93} INFO - [0m20:01:24
[2024-09-30T20:01:24.456+0000] {subprocess.py:93} INFO - [0m20:01:24  Done. PASS=1 WARN=0 ERROR=0 SKIP=0 TOTAL=1
[2024-09-30T20:01:25.529+0000] {subprocess.py:97} INFO - Command exited with return code 0
[2024-09-30T20:01:25.529+0000] {taskinstance.py:441} INFO - ::group::Post task execution logs
[2024-09-30T20:01:25.552+0000] {taskinstance.py:1206} INFO - Marking task as SUCCESS. dag_id=Taxi_trip_pipeline, task_id=dbt_run_fact_trip, run_id=manual__2024-09-30T18:03:24.363580+00:00, execution_date=20240930T180324, start_date=20240930T200120, end_date=20240930T200125
[2024-09-30T20:01:25.587+0000] {local_task_job_runner.py:240} INFO - Task exited with return code 0
[2024-09-30T20:01:25.604+0000] {taskinstance.py:3498} INFO - 0 downstream tasks scheduled from follow-on schedule check
[2024-09-30T20:01:25.605+0000] {local_task_job_runner.py:222} INFO - ::endgroup::
