[2024-09-30T20:03:01.165+0000] {local_task_job_runner.py:120} INFO - ::group::Pre task execution logs
[2024-09-30T20:03:01.185+0000] {taskinstance.py:2076} INFO - Dependencies all met for dep_context=non-requeueable deps ti=<TaskInstance: Taxi_trip_pipeline.dbt_run_fact_trip manual__2024-09-30T18:03:24.363580+00:00 [queued]>
[2024-09-30T20:03:01.193+0000] {taskinstance.py:2076} INFO - Dependencies all met for dep_context=requeueable deps ti=<TaskInstance: Taxi_trip_pipeline.dbt_run_fact_trip manual__2024-09-30T18:03:24.363580+00:00 [queued]>
[2024-09-30T20:03:01.193+0000] {taskinstance.py:2306} INFO - Starting attempt 4 of 4
[2024-09-30T20:03:01.205+0000] {taskinstance.py:2330} INFO - Executing <Task(BashOperator): dbt_run_fact_trip> on 2024-09-30 18:03:24.363580+00:00
[2024-09-30T20:03:01.212+0000] {standard_task_runner.py:63} INFO - Started process 886 to run task
[2024-09-30T20:03:01.215+0000] {standard_task_runner.py:90} INFO - Running: ['***', 'tasks', 'run', 'Taxi_trip_pipeline', 'dbt_run_fact_trip', 'manual__2024-09-30T18:03:24.363580+00:00', '--job-id', '92', '--raw', '--subdir', 'DAGS_FOLDER/taxi_trip.py', '--cfg-path', '/tmp/tmpgjcu1vpd']
[2024-09-30T20:03:01.218+0000] {standard_task_runner.py:91} INFO - Job 92: Subtask dbt_run_fact_trip
[2024-09-30T20:03:01.259+0000] {task_command.py:426} INFO - Running <TaskInstance: Taxi_trip_pipeline.dbt_run_fact_trip manual__2024-09-30T18:03:24.363580+00:00 [running]> on host 72cf0e8bafa8
[2024-09-30T20:03:01.344+0000] {taskinstance.py:2648} INFO - Exporting env vars: AIRFLOW_CTX_DAG_OWNER='Mahmoud' AIRFLOW_CTX_DAG_ID='Taxi_trip_pipeline' AIRFLOW_CTX_TASK_ID='dbt_run_fact_trip' AIRFLOW_CTX_EXECUTION_DATE='2024-09-30T18:03:24.363580+00:00' AIRFLOW_CTX_TRY_NUMBER='4' AIRFLOW_CTX_DAG_RUN_ID='manual__2024-09-30T18:03:24.363580+00:00'
[2024-09-30T20:03:01.345+0000] {taskinstance.py:430} INFO - ::endgroup::
[2024-09-30T20:03:01.359+0000] {subprocess.py:63} INFO - Tmp dir root location: /tmp
[2024-09-30T20:03:01.359+0000] {subprocess.py:75} INFO - Running command: ['/usr/bin/bash', '-c', 'dbt run --profiles-dir /opt/***/DBT_Project  --project-dir /opt/***/dbt_trip --models Fact_trip']
[2024-09-30T20:03:01.374+0000] {subprocess.py:86} INFO - Output:
[2024-09-30T20:03:03.832+0000] {subprocess.py:93} INFO - [0m20:03:03  Running with dbt=1.8.0
[2024-09-30T20:03:04.143+0000] {subprocess.py:93} INFO - [0m20:03:04  Registered adapter: postgres=1.8.0
[2024-09-30T20:03:04.472+0000] {subprocess.py:93} INFO - [0m20:03:04  [[33mWARNING[0m]: Configuration paths exist in your dbt_project.yml file which do not apply to any resources.
[2024-09-30T20:03:04.473+0000] {subprocess.py:93} INFO - There are 2 unused configuration paths:
[2024-09-30T20:03:04.473+0000] {subprocess.py:93} INFO - - models.fact_trip.Dimensions
[2024-09-30T20:03:04.473+0000] {subprocess.py:93} INFO - - models.fact_trip.staging
[2024-09-30T20:03:04.723+0000] {subprocess.py:93} INFO - [0m20:03:04  Found 4 models, 6 data tests, 3 sources, 566 macros
[2024-09-30T20:03:04.725+0000] {subprocess.py:93} INFO - [0m20:03:04
[2024-09-30T20:03:04.858+0000] {subprocess.py:93} INFO - [0m20:03:04  Concurrency: 3 threads (target='dev')
[2024-09-30T20:03:04.859+0000] {subprocess.py:93} INFO - [0m20:03:04
[2024-09-30T20:03:04.871+0000] {subprocess.py:93} INFO - [0m20:03:04  1 of 1 START sql view model analysis.Fact_trip ................................. [RUN]
[2024-09-30T20:03:05.008+0000] {subprocess.py:93} INFO - [0m20:03:05  1 of 1 OK created sql view model analysis.Fact_trip ............................ [[32mCREATE VIEW[0m in 0.13s]
[2024-09-30T20:03:05.021+0000] {subprocess.py:93} INFO - [0m20:03:05
[2024-09-30T20:03:05.022+0000] {subprocess.py:93} INFO - [0m20:03:05  Finished running 1 view model in 0 hours 0 minutes and 0.30 seconds (0.30s).
[2024-09-30T20:03:05.082+0000] {subprocess.py:93} INFO - [0m20:03:05
[2024-09-30T20:03:05.083+0000] {subprocess.py:93} INFO - [0m20:03:05  [32mCompleted successfully[0m
[2024-09-30T20:03:05.084+0000] {subprocess.py:93} INFO - [0m20:03:05
[2024-09-30T20:03:05.085+0000] {subprocess.py:93} INFO - [0m20:03:05  Done. PASS=1 WARN=0 ERROR=0 SKIP=0 TOTAL=1
[2024-09-30T20:03:06.018+0000] {subprocess.py:97} INFO - Command exited with return code 0
[2024-09-30T20:03:06.019+0000] {taskinstance.py:441} INFO - ::group::Post task execution logs
[2024-09-30T20:03:06.042+0000] {taskinstance.py:1206} INFO - Marking task as SUCCESS. dag_id=Taxi_trip_pipeline, task_id=dbt_run_fact_trip, run_id=manual__2024-09-30T18:03:24.363580+00:00, execution_date=20240930T180324, start_date=20240930T200301, end_date=20240930T200306
[2024-09-30T20:03:06.080+0000] {local_task_job_runner.py:240} INFO - Task exited with return code 0
[2024-09-30T20:03:06.096+0000] {taskinstance.py:3498} INFO - 0 downstream tasks scheduled from follow-on schedule check
[2024-09-30T20:03:06.097+0000] {local_task_job_runner.py:222} INFO - ::endgroup::
