[2024-10-12T10:15:07.472+0000] {local_task_job_runner.py:120} INFO - ::group::Pre task execution logs
[2024-10-12T10:15:07.498+0000] {taskinstance.py:2076} INFO - Dependencies all met for dep_context=non-requeueable deps ti=<TaskInstance: Taxi_trip_pipeline.dbt_transformation_layer.dbt_run_model_yellow_trip scheduled__2024-10-12T10:00:00+00:00 [queued]>
[2024-10-12T10:15:07.512+0000] {taskinstance.py:2076} INFO - Dependencies all met for dep_context=requeueable deps ti=<TaskInstance: Taxi_trip_pipeline.dbt_transformation_layer.dbt_run_model_yellow_trip scheduled__2024-10-12T10:00:00+00:00 [queued]>
[2024-10-12T10:15:07.512+0000] {taskinstance.py:2306} INFO - Starting attempt 1 of 1
[2024-10-12T10:15:07.529+0000] {taskinstance.py:2330} INFO - Executing <Task(BashOperator): dbt_transformation_layer.dbt_run_model_yellow_trip> on 2024-10-12 10:00:00+00:00
[2024-10-12T10:15:07.538+0000] {standard_task_runner.py:63} INFO - Started process 669 to run task
[2024-10-12T10:15:07.541+0000] {standard_task_runner.py:90} INFO - Running: ['***', 'tasks', 'run', 'Taxi_trip_pipeline', 'dbt_transformation_layer.dbt_run_model_yellow_trip', 'scheduled__2024-10-12T10:00:00+00:00', '--job-id', '609', '--raw', '--subdir', 'DAGS_FOLDER/taxi_trip.py', '--cfg-path', '/tmp/tmp6wdvejln']
[2024-10-12T10:15:07.543+0000] {standard_task_runner.py:91} INFO - Job 609: Subtask dbt_transformation_layer.dbt_run_model_yellow_trip
[2024-10-12T10:15:07.604+0000] {task_command.py:426} INFO - Running <TaskInstance: Taxi_trip_pipeline.dbt_transformation_layer.dbt_run_model_yellow_trip scheduled__2024-10-12T10:00:00+00:00 [running]> on host cb13d84d2d77
[2024-10-12T10:15:07.737+0000] {taskinstance.py:2648} INFO - Exporting env vars: AIRFLOW_CTX_DAG_OWNER='Mahmoud' AIRFLOW_CTX_DAG_ID='Taxi_trip_pipeline' AIRFLOW_CTX_TASK_ID='dbt_transformation_layer.dbt_run_model_yellow_trip' AIRFLOW_CTX_EXECUTION_DATE='2024-10-12T10:00:00+00:00' AIRFLOW_CTX_TRY_NUMBER='1' AIRFLOW_CTX_DAG_RUN_ID='scheduled__2024-10-12T10:00:00+00:00'
[2024-10-12T10:15:07.739+0000] {taskinstance.py:430} INFO - ::endgroup::
[2024-10-12T10:15:07.757+0000] {subprocess.py:63} INFO - Tmp dir root location: /tmp
[2024-10-12T10:15:07.758+0000] {subprocess.py:75} INFO - Running command: ['/usr/bin/bash', '-c', 'dbt run --profiles-dir /opt/***/DBT_Project  --project-dir /opt/***/dbt_trip --models yellow_trip']
[2024-10-12T10:15:07.777+0000] {subprocess.py:86} INFO - Output:
[2024-10-12T10:15:10.956+0000] {subprocess.py:93} INFO - [0m10:15:10  Running with dbt=1.8.0
[2024-10-12T10:15:11.305+0000] {subprocess.py:93} INFO - [0m10:15:11  Registered adapter: postgres=1.8.0
[2024-10-12T10:15:11.802+0000] {subprocess.py:93} INFO - [0m10:15:11  [[33mWARNING[0m]: Configuration paths exist in your dbt_project.yml file which do not apply to any resources.
[2024-10-12T10:15:11.803+0000] {subprocess.py:93} INFO - There are 2 unused configuration paths:
[2024-10-12T10:15:11.803+0000] {subprocess.py:93} INFO - - models.fact_trip.Dimensions
[2024-10-12T10:15:11.803+0000] {subprocess.py:93} INFO - - models.fact_trip.staging
[2024-10-12T10:15:12.138+0000] {subprocess.py:93} INFO - [0m10:15:12  Found 4 models, 6 data tests, 3 sources, 566 macros
[2024-10-12T10:15:12.141+0000] {subprocess.py:93} INFO - [0m10:15:12
[2024-10-12T10:15:12.296+0000] {subprocess.py:93} INFO - [0m10:15:12  Concurrency: 3 threads (target='dev')
[2024-10-12T10:15:12.297+0000] {subprocess.py:93} INFO - [0m10:15:12
[2024-10-12T10:15:12.309+0000] {subprocess.py:93} INFO - [0m10:15:12  1 of 1 START sql view model analysis.yellow_trip ............................... [RUN]
[2024-10-12T10:15:12.498+0000] {subprocess.py:93} INFO - [0m10:15:12  1 of 1 OK created sql view model analysis.yellow_trip .......................... [[32mCREATE VIEW[0m in 0.19s]
[2024-10-12T10:15:12.513+0000] {subprocess.py:93} INFO - [0m10:15:12
[2024-10-12T10:15:12.513+0000] {subprocess.py:93} INFO - [0m10:15:12  Finished running 1 view model in 0 hours 0 minutes and 0.37 seconds (0.37s).
[2024-10-12T10:15:12.568+0000] {subprocess.py:93} INFO - [0m10:15:12
[2024-10-12T10:15:12.569+0000] {subprocess.py:93} INFO - [0m10:15:12  [32mCompleted successfully[0m
[2024-10-12T10:15:12.570+0000] {subprocess.py:93} INFO - [0m10:15:12
[2024-10-12T10:15:12.571+0000] {subprocess.py:93} INFO - [0m10:15:12  Done. PASS=1 WARN=0 ERROR=0 SKIP=0 TOTAL=1
[2024-10-12T10:15:13.747+0000] {subprocess.py:97} INFO - Command exited with return code 0
[2024-10-12T10:15:13.748+0000] {taskinstance.py:441} INFO - ::group::Post task execution logs
[2024-10-12T10:15:13.778+0000] {taskinstance.py:1206} INFO - Marking task as SUCCESS. dag_id=Taxi_trip_pipeline, task_id=dbt_transformation_layer.dbt_run_model_yellow_trip, run_id=scheduled__2024-10-12T10:00:00+00:00, execution_date=20241012T100000, start_date=20241012T101507, end_date=20241012T101513
[2024-10-12T10:15:13.814+0000] {local_task_job_runner.py:240} INFO - Task exited with return code 0
[2024-10-12T10:15:13.838+0000] {taskinstance.py:3498} INFO - 0 downstream tasks scheduled from follow-on schedule check
[2024-10-12T10:15:13.839+0000] {local_task_job_runner.py:222} INFO - ::endgroup::
[2024-10-12T10:22:29.987+0000] {local_task_job_runner.py:120} INFO - ::group::Pre task execution logs
[2024-10-12T10:22:30.021+0000] {taskinstance.py:2076} INFO - Dependencies all met for dep_context=non-requeueable deps ti=<TaskInstance: Taxi_trip_pipeline.dbt_transformation_layer.dbt_run_model_yellow_trip scheduled__2024-10-12T10:00:00+00:00 [queued]>
[2024-10-12T10:22:30.036+0000] {taskinstance.py:2076} INFO - Dependencies all met for dep_context=requeueable deps ti=<TaskInstance: Taxi_trip_pipeline.dbt_transformation_layer.dbt_run_model_yellow_trip scheduled__2024-10-12T10:00:00+00:00 [queued]>
[2024-10-12T10:22:30.036+0000] {taskinstance.py:2306} INFO - Starting attempt 1 of 1
[2024-10-12T10:22:30.050+0000] {taskinstance.py:2330} INFO - Executing <Task(BashOperator): dbt_transformation_layer.dbt_run_model_yellow_trip> on 2024-10-12 10:00:00+00:00
[2024-10-12T10:22:30.059+0000] {standard_task_runner.py:63} INFO - Started process 73 to run task
[2024-10-12T10:22:30.062+0000] {standard_task_runner.py:90} INFO - Running: ['***', 'tasks', 'run', 'Taxi_trip_pipeline', 'dbt_transformation_layer.dbt_run_model_yellow_trip', 'scheduled__2024-10-12T10:00:00+00:00', '--job-id', '9', '--raw', '--subdir', 'DAGS_FOLDER/taxi_trip.py', '--cfg-path', '/tmp/tmp3448e7wx']
[2024-10-12T10:22:30.065+0000] {standard_task_runner.py:91} INFO - Job 9: Subtask dbt_transformation_layer.dbt_run_model_yellow_trip
[2024-10-12T10:22:30.115+0000] {task_command.py:426} INFO - Running <TaskInstance: Taxi_trip_pipeline.dbt_transformation_layer.dbt_run_model_yellow_trip scheduled__2024-10-12T10:00:00+00:00 [running]> on host bcbc9bb54b17
[2024-10-12T10:22:30.201+0000] {taskinstance.py:2648} INFO - Exporting env vars: AIRFLOW_CTX_DAG_OWNER='Mahmoud' AIRFLOW_CTX_DAG_ID='Taxi_trip_pipeline' AIRFLOW_CTX_TASK_ID='dbt_transformation_layer.dbt_run_model_yellow_trip' AIRFLOW_CTX_EXECUTION_DATE='2024-10-12T10:00:00+00:00' AIRFLOW_CTX_TRY_NUMBER='1' AIRFLOW_CTX_DAG_RUN_ID='scheduled__2024-10-12T10:00:00+00:00'
[2024-10-12T10:22:30.202+0000] {taskinstance.py:430} INFO - ::endgroup::
[2024-10-12T10:22:30.214+0000] {subprocess.py:63} INFO - Tmp dir root location: /tmp
[2024-10-12T10:22:30.215+0000] {subprocess.py:75} INFO - Running command: ['/usr/bin/bash', '-c', 'dbt run --profiles-dir /opt/***/DBT_Project  --project-dir /opt/***/dbt_trip --models yellow_trip']
[2024-10-12T10:22:30.230+0000] {subprocess.py:86} INFO - Output:
[2024-10-12T10:22:33.405+0000] {subprocess.py:93} INFO - [0m10:22:33  Running with dbt=1.8.0
[2024-10-12T10:22:33.757+0000] {subprocess.py:93} INFO - [0m10:22:33  Registered adapter: postgres=1.8.0
[2024-10-12T10:22:34.190+0000] {subprocess.py:93} INFO - [0m10:22:34  Unable to do partial parsing because profile has changed
[2024-10-12T10:22:36.322+0000] {subprocess.py:93} INFO - [0m10:22:36  [[33mWARNING[0m]: Found patch for macro "payment_type_mapping" which was not found
[2024-10-12T10:22:36.325+0000] {subprocess.py:93} INFO - [0m10:22:36  [[33mWARNING[0m]: Found patch for macro "rate_code_mapping" which was not found
[2024-10-12T10:22:36.326+0000] {subprocess.py:93} INFO - [0m10:22:36  [[33mWARNING[0m]: Found patch for macro "store_and_fwd_flag_mapping" which was not found
[2024-10-12T10:22:36.329+0000] {subprocess.py:93} INFO - [0m10:22:36  [[33mWARNING[0m]: Found patch for macro "trip_type_mapping" which was not found
[2024-10-12T10:22:36.331+0000] {subprocess.py:93} INFO - [0m10:22:36  [[33mWARNING[0m]: Found patch for macro "vendor_mapping" which was not found
[2024-10-12T10:22:36.446+0000] {subprocess.py:93} INFO - [0m10:22:36  [[33mWARNING[0m]: Deprecated functionality
[2024-10-12T10:22:36.446+0000] {subprocess.py:93} INFO - The `tests` config has been renamed to `data_tests`. Please see
[2024-10-12T10:22:36.446+0000] {subprocess.py:93} INFO - https://docs.getdbt.com/docs/build/data-tests#new-data_tests-syntax for more
[2024-10-12T10:22:36.447+0000] {subprocess.py:93} INFO - information.
[2024-10-12T10:22:37.003+0000] {subprocess.py:93} INFO - [0m10:22:37  [[33mWARNING[0m]: Configuration paths exist in your dbt_project.yml file which do not apply to any resources.
[2024-10-12T10:22:37.003+0000] {subprocess.py:93} INFO - There are 2 unused configuration paths:
[2024-10-12T10:22:37.004+0000] {subprocess.py:93} INFO - - models.fact_trip.Dimensions
[2024-10-12T10:22:37.004+0000] {subprocess.py:93} INFO - - models.fact_trip.staging
[2024-10-12T10:22:37.235+0000] {subprocess.py:93} INFO - [0m10:22:37  Found 4 models, 6 data tests, 3 sources, 566 macros
[2024-10-12T10:22:37.239+0000] {subprocess.py:93} INFO - [0m10:22:37
[2024-10-12T10:22:37.423+0000] {subprocess.py:93} INFO - [0m10:22:37  Concurrency: 3 threads (target='dev')
[2024-10-12T10:22:37.425+0000] {subprocess.py:93} INFO - [0m10:22:37
[2024-10-12T10:22:37.440+0000] {subprocess.py:93} INFO - [0m10:22:37  1 of 1 START sql view model analysis.yellow_trip ............................... [RUN]
[2024-10-12T10:22:37.618+0000] {subprocess.py:93} INFO - [0m10:22:37  1 of 1 ERROR creating sql view model analysis.yellow_trip ...................... [[31mERROR[0m in 0.17s]
[2024-10-12T10:22:37.649+0000] {subprocess.py:93} INFO - [0m10:22:37
[2024-10-12T10:22:37.650+0000] {subprocess.py:93} INFO - [0m10:22:37  Finished running 1 view model in 0 hours 0 minutes and 0.41 seconds (0.41s).
[2024-10-12T10:22:37.730+0000] {subprocess.py:93} INFO - [0m10:22:37
[2024-10-12T10:22:37.731+0000] {subprocess.py:93} INFO - [0m10:22:37  [31mCompleted with 1 error and 0 warnings:[0m
[2024-10-12T10:22:37.731+0000] {subprocess.py:93} INFO - [0m10:22:37
[2024-10-12T10:22:37.732+0000] {subprocess.py:93} INFO - [0m10:22:37    Database Error in model yellow_trip (models/Staging/yellow_trip.sql)
[2024-10-12T10:22:37.732+0000] {subprocess.py:93} INFO -   relation "public.yellow_trip" does not exist
[2024-10-12T10:22:37.733+0000] {subprocess.py:93} INFO -   LINE 16:     FROM "nyc_taxi_trip"."public"."yellow_trip"
[2024-10-12T10:22:37.733+0000] {subprocess.py:93} INFO -                     ^
[2024-10-12T10:22:37.733+0000] {subprocess.py:93} INFO -   compiled code at target/run/fact_trip/models/Staging/yellow_trip.sql
[2024-10-12T10:22:37.733+0000] {subprocess.py:93} INFO - [0m10:22:37
[2024-10-12T10:22:37.733+0000] {subprocess.py:93} INFO - [0m10:22:37  Done. PASS=0 WARN=0 ERROR=1 SKIP=0 TOTAL=1
[2024-10-12T10:22:38.913+0000] {subprocess.py:97} INFO - Command exited with return code 1
[2024-10-12T10:22:38.913+0000] {taskinstance.py:441} INFO - ::group::Post task execution logs
[2024-10-12T10:22:38.925+0000] {taskinstance.py:2905} ERROR - Task failed with exception
Traceback (most recent call last):
  File "/home/airflow/.local/lib/python3.9/site-packages/airflow/models/taskinstance.py", line 465, in _execute_task
    result = _execute_callable(context=context, **execute_callable_kwargs)
  File "/home/airflow/.local/lib/python3.9/site-packages/airflow/models/taskinstance.py", line 432, in _execute_callable
    return execute_callable(context=context, **execute_callable_kwargs)
  File "/home/airflow/.local/lib/python3.9/site-packages/airflow/models/baseoperator.py", line 400, in wrapper
    return func(self, *args, **kwargs)
  File "/home/airflow/.local/lib/python3.9/site-packages/airflow/operators/bash.py", line 243, in execute
    raise AirflowException(
airflow.exceptions.AirflowException: Bash command failed. The command returned a non-zero exit code 1.
[2024-10-12T10:22:38.929+0000] {taskinstance.py:1206} INFO - Marking task as FAILED. dag_id=Taxi_trip_pipeline, task_id=dbt_transformation_layer.dbt_run_model_yellow_trip, run_id=scheduled__2024-10-12T10:00:00+00:00, execution_date=20241012T100000, start_date=20241012T102230, end_date=20241012T102238
[2024-10-12T10:22:38.946+0000] {standard_task_runner.py:110} ERROR - Failed to execute job 9 for task dbt_transformation_layer.dbt_run_model_yellow_trip (Bash command failed. The command returned a non-zero exit code 1.; 73)
[2024-10-12T10:22:38.982+0000] {local_task_job_runner.py:240} INFO - Task exited with return code 1
[2024-10-12T10:22:39.011+0000] {taskinstance.py:3498} INFO - 0 downstream tasks scheduled from follow-on schedule check
[2024-10-12T10:22:39.015+0000] {local_task_job_runner.py:222} INFO - ::endgroup::
