[2024-10-12T08:27:28.974+0000] {local_task_job_runner.py:120} INFO - ::group::Pre task execution logs
[2024-10-12T08:27:28.998+0000] {taskinstance.py:2076} INFO - Dependencies all met for dep_context=non-requeueable deps ti=<TaskInstance: Taxi_trip_pipeline.dbt_transformation_layer.dbt_run_model_green_trip scheduled__2024-10-12T08:00:00+00:00 [queued]>
[2024-10-12T08:27:29.010+0000] {taskinstance.py:2076} INFO - Dependencies all met for dep_context=requeueable deps ti=<TaskInstance: Taxi_trip_pipeline.dbt_transformation_layer.dbt_run_model_green_trip scheduled__2024-10-12T08:00:00+00:00 [queued]>
[2024-10-12T08:27:29.010+0000] {taskinstance.py:2306} INFO - Starting attempt 1 of 1
[2024-10-12T08:27:29.023+0000] {taskinstance.py:2330} INFO - Executing <Task(BashOperator): dbt_transformation_layer.dbt_run_model_green_trip> on 2024-10-12 08:00:00+00:00
[2024-10-12T08:27:29.031+0000] {standard_task_runner.py:63} INFO - Started process 217 to run task
[2024-10-12T08:27:29.035+0000] {standard_task_runner.py:90} INFO - Running: ['***', 'tasks', 'run', 'Taxi_trip_pipeline', 'dbt_transformation_layer.dbt_run_model_green_trip', 'scheduled__2024-10-12T08:00:00+00:00', '--job-id', '445', '--raw', '--subdir', 'DAGS_FOLDER/taxi_trip.py', '--cfg-path', '/tmp/tmpgyqnblzm']
[2024-10-12T08:27:29.037+0000] {standard_task_runner.py:91} INFO - Job 445: Subtask dbt_transformation_layer.dbt_run_model_green_trip
[2024-10-12T08:27:29.091+0000] {task_command.py:426} INFO - Running <TaskInstance: Taxi_trip_pipeline.dbt_transformation_layer.dbt_run_model_green_trip scheduled__2024-10-12T08:00:00+00:00 [running]> on host 54f793ecdf1a
[2024-10-12T08:27:29.189+0000] {taskinstance.py:2648} INFO - Exporting env vars: AIRFLOW_CTX_DAG_OWNER='Mahmoud' AIRFLOW_CTX_DAG_ID='Taxi_trip_pipeline' AIRFLOW_CTX_TASK_ID='dbt_transformation_layer.dbt_run_model_green_trip' AIRFLOW_CTX_EXECUTION_DATE='2024-10-12T08:00:00+00:00' AIRFLOW_CTX_TRY_NUMBER='1' AIRFLOW_CTX_DAG_RUN_ID='scheduled__2024-10-12T08:00:00+00:00'
[2024-10-12T08:27:29.190+0000] {taskinstance.py:430} INFO - ::endgroup::
[2024-10-12T08:27:29.201+0000] {subprocess.py:63} INFO - Tmp dir root location: /tmp
[2024-10-12T08:27:29.202+0000] {subprocess.py:75} INFO - Running command: ['/usr/bin/bash', '-c', 'dbt run --profiles-dir /opt/***/DBT_Project  --project-dir /opt/***/dbt_trip --models green_trip']
[2024-10-12T08:27:29.217+0000] {subprocess.py:86} INFO - Output:
[2024-10-12T08:27:33.464+0000] {subprocess.py:93} INFO - [0m08:27:33  Running with dbt=1.8.0
[2024-10-12T08:27:33.871+0000] {subprocess.py:93} INFO - [0m08:27:33  Registered adapter: postgres=1.8.0
[2024-10-12T08:27:34.484+0000] {subprocess.py:93} INFO - [0m08:27:34  [[33mWARNING[0m]: Configuration paths exist in your dbt_project.yml file which do not apply to any resources.
[2024-10-12T08:27:34.485+0000] {subprocess.py:93} INFO - There are 2 unused configuration paths:
[2024-10-12T08:27:34.485+0000] {subprocess.py:93} INFO - - models.fact_trip.staging
[2024-10-12T08:27:34.485+0000] {subprocess.py:93} INFO - - models.fact_trip.Dimensions
[2024-10-12T08:27:34.852+0000] {subprocess.py:93} INFO - [0m08:27:34  Found 4 models, 6 data tests, 3 sources, 566 macros
[2024-10-12T08:27:34.855+0000] {subprocess.py:93} INFO - [0m08:27:34
[2024-10-12T08:27:35.080+0000] {subprocess.py:93} INFO - [0m08:27:35  Concurrency: 3 threads (target='dev')
[2024-10-12T08:27:35.081+0000] {subprocess.py:93} INFO - [0m08:27:35
[2024-10-12T08:27:35.103+0000] {subprocess.py:93} INFO - [0m08:27:35  1 of 1 START sql view model analysis.green_trip ................................ [RUN]
[2024-10-12T08:27:35.417+0000] {subprocess.py:93} INFO - [0m08:27:35  1 of 1 OK created sql view model analysis.green_trip ........................... [[32mCREATE VIEW[0m in 0.31s]
[2024-10-12T08:27:35.435+0000] {subprocess.py:93} INFO - [0m08:27:35
[2024-10-12T08:27:35.436+0000] {subprocess.py:93} INFO - [0m08:27:35  Finished running 1 view model in 0 hours 0 minutes and 0.58 seconds (0.58s).
[2024-10-12T08:27:35.511+0000] {subprocess.py:93} INFO - [0m08:27:35
[2024-10-12T08:27:35.512+0000] {subprocess.py:93} INFO - [0m08:27:35  [32mCompleted successfully[0m
[2024-10-12T08:27:35.513+0000] {subprocess.py:93} INFO - [0m08:27:35
[2024-10-12T08:27:35.514+0000] {subprocess.py:93} INFO - [0m08:27:35  Done. PASS=1 WARN=0 ERROR=0 SKIP=0 TOTAL=1
[2024-10-12T08:27:36.709+0000] {subprocess.py:97} INFO - Command exited with return code 0
[2024-10-12T08:27:36.709+0000] {taskinstance.py:441} INFO - ::group::Post task execution logs
[2024-10-12T08:27:36.739+0000] {taskinstance.py:1206} INFO - Marking task as SUCCESS. dag_id=Taxi_trip_pipeline, task_id=dbt_transformation_layer.dbt_run_model_green_trip, run_id=scheduled__2024-10-12T08:00:00+00:00, execution_date=20241012T080000, start_date=20241012T082728, end_date=20241012T082736
[2024-10-12T08:27:36.801+0000] {local_task_job_runner.py:240} INFO - Task exited with return code 0
[2024-10-12T08:27:36.827+0000] {taskinstance.py:3498} INFO - 1 downstream tasks scheduled from follow-on schedule check
[2024-10-12T08:27:36.829+0000] {local_task_job_runner.py:222} INFO - ::endgroup::
