[2024-10-12T09:37:35.704+0000] {local_task_job_runner.py:120} INFO - ::group::Pre task execution logs
[2024-10-12T09:37:35.741+0000] {taskinstance.py:2076} INFO - Dependencies all met for dep_context=non-requeueable deps ti=<TaskInstance: Taxi_trip_pipeline.dbt_transformation_layer.dbt_run_model_green_trip scheduled__2024-10-12T08:00:00+00:00 [queued]>
[2024-10-12T09:37:35.755+0000] {taskinstance.py:2076} INFO - Dependencies all met for dep_context=requeueable deps ti=<TaskInstance: Taxi_trip_pipeline.dbt_transformation_layer.dbt_run_model_green_trip scheduled__2024-10-12T08:00:00+00:00 [queued]>
[2024-10-12T09:37:35.755+0000] {taskinstance.py:2306} INFO - Starting attempt 13 of 13
[2024-10-12T09:37:35.778+0000] {taskinstance.py:2330} INFO - Executing <Task(BashOperator): dbt_transformation_layer.dbt_run_model_green_trip> on 2024-10-12 08:00:00+00:00
[2024-10-12T09:37:35.787+0000] {standard_task_runner.py:63} INFO - Started process 192 to run task
[2024-10-12T09:37:35.791+0000] {standard_task_runner.py:90} INFO - Running: ['***', 'tasks', 'run', 'Taxi_trip_pipeline', 'dbt_transformation_layer.dbt_run_model_green_trip', 'scheduled__2024-10-12T08:00:00+00:00', '--job-id', '558', '--raw', '--subdir', 'DAGS_FOLDER/taxi_trip.py', '--cfg-path', '/tmp/tmp59ya2_b8']
[2024-10-12T09:37:35.793+0000] {standard_task_runner.py:91} INFO - Job 558: Subtask dbt_transformation_layer.dbt_run_model_green_trip
[2024-10-12T09:37:35.850+0000] {task_command.py:426} INFO - Running <TaskInstance: Taxi_trip_pipeline.dbt_transformation_layer.dbt_run_model_green_trip scheduled__2024-10-12T08:00:00+00:00 [running]> on host cb13d84d2d77
[2024-10-12T09:37:35.954+0000] {taskinstance.py:2648} INFO - Exporting env vars: AIRFLOW_CTX_DAG_OWNER='Mahmoud' AIRFLOW_CTX_DAG_ID='Taxi_trip_pipeline' AIRFLOW_CTX_TASK_ID='dbt_transformation_layer.dbt_run_model_green_trip' AIRFLOW_CTX_EXECUTION_DATE='2024-10-12T08:00:00+00:00' AIRFLOW_CTX_TRY_NUMBER='13' AIRFLOW_CTX_DAG_RUN_ID='scheduled__2024-10-12T08:00:00+00:00'
[2024-10-12T09:37:35.956+0000] {taskinstance.py:430} INFO - ::endgroup::
[2024-10-12T09:37:35.970+0000] {subprocess.py:63} INFO - Tmp dir root location: /tmp
[2024-10-12T09:37:35.970+0000] {subprocess.py:75} INFO - Running command: ['/usr/bin/bash', '-c', 'dbt run --profiles-dir /opt/***/DBT_Project  --project-dir /opt/***/dbt_trip --models green_trip']
[2024-10-12T09:37:35.985+0000] {subprocess.py:86} INFO - Output:
[2024-10-12T09:37:38.831+0000] {subprocess.py:93} INFO - [0m09:37:38  Running with dbt=1.8.0
[2024-10-12T09:37:39.227+0000] {subprocess.py:93} INFO - [0m09:37:39  Registered adapter: postgres=1.8.0
[2024-10-12T09:37:39.811+0000] {subprocess.py:93} INFO - [0m09:37:39  [[33mWARNING[0m]: Configuration paths exist in your dbt_project.yml file which do not apply to any resources.
[2024-10-12T09:37:39.812+0000] {subprocess.py:93} INFO - There are 2 unused configuration paths:
[2024-10-12T09:37:39.812+0000] {subprocess.py:93} INFO - - models.fact_trip.staging
[2024-10-12T09:37:39.813+0000] {subprocess.py:93} INFO - - models.fact_trip.Dimensions
[2024-10-12T09:37:40.063+0000] {subprocess.py:93} INFO - [0m09:37:40  Found 4 models, 6 data tests, 3 sources, 566 macros
[2024-10-12T09:37:40.067+0000] {subprocess.py:93} INFO - [0m09:37:40
[2024-10-12T09:37:40.257+0000] {subprocess.py:93} INFO - [0m09:37:40  Concurrency: 3 threads (target='dev')
[2024-10-12T09:37:40.259+0000] {subprocess.py:93} INFO - [0m09:37:40
[2024-10-12T09:37:40.276+0000] {subprocess.py:93} INFO - [0m09:37:40  1 of 1 START sql view model analysis.green_trip ................................ [RUN]
[2024-10-12T09:37:40.526+0000] {subprocess.py:93} INFO - [0m09:37:40  1 of 1 OK created sql view model analysis.green_trip ........................... [[32mCREATE VIEW[0m in 0.25s]
[2024-10-12T09:37:40.541+0000] {subprocess.py:93} INFO - [0m09:37:40
[2024-10-12T09:37:40.542+0000] {subprocess.py:93} INFO - [0m09:37:40  Finished running 1 view model in 0 hours 0 minutes and 0.47 seconds (0.47s).
[2024-10-12T09:37:40.623+0000] {subprocess.py:93} INFO - [0m09:37:40
[2024-10-12T09:37:40.624+0000] {subprocess.py:93} INFO - [0m09:37:40  [32mCompleted successfully[0m
[2024-10-12T09:37:40.624+0000] {subprocess.py:93} INFO - [0m09:37:40
[2024-10-12T09:37:40.625+0000] {subprocess.py:93} INFO - [0m09:37:40  Done. PASS=1 WARN=0 ERROR=0 SKIP=0 TOTAL=1
[2024-10-12T09:37:46.673+0000] {subprocess.py:97} INFO - Command exited with return code 0
[2024-10-12T09:37:46.673+0000] {taskinstance.py:441} INFO - ::group::Post task execution logs
[2024-10-12T09:37:46.701+0000] {taskinstance.py:1206} INFO - Marking task as SUCCESS. dag_id=Taxi_trip_pipeline, task_id=dbt_transformation_layer.dbt_run_model_green_trip, run_id=scheduled__2024-10-12T08:00:00+00:00, execution_date=20241012T080000, start_date=20241012T093735, end_date=20241012T093746
[2024-10-12T09:37:46.759+0000] {local_task_job_runner.py:240} INFO - Task exited with return code 0
[2024-10-12T09:37:46.781+0000] {taskinstance.py:3498} INFO - 1 downstream tasks scheduled from follow-on schedule check
[2024-10-12T09:37:46.782+0000] {local_task_job_runner.py:222} INFO - ::endgroup::
