[2024-10-12T08:40:32.268+0000] {local_task_job_runner.py:120} INFO - ::group::Pre task execution logs
[2024-10-12T08:40:32.296+0000] {taskinstance.py:2076} INFO - Dependencies all met for dep_context=non-requeueable deps ti=<TaskInstance: Taxi_trip_pipeline.dbt_transformation_layer.dbt_run_model_green_trip scheduled__2024-10-12T08:00:00+00:00 [queued]>
[2024-10-12T08:40:32.310+0000] {taskinstance.py:2076} INFO - Dependencies all met for dep_context=requeueable deps ti=<TaskInstance: Taxi_trip_pipeline.dbt_transformation_layer.dbt_run_model_green_trip scheduled__2024-10-12T08:00:00+00:00 [queued]>
[2024-10-12T08:40:32.311+0000] {taskinstance.py:2306} INFO - Starting attempt 8 of 8
[2024-10-12T08:40:32.331+0000] {taskinstance.py:2330} INFO - Executing <Task(BashOperator): dbt_transformation_layer.dbt_run_model_green_trip> on 2024-10-12 08:00:00+00:00
[2024-10-12T08:40:32.340+0000] {standard_task_runner.py:63} INFO - Started process 354 to run task
[2024-10-12T08:40:32.344+0000] {standard_task_runner.py:90} INFO - Running: ['***', 'tasks', 'run', 'Taxi_trip_pipeline', 'dbt_transformation_layer.dbt_run_model_green_trip', 'scheduled__2024-10-12T08:00:00+00:00', '--job-id', '496', '--raw', '--subdir', 'DAGS_FOLDER/taxi_trip.py', '--cfg-path', '/tmp/tmpbh9jga1y']
[2024-10-12T08:40:32.348+0000] {standard_task_runner.py:91} INFO - Job 496: Subtask dbt_transformation_layer.dbt_run_model_green_trip
[2024-10-12T08:40:32.401+0000] {task_command.py:426} INFO - Running <TaskInstance: Taxi_trip_pipeline.dbt_transformation_layer.dbt_run_model_green_trip scheduled__2024-10-12T08:00:00+00:00 [running]> on host fd913b953c2b
[2024-10-12T08:40:32.510+0000] {taskinstance.py:2648} INFO - Exporting env vars: AIRFLOW_CTX_DAG_OWNER='Mahmoud' AIRFLOW_CTX_DAG_ID='Taxi_trip_pipeline' AIRFLOW_CTX_TASK_ID='dbt_transformation_layer.dbt_run_model_green_trip' AIRFLOW_CTX_EXECUTION_DATE='2024-10-12T08:00:00+00:00' AIRFLOW_CTX_TRY_NUMBER='8' AIRFLOW_CTX_DAG_RUN_ID='scheduled__2024-10-12T08:00:00+00:00'
[2024-10-12T08:40:32.512+0000] {taskinstance.py:430} INFO - ::endgroup::
[2024-10-12T08:40:32.533+0000] {subprocess.py:63} INFO - Tmp dir root location: /tmp
[2024-10-12T08:40:32.534+0000] {subprocess.py:75} INFO - Running command: ['/usr/bin/bash', '-c', 'dbt run --profiles-dir /opt/***/DBT_Project  --project-dir /opt/***/dbt_trip --models green_trip']
[2024-10-12T08:40:32.551+0000] {subprocess.py:86} INFO - Output:
[2024-10-12T08:40:35.605+0000] {subprocess.py:93} INFO - [0m08:40:35  Running with dbt=1.8.0
[2024-10-12T08:40:35.943+0000] {subprocess.py:93} INFO - [0m08:40:35  Registered adapter: postgres=1.8.0
[2024-10-12T08:40:36.591+0000] {subprocess.py:93} INFO - [0m08:40:36  [[33mWARNING[0m]: Configuration paths exist in your dbt_project.yml file which do not apply to any resources.
[2024-10-12T08:40:36.591+0000] {subprocess.py:93} INFO - There are 2 unused configuration paths:
[2024-10-12T08:40:36.592+0000] {subprocess.py:93} INFO - - models.fact_trip.Dimensions
[2024-10-12T08:40:36.592+0000] {subprocess.py:93} INFO - - models.fact_trip.staging
[2024-10-12T08:40:36.888+0000] {subprocess.py:93} INFO - [0m08:40:36  Found 4 models, 6 data tests, 3 sources, 566 macros
[2024-10-12T08:40:36.891+0000] {subprocess.py:93} INFO - [0m08:40:36
[2024-10-12T08:40:37.102+0000] {subprocess.py:93} INFO - [0m08:40:37  Concurrency: 3 threads (target='dev')
[2024-10-12T08:40:37.104+0000] {subprocess.py:93} INFO - [0m08:40:37
[2024-10-12T08:40:37.123+0000] {subprocess.py:93} INFO - [0m08:40:37  1 of 1 START sql view model analysis.green_trip ................................ [RUN]
[2024-10-12T08:40:37.373+0000] {subprocess.py:93} INFO - [0m08:40:37  1 of 1 OK created sql view model analysis.green_trip ........................... [[32mCREATE VIEW[0m in 0.24s]
[2024-10-12T08:40:37.394+0000] {subprocess.py:93} INFO - [0m08:40:37
[2024-10-12T08:40:37.395+0000] {subprocess.py:93} INFO - [0m08:40:37  Finished running 1 view model in 0 hours 0 minutes and 0.50 seconds (0.50s).
[2024-10-12T08:40:37.480+0000] {subprocess.py:93} INFO - [0m08:40:37
[2024-10-12T08:40:37.481+0000] {subprocess.py:93} INFO - [0m08:40:37  [32mCompleted successfully[0m
[2024-10-12T08:40:37.482+0000] {subprocess.py:93} INFO - [0m08:40:37
[2024-10-12T08:40:37.483+0000] {subprocess.py:93} INFO - [0m08:40:37  Done. PASS=1 WARN=0 ERROR=0 SKIP=0 TOTAL=1
[2024-10-12T08:40:43.417+0000] {subprocess.py:97} INFO - Command exited with return code 0
[2024-10-12T08:40:43.418+0000] {taskinstance.py:441} INFO - ::group::Post task execution logs
[2024-10-12T08:40:43.441+0000] {taskinstance.py:1206} INFO - Marking task as SUCCESS. dag_id=Taxi_trip_pipeline, task_id=dbt_transformation_layer.dbt_run_model_green_trip, run_id=scheduled__2024-10-12T08:00:00+00:00, execution_date=20241012T080000, start_date=20241012T084032, end_date=20241012T084043
[2024-10-12T08:40:43.482+0000] {local_task_job_runner.py:240} INFO - Task exited with return code 0
[2024-10-12T08:40:43.504+0000] {taskinstance.py:3498} INFO - 1 downstream tasks scheduled from follow-on schedule check
[2024-10-12T08:40:43.505+0000] {local_task_job_runner.py:222} INFO - ::endgroup::
