[2024-10-12T09:42:26.810+0000] {local_task_job_runner.py:120} INFO - ::group::Pre task execution logs
[2024-10-12T09:42:26.839+0000] {taskinstance.py:2076} INFO - Dependencies all met for dep_context=non-requeueable deps ti=<TaskInstance: Taxi_trip_pipeline.dbt_transformation_layer.dbt_run_model_green_trip scheduled__2024-10-12T08:00:00+00:00 [queued]>
[2024-10-12T09:42:26.851+0000] {taskinstance.py:2076} INFO - Dependencies all met for dep_context=requeueable deps ti=<TaskInstance: Taxi_trip_pipeline.dbt_transformation_layer.dbt_run_model_green_trip scheduled__2024-10-12T08:00:00+00:00 [queued]>
[2024-10-12T09:42:26.851+0000] {taskinstance.py:2306} INFO - Starting attempt 15 of 15
[2024-10-12T09:42:26.866+0000] {taskinstance.py:2330} INFO - Executing <Task(BashOperator): dbt_transformation_layer.dbt_run_model_green_trip> on 2024-10-12 08:00:00+00:00
[2024-10-12T09:42:26.874+0000] {standard_task_runner.py:63} INFO - Started process 308 to run task
[2024-10-12T09:42:26.878+0000] {standard_task_runner.py:90} INFO - Running: ['***', 'tasks', 'run', 'Taxi_trip_pipeline', 'dbt_transformation_layer.dbt_run_model_green_trip', 'scheduled__2024-10-12T08:00:00+00:00', '--job-id', '568', '--raw', '--subdir', 'DAGS_FOLDER/taxi_trip.py', '--cfg-path', '/tmp/tmp6kdmlfiu']
[2024-10-12T09:42:26.880+0000] {standard_task_runner.py:91} INFO - Job 568: Subtask dbt_transformation_layer.dbt_run_model_green_trip
[2024-10-12T09:42:26.954+0000] {task_command.py:426} INFO - Running <TaskInstance: Taxi_trip_pipeline.dbt_transformation_layer.dbt_run_model_green_trip scheduled__2024-10-12T08:00:00+00:00 [running]> on host cb13d84d2d77
[2024-10-12T09:42:27.088+0000] {taskinstance.py:2648} INFO - Exporting env vars: AIRFLOW_CTX_DAG_OWNER='Mahmoud' AIRFLOW_CTX_DAG_ID='Taxi_trip_pipeline' AIRFLOW_CTX_TASK_ID='dbt_transformation_layer.dbt_run_model_green_trip' AIRFLOW_CTX_EXECUTION_DATE='2024-10-12T08:00:00+00:00' AIRFLOW_CTX_TRY_NUMBER='15' AIRFLOW_CTX_DAG_RUN_ID='scheduled__2024-10-12T08:00:00+00:00'
[2024-10-12T09:42:27.089+0000] {taskinstance.py:430} INFO - ::endgroup::
[2024-10-12T09:42:27.104+0000] {subprocess.py:63} INFO - Tmp dir root location: /tmp
[2024-10-12T09:42:27.105+0000] {subprocess.py:75} INFO - Running command: ['/usr/bin/bash', '-c', 'dbt run --profiles-dir /opt/***/DBT_Project  --project-dir /opt/***/dbt_trip --models green_trip']
[2024-10-12T09:42:27.122+0000] {subprocess.py:86} INFO - Output:
[2024-10-12T09:42:30.398+0000] {subprocess.py:93} INFO - [0m09:42:30  Running with dbt=1.8.0
[2024-10-12T09:42:30.759+0000] {subprocess.py:93} INFO - [0m09:42:30  Registered adapter: postgres=1.8.0
[2024-10-12T09:42:31.234+0000] {subprocess.py:93} INFO - [0m09:42:31  [[33mWARNING[0m]: Configuration paths exist in your dbt_project.yml file which do not apply to any resources.
[2024-10-12T09:42:31.235+0000] {subprocess.py:93} INFO - There are 2 unused configuration paths:
[2024-10-12T09:42:31.236+0000] {subprocess.py:93} INFO - - models.fact_trip.Dimensions
[2024-10-12T09:42:31.236+0000] {subprocess.py:93} INFO - - models.fact_trip.staging
[2024-10-12T09:42:31.574+0000] {subprocess.py:93} INFO - [0m09:42:31  Found 4 models, 6 data tests, 3 sources, 566 macros
[2024-10-12T09:42:31.578+0000] {subprocess.py:93} INFO - [0m09:42:31
[2024-10-12T09:42:31.782+0000] {subprocess.py:93} INFO - [0m09:42:31  Concurrency: 3 threads (target='dev')
[2024-10-12T09:42:31.783+0000] {subprocess.py:93} INFO - [0m09:42:31
[2024-10-12T09:42:31.805+0000] {subprocess.py:93} INFO - [0m09:42:31  1 of 1 START sql view model analysis.green_trip ................................ [RUN]
[2024-10-12T09:42:32.141+0000] {subprocess.py:93} INFO - [0m09:42:32  1 of 1 OK created sql view model analysis.green_trip ........................... [[32mCREATE VIEW[0m in 0.33s]
[2024-10-12T09:42:32.159+0000] {subprocess.py:93} INFO - [0m09:42:32
[2024-10-12T09:42:32.161+0000] {subprocess.py:93} INFO - [0m09:42:32  Finished running 1 view model in 0 hours 0 minutes and 0.58 seconds (0.58s).
[2024-10-12T09:42:32.253+0000] {subprocess.py:93} INFO - [0m09:42:32
[2024-10-12T09:42:32.254+0000] {subprocess.py:93} INFO - [0m09:42:32  [32mCompleted successfully[0m
[2024-10-12T09:42:32.255+0000] {subprocess.py:93} INFO - [0m09:42:32
[2024-10-12T09:42:32.257+0000] {subprocess.py:93} INFO - [0m09:42:32  Done. PASS=1 WARN=0 ERROR=0 SKIP=0 TOTAL=1
[2024-10-12T09:42:38.500+0000] {subprocess.py:97} INFO - Command exited with return code 0
[2024-10-12T09:42:38.501+0000] {taskinstance.py:441} INFO - ::group::Post task execution logs
[2024-10-12T09:42:38.527+0000] {taskinstance.py:1206} INFO - Marking task as SUCCESS. dag_id=Taxi_trip_pipeline, task_id=dbt_transformation_layer.dbt_run_model_green_trip, run_id=scheduled__2024-10-12T08:00:00+00:00, execution_date=20241012T080000, start_date=20241012T094226, end_date=20241012T094238
[2024-10-12T09:42:38.552+0000] {local_task_job_runner.py:240} INFO - Task exited with return code 0
[2024-10-12T09:42:38.560+0000] {local_task_job_runner.py:222} INFO - ::endgroup::
