[2024-10-12T10:09:15.378+0000] {local_task_job_runner.py:120} INFO - ::group::Pre task execution logs
[2024-10-12T10:09:15.404+0000] {taskinstance.py:2076} INFO - Dependencies all met for dep_context=non-requeueable deps ti=<TaskInstance: Taxi_trip_pipeline.dbt_transformation_layer.dbt_run_model_green_trip scheduled__2024-10-12T08:00:00+00:00 [queued]>
[2024-10-12T10:09:15.417+0000] {taskinstance.py:2076} INFO - Dependencies all met for dep_context=requeueable deps ti=<TaskInstance: Taxi_trip_pipeline.dbt_transformation_layer.dbt_run_model_green_trip scheduled__2024-10-12T08:00:00+00:00 [queued]>
[2024-10-12T10:09:15.417+0000] {taskinstance.py:2306} INFO - Starting attempt 17 of 17
[2024-10-12T10:09:15.435+0000] {taskinstance.py:2330} INFO - Executing <Task(BashOperator): dbt_transformation_layer.dbt_run_model_green_trip> on 2024-10-12 08:00:00+00:00
[2024-10-12T10:09:15.445+0000] {standard_task_runner.py:63} INFO - Started process 576 to run task
[2024-10-12T10:09:15.448+0000] {standard_task_runner.py:90} INFO - Running: ['***', 'tasks', 'run', 'Taxi_trip_pipeline', 'dbt_transformation_layer.dbt_run_model_green_trip', 'scheduled__2024-10-12T08:00:00+00:00', '--job-id', '600', '--raw', '--subdir', 'DAGS_FOLDER/taxi_trip.py', '--cfg-path', '/tmp/tmp6uf3k4ib']
[2024-10-12T10:09:15.451+0000] {standard_task_runner.py:91} INFO - Job 600: Subtask dbt_transformation_layer.dbt_run_model_green_trip
[2024-10-12T10:09:15.501+0000] {task_command.py:426} INFO - Running <TaskInstance: Taxi_trip_pipeline.dbt_transformation_layer.dbt_run_model_green_trip scheduled__2024-10-12T08:00:00+00:00 [running]> on host cb13d84d2d77
[2024-10-12T10:09:15.614+0000] {taskinstance.py:2648} INFO - Exporting env vars: AIRFLOW_CTX_DAG_OWNER='Mahmoud' AIRFLOW_CTX_DAG_ID='Taxi_trip_pipeline' AIRFLOW_CTX_TASK_ID='dbt_transformation_layer.dbt_run_model_green_trip' AIRFLOW_CTX_EXECUTION_DATE='2024-10-12T08:00:00+00:00' AIRFLOW_CTX_TRY_NUMBER='17' AIRFLOW_CTX_DAG_RUN_ID='scheduled__2024-10-12T08:00:00+00:00'
[2024-10-12T10:09:15.615+0000] {taskinstance.py:430} INFO - ::endgroup::
[2024-10-12T10:09:15.635+0000] {subprocess.py:63} INFO - Tmp dir root location: /tmp
[2024-10-12T10:09:15.636+0000] {subprocess.py:75} INFO - Running command: ['/usr/bin/bash', '-c', 'dbt run --profiles-dir /opt/***/DBT_Project  --project-dir /opt/***/dbt_trip --models green_trip']
[2024-10-12T10:09:15.654+0000] {subprocess.py:86} INFO - Output:
[2024-10-12T10:09:18.886+0000] {subprocess.py:93} INFO - [0m10:09:18  Running with dbt=1.8.0
[2024-10-12T10:09:19.336+0000] {subprocess.py:93} INFO - [0m10:09:19  Registered adapter: postgres=1.8.0
[2024-10-12T10:09:19.834+0000] {subprocess.py:93} INFO - [0m10:09:19  [[33mWARNING[0m]: Configuration paths exist in your dbt_project.yml file which do not apply to any resources.
[2024-10-12T10:09:19.835+0000] {subprocess.py:93} INFO - There are 2 unused configuration paths:
[2024-10-12T10:09:19.835+0000] {subprocess.py:93} INFO - - models.fact_trip.staging
[2024-10-12T10:09:19.835+0000] {subprocess.py:93} INFO - - models.fact_trip.Dimensions
[2024-10-12T10:09:20.160+0000] {subprocess.py:93} INFO - [0m10:09:20  Found 4 models, 6 data tests, 3 sources, 566 macros
[2024-10-12T10:09:20.162+0000] {subprocess.py:93} INFO - [0m10:09:20
[2024-10-12T10:09:20.376+0000] {subprocess.py:93} INFO - [0m10:09:20  Concurrency: 3 threads (target='dev')
[2024-10-12T10:09:20.377+0000] {subprocess.py:93} INFO - [0m10:09:20
[2024-10-12T10:09:20.398+0000] {subprocess.py:93} INFO - [0m10:09:20  1 of 1 START sql view model analysis.green_trip ................................ [RUN]
[2024-10-12T10:09:20.612+0000] {subprocess.py:93} INFO - [0m10:09:20  1 of 1 OK created sql view model analysis.green_trip ........................... [[32mCREATE VIEW[0m in 0.21s]
[2024-10-12T10:09:20.625+0000] {subprocess.py:93} INFO - [0m10:09:20
[2024-10-12T10:09:20.626+0000] {subprocess.py:93} INFO - [0m10:09:20  Finished running 1 view model in 0 hours 0 minutes and 0.46 seconds (0.46s).
[2024-10-12T10:09:20.687+0000] {subprocess.py:93} INFO - [0m10:09:20
[2024-10-12T10:09:20.688+0000] {subprocess.py:93} INFO - [0m10:09:20  [32mCompleted successfully[0m
[2024-10-12T10:09:20.688+0000] {subprocess.py:93} INFO - [0m10:09:20
[2024-10-12T10:09:20.689+0000] {subprocess.py:93} INFO - [0m10:09:20  Done. PASS=1 WARN=0 ERROR=0 SKIP=0 TOTAL=1
[2024-10-12T10:09:21.803+0000] {subprocess.py:97} INFO - Command exited with return code 0
[2024-10-12T10:09:21.804+0000] {taskinstance.py:441} INFO - ::group::Post task execution logs
[2024-10-12T10:09:21.827+0000] {taskinstance.py:1206} INFO - Marking task as SUCCESS. dag_id=Taxi_trip_pipeline, task_id=dbt_transformation_layer.dbt_run_model_green_trip, run_id=scheduled__2024-10-12T08:00:00+00:00, execution_date=20241012T080000, start_date=20241012T100915, end_date=20241012T100921
[2024-10-12T10:09:21.853+0000] {local_task_job_runner.py:240} INFO - Task exited with return code 0
[2024-10-12T10:09:21.875+0000] {taskinstance.py:3498} INFO - 1 downstream tasks scheduled from follow-on schedule check
[2024-10-12T10:09:21.876+0000] {local_task_job_runner.py:222} INFO - ::endgroup::
