[2024-10-12T08:33:20.093+0000] {local_task_job_runner.py:120} INFO - ::group::Pre task execution logs
[2024-10-12T08:33:20.128+0000] {taskinstance.py:2076} INFO - Dependencies all met for dep_context=non-requeueable deps ti=<TaskInstance: Taxi_trip_pipeline.dbt_transformation_layer.dbt_run_model_green_trip scheduled__2024-10-12T08:00:00+00:00 [queued]>
[2024-10-12T08:33:20.144+0000] {taskinstance.py:2076} INFO - Dependencies all met for dep_context=requeueable deps ti=<TaskInstance: Taxi_trip_pipeline.dbt_transformation_layer.dbt_run_model_green_trip scheduled__2024-10-12T08:00:00+00:00 [queued]>
[2024-10-12T08:33:20.144+0000] {taskinstance.py:2306} INFO - Starting attempt 4 of 4
[2024-10-12T08:33:20.166+0000] {taskinstance.py:2330} INFO - Executing <Task(BashOperator): dbt_transformation_layer.dbt_run_model_green_trip> on 2024-10-12 08:00:00+00:00
[2024-10-12T08:33:20.175+0000] {standard_task_runner.py:63} INFO - Started process 118 to run task
[2024-10-12T08:33:20.180+0000] {standard_task_runner.py:90} INFO - Running: ['***', 'tasks', 'run', 'Taxi_trip_pipeline', 'dbt_transformation_layer.dbt_run_model_green_trip', 'scheduled__2024-10-12T08:00:00+00:00', '--job-id', '476', '--raw', '--subdir', 'DAGS_FOLDER/taxi_trip.py', '--cfg-path', '/tmp/tmp0vsiuew8']
[2024-10-12T08:33:20.182+0000] {standard_task_runner.py:91} INFO - Job 476: Subtask dbt_transformation_layer.dbt_run_model_green_trip
[2024-10-12T08:33:20.237+0000] {task_command.py:426} INFO - Running <TaskInstance: Taxi_trip_pipeline.dbt_transformation_layer.dbt_run_model_green_trip scheduled__2024-10-12T08:00:00+00:00 [running]> on host fd913b953c2b
[2024-10-12T08:33:20.362+0000] {taskinstance.py:2648} INFO - Exporting env vars: AIRFLOW_CTX_DAG_OWNER='Mahmoud' AIRFLOW_CTX_DAG_ID='Taxi_trip_pipeline' AIRFLOW_CTX_TASK_ID='dbt_transformation_layer.dbt_run_model_green_trip' AIRFLOW_CTX_EXECUTION_DATE='2024-10-12T08:00:00+00:00' AIRFLOW_CTX_TRY_NUMBER='4' AIRFLOW_CTX_DAG_RUN_ID='scheduled__2024-10-12T08:00:00+00:00'
[2024-10-12T08:33:20.363+0000] {taskinstance.py:430} INFO - ::endgroup::
[2024-10-12T08:33:20.377+0000] {subprocess.py:63} INFO - Tmp dir root location: /tmp
[2024-10-12T08:33:20.378+0000] {subprocess.py:75} INFO - Running command: ['/usr/bin/bash', '-c', 'dbt run --profiles-dir /opt/***/DBT_Project  --project-dir /opt/***/dbt_trip --models green_trip']
[2024-10-12T08:33:20.392+0000] {subprocess.py:86} INFO - Output:
[2024-10-12T08:33:23.655+0000] {subprocess.py:93} INFO - [0m08:33:23  Running with dbt=1.8.0
[2024-10-12T08:33:24.122+0000] {subprocess.py:93} INFO - [0m08:33:24  Registered adapter: postgres=1.8.0
[2024-10-12T08:33:24.680+0000] {subprocess.py:93} INFO - [0m08:33:24  [[33mWARNING[0m]: Configuration paths exist in your dbt_project.yml file which do not apply to any resources.
[2024-10-12T08:33:24.681+0000] {subprocess.py:93} INFO - There are 2 unused configuration paths:
[2024-10-12T08:33:24.681+0000] {subprocess.py:93} INFO - - models.fact_trip.staging
[2024-10-12T08:33:24.682+0000] {subprocess.py:93} INFO - - models.fact_trip.Dimensions
[2024-10-12T08:33:25.049+0000] {subprocess.py:93} INFO - [0m08:33:25  Found 4 models, 6 data tests, 3 sources, 566 macros
[2024-10-12T08:33:25.055+0000] {subprocess.py:93} INFO - [0m08:33:25
[2024-10-12T08:33:25.284+0000] {subprocess.py:93} INFO - [0m08:33:25  Concurrency: 3 threads (target='dev')
[2024-10-12T08:33:25.285+0000] {subprocess.py:93} INFO - [0m08:33:25
[2024-10-12T08:33:25.304+0000] {subprocess.py:93} INFO - [0m08:33:25  1 of 1 START sql view model analysis.green_trip ................................ [RUN]
[2024-10-12T08:33:25.559+0000] {subprocess.py:93} INFO - [0m08:33:25  1 of 1 OK created sql view model analysis.green_trip ........................... [[32mCREATE VIEW[0m in 0.25s]
[2024-10-12T08:33:25.573+0000] {subprocess.py:93} INFO - [0m08:33:25
[2024-10-12T08:33:25.574+0000] {subprocess.py:93} INFO - [0m08:33:25  Finished running 1 view model in 0 hours 0 minutes and 0.52 seconds (0.52s).
[2024-10-12T08:33:25.633+0000] {subprocess.py:93} INFO - [0m08:33:25
[2024-10-12T08:33:25.634+0000] {subprocess.py:93} INFO - [0m08:33:25  [32mCompleted successfully[0m
[2024-10-12T08:33:25.635+0000] {subprocess.py:93} INFO - [0m08:33:25
[2024-10-12T08:33:25.636+0000] {subprocess.py:93} INFO - [0m08:33:25  Done. PASS=1 WARN=0 ERROR=0 SKIP=0 TOTAL=1
[2024-10-12T08:33:31.665+0000] {subprocess.py:97} INFO - Command exited with return code 0
[2024-10-12T08:33:31.666+0000] {taskinstance.py:441} INFO - ::group::Post task execution logs
[2024-10-12T08:33:31.693+0000] {taskinstance.py:1206} INFO - Marking task as SUCCESS. dag_id=Taxi_trip_pipeline, task_id=dbt_transformation_layer.dbt_run_model_green_trip, run_id=scheduled__2024-10-12T08:00:00+00:00, execution_date=20241012T080000, start_date=20241012T083320, end_date=20241012T083331
[2024-10-12T08:33:31.750+0000] {local_task_job_runner.py:240} INFO - Task exited with return code 0
[2024-10-12T08:33:31.770+0000] {taskinstance.py:3498} INFO - 0 downstream tasks scheduled from follow-on schedule check
[2024-10-12T08:33:31.772+0000] {local_task_job_runner.py:222} INFO - ::endgroup::
