[2024-10-12T08:39:01.170+0000] {local_task_job_runner.py:120} INFO - ::group::Pre task execution logs
[2024-10-12T08:39:01.199+0000] {taskinstance.py:2076} INFO - Dependencies all met for dep_context=non-requeueable deps ti=<TaskInstance: Taxi_trip_pipeline.dbt_transformation_layer.dbt_run_model_green_trip scheduled__2024-10-12T08:00:00+00:00 [queued]>
[2024-10-12T08:39:01.212+0000] {taskinstance.py:2076} INFO - Dependencies all met for dep_context=requeueable deps ti=<TaskInstance: Taxi_trip_pipeline.dbt_transformation_layer.dbt_run_model_green_trip scheduled__2024-10-12T08:00:00+00:00 [queued]>
[2024-10-12T08:39:01.213+0000] {taskinstance.py:2306} INFO - Starting attempt 7 of 7
[2024-10-12T08:39:01.228+0000] {taskinstance.py:2330} INFO - Executing <Task(BashOperator): dbt_transformation_layer.dbt_run_model_green_trip> on 2024-10-12 08:00:00+00:00
[2024-10-12T08:39:01.236+0000] {standard_task_runner.py:63} INFO - Started process 294 to run task
[2024-10-12T08:39:01.239+0000] {standard_task_runner.py:90} INFO - Running: ['***', 'tasks', 'run', 'Taxi_trip_pipeline', 'dbt_transformation_layer.dbt_run_model_green_trip', 'scheduled__2024-10-12T08:00:00+00:00', '--job-id', '490', '--raw', '--subdir', 'DAGS_FOLDER/taxi_trip.py', '--cfg-path', '/tmp/tmp38t79n20']
[2024-10-12T08:39:01.242+0000] {standard_task_runner.py:91} INFO - Job 490: Subtask dbt_transformation_layer.dbt_run_model_green_trip
[2024-10-12T08:39:01.292+0000] {task_command.py:426} INFO - Running <TaskInstance: Taxi_trip_pipeline.dbt_transformation_layer.dbt_run_model_green_trip scheduled__2024-10-12T08:00:00+00:00 [running]> on host fd913b953c2b
[2024-10-12T08:39:01.393+0000] {taskinstance.py:2648} INFO - Exporting env vars: AIRFLOW_CTX_DAG_OWNER='Mahmoud' AIRFLOW_CTX_DAG_ID='Taxi_trip_pipeline' AIRFLOW_CTX_TASK_ID='dbt_transformation_layer.dbt_run_model_green_trip' AIRFLOW_CTX_EXECUTION_DATE='2024-10-12T08:00:00+00:00' AIRFLOW_CTX_TRY_NUMBER='7' AIRFLOW_CTX_DAG_RUN_ID='scheduled__2024-10-12T08:00:00+00:00'
[2024-10-12T08:39:01.394+0000] {taskinstance.py:430} INFO - ::endgroup::
[2024-10-12T08:39:01.406+0000] {subprocess.py:63} INFO - Tmp dir root location: /tmp
[2024-10-12T08:39:01.406+0000] {subprocess.py:75} INFO - Running command: ['/usr/bin/bash', '-c', 'dbt run --profiles-dir /opt/***/DBT_Project  --project-dir /opt/***/dbt_trip --models green_trip']
[2024-10-12T08:39:01.424+0000] {subprocess.py:86} INFO - Output:
[2024-10-12T08:39:04.285+0000] {subprocess.py:93} INFO - [0m08:39:04  Running with dbt=1.8.0
[2024-10-12T08:39:04.629+0000] {subprocess.py:93} INFO - [0m08:39:04  Registered adapter: postgres=1.8.0
[2024-10-12T08:39:05.177+0000] {subprocess.py:93} INFO - [0m08:39:05  [[33mWARNING[0m]: Configuration paths exist in your dbt_project.yml file which do not apply to any resources.
[2024-10-12T08:39:05.178+0000] {subprocess.py:93} INFO - There are 2 unused configuration paths:
[2024-10-12T08:39:05.178+0000] {subprocess.py:93} INFO - - models.fact_trip.Dimensions
[2024-10-12T08:39:05.178+0000] {subprocess.py:93} INFO - - models.fact_trip.staging
[2024-10-12T08:39:05.448+0000] {subprocess.py:93} INFO - [0m08:39:05  Found 4 models, 6 data tests, 3 sources, 566 macros
[2024-10-12T08:39:05.450+0000] {subprocess.py:93} INFO - [0m08:39:05
[2024-10-12T08:39:05.632+0000] {subprocess.py:93} INFO - [0m08:39:05  Concurrency: 3 threads (target='dev')
[2024-10-12T08:39:05.633+0000] {subprocess.py:93} INFO - [0m08:39:05
[2024-10-12T08:39:05.654+0000] {subprocess.py:93} INFO - [0m08:39:05  1 of 1 START sql view model analysis.green_trip ................................ [RUN]
[2024-10-12T08:39:05.912+0000] {subprocess.py:93} INFO - [0m08:39:05  1 of 1 OK created sql view model analysis.green_trip ........................... [[32mCREATE VIEW[0m in 0.25s]
[2024-10-12T08:39:05.931+0000] {subprocess.py:93} INFO - [0m08:39:05
[2024-10-12T08:39:05.932+0000] {subprocess.py:93} INFO - [0m08:39:05  Finished running 1 view model in 0 hours 0 minutes and 0.48 seconds (0.48s).
[2024-10-12T08:39:06.006+0000] {subprocess.py:93} INFO - [0m08:39:06
[2024-10-12T08:39:06.007+0000] {subprocess.py:93} INFO - [0m08:39:06  [32mCompleted successfully[0m
[2024-10-12T08:39:06.008+0000] {subprocess.py:93} INFO - [0m08:39:06
[2024-10-12T08:39:06.009+0000] {subprocess.py:93} INFO - [0m08:39:06  Done. PASS=1 WARN=0 ERROR=0 SKIP=0 TOTAL=1
[2024-10-12T08:39:07.083+0000] {subprocess.py:97} INFO - Command exited with return code 0
[2024-10-12T08:39:07.084+0000] {taskinstance.py:441} INFO - ::group::Post task execution logs
[2024-10-12T08:39:07.110+0000] {taskinstance.py:1206} INFO - Marking task as SUCCESS. dag_id=Taxi_trip_pipeline, task_id=dbt_transformation_layer.dbt_run_model_green_trip, run_id=scheduled__2024-10-12T08:00:00+00:00, execution_date=20241012T080000, start_date=20241012T083901, end_date=20241012T083907
[2024-10-12T08:39:07.149+0000] {local_task_job_runner.py:240} INFO - Task exited with return code 0
[2024-10-12T08:39:07.176+0000] {taskinstance.py:3498} INFO - 0 downstream tasks scheduled from follow-on schedule check
[2024-10-12T08:39:07.177+0000] {local_task_job_runner.py:222} INFO - ::endgroup::
