[2024-10-12T08:41:34.262+0000] {local_task_job_runner.py:120} INFO - ::group::Pre task execution logs
[2024-10-12T08:41:34.296+0000] {taskinstance.py:2076} INFO - Dependencies all met for dep_context=non-requeueable deps ti=<TaskInstance: Taxi_trip_pipeline.dbt_transformation_layer.dbt_run_model_green_trip scheduled__2024-10-12T08:00:00+00:00 [queued]>
[2024-10-12T08:41:34.312+0000] {taskinstance.py:2076} INFO - Dependencies all met for dep_context=requeueable deps ti=<TaskInstance: Taxi_trip_pipeline.dbt_transformation_layer.dbt_run_model_green_trip scheduled__2024-10-12T08:00:00+00:00 [queued]>
[2024-10-12T08:41:34.313+0000] {taskinstance.py:2306} INFO - Starting attempt 9 of 9
[2024-10-12T08:41:34.332+0000] {taskinstance.py:2330} INFO - Executing <Task(BashOperator): dbt_transformation_layer.dbt_run_model_green_trip> on 2024-10-12 08:00:00+00:00
[2024-10-12T08:41:34.341+0000] {standard_task_runner.py:63} INFO - Started process 413 to run task
[2024-10-12T08:41:34.345+0000] {standard_task_runner.py:90} INFO - Running: ['***', 'tasks', 'run', 'Taxi_trip_pipeline', 'dbt_transformation_layer.dbt_run_model_green_trip', 'scheduled__2024-10-12T08:00:00+00:00', '--job-id', '501', '--raw', '--subdir', 'DAGS_FOLDER/taxi_trip.py', '--cfg-path', '/tmp/tmppopb78cz']
[2024-10-12T08:41:34.348+0000] {standard_task_runner.py:91} INFO - Job 501: Subtask dbt_transformation_layer.dbt_run_model_green_trip
[2024-10-12T08:41:34.418+0000] {task_command.py:426} INFO - Running <TaskInstance: Taxi_trip_pipeline.dbt_transformation_layer.dbt_run_model_green_trip scheduled__2024-10-12T08:00:00+00:00 [running]> on host fd913b953c2b
[2024-10-12T08:41:34.558+0000] {taskinstance.py:2648} INFO - Exporting env vars: AIRFLOW_CTX_DAG_OWNER='Mahmoud' AIRFLOW_CTX_DAG_ID='Taxi_trip_pipeline' AIRFLOW_CTX_TASK_ID='dbt_transformation_layer.dbt_run_model_green_trip' AIRFLOW_CTX_EXECUTION_DATE='2024-10-12T08:00:00+00:00' AIRFLOW_CTX_TRY_NUMBER='9' AIRFLOW_CTX_DAG_RUN_ID='scheduled__2024-10-12T08:00:00+00:00'
[2024-10-12T08:41:34.560+0000] {taskinstance.py:430} INFO - ::endgroup::
[2024-10-12T08:41:34.575+0000] {subprocess.py:63} INFO - Tmp dir root location: /tmp
[2024-10-12T08:41:34.576+0000] {subprocess.py:75} INFO - Running command: ['/usr/bin/bash', '-c', 'dbt run --profiles-dir /opt/***/DBT_Project  --project-dir /opt/***/dbt_trip --models green_trip']
[2024-10-12T08:41:34.596+0000] {subprocess.py:86} INFO - Output:
[2024-10-12T08:41:37.449+0000] {subprocess.py:93} INFO - [0m08:41:37  Running with dbt=1.8.0
[2024-10-12T08:41:37.902+0000] {subprocess.py:93} INFO - [0m08:41:37  Registered adapter: postgres=1.8.0
[2024-10-12T08:41:38.432+0000] {subprocess.py:93} INFO - [0m08:41:38  [[33mWARNING[0m]: Configuration paths exist in your dbt_project.yml file which do not apply to any resources.
[2024-10-12T08:41:38.432+0000] {subprocess.py:93} INFO - There are 2 unused configuration paths:
[2024-10-12T08:41:38.432+0000] {subprocess.py:93} INFO - - models.fact_trip.Dimensions
[2024-10-12T08:41:38.432+0000] {subprocess.py:93} INFO - - models.fact_trip.staging
[2024-10-12T08:41:38.701+0000] {subprocess.py:93} INFO - [0m08:41:38  Found 4 models, 6 data tests, 3 sources, 566 macros
[2024-10-12T08:41:38.704+0000] {subprocess.py:93} INFO - [0m08:41:38
[2024-10-12T08:41:38.880+0000] {subprocess.py:93} INFO - [0m08:41:38  Concurrency: 3 threads (target='dev')
[2024-10-12T08:41:38.881+0000] {subprocess.py:93} INFO - [0m08:41:38
[2024-10-12T08:41:38.905+0000] {subprocess.py:93} INFO - [0m08:41:38  1 of 1 START sql view model analysis.green_trip ................................ [RUN]
[2024-10-12T08:41:39.172+0000] {subprocess.py:93} INFO - [0m08:41:39  1 of 1 OK created sql view model analysis.green_trip ........................... [[32mCREATE VIEW[0m in 0.26s]
[2024-10-12T08:41:39.189+0000] {subprocess.py:93} INFO - [0m08:41:39
[2024-10-12T08:41:39.190+0000] {subprocess.py:93} INFO - [0m08:41:39  Finished running 1 view model in 0 hours 0 minutes and 0.48 seconds (0.48s).
[2024-10-12T08:41:39.272+0000] {subprocess.py:93} INFO - [0m08:41:39
[2024-10-12T08:41:39.274+0000] {subprocess.py:93} INFO - [0m08:41:39  [32mCompleted successfully[0m
[2024-10-12T08:41:39.276+0000] {subprocess.py:93} INFO - [0m08:41:39
[2024-10-12T08:41:39.277+0000] {subprocess.py:93} INFO - [0m08:41:39  Done. PASS=1 WARN=0 ERROR=0 SKIP=0 TOTAL=1
[2024-10-12T08:41:40.379+0000] {subprocess.py:97} INFO - Command exited with return code 0
[2024-10-12T08:41:40.380+0000] {taskinstance.py:441} INFO - ::group::Post task execution logs
[2024-10-12T08:41:40.408+0000] {taskinstance.py:1206} INFO - Marking task as SUCCESS. dag_id=Taxi_trip_pipeline, task_id=dbt_transformation_layer.dbt_run_model_green_trip, run_id=scheduled__2024-10-12T08:00:00+00:00, execution_date=20241012T080000, start_date=20241012T084134, end_date=20241012T084140
[2024-10-12T08:41:40.463+0000] {local_task_job_runner.py:240} INFO - Task exited with return code 0
[2024-10-12T08:41:40.491+0000] {taskinstance.py:3498} INFO - 0 downstream tasks scheduled from follow-on schedule check
[2024-10-12T08:41:40.492+0000] {local_task_job_runner.py:222} INFO - ::endgroup::
