[2024-10-12T08:33:05.738+0000] {local_task_job_runner.py:120} INFO - ::group::Pre task execution logs
[2024-10-12T08:33:05.764+0000] {taskinstance.py:2076} INFO - Dependencies all met for dep_context=non-requeueable deps ti=<TaskInstance: Taxi_trip_pipeline.dbt_transformation_layer.dbt_run_model_yellow_trip scheduled__2024-10-12T08:15:00+00:00 [queued]>
[2024-10-12T08:33:05.773+0000] {taskinstance.py:2076} INFO - Dependencies all met for dep_context=requeueable deps ti=<TaskInstance: Taxi_trip_pipeline.dbt_transformation_layer.dbt_run_model_yellow_trip scheduled__2024-10-12T08:15:00+00:00 [queued]>
[2024-10-12T08:33:05.773+0000] {taskinstance.py:2306} INFO - Starting attempt 2 of 2
[2024-10-12T08:33:05.786+0000] {taskinstance.py:2330} INFO - Executing <Task(BashOperator): dbt_transformation_layer.dbt_run_model_yellow_trip> on 2024-10-12 08:15:00+00:00
[2024-10-12T08:33:05.793+0000] {standard_task_runner.py:63} INFO - Started process 59 to run task
[2024-10-12T08:33:05.796+0000] {standard_task_runner.py:90} INFO - Running: ['***', 'tasks', 'run', 'Taxi_trip_pipeline', 'dbt_transformation_layer.dbt_run_model_yellow_trip', 'scheduled__2024-10-12T08:15:00+00:00', '--job-id', '471', '--raw', '--subdir', 'DAGS_FOLDER/taxi_trip.py', '--cfg-path', '/tmp/tmp6obj1nkz']
[2024-10-12T08:33:05.799+0000] {standard_task_runner.py:91} INFO - Job 471: Subtask dbt_transformation_layer.dbt_run_model_yellow_trip
[2024-10-12T08:33:05.850+0000] {task_command.py:426} INFO - Running <TaskInstance: Taxi_trip_pipeline.dbt_transformation_layer.dbt_run_model_yellow_trip scheduled__2024-10-12T08:15:00+00:00 [running]> on host fd913b953c2b
[2024-10-12T08:33:05.939+0000] {taskinstance.py:2648} INFO - Exporting env vars: AIRFLOW_CTX_DAG_OWNER='Mahmoud' AIRFLOW_CTX_DAG_ID='Taxi_trip_pipeline' AIRFLOW_CTX_TASK_ID='dbt_transformation_layer.dbt_run_model_yellow_trip' AIRFLOW_CTX_EXECUTION_DATE='2024-10-12T08:15:00+00:00' AIRFLOW_CTX_TRY_NUMBER='2' AIRFLOW_CTX_DAG_RUN_ID='scheduled__2024-10-12T08:15:00+00:00'
[2024-10-12T08:33:05.940+0000] {taskinstance.py:430} INFO - ::endgroup::
[2024-10-12T08:33:05.954+0000] {subprocess.py:63} INFO - Tmp dir root location: /tmp
[2024-10-12T08:33:05.955+0000] {subprocess.py:75} INFO - Running command: ['/usr/bin/bash', '-c', 'dbt run --profiles-dir /opt/***/DBT_Project  --project-dir /opt/***/dbt_trip --models yellow_trip']
[2024-10-12T08:33:05.971+0000] {subprocess.py:86} INFO - Output:
[2024-10-12T08:33:09.413+0000] {subprocess.py:93} INFO - [0m08:33:09  Running with dbt=1.8.0
[2024-10-12T08:33:09.758+0000] {subprocess.py:93} INFO - [0m08:33:09  Registered adapter: postgres=1.8.0
[2024-10-12T08:33:10.227+0000] {subprocess.py:93} INFO - [0m08:33:10  [[33mWARNING[0m]: Configuration paths exist in your dbt_project.yml file which do not apply to any resources.
[2024-10-12T08:33:10.228+0000] {subprocess.py:93} INFO - There are 2 unused configuration paths:
[2024-10-12T08:33:10.228+0000] {subprocess.py:93} INFO - - models.fact_trip.Dimensions
[2024-10-12T08:33:10.228+0000] {subprocess.py:93} INFO - - models.fact_trip.staging
[2024-10-12T08:33:10.537+0000] {subprocess.py:93} INFO - [0m08:33:10  Found 4 models, 6 data tests, 3 sources, 566 macros
[2024-10-12T08:33:10.539+0000] {subprocess.py:93} INFO - [0m08:33:10
[2024-10-12T08:33:10.741+0000] {subprocess.py:93} INFO - [0m08:33:10  Concurrency: 3 threads (target='dev')
[2024-10-12T08:33:10.742+0000] {subprocess.py:93} INFO - [0m08:33:10
[2024-10-12T08:33:10.783+0000] {subprocess.py:93} INFO - [0m08:33:10  1 of 1 START sql view model analysis.yellow_trip ............................... [RUN]
[2024-10-12T08:33:11.148+0000] {subprocess.py:93} INFO - [0m08:33:11  1 of 1 OK created sql view model analysis.yellow_trip .......................... [[32mCREATE VIEW[0m in 0.36s]
[2024-10-12T08:33:11.166+0000] {subprocess.py:93} INFO - [0m08:33:11
[2024-10-12T08:33:11.167+0000] {subprocess.py:93} INFO - [0m08:33:11  Finished running 1 view model in 0 hours 0 minutes and 0.63 seconds (0.63s).
[2024-10-12T08:33:11.258+0000] {subprocess.py:93} INFO - [0m08:33:11
[2024-10-12T08:33:11.260+0000] {subprocess.py:93} INFO - [0m08:33:11  [32mCompleted successfully[0m
[2024-10-12T08:33:11.261+0000] {subprocess.py:93} INFO - [0m08:33:11
[2024-10-12T08:33:11.264+0000] {subprocess.py:93} INFO - [0m08:33:11  Done. PASS=1 WARN=0 ERROR=0 SKIP=0 TOTAL=1
[2024-10-12T08:33:12.447+0000] {subprocess.py:97} INFO - Command exited with return code 0
[2024-10-12T08:33:12.448+0000] {taskinstance.py:441} INFO - ::group::Post task execution logs
[2024-10-12T08:33:12.480+0000] {taskinstance.py:1206} INFO - Marking task as SUCCESS. dag_id=Taxi_trip_pipeline, task_id=dbt_transformation_layer.dbt_run_model_yellow_trip, run_id=scheduled__2024-10-12T08:15:00+00:00, execution_date=20241012T081500, start_date=20241012T083305, end_date=20241012T083312
[2024-10-12T08:33:12.518+0000] {local_task_job_runner.py:240} INFO - Task exited with return code 0
[2024-10-12T08:33:12.526+0000] {local_task_job_runner.py:222} INFO - ::endgroup::
