[2024-09-20T13:10:22.603+0000] {local_task_job_runner.py:123} INFO - ::group::Pre task execution logs
[2024-09-20T13:10:22.796+0000] {taskinstance.py:2612} INFO - Dependencies all met for dep_context=non-requeueable deps ti=<TaskInstance: NYC_Taxi_pipeline.load_data manual__2024-09-20T13:07:59.496914+00:00 [queued]>
[2024-09-20T13:10:22.806+0000] {taskinstance.py:2612} INFO - Dependencies all met for dep_context=requeueable deps ti=<TaskInstance: NYC_Taxi_pipeline.load_data manual__2024-09-20T13:07:59.496914+00:00 [queued]>
[2024-09-20T13:10:22.807+0000] {taskinstance.py:2865} INFO - Starting attempt 2 of 2
[2024-09-20T13:10:22.823+0000] {taskinstance.py:2888} INFO - Executing <Task(PythonOperator): load_data> on 2024-09-20 13:07:59.496914+00:00
[2024-09-20T13:10:22.832+0000] {warnings.py:112} WARNING - /home/***/.local/lib/python3.12/site-packages/***/task/task_runner/standard_task_runner.py:70: DeprecationWarning: This process (pid=144) is multi-threaded, use of fork() may lead to deadlocks in the child.
  pid = os.fork()

[2024-09-20T13:10:22.834+0000] {standard_task_runner.py:72} INFO - Started process 146 to run task
[2024-09-20T13:10:22.834+0000] {standard_task_runner.py:104} INFO - Running: ['***', 'tasks', 'run', 'NYC_Taxi_pipeline', 'load_data', 'manual__2024-09-20T13:07:59.496914+00:00', '--job-id', '256', '--raw', '--subdir', 'DAGS_FOLDER/NYC_Taxi_pipeline.py', '--cfg-path', '/tmp/tmpyqgkzahv']
[2024-09-20T13:10:22.836+0000] {standard_task_runner.py:105} INFO - Job 256: Subtask load_data
[2024-09-20T13:10:22.875+0000] {task_command.py:467} INFO - Running <TaskInstance: NYC_Taxi_pipeline.load_data manual__2024-09-20T13:07:59.496914+00:00 [running]> on host 299ec99d9d69
[2024-09-20T13:10:22.955+0000] {taskinstance.py:3131} INFO - Exporting env vars: AIRFLOW_CTX_DAG_OWNER='Mahmoud' AIRFLOW_CTX_DAG_ID='NYC_Taxi_pipeline' AIRFLOW_CTX_TASK_ID='load_data' AIRFLOW_CTX_EXECUTION_DATE='2024-09-20T13:07:59.496914+00:00' AIRFLOW_CTX_TRY_NUMBER='2' AIRFLOW_CTX_DAG_RUN_ID='manual__2024-09-20T13:07:59.496914+00:00'
[2024-09-20T13:10:22.956+0000] {taskinstance.py:731} INFO - ::endgroup::
[2024-09-20T13:10:22.968+0000] {NYC_Taxi_pipeline.py:43} INFO - Start to load data
[2024-09-20T13:10:22.969+0000] {data_process.py:28} INFO - Loading data into table trip...
[2024-09-20T13:10:24.986+0000] {db_utils.py:21} INFO - Connected to PostgreSQL database successfully
[2024-09-20T13:10:24.992+0000] {data_process.py:71} INFO - Data loaded successfully into table trip with 0 rows
[2024-09-20T13:10:24.992+0000] {db_utils.py:30} INFO - PostgreSQL connection is closed
[2024-09-20T13:10:24.993+0000] {NYC_Taxi_pipeline.py:46} INFO - Load data done
[2024-09-20T13:10:24.993+0000] {python.py:240} INFO - Done. Returned value was: None
[2024-09-20T13:10:25.005+0000] {taskinstance.py:340} INFO - ::group::Post task execution logs
[2024-09-20T13:10:25.006+0000] {taskinstance.py:352} INFO - Marking task as SUCCESS. dag_id=NYC_Taxi_pipeline, task_id=load_data, run_id=manual__2024-09-20T13:07:59.496914+00:00, execution_date=20240920T130759, start_date=20240920T131022, end_date=20240920T131025
[2024-09-20T13:10:25.053+0000] {local_task_job_runner.py:266} INFO - Task exited with return code 0
[2024-09-20T13:10:25.074+0000] {taskinstance.py:3900} INFO - 0 downstream tasks scheduled from follow-on schedule check
[2024-09-20T13:10:25.076+0000] {local_task_job_runner.py:245} INFO - ::endgroup::
