[2024-09-30T17:38:43.881+0000] {local_task_job_runner.py:120} INFO - ::group::Pre task execution logs
[2024-09-30T17:38:43.904+0000] {taskinstance.py:2076} INFO - Dependencies all met for dep_context=non-requeueable deps ti=<TaskInstance: Taxi_trip_pipeline.dbt_staging_layer.dbt_run_stg_green_tripdata manual__2024-09-30T17:37:19.589455+00:00 [queued]>
[2024-09-30T17:38:43.914+0000] {taskinstance.py:2076} INFO - Dependencies all met for dep_context=requeueable deps ti=<TaskInstance: Taxi_trip_pipeline.dbt_staging_layer.dbt_run_stg_green_tripdata manual__2024-09-30T17:37:19.589455+00:00 [queued]>
[2024-09-30T17:38:43.914+0000] {taskinstance.py:2306} INFO - Starting attempt 1 of 1
[2024-09-30T17:38:43.958+0000] {taskinstance.py:2330} INFO - Executing <Task(BashOperator): dbt_staging_layer.dbt_run_stg_green_tripdata> on 2024-09-30 17:37:19.589455+00:00
[2024-09-30T17:38:43.965+0000] {standard_task_runner.py:63} INFO - Started process 177 to run task
[2024-09-30T17:38:43.968+0000] {standard_task_runner.py:90} INFO - Running: ['***', 'tasks', 'run', 'Taxi_trip_pipeline', 'dbt_staging_layer.dbt_run_stg_green_tripdata', 'manual__2024-09-30T17:37:19.589455+00:00', '--job-id', '40', '--raw', '--subdir', 'DAGS_FOLDER/taxi_trip.py', '--cfg-path', '/tmp/tmpcyt3o8mb']
[2024-09-30T17:38:43.970+0000] {standard_task_runner.py:91} INFO - Job 40: Subtask dbt_staging_layer.dbt_run_stg_green_tripdata
[2024-09-30T17:38:44.043+0000] {task_command.py:426} INFO - Running <TaskInstance: Taxi_trip_pipeline.dbt_staging_layer.dbt_run_stg_green_tripdata manual__2024-09-30T17:37:19.589455+00:00 [running]> on host 72cf0e8bafa8
[2024-09-30T17:38:44.222+0000] {taskinstance.py:2648} INFO - Exporting env vars: AIRFLOW_CTX_DAG_OWNER='Mahmoud' AIRFLOW_CTX_DAG_ID='Taxi_trip_pipeline' AIRFLOW_CTX_TASK_ID='dbt_staging_layer.dbt_run_stg_green_tripdata' AIRFLOW_CTX_EXECUTION_DATE='2024-09-30T17:37:19.589455+00:00' AIRFLOW_CTX_TRY_NUMBER='1' AIRFLOW_CTX_DAG_RUN_ID='manual__2024-09-30T17:37:19.589455+00:00'
[2024-09-30T17:38:44.223+0000] {taskinstance.py:430} INFO - ::endgroup::
[2024-09-30T17:38:44.235+0000] {subprocess.py:63} INFO - Tmp dir root location: /tmp
[2024-09-30T17:38:44.236+0000] {subprocess.py:75} INFO - Running command: ['/usr/bin/bash', '-c', 'dbt run --profiles-dir /opt/***/DBT_Project  --project-dir /opt/***/dbt_trip --models stg_green_tripdata']
[2024-09-30T17:38:44.252+0000] {subprocess.py:86} INFO - Output:
[2024-09-30T17:38:48.444+0000] {subprocess.py:93} INFO - [0m17:38:48  Running with dbt=1.8.0
[2024-09-30T17:38:48.871+0000] {subprocess.py:93} INFO - [0m17:38:48  Registered adapter: postgres=1.8.0
[2024-09-30T17:38:49.112+0000] {subprocess.py:93} INFO - [0m17:38:49  Unable to do partial parsing because of a version mismatch
[2024-09-30T17:38:51.474+0000] {subprocess.py:93} INFO - [0m17:38:51  [[33mWARNING[0m]: Deprecated functionality
[2024-09-30T17:38:51.475+0000] {subprocess.py:93} INFO - The `tests` config has been renamed to `data_tests`. Please see
[2024-09-30T17:38:51.475+0000] {subprocess.py:93} INFO - https://docs.getdbt.com/docs/build/data-tests#new-data_tests-syntax for more
[2024-09-30T17:38:51.475+0000] {subprocess.py:93} INFO - information.
[2024-09-30T17:38:51.817+0000] {subprocess.py:93} INFO - [0m17:38:51  Encountered an error:
[2024-09-30T17:38:51.817+0000] {subprocess.py:93} INFO - Compilation Error
[2024-09-30T17:38:51.818+0000] {subprocess.py:93} INFO -   Model 'model.fact_trip.stg_yellow_tripdata' (models/Staging/stg_yellow_tripdata.sql) depends on a source named 'staging.yellow_trip' which was not found
[2024-09-30T17:38:53.000+0000] {subprocess.py:97} INFO - Command exited with return code 2
[2024-09-30T17:38:53.001+0000] {taskinstance.py:441} INFO - ::group::Post task execution logs
[2024-09-30T17:38:53.011+0000] {taskinstance.py:2905} ERROR - Task failed with exception
Traceback (most recent call last):
  File "/home/airflow/.local/lib/python3.9/site-packages/airflow/models/taskinstance.py", line 465, in _execute_task
    result = _execute_callable(context=context, **execute_callable_kwargs)
  File "/home/airflow/.local/lib/python3.9/site-packages/airflow/models/taskinstance.py", line 432, in _execute_callable
    return execute_callable(context=context, **execute_callable_kwargs)
  File "/home/airflow/.local/lib/python3.9/site-packages/airflow/models/baseoperator.py", line 400, in wrapper
    return func(self, *args, **kwargs)
  File "/home/airflow/.local/lib/python3.9/site-packages/airflow/operators/bash.py", line 243, in execute
    raise AirflowException(
airflow.exceptions.AirflowException: Bash command failed. The command returned a non-zero exit code 2.
[2024-09-30T17:38:53.014+0000] {taskinstance.py:1206} INFO - Marking task as FAILED. dag_id=Taxi_trip_pipeline, task_id=dbt_staging_layer.dbt_run_stg_green_tripdata, run_id=manual__2024-09-30T17:37:19.589455+00:00, execution_date=20240930T173719, start_date=20240930T173843, end_date=20240930T173853
[2024-09-30T17:38:53.095+0000] {standard_task_runner.py:110} ERROR - Failed to execute job 40 for task dbt_staging_layer.dbt_run_stg_green_tripdata (Bash command failed. The command returned a non-zero exit code 2.; 177)
[2024-09-30T17:38:53.124+0000] {local_task_job_runner.py:240} INFO - Task exited with return code 1
[2024-09-30T17:38:53.133+0000] {local_task_job_runner.py:222} INFO - ::endgroup::
