[2024-10-01T12:33:03.383+0000] {local_task_job_runner.py:120} INFO - ::group::Pre task execution logs
[2024-10-01T12:33:03.416+0000] {taskinstance.py:2076} INFO - Dependencies all met for dep_context=non-requeueable deps ti=<TaskInstance: Taxi_trip_pipeline.load_layer.load_green_trip manual__2024-10-01T12:30:32.928618+00:00 [queued]>
[2024-10-01T12:33:03.427+0000] {taskinstance.py:2076} INFO - Dependencies all met for dep_context=requeueable deps ti=<TaskInstance: Taxi_trip_pipeline.load_layer.load_green_trip manual__2024-10-01T12:30:32.928618+00:00 [queued]>
[2024-10-01T12:33:03.428+0000] {taskinstance.py:2306} INFO - Starting attempt 2 of 2
[2024-10-01T12:33:03.445+0000] {taskinstance.py:2330} INFO - Executing <Task(PythonOperator): load_layer.load_green_trip> on 2024-10-01 12:30:32.928618+00:00
[2024-10-01T12:33:03.454+0000] {standard_task_runner.py:63} INFO - Started process 1005 to run task
[2024-10-01T12:33:03.458+0000] {standard_task_runner.py:90} INFO - Running: ['***', 'tasks', 'run', 'Taxi_trip_pipeline', 'load_layer.load_green_trip', 'manual__2024-10-01T12:30:32.928618+00:00', '--job-id', '197', '--raw', '--subdir', 'DAGS_FOLDER/taxi_trip.py', '--cfg-path', '/tmp/tmphc7hejuu']
[2024-10-01T12:33:03.462+0000] {standard_task_runner.py:91} INFO - Job 197: Subtask load_layer.load_green_trip
[2024-10-01T12:33:03.513+0000] {task_command.py:426} INFO - Running <TaskInstance: Taxi_trip_pipeline.load_layer.load_green_trip manual__2024-10-01T12:30:32.928618+00:00 [running]> on host fcb0f9e87e2b
[2024-10-01T12:33:03.614+0000] {taskinstance.py:2648} INFO - Exporting env vars: AIRFLOW_CTX_DAG_OWNER='Mahmoud' AIRFLOW_CTX_DAG_ID='Taxi_trip_pipeline' AIRFLOW_CTX_TASK_ID='load_layer.load_green_trip' AIRFLOW_CTX_EXECUTION_DATE='2024-10-01T12:30:32.928618+00:00' AIRFLOW_CTX_TRY_NUMBER='2' AIRFLOW_CTX_DAG_RUN_ID='manual__2024-10-01T12:30:32.928618+00:00'
[2024-10-01T12:33:03.615+0000] {taskinstance.py:430} INFO - ::endgroup::
[2024-10-01T12:33:03.748+0000] {taxi_trip.py:70} INFO - Loading green trip data started with 56551 rows
[2024-10-01T12:33:03.748+0000] {Load_data.py:11} INFO - Loading green trip data...
[2024-10-01T12:33:03.749+0000] {Load_data.py:12} INFO - green trip with 56551rows
[2024-10-01T12:33:03.801+0000] {db_utils.py:31} INFO - Loading data into table green_trip...
[2024-10-01T12:33:03.807+0000] {db_utils.py:16} INFO - Connected to PostgreSQL database successfully
[2024-10-01T12:33:09.305+0000] {db_utils.py:38} INFO - Data loaded successfully into table green_trip with 56551 rows
[2024-10-01T12:33:09.305+0000] {db_utils.py:25} INFO - PostgreSQL connection is closed
[2024-10-01T12:33:09.306+0000] {db_utils.py:28} INFO - SQLAlchemy engine disposed
[2024-10-01T12:33:09.306+0000] {Load_data.py:39} INFO - Green trip data loaded successfully
[2024-10-01T12:33:09.307+0000] {taxi_trip.py:72} INFO - Loading green trip data done
[2024-10-01T12:33:09.308+0000] {python.py:237} INFO - Done. Returned value was: None
[2024-10-01T12:33:09.308+0000] {taskinstance.py:441} INFO - ::group::Post task execution logs
[2024-10-01T12:33:09.318+0000] {taskinstance.py:1206} INFO - Marking task as SUCCESS. dag_id=Taxi_trip_pipeline, task_id=load_layer.load_green_trip, run_id=manual__2024-10-01T12:30:32.928618+00:00, execution_date=20241001T123032, start_date=20241001T123303, end_date=20241001T123309
[2024-10-01T12:33:09.363+0000] {local_task_job_runner.py:240} INFO - Task exited with return code 0
[2024-10-01T12:33:09.391+0000] {taskinstance.py:3498} INFO - 0 downstream tasks scheduled from follow-on schedule check
[2024-10-01T12:33:09.392+0000] {local_task_job_runner.py:222} INFO - ::endgroup::
