[2024-10-01T14:50:46.264+0000] {local_task_job_runner.py:120} INFO - ::group::Pre task execution logs
[2024-10-01T14:50:46.300+0000] {taskinstance.py:2076} INFO - Dependencies all met for dep_context=non-requeueable deps ti=<TaskInstance: Taxi_trip_pipeline.dbt_transformation_layer.dbt_run_model_zone_lookup manual__2024-10-01T14:46:00.372876+00:00 [queued]>
[2024-10-01T14:50:46.314+0000] {taskinstance.py:2076} INFO - Dependencies all met for dep_context=requeueable deps ti=<TaskInstance: Taxi_trip_pipeline.dbt_transformation_layer.dbt_run_model_zone_lookup manual__2024-10-01T14:46:00.372876+00:00 [queued]>
[2024-10-01T14:50:46.315+0000] {taskinstance.py:2306} INFO - Starting attempt 1 of 1
[2024-10-01T14:50:46.339+0000] {taskinstance.py:2330} INFO - Executing <Task(BashOperator): dbt_transformation_layer.dbt_run_model_zone_lookup> on 2024-10-01 14:46:00.372876+00:00
[2024-10-01T14:50:46.348+0000] {standard_task_runner.py:63} INFO - Started process 1861 to run task
[2024-10-01T14:50:46.351+0000] {standard_task_runner.py:90} INFO - Running: ['***', 'tasks', 'run', 'Taxi_trip_pipeline', 'dbt_transformation_layer.dbt_run_model_zone_lookup', 'manual__2024-10-01T14:46:00.372876+00:00', '--job-id', '269', '--raw', '--subdir', 'DAGS_FOLDER/taxi_trip.py', '--cfg-path', '/tmp/tmpcb0wm233']
[2024-10-01T14:50:46.353+0000] {standard_task_runner.py:91} INFO - Job 269: Subtask dbt_transformation_layer.dbt_run_model_zone_lookup
[2024-10-01T14:50:46.398+0000] {task_command.py:426} INFO - Running <TaskInstance: Taxi_trip_pipeline.dbt_transformation_layer.dbt_run_model_zone_lookup manual__2024-10-01T14:46:00.372876+00:00 [running]> on host fcb0f9e87e2b
[2024-10-01T14:50:46.494+0000] {taskinstance.py:2648} INFO - Exporting env vars: AIRFLOW_CTX_DAG_OWNER='Mahmoud' AIRFLOW_CTX_DAG_ID='Taxi_trip_pipeline' AIRFLOW_CTX_TASK_ID='dbt_transformation_layer.dbt_run_model_zone_lookup' AIRFLOW_CTX_EXECUTION_DATE='2024-10-01T14:46:00.372876+00:00' AIRFLOW_CTX_TRY_NUMBER='1' AIRFLOW_CTX_DAG_RUN_ID='manual__2024-10-01T14:46:00.372876+00:00'
[2024-10-01T14:50:46.495+0000] {taskinstance.py:430} INFO - ::endgroup::
[2024-10-01T14:50:46.508+0000] {subprocess.py:63} INFO - Tmp dir root location: /tmp
[2024-10-01T14:50:46.509+0000] {subprocess.py:75} INFO - Running command: ['/usr/bin/bash', '-c', 'dbt run --profiles-dir /opt/***/DBT_Project  --project-dir /opt/***/dbt_trip --models zone_lookup']
[2024-10-01T14:50:46.524+0000] {subprocess.py:86} INFO - Output:
[2024-10-01T14:50:49.624+0000] {subprocess.py:93} INFO - [0m14:50:49  Running with dbt=1.8.0
[2024-10-01T14:50:49.986+0000] {subprocess.py:93} INFO - [0m14:50:49  Registered adapter: postgres=1.8.0
[2024-10-01T14:50:50.359+0000] {subprocess.py:93} INFO - [0m14:50:50  [[33mWARNING[0m]: Configuration paths exist in your dbt_project.yml file which do not apply to any resources.
[2024-10-01T14:50:50.359+0000] {subprocess.py:93} INFO - There are 2 unused configuration paths:
[2024-10-01T14:50:50.359+0000] {subprocess.py:93} INFO - - models.fact_trip.Dimensions
[2024-10-01T14:50:50.360+0000] {subprocess.py:93} INFO - - models.fact_trip.staging
[2024-10-01T14:50:50.660+0000] {subprocess.py:93} INFO - [0m14:50:50  Found 4 models, 6 data tests, 3 sources, 566 macros
[2024-10-01T14:50:50.663+0000] {subprocess.py:93} INFO - [0m14:50:50
[2024-10-01T14:50:50.822+0000] {subprocess.py:93} INFO - [0m14:50:50  Concurrency: 3 threads (target='dev')
[2024-10-01T14:50:50.823+0000] {subprocess.py:93} INFO - [0m14:50:50
[2024-10-01T14:50:50.840+0000] {subprocess.py:93} INFO - [0m14:50:50  1 of 1 START sql view model analysis.zone_lookup ............................... [RUN]
[2024-10-01T14:50:51.042+0000] {subprocess.py:93} INFO - [0m14:50:51  1 of 1 OK created sql view model analysis.zone_lookup .......................... [[32mCREATE VIEW[0m in 0.20s]
[2024-10-01T14:50:51.060+0000] {subprocess.py:93} INFO - [0m14:50:51
[2024-10-01T14:50:51.061+0000] {subprocess.py:93} INFO - [0m14:50:51  Finished running 1 view model in 0 hours 0 minutes and 0.40 seconds (0.40s).
[2024-10-01T14:50:51.120+0000] {subprocess.py:93} INFO - [0m14:50:51
[2024-10-01T14:50:51.121+0000] {subprocess.py:93} INFO - [0m14:50:51  [32mCompleted successfully[0m
[2024-10-01T14:50:51.122+0000] {subprocess.py:93} INFO - [0m14:50:51
[2024-10-01T14:50:51.123+0000] {subprocess.py:93} INFO - [0m14:50:51  Done. PASS=1 WARN=0 ERROR=0 SKIP=0 TOTAL=1
[2024-10-01T14:50:52.135+0000] {subprocess.py:97} INFO - Command exited with return code 0
[2024-10-01T14:50:52.136+0000] {taskinstance.py:441} INFO - ::group::Post task execution logs
[2024-10-01T14:50:52.162+0000] {taskinstance.py:1206} INFO - Marking task as SUCCESS. dag_id=Taxi_trip_pipeline, task_id=dbt_transformation_layer.dbt_run_model_zone_lookup, run_id=manual__2024-10-01T14:46:00.372876+00:00, execution_date=20241001T144600, start_date=20241001T145046, end_date=20241001T145052
[2024-10-01T14:50:52.220+0000] {local_task_job_runner.py:240} INFO - Task exited with return code 0
[2024-10-01T14:50:52.242+0000] {taskinstance.py:3498} INFO - 0 downstream tasks scheduled from follow-on schedule check
[2024-10-01T14:50:52.243+0000] {local_task_job_runner.py:222} INFO - ::endgroup::
