[2024-09-20T16:32:41.369+0000] {local_task_job_runner.py:123} INFO - ::group::Pre task execution logs
[2024-09-20T16:32:41.548+0000] {taskinstance.py:2612} INFO - Dependencies all met for dep_context=non-requeueable deps ti=<TaskInstance: NYC_Taxi_pipeline.dbt_run manual__2024-09-20T16:23:32.900187+00:00 [queued]>
[2024-09-20T16:32:41.556+0000] {taskinstance.py:2612} INFO - Dependencies all met for dep_context=requeueable deps ti=<TaskInstance: NYC_Taxi_pipeline.dbt_run manual__2024-09-20T16:23:32.900187+00:00 [queued]>
[2024-09-20T16:32:41.556+0000] {taskinstance.py:2865} INFO - Starting attempt 4 of 4
[2024-09-20T16:32:41.567+0000] {taskinstance.py:2888} INFO - Executing <Task(BashOperator): dbt_run> on 2024-09-20 16:23:32.900187+00:00
[2024-09-20T16:32:41.577+0000] {warnings.py:112} WARNING - /home/***/.local/lib/python3.12/site-packages/***/task/task_runner/standard_task_runner.py:70: DeprecationWarning: This process (pid=53) is multi-threaded, use of fork() may lead to deadlocks in the child.
  pid = os.fork()

[2024-09-20T16:32:41.578+0000] {standard_task_runner.py:72} INFO - Started process 55 to run task
[2024-09-20T16:32:41.579+0000] {standard_task_runner.py:104} INFO - Running: ['***', 'tasks', 'run', 'NYC_Taxi_pipeline', 'dbt_run', 'manual__2024-09-20T16:23:32.900187+00:00', '--job-id', '276', '--raw', '--subdir', 'DAGS_FOLDER/NYC_Taxi_pipeline.py', '--cfg-path', '/tmp/tmp5f0_g71x']
[2024-09-20T16:32:41.581+0000] {standard_task_runner.py:105} INFO - Job 276: Subtask dbt_run
[2024-09-20T16:32:41.619+0000] {task_command.py:467} INFO - Running <TaskInstance: NYC_Taxi_pipeline.dbt_run manual__2024-09-20T16:23:32.900187+00:00 [running]> on host 3150a3d73311
[2024-09-20T16:32:41.696+0000] {taskinstance.py:3131} INFO - Exporting env vars: AIRFLOW_CTX_DAG_OWNER='Mahmoud' AIRFLOW_CTX_DAG_ID='NYC_Taxi_pipeline' AIRFLOW_CTX_TASK_ID='dbt_run' AIRFLOW_CTX_EXECUTION_DATE='2024-09-20T16:23:32.900187+00:00' AIRFLOW_CTX_TRY_NUMBER='4' AIRFLOW_CTX_DAG_RUN_ID='manual__2024-09-20T16:23:32.900187+00:00'
[2024-09-20T16:32:41.697+0000] {taskinstance.py:731} INFO - ::endgroup::
[2024-09-20T16:32:41.710+0000] {subprocess.py:63} INFO - Tmp dir root location: /tmp
[2024-09-20T16:32:41.710+0000] {subprocess.py:75} INFO - Running command: ['/usr/bin/bash', '-c', 'dbt run --profiles-dir /opt/***/DBT_Project --project-dir /opt/***/dbt_trip']
[2024-09-20T16:32:41.725+0000] {subprocess.py:86} INFO - Output:
[2024-09-20T16:32:44.202+0000] {subprocess.py:93} INFO - [0m16:32:44  Encountered an error:
[2024-09-20T16:32:44.203+0000] {subprocess.py:93} INFO - [Errno 13] Permission denied: '/opt/***/dbt_trip/logs/dbt.log'
[2024-09-20T16:32:44.205+0000] {subprocess.py:93} INFO - [0m16:32:44  Traceback (most recent call last):
[2024-09-20T16:32:44.206+0000] {subprocess.py:93} INFO -   File "/home/***/.local/lib/python3.12/site-packages/dbt/cli/requires.py", line 138, in wrapper
[2024-09-20T16:32:44.206+0000] {subprocess.py:93} INFO -     result, success = func(*args, **kwargs)
[2024-09-20T16:32:44.206+0000] {subprocess.py:93} INFO -                       ^^^^^^^^^^^^^^^^^^^^^
[2024-09-20T16:32:44.206+0000] {subprocess.py:93} INFO -   File "/home/***/.local/lib/python3.12/site-packages/dbt/cli/requires.py", line 77, in wrapper
[2024-09-20T16:32:44.206+0000] {subprocess.py:93} INFO -     setup_event_logger(flags=flags, callbacks=callbacks)
[2024-09-20T16:32:44.207+0000] {subprocess.py:93} INFO -   File "/home/***/.local/lib/python3.12/site-packages/dbt/events/logging.py", line 99, in setup_event_logger
[2024-09-20T16:32:44.207+0000] {subprocess.py:93} INFO -     add_logger_to_manager(
[2024-09-20T16:32:44.207+0000] {subprocess.py:93} INFO -   File "/home/***/.local/lib/python3.12/site-packages/dbt_common/events/event_manager_client.py", line 17, in add_logger_to_manager
[2024-09-20T16:32:44.207+0000] {subprocess.py:93} INFO -     _EVENT_MANAGER.add_logger(logger)
[2024-09-20T16:32:44.207+0000] {subprocess.py:93} INFO -   File "/home/***/.local/lib/python3.12/site-packages/dbt_common/events/event_manager.py", line 36, in add_logger
[2024-09-20T16:32:44.207+0000] {subprocess.py:93} INFO -     _JsonLogger(config) if config.line_format == LineFormat.Json else _TextLogger(config)
[2024-09-20T16:32:44.208+0000] {subprocess.py:93} INFO -                                                                       ^^^^^^^^^^^^^^^^^^^
[2024-09-20T16:32:44.208+0000] {subprocess.py:93} INFO -   File "/home/***/.local/lib/python3.12/site-packages/dbt_common/events/logger.py", line 147, in __init__
[2024-09-20T16:32:44.208+0000] {subprocess.py:93} INFO -     super().__init__(config)
[2024-09-20T16:32:44.208+0000] {subprocess.py:93} INFO -   File "/home/***/.local/lib/python3.12/site-packages/dbt_common/events/logger.py", line 107, in __init__
[2024-09-20T16:32:44.208+0000] {subprocess.py:93} INFO -     file_handler = RotatingFileHandler(
[2024-09-20T16:32:44.208+0000] {subprocess.py:93} INFO -                    ^^^^^^^^^^^^^^^^^^^^
[2024-09-20T16:32:44.209+0000] {subprocess.py:93} INFO -   File "/usr/local/lib/python3.12/logging/handlers.py", line 155, in __init__
[2024-09-20T16:32:44.209+0000] {subprocess.py:93} INFO -     BaseRotatingHandler.__init__(self, filename, mode, encoding=encoding,
[2024-09-20T16:32:44.209+0000] {subprocess.py:93} INFO -   File "/usr/local/lib/python3.12/logging/handlers.py", line 58, in __init__
[2024-09-20T16:32:44.209+0000] {subprocess.py:93} INFO -     logging.FileHandler.__init__(self, filename, mode=mode,
[2024-09-20T16:32:44.209+0000] {subprocess.py:93} INFO -   File "/usr/local/lib/python3.12/logging/__init__.py", line 1231, in __init__
[2024-09-20T16:32:44.210+0000] {subprocess.py:93} INFO -     StreamHandler.__init__(self, self._open())
[2024-09-20T16:32:44.210+0000] {subprocess.py:93} INFO -                                  ^^^^^^^^^^^^
[2024-09-20T16:32:44.210+0000] {subprocess.py:93} INFO -   File "/usr/local/lib/python3.12/logging/__init__.py", line 1263, in _open
[2024-09-20T16:32:44.210+0000] {subprocess.py:93} INFO -     return open_func(self.baseFilename, self.mode,
[2024-09-20T16:32:44.210+0000] {subprocess.py:93} INFO -            ^^^^^^^^^^^^^^^^^^^^^^^^^^^^^^^^^^^^^^^
[2024-09-20T16:32:44.210+0000] {subprocess.py:93} INFO - PermissionError: [Errno 13] Permission denied: '/opt/***/dbt_trip/logs/dbt.log'
[2024-09-20T16:32:44.211+0000] {subprocess.py:93} INFO - 
[2024-09-20T16:32:44.486+0000] {subprocess.py:97} INFO - Command exited with return code 2
[2024-09-20T16:32:44.499+0000] {taskinstance.py:3310} ERROR - Task failed with exception
Traceback (most recent call last):
  File "/home/airflow/.local/lib/python3.12/site-packages/airflow/models/taskinstance.py", line 767, in _execute_task
    result = _execute_callable(context=context, **execute_callable_kwargs)
             ^^^^^^^^^^^^^^^^^^^^^^^^^^^^^^^^^^^^^^^^^^^^^^^^^^^^^^^^^^^^^
  File "/home/airflow/.local/lib/python3.12/site-packages/airflow/models/taskinstance.py", line 733, in _execute_callable
    return ExecutionCallableRunner(
           ^^^^^^^^^^^^^^^^^^^^^^^^
  File "/home/airflow/.local/lib/python3.12/site-packages/airflow/utils/operator_helpers.py", line 252, in run
    return self.func(*args, **kwargs)
           ^^^^^^^^^^^^^^^^^^^^^^^^^^
  File "/home/airflow/.local/lib/python3.12/site-packages/airflow/models/baseoperator.py", line 406, in wrapper
    return func(self, *args, **kwargs)
           ^^^^^^^^^^^^^^^^^^^^^^^^^^^
  File "/home/airflow/.local/lib/python3.12/site-packages/airflow/operators/bash.py", line 249, in execute
    raise AirflowException(
airflow.exceptions.AirflowException: Bash command failed. The command returned a non-zero exit code 2.
[2024-09-20T16:32:44.502+0000] {taskinstance.py:1225} INFO - Marking task as FAILED. dag_id=NYC_Taxi_pipeline, task_id=dbt_run, run_id=manual__2024-09-20T16:23:32.900187+00:00, execution_date=20240920T162332, start_date=20240920T163241, end_date=20240920T163244
[2024-09-20T16:32:44.515+0000] {taskinstance.py:340} INFO - ::group::Post task execution logs
[2024-09-20T16:32:44.516+0000] {standard_task_runner.py:124} ERROR - Failed to execute job 276 for task dbt_run (Bash command failed. The command returned a non-zero exit code 2.; 55)
Traceback (most recent call last):
  File "/home/airflow/.local/lib/python3.12/site-packages/airflow/task/task_runner/standard_task_runner.py", line 117, in _start_by_fork
    ret = args.func(args, dag=self.dag)
          ^^^^^^^^^^^^^^^^^^^^^^^^^^^^^
  File "/home/airflow/.local/lib/python3.12/site-packages/airflow/cli/cli_config.py", line 49, in command
    return func(*args, **kwargs)
           ^^^^^^^^^^^^^^^^^^^^^
  File "/home/airflow/.local/lib/python3.12/site-packages/airflow/utils/cli.py", line 115, in wrapper
    return f(*args, **kwargs)
           ^^^^^^^^^^^^^^^^^^
  File "/home/airflow/.local/lib/python3.12/site-packages/airflow/cli/commands/task_command.py", line 483, in task_run
    task_return_code = _run_task_by_selected_method(args, _dag, ti)
                       ^^^^^^^^^^^^^^^^^^^^^^^^^^^^^^^^^^^^^^^^^^^^
  File "/home/airflow/.local/lib/python3.12/site-packages/airflow/cli/commands/task_command.py", line 256, in _run_task_by_selected_method
    return _run_raw_task(args, ti)
           ^^^^^^^^^^^^^^^^^^^^^^^
  File "/home/airflow/.local/lib/python3.12/site-packages/airflow/cli/commands/task_command.py", line 341, in _run_raw_task
    return ti._run_raw_task(
           ^^^^^^^^^^^^^^^^^
  File "/home/airflow/.local/lib/python3.12/site-packages/airflow/utils/session.py", line 97, in wrapper
    return func(*args, session=session, **kwargs)
           ^^^^^^^^^^^^^^^^^^^^^^^^^^^^^^^^^^^^^^
  File "/home/airflow/.local/lib/python3.12/site-packages/airflow/models/taskinstance.py", line 3004, in _run_raw_task
    return _run_raw_task(
           ^^^^^^^^^^^^^^
  File "/home/airflow/.local/lib/python3.12/site-packages/airflow/models/taskinstance.py", line 273, in _run_raw_task
    TaskInstance._execute_task_with_callbacks(
  File "/home/airflow/.local/lib/python3.12/site-packages/airflow/models/taskinstance.py", line 3158, in _execute_task_with_callbacks
    result = self._execute_task(context, task_orig)
             ^^^^^^^^^^^^^^^^^^^^^^^^^^^^^^^^^^^^^^
  File "/home/airflow/.local/lib/python3.12/site-packages/airflow/models/taskinstance.py", line 3182, in _execute_task
    return _execute_task(self, context, task_orig)
           ^^^^^^^^^^^^^^^^^^^^^^^^^^^^^^^^^^^^^^^
  File "/home/airflow/.local/lib/python3.12/site-packages/airflow/models/taskinstance.py", line 767, in _execute_task
    result = _execute_callable(context=context, **execute_callable_kwargs)
             ^^^^^^^^^^^^^^^^^^^^^^^^^^^^^^^^^^^^^^^^^^^^^^^^^^^^^^^^^^^^^
  File "/home/airflow/.local/lib/python3.12/site-packages/airflow/models/taskinstance.py", line 733, in _execute_callable
    return ExecutionCallableRunner(
           ^^^^^^^^^^^^^^^^^^^^^^^^
  File "/home/airflow/.local/lib/python3.12/site-packages/airflow/utils/operator_helpers.py", line 252, in run
    return self.func(*args, **kwargs)
           ^^^^^^^^^^^^^^^^^^^^^^^^^^
  File "/home/airflow/.local/lib/python3.12/site-packages/airflow/models/baseoperator.py", line 406, in wrapper
    return func(self, *args, **kwargs)
           ^^^^^^^^^^^^^^^^^^^^^^^^^^^
  File "/home/airflow/.local/lib/python3.12/site-packages/airflow/operators/bash.py", line 249, in execute
    raise AirflowException(
airflow.exceptions.AirflowException: Bash command failed. The command returned a non-zero exit code 2.
[2024-09-20T16:32:44.558+0000] {local_task_job_runner.py:266} INFO - Task exited with return code 1
[2024-09-20T16:32:44.575+0000] {taskinstance.py:3900} INFO - 0 downstream tasks scheduled from follow-on schedule check
[2024-09-20T16:32:44.577+0000] {local_task_job_runner.py:245} INFO - ::endgroup::
