[2024-10-01T12:57:58.917+0000] {local_task_job_runner.py:120} INFO - ::group::Pre task execution logs
[2024-10-01T12:57:58.944+0000] {taskinstance.py:2076} INFO - Dependencies all met for dep_context=non-requeueable deps ti=<TaskInstance: Taxi_trip_pipeline.dbt_staging_layer.dbt_run_green_trip manual__2024-10-01T12:57:39.199873+00:00 [queued]>
[2024-10-01T12:57:58.958+0000] {taskinstance.py:2076} INFO - Dependencies all met for dep_context=requeueable deps ti=<TaskInstance: Taxi_trip_pipeline.dbt_staging_layer.dbt_run_green_trip manual__2024-10-01T12:57:39.199873+00:00 [queued]>
[2024-10-01T12:57:58.958+0000] {taskinstance.py:2306} INFO - Starting attempt 1 of 1
[2024-10-01T12:57:58.975+0000] {taskinstance.py:2330} INFO - Executing <Task(BashOperator): dbt_staging_layer.dbt_run_green_trip> on 2024-10-01 12:57:39.199873+00:00
[2024-10-01T12:57:58.986+0000] {standard_task_runner.py:63} INFO - Started process 1422 to run task
[2024-10-01T12:57:58.990+0000] {standard_task_runner.py:90} INFO - Running: ['***', 'tasks', 'run', 'Taxi_trip_pipeline', 'dbt_staging_layer.dbt_run_green_trip', 'manual__2024-10-01T12:57:39.199873+00:00', '--job-id', '239', '--raw', '--subdir', 'DAGS_FOLDER/taxi_trip.py', '--cfg-path', '/tmp/tmp3x7iw3sj']
[2024-10-01T12:57:58.992+0000] {standard_task_runner.py:91} INFO - Job 239: Subtask dbt_staging_layer.dbt_run_green_trip
[2024-10-01T12:57:59.044+0000] {task_command.py:426} INFO - Running <TaskInstance: Taxi_trip_pipeline.dbt_staging_layer.dbt_run_green_trip manual__2024-10-01T12:57:39.199873+00:00 [running]> on host fcb0f9e87e2b
[2024-10-01T12:57:59.143+0000] {taskinstance.py:2648} INFO - Exporting env vars: AIRFLOW_CTX_DAG_OWNER='Mahmoud' AIRFLOW_CTX_DAG_ID='Taxi_trip_pipeline' AIRFLOW_CTX_TASK_ID='dbt_staging_layer.dbt_run_green_trip' AIRFLOW_CTX_EXECUTION_DATE='2024-10-01T12:57:39.199873+00:00' AIRFLOW_CTX_TRY_NUMBER='1' AIRFLOW_CTX_DAG_RUN_ID='manual__2024-10-01T12:57:39.199873+00:00'
[2024-10-01T12:57:59.145+0000] {taskinstance.py:430} INFO - ::endgroup::
[2024-10-01T12:57:59.160+0000] {subprocess.py:63} INFO - Tmp dir root location: /tmp
[2024-10-01T12:57:59.161+0000] {subprocess.py:75} INFO - Running command: ['/usr/bin/bash', '-c', 'dbt run --profiles-dir /opt/***/DBT_Project  --project-dir /opt/***/dbt_trip --models green_trip']
[2024-10-01T12:57:59.180+0000] {subprocess.py:86} INFO - Output:
[2024-10-01T12:58:02.354+0000] {subprocess.py:93} INFO - [0m12:58:02  Running with dbt=1.8.0
[2024-10-01T12:58:02.754+0000] {subprocess.py:93} INFO - [0m12:58:02  Registered adapter: postgres=1.8.0
[2024-10-01T12:58:03.249+0000] {subprocess.py:93} INFO - [0m12:58:03  [[33mWARNING[0m]: Configuration paths exist in your dbt_project.yml file which do not apply to any resources.
[2024-10-01T12:58:03.249+0000] {subprocess.py:93} INFO - There are 2 unused configuration paths:
[2024-10-01T12:58:03.250+0000] {subprocess.py:93} INFO - - models.fact_trip.Dimensions
[2024-10-01T12:58:03.250+0000] {subprocess.py:93} INFO - - models.fact_trip.staging
[2024-10-01T12:58:03.512+0000] {subprocess.py:93} INFO - [0m12:58:03  Found 4 models, 6 data tests, 3 sources, 566 macros
[2024-10-01T12:58:03.515+0000] {subprocess.py:93} INFO - [0m12:58:03
[2024-10-01T12:58:03.680+0000] {subprocess.py:93} INFO - [0m12:58:03  Concurrency: 3 threads (target='dev')
[2024-10-01T12:58:03.681+0000] {subprocess.py:93} INFO - [0m12:58:03
[2024-10-01T12:58:03.693+0000] {subprocess.py:93} INFO - [0m12:58:03  1 of 1 START sql view model analysis.green_trip ................................ [RUN]
[2024-10-01T12:58:03.892+0000] {subprocess.py:93} INFO - [0m12:58:03  1 of 1 OK created sql view model analysis.green_trip ........................... [[32mCREATE VIEW[0m in 0.19s]
[2024-10-01T12:58:03.908+0000] {subprocess.py:93} INFO - [0m12:58:03
[2024-10-01T12:58:03.909+0000] {subprocess.py:93} INFO - [0m12:58:03  Finished running 1 view model in 0 hours 0 minutes and 0.39 seconds (0.39s).
[2024-10-01T12:58:04.010+0000] {subprocess.py:93} INFO - [0m12:58:04
[2024-10-01T12:58:04.011+0000] {subprocess.py:93} INFO - [0m12:58:04  [32mCompleted successfully[0m
[2024-10-01T12:58:04.013+0000] {subprocess.py:93} INFO - [0m12:58:04
[2024-10-01T12:58:04.014+0000] {subprocess.py:93} INFO - [0m12:58:04  Done. PASS=1 WARN=0 ERROR=0 SKIP=0 TOTAL=1
[2024-10-01T12:58:05.225+0000] {subprocess.py:97} INFO - Command exited with return code 0
[2024-10-01T12:58:05.226+0000] {taskinstance.py:441} INFO - ::group::Post task execution logs
[2024-10-01T12:58:05.258+0000] {taskinstance.py:1206} INFO - Marking task as SUCCESS. dag_id=Taxi_trip_pipeline, task_id=dbt_staging_layer.dbt_run_green_trip, run_id=manual__2024-10-01T12:57:39.199873+00:00, execution_date=20241001T125739, start_date=20241001T125758, end_date=20241001T125805
[2024-10-01T12:58:05.312+0000] {local_task_job_runner.py:240} INFO - Task exited with return code 0
[2024-10-01T12:58:05.337+0000] {taskinstance.py:3498} INFO - 0 downstream tasks scheduled from follow-on schedule check
[2024-10-01T12:58:05.338+0000] {local_task_job_runner.py:222} INFO - ::endgroup::
