[2024-09-27T12:52:08.153+0000] {local_task_job_runner.py:120} INFO - ::group::Pre task execution logs
[2024-09-27T12:52:08.190+0000] {taskinstance.py:2076} INFO - Dependencies all met for dep_context=non-requeueable deps ti=<TaskInstance: Taxi_trip_pipeline.extraction_layer.extract_yellow_date manual__2024-09-27T12:52:06.357943+00:00 [queued]>
[2024-09-27T12:52:08.199+0000] {taskinstance.py:2076} INFO - Dependencies all met for dep_context=requeueable deps ti=<TaskInstance: Taxi_trip_pipeline.extraction_layer.extract_yellow_date manual__2024-09-27T12:52:06.357943+00:00 [queued]>
[2024-09-27T12:52:08.199+0000] {taskinstance.py:2306} INFO - Starting attempt 1 of 1
[2024-09-27T12:52:08.216+0000] {taskinstance.py:2330} INFO - Executing <Task(PythonOperator): extraction_layer.extract_yellow_date> on 2024-09-27 12:52:06.357943+00:00
[2024-09-27T12:52:08.227+0000] {standard_task_runner.py:63} INFO - Started process 99 to run task
[2024-09-27T12:52:08.229+0000] {standard_task_runner.py:90} INFO - Running: ['***', 'tasks', 'run', 'Taxi_trip_pipeline', 'extraction_layer.extract_yellow_date', 'manual__2024-09-27T12:52:06.357943+00:00', '--job-id', '164', '--raw', '--subdir', 'DAGS_FOLDER/taxi_trip.py', '--cfg-path', '/tmp/tmp2_285413']
[2024-09-27T12:52:08.232+0000] {standard_task_runner.py:91} INFO - Job 164: Subtask extraction_layer.extract_yellow_date
[2024-09-27T12:52:08.286+0000] {task_command.py:426} INFO - Running <TaskInstance: Taxi_trip_pipeline.extraction_layer.extract_yellow_date manual__2024-09-27T12:52:06.357943+00:00 [running]> on host 5c22fb8fb442
[2024-09-27T12:52:08.404+0000] {taskinstance.py:2648} INFO - Exporting env vars: AIRFLOW_CTX_DAG_OWNER='Mahmoud' AIRFLOW_CTX_DAG_ID='Taxi_trip_pipeline' AIRFLOW_CTX_TASK_ID='extraction_layer.extract_yellow_date' AIRFLOW_CTX_EXECUTION_DATE='2024-09-27T12:52:06.357943+00:00' AIRFLOW_CTX_TRY_NUMBER='1' AIRFLOW_CTX_DAG_RUN_ID='manual__2024-09-27T12:52:06.357943+00:00'
[2024-09-27T12:52:08.405+0000] {taskinstance.py:430} INFO - ::endgroup::
[2024-09-27T12:52:08.416+0000] {taxi_trip.py:49} INFO - Data extraction for yellow trip started
[2024-09-27T12:52:08.417+0000] {Process_data.py:32} INFO - Start transforming Yellow Trip data...
[2024-09-27T12:52:09.051+0000] {Process_data.py:44} INFO - data frams have 2964624 row
[2024-09-27T12:52:09.058+0000] {taxi_trip.py:51} INFO - Data extraction for yellow trip done
[2024-09-27T12:52:19.321+0000] {taxi_trip.py:54} INFO - Pushed yellow trip data with 2964624 rows to XCom
[2024-09-27T12:52:19.334+0000] {python.py:237} INFO - Done. Returned value was: None
[2024-09-27T12:52:19.334+0000] {taskinstance.py:441} INFO - ::group::Post task execution logs
[2024-09-27T12:52:19.345+0000] {taskinstance.py:1206} INFO - Marking task as SUCCESS. dag_id=Taxi_trip_pipeline, task_id=extraction_layer.extract_yellow_date, run_id=manual__2024-09-27T12:52:06.357943+00:00, execution_date=20240927T125206, start_date=20240927T125208, end_date=20240927T125219
[2024-09-27T12:52:19.427+0000] {local_task_job_runner.py:240} INFO - Task exited with return code 0
[2024-09-27T12:52:19.445+0000] {taskinstance.py:3498} INFO - 2 downstream tasks scheduled from follow-on schedule check
[2024-09-27T12:52:19.447+0000] {local_task_job_runner.py:222} INFO - ::endgroup::
