[2024-09-27T20:36:27.385+0000] {local_task_job_runner.py:120} INFO - ::group::Pre task execution logs
[2024-09-27T20:36:27.437+0000] {taskinstance.py:2076} INFO - Dependencies all met for dep_context=non-requeueable deps ti=<TaskInstance: Taxi_trip_pipeline.mark_files_as_processed manual__2024-09-27T20:28:31.410767+00:00 [queued]>
[2024-09-27T20:36:27.452+0000] {taskinstance.py:2076} INFO - Dependencies all met for dep_context=requeueable deps ti=<TaskInstance: Taxi_trip_pipeline.mark_files_as_processed manual__2024-09-27T20:28:31.410767+00:00 [queued]>
[2024-09-27T20:36:27.453+0000] {taskinstance.py:2306} INFO - Starting attempt 3 of 3
[2024-09-27T20:36:27.469+0000] {taskinstance.py:2330} INFO - Executing <Task(PythonOperator): mark_files_as_processed> on 2024-09-27 20:28:31.410767+00:00
[2024-09-27T20:36:27.476+0000] {standard_task_runner.py:63} INFO - Started process 145 to run task
[2024-09-27T20:36:27.479+0000] {standard_task_runner.py:90} INFO - Running: ['***', 'tasks', 'run', 'Taxi_trip_pipeline', 'mark_files_as_processed', 'manual__2024-09-27T20:28:31.410767+00:00', '--job-id', '186', '--raw', '--subdir', 'DAGS_FOLDER/taxi_trip.py', '--cfg-path', '/tmp/tmpe4g0bcjm']
[2024-09-27T20:36:27.482+0000] {standard_task_runner.py:91} INFO - Job 186: Subtask mark_files_as_processed
[2024-09-27T20:36:27.528+0000] {task_command.py:426} INFO - Running <TaskInstance: Taxi_trip_pipeline.mark_files_as_processed manual__2024-09-27T20:28:31.410767+00:00 [running]> on host d7ea763741e5
[2024-09-27T20:36:27.624+0000] {taskinstance.py:2648} INFO - Exporting env vars: AIRFLOW_CTX_DAG_OWNER='Mahmoud' AIRFLOW_CTX_DAG_ID='Taxi_trip_pipeline' AIRFLOW_CTX_TASK_ID='mark_files_as_processed' AIRFLOW_CTX_EXECUTION_DATE='2024-09-27T20:28:31.410767+00:00' AIRFLOW_CTX_TRY_NUMBER='3' AIRFLOW_CTX_DAG_RUN_ID='manual__2024-09-27T20:28:31.410767+00:00'
[2024-09-27T20:36:27.626+0000] {taskinstance.py:430} INFO - ::endgroup::
[2024-09-27T20:36:27.680+0000] {db_utils.py:16} INFO - Connected to PostgreSQL database successfully
[2024-09-27T20:36:27.709+0000] {taxi_trip.py:101} INFO - Marked green trip files  as processed.
[2024-09-27T20:36:27.710+0000] {taxi_trip.py:106} INFO - Marked yellow trip files as processed.
[2024-09-27T20:36:27.710+0000] {taxi_trip.py:108} INFO - All files marked as processed successfully.
[2024-09-27T20:36:27.710+0000] {python.py:237} INFO - Done. Returned value was: None
[2024-09-27T20:36:27.711+0000] {taskinstance.py:441} INFO - ::group::Post task execution logs
[2024-09-27T20:36:27.719+0000] {taskinstance.py:1206} INFO - Marking task as SUCCESS. dag_id=Taxi_trip_pipeline, task_id=mark_files_as_processed, run_id=manual__2024-09-27T20:28:31.410767+00:00, execution_date=20240927T202831, start_date=20240927T203627, end_date=20240927T203627
[2024-09-27T20:36:27.774+0000] {local_task_job_runner.py:240} INFO - Task exited with return code 0
[2024-09-27T20:36:27.792+0000] {taskinstance.py:3498} INFO - 0 downstream tasks scheduled from follow-on schedule check
[2024-09-27T20:36:27.794+0000] {local_task_job_runner.py:222} INFO - ::endgroup::
