[2024-10-01T16:51:50.808+0000] {local_task_job_runner.py:120} INFO - ::group::Pre task execution logs
[2024-10-01T16:51:50.834+0000] {taskinstance.py:2076} INFO - Dependencies all met for dep_context=non-requeueable deps ti=<TaskInstance: Taxi_trip_pipeline.dbt_transformation_layer.dbt_run_model_green_trip scheduled__2024-10-01T16:30:00+00:00 [queued]>
[2024-10-01T16:51:50.845+0000] {taskinstance.py:2076} INFO - Dependencies all met for dep_context=requeueable deps ti=<TaskInstance: Taxi_trip_pipeline.dbt_transformation_layer.dbt_run_model_green_trip scheduled__2024-10-01T16:30:00+00:00 [queued]>
[2024-10-01T16:51:50.845+0000] {taskinstance.py:2306} INFO - Starting attempt 1 of 1
[2024-10-01T16:51:50.859+0000] {taskinstance.py:2330} INFO - Executing <Task(BashOperator): dbt_transformation_layer.dbt_run_model_green_trip> on 2024-10-01 16:30:00+00:00
[2024-10-01T16:51:50.868+0000] {standard_task_runner.py:63} INFO - Started process 2926 to run task
[2024-10-01T16:51:50.872+0000] {standard_task_runner.py:90} INFO - Running: ['***', 'tasks', 'run', 'Taxi_trip_pipeline', 'dbt_transformation_layer.dbt_run_model_green_trip', 'scheduled__2024-10-01T16:30:00+00:00', '--job-id', '375', '--raw', '--subdir', 'DAGS_FOLDER/taxi_trip.py', '--cfg-path', '/tmp/tmp2qzbze8s']
[2024-10-01T16:51:50.875+0000] {standard_task_runner.py:91} INFO - Job 375: Subtask dbt_transformation_layer.dbt_run_model_green_trip
[2024-10-01T16:51:50.933+0000] {task_command.py:426} INFO - Running <TaskInstance: Taxi_trip_pipeline.dbt_transformation_layer.dbt_run_model_green_trip scheduled__2024-10-01T16:30:00+00:00 [running]> on host fcb0f9e87e2b
[2024-10-01T16:51:51.039+0000] {taskinstance.py:2648} INFO - Exporting env vars: AIRFLOW_CTX_DAG_OWNER='Mahmoud' AIRFLOW_CTX_DAG_ID='Taxi_trip_pipeline' AIRFLOW_CTX_TASK_ID='dbt_transformation_layer.dbt_run_model_green_trip' AIRFLOW_CTX_EXECUTION_DATE='2024-10-01T16:30:00+00:00' AIRFLOW_CTX_TRY_NUMBER='1' AIRFLOW_CTX_DAG_RUN_ID='scheduled__2024-10-01T16:30:00+00:00'
[2024-10-01T16:51:51.040+0000] {taskinstance.py:430} INFO - ::endgroup::
[2024-10-01T16:51:51.053+0000] {subprocess.py:63} INFO - Tmp dir root location: /tmp
[2024-10-01T16:51:51.053+0000] {subprocess.py:75} INFO - Running command: ['/usr/bin/bash', '-c', 'dbt run --profiles-dir /opt/***/DBT_Project  --project-dir /opt/***/dbt_trip --models green_trip']
[2024-10-01T16:51:51.068+0000] {subprocess.py:86} INFO - Output:
[2024-10-01T16:51:54.595+0000] {subprocess.py:93} INFO - [0m16:51:54  Running with dbt=1.8.0
[2024-10-01T16:51:54.984+0000] {subprocess.py:93} INFO - [0m16:51:54  Registered adapter: postgres=1.8.0
[2024-10-01T16:51:55.390+0000] {subprocess.py:93} INFO - [0m16:51:55  [[33mWARNING[0m]: Configuration paths exist in your dbt_project.yml file which do not apply to any resources.
[2024-10-01T16:51:55.390+0000] {subprocess.py:93} INFO - There are 2 unused configuration paths:
[2024-10-01T16:51:55.390+0000] {subprocess.py:93} INFO - - models.fact_trip.staging
[2024-10-01T16:51:55.390+0000] {subprocess.py:93} INFO - - models.fact_trip.Dimensions
[2024-10-01T16:51:55.663+0000] {subprocess.py:93} INFO - [0m16:51:55  Found 4 models, 6 data tests, 3 sources, 566 macros
[2024-10-01T16:51:55.665+0000] {subprocess.py:93} INFO - [0m16:51:55
[2024-10-01T16:51:55.836+0000] {subprocess.py:93} INFO - [0m16:51:55  Concurrency: 3 threads (target='dev')
[2024-10-01T16:51:55.837+0000] {subprocess.py:93} INFO - [0m16:51:55
[2024-10-01T16:51:55.849+0000] {subprocess.py:93} INFO - [0m16:51:55  1 of 1 START sql view model analysis.green_trip ................................ [RUN]
[2024-10-01T16:51:56.116+0000] {subprocess.py:93} INFO - [0m16:51:56  1 of 1 OK created sql view model analysis.green_trip ........................... [[32mCREATE VIEW[0m in 0.26s]
[2024-10-01T16:51:56.132+0000] {subprocess.py:93} INFO - [0m16:51:56
[2024-10-01T16:51:56.133+0000] {subprocess.py:93} INFO - [0m16:51:56  Finished running 1 view model in 0 hours 0 minutes and 0.47 seconds (0.47s).
[2024-10-01T16:51:56.196+0000] {subprocess.py:93} INFO - [0m16:51:56
[2024-10-01T16:51:56.196+0000] {subprocess.py:93} INFO - [0m16:51:56  [32mCompleted successfully[0m
[2024-10-01T16:51:56.197+0000] {subprocess.py:93} INFO - [0m16:51:56
[2024-10-01T16:51:56.198+0000] {subprocess.py:93} INFO - [0m16:51:56  Done. PASS=1 WARN=0 ERROR=0 SKIP=0 TOTAL=1
[2024-10-01T16:51:57.380+0000] {subprocess.py:97} INFO - Command exited with return code 0
[2024-10-01T16:51:57.381+0000] {taskinstance.py:441} INFO - ::group::Post task execution logs
[2024-10-01T16:51:57.412+0000] {taskinstance.py:1206} INFO - Marking task as SUCCESS. dag_id=Taxi_trip_pipeline, task_id=dbt_transformation_layer.dbt_run_model_green_trip, run_id=scheduled__2024-10-01T16:30:00+00:00, execution_date=20241001T163000, start_date=20241001T165150, end_date=20241001T165157
[2024-10-01T16:51:57.457+0000] {local_task_job_runner.py:240} INFO - Task exited with return code 0
[2024-10-01T16:51:57.479+0000] {taskinstance.py:3498} INFO - 0 downstream tasks scheduled from follow-on schedule check
[2024-10-01T16:51:57.480+0000] {local_task_job_runner.py:222} INFO - ::endgroup::
