[2024-10-01T13:02:40.545+0000] {local_task_job_runner.py:120} INFO - ::group::Pre task execution logs
[2024-10-01T13:02:40.576+0000] {taskinstance.py:2076} INFO - Dependencies all met for dep_context=non-requeueable deps ti=<TaskInstance: Taxi_trip_pipeline.dbt_staging_layer.dbt_run_zone_lookup manual__2024-10-01T12:57:39.199873+00:00 [queued]>
[2024-10-01T13:02:40.588+0000] {taskinstance.py:2076} INFO - Dependencies all met for dep_context=requeueable deps ti=<TaskInstance: Taxi_trip_pipeline.dbt_staging_layer.dbt_run_zone_lookup manual__2024-10-01T12:57:39.199873+00:00 [queued]>
[2024-10-01T13:02:40.588+0000] {taskinstance.py:2306} INFO - Starting attempt 2 of 2
[2024-10-01T13:02:40.606+0000] {taskinstance.py:2330} INFO - Executing <Task(BashOperator): dbt_staging_layer.dbt_run_zone_lookup> on 2024-10-01 12:57:39.199873+00:00
[2024-10-01T13:02:40.616+0000] {standard_task_runner.py:63} INFO - Started process 1495 to run task
[2024-10-01T13:02:40.620+0000] {standard_task_runner.py:90} INFO - Running: ['***', 'tasks', 'run', 'Taxi_trip_pipeline', 'dbt_staging_layer.dbt_run_zone_lookup', 'manual__2024-10-01T12:57:39.199873+00:00', '--job-id', '245', '--raw', '--subdir', 'DAGS_FOLDER/taxi_trip.py', '--cfg-path', '/tmp/tmpbsgy3jow']
[2024-10-01T13:02:40.622+0000] {standard_task_runner.py:91} INFO - Job 245: Subtask dbt_staging_layer.dbt_run_zone_lookup
[2024-10-01T13:02:40.676+0000] {task_command.py:426} INFO - Running <TaskInstance: Taxi_trip_pipeline.dbt_staging_layer.dbt_run_zone_lookup manual__2024-10-01T12:57:39.199873+00:00 [running]> on host fcb0f9e87e2b
[2024-10-01T13:02:40.775+0000] {taskinstance.py:2648} INFO - Exporting env vars: AIRFLOW_CTX_DAG_OWNER='Mahmoud' AIRFLOW_CTX_DAG_ID='Taxi_trip_pipeline' AIRFLOW_CTX_TASK_ID='dbt_staging_layer.dbt_run_zone_lookup' AIRFLOW_CTX_EXECUTION_DATE='2024-10-01T12:57:39.199873+00:00' AIRFLOW_CTX_TRY_NUMBER='2' AIRFLOW_CTX_DAG_RUN_ID='manual__2024-10-01T12:57:39.199873+00:00'
[2024-10-01T13:02:40.776+0000] {taskinstance.py:430} INFO - ::endgroup::
[2024-10-01T13:02:40.792+0000] {subprocess.py:63} INFO - Tmp dir root location: /tmp
[2024-10-01T13:02:40.793+0000] {subprocess.py:75} INFO - Running command: ['/usr/bin/bash', '-c', 'dbt run --profiles-dir /opt/***/DBT_Project  --project-dir /opt/***/dbt_trip --models zone_lookup']
[2024-10-01T13:02:40.810+0000] {subprocess.py:86} INFO - Output:
[2024-10-01T13:02:44.025+0000] {subprocess.py:93} INFO - [0m13:02:44  Running with dbt=1.8.0
[2024-10-01T13:02:44.433+0000] {subprocess.py:93} INFO - [0m13:02:44  Registered adapter: postgres=1.8.0
[2024-10-01T13:02:44.877+0000] {subprocess.py:93} INFO - [0m13:02:44  [[33mWARNING[0m]: Configuration paths exist in your dbt_project.yml file which do not apply to any resources.
[2024-10-01T13:02:44.877+0000] {subprocess.py:93} INFO - There are 2 unused configuration paths:
[2024-10-01T13:02:44.878+0000] {subprocess.py:93} INFO - - models.fact_trip.Dimensions
[2024-10-01T13:02:44.878+0000] {subprocess.py:93} INFO - - models.fact_trip.staging
[2024-10-01T13:02:45.191+0000] {subprocess.py:93} INFO - [0m13:02:45  Found 4 models, 6 data tests, 3 sources, 566 macros
[2024-10-01T13:02:45.195+0000] {subprocess.py:93} INFO - [0m13:02:45
[2024-10-01T13:02:45.387+0000] {subprocess.py:93} INFO - [0m13:02:45  Concurrency: 3 threads (target='dev')
[2024-10-01T13:02:45.387+0000] {subprocess.py:93} INFO - [0m13:02:45
[2024-10-01T13:02:45.401+0000] {subprocess.py:93} INFO - [0m13:02:45  1 of 1 START sql view model analysis.zone_lookup ............................... [RUN]
[2024-10-01T13:02:45.600+0000] {subprocess.py:93} INFO - [0m13:02:45  1 of 1 OK created sql view model analysis.zone_lookup .......................... [[32mCREATE VIEW[0m in 0.20s]
[2024-10-01T13:02:45.619+0000] {subprocess.py:93} INFO - [0m13:02:45
[2024-10-01T13:02:45.620+0000] {subprocess.py:93} INFO - [0m13:02:45  Finished running 1 view model in 0 hours 0 minutes and 0.42 seconds (0.42s).
[2024-10-01T13:02:45.699+0000] {subprocess.py:93} INFO - [0m13:02:45
[2024-10-01T13:02:45.699+0000] {subprocess.py:93} INFO - [0m13:02:45  [32mCompleted successfully[0m
[2024-10-01T13:02:45.700+0000] {subprocess.py:93} INFO - [0m13:02:45
[2024-10-01T13:02:45.701+0000] {subprocess.py:93} INFO - [0m13:02:45  Done. PASS=1 WARN=0 ERROR=0 SKIP=0 TOTAL=1
[2024-10-01T13:02:46.952+0000] {subprocess.py:97} INFO - Command exited with return code 0
[2024-10-01T13:02:46.953+0000] {taskinstance.py:441} INFO - ::group::Post task execution logs
[2024-10-01T13:02:46.978+0000] {taskinstance.py:1206} INFO - Marking task as SUCCESS. dag_id=Taxi_trip_pipeline, task_id=dbt_staging_layer.dbt_run_zone_lookup, run_id=manual__2024-10-01T12:57:39.199873+00:00, execution_date=20241001T125739, start_date=20241001T130240, end_date=20241001T130246
[2024-10-01T13:02:47.023+0000] {local_task_job_runner.py:240} INFO - Task exited with return code 0
[2024-10-01T13:02:47.044+0000] {taskinstance.py:3498} INFO - 1 downstream tasks scheduled from follow-on schedule check
[2024-10-01T13:02:47.045+0000] {local_task_job_runner.py:222} INFO - ::endgroup::
