[2024-10-01T12:57:58.903+0000] {local_task_job_runner.py:120} INFO - ::group::Pre task execution logs
[2024-10-01T12:57:58.935+0000] {taskinstance.py:2076} INFO - Dependencies all met for dep_context=non-requeueable deps ti=<TaskInstance: Taxi_trip_pipeline.dbt_staging_layer.dbt_run_zone_lookup manual__2024-10-01T12:57:39.199873+00:00 [queued]>
[2024-10-01T12:57:58.946+0000] {taskinstance.py:2076} INFO - Dependencies all met for dep_context=requeueable deps ti=<TaskInstance: Taxi_trip_pipeline.dbt_staging_layer.dbt_run_zone_lookup manual__2024-10-01T12:57:39.199873+00:00 [queued]>
[2024-10-01T12:57:58.947+0000] {taskinstance.py:2306} INFO - Starting attempt 1 of 1
[2024-10-01T12:57:58.963+0000] {taskinstance.py:2330} INFO - Executing <Task(BashOperator): dbt_staging_layer.dbt_run_zone_lookup> on 2024-10-01 12:57:39.199873+00:00
[2024-10-01T12:57:58.973+0000] {standard_task_runner.py:63} INFO - Started process 1420 to run task
[2024-10-01T12:57:58.976+0000] {standard_task_runner.py:90} INFO - Running: ['***', 'tasks', 'run', 'Taxi_trip_pipeline', 'dbt_staging_layer.dbt_run_zone_lookup', 'manual__2024-10-01T12:57:39.199873+00:00', '--job-id', '237', '--raw', '--subdir', 'DAGS_FOLDER/taxi_trip.py', '--cfg-path', '/tmp/tmpxbp1fpxj']
[2024-10-01T12:57:58.980+0000] {standard_task_runner.py:91} INFO - Job 237: Subtask dbt_staging_layer.dbt_run_zone_lookup
[2024-10-01T12:57:59.038+0000] {task_command.py:426} INFO - Running <TaskInstance: Taxi_trip_pipeline.dbt_staging_layer.dbt_run_zone_lookup manual__2024-10-01T12:57:39.199873+00:00 [running]> on host fcb0f9e87e2b
[2024-10-01T12:57:59.135+0000] {taskinstance.py:2648} INFO - Exporting env vars: AIRFLOW_CTX_DAG_OWNER='Mahmoud' AIRFLOW_CTX_DAG_ID='Taxi_trip_pipeline' AIRFLOW_CTX_TASK_ID='dbt_staging_layer.dbt_run_zone_lookup' AIRFLOW_CTX_EXECUTION_DATE='2024-10-01T12:57:39.199873+00:00' AIRFLOW_CTX_TRY_NUMBER='1' AIRFLOW_CTX_DAG_RUN_ID='manual__2024-10-01T12:57:39.199873+00:00'
[2024-10-01T12:57:59.136+0000] {taskinstance.py:430} INFO - ::endgroup::
[2024-10-01T12:57:59.148+0000] {subprocess.py:63} INFO - Tmp dir root location: /tmp
[2024-10-01T12:57:59.149+0000] {subprocess.py:75} INFO - Running command: ['/usr/bin/bash', '-c', 'dbt run --profiles-dir /opt/***/DBT_Project  --project-dir /opt/***/dbt_trip --models zone_lookup']
[2024-10-01T12:57:59.163+0000] {subprocess.py:86} INFO - Output:
[2024-10-01T12:58:02.290+0000] {subprocess.py:93} INFO - [0m12:58:02  Running with dbt=1.8.0
[2024-10-01T12:58:02.687+0000] {subprocess.py:93} INFO - [0m12:58:02  Registered adapter: postgres=1.8.0
[2024-10-01T12:58:03.259+0000] {subprocess.py:93} INFO - [0m12:58:03  [[33mWARNING[0m]: Configuration paths exist in your dbt_project.yml file which do not apply to any resources.
[2024-10-01T12:58:03.259+0000] {subprocess.py:93} INFO - There are 2 unused configuration paths:
[2024-10-01T12:58:03.260+0000] {subprocess.py:93} INFO - - models.fact_trip.Dimensions
[2024-10-01T12:58:03.260+0000] {subprocess.py:93} INFO - - models.fact_trip.staging
[2024-10-01T12:58:03.728+0000] {subprocess.py:93} INFO - [0m12:58:03  Found 4 models, 6 data tests, 3 sources, 566 macros
[2024-10-01T12:58:03.732+0000] {subprocess.py:93} INFO - [0m12:58:03
[2024-10-01T12:58:03.914+0000] {subprocess.py:93} INFO - [0m12:58:03  Concurrency: 3 threads (target='dev')
[2024-10-01T12:58:03.915+0000] {subprocess.py:93} INFO - [0m12:58:03
[2024-10-01T12:58:03.934+0000] {subprocess.py:93} INFO - [0m12:58:03  1 of 1 START sql view model analysis.zone_lookup ............................... [RUN]
[2024-10-01T12:58:04.148+0000] {subprocess.py:93} INFO - [0m12:58:04  1 of 1 OK created sql view model analysis.zone_lookup .......................... [[32mCREATE VIEW[0m in 0.21s]
[2024-10-01T12:58:04.163+0000] {subprocess.py:93} INFO - [0m12:58:04
[2024-10-01T12:58:04.163+0000] {subprocess.py:93} INFO - [0m12:58:04  Finished running 1 view model in 0 hours 0 minutes and 0.43 seconds (0.43s).
[2024-10-01T12:58:04.219+0000] {subprocess.py:93} INFO - [0m12:58:04
[2024-10-01T12:58:04.220+0000] {subprocess.py:93} INFO - [0m12:58:04  [32mCompleted successfully[0m
[2024-10-01T12:58:04.221+0000] {subprocess.py:93} INFO - [0m12:58:04
[2024-10-01T12:58:04.222+0000] {subprocess.py:93} INFO - [0m12:58:04  Done. PASS=1 WARN=0 ERROR=0 SKIP=0 TOTAL=1
[2024-10-01T12:58:05.267+0000] {subprocess.py:97} INFO - Command exited with return code 0
[2024-10-01T12:58:05.267+0000] {taskinstance.py:441} INFO - ::group::Post task execution logs
[2024-10-01T12:58:05.299+0000] {taskinstance.py:1206} INFO - Marking task as SUCCESS. dag_id=Taxi_trip_pipeline, task_id=dbt_staging_layer.dbt_run_zone_lookup, run_id=manual__2024-10-01T12:57:39.199873+00:00, execution_date=20241001T125739, start_date=20241001T125758, end_date=20241001T125805
[2024-10-01T12:58:05.337+0000] {local_task_job_runner.py:240} INFO - Task exited with return code 0
[2024-10-01T12:58:05.365+0000] {taskinstance.py:3498} INFO - 0 downstream tasks scheduled from follow-on schedule check
[2024-10-01T12:58:05.366+0000] {local_task_job_runner.py:222} INFO - ::endgroup::
