[2024-09-24T08:30:52.791+0000] {local_task_job_runner.py:120} INFO - ::group::Pre task execution logs
[2024-09-24T08:30:52.814+0000] {taskinstance.py:2076} INFO - Dependencies all met for dep_context=non-requeueable deps ti=<TaskInstance: Taxi_trip_pipeline.load_group.load_yellow_trip manual__2024-09-24T08:18:47.747664+00:00 [queued]>
[2024-09-24T08:30:52.825+0000] {taskinstance.py:2076} INFO - Dependencies all met for dep_context=requeueable deps ti=<TaskInstance: Taxi_trip_pipeline.load_group.load_yellow_trip manual__2024-09-24T08:18:47.747664+00:00 [queued]>
[2024-09-24T08:30:52.825+0000] {taskinstance.py:2306} INFO - Starting attempt 6 of 6
[2024-09-24T08:30:52.839+0000] {taskinstance.py:2330} INFO - Executing <Task(PythonOperator): load_group.load_yellow_trip> on 2024-09-24 08:18:47.747664+00:00
[2024-09-24T08:30:52.846+0000] {standard_task_runner.py:63} INFO - Started process 264 to run task
[2024-09-24T08:30:52.850+0000] {standard_task_runner.py:90} INFO - Running: ['***', 'tasks', 'run', 'Taxi_trip_pipeline', 'load_group.load_yellow_trip', 'manual__2024-09-24T08:18:47.747664+00:00', '--job-id', '101', '--raw', '--subdir', 'DAGS_FOLDER/taxi_trip.py', '--cfg-path', '/tmp/tmpzasi8j72']
[2024-09-24T08:30:52.853+0000] {standard_task_runner.py:91} INFO - Job 101: Subtask load_group.load_yellow_trip
[2024-09-24T08:30:52.903+0000] {task_command.py:426} INFO - Running <TaskInstance: Taxi_trip_pipeline.load_group.load_yellow_trip manual__2024-09-24T08:18:47.747664+00:00 [running]> on host 457e36aa430f
[2024-09-24T08:30:52.994+0000] {taskinstance.py:2648} INFO - Exporting env vars: AIRFLOW_CTX_DAG_OWNER='Mahmoud' AIRFLOW_CTX_DAG_ID='Taxi_trip_pipeline' AIRFLOW_CTX_TASK_ID='load_group.load_yellow_trip' AIRFLOW_CTX_EXECUTION_DATE='2024-09-24T08:18:47.747664+00:00' AIRFLOW_CTX_TRY_NUMBER='6' AIRFLOW_CTX_DAG_RUN_ID='manual__2024-09-24T08:18:47.747664+00:00'
[2024-09-24T08:30:52.995+0000] {taskinstance.py:430} INFO - ::endgroup::
[2024-09-24T08:30:53.015+0000] {taxi_trip.py:62} INFO - Loading yellow trip data started
[2024-09-24T08:30:53.015+0000] {Load_data.py:39} INFO - Loading Yellow Trip data...
[2024-09-24T08:31:02.935+0000] {local_task_job_runner.py:310} WARNING - State of this instance has been externally set to failed. Terminating instance.
[2024-09-24T08:31:02.936+0000] {local_task_job_runner.py:222} INFO - ::endgroup::
[2024-09-24T08:31:02.937+0000] {process_utils.py:132} INFO - Sending 15 to group 264. PIDs of all processes in the group: [264]
[2024-09-24T08:31:02.938+0000] {process_utils.py:87} INFO - Sending the signal 15 to group 264
[2024-09-24T08:31:02.938+0000] {taskinstance.py:2611} ERROR - Received SIGTERM. Terminating subprocesses.
[2024-09-24T08:31:03.002+0000] {taskinstance.py:441} INFO - ::group::Post task execution logs
[2024-09-24T08:31:03.070+0000] {process_utils.py:80} INFO - Process psutil.Process(pid=264, status='terminated', exitcode=0, started='08:30:52') (264) terminated with exit code 0
