[2024-09-24T08:23:08.168+0000] {local_task_job_runner.py:120} INFO - ::group::Pre task execution logs
[2024-09-24T08:23:08.201+0000] {taskinstance.py:2076} INFO - Dependencies all met for dep_context=non-requeueable deps ti=<TaskInstance: Taxi_trip_pipeline.load_group.load_yellow_trip manual__2024-09-24T08:18:47.747664+00:00 [queued]>
[2024-09-24T08:23:08.215+0000] {taskinstance.py:2076} INFO - Dependencies all met for dep_context=requeueable deps ti=<TaskInstance: Taxi_trip_pipeline.load_group.load_yellow_trip manual__2024-09-24T08:18:47.747664+00:00 [queued]>
[2024-09-24T08:23:08.215+0000] {taskinstance.py:2306} INFO - Starting attempt 3 of 3
[2024-09-24T08:23:08.232+0000] {taskinstance.py:2330} INFO - Executing <Task(PythonOperator): load_group.load_yellow_trip> on 2024-09-24 08:18:47.747664+00:00
[2024-09-24T08:23:08.238+0000] {standard_task_runner.py:63} INFO - Started process 199 to run task
[2024-09-24T08:23:08.242+0000] {standard_task_runner.py:90} INFO - Running: ['***', 'tasks', 'run', 'Taxi_trip_pipeline', 'load_group.load_yellow_trip', 'manual__2024-09-24T08:18:47.747664+00:00', '--job-id', '87', '--raw', '--subdir', 'DAGS_FOLDER/taxi_trip.py', '--cfg-path', '/tmp/tmprfc3921n']
[2024-09-24T08:23:08.245+0000] {standard_task_runner.py:91} INFO - Job 87: Subtask load_group.load_yellow_trip
[2024-09-24T08:23:08.291+0000] {task_command.py:426} INFO - Running <TaskInstance: Taxi_trip_pipeline.load_group.load_yellow_trip manual__2024-09-24T08:18:47.747664+00:00 [running]> on host 457e36aa430f
[2024-09-24T08:23:08.389+0000] {taskinstance.py:2648} INFO - Exporting env vars: AIRFLOW_CTX_DAG_OWNER='Mahmoud' AIRFLOW_CTX_DAG_ID='Taxi_trip_pipeline' AIRFLOW_CTX_TASK_ID='load_group.load_yellow_trip' AIRFLOW_CTX_EXECUTION_DATE='2024-09-24T08:18:47.747664+00:00' AIRFLOW_CTX_TRY_NUMBER='3' AIRFLOW_CTX_DAG_RUN_ID='manual__2024-09-24T08:18:47.747664+00:00'
[2024-09-24T08:23:08.390+0000] {taskinstance.py:430} INFO - ::endgroup::
[2024-09-24T08:23:08.408+0000] {taxi_trip.py:62} INFO - Loading yellow trip data started
[2024-09-24T08:23:08.408+0000] {Load_data.py:39} INFO - Loading Yellow Trip data...
[2024-09-24T08:23:23.636+0000] {db_utils.py:35} INFO - Loading data into table yellow_trip...
[2024-09-24T08:23:23.642+0000] {db_utils.py:17} INFO - Connected to PostgreSQL database successfully
[2024-09-24T08:24:11.140+0000] {db_utils.py:45} ERROR - Error while inserting data into table yellow_trip: (psycopg2.errors.UndefinedColumn) column "tpep_pickup_datetime_tpep_dropoff_datetime" of relation "yellow_trip" does not exist
LINE 1: INSERT INTO yellow_trip (tpep_pickup_datetime_tpep_dropoff_d...
                                 ^

[SQL: INSERT INTO yellow_trip (tpep_pickup_datetime_tpep_dropoff_datetime, "VendorID", passenger_count, trip_distance, "RatecodeID", store_and_fwd_flag, "PULocationID", "DOLocationID", payment_type, fare_amount, extra, mta_tax, tip_amount, tolls_amount, improvement_surcharge, total_amount, congestion_surcharge, "Airport_fee") VALUES (%(tpep_pickup_datetime_tpep_dropoff_datetime)s, %(VendorID)s, %(passenger_count)s, %(trip_distance)s, %(RatecodeID)s, %(store_and_fwd_flag)s, %(PULocationID)s, %(DOLocationID)s, %(payment_type)s, %(fare_amount)s, %(extra)s, %(mta_tax)s, %(tip_amount)s, %(tolls_amount)s, %(improvement_surcharge)s, %(total_amount)s, %(congestion_surcharge)s, %(Airport_fee)s)]
[parameters: ({'tpep_pickup_datetime_tpep_dropoff_datetime': '2024-01-01 00:57:55 2024-01-01 01:17:43', 'VendorID': 2, 'passenger_count': 1, 'trip_distance': 1.72, 'RatecodeID': 1, 'store_and_fwd_flag': 'N', 'PULocationID': 186, 'DOLocationID': 79, 'payment_type': 2, 'fare_amount': 17.7, 'extra': 1.0, 'mta_tax': 0.5, 'tip_amount': 0.0, 'tolls_amount': 0.0, 'improvement_surcharge': 1.0, 'total_amount': 22.7, 'congestion_surcharge': 2.5, 'Airport_fee': 0.0}, {'tpep_pickup_datetime_tpep_dropoff_datetime': '2024-01-01 00:03:00 2024-01-01 00:09:36', 'VendorID': 1, 'passenger_count': 1, 'trip_distance': 1.8, 'RatecodeID': 1, 'store_and_fwd_flag': 'N', 'PULocationID': 140, 'DOLocationID': 236, 'payment_type': 1, 'fare_amount': 10.0, 'extra': 3.5, 'mta_tax': 0.5, 'tip_amount': 3.75, 'tolls_amount': 0.0, 'improvement_surcharge': 1.0, 'total_amount': 18.75, 'congestion_surcharge': 2.5, 'Airport_fee': 0.0}, {'tpep_pickup_datetime_tpep_dropoff_datetime': '2024-01-01 00:17:06 2024-01-01 00:35:01', 'VendorID': 1, 'passenger_count': 1, 'trip_distance': 4.7, 'RatecodeID': 1, 'store_and_fwd_flag': 'N', 'PULocationID': 236, 'DOLocationID': 79, 'payment_type': 1, 'fare_amount': 23.3, 'extra': 3.5, 'mta_tax': 0.5, 'tip_amount': 3.0, 'tolls_amount': 0.0, 'improvement_surcharge': 1.0, 'total_amount': 31.3, 'congestion_surcharge': 2.5, 'Airport_fee': 0.0}, {'tpep_pickup_datetime_tpep_dropoff_datetime': '2024-01-01 00:36:38 2024-01-01 00:44:56', 'VendorID': 1, 'passenger_count': 1, 'trip_distance': 1.4, 'RatecodeID': 1, 'store_and_fwd_flag': 'N', 'PULocationID': 79, 'DOLocationID': 211, 'payment_type': 1, 'fare_amount': 10.0, 'extra': 3.5, 'mta_tax': 0.5, 'tip_amount': 2.0, 'tolls_amount': 0.0, 'improvement_surcharge': 1.0, 'total_amount': 17.0, 'congestion_surcharge': 2.5, 'Airport_fee': 0.0}, {'tpep_pickup_datetime_tpep_dropoff_datetime': '2024-01-01 00:46:51 2024-01-01 00:52:57', 'VendorID': 1, 'passenger_count': 1, 'trip_distance': 0.8, 'RatecodeID': 1, 'store_and_fwd_flag': 'N', 'PULocationID': 211, 'DOLocationID': 148, 'payment_type': 1, 'fare_amount': 7.9, 'extra': 3.5, 'mta_tax': 0.5, 'tip_amount': 3.2, 'tolls_amount': 0.0, 'improvement_surcharge': 1.0, 'total_amount': 16.1, 'congestion_surcharge': 2.5, 'Airport_fee': 0.0}, {'tpep_pickup_datetime_tpep_dropoff_datetime': '2024-01-01 00:54:08 2024-01-01 01:26:31', 'VendorID': 1, 'passenger_count': 1, 'trip_distance': 4.7, 'RatecodeID': 1, 'store_and_fwd_flag': 'N', 'PULocationID': 148, 'DOLocationID': 141, 'payment_type': 1, 'fare_amount': 29.6, 'extra': 3.5, 'mta_tax': 0.5, 'tip_amount': 6.9, 'tolls_amount': 0.0, 'improvement_surcharge': 1.0, 'total_amount': 41.5, 'congestion_surcharge': 2.5, 'Airport_fee': 0.0}, {'tpep_pickup_datetime_tpep_dropoff_datetime': '2024-01-01 00:49:44 2024-01-01 01:15:47', 'VendorID': 2, 'passenger_count': 2, 'trip_distance': 10.82, 'RatecodeID': 1, 'store_and_fwd_flag': 'N', 'PULocationID': 138, 'DOLocationID': 181, 'payment_type': 1, 'fare_amount': 45.7, 'extra': 6.0, 'mta_tax': 0.5, 'tip_amount': 10.0, 'tolls_amount': 0.0, 'improvement_surcharge': 1.0, 'total_amount': 64.95, 'congestion_surcharge': 0.0, 'Airport_fee': 1.75}, {'tpep_pickup_datetime_tpep_dropoff_datetime': '2024-01-01 00:30:40 2024-01-01 00:58:40', 'VendorID': 1, 'passenger_count': 0, 'trip_distance': 3.0, 'RatecodeID': 1, 'store_and_fwd_flag': 'N', 'PULocationID': 246, 'DOLocationID': 231, 'payment_type': 2, 'fare_amount': 25.4, 'extra': 3.5, 'mta_tax': 0.5, 'tip_amount': 0.0, 'tolls_amount': 0.0, 'improvement_surcharge': 1.0, 'total_amount': 30.4, 'congestion_surcharge': 2.5, 'Airport_fee': 0.0}  ... displaying 10 of 2964624 total bound parameter sets ...  {'tpep_pickup_datetime_tpep_dropoff_datetime': '2024-01-31 23:07:23 2024-01-31 23:25:14', 'VendorID': 2, 'passenger_count': None, 'trip_distance': 3.06, 'RatecodeID': None, 'store_and_fwd_flag': None, 'PULocationID': 107, 'DOLocationID': 13, 'payment_type': 0, 'fare_amount': 23.88, 'extra': 0.0, 'mta_tax': 0.5, 'tip_amount': 5.58, 'tolls_amount': 0.0, 'improvement_surcharge': 1.0, 'total_amount': 33.46, 'congestion_surcharge': None, 'Airport_fee': None}, {'tpep_pickup_datetime_tpep_dropoff_datetime': '2024-01-31 23:58:25 2024-02-01 00:13:30', 'VendorID': 1, 'passenger_count': None, 'trip_distance': 8.1, 'RatecodeID': None, 'store_and_fwd_flag': None, 'PULocationID': 138, 'DOLocationID': 75, 'payment_type': 0, 'fare_amount': 32.4, 'extra': 7.75, 'mta_tax': 0.5, 'tip_amount': 7.29, 'tolls_amount': 6.94, 'improvement_surcharge': 1.0, 'total_amount': 55.88, 'congestion_surcharge': None, 'Airport_fee': None})]
(Background on this error at: https://sqlalche.me/e/14/f405)
[2024-09-24T08:24:11.142+0000] {db_utils.py:29} INFO - PostgreSQL connection is closed
[2024-09-24T08:24:11.142+0000] {db_utils.py:32} INFO - SQLAlchemy engine disposed
[2024-09-24T08:24:11.143+0000] {Load_data.py:66} INFO - Yellow Trip data loaded successfully
[2024-09-24T08:24:11.143+0000] {taxi_trip.py:64} INFO - Loading yellow trip data done
[2024-09-24T08:24:11.143+0000] {python.py:237} INFO - Done. Returned value was: None
[2024-09-24T08:24:11.144+0000] {taskinstance.py:441} INFO - ::group::Post task execution logs
[2024-09-24T08:24:11.156+0000] {taskinstance.py:1206} INFO - Marking task as SUCCESS. dag_id=Taxi_trip_pipeline, task_id=load_group.load_yellow_trip, run_id=manual__2024-09-24T08:18:47.747664+00:00, execution_date=20240924T081847, start_date=20240924T082308, end_date=20240924T082411
[2024-09-24T08:24:11.621+0000] {local_task_job_runner.py:240} INFO - Task exited with return code 0
[2024-09-24T08:24:11.639+0000] {taskinstance.py:3498} INFO - 0 downstream tasks scheduled from follow-on schedule check
[2024-09-24T08:24:11.672+0000] {local_task_job_runner.py:222} INFO - ::endgroup::
