[2024-10-01T10:41:04.081+0000] {local_task_job_runner.py:120} INFO - ::group::Pre task execution logs
[2024-10-01T10:41:04.104+0000] {taskinstance.py:2076} INFO - Dependencies all met for dep_context=non-requeueable deps ti=<TaskInstance: Taxi_trip_pipeline.dbt_staging_layer.dbt_run_yellow_trip manual__2024-10-01T10:32:20.925791+00:00 [queued]>
[2024-10-01T10:41:04.115+0000] {taskinstance.py:2076} INFO - Dependencies all met for dep_context=requeueable deps ti=<TaskInstance: Taxi_trip_pipeline.dbt_staging_layer.dbt_run_yellow_trip manual__2024-10-01T10:32:20.925791+00:00 [queued]>
[2024-10-01T10:41:04.115+0000] {taskinstance.py:2306} INFO - Starting attempt 2 of 2
[2024-10-01T10:41:04.132+0000] {taskinstance.py:2330} INFO - Executing <Task(BashOperator): dbt_staging_layer.dbt_run_yellow_trip> on 2024-10-01 10:32:20.925791+00:00
[2024-10-01T10:41:04.139+0000] {standard_task_runner.py:63} INFO - Started process 653 to run task
[2024-10-01T10:41:04.142+0000] {standard_task_runner.py:90} INFO - Running: ['***', 'tasks', 'run', 'Taxi_trip_pipeline', 'dbt_staging_layer.dbt_run_yellow_trip', 'manual__2024-10-01T10:32:20.925791+00:00', '--job-id', '173', '--raw', '--subdir', 'DAGS_FOLDER/taxi_trip.py', '--cfg-path', '/tmp/tmp8v1gf8xn']
[2024-10-01T10:41:04.145+0000] {standard_task_runner.py:91} INFO - Job 173: Subtask dbt_staging_layer.dbt_run_yellow_trip
[2024-10-01T10:41:04.202+0000] {task_command.py:426} INFO - Running <TaskInstance: Taxi_trip_pipeline.dbt_staging_layer.dbt_run_yellow_trip manual__2024-10-01T10:32:20.925791+00:00 [running]> on host fcb0f9e87e2b
[2024-10-01T10:41:04.300+0000] {taskinstance.py:2648} INFO - Exporting env vars: AIRFLOW_CTX_DAG_OWNER='Mahmoud' AIRFLOW_CTX_DAG_ID='Taxi_trip_pipeline' AIRFLOW_CTX_TASK_ID='dbt_staging_layer.dbt_run_yellow_trip' AIRFLOW_CTX_EXECUTION_DATE='2024-10-01T10:32:20.925791+00:00' AIRFLOW_CTX_TRY_NUMBER='2' AIRFLOW_CTX_DAG_RUN_ID='manual__2024-10-01T10:32:20.925791+00:00'
[2024-10-01T10:41:04.301+0000] {taskinstance.py:430} INFO - ::endgroup::
[2024-10-01T10:41:04.313+0000] {subprocess.py:63} INFO - Tmp dir root location: /tmp
[2024-10-01T10:41:04.314+0000] {subprocess.py:75} INFO - Running command: ['/usr/bin/bash', '-c', 'dbt run --profiles-dir /opt/***/DBT_Project  --project-dir /opt/***/dbt_trip --models yellow_trip']
[2024-10-01T10:41:04.328+0000] {subprocess.py:86} INFO - Output:
[2024-10-01T10:41:07.190+0000] {subprocess.py:93} INFO - [0m10:41:07  Running with dbt=1.8.0
[2024-10-01T10:41:07.530+0000] {subprocess.py:93} INFO - [0m10:41:07  Registered adapter: postgres=1.8.0
[2024-10-01T10:41:08.439+0000] {subprocess.py:93} INFO - [0m10:41:08  [[33mWARNING[0m]: Deprecated functionality
[2024-10-01T10:41:08.440+0000] {subprocess.py:93} INFO - The `tests` config has been renamed to `data_tests`. Please see
[2024-10-01T10:41:08.440+0000] {subprocess.py:93} INFO - https://docs.getdbt.com/docs/build/data-tests#new-data_tests-syntax for more
[2024-10-01T10:41:08.440+0000] {subprocess.py:93} INFO - information.
[2024-10-01T10:41:08.726+0000] {subprocess.py:93} INFO - [0m10:41:08  [[33mWARNING[0m]: Configuration paths exist in your dbt_project.yml file which do not apply to any resources.
[2024-10-01T10:41:08.726+0000] {subprocess.py:93} INFO - There are 2 unused configuration paths:
[2024-10-01T10:41:08.727+0000] {subprocess.py:93} INFO - - models.fact_trip.Dimensions
[2024-10-01T10:41:08.727+0000] {subprocess.py:93} INFO - - models.fact_trip.staging
[2024-10-01T10:41:08.939+0000] {subprocess.py:93} INFO - [0m10:41:08  Found 4 models, 6 data tests, 3 sources, 566 macros
[2024-10-01T10:41:08.941+0000] {subprocess.py:93} INFO - [0m10:41:08
[2024-10-01T10:41:09.111+0000] {subprocess.py:93} INFO - [0m10:41:09  Concurrency: 3 threads (target='dev')
[2024-10-01T10:41:09.112+0000] {subprocess.py:93} INFO - [0m10:41:09
[2024-10-01T10:41:09.129+0000] {subprocess.py:93} INFO - [0m10:41:09  1 of 1 START sql view model analysis.yellow_trip ............................... [RUN]
[2024-10-01T10:41:09.427+0000] {subprocess.py:93} INFO - [0m10:41:09  1 of 1 OK created sql view model analysis.yellow_trip .......................... [[32mCREATE VIEW[0m in 0.29s]
[2024-10-01T10:41:09.452+0000] {subprocess.py:93} INFO - [0m10:41:09
[2024-10-01T10:41:09.453+0000] {subprocess.py:93} INFO - [0m10:41:09  Finished running 1 view model in 0 hours 0 minutes and 0.51 seconds (0.51s).
[2024-10-01T10:41:09.593+0000] {subprocess.py:93} INFO - [0m10:41:09
[2024-10-01T10:41:09.594+0000] {subprocess.py:93} INFO - [0m10:41:09  [32mCompleted successfully[0m
[2024-10-01T10:41:09.594+0000] {subprocess.py:93} INFO - [0m10:41:09
[2024-10-01T10:41:09.595+0000] {subprocess.py:93} INFO - [0m10:41:09  Done. PASS=1 WARN=0 ERROR=0 SKIP=0 TOTAL=1
[2024-10-01T10:41:11.718+0000] {subprocess.py:97} INFO - Command exited with return code 0
[2024-10-01T10:41:11.719+0000] {taskinstance.py:441} INFO - ::group::Post task execution logs
[2024-10-01T10:41:11.749+0000] {taskinstance.py:1206} INFO - Marking task as SUCCESS. dag_id=Taxi_trip_pipeline, task_id=dbt_staging_layer.dbt_run_yellow_trip, run_id=manual__2024-10-01T10:32:20.925791+00:00, execution_date=20241001T103220, start_date=20241001T104104, end_date=20241001T104111
[2024-10-01T10:41:11.774+0000] {local_task_job_runner.py:240} INFO - Task exited with return code 0
[2024-10-01T10:41:11.801+0000] {taskinstance.py:3498} INFO - 0 downstream tasks scheduled from follow-on schedule check
[2024-10-01T10:41:11.803+0000] {local_task_job_runner.py:222} INFO - ::endgroup::
