[2024-10-01T10:37:44.559+0000] {local_task_job_runner.py:120} INFO - ::group::Pre task execution logs
[2024-10-01T10:37:44.582+0000] {taskinstance.py:2076} INFO - Dependencies all met for dep_context=non-requeueable deps ti=<TaskInstance: Taxi_trip_pipeline.dbt_staging_layer.dbt_run_yellow_trip manual__2024-10-01T10:32:20.925791+00:00 [queued]>
[2024-10-01T10:37:44.590+0000] {taskinstance.py:2076} INFO - Dependencies all met for dep_context=requeueable deps ti=<TaskInstance: Taxi_trip_pipeline.dbt_staging_layer.dbt_run_yellow_trip manual__2024-10-01T10:32:20.925791+00:00 [queued]>
[2024-10-01T10:37:44.591+0000] {taskinstance.py:2306} INFO - Starting attempt 1 of 1
[2024-10-01T10:37:44.607+0000] {taskinstance.py:2330} INFO - Executing <Task(BashOperator): dbt_staging_layer.dbt_run_yellow_trip> on 2024-10-01 10:32:20.925791+00:00
[2024-10-01T10:37:44.615+0000] {standard_task_runner.py:63} INFO - Started process 599 to run task
[2024-10-01T10:37:44.618+0000] {standard_task_runner.py:90} INFO - Running: ['***', 'tasks', 'run', 'Taxi_trip_pipeline', 'dbt_staging_layer.dbt_run_yellow_trip', 'manual__2024-10-01T10:32:20.925791+00:00', '--job-id', '170', '--raw', '--subdir', 'DAGS_FOLDER/taxi_trip.py', '--cfg-path', '/tmp/tmp2pmj7h_j']
[2024-10-01T10:37:44.621+0000] {standard_task_runner.py:91} INFO - Job 170: Subtask dbt_staging_layer.dbt_run_yellow_trip
[2024-10-01T10:37:44.690+0000] {task_command.py:426} INFO - Running <TaskInstance: Taxi_trip_pipeline.dbt_staging_layer.dbt_run_yellow_trip manual__2024-10-01T10:32:20.925791+00:00 [running]> on host fcb0f9e87e2b
[2024-10-01T10:37:44.888+0000] {taskinstance.py:2648} INFO - Exporting env vars: AIRFLOW_CTX_DAG_OWNER='Mahmoud' AIRFLOW_CTX_DAG_ID='Taxi_trip_pipeline' AIRFLOW_CTX_TASK_ID='dbt_staging_layer.dbt_run_yellow_trip' AIRFLOW_CTX_EXECUTION_DATE='2024-10-01T10:32:20.925791+00:00' AIRFLOW_CTX_TRY_NUMBER='1' AIRFLOW_CTX_DAG_RUN_ID='manual__2024-10-01T10:32:20.925791+00:00'
[2024-10-01T10:37:44.890+0000] {taskinstance.py:430} INFO - ::endgroup::
[2024-10-01T10:37:44.905+0000] {subprocess.py:63} INFO - Tmp dir root location: /tmp
[2024-10-01T10:37:44.906+0000] {subprocess.py:75} INFO - Running command: ['/usr/bin/bash', '-c', 'dbt run --profiles-dir /opt/***/DBT_Project  --project-dir /opt/***/dbt_trip --models yellow_trip']
[2024-10-01T10:37:44.923+0000] {subprocess.py:86} INFO - Output:
[2024-10-01T10:37:48.954+0000] {subprocess.py:93} INFO - [0m10:37:48  Running with dbt=1.8.0
[2024-10-01T10:37:49.414+0000] {subprocess.py:93} INFO - [0m10:37:49  Registered adapter: postgres=1.8.0
[2024-10-01T10:37:49.814+0000] {subprocess.py:93} INFO - [0m10:37:49  [[33mWARNING[0m]: Configuration paths exist in your dbt_project.yml file which do not apply to any resources.
[2024-10-01T10:37:49.814+0000] {subprocess.py:93} INFO - There are 2 unused configuration paths:
[2024-10-01T10:37:49.815+0000] {subprocess.py:93} INFO - - models.fact_trip.Dimensions
[2024-10-01T10:37:49.815+0000] {subprocess.py:93} INFO - - models.fact_trip.staging
[2024-10-01T10:37:50.058+0000] {subprocess.py:93} INFO - [0m10:37:50  Found 4 models, 6 data tests, 3 sources, 566 macros
[2024-10-01T10:37:50.060+0000] {subprocess.py:93} INFO - [0m10:37:50
[2024-10-01T10:37:50.204+0000] {subprocess.py:93} INFO - [0m10:37:50  Concurrency: 3 threads (target='dev')
[2024-10-01T10:37:50.204+0000] {subprocess.py:93} INFO - [0m10:37:50
[2024-10-01T10:37:50.215+0000] {subprocess.py:93} INFO - [0m10:37:50  1 of 1 START sql view model analysis.yellow_trip ............................... [RUN]
[2024-10-01T10:37:50.420+0000] {subprocess.py:93} INFO - [0m10:37:50  1 of 1 OK created sql view model analysis.yellow_trip .......................... [[32mCREATE VIEW[0m in 0.20s]
[2024-10-01T10:37:50.438+0000] {subprocess.py:93} INFO - [0m10:37:50
[2024-10-01T10:37:50.439+0000] {subprocess.py:93} INFO - [0m10:37:50  Finished running 1 view model in 0 hours 0 minutes and 0.38 seconds (0.38s).
[2024-10-01T10:37:50.503+0000] {subprocess.py:93} INFO - [0m10:37:50
[2024-10-01T10:37:50.504+0000] {subprocess.py:93} INFO - [0m10:37:50  [32mCompleted successfully[0m
[2024-10-01T10:37:50.504+0000] {subprocess.py:93} INFO - [0m10:37:50
[2024-10-01T10:37:50.505+0000] {subprocess.py:93} INFO - [0m10:37:50  Done. PASS=1 WARN=0 ERROR=0 SKIP=0 TOTAL=1
[2024-10-01T10:37:51.532+0000] {subprocess.py:97} INFO - Command exited with return code 0
[2024-10-01T10:37:51.533+0000] {taskinstance.py:441} INFO - ::group::Post task execution logs
[2024-10-01T10:37:51.568+0000] {taskinstance.py:1206} INFO - Marking task as SUCCESS. dag_id=Taxi_trip_pipeline, task_id=dbt_staging_layer.dbt_run_yellow_trip, run_id=manual__2024-10-01T10:32:20.925791+00:00, execution_date=20241001T103220, start_date=20241001T103744, end_date=20241001T103751
[2024-10-01T10:37:51.619+0000] {local_task_job_runner.py:240} INFO - Task exited with return code 0
[2024-10-01T10:37:51.652+0000] {taskinstance.py:3498} INFO - 0 downstream tasks scheduled from follow-on schedule check
[2024-10-01T10:37:51.654+0000] {local_task_job_runner.py:222} INFO - ::endgroup::
