[2024-09-30T17:47:31.653+0000] {local_task_job_runner.py:120} INFO - ::group::Pre task execution logs
[2024-09-30T17:47:31.676+0000] {taskinstance.py:2076} INFO - Dependencies all met for dep_context=non-requeueable deps ti=<TaskInstance: Taxi_trip_pipeline.extraction_layer.extract_green_date manual__2024-09-30T17:47:30.127854+00:00 [queued]>
[2024-09-30T17:47:31.684+0000] {taskinstance.py:2076} INFO - Dependencies all met for dep_context=requeueable deps ti=<TaskInstance: Taxi_trip_pipeline.extraction_layer.extract_green_date manual__2024-09-30T17:47:30.127854+00:00 [queued]>
[2024-09-30T17:47:31.685+0000] {taskinstance.py:2306} INFO - Starting attempt 1 of 1
[2024-09-30T17:47:31.697+0000] {taskinstance.py:2330} INFO - Executing <Task(PythonOperator): extraction_layer.extract_green_date> on 2024-09-30 17:47:30.127854+00:00
[2024-09-30T17:47:31.705+0000] {standard_task_runner.py:63} INFO - Started process 320 to run task
[2024-09-30T17:47:31.708+0000] {standard_task_runner.py:90} INFO - Running: ['***', 'tasks', 'run', 'Taxi_trip_pipeline', 'extraction_layer.extract_green_date', 'manual__2024-09-30T17:47:30.127854+00:00', '--job-id', '52', '--raw', '--subdir', 'DAGS_FOLDER/taxi_trip.py', '--cfg-path', '/tmp/tmpjjyutuk8']
[2024-09-30T17:47:31.710+0000] {standard_task_runner.py:91} INFO - Job 52: Subtask extraction_layer.extract_green_date
[2024-09-30T17:47:31.753+0000] {task_command.py:426} INFO - Running <TaskInstance: Taxi_trip_pipeline.extraction_layer.extract_green_date manual__2024-09-30T17:47:30.127854+00:00 [running]> on host 72cf0e8bafa8
[2024-09-30T17:47:31.838+0000] {taskinstance.py:2648} INFO - Exporting env vars: AIRFLOW_CTX_DAG_OWNER='Mahmoud' AIRFLOW_CTX_DAG_ID='Taxi_trip_pipeline' AIRFLOW_CTX_TASK_ID='extraction_layer.extract_green_date' AIRFLOW_CTX_EXECUTION_DATE='2024-09-30T17:47:30.127854+00:00' AIRFLOW_CTX_TRY_NUMBER='1' AIRFLOW_CTX_DAG_RUN_ID='manual__2024-09-30T17:47:30.127854+00:00'
[2024-09-30T17:47:31.839+0000] {taskinstance.py:430} INFO - ::endgroup::
[2024-09-30T17:47:31.852+0000] {taxi_trip.py:37} INFO - Data extraction for green trip started
[2024-09-30T17:47:31.858+0000] {db_utils.py:16} INFO - Connected to PostgreSQL database successfully
[2024-09-30T17:47:31.859+0000] {Process_data.py:16} INFO - Start transforming Green Trip data...
[2024-09-30T17:47:31.860+0000] {Process_data.py:24} INFO - File green_tripdata_2024-01.parquet has already been extracted before . Skipping......
[2024-09-30T17:47:31.860+0000] {taxi_trip.py:40} INFO - Data extraction for green trip done
[2024-09-30T17:47:31.860+0000] {taxi_trip.py:46} WARNING - No data found for green trip
[2024-09-30T17:47:31.860+0000] {python.py:237} INFO - Done. Returned value was: None
[2024-09-30T17:47:31.861+0000] {taskinstance.py:441} INFO - ::group::Post task execution logs
[2024-09-30T17:47:31.869+0000] {taskinstance.py:1206} INFO - Marking task as SUCCESS. dag_id=Taxi_trip_pipeline, task_id=extraction_layer.extract_green_date, run_id=manual__2024-09-30T17:47:30.127854+00:00, execution_date=20240930T174730, start_date=20240930T174731, end_date=20240930T174731
[2024-09-30T17:47:31.920+0000] {local_task_job_runner.py:240} INFO - Task exited with return code 0
[2024-09-30T17:47:31.930+0000] {local_task_job_runner.py:222} INFO - ::endgroup::
