[2024-09-25T19:21:10.478+0000] {local_task_job_runner.py:120} INFO - ::group::Pre task execution logs
[2024-09-25T19:21:10.499+0000] {taskinstance.py:2076} INFO - Dependencies all met for dep_context=non-requeueable deps ti=<TaskInstance: Taxi_trip_pipeline.extraction_group.extract_green_date scheduled__2024-09-24T00:00:00+00:00 [queued]>
[2024-09-25T19:21:10.506+0000] {taskinstance.py:2076} INFO - Dependencies all met for dep_context=requeueable deps ti=<TaskInstance: Taxi_trip_pipeline.extraction_group.extract_green_date scheduled__2024-09-24T00:00:00+00:00 [queued]>
[2024-09-25T19:21:10.506+0000] {taskinstance.py:2306} INFO - Starting attempt 2 of 2
[2024-09-25T19:21:10.517+0000] {taskinstance.py:2330} INFO - Executing <Task(PythonOperator): extraction_group.extract_green_date> on 2024-09-24 00:00:00+00:00
[2024-09-25T19:21:10.524+0000] {standard_task_runner.py:63} INFO - Started process 84 to run task
[2024-09-25T19:21:10.527+0000] {standard_task_runner.py:90} INFO - Running: ['***', 'tasks', 'run', 'Taxi_trip_pipeline', 'extraction_group.extract_green_date', 'scheduled__2024-09-24T00:00:00+00:00', '--job-id', '117', '--raw', '--subdir', 'DAGS_FOLDER/taxi_trip.py', '--cfg-path', '/tmp/tmp_m8axxr0']
[2024-09-25T19:21:10.530+0000] {standard_task_runner.py:91} INFO - Job 117: Subtask extraction_group.extract_green_date
[2024-09-25T19:21:10.571+0000] {task_command.py:426} INFO - Running <TaskInstance: Taxi_trip_pipeline.extraction_group.extract_green_date scheduled__2024-09-24T00:00:00+00:00 [running]> on host 3aa1deac3d71
[2024-09-25T19:21:10.650+0000] {taskinstance.py:2648} INFO - Exporting env vars: AIRFLOW_CTX_DAG_OWNER='Mahmoud' AIRFLOW_CTX_DAG_ID='Taxi_trip_pipeline' AIRFLOW_CTX_TASK_ID='extraction_group.extract_green_date' AIRFLOW_CTX_EXECUTION_DATE='2024-09-24T00:00:00+00:00' AIRFLOW_CTX_TRY_NUMBER='2' AIRFLOW_CTX_DAG_RUN_ID='scheduled__2024-09-24T00:00:00+00:00'
[2024-09-25T19:21:10.651+0000] {taskinstance.py:430} INFO - ::endgroup::
[2024-09-25T19:21:10.662+0000] {taxi_trip.py:37} INFO - Data extraction for green trip started
[2024-09-25T19:21:10.662+0000] {Process_data.py:14} INFO - Start transforming Green Trip data...
[2024-09-25T19:21:11.520+0000] {Process_data.py:26} INFO - Storing valid Green Trip data completed successfully
[2024-09-25T19:21:11.521+0000] {taxi_trip.py:39} INFO - Data extraction for green trip done
[2024-09-25T19:21:11.521+0000] {taxi_trip.py:44} WARNING - No data found for green trip
[2024-09-25T19:21:11.521+0000] {python.py:237} INFO - Done. Returned value was: None
[2024-09-25T19:21:11.522+0000] {taskinstance.py:441} INFO - ::group::Post task execution logs
[2024-09-25T19:21:11.530+0000] {taskinstance.py:1206} INFO - Marking task as SUCCESS. dag_id=Taxi_trip_pipeline, task_id=extraction_group.extract_green_date, run_id=scheduled__2024-09-24T00:00:00+00:00, execution_date=20240924T000000, start_date=20240925T192110, end_date=20240925T192111
[2024-09-25T19:21:11.581+0000] {local_task_job_runner.py:240} INFO - Task exited with return code 0
[2024-09-25T19:21:11.607+0000] {taskinstance.py:3498} INFO - 3 downstream tasks scheduled from follow-on schedule check
[2024-09-25T19:21:11.609+0000] {local_task_job_runner.py:222} INFO - ::endgroup::
