[2024-10-12T10:49:28.245+0000] {local_task_job_runner.py:120} INFO - ::group::Pre task execution logs
[2024-10-12T10:49:28.276+0000] {taskinstance.py:2076} INFO - Dependencies all met for dep_context=non-requeueable deps ti=<TaskInstance: Taxi_trip_pipeline.remove_files scheduled__2024-10-12T10:15:00+00:00 [queued]>
[2024-10-12T10:49:28.287+0000] {taskinstance.py:2076} INFO - Dependencies all met for dep_context=requeueable deps ti=<TaskInstance: Taxi_trip_pipeline.remove_files scheduled__2024-10-12T10:15:00+00:00 [queued]>
[2024-10-12T10:49:28.287+0000] {taskinstance.py:2306} INFO - Starting attempt 1 of 1
[2024-10-12T10:49:28.301+0000] {taskinstance.py:2330} INFO - Executing <Task(PythonOperator): remove_files> on 2024-10-12 10:15:00+00:00
[2024-10-12T10:49:28.311+0000] {standard_task_runner.py:63} INFO - Started process 297 to run task
[2024-10-12T10:49:28.314+0000] {standard_task_runner.py:90} INFO - Running: ['***', 'tasks', 'run', 'Taxi_trip_pipeline', 'remove_files', 'scheduled__2024-10-12T10:15:00+00:00', '--job-id', '25', '--raw', '--subdir', 'DAGS_FOLDER/taxi_trip.py', '--cfg-path', '/tmp/tmpc7iuqhei']
[2024-10-12T10:49:28.317+0000] {standard_task_runner.py:91} INFO - Job 25: Subtask remove_files
[2024-10-12T10:49:28.381+0000] {task_command.py:426} INFO - Running <TaskInstance: Taxi_trip_pipeline.remove_files scheduled__2024-10-12T10:15:00+00:00 [running]> on host 4f9d1e7ade51
[2024-10-12T10:49:28.515+0000] {taskinstance.py:2648} INFO - Exporting env vars: AIRFLOW_CTX_DAG_OWNER='Mahmoud' AIRFLOW_CTX_DAG_ID='Taxi_trip_pipeline' AIRFLOW_CTX_TASK_ID='remove_files' AIRFLOW_CTX_EXECUTION_DATE='2024-10-12T10:15:00+00:00' AIRFLOW_CTX_TRY_NUMBER='1' AIRFLOW_CTX_DAG_RUN_ID='scheduled__2024-10-12T10:15:00+00:00'
[2024-10-12T10:49:28.517+0000] {taskinstance.py:430} INFO - ::endgroup::
[2024-10-12T10:49:28.557+0000] {taxi_trip.py:133} ERROR - Error in archiving files
Traceback (most recent call last):
  File "/opt/airflow/dags/taxi_trip.py", line 122, in archiving
    remove_files(archive_green)
NameError: name 'remove_files' is not defined
[2024-10-12T10:49:28.558+0000] {python.py:237} INFO - Done. Returned value was: None
[2024-10-12T10:49:28.559+0000] {taskinstance.py:441} INFO - ::group::Post task execution logs
[2024-10-12T10:49:28.574+0000] {taskinstance.py:1206} INFO - Marking task as SUCCESS. dag_id=Taxi_trip_pipeline, task_id=remove_files, run_id=scheduled__2024-10-12T10:15:00+00:00, execution_date=20241012T101500, start_date=20241012T104928, end_date=20241012T104928
[2024-10-12T10:49:28.607+0000] {local_task_job_runner.py:240} INFO - Task exited with return code 0
[2024-10-12T10:49:28.643+0000] {taskinstance.py:3498} INFO - 3 downstream tasks scheduled from follow-on schedule check
[2024-10-12T10:49:28.645+0000] {local_task_job_runner.py:222} INFO - ::endgroup::
