[2024-09-24T10:10:39.802+0000] {local_task_job_runner.py:120} INFO - ::group::Pre task execution logs
[2024-09-24T10:10:39.822+0000] {taskinstance.py:2076} INFO - Dependencies all met for dep_context=non-requeueable deps ti=<TaskInstance: Taxi_trip_pipeline.load_group.load_green_trip manual__2024-09-24T10:10:00.521965+00:00 [queued]>
[2024-09-24T10:10:39.831+0000] {taskinstance.py:2076} INFO - Dependencies all met for dep_context=requeueable deps ti=<TaskInstance: Taxi_trip_pipeline.load_group.load_green_trip manual__2024-09-24T10:10:00.521965+00:00 [queued]>
[2024-09-24T10:10:39.831+0000] {taskinstance.py:2306} INFO - Starting attempt 1 of 1
[2024-09-24T10:10:39.845+0000] {taskinstance.py:2330} INFO - Executing <Task(PythonOperator): load_group.load_green_trip> on 2024-09-24 10:10:00.521965+00:00
[2024-09-24T10:10:39.851+0000] {standard_task_runner.py:63} INFO - Started process 318 to run task
[2024-09-24T10:10:39.855+0000] {standard_task_runner.py:90} INFO - Running: ['***', 'tasks', 'run', 'Taxi_trip_pipeline', 'load_group.load_green_trip', 'manual__2024-09-24T10:10:00.521965+00:00', '--job-id', '109', '--raw', '--subdir', 'DAGS_FOLDER/taxi_trip.py', '--cfg-path', '/tmp/tmpx5f1bzhm']
[2024-09-24T10:10:39.857+0000] {standard_task_runner.py:91} INFO - Job 109: Subtask load_group.load_green_trip
[2024-09-24T10:10:39.901+0000] {task_command.py:426} INFO - Running <TaskInstance: Taxi_trip_pipeline.load_group.load_green_trip manual__2024-09-24T10:10:00.521965+00:00 [running]> on host 457e36aa430f
[2024-09-24T10:10:39.996+0000] {taskinstance.py:2648} INFO - Exporting env vars: AIRFLOW_CTX_DAG_OWNER='Mahmoud' AIRFLOW_CTX_DAG_ID='Taxi_trip_pipeline' AIRFLOW_CTX_TASK_ID='load_group.load_green_trip' AIRFLOW_CTX_EXECUTION_DATE='2024-09-24T10:10:00.521965+00:00' AIRFLOW_CTX_TRY_NUMBER='1' AIRFLOW_CTX_DAG_RUN_ID='manual__2024-09-24T10:10:00.521965+00:00'
[2024-09-24T10:10:39.997+0000] {taskinstance.py:430} INFO - ::endgroup::
[2024-09-24T10:10:40.014+0000] {taxi_trip.py:53} INFO - Loading green trip data started
[2024-09-24T10:10:40.014+0000] {Load_data.py:11} INFO - loading green trip .....
[2024-09-24T10:10:40.408+0000] {db_utils.py:33} INFO - Loading data into table green_trip...
[2024-09-24T10:10:40.411+0000] {db_utils.py:21} INFO - Connected to PostgreSQL database successfully
[2024-09-24T10:10:40.450+0000] {Load_data.py:35} INFO - Error loading grean_trip: column "lpep_pickup_datetime_lpep_dropoff_datetime" of relation "green_trip" does not exist
LINE 1: INSERT INTO green_trip (lpep_pickup_datetime_lpep_dropoff_da...
                                ^

[2024-09-24T10:10:40.463+0000] {taxi_trip.py:55} INFO - Loading green trip data done
[2024-09-24T10:10:40.464+0000] {python.py:237} INFO - Done. Returned value was: None
[2024-09-24T10:10:40.464+0000] {taskinstance.py:441} INFO - ::group::Post task execution logs
[2024-09-24T10:10:40.477+0000] {taskinstance.py:1206} INFO - Marking task as SUCCESS. dag_id=Taxi_trip_pipeline, task_id=load_group.load_green_trip, run_id=manual__2024-09-24T10:10:00.521965+00:00, execution_date=20240924T101000, start_date=20240924T101039, end_date=20240924T101040
[2024-09-24T10:10:40.508+0000] {local_task_job_runner.py:240} INFO - Task exited with return code 0
[2024-09-24T10:10:40.527+0000] {taskinstance.py:3498} INFO - 0 downstream tasks scheduled from follow-on schedule check
[2024-09-24T10:10:40.528+0000] {local_task_job_runner.py:222} INFO - ::endgroup::
