[2024-09-28T05:43:56.190+0000] {local_task_job_runner.py:120} INFO - ::group::Pre task execution logs
[2024-09-28T05:43:56.214+0000] {taskinstance.py:2076} INFO - Dependencies all met for dep_context=non-requeueable deps ti=<TaskInstance: Taxi_trip_pipeline.extraction_layer.extract_green_date scheduled__2024-09-27T00:00:00+00:00 [queued]>
[2024-09-28T05:43:56.223+0000] {taskinstance.py:2076} INFO - Dependencies all met for dep_context=requeueable deps ti=<TaskInstance: Taxi_trip_pipeline.extraction_layer.extract_green_date scheduled__2024-09-27T00:00:00+00:00 [queued]>
[2024-09-28T05:43:56.223+0000] {taskinstance.py:2306} INFO - Starting attempt 1 of 1
[2024-09-28T05:43:56.235+0000] {taskinstance.py:2330} INFO - Executing <Task(PythonOperator): extraction_layer.extract_green_date> on 2024-09-27 00:00:00+00:00
[2024-09-28T05:43:56.241+0000] {standard_task_runner.py:63} INFO - Started process 124 to run task
[2024-09-28T05:43:56.244+0000] {standard_task_runner.py:90} INFO - Running: ['***', 'tasks', 'run', 'Taxi_trip_pipeline', 'extraction_layer.extract_green_date', 'scheduled__2024-09-27T00:00:00+00:00', '--job-id', '222', '--raw', '--subdir', 'DAGS_FOLDER/taxi_trip.py', '--cfg-path', '/tmp/tmpy00z6bcz']
[2024-09-28T05:43:56.246+0000] {standard_task_runner.py:91} INFO - Job 222: Subtask extraction_layer.extract_green_date
[2024-09-28T05:43:56.296+0000] {task_command.py:426} INFO - Running <TaskInstance: Taxi_trip_pipeline.extraction_layer.extract_green_date scheduled__2024-09-27T00:00:00+00:00 [running]> on host d7ea763741e5
[2024-09-28T05:43:56.389+0000] {taskinstance.py:2648} INFO - Exporting env vars: AIRFLOW_CTX_DAG_OWNER='Mahmoud' AIRFLOW_CTX_DAG_ID='Taxi_trip_pipeline' AIRFLOW_CTX_TASK_ID='extraction_layer.extract_green_date' AIRFLOW_CTX_EXECUTION_DATE='2024-09-27T00:00:00+00:00' AIRFLOW_CTX_TRY_NUMBER='1' AIRFLOW_CTX_DAG_RUN_ID='scheduled__2024-09-27T00:00:00+00:00'
[2024-09-28T05:43:56.390+0000] {taskinstance.py:430} INFO - ::endgroup::
[2024-09-28T05:43:56.409+0000] {taxi_trip.py:36} INFO - Data extraction for green trip started
[2024-09-28T05:43:56.411+0000] {db_utils.py:19} ERROR - Error while connecting to PostgreSQL: (psycopg2.OperationalError) connection to server at "172.20.0.3", port 5432 failed: Connection refused
	Is the server running on that host and accepting TCP/IP connections?

(Background on this error at: https://sqlalche.me/e/14/e3q8)
[2024-09-28T05:43:56.412+0000] {taxi_trip.py:47} ERROR - Error in green trip extraction
Traceback (most recent call last):
  File "/opt/airflow/dags/taxi_trip.py", line 38, in extract_green_date
    green_trip_df, processed_files = process_green_trip(**db_credentials)
TypeError: cannot unpack non-iterable NoneType object
[2024-09-28T05:43:56.412+0000] {python.py:237} INFO - Done. Returned value was: None
[2024-09-28T05:43:56.413+0000] {taskinstance.py:441} INFO - ::group::Post task execution logs
[2024-09-28T05:43:56.424+0000] {taskinstance.py:1206} INFO - Marking task as SUCCESS. dag_id=Taxi_trip_pipeline, task_id=extraction_layer.extract_green_date, run_id=scheduled__2024-09-27T00:00:00+00:00, execution_date=20240927T000000, start_date=20240928T054356, end_date=20240928T054356
[2024-09-28T05:43:56.456+0000] {local_task_job_runner.py:240} INFO - Task exited with return code 0
[2024-09-28T05:43:56.481+0000] {taskinstance.py:3498} INFO - 2 downstream tasks scheduled from follow-on schedule check
[2024-09-28T05:43:56.483+0000] {local_task_job_runner.py:222} INFO - ::endgroup::
