[2024-09-20T13:08:00.829+0000] {local_task_job_runner.py:123} INFO - ::group::Pre task execution logs
[2024-09-20T13:08:01.011+0000] {taskinstance.py:2612} INFO - Dependencies all met for dep_context=non-requeueable deps ti=<TaskInstance: NYC_Taxi_pipeline.extract_data manual__2024-09-20T13:07:59.496914+00:00 [queued]>
[2024-09-20T13:08:01.019+0000] {taskinstance.py:2612} INFO - Dependencies all met for dep_context=requeueable deps ti=<TaskInstance: NYC_Taxi_pipeline.extract_data manual__2024-09-20T13:07:59.496914+00:00 [queued]>
[2024-09-20T13:08:01.020+0000] {taskinstance.py:2865} INFO - Starting attempt 1 of 1
[2024-09-20T13:08:01.030+0000] {taskinstance.py:2888} INFO - Executing <Task(PythonOperator): extract_data> on 2024-09-20 13:07:59.496914+00:00
[2024-09-20T13:08:01.037+0000] {warnings.py:112} WARNING - /home/***/.local/lib/python3.12/site-packages/***/task/task_runner/standard_task_runner.py:70: DeprecationWarning: This process (pid=136) is multi-threaded, use of fork() may lead to deadlocks in the child.
  pid = os.fork()

[2024-09-20T13:08:01.038+0000] {standard_task_runner.py:72} INFO - Started process 138 to run task
[2024-09-20T13:08:01.039+0000] {standard_task_runner.py:104} INFO - Running: ['***', 'tasks', 'run', 'NYC_Taxi_pipeline', 'extract_data', 'manual__2024-09-20T13:07:59.496914+00:00', '--job-id', '254', '--raw', '--subdir', 'DAGS_FOLDER/NYC_Taxi_pipeline.py', '--cfg-path', '/tmp/tmpd35me8_9']
[2024-09-20T13:08:01.041+0000] {standard_task_runner.py:105} INFO - Job 254: Subtask extract_data
[2024-09-20T13:08:01.078+0000] {task_command.py:467} INFO - Running <TaskInstance: NYC_Taxi_pipeline.extract_data manual__2024-09-20T13:07:59.496914+00:00 [running]> on host 299ec99d9d69
[2024-09-20T13:08:01.157+0000] {taskinstance.py:3131} INFO - Exporting env vars: AIRFLOW_CTX_DAG_OWNER='Mahmoud' AIRFLOW_CTX_DAG_ID='NYC_Taxi_pipeline' AIRFLOW_CTX_TASK_ID='extract_data' AIRFLOW_CTX_EXECUTION_DATE='2024-09-20T13:07:59.496914+00:00' AIRFLOW_CTX_TRY_NUMBER='1' AIRFLOW_CTX_DAG_RUN_ID='manual__2024-09-20T13:07:59.496914+00:00'
[2024-09-20T13:08:01.158+0000] {taskinstance.py:731} INFO - ::endgroup::
[2024-09-20T13:08:01.171+0000] {NYC_Taxi_pipeline.py:34} INFO - Data extraction started
[2024-09-20T13:08:01.171+0000] {data_process.py:9} INFO - Loading Parquet files from the folder...
[2024-09-20T13:08:01.172+0000] {data_process.py:11} INFO - Found Parquet files: []
[2024-09-20T13:08:01.172+0000] {data_process.py:24} ERROR - Error while extracting trip data
Traceback (most recent call last):
  File "/opt/airflow/dags/scripts/data_process.py", line 17, in process_trip
    trip_df = pd.concat(dataframes,ignore_index=True)
              ^^^^^^^^^^^^^^^^^^^^^^^^^^^^^^^^^^^^^^^
  File "/home/airflow/.local/lib/python3.12/site-packages/pandas/core/reshape/concat.py", line 380, in concat
    op = _Concatenator(
         ^^^^^^^^^^^^^^
  File "/home/airflow/.local/lib/python3.12/site-packages/pandas/core/reshape/concat.py", line 443, in __init__
    objs, keys = self._clean_keys_and_objs(objs, keys)
                 ^^^^^^^^^^^^^^^^^^^^^^^^^^^^^^^^^^^^^
  File "/home/airflow/.local/lib/python3.12/site-packages/pandas/core/reshape/concat.py", line 505, in _clean_keys_and_objs
    raise ValueError("No objects to concatenate")
ValueError: No objects to concatenate
[2024-09-20T13:08:01.173+0000] {NYC_Taxi_pipeline.py:36} INFO - Data extraction done, DataFrame saved to CSV 
[2024-09-20T13:08:01.174+0000] {python.py:240} INFO - Done. Returned value was: None
[2024-09-20T13:08:01.183+0000] {taskinstance.py:340} INFO - ::group::Post task execution logs
[2024-09-20T13:08:01.183+0000] {taskinstance.py:352} INFO - Marking task as SUCCESS. dag_id=NYC_Taxi_pipeline, task_id=extract_data, run_id=manual__2024-09-20T13:07:59.496914+00:00, execution_date=20240920T130759, start_date=20240920T130801, end_date=20240920T130801
[2024-09-20T13:08:01.212+0000] {local_task_job_runner.py:266} INFO - Task exited with return code 0
[2024-09-20T13:08:01.236+0000] {taskinstance.py:3900} INFO - 1 downstream tasks scheduled from follow-on schedule check
[2024-09-20T13:08:01.238+0000] {local_task_job_runner.py:245} INFO - ::endgroup::
