[2024-10-12T08:30:21.915+0000] {local_task_job_runner.py:120} INFO - ::group::Pre task execution logs
[2024-10-12T08:30:21.939+0000] {taskinstance.py:2076} INFO - Dependencies all met for dep_context=non-requeueable deps ti=<TaskInstance: Taxi_trip_pipeline.dbt_run_model_fact_trip scheduled__2024-10-12T08:15:00+00:00 [queued]>
[2024-10-12T08:30:21.950+0000] {taskinstance.py:2076} INFO - Dependencies all met for dep_context=requeueable deps ti=<TaskInstance: Taxi_trip_pipeline.dbt_run_model_fact_trip scheduled__2024-10-12T08:15:00+00:00 [queued]>
[2024-10-12T08:30:21.951+0000] {taskinstance.py:2306} INFO - Starting attempt 1 of 1
[2024-10-12T08:30:21.965+0000] {taskinstance.py:2330} INFO - Executing <Task(BashOperator): dbt_run_model_fact_trip> on 2024-10-12 08:15:00+00:00
[2024-10-12T08:30:21.972+0000] {standard_task_runner.py:63} INFO - Started process 445 to run task
[2024-10-12T08:30:21.975+0000] {standard_task_runner.py:90} INFO - Running: ['***', 'tasks', 'run', 'Taxi_trip_pipeline', 'dbt_run_model_fact_trip', 'scheduled__2024-10-12T08:15:00+00:00', '--job-id', '466', '--raw', '--subdir', 'DAGS_FOLDER/taxi_trip.py', '--cfg-path', '/tmp/tmpzcnkqmix']
[2024-10-12T08:30:21.977+0000] {standard_task_runner.py:91} INFO - Job 466: Subtask dbt_run_model_fact_trip
[2024-10-12T08:30:22.022+0000] {task_command.py:426} INFO - Running <TaskInstance: Taxi_trip_pipeline.dbt_run_model_fact_trip scheduled__2024-10-12T08:15:00+00:00 [running]> on host 54f793ecdf1a
[2024-10-12T08:30:22.105+0000] {taskinstance.py:2648} INFO - Exporting env vars: AIRFLOW_CTX_DAG_OWNER='Mahmoud' AIRFLOW_CTX_DAG_ID='Taxi_trip_pipeline' AIRFLOW_CTX_TASK_ID='dbt_run_model_fact_trip' AIRFLOW_CTX_EXECUTION_DATE='2024-10-12T08:15:00+00:00' AIRFLOW_CTX_TRY_NUMBER='1' AIRFLOW_CTX_DAG_RUN_ID='scheduled__2024-10-12T08:15:00+00:00'
[2024-10-12T08:30:22.106+0000] {taskinstance.py:430} INFO - ::endgroup::
[2024-10-12T08:30:22.118+0000] {subprocess.py:63} INFO - Tmp dir root location: /tmp
[2024-10-12T08:30:22.119+0000] {subprocess.py:75} INFO - Running command: ['/usr/bin/bash', '-c', 'dbt run --profiles-dir /opt/***/DBT_Project  --project-dir /opt/***/dbt_trip --models Fact_trips']
[2024-10-12T08:30:22.133+0000] {subprocess.py:86} INFO - Output:
[2024-10-12T08:30:24.668+0000] {subprocess.py:93} INFO - [0m08:30:24  Running with dbt=1.8.0
[2024-10-12T08:30:25.065+0000] {subprocess.py:93} INFO - [0m08:30:25  Registered adapter: postgres=1.8.0
[2024-10-12T08:30:25.540+0000] {subprocess.py:93} INFO - [0m08:30:25  [[33mWARNING[0m]: Configuration paths exist in your dbt_project.yml file which do not apply to any resources.
[2024-10-12T08:30:25.541+0000] {subprocess.py:93} INFO - There are 2 unused configuration paths:
[2024-10-12T08:30:25.541+0000] {subprocess.py:93} INFO - - models.fact_trip.staging
[2024-10-12T08:30:25.541+0000] {subprocess.py:93} INFO - - models.fact_trip.Dimensions
[2024-10-12T08:30:25.803+0000] {subprocess.py:93} INFO - [0m08:30:25  Found 4 models, 6 data tests, 3 sources, 566 macros
[2024-10-12T08:30:25.806+0000] {subprocess.py:93} INFO - [0m08:30:25
[2024-10-12T08:30:25.961+0000] {subprocess.py:93} INFO - [0m08:30:25  Concurrency: 3 threads (target='dev')
[2024-10-12T08:30:25.961+0000] {subprocess.py:93} INFO - [0m08:30:25
[2024-10-12T08:30:25.974+0000] {subprocess.py:93} INFO - [0m08:30:25  1 of 1 START sql view model analysis.Fact_trips ................................ [RUN]
[2024-10-12T08:30:26.122+0000] {subprocess.py:93} INFO - [0m08:30:26  1 of 1 OK created sql view model analysis.Fact_trips ........................... [[32mCREATE VIEW[0m in 0.14s]
[2024-10-12T08:30:26.135+0000] {subprocess.py:93} INFO - [0m08:30:26
[2024-10-12T08:30:26.135+0000] {subprocess.py:93} INFO - [0m08:30:26  Finished running 1 view model in 0 hours 0 minutes and 0.33 seconds (0.33s).
[2024-10-12T08:30:26.193+0000] {subprocess.py:93} INFO - [0m08:30:26
[2024-10-12T08:30:26.194+0000] {subprocess.py:93} INFO - [0m08:30:26  [32mCompleted successfully[0m
[2024-10-12T08:30:26.195+0000] {subprocess.py:93} INFO - [0m08:30:26
[2024-10-12T08:30:26.195+0000] {subprocess.py:93} INFO - [0m08:30:26  Done. PASS=1 WARN=0 ERROR=0 SKIP=0 TOTAL=1
[2024-10-12T08:30:27.240+0000] {subprocess.py:97} INFO - Command exited with return code 0
[2024-10-12T08:30:27.241+0000] {taskinstance.py:441} INFO - ::group::Post task execution logs
[2024-10-12T08:30:27.272+0000] {taskinstance.py:1206} INFO - Marking task as SUCCESS. dag_id=Taxi_trip_pipeline, task_id=dbt_run_model_fact_trip, run_id=scheduled__2024-10-12T08:15:00+00:00, execution_date=20241012T081500, start_date=20241012T083021, end_date=20241012T083027
[2024-10-12T08:30:27.329+0000] {local_task_job_runner.py:240} INFO - Task exited with return code 0
[2024-10-12T08:30:27.350+0000] {taskinstance.py:3498} INFO - 0 downstream tasks scheduled from follow-on schedule check
[2024-10-12T08:30:27.352+0000] {local_task_job_runner.py:222} INFO - ::endgroup::
