[2024-10-12T08:33:14.394+0000] {local_task_job_runner.py:120} INFO - ::group::Pre task execution logs
[2024-10-12T08:33:14.420+0000] {taskinstance.py:2076} INFO - Dependencies all met for dep_context=non-requeueable deps ti=<TaskInstance: Taxi_trip_pipeline.dbt_run_model_fact_trip scheduled__2024-10-12T08:15:00+00:00 [queued]>
[2024-10-12T08:33:14.433+0000] {taskinstance.py:2076} INFO - Dependencies all met for dep_context=requeueable deps ti=<TaskInstance: Taxi_trip_pipeline.dbt_run_model_fact_trip scheduled__2024-10-12T08:15:00+00:00 [queued]>
[2024-10-12T08:33:14.433+0000] {taskinstance.py:2306} INFO - Starting attempt 2 of 2
[2024-10-12T08:33:14.447+0000] {taskinstance.py:2330} INFO - Executing <Task(BashOperator): dbt_run_model_fact_trip> on 2024-10-12 08:15:00+00:00
[2024-10-12T08:33:14.455+0000] {standard_task_runner.py:63} INFO - Started process 95 to run task
[2024-10-12T08:33:14.457+0000] {standard_task_runner.py:90} INFO - Running: ['***', 'tasks', 'run', 'Taxi_trip_pipeline', 'dbt_run_model_fact_trip', 'scheduled__2024-10-12T08:15:00+00:00', '--job-id', '472', '--raw', '--subdir', 'DAGS_FOLDER/taxi_trip.py', '--cfg-path', '/tmp/tmpvkzev5yj']
[2024-10-12T08:33:14.460+0000] {standard_task_runner.py:91} INFO - Job 472: Subtask dbt_run_model_fact_trip
[2024-10-12T08:33:14.513+0000] {task_command.py:426} INFO - Running <TaskInstance: Taxi_trip_pipeline.dbt_run_model_fact_trip scheduled__2024-10-12T08:15:00+00:00 [running]> on host fd913b953c2b
[2024-10-12T08:33:14.621+0000] {taskinstance.py:2648} INFO - Exporting env vars: AIRFLOW_CTX_DAG_OWNER='Mahmoud' AIRFLOW_CTX_DAG_ID='Taxi_trip_pipeline' AIRFLOW_CTX_TASK_ID='dbt_run_model_fact_trip' AIRFLOW_CTX_EXECUTION_DATE='2024-10-12T08:15:00+00:00' AIRFLOW_CTX_TRY_NUMBER='2' AIRFLOW_CTX_DAG_RUN_ID='scheduled__2024-10-12T08:15:00+00:00'
[2024-10-12T08:33:14.622+0000] {taskinstance.py:430} INFO - ::endgroup::
[2024-10-12T08:33:14.635+0000] {subprocess.py:63} INFO - Tmp dir root location: /tmp
[2024-10-12T08:33:14.636+0000] {subprocess.py:75} INFO - Running command: ['/usr/bin/bash', '-c', 'dbt run --profiles-dir /opt/***/DBT_Project  --project-dir /opt/***/dbt_trip --models Fact_trips']
[2024-10-12T08:33:14.653+0000] {subprocess.py:86} INFO - Output:
[2024-10-12T08:33:17.350+0000] {subprocess.py:93} INFO - [0m08:33:17  Running with dbt=1.8.0
[2024-10-12T08:33:17.832+0000] {subprocess.py:93} INFO - [0m08:33:17  Registered adapter: postgres=1.8.0
[2024-10-12T08:33:18.176+0000] {subprocess.py:93} INFO - [0m08:33:18  [[33mWARNING[0m]: Configuration paths exist in your dbt_project.yml file which do not apply to any resources.
[2024-10-12T08:33:18.177+0000] {subprocess.py:93} INFO - There are 2 unused configuration paths:
[2024-10-12T08:33:18.177+0000] {subprocess.py:93} INFO - - models.fact_trip.Dimensions
[2024-10-12T08:33:18.177+0000] {subprocess.py:93} INFO - - models.fact_trip.staging
[2024-10-12T08:33:18.461+0000] {subprocess.py:93} INFO - [0m08:33:18  Found 4 models, 6 data tests, 3 sources, 566 macros
[2024-10-12T08:33:18.465+0000] {subprocess.py:93} INFO - [0m08:33:18
[2024-10-12T08:33:18.623+0000] {subprocess.py:93} INFO - [0m08:33:18  Concurrency: 3 threads (target='dev')
[2024-10-12T08:33:18.624+0000] {subprocess.py:93} INFO - [0m08:33:18
[2024-10-12T08:33:18.643+0000] {subprocess.py:93} INFO - [0m08:33:18  1 of 1 START sql view model analysis.Fact_trips ................................ [RUN]
[2024-10-12T08:33:18.848+0000] {subprocess.py:93} INFO - [0m08:33:18  1 of 1 OK created sql view model analysis.Fact_trips ........................... [[32mCREATE VIEW[0m in 0.20s]
[2024-10-12T08:33:18.890+0000] {subprocess.py:93} INFO - [0m08:33:18
[2024-10-12T08:33:18.892+0000] {subprocess.py:93} INFO - [0m08:33:18  Finished running 1 view model in 0 hours 0 minutes and 0.42 seconds (0.42s).
[2024-10-12T08:33:19.053+0000] {subprocess.py:93} INFO - [0m08:33:19
[2024-10-12T08:33:19.056+0000] {subprocess.py:93} INFO - [0m08:33:19  [32mCompleted successfully[0m
[2024-10-12T08:33:19.057+0000] {subprocess.py:93} INFO - [0m08:33:19
[2024-10-12T08:33:19.065+0000] {subprocess.py:93} INFO - [0m08:33:19  Done. PASS=1 WARN=0 ERROR=0 SKIP=0 TOTAL=1
[2024-10-12T08:33:20.135+0000] {subprocess.py:97} INFO - Command exited with return code 0
[2024-10-12T08:33:20.136+0000] {taskinstance.py:441} INFO - ::group::Post task execution logs
[2024-10-12T08:33:20.169+0000] {taskinstance.py:1206} INFO - Marking task as SUCCESS. dag_id=Taxi_trip_pipeline, task_id=dbt_run_model_fact_trip, run_id=scheduled__2024-10-12T08:15:00+00:00, execution_date=20241012T081500, start_date=20241012T083314, end_date=20241012T083320
[2024-10-12T08:33:20.215+0000] {local_task_job_runner.py:240} INFO - Task exited with return code 0
[2024-10-12T08:33:20.240+0000] {taskinstance.py:3498} INFO - 0 downstream tasks scheduled from follow-on schedule check
[2024-10-12T08:33:20.242+0000] {local_task_job_runner.py:222} INFO - ::endgroup::
