[2024-09-21T18:14:35.210+0000] {local_task_job_runner.py:120} INFO - ::group::Pre task execution logs
[2024-09-21T18:14:35.233+0000] {taskinstance.py:2076} INFO - Dependencies all met for dep_context=non-requeueable deps ti=<TaskInstance: Taxi_trip_pipeline.load_group.load_yellow_trip manual__2024-09-21T18:12:30.879273+00:00 [queued]>
[2024-09-21T18:14:35.242+0000] {taskinstance.py:2076} INFO - Dependencies all met for dep_context=requeueable deps ti=<TaskInstance: Taxi_trip_pipeline.load_group.load_yellow_trip manual__2024-09-21T18:12:30.879273+00:00 [queued]>
[2024-09-21T18:14:35.242+0000] {taskinstance.py:2306} INFO - Starting attempt 2 of 2
[2024-09-21T18:14:35.261+0000] {taskinstance.py:2330} INFO - Executing <Task(PythonOperator): load_group.load_yellow_trip> on 2024-09-21 18:12:30.879273+00:00
[2024-09-21T18:14:35.269+0000] {standard_task_runner.py:63} INFO - Started process 149 to run task
[2024-09-21T18:14:35.272+0000] {standard_task_runner.py:90} INFO - Running: ['***', 'tasks', 'run', 'Taxi_trip_pipeline', 'load_group.load_yellow_trip', 'manual__2024-09-21T18:12:30.879273+00:00', '--job-id', '61', '--raw', '--subdir', 'DAGS_FOLDER/taxi_trip.py', '--cfg-path', '/tmp/tmp3dr1ris3']
[2024-09-21T18:14:35.276+0000] {standard_task_runner.py:91} INFO - Job 61: Subtask load_group.load_yellow_trip
[2024-09-21T18:14:35.320+0000] {task_command.py:426} INFO - Running <TaskInstance: Taxi_trip_pipeline.load_group.load_yellow_trip manual__2024-09-21T18:12:30.879273+00:00 [running]> on host 5a2e5a872eaa
[2024-09-21T18:14:35.423+0000] {taskinstance.py:2648} INFO - Exporting env vars: AIRFLOW_CTX_DAG_OWNER='Mahmoud' AIRFLOW_CTX_DAG_ID='Taxi_trip_pipeline' AIRFLOW_CTX_TASK_ID='load_group.load_yellow_trip' AIRFLOW_CTX_EXECUTION_DATE='2024-09-21T18:12:30.879273+00:00' AIRFLOW_CTX_TRY_NUMBER='2' AIRFLOW_CTX_DAG_RUN_ID='manual__2024-09-21T18:12:30.879273+00:00'
[2024-09-21T18:14:35.425+0000] {taskinstance.py:430} INFO - ::endgroup::
[2024-09-21T18:14:35.436+0000] {taxi_trip.py:62} INFO - Loading yellow trip data started
[2024-09-21T18:14:35.437+0000] {Load_data.py:39} INFO - Loading Yellow Trip data...
[2024-09-21T18:14:35.437+0000] {Load_data.py:69} ERROR - Error loading yellow_trip: read_csv() got an unexpected keyword argument 'date_format'
[2024-09-21T18:14:35.437+0000] {taxi_trip.py:64} INFO - Loading yellow trip data done
[2024-09-21T18:14:35.437+0000] {python.py:237} INFO - Done. Returned value was: None
[2024-09-21T18:14:35.438+0000] {taskinstance.py:441} INFO - ::group::Post task execution logs
[2024-09-21T18:14:35.447+0000] {taskinstance.py:1206} INFO - Marking task as SUCCESS. dag_id=Taxi_trip_pipeline, task_id=load_group.load_yellow_trip, run_id=manual__2024-09-21T18:12:30.879273+00:00, execution_date=20240921T181230, start_date=20240921T181435, end_date=20240921T181435
[2024-09-21T18:14:35.483+0000] {local_task_job_runner.py:240} INFO - Task exited with return code 0
[2024-09-21T18:14:35.496+0000] {local_task_job_runner.py:222} INFO - ::endgroup::
