[2024-10-12T13:15:09.604+0000] {local_task_job_runner.py:120} INFO - ::group::Pre task execution logs
[2024-10-12T13:15:09.630+0000] {taskinstance.py:2076} INFO - Dependencies all met for dep_context=non-requeueable deps ti=<TaskInstance: Taxi_trip_pipeline.dbt_transformation_layer.dbt_run_model_zone_lookup scheduled__2024-10-12T13:00:00+00:00 [queued]>
[2024-10-12T13:15:09.643+0000] {taskinstance.py:2076} INFO - Dependencies all met for dep_context=requeueable deps ti=<TaskInstance: Taxi_trip_pipeline.dbt_transformation_layer.dbt_run_model_zone_lookup scheduled__2024-10-12T13:00:00+00:00 [queued]>
[2024-10-12T13:15:09.644+0000] {taskinstance.py:2306} INFO - Starting attempt 1 of 1
[2024-10-12T13:15:09.659+0000] {taskinstance.py:2330} INFO - Executing <Task(BashOperator): dbt_transformation_layer.dbt_run_model_zone_lookup> on 2024-10-12 13:00:00+00:00
[2024-10-12T13:15:09.668+0000] {standard_task_runner.py:63} INFO - Started process 470 to run task
[2024-10-12T13:15:09.671+0000] {standard_task_runner.py:90} INFO - Running: ['***', 'tasks', 'run', 'Taxi_trip_pipeline', 'dbt_transformation_layer.dbt_run_model_zone_lookup', 'scheduled__2024-10-12T13:00:00+00:00', '--job-id', '49', '--raw', '--subdir', 'DAGS_FOLDER/taxi_trip.py', '--cfg-path', '/tmp/tmp1svuxg6a']
[2024-10-12T13:15:09.673+0000] {standard_task_runner.py:91} INFO - Job 49: Subtask dbt_transformation_layer.dbt_run_model_zone_lookup
[2024-10-12T13:15:09.731+0000] {task_command.py:426} INFO - Running <TaskInstance: Taxi_trip_pipeline.dbt_transformation_layer.dbt_run_model_zone_lookup scheduled__2024-10-12T13:00:00+00:00 [running]> on host ebdcf85807fc
[2024-10-12T13:15:09.842+0000] {taskinstance.py:2648} INFO - Exporting env vars: AIRFLOW_CTX_DAG_OWNER='Mahmoud' AIRFLOW_CTX_DAG_ID='Taxi_trip_pipeline' AIRFLOW_CTX_TASK_ID='dbt_transformation_layer.dbt_run_model_zone_lookup' AIRFLOW_CTX_EXECUTION_DATE='2024-10-12T13:00:00+00:00' AIRFLOW_CTX_TRY_NUMBER='1' AIRFLOW_CTX_DAG_RUN_ID='scheduled__2024-10-12T13:00:00+00:00'
[2024-10-12T13:15:09.843+0000] {taskinstance.py:430} INFO - ::endgroup::
[2024-10-12T13:15:09.866+0000] {subprocess.py:63} INFO - Tmp dir root location: /tmp
[2024-10-12T13:15:09.867+0000] {subprocess.py:75} INFO - Running command: ['/usr/bin/bash', '-c', 'dbt run --profiles-dir /opt/***/DBT_Project  --project-dir /opt/***/dbt_trip --models zone_lookup']
[2024-10-12T13:15:09.887+0000] {subprocess.py:86} INFO - Output:
[2024-10-12T13:15:12.279+0000] {subprocess.py:93} INFO - [0m13:15:12  Running with dbt=1.8.0
[2024-10-12T13:15:12.674+0000] {subprocess.py:93} INFO - [0m13:15:12  Registered adapter: postgres=1.8.0
[2024-10-12T13:15:12.981+0000] {subprocess.py:93} INFO - [0m13:15:12  [[33mWARNING[0m]: Configuration paths exist in your dbt_project.yml file which do not apply to any resources.
[2024-10-12T13:15:12.982+0000] {subprocess.py:93} INFO - There are 2 unused configuration paths:
[2024-10-12T13:15:12.982+0000] {subprocess.py:93} INFO - - models.fact_trip.Dimensions
[2024-10-12T13:15:12.982+0000] {subprocess.py:93} INFO - - models.fact_trip.staging
[2024-10-12T13:15:13.363+0000] {subprocess.py:93} INFO - [0m13:15:13  Found 4 models, 6 data tests, 3 sources, 566 macros
[2024-10-12T13:15:13.366+0000] {subprocess.py:93} INFO - [0m13:15:13
[2024-10-12T13:15:13.541+0000] {subprocess.py:93} INFO - [0m13:15:13  Concurrency: 3 threads (target='dev')
[2024-10-12T13:15:13.543+0000] {subprocess.py:93} INFO - [0m13:15:13
[2024-10-12T13:15:13.548+0000] {subprocess.py:93} INFO - [0m13:15:13  1 of 1 START sql view model analysis.zone_lookup ............................... [RUN]
[2024-10-12T13:15:13.760+0000] {subprocess.py:93} INFO - [0m13:15:13  1 of 1 OK created sql view model analysis.zone_lookup .......................... [[32mCREATE VIEW[0m in 0.20s]
[2024-10-12T13:15:13.779+0000] {subprocess.py:93} INFO - [0m13:15:13
[2024-10-12T13:15:13.780+0000] {subprocess.py:93} INFO - [0m13:15:13  Finished running 1 view model in 0 hours 0 minutes and 0.41 seconds (0.41s).
[2024-10-12T13:15:13.862+0000] {subprocess.py:93} INFO - [0m13:15:13
[2024-10-12T13:15:13.863+0000] {subprocess.py:93} INFO - [0m13:15:13  [32mCompleted successfully[0m
[2024-10-12T13:15:13.864+0000] {subprocess.py:93} INFO - [0m13:15:13
[2024-10-12T13:15:13.865+0000] {subprocess.py:93} INFO - [0m13:15:13  Done. PASS=1 WARN=0 ERROR=0 SKIP=0 TOTAL=1
[2024-10-12T13:15:15.296+0000] {subprocess.py:97} INFO - Command exited with return code 0
[2024-10-12T13:15:15.298+0000] {taskinstance.py:441} INFO - ::group::Post task execution logs
[2024-10-12T13:15:15.340+0000] {taskinstance.py:1206} INFO - Marking task as SUCCESS. dag_id=Taxi_trip_pipeline, task_id=dbt_transformation_layer.dbt_run_model_zone_lookup, run_id=scheduled__2024-10-12T13:00:00+00:00, execution_date=20241012T130000, start_date=20241012T131509, end_date=20241012T131515
[2024-10-12T13:15:15.379+0000] {local_task_job_runner.py:240} INFO - Task exited with return code 0
[2024-10-12T13:15:15.406+0000] {taskinstance.py:3498} INFO - 0 downstream tasks scheduled from follow-on schedule check
[2024-10-12T13:15:15.408+0000] {local_task_job_runner.py:222} INFO - ::endgroup::
