[2024-10-12T13:12:29.372+0000] {local_task_job_runner.py:120} INFO - ::group::Pre task execution logs
[2024-10-12T13:12:29.395+0000] {taskinstance.py:2076} INFO - Dependencies all met for dep_context=non-requeueable deps ti=<TaskInstance: Taxi_trip_pipeline.dbt_transformation_layer.dbt_run_model_green_trip manual__2024-10-12T13:03:08.986267+00:00 [queued]>
[2024-10-12T13:12:29.407+0000] {taskinstance.py:2076} INFO - Dependencies all met for dep_context=requeueable deps ti=<TaskInstance: Taxi_trip_pipeline.dbt_transformation_layer.dbt_run_model_green_trip manual__2024-10-12T13:03:08.986267+00:00 [queued]>
[2024-10-12T13:12:29.408+0000] {taskinstance.py:2306} INFO - Starting attempt 2 of 2
[2024-10-12T13:12:29.421+0000] {taskinstance.py:2330} INFO - Executing <Task(BashOperator): dbt_transformation_layer.dbt_run_model_green_trip> on 2024-10-12 13:03:08.986267+00:00
[2024-10-12T13:12:29.429+0000] {standard_task_runner.py:63} INFO - Started process 266 to run task
[2024-10-12T13:12:29.432+0000] {standard_task_runner.py:90} INFO - Running: ['***', 'tasks', 'run', 'Taxi_trip_pipeline', 'dbt_transformation_layer.dbt_run_model_green_trip', 'manual__2024-10-12T13:03:08.986267+00:00', '--job-id', '22', '--raw', '--subdir', 'DAGS_FOLDER/taxi_trip.py', '--cfg-path', '/tmp/tmp2nq7lxjw']
[2024-10-12T13:12:29.434+0000] {standard_task_runner.py:91} INFO - Job 22: Subtask dbt_transformation_layer.dbt_run_model_green_trip
[2024-10-12T13:12:29.485+0000] {task_command.py:426} INFO - Running <TaskInstance: Taxi_trip_pipeline.dbt_transformation_layer.dbt_run_model_green_trip manual__2024-10-12T13:03:08.986267+00:00 [running]> on host ebdcf85807fc
[2024-10-12T13:12:29.572+0000] {taskinstance.py:2648} INFO - Exporting env vars: AIRFLOW_CTX_DAG_OWNER='Mahmoud' AIRFLOW_CTX_DAG_ID='Taxi_trip_pipeline' AIRFLOW_CTX_TASK_ID='dbt_transformation_layer.dbt_run_model_green_trip' AIRFLOW_CTX_EXECUTION_DATE='2024-10-12T13:03:08.986267+00:00' AIRFLOW_CTX_TRY_NUMBER='2' AIRFLOW_CTX_DAG_RUN_ID='manual__2024-10-12T13:03:08.986267+00:00'
[2024-10-12T13:12:29.573+0000] {taskinstance.py:430} INFO - ::endgroup::
[2024-10-12T13:12:29.589+0000] {subprocess.py:63} INFO - Tmp dir root location: /tmp
[2024-10-12T13:12:29.590+0000] {subprocess.py:75} INFO - Running command: ['/usr/bin/bash', '-c', 'dbt run --profiles-dir /opt/***/DBT_Project  --project-dir /opt/***/dbt_trip --models green_trip']
[2024-10-12T13:12:29.609+0000] {subprocess.py:86} INFO - Output:
[2024-10-12T13:12:32.277+0000] {subprocess.py:93} INFO - [0m13:12:32  Running with dbt=1.8.0
[2024-10-12T13:12:32.623+0000] {subprocess.py:93} INFO - [0m13:12:32  Registered adapter: postgres=1.8.0
[2024-10-12T13:12:32.880+0000] {subprocess.py:93} INFO - [0m13:12:32  [[33mWARNING[0m]: Configuration paths exist in your dbt_project.yml file which do not apply to any resources.
[2024-10-12T13:12:32.880+0000] {subprocess.py:93} INFO - There are 2 unused configuration paths:
[2024-10-12T13:12:32.881+0000] {subprocess.py:93} INFO - - models.fact_trip.staging
[2024-10-12T13:12:32.881+0000] {subprocess.py:93} INFO - - models.fact_trip.Dimensions
[2024-10-12T13:12:33.192+0000] {subprocess.py:93} INFO - [0m13:12:33  Found 4 models, 6 data tests, 3 sources, 566 macros
[2024-10-12T13:12:33.195+0000] {subprocess.py:93} INFO - [0m13:12:33
[2024-10-12T13:12:33.348+0000] {subprocess.py:93} INFO - [0m13:12:33  Concurrency: 3 threads (target='dev')
[2024-10-12T13:12:33.349+0000] {subprocess.py:93} INFO - [0m13:12:33
[2024-10-12T13:12:33.355+0000] {subprocess.py:93} INFO - [0m13:12:33  1 of 1 START sql view model analysis.green_trip ................................ [RUN]
[2024-10-12T13:12:33.520+0000] {subprocess.py:93} INFO - [0m13:12:33  1 of 1 OK created sql view model analysis.green_trip ........................... [[32mCREATE VIEW[0m in 0.16s]
[2024-10-12T13:12:33.533+0000] {subprocess.py:93} INFO - [0m13:12:33
[2024-10-12T13:12:33.534+0000] {subprocess.py:93} INFO - [0m13:12:33  Finished running 1 view model in 0 hours 0 minutes and 0.34 seconds (0.34s).
[2024-10-12T13:12:33.591+0000] {subprocess.py:93} INFO - [0m13:12:33
[2024-10-12T13:12:33.592+0000] {subprocess.py:93} INFO - [0m13:12:33  [32mCompleted successfully[0m
[2024-10-12T13:12:33.592+0000] {subprocess.py:93} INFO - [0m13:12:33
[2024-10-12T13:12:33.593+0000] {subprocess.py:93} INFO - [0m13:12:33  Done. PASS=1 WARN=0 ERROR=0 SKIP=0 TOTAL=1
[2024-10-12T13:12:39.533+0000] {subprocess.py:97} INFO - Command exited with return code 0
[2024-10-12T13:12:39.533+0000] {taskinstance.py:441} INFO - ::group::Post task execution logs
[2024-10-12T13:12:39.559+0000] {taskinstance.py:1206} INFO - Marking task as SUCCESS. dag_id=Taxi_trip_pipeline, task_id=dbt_transformation_layer.dbt_run_model_green_trip, run_id=manual__2024-10-12T13:03:08.986267+00:00, execution_date=20241012T130308, start_date=20241012T131229, end_date=20241012T131239
[2024-10-12T13:12:39.588+0000] {local_task_job_runner.py:240} INFO - Task exited with return code 0
[2024-10-12T13:12:39.609+0000] {taskinstance.py:3498} INFO - 1 downstream tasks scheduled from follow-on schedule check
[2024-10-12T13:12:39.610+0000] {local_task_job_runner.py:222} INFO - ::endgroup::
