[2024-10-12T13:03:58.405+0000] {local_task_job_runner.py:120} INFO - ::group::Pre task execution logs
[2024-10-12T13:03:58.434+0000] {taskinstance.py:2076} INFO - Dependencies all met for dep_context=non-requeueable deps ti=<TaskInstance: Taxi_trip_pipeline.dbt_transformation_layer.dbt_run_model_green_trip manual__2024-10-12T13:03:08.986267+00:00 [queued]>
[2024-10-12T13:03:58.444+0000] {taskinstance.py:2076} INFO - Dependencies all met for dep_context=requeueable deps ti=<TaskInstance: Taxi_trip_pipeline.dbt_transformation_layer.dbt_run_model_green_trip manual__2024-10-12T13:03:08.986267+00:00 [queued]>
[2024-10-12T13:03:58.445+0000] {taskinstance.py:2306} INFO - Starting attempt 1 of 1
[2024-10-12T13:03:58.464+0000] {taskinstance.py:2330} INFO - Executing <Task(BashOperator): dbt_transformation_layer.dbt_run_model_green_trip> on 2024-10-12 13:03:08.986267+00:00
[2024-10-12T13:03:58.474+0000] {standard_task_runner.py:63} INFO - Started process 157 to run task
[2024-10-12T13:03:58.477+0000] {standard_task_runner.py:90} INFO - Running: ['***', 'tasks', 'run', 'Taxi_trip_pipeline', 'dbt_transformation_layer.dbt_run_model_green_trip', 'manual__2024-10-12T13:03:08.986267+00:00', '--job-id', '13', '--raw', '--subdir', 'DAGS_FOLDER/taxi_trip.py', '--cfg-path', '/tmp/tmp8nb58ra5']
[2024-10-12T13:03:58.480+0000] {standard_task_runner.py:91} INFO - Job 13: Subtask dbt_transformation_layer.dbt_run_model_green_trip
[2024-10-12T13:03:58.537+0000] {task_command.py:426} INFO - Running <TaskInstance: Taxi_trip_pipeline.dbt_transformation_layer.dbt_run_model_green_trip manual__2024-10-12T13:03:08.986267+00:00 [running]> on host ebdcf85807fc
[2024-10-12T13:03:58.646+0000] {taskinstance.py:2648} INFO - Exporting env vars: AIRFLOW_CTX_DAG_OWNER='Mahmoud' AIRFLOW_CTX_DAG_ID='Taxi_trip_pipeline' AIRFLOW_CTX_TASK_ID='dbt_transformation_layer.dbt_run_model_green_trip' AIRFLOW_CTX_EXECUTION_DATE='2024-10-12T13:03:08.986267+00:00' AIRFLOW_CTX_TRY_NUMBER='1' AIRFLOW_CTX_DAG_RUN_ID='manual__2024-10-12T13:03:08.986267+00:00'
[2024-10-12T13:03:58.648+0000] {taskinstance.py:430} INFO - ::endgroup::
[2024-10-12T13:03:58.663+0000] {subprocess.py:63} INFO - Tmp dir root location: /tmp
[2024-10-12T13:03:58.665+0000] {subprocess.py:75} INFO - Running command: ['/usr/bin/bash', '-c', 'dbt run --profiles-dir /opt/***/DBT_Project  --project-dir /opt/***/dbt_trip --models green_trip']
[2024-10-12T13:03:58.688+0000] {subprocess.py:86} INFO - Output:
[2024-10-12T13:04:02.206+0000] {subprocess.py:93} INFO - [0m13:04:02  Running with dbt=1.8.0
[2024-10-12T13:04:02.618+0000] {subprocess.py:93} INFO - [0m13:04:02  Registered adapter: postgres=1.8.0
[2024-10-12T13:04:02.911+0000] {subprocess.py:93} INFO - [0m13:04:02  Unable to do partial parsing because profile has changed
[2024-10-12T13:04:05.388+0000] {subprocess.py:93} INFO - [0m13:04:05  [[33mWARNING[0m]: Found patch for macro "payment_type_mapping" which was not found
[2024-10-12T13:04:05.390+0000] {subprocess.py:93} INFO - [0m13:04:05  [[33mWARNING[0m]: Found patch for macro "rate_code_mapping" which was not found
[2024-10-12T13:04:05.392+0000] {subprocess.py:93} INFO - [0m13:04:05  [[33mWARNING[0m]: Found patch for macro "store_and_fwd_flag_mapping" which was not found
[2024-10-12T13:04:05.396+0000] {subprocess.py:93} INFO - [0m13:04:05  [[33mWARNING[0m]: Found patch for macro "trip_type_mapping" which was not found
[2024-10-12T13:04:05.400+0000] {subprocess.py:93} INFO - [0m13:04:05  [[33mWARNING[0m]: Found patch for macro "vendor_mapping" which was not found
[2024-10-12T13:04:05.528+0000] {subprocess.py:93} INFO - [0m13:04:05  [[33mWARNING[0m]: Deprecated functionality
[2024-10-12T13:04:05.528+0000] {subprocess.py:93} INFO - The `tests` config has been renamed to `data_tests`. Please see
[2024-10-12T13:04:05.529+0000] {subprocess.py:93} INFO - https://docs.getdbt.com/docs/build/data-tests#new-data_tests-syntax for more
[2024-10-12T13:04:05.529+0000] {subprocess.py:93} INFO - information.
[2024-10-12T13:04:06.124+0000] {subprocess.py:93} INFO - [0m13:04:06  [[33mWARNING[0m]: Configuration paths exist in your dbt_project.yml file which do not apply to any resources.
[2024-10-12T13:04:06.124+0000] {subprocess.py:93} INFO - There are 2 unused configuration paths:
[2024-10-12T13:04:06.124+0000] {subprocess.py:93} INFO - - models.fact_trip.staging
[2024-10-12T13:04:06.125+0000] {subprocess.py:93} INFO - - models.fact_trip.Dimensions
[2024-10-12T13:04:06.426+0000] {subprocess.py:93} INFO - [0m13:04:06  Found 4 models, 6 data tests, 3 sources, 566 macros
[2024-10-12T13:04:06.430+0000] {subprocess.py:93} INFO - [0m13:04:06
[2024-10-12T13:04:06.640+0000] {subprocess.py:93} INFO - [0m13:04:06  Concurrency: 3 threads (target='dev')
[2024-10-12T13:04:06.641+0000] {subprocess.py:93} INFO - [0m13:04:06
[2024-10-12T13:04:06.647+0000] {subprocess.py:93} INFO - [0m13:04:06  1 of 1 START sql view model analysis.green_trip ................................ [RUN]
[2024-10-12T13:04:06.876+0000] {subprocess.py:93} INFO - [0m13:04:06  1 of 1 OK created sql view model analysis.green_trip ........................... [[32mCREATE VIEW[0m in 0.22s]
[2024-10-12T13:04:06.896+0000] {subprocess.py:93} INFO - [0m13:04:06
[2024-10-12T13:04:06.897+0000] {subprocess.py:93} INFO - [0m13:04:06  Finished running 1 view model in 0 hours 0 minutes and 0.47 seconds (0.47s).
[2024-10-12T13:04:06.998+0000] {subprocess.py:93} INFO - [0m13:04:06
[2024-10-12T13:04:06.999+0000] {subprocess.py:93} INFO - [0m13:04:06  [32mCompleted successfully[0m
[2024-10-12T13:04:07.000+0000] {subprocess.py:93} INFO - [0m13:04:06
[2024-10-12T13:04:07.000+0000] {subprocess.py:93} INFO - [0m13:04:07  Done. PASS=1 WARN=0 ERROR=0 SKIP=0 TOTAL=1
[2024-10-12T13:04:08.285+0000] {subprocess.py:97} INFO - Command exited with return code 0
[2024-10-12T13:04:08.286+0000] {taskinstance.py:441} INFO - ::group::Post task execution logs
[2024-10-12T13:04:08.316+0000] {taskinstance.py:1206} INFO - Marking task as SUCCESS. dag_id=Taxi_trip_pipeline, task_id=dbt_transformation_layer.dbt_run_model_green_trip, run_id=manual__2024-10-12T13:03:08.986267+00:00, execution_date=20241012T130308, start_date=20241012T130358, end_date=20241012T130408
[2024-10-12T13:04:08.338+0000] {local_task_job_runner.py:240} INFO - Task exited with return code 0
[2024-10-12T13:04:08.366+0000] {taskinstance.py:3498} INFO - 0 downstream tasks scheduled from follow-on schedule check
[2024-10-12T13:04:08.368+0000] {local_task_job_runner.py:222} INFO - ::endgroup::
