[2024-09-20T07:09:57.963+0000] {local_task_job_runner.py:123} INFO - ::group::Pre task execution logs
[2024-09-20T07:09:57.982+0000] {taskinstance.py:2612} INFO - Dependencies all met for dep_context=non-requeueable deps ti=<TaskInstance: NYC_Taxi_pipeline.extract_data scheduled__2024-09-19T00:00:00+00:00 [queued]>
[2024-09-20T07:09:57.993+0000] {taskinstance.py:2612} INFO - Dependencies all met for dep_context=requeueable deps ti=<TaskInstance: NYC_Taxi_pipeline.extract_data scheduled__2024-09-19T00:00:00+00:00 [queued]>
[2024-09-20T07:09:57.994+0000] {taskinstance.py:2865} INFO - Starting attempt 1 of 1
[2024-09-20T07:09:58.009+0000] {taskinstance.py:2888} INFO - Executing <Task(PythonOperator): extract_data> on 2024-09-19 00:00:00+00:00
[2024-09-20T07:09:58.018+0000] {warnings.py:112} WARNING - /home/***/.local/lib/python3.12/site-packages/***/task/task_runner/standard_task_runner.py:70: DeprecationWarning: This process (pid=48) is multi-threaded, use of fork() may lead to deadlocks in the child.
  pid = os.fork()

[2024-09-20T07:09:58.020+0000] {standard_task_runner.py:72} INFO - Started process 53 to run task
[2024-09-20T07:09:58.020+0000] {standard_task_runner.py:104} INFO - Running: ['***', 'tasks', 'run', 'NYC_Taxi_pipeline', 'extract_data', 'scheduled__2024-09-19T00:00:00+00:00', '--job-id', '221', '--raw', '--subdir', 'DAGS_FOLDER/NYC_Taxi_pipeline.py', '--cfg-path', '/tmp/tmpd5vamyua']
[2024-09-20T07:09:58.022+0000] {standard_task_runner.py:105} INFO - Job 221: Subtask extract_data
[2024-09-20T07:09:58.073+0000] {task_command.py:467} INFO - Running <TaskInstance: NYC_Taxi_pipeline.extract_data scheduled__2024-09-19T00:00:00+00:00 [running]> on host a8322311e4d8
[2024-09-20T07:09:58.436+0000] {taskinstance.py:3131} INFO - Exporting env vars: AIRFLOW_CTX_DAG_OWNER='Mahmoud' AIRFLOW_CTX_DAG_ID='NYC_Taxi_pipeline' AIRFLOW_CTX_TASK_ID='extract_data' AIRFLOW_CTX_EXECUTION_DATE='2024-09-19T00:00:00+00:00' AIRFLOW_CTX_TRY_NUMBER='1' AIRFLOW_CTX_DAG_RUN_ID='scheduled__2024-09-19T00:00:00+00:00'
[2024-09-20T07:09:58.437+0000] {taskinstance.py:731} INFO - ::endgroup::
[2024-09-20T07:09:58.474+0000] {NYC_Taxi_pipeline.py:34} INFO - Data extraction started
[2024-09-20T07:09:58.474+0000] {data_process.py:11} INFO - Loading Parquet files from the folder...
[2024-09-20T07:09:58.475+0000] {data_process.py:15} INFO - Found Parquet files: ['./Staging/green_tripdata_2024-04.parquet', './Staging/green_tripdata_2024-01.parquet', './Staging/green_tripdata_2024-03.parquet', './Staging/green_tripdata_2024-02.parquet', './Staging/green_tripdata_2024-05.parquet', './Staging/green_tripdata_2024-06.parquet']
[2024-09-20T07:09:58.604+0000] {data_process.py:24} INFO - File green_tripdata_2024-04.parquet has 56471 rows.
[2024-09-20T07:09:58.617+0000] {data_process.py:24} INFO - File green_tripdata_2024-01.parquet has 56551 rows.
[2024-09-20T07:09:58.632+0000] {data_process.py:24} INFO - File green_tripdata_2024-03.parquet has 57457 rows.
[2024-09-20T07:09:58.645+0000] {data_process.py:24} INFO - File green_tripdata_2024-02.parquet has 53577 rows.
[2024-09-20T07:09:58.658+0000] {data_process.py:24} INFO - File green_tripdata_2024-05.parquet has 61003 rows.
[2024-09-20T07:09:58.672+0000] {data_process.py:24} INFO - File green_tripdata_2024-06.parquet has 54748 rows.
[2024-09-20T07:09:58.705+0000] {data_process.py:31} INFO - Trip data extracted and concatenated successfully from Parquet files
[2024-09-20T07:10:03.249+0000] {NYC_Taxi_pipeline.py:37} INFO - Data extraction done, DataFrame saved to CSV with 339807 rows
[2024-09-20T07:10:03.251+0000] {python.py:240} INFO - Done. Returned value was: None
[2024-09-20T07:10:03.260+0000] {taskinstance.py:340} INFO - ::group::Post task execution logs
[2024-09-20T07:10:03.260+0000] {taskinstance.py:352} INFO - Marking task as SUCCESS. dag_id=NYC_Taxi_pipeline, task_id=extract_data, run_id=scheduled__2024-09-19T00:00:00+00:00, execution_date=20240919T000000, start_date=20240920T070957, end_date=20240920T071003
[2024-09-20T07:10:03.325+0000] {local_task_job_runner.py:266} INFO - Task exited with return code 0
[2024-09-20T07:10:03.528+0000] {taskinstance.py:3900} INFO - 1 downstream tasks scheduled from follow-on schedule check
[2024-09-20T07:10:03.529+0000] {local_task_job_runner.py:245} INFO - ::endgroup::
[2024-09-20T17:01:14.043+0000] {local_task_job_runner.py:120} INFO - ::group::Pre task execution logs
[2024-09-20T17:01:14.064+0000] {taskinstance.py:2076} INFO - Dependencies all met for dep_context=non-requeueable deps ti=<TaskInstance: NYC_Taxi_pipeline.extract_data scheduled__2024-09-19T00:00:00+00:00 [queued]>
[2024-09-20T17:01:14.070+0000] {taskinstance.py:2076} INFO - Dependencies all met for dep_context=requeueable deps ti=<TaskInstance: NYC_Taxi_pipeline.extract_data scheduled__2024-09-19T00:00:00+00:00 [queued]>
[2024-09-20T17:01:14.070+0000] {taskinstance.py:2306} INFO - Starting attempt 1 of 1
[2024-09-20T17:01:14.081+0000] {taskinstance.py:2330} INFO - Executing <Task(PythonOperator): extract_data> on 2024-09-19 00:00:00+00:00
[2024-09-20T17:01:14.088+0000] {standard_task_runner.py:63} INFO - Started process 50 to run task
[2024-09-20T17:01:14.090+0000] {standard_task_runner.py:90} INFO - Running: ['***', 'tasks', 'run', 'NYC_Taxi_pipeline', 'extract_data', 'scheduled__2024-09-19T00:00:00+00:00', '--job-id', '2', '--raw', '--subdir', 'DAGS_FOLDER/NYC_Taxi_pipeline.py', '--cfg-path', '/tmp/tmpahomixml']
[2024-09-20T17:01:14.093+0000] {standard_task_runner.py:91} INFO - Job 2: Subtask extract_data
[2024-09-20T17:01:14.132+0000] {task_command.py:426} INFO - Running <TaskInstance: NYC_Taxi_pipeline.extract_data scheduled__2024-09-19T00:00:00+00:00 [running]> on host 6371a10ad06a
[2024-09-20T17:01:14.208+0000] {taskinstance.py:2648} INFO - Exporting env vars: AIRFLOW_CTX_DAG_OWNER='Mahmoud' AIRFLOW_CTX_DAG_ID='NYC_Taxi_pipeline' AIRFLOW_CTX_TASK_ID='extract_data' AIRFLOW_CTX_EXECUTION_DATE='2024-09-19T00:00:00+00:00' AIRFLOW_CTX_TRY_NUMBER='1' AIRFLOW_CTX_DAG_RUN_ID='scheduled__2024-09-19T00:00:00+00:00'
[2024-09-20T17:01:14.209+0000] {taskinstance.py:430} INFO - ::endgroup::
[2024-09-20T17:01:14.220+0000] {NYC_Taxi_pipeline.py:35} INFO - Data extraction started
[2024-09-20T17:01:14.220+0000] {data_process.py:9} INFO - Loading Parquet files from the folder...
[2024-09-20T17:01:14.221+0000] {data_process.py:11} INFO - Found Parquet files: []
[2024-09-20T17:01:14.221+0000] {data_process.py:24} ERROR - Error while extracting trip data
Traceback (most recent call last):
  File "/opt/airflow/dags/scripts/data_process.py", line 17, in process_trip
    trip_df = pd.concat(dataframes,ignore_index=True)
  File "/home/airflow/.local/lib/python3.9/site-packages/pandas/util/_decorators.py", line 331, in wrapper
    return func(*args, **kwargs)
  File "/home/airflow/.local/lib/python3.9/site-packages/pandas/core/reshape/concat.py", line 368, in concat
    op = _Concatenator(
  File "/home/airflow/.local/lib/python3.9/site-packages/pandas/core/reshape/concat.py", line 425, in __init__
    raise ValueError("No objects to concatenate")
ValueError: No objects to concatenate
[2024-09-20T17:01:14.222+0000] {NYC_Taxi_pipeline.py:37} INFO - Data extraction done, DataFrame saved to CSV
[2024-09-20T17:01:14.222+0000] {python.py:237} INFO - Done. Returned value was: None
[2024-09-20T17:01:14.222+0000] {taskinstance.py:441} INFO - ::group::Post task execution logs
[2024-09-20T17:01:14.230+0000] {taskinstance.py:1206} INFO - Marking task as SUCCESS. dag_id=NYC_Taxi_pipeline, task_id=extract_data, run_id=scheduled__2024-09-19T00:00:00+00:00, execution_date=20240919T000000, start_date=20240920T170114, end_date=20240920T170114
[2024-09-20T17:01:14.262+0000] {local_task_job_runner.py:240} INFO - Task exited with return code 0
[2024-09-20T17:01:14.285+0000] {taskinstance.py:3498} INFO - 1 downstream tasks scheduled from follow-on schedule check
[2024-09-20T17:01:14.286+0000] {local_task_job_runner.py:222} INFO - ::endgroup::
