[2024-10-12T12:13:38.492+0000] {local_task_job_runner.py:120} INFO - ::group::Pre task execution logs
[2024-10-12T12:13:38.528+0000] {taskinstance.py:2076} INFO - Dependencies all met for dep_context=non-requeueable deps ti=<TaskInstance: Taxi_trip_pipeline.dbt_transformation_layer.dbt_run_model_yellow_trip scheduled__2024-10-12T11:45:00+00:00 [queued]>
[2024-10-12T12:13:38.541+0000] {taskinstance.py:2076} INFO - Dependencies all met for dep_context=requeueable deps ti=<TaskInstance: Taxi_trip_pipeline.dbt_transformation_layer.dbt_run_model_yellow_trip scheduled__2024-10-12T11:45:00+00:00 [queued]>
[2024-10-12T12:13:38.542+0000] {taskinstance.py:2306} INFO - Starting attempt 5 of 5
[2024-10-12T12:13:38.559+0000] {taskinstance.py:2330} INFO - Executing <Task(BashOperator): dbt_transformation_layer.dbt_run_model_yellow_trip> on 2024-10-12 11:45:00+00:00
[2024-10-12T12:13:38.570+0000] {standard_task_runner.py:63} INFO - Started process 347 to run task
[2024-10-12T12:13:38.574+0000] {standard_task_runner.py:90} INFO - Running: ['***', 'tasks', 'run', 'Taxi_trip_pipeline', 'dbt_transformation_layer.dbt_run_model_yellow_trip', 'scheduled__2024-10-12T11:45:00+00:00', '--job-id', '36', '--raw', '--subdir', 'DAGS_FOLDER/taxi_trip.py', '--cfg-path', '/tmp/tmpixwq_acp']
[2024-10-12T12:13:38.579+0000] {standard_task_runner.py:91} INFO - Job 36: Subtask dbt_transformation_layer.dbt_run_model_yellow_trip
[2024-10-12T12:13:38.662+0000] {task_command.py:426} INFO - Running <TaskInstance: Taxi_trip_pipeline.dbt_transformation_layer.dbt_run_model_yellow_trip scheduled__2024-10-12T11:45:00+00:00 [running]> on host e1ee2fad10db
[2024-10-12T12:13:38.781+0000] {taskinstance.py:2648} INFO - Exporting env vars: AIRFLOW_CTX_DAG_OWNER='Mahmoud' AIRFLOW_CTX_DAG_ID='Taxi_trip_pipeline' AIRFLOW_CTX_TASK_ID='dbt_transformation_layer.dbt_run_model_yellow_trip' AIRFLOW_CTX_EXECUTION_DATE='2024-10-12T11:45:00+00:00' AIRFLOW_CTX_TRY_NUMBER='5' AIRFLOW_CTX_DAG_RUN_ID='scheduled__2024-10-12T11:45:00+00:00'
[2024-10-12T12:13:38.782+0000] {taskinstance.py:430} INFO - ::endgroup::
[2024-10-12T12:13:38.798+0000] {subprocess.py:63} INFO - Tmp dir root location: /tmp
[2024-10-12T12:13:38.798+0000] {subprocess.py:75} INFO - Running command: ['/usr/bin/bash', '-c', 'dbt run --profiles-dir /opt/***/DBT_Project  --project-dir /opt/***/dbt_trip --models yellow_trip']
[2024-10-12T12:13:38.815+0000] {subprocess.py:86} INFO - Output:
[2024-10-12T12:13:41.873+0000] {subprocess.py:93} INFO - [0m12:13:41  Running with dbt=1.8.0
[2024-10-12T12:13:42.319+0000] {subprocess.py:93} INFO - [0m12:13:42  Registered adapter: postgres=1.8.0
[2024-10-12T12:13:42.833+0000] {subprocess.py:93} INFO - [0m12:13:42  [[33mWARNING[0m]: Configuration paths exist in your dbt_project.yml file which do not apply to any resources.
[2024-10-12T12:13:42.833+0000] {subprocess.py:93} INFO - There are 2 unused configuration paths:
[2024-10-12T12:13:42.834+0000] {subprocess.py:93} INFO - - models.fact_trip.Dimensions
[2024-10-12T12:13:42.834+0000] {subprocess.py:93} INFO - - models.fact_trip.staging
[2024-10-12T12:13:43.142+0000] {subprocess.py:93} INFO - [0m12:13:43  Found 4 models, 6 data tests, 3 sources, 566 macros
[2024-10-12T12:13:43.149+0000] {subprocess.py:93} INFO - [0m12:13:43
[2024-10-12T12:13:43.367+0000] {subprocess.py:93} INFO - [0m12:13:43  Concurrency: 3 threads (target='dev')
[2024-10-12T12:13:43.368+0000] {subprocess.py:93} INFO - [0m12:13:43
[2024-10-12T12:13:43.386+0000] {subprocess.py:93} INFO - [0m12:13:43  1 of 1 START sql view model analysis.yellow_trip ............................... [RUN]
[2024-10-12T12:13:43.615+0000] {subprocess.py:93} INFO - [0m12:13:43  1 of 1 ERROR creating sql view model analysis.yellow_trip ...................... [[31mERROR[0m in 0.22s]
[2024-10-12T12:13:43.659+0000] {subprocess.py:93} INFO - [0m12:13:43
[2024-10-12T12:13:43.663+0000] {subprocess.py:93} INFO - [0m12:13:43  Finished running 1 view model in 0 hours 0 minutes and 0.51 seconds (0.51s).
[2024-10-12T12:13:43.755+0000] {subprocess.py:93} INFO - [0m12:13:43
[2024-10-12T12:13:43.756+0000] {subprocess.py:93} INFO - [0m12:13:43  [31mCompleted with 1 error and 0 warnings:[0m
[2024-10-12T12:13:43.757+0000] {subprocess.py:93} INFO - [0m12:13:43
[2024-10-12T12:13:43.758+0000] {subprocess.py:93} INFO - [0m12:13:43    Database Error in model yellow_trip (models/Staging/yellow_trip.sql)
[2024-10-12T12:13:43.758+0000] {subprocess.py:93} INFO -   relation "public.yellow_trip" does not exist
[2024-10-12T12:13:43.758+0000] {subprocess.py:93} INFO -   LINE 16:     FROM "nyc_taxi_trip"."public"."yellow_trip"
[2024-10-12T12:13:43.758+0000] {subprocess.py:93} INFO -                     ^
[2024-10-12T12:13:43.759+0000] {subprocess.py:93} INFO -   compiled code at target/run/fact_trip/models/Staging/yellow_trip.sql
[2024-10-12T12:13:43.759+0000] {subprocess.py:93} INFO - [0m12:13:43
[2024-10-12T12:13:43.760+0000] {subprocess.py:93} INFO - [0m12:13:43  Done. PASS=0 WARN=0 ERROR=1 SKIP=0 TOTAL=1
[2024-10-12T12:13:49.750+0000] {subprocess.py:97} INFO - Command exited with return code 1
[2024-10-12T12:13:49.751+0000] {taskinstance.py:441} INFO - ::group::Post task execution logs
[2024-10-12T12:13:49.762+0000] {taskinstance.py:2905} ERROR - Task failed with exception
Traceback (most recent call last):
  File "/home/airflow/.local/lib/python3.9/site-packages/airflow/models/taskinstance.py", line 465, in _execute_task
    result = _execute_callable(context=context, **execute_callable_kwargs)
  File "/home/airflow/.local/lib/python3.9/site-packages/airflow/models/taskinstance.py", line 432, in _execute_callable
    return execute_callable(context=context, **execute_callable_kwargs)
  File "/home/airflow/.local/lib/python3.9/site-packages/airflow/models/baseoperator.py", line 400, in wrapper
    return func(self, *args, **kwargs)
  File "/home/airflow/.local/lib/python3.9/site-packages/airflow/operators/bash.py", line 243, in execute
    raise AirflowException(
airflow.exceptions.AirflowException: Bash command failed. The command returned a non-zero exit code 1.
[2024-10-12T12:13:49.766+0000] {taskinstance.py:1206} INFO - Marking task as FAILED. dag_id=Taxi_trip_pipeline, task_id=dbt_transformation_layer.dbt_run_model_yellow_trip, run_id=scheduled__2024-10-12T11:45:00+00:00, execution_date=20241012T114500, start_date=20241012T121338, end_date=20241012T121349
[2024-10-12T12:13:49.780+0000] {standard_task_runner.py:110} ERROR - Failed to execute job 36 for task dbt_transformation_layer.dbt_run_model_yellow_trip (Bash command failed. The command returned a non-zero exit code 1.; 347)
[2024-10-12T12:13:49.812+0000] {local_task_job_runner.py:240} INFO - Task exited with return code 1
[2024-10-12T12:13:49.835+0000] {taskinstance.py:3498} INFO - 0 downstream tasks scheduled from follow-on schedule check
[2024-10-12T12:13:49.839+0000] {local_task_job_runner.py:222} INFO - ::endgroup::
