[2024-10-12T12:18:33.710+0000] {local_task_job_runner.py:120} INFO - ::group::Pre task execution logs
[2024-10-12T12:18:33.734+0000] {taskinstance.py:2076} INFO - Dependencies all met for dep_context=non-requeueable deps ti=<TaskInstance: Taxi_trip_pipeline.dbt_transformation_layer.dbt_run_model_yellow_trip scheduled__2024-10-12T11:45:00+00:00 [queued]>
[2024-10-12T12:18:33.745+0000] {taskinstance.py:2076} INFO - Dependencies all met for dep_context=requeueable deps ti=<TaskInstance: Taxi_trip_pipeline.dbt_transformation_layer.dbt_run_model_yellow_trip scheduled__2024-10-12T11:45:00+00:00 [queued]>
[2024-10-12T12:18:33.745+0000] {taskinstance.py:2306} INFO - Starting attempt 6 of 6
[2024-10-12T12:18:33.760+0000] {taskinstance.py:2330} INFO - Executing <Task(BashOperator): dbt_transformation_layer.dbt_run_model_yellow_trip> on 2024-10-12 11:45:00+00:00
[2024-10-12T12:18:33.769+0000] {standard_task_runner.py:63} INFO - Started process 453 to run task
[2024-10-12T12:18:33.773+0000] {standard_task_runner.py:90} INFO - Running: ['***', 'tasks', 'run', 'Taxi_trip_pipeline', 'dbt_transformation_layer.dbt_run_model_yellow_trip', 'scheduled__2024-10-12T11:45:00+00:00', '--job-id', '50', '--raw', '--subdir', 'DAGS_FOLDER/taxi_trip.py', '--cfg-path', '/tmp/tmpak81d75j']
[2024-10-12T12:18:33.775+0000] {standard_task_runner.py:91} INFO - Job 50: Subtask dbt_transformation_layer.dbt_run_model_yellow_trip
[2024-10-12T12:18:33.831+0000] {task_command.py:426} INFO - Running <TaskInstance: Taxi_trip_pipeline.dbt_transformation_layer.dbt_run_model_yellow_trip scheduled__2024-10-12T11:45:00+00:00 [running]> on host e1ee2fad10db
[2024-10-12T12:18:33.923+0000] {taskinstance.py:2648} INFO - Exporting env vars: AIRFLOW_CTX_DAG_OWNER='Mahmoud' AIRFLOW_CTX_DAG_ID='Taxi_trip_pipeline' AIRFLOW_CTX_TASK_ID='dbt_transformation_layer.dbt_run_model_yellow_trip' AIRFLOW_CTX_EXECUTION_DATE='2024-10-12T11:45:00+00:00' AIRFLOW_CTX_TRY_NUMBER='6' AIRFLOW_CTX_DAG_RUN_ID='scheduled__2024-10-12T11:45:00+00:00'
[2024-10-12T12:18:33.924+0000] {taskinstance.py:430} INFO - ::endgroup::
[2024-10-12T12:18:33.935+0000] {subprocess.py:63} INFO - Tmp dir root location: /tmp
[2024-10-12T12:18:33.936+0000] {subprocess.py:75} INFO - Running command: ['/usr/bin/bash', '-c', 'dbt run --profiles-dir /opt/***/DBT_Project  --project-dir /opt/***/dbt_trip --models yellow_trip']
[2024-10-12T12:18:33.951+0000] {subprocess.py:86} INFO - Output:
[2024-10-12T12:18:36.855+0000] {subprocess.py:93} INFO - [0m12:18:36  Running with dbt=1.8.0
[2024-10-12T12:18:37.229+0000] {subprocess.py:93} INFO - [0m12:18:37  Registered adapter: postgres=1.8.0
[2024-10-12T12:18:37.843+0000] {subprocess.py:93} INFO - [0m12:18:37  [[33mWARNING[0m]: Configuration paths exist in your dbt_project.yml file which do not apply to any resources.
[2024-10-12T12:18:37.843+0000] {subprocess.py:93} INFO - There are 2 unused configuration paths:
[2024-10-12T12:18:37.843+0000] {subprocess.py:93} INFO - - models.fact_trip.Dimensions
[2024-10-12T12:18:37.844+0000] {subprocess.py:93} INFO - - models.fact_trip.staging
[2024-10-12T12:18:38.160+0000] {subprocess.py:93} INFO - [0m12:18:38  Found 4 models, 6 data tests, 3 sources, 566 macros
[2024-10-12T12:18:38.163+0000] {subprocess.py:93} INFO - [0m12:18:38
[2024-10-12T12:18:38.316+0000] {subprocess.py:93} INFO - [0m12:18:38  Concurrency: 3 threads (target='dev')
[2024-10-12T12:18:38.318+0000] {subprocess.py:93} INFO - [0m12:18:38
[2024-10-12T12:18:38.330+0000] {subprocess.py:93} INFO - [0m12:18:38  1 of 1 START sql view model analysis.yellow_trip ............................... [RUN]
[2024-10-12T12:18:38.457+0000] {subprocess.py:93} INFO - [0m12:18:38  1 of 1 ERROR creating sql view model analysis.yellow_trip ...................... [[31mERROR[0m in 0.12s]
[2024-10-12T12:18:38.471+0000] {subprocess.py:93} INFO - [0m12:18:38
[2024-10-12T12:18:38.472+0000] {subprocess.py:93} INFO - [0m12:18:38  Finished running 1 view model in 0 hours 0 minutes and 0.31 seconds (0.31s).
[2024-10-12T12:18:38.529+0000] {subprocess.py:93} INFO - [0m12:18:38
[2024-10-12T12:18:38.530+0000] {subprocess.py:93} INFO - [0m12:18:38  [31mCompleted with 1 error and 0 warnings:[0m
[2024-10-12T12:18:38.531+0000] {subprocess.py:93} INFO - [0m12:18:38
[2024-10-12T12:18:38.531+0000] {subprocess.py:93} INFO - [0m12:18:38    Database Error in model yellow_trip (models/Staging/yellow_trip.sql)
[2024-10-12T12:18:38.532+0000] {subprocess.py:93} INFO -   relation "public.yellow_trip" does not exist
[2024-10-12T12:18:38.532+0000] {subprocess.py:93} INFO -   LINE 16:     FROM "nyc_taxi_trip"."public"."yellow_trip"
[2024-10-12T12:18:38.532+0000] {subprocess.py:93} INFO -                     ^
[2024-10-12T12:18:38.533+0000] {subprocess.py:93} INFO -   compiled code at target/run/fact_trip/models/Staging/yellow_trip.sql
[2024-10-12T12:18:38.533+0000] {subprocess.py:93} INFO - [0m12:18:38
[2024-10-12T12:18:38.533+0000] {subprocess.py:93} INFO - [0m12:18:38  Done. PASS=0 WARN=0 ERROR=1 SKIP=0 TOTAL=1
[2024-10-12T12:18:39.676+0000] {subprocess.py:97} INFO - Command exited with return code 1
[2024-10-12T12:18:39.677+0000] {taskinstance.py:441} INFO - ::group::Post task execution logs
[2024-10-12T12:18:39.698+0000] {taskinstance.py:2905} ERROR - Task failed with exception
Traceback (most recent call last):
  File "/home/airflow/.local/lib/python3.9/site-packages/airflow/models/taskinstance.py", line 465, in _execute_task
    result = _execute_callable(context=context, **execute_callable_kwargs)
  File "/home/airflow/.local/lib/python3.9/site-packages/airflow/models/taskinstance.py", line 432, in _execute_callable
    return execute_callable(context=context, **execute_callable_kwargs)
  File "/home/airflow/.local/lib/python3.9/site-packages/airflow/models/baseoperator.py", line 400, in wrapper
    return func(self, *args, **kwargs)
  File "/home/airflow/.local/lib/python3.9/site-packages/airflow/operators/bash.py", line 243, in execute
    raise AirflowException(
airflow.exceptions.AirflowException: Bash command failed. The command returned a non-zero exit code 1.
[2024-10-12T12:18:39.704+0000] {taskinstance.py:1206} INFO - Marking task as FAILED. dag_id=Taxi_trip_pipeline, task_id=dbt_transformation_layer.dbt_run_model_yellow_trip, run_id=scheduled__2024-10-12T11:45:00+00:00, execution_date=20241012T114500, start_date=20241012T121833, end_date=20241012T121839
[2024-10-12T12:18:39.723+0000] {standard_task_runner.py:110} ERROR - Failed to execute job 50 for task dbt_transformation_layer.dbt_run_model_yellow_trip (Bash command failed. The command returned a non-zero exit code 1.; 453)
[2024-10-12T12:18:39.767+0000] {local_task_job_runner.py:240} INFO - Task exited with return code 1
[2024-10-12T12:18:39.798+0000] {taskinstance.py:3498} INFO - 0 downstream tasks scheduled from follow-on schedule check
[2024-10-12T12:18:39.802+0000] {local_task_job_runner.py:222} INFO - ::endgroup::
