[2024-10-03T22:01:19.610+0000] {local_task_job_runner.py:120} INFO - ::group::Pre task execution logs
[2024-10-03T22:01:19.636+0000] {taskinstance.py:2076} INFO - Dependencies all met for dep_context=non-requeueable deps ti=<TaskInstance: Taxi_trip_pipeline.load_layer.load_yellow_trip scheduled__2024-10-03T21:45:00+00:00 [queued]>
[2024-10-03T22:01:19.645+0000] {taskinstance.py:2076} INFO - Dependencies all met for dep_context=requeueable deps ti=<TaskInstance: Taxi_trip_pipeline.load_layer.load_yellow_trip scheduled__2024-10-03T21:45:00+00:00 [queued]>
[2024-10-03T22:01:19.646+0000] {taskinstance.py:2306} INFO - Starting attempt 1 of 1
[2024-10-03T22:01:19.725+0000] {taskinstance.py:2330} INFO - Executing <Task(PythonOperator): load_layer.load_yellow_trip> on 2024-10-03 21:45:00+00:00
[2024-10-03T22:01:19.732+0000] {standard_task_runner.py:63} INFO - Started process 103 to run task
[2024-10-03T22:01:19.735+0000] {standard_task_runner.py:90} INFO - Running: ['***', 'tasks', 'run', 'Taxi_trip_pipeline', 'load_layer.load_yellow_trip', 'scheduled__2024-10-03T21:45:00+00:00', '--job-id', '409', '--raw', '--subdir', 'DAGS_FOLDER/taxi_trip.py', '--cfg-path', '/tmp/tmpujulfzq6']
[2024-10-03T22:01:19.737+0000] {standard_task_runner.py:91} INFO - Job 409: Subtask load_layer.load_yellow_trip
[2024-10-03T22:01:19.835+0000] {task_command.py:426} INFO - Running <TaskInstance: Taxi_trip_pipeline.load_layer.load_yellow_trip scheduled__2024-10-03T21:45:00+00:00 [running]> on host df868e4adcf8
[2024-10-03T22:01:20.079+0000] {taskinstance.py:2648} INFO - Exporting env vars: AIRFLOW_CTX_DAG_OWNER='Mahmoud' AIRFLOW_CTX_DAG_ID='Taxi_trip_pipeline' AIRFLOW_CTX_TASK_ID='load_layer.load_yellow_trip' AIRFLOW_CTX_EXECUTION_DATE='2024-10-03T21:45:00+00:00' AIRFLOW_CTX_TRY_NUMBER='1' AIRFLOW_CTX_DAG_RUN_ID='scheduled__2024-10-03T21:45:00+00:00'
[2024-10-03T22:01:20.080+0000] {taskinstance.py:430} INFO - ::endgroup::
[2024-10-03T22:01:22.711+0000] {taxi_trip.py:83} INFO - Loading yellow trip data started with 2964624 rows
[2024-10-03T22:01:22.712+0000] {Load_data.py:46} INFO - Loading yellow trip data...
[2024-10-03T22:01:22.712+0000] {Load_data.py:47} INFO - yellow  trip with 2964624rows
[2024-10-03T22:01:24.440+0000] {db_utils.py:31} INFO - Loading data into table yellow_trip...
[2024-10-03T22:01:25.593+0000] {db_utils.py:16} INFO - Connected to PostgreSQL database successfully
[2024-10-03T22:06:24.054+0000] {db_utils.py:38} INFO - Data loaded successfully into table yellow_trip with 2964624 rows
[2024-10-03T22:06:24.055+0000] {db_utils.py:25} INFO - PostgreSQL connection is closed
[2024-10-03T22:06:24.056+0000] {db_utils.py:28} INFO - SQLAlchemy engine disposed
[2024-10-03T22:06:24.056+0000] {Load_data.py:74} INFO - Yellow trip data loaded successfully
[2024-10-03T22:06:24.064+0000] {taxi_trip.py:85} INFO - Loading yellow trip data done
[2024-10-03T22:06:24.072+0000] {python.py:237} INFO - Done. Returned value was: None
[2024-10-03T22:06:24.073+0000] {taskinstance.py:441} INFO - ::group::Post task execution logs
[2024-10-03T22:06:24.082+0000] {taskinstance.py:1206} INFO - Marking task as SUCCESS. dag_id=Taxi_trip_pipeline, task_id=load_layer.load_yellow_trip, run_id=scheduled__2024-10-03T21:45:00+00:00, execution_date=20241003T214500, start_date=20241003T220119, end_date=20241003T220624
[2024-10-03T22:06:24.498+0000] {local_task_job_runner.py:240} INFO - Task exited with return code 0
[2024-10-03T22:06:24.529+0000] {taskinstance.py:3498} INFO - 0 downstream tasks scheduled from follow-on schedule check
[2024-10-03T22:06:24.531+0000] {local_task_job_runner.py:222} INFO - ::endgroup::
