[2024-09-21T09:11:43.547+0000] {local_task_job_runner.py:120} INFO - ::group::Pre task execution logs
[2024-09-21T09:11:43.568+0000] {taskinstance.py:2076} INFO - Dependencies all met for dep_context=non-requeueable deps ti=<TaskInstance: NYC_Taxi_pipeline.load_data manual__2024-09-21T09:11:40.867116+00:00 [queued]>
[2024-09-21T09:11:43.577+0000] {taskinstance.py:2076} INFO - Dependencies all met for dep_context=requeueable deps ti=<TaskInstance: NYC_Taxi_pipeline.load_data manual__2024-09-21T09:11:40.867116+00:00 [queued]>
[2024-09-21T09:11:43.577+0000] {taskinstance.py:2306} INFO - Starting attempt 1 of 1
[2024-09-21T09:11:43.588+0000] {taskinstance.py:2330} INFO - Executing <Task(PythonOperator): load_data> on 2024-09-21 09:11:40.867116+00:00
[2024-09-21T09:11:43.595+0000] {standard_task_runner.py:63} INFO - Started process 125 to run task
[2024-09-21T09:11:43.598+0000] {standard_task_runner.py:90} INFO - Running: ['***', 'tasks', 'run', 'NYC_Taxi_pipeline', 'load_data', 'manual__2024-09-21T09:11:40.867116+00:00', '--job-id', '31', '--raw', '--subdir', 'DAGS_FOLDER/NYC_Taxi_pipeline.py', '--cfg-path', '/tmp/tmpwwkzt5sv']
[2024-09-21T09:11:43.601+0000] {standard_task_runner.py:91} INFO - Job 31: Subtask load_data
[2024-09-21T09:11:43.642+0000] {task_command.py:426} INFO - Running <TaskInstance: NYC_Taxi_pipeline.load_data manual__2024-09-21T09:11:40.867116+00:00 [running]> on host a7d215ebb90a
[2024-09-21T09:11:43.722+0000] {taskinstance.py:2648} INFO - Exporting env vars: AIRFLOW_CTX_DAG_OWNER='Mahmoud' AIRFLOW_CTX_DAG_ID='NYC_Taxi_pipeline' AIRFLOW_CTX_TASK_ID='load_data' AIRFLOW_CTX_EXECUTION_DATE='2024-09-21T09:11:40.867116+00:00' AIRFLOW_CTX_TRY_NUMBER='1' AIRFLOW_CTX_DAG_RUN_ID='manual__2024-09-21T09:11:40.867116+00:00'
[2024-09-21T09:11:43.724+0000] {taskinstance.py:430} INFO - ::endgroup::
[2024-09-21T09:11:43.735+0000] {NYC_Taxi_pipeline.py:45} INFO - Start to load data
[2024-09-21T09:11:43.735+0000] {data_process.py:28} INFO - Loading data into table trip...
[2024-09-21T09:11:45.482+0000] {data_process.py:51} INFO - Data shape after dropna: (339807, 20)
[2024-09-21T09:11:45.654+0000] {db_utils.py:21} INFO - Connected to PostgreSQL database successfully
[2024-09-21T09:13:10.559+0000] {data_process.py:71} INFO - Data loaded successfully into table trip with 339807 rows
[2024-09-21T09:13:10.561+0000] {db_utils.py:30} INFO - PostgreSQL connection is closed
[2024-09-21T09:13:10.622+0000] {NYC_Taxi_pipeline.py:48} INFO - Load data done
[2024-09-21T09:13:10.622+0000] {python.py:237} INFO - Done. Returned value was: None
[2024-09-21T09:13:10.623+0000] {taskinstance.py:441} INFO - ::group::Post task execution logs
[2024-09-21T09:13:10.631+0000] {taskinstance.py:1206} INFO - Marking task as SUCCESS. dag_id=NYC_Taxi_pipeline, task_id=load_data, run_id=manual__2024-09-21T09:11:40.867116+00:00, execution_date=20240921T091140, start_date=20240921T091143, end_date=20240921T091310
[2024-09-21T09:13:10.662+0000] {local_task_job_runner.py:240} INFO - Task exited with return code 0
[2024-09-21T09:13:10.682+0000] {taskinstance.py:3498} INFO - 5 downstream tasks scheduled from follow-on schedule check
[2024-09-21T09:13:10.683+0000] {local_task_job_runner.py:222} INFO - ::endgroup::
