[2024-10-12T10:27:50.072+0000] {local_task_job_runner.py:120} INFO - ::group::Pre task execution logs
[2024-10-12T10:27:50.103+0000] {taskinstance.py:2076} INFO - Dependencies all met for dep_context=non-requeueable deps ti=<TaskInstance: Taxi_trip_pipeline.dbt_transformation_layer.dbt_run_model_green_trip scheduled__2024-10-12T10:00:00+00:00 [queued]>
[2024-10-12T10:27:50.113+0000] {taskinstance.py:2076} INFO - Dependencies all met for dep_context=requeueable deps ti=<TaskInstance: Taxi_trip_pipeline.dbt_transformation_layer.dbt_run_model_green_trip scheduled__2024-10-12T10:00:00+00:00 [queued]>
[2024-10-12T10:27:50.113+0000] {taskinstance.py:2306} INFO - Starting attempt 4 of 4
[2024-10-12T10:27:50.127+0000] {taskinstance.py:2330} INFO - Executing <Task(BashOperator): dbt_transformation_layer.dbt_run_model_green_trip> on 2024-10-12 10:00:00+00:00
[2024-10-12T10:27:50.139+0000] {standard_task_runner.py:63} INFO - Started process 286 to run task
[2024-10-12T10:27:50.142+0000] {standard_task_runner.py:90} INFO - Running: ['***', 'tasks', 'run', 'Taxi_trip_pipeline', 'dbt_transformation_layer.dbt_run_model_green_trip', 'scheduled__2024-10-12T10:00:00+00:00', '--job-id', '23', '--raw', '--subdir', 'DAGS_FOLDER/taxi_trip.py', '--cfg-path', '/tmp/tmpb2i1qg3p']
[2024-10-12T10:27:50.145+0000] {standard_task_runner.py:91} INFO - Job 23: Subtask dbt_transformation_layer.dbt_run_model_green_trip
[2024-10-12T10:27:50.210+0000] {task_command.py:426} INFO - Running <TaskInstance: Taxi_trip_pipeline.dbt_transformation_layer.dbt_run_model_green_trip scheduled__2024-10-12T10:00:00+00:00 [running]> on host bcbc9bb54b17
[2024-10-12T10:27:50.318+0000] {taskinstance.py:2648} INFO - Exporting env vars: AIRFLOW_CTX_DAG_OWNER='Mahmoud' AIRFLOW_CTX_DAG_ID='Taxi_trip_pipeline' AIRFLOW_CTX_TASK_ID='dbt_transformation_layer.dbt_run_model_green_trip' AIRFLOW_CTX_EXECUTION_DATE='2024-10-12T10:00:00+00:00' AIRFLOW_CTX_TRY_NUMBER='4' AIRFLOW_CTX_DAG_RUN_ID='scheduled__2024-10-12T10:00:00+00:00'
[2024-10-12T10:27:50.319+0000] {taskinstance.py:430} INFO - ::endgroup::
[2024-10-12T10:27:50.334+0000] {subprocess.py:63} INFO - Tmp dir root location: /tmp
[2024-10-12T10:27:50.335+0000] {subprocess.py:75} INFO - Running command: ['/usr/bin/bash', '-c', 'dbt run --profiles-dir /opt/***/DBT_Project  --project-dir /opt/***/dbt_trip --models green_trip']
[2024-10-12T10:27:50.354+0000] {subprocess.py:86} INFO - Output:
[2024-10-12T10:27:53.420+0000] {subprocess.py:93} INFO - [0m10:27:53  Running with dbt=1.8.0
[2024-10-12T10:27:53.836+0000] {subprocess.py:93} INFO - [0m10:27:53  Registered adapter: postgres=1.8.0
[2024-10-12T10:27:54.247+0000] {subprocess.py:93} INFO - [0m10:27:54  [[33mWARNING[0m]: Configuration paths exist in your dbt_project.yml file which do not apply to any resources.
[2024-10-12T10:27:54.248+0000] {subprocess.py:93} INFO - There are 2 unused configuration paths:
[2024-10-12T10:27:54.249+0000] {subprocess.py:93} INFO - - models.fact_trip.Dimensions
[2024-10-12T10:27:54.249+0000] {subprocess.py:93} INFO - - models.fact_trip.staging
[2024-10-12T10:27:54.540+0000] {subprocess.py:93} INFO - [0m10:27:54  Found 4 models, 6 data tests, 3 sources, 566 macros
[2024-10-12T10:27:54.543+0000] {subprocess.py:93} INFO - [0m10:27:54
[2024-10-12T10:27:54.709+0000] {subprocess.py:93} INFO - [0m10:27:54  Concurrency: 3 threads (target='dev')
[2024-10-12T10:27:54.709+0000] {subprocess.py:93} INFO - [0m10:27:54
[2024-10-12T10:27:54.723+0000] {subprocess.py:93} INFO - [0m10:27:54  1 of 1 START sql view model analysis.green_trip ................................ [RUN]
[2024-10-12T10:27:54.956+0000] {subprocess.py:93} INFO - [0m10:27:54  1 of 1 OK created sql view model analysis.green_trip ........................... [[32mCREATE VIEW[0m in 0.23s]
[2024-10-12T10:27:54.972+0000] {subprocess.py:93} INFO - [0m10:27:54
[2024-10-12T10:27:54.972+0000] {subprocess.py:93} INFO - [0m10:27:54  Finished running 1 view model in 0 hours 0 minutes and 0.43 seconds (0.43s).
[2024-10-12T10:27:55.058+0000] {subprocess.py:93} INFO - [0m10:27:55
[2024-10-12T10:27:55.059+0000] {subprocess.py:93} INFO - [0m10:27:55  [32mCompleted successfully[0m
[2024-10-12T10:27:55.060+0000] {subprocess.py:93} INFO - [0m10:27:55
[2024-10-12T10:27:55.061+0000] {subprocess.py:93} INFO - [0m10:27:55  Done. PASS=1 WARN=0 ERROR=0 SKIP=0 TOTAL=1
[2024-10-12T10:27:56.068+0000] {subprocess.py:97} INFO - Command exited with return code 0
[2024-10-12T10:27:56.069+0000] {taskinstance.py:441} INFO - ::group::Post task execution logs
[2024-10-12T10:27:56.102+0000] {taskinstance.py:1206} INFO - Marking task as SUCCESS. dag_id=Taxi_trip_pipeline, task_id=dbt_transformation_layer.dbt_run_model_green_trip, run_id=scheduled__2024-10-12T10:00:00+00:00, execution_date=20241012T100000, start_date=20241012T102750, end_date=20241012T102756
[2024-10-12T10:27:56.157+0000] {local_task_job_runner.py:240} INFO - Task exited with return code 0
[2024-10-12T10:27:56.182+0000] {taskinstance.py:3498} INFO - 0 downstream tasks scheduled from follow-on schedule check
[2024-10-12T10:27:56.183+0000] {local_task_job_runner.py:222} INFO - ::endgroup::
