[2024-10-12T10:28:54.039+0000] {local_task_job_runner.py:120} INFO - ::group::Pre task execution logs
[2024-10-12T10:28:54.080+0000] {taskinstance.py:2076} INFO - Dependencies all met for dep_context=non-requeueable deps ti=<TaskInstance: Taxi_trip_pipeline.dbt_transformation_layer.dbt_run_model_green_trip scheduled__2024-10-12T10:00:00+00:00 [queued]>
[2024-10-12T10:28:54.097+0000] {taskinstance.py:2076} INFO - Dependencies all met for dep_context=requeueable deps ti=<TaskInstance: Taxi_trip_pipeline.dbt_transformation_layer.dbt_run_model_green_trip scheduled__2024-10-12T10:00:00+00:00 [queued]>
[2024-10-12T10:28:54.098+0000] {taskinstance.py:2306} INFO - Starting attempt 5 of 5
[2024-10-12T10:28:54.124+0000] {taskinstance.py:2330} INFO - Executing <Task(BashOperator): dbt_transformation_layer.dbt_run_model_green_trip> on 2024-10-12 10:00:00+00:00
[2024-10-12T10:28:54.133+0000] {standard_task_runner.py:63} INFO - Started process 332 to run task
[2024-10-12T10:28:54.137+0000] {standard_task_runner.py:90} INFO - Running: ['***', 'tasks', 'run', 'Taxi_trip_pipeline', 'dbt_transformation_layer.dbt_run_model_green_trip', 'scheduled__2024-10-12T10:00:00+00:00', '--job-id', '28', '--raw', '--subdir', 'DAGS_FOLDER/taxi_trip.py', '--cfg-path', '/tmp/tmp_15n1auc']
[2024-10-12T10:28:54.141+0000] {standard_task_runner.py:91} INFO - Job 28: Subtask dbt_transformation_layer.dbt_run_model_green_trip
[2024-10-12T10:28:54.209+0000] {task_command.py:426} INFO - Running <TaskInstance: Taxi_trip_pipeline.dbt_transformation_layer.dbt_run_model_green_trip scheduled__2024-10-12T10:00:00+00:00 [running]> on host bcbc9bb54b17
[2024-10-12T10:28:54.309+0000] {taskinstance.py:2648} INFO - Exporting env vars: AIRFLOW_CTX_DAG_OWNER='Mahmoud' AIRFLOW_CTX_DAG_ID='Taxi_trip_pipeline' AIRFLOW_CTX_TASK_ID='dbt_transformation_layer.dbt_run_model_green_trip' AIRFLOW_CTX_EXECUTION_DATE='2024-10-12T10:00:00+00:00' AIRFLOW_CTX_TRY_NUMBER='5' AIRFLOW_CTX_DAG_RUN_ID='scheduled__2024-10-12T10:00:00+00:00'
[2024-10-12T10:28:54.310+0000] {taskinstance.py:430} INFO - ::endgroup::
[2024-10-12T10:28:54.323+0000] {subprocess.py:63} INFO - Tmp dir root location: /tmp
[2024-10-12T10:28:54.323+0000] {subprocess.py:75} INFO - Running command: ['/usr/bin/bash', '-c', 'dbt run --profiles-dir /opt/***/DBT_Project  --project-dir /opt/***/dbt_trip --models green_trip']
[2024-10-12T10:28:54.339+0000] {subprocess.py:86} INFO - Output:
[2024-10-12T10:28:57.304+0000] {subprocess.py:93} INFO - [0m10:28:57  Running with dbt=1.8.0
[2024-10-12T10:28:57.659+0000] {subprocess.py:93} INFO - [0m10:28:57  Registered adapter: postgres=1.8.0
[2024-10-12T10:28:58.231+0000] {subprocess.py:93} INFO - [0m10:28:58  [[33mWARNING[0m]: Configuration paths exist in your dbt_project.yml file which do not apply to any resources.
[2024-10-12T10:28:58.231+0000] {subprocess.py:93} INFO - There are 2 unused configuration paths:
[2024-10-12T10:28:58.232+0000] {subprocess.py:93} INFO - - models.fact_trip.staging
[2024-10-12T10:28:58.232+0000] {subprocess.py:93} INFO - - models.fact_trip.Dimensions
[2024-10-12T10:28:58.561+0000] {subprocess.py:93} INFO - [0m10:28:58  Found 4 models, 6 data tests, 3 sources, 566 macros
[2024-10-12T10:28:58.564+0000] {subprocess.py:93} INFO - [0m10:28:58
[2024-10-12T10:28:58.773+0000] {subprocess.py:93} INFO - [0m10:28:58  Concurrency: 3 threads (target='dev')
[2024-10-12T10:28:58.774+0000] {subprocess.py:93} INFO - [0m10:28:58
[2024-10-12T10:28:58.789+0000] {subprocess.py:93} INFO - [0m10:28:58  1 of 1 START sql view model analysis.green_trip ................................ [RUN]
[2024-10-12T10:28:59.051+0000] {subprocess.py:93} INFO - [0m10:28:59  1 of 1 OK created sql view model analysis.green_trip ........................... [[32mCREATE VIEW[0m in 0.26s]
[2024-10-12T10:28:59.063+0000] {subprocess.py:93} INFO - [0m10:28:59
[2024-10-12T10:28:59.063+0000] {subprocess.py:93} INFO - [0m10:28:59  Finished running 1 view model in 0 hours 0 minutes and 0.50 seconds (0.50s).
[2024-10-12T10:28:59.112+0000] {subprocess.py:93} INFO - [0m10:28:59
[2024-10-12T10:28:59.112+0000] {subprocess.py:93} INFO - [0m10:28:59  [32mCompleted successfully[0m
[2024-10-12T10:28:59.113+0000] {subprocess.py:93} INFO - [0m10:28:59
[2024-10-12T10:28:59.113+0000] {subprocess.py:93} INFO - [0m10:28:59  Done. PASS=1 WARN=0 ERROR=0 SKIP=0 TOTAL=1
[2024-10-12T10:29:00.411+0000] {subprocess.py:97} INFO - Command exited with return code 0
[2024-10-12T10:29:00.412+0000] {taskinstance.py:441} INFO - ::group::Post task execution logs
[2024-10-12T10:29:00.437+0000] {taskinstance.py:1206} INFO - Marking task as SUCCESS. dag_id=Taxi_trip_pipeline, task_id=dbt_transformation_layer.dbt_run_model_green_trip, run_id=scheduled__2024-10-12T10:00:00+00:00, execution_date=20241012T100000, start_date=20241012T102854, end_date=20241012T102900
[2024-10-12T10:29:00.484+0000] {local_task_job_runner.py:240} INFO - Task exited with return code 0
[2024-10-12T10:29:00.508+0000] {taskinstance.py:3498} INFO - 0 downstream tasks scheduled from follow-on schedule check
[2024-10-12T10:29:00.509+0000] {local_task_job_runner.py:222} INFO - ::endgroup::
