[2024-10-12T10:27:19.864+0000] {local_task_job_runner.py:120} INFO - ::group::Pre task execution logs
[2024-10-12T10:27:19.895+0000] {taskinstance.py:2076} INFO - Dependencies all met for dep_context=non-requeueable deps ti=<TaskInstance: Taxi_trip_pipeline.dbt_transformation_layer.dbt_run_model_green_trip scheduled__2024-10-12T10:00:00+00:00 [queued]>
[2024-10-12T10:27:19.908+0000] {taskinstance.py:2076} INFO - Dependencies all met for dep_context=requeueable deps ti=<TaskInstance: Taxi_trip_pipeline.dbt_transformation_layer.dbt_run_model_green_trip scheduled__2024-10-12T10:00:00+00:00 [queued]>
[2024-10-12T10:27:19.908+0000] {taskinstance.py:2306} INFO - Starting attempt 3 of 3
[2024-10-12T10:27:19.924+0000] {taskinstance.py:2330} INFO - Executing <Task(BashOperator): dbt_transformation_layer.dbt_run_model_green_trip> on 2024-10-12 10:00:00+00:00
[2024-10-12T10:27:19.933+0000] {standard_task_runner.py:63} INFO - Started process 243 to run task
[2024-10-12T10:27:19.937+0000] {standard_task_runner.py:90} INFO - Running: ['***', 'tasks', 'run', 'Taxi_trip_pipeline', 'dbt_transformation_layer.dbt_run_model_green_trip', 'scheduled__2024-10-12T10:00:00+00:00', '--job-id', '21', '--raw', '--subdir', 'DAGS_FOLDER/taxi_trip.py', '--cfg-path', '/tmp/tmp_e2p39qe']
[2024-10-12T10:27:19.941+0000] {standard_task_runner.py:91} INFO - Job 21: Subtask dbt_transformation_layer.dbt_run_model_green_trip
[2024-10-12T10:27:20.009+0000] {task_command.py:426} INFO - Running <TaskInstance: Taxi_trip_pipeline.dbt_transformation_layer.dbt_run_model_green_trip scheduled__2024-10-12T10:00:00+00:00 [running]> on host bcbc9bb54b17
[2024-10-12T10:27:20.116+0000] {taskinstance.py:2648} INFO - Exporting env vars: AIRFLOW_CTX_DAG_OWNER='Mahmoud' AIRFLOW_CTX_DAG_ID='Taxi_trip_pipeline' AIRFLOW_CTX_TASK_ID='dbt_transformation_layer.dbt_run_model_green_trip' AIRFLOW_CTX_EXECUTION_DATE='2024-10-12T10:00:00+00:00' AIRFLOW_CTX_TRY_NUMBER='3' AIRFLOW_CTX_DAG_RUN_ID='scheduled__2024-10-12T10:00:00+00:00'
[2024-10-12T10:27:20.117+0000] {taskinstance.py:430} INFO - ::endgroup::
[2024-10-12T10:27:20.130+0000] {subprocess.py:63} INFO - Tmp dir root location: /tmp
[2024-10-12T10:27:20.131+0000] {subprocess.py:75} INFO - Running command: ['/usr/bin/bash', '-c', 'dbt run --profiles-dir /opt/***/DBT_Project  --project-dir /opt/***/dbt_trip --models green_trip']
[2024-10-12T10:27:20.148+0000] {subprocess.py:86} INFO - Output:
[2024-10-12T10:27:23.251+0000] {subprocess.py:93} INFO - [0m10:27:23  Running with dbt=1.8.0
[2024-10-12T10:27:23.692+0000] {subprocess.py:93} INFO - [0m10:27:23  Registered adapter: postgres=1.8.0
[2024-10-12T10:27:24.139+0000] {subprocess.py:93} INFO - [0m10:27:24  [[33mWARNING[0m]: Configuration paths exist in your dbt_project.yml file which do not apply to any resources.
[2024-10-12T10:27:24.139+0000] {subprocess.py:93} INFO - There are 2 unused configuration paths:
[2024-10-12T10:27:24.139+0000] {subprocess.py:93} INFO - - models.fact_trip.Dimensions
[2024-10-12T10:27:24.140+0000] {subprocess.py:93} INFO - - models.fact_trip.staging
[2024-10-12T10:27:24.435+0000] {subprocess.py:93} INFO - [0m10:27:24  Found 4 models, 6 data tests, 3 sources, 566 macros
[2024-10-12T10:27:24.440+0000] {subprocess.py:93} INFO - [0m10:27:24
[2024-10-12T10:27:24.642+0000] {subprocess.py:93} INFO - [0m10:27:24  Concurrency: 3 threads (target='dev')
[2024-10-12T10:27:24.643+0000] {subprocess.py:93} INFO - [0m10:27:24
[2024-10-12T10:27:24.661+0000] {subprocess.py:93} INFO - [0m10:27:24  1 of 1 START sql view model analysis.green_trip ................................ [RUN]
[2024-10-12T10:27:24.909+0000] {subprocess.py:93} INFO - [0m10:27:24  1 of 1 OK created sql view model analysis.green_trip ........................... [[32mCREATE VIEW[0m in 0.24s]
[2024-10-12T10:27:24.936+0000] {subprocess.py:93} INFO - [0m10:27:24
[2024-10-12T10:27:24.938+0000] {subprocess.py:93} INFO - [0m10:27:24  Finished running 1 view model in 0 hours 0 minutes and 0.49 seconds (0.49s).
[2024-10-12T10:27:25.047+0000] {subprocess.py:93} INFO - [0m10:27:25
[2024-10-12T10:27:25.049+0000] {subprocess.py:93} INFO - [0m10:27:25  [32mCompleted successfully[0m
[2024-10-12T10:27:25.050+0000] {subprocess.py:93} INFO - [0m10:27:25
[2024-10-12T10:27:25.051+0000] {subprocess.py:93} INFO - [0m10:27:25  Done. PASS=1 WARN=0 ERROR=0 SKIP=0 TOTAL=1
[2024-10-12T10:27:26.213+0000] {subprocess.py:97} INFO - Command exited with return code 0
[2024-10-12T10:27:26.214+0000] {taskinstance.py:441} INFO - ::group::Post task execution logs
[2024-10-12T10:27:26.246+0000] {taskinstance.py:1206} INFO - Marking task as SUCCESS. dag_id=Taxi_trip_pipeline, task_id=dbt_transformation_layer.dbt_run_model_green_trip, run_id=scheduled__2024-10-12T10:00:00+00:00, execution_date=20241012T100000, start_date=20241012T102719, end_date=20241012T102726
[2024-10-12T10:27:26.303+0000] {local_task_job_runner.py:240} INFO - Task exited with return code 0
[2024-10-12T10:27:26.323+0000] {taskinstance.py:3498} INFO - 0 downstream tasks scheduled from follow-on schedule check
[2024-10-12T10:27:26.326+0000] {local_task_job_runner.py:222} INFO - ::endgroup::
