[2024-10-12T12:02:10.859+0000] {local_task_job_runner.py:120} INFO - ::group::Pre task execution logs
[2024-10-12T12:02:10.883+0000] {taskinstance.py:2076} INFO - Dependencies all met for dep_context=non-requeueable deps ti=<TaskInstance: Taxi_trip_pipeline.load_layer.load_green_trip scheduled__2024-10-12T11:45:00+00:00 [queued]>
[2024-10-12T12:02:10.896+0000] {taskinstance.py:2076} INFO - Dependencies all met for dep_context=requeueable deps ti=<TaskInstance: Taxi_trip_pipeline.load_layer.load_green_trip scheduled__2024-10-12T11:45:00+00:00 [queued]>
[2024-10-12T12:02:10.896+0000] {taskinstance.py:2306} INFO - Starting attempt 1 of 1
[2024-10-12T12:02:10.912+0000] {taskinstance.py:2330} INFO - Executing <Task(PythonOperator): load_layer.load_green_trip> on 2024-10-12 11:45:00+00:00
[2024-10-12T12:02:10.921+0000] {standard_task_runner.py:63} INFO - Started process 351 to run task
[2024-10-12T12:02:10.925+0000] {standard_task_runner.py:90} INFO - Running: ['***', 'tasks', 'run', 'Taxi_trip_pipeline', 'load_layer.load_green_trip', 'scheduled__2024-10-12T11:45:00+00:00', '--job-id', '32', '--raw', '--subdir', 'DAGS_FOLDER/taxi_trip.py', '--cfg-path', '/tmp/tmpsz1fqbhf']
[2024-10-12T12:02:10.927+0000] {standard_task_runner.py:91} INFO - Job 32: Subtask load_layer.load_green_trip
[2024-10-12T12:02:10.984+0000] {task_command.py:426} INFO - Running <TaskInstance: Taxi_trip_pipeline.load_layer.load_green_trip scheduled__2024-10-12T11:45:00+00:00 [running]> on host 4f9d1e7ade51
[2024-10-12T12:02:11.082+0000] {taskinstance.py:2648} INFO - Exporting env vars: AIRFLOW_CTX_DAG_OWNER='Mahmoud' AIRFLOW_CTX_DAG_ID='Taxi_trip_pipeline' AIRFLOW_CTX_TASK_ID='load_layer.load_green_trip' AIRFLOW_CTX_EXECUTION_DATE='2024-10-12T11:45:00+00:00' AIRFLOW_CTX_TRY_NUMBER='1' AIRFLOW_CTX_DAG_RUN_ID='scheduled__2024-10-12T11:45:00+00:00'
[2024-10-12T12:02:11.083+0000] {taskinstance.py:430} INFO - ::endgroup::
[2024-10-12T12:02:11.108+0000] {taxi_trip.py:76} ERROR - No data found for green trip
[2024-10-12T12:02:11.108+0000] {python.py:237} INFO - Done. Returned value was: None
[2024-10-12T12:02:11.109+0000] {taskinstance.py:441} INFO - ::group::Post task execution logs
[2024-10-12T12:02:11.121+0000] {taskinstance.py:1206} INFO - Marking task as SUCCESS. dag_id=Taxi_trip_pipeline, task_id=load_layer.load_green_trip, run_id=scheduled__2024-10-12T11:45:00+00:00, execution_date=20241012T114500, start_date=20241012T120210, end_date=20241012T120211
[2024-10-12T12:02:11.176+0000] {local_task_job_runner.py:240} INFO - Task exited with return code 0
[2024-10-12T12:02:11.188+0000] {local_task_job_runner.py:222} INFO - ::endgroup::
[2024-10-12T12:08:27.060+0000] {local_task_job_runner.py:120} INFO - ::group::Pre task execution logs
[2024-10-12T12:08:27.087+0000] {taskinstance.py:2076} INFO - Dependencies all met for dep_context=non-requeueable deps ti=<TaskInstance: Taxi_trip_pipeline.load_layer.load_green_trip scheduled__2024-10-12T11:45:00+00:00 [queued]>
[2024-10-12T12:08:27.097+0000] {taskinstance.py:2076} INFO - Dependencies all met for dep_context=requeueable deps ti=<TaskInstance: Taxi_trip_pipeline.load_layer.load_green_trip scheduled__2024-10-12T11:45:00+00:00 [queued]>
[2024-10-12T12:08:27.098+0000] {taskinstance.py:2306} INFO - Starting attempt 1 of 1
[2024-10-12T12:08:27.110+0000] {taskinstance.py:2330} INFO - Executing <Task(PythonOperator): load_layer.load_green_trip> on 2024-10-12 11:45:00+00:00
[2024-10-12T12:08:27.120+0000] {standard_task_runner.py:63} INFO - Started process 59 to run task
[2024-10-12T12:08:27.123+0000] {standard_task_runner.py:90} INFO - Running: ['***', 'tasks', 'run', 'Taxi_trip_pipeline', 'load_layer.load_green_trip', 'scheduled__2024-10-12T11:45:00+00:00', '--job-id', '5', '--raw', '--subdir', 'DAGS_FOLDER/taxi_trip.py', '--cfg-path', '/tmp/tmpzu53qr4v']
[2024-10-12T12:08:27.126+0000] {standard_task_runner.py:91} INFO - Job 5: Subtask load_layer.load_green_trip
[2024-10-12T12:08:27.189+0000] {task_command.py:426} INFO - Running <TaskInstance: Taxi_trip_pipeline.load_layer.load_green_trip scheduled__2024-10-12T11:45:00+00:00 [running]> on host e1ee2fad10db
[2024-10-12T12:08:27.288+0000] {taskinstance.py:2648} INFO - Exporting env vars: AIRFLOW_CTX_DAG_OWNER='Mahmoud' AIRFLOW_CTX_DAG_ID='Taxi_trip_pipeline' AIRFLOW_CTX_TASK_ID='load_layer.load_green_trip' AIRFLOW_CTX_EXECUTION_DATE='2024-10-12T11:45:00+00:00' AIRFLOW_CTX_TRY_NUMBER='1' AIRFLOW_CTX_DAG_RUN_ID='scheduled__2024-10-12T11:45:00+00:00'
[2024-10-12T12:08:27.289+0000] {taskinstance.py:430} INFO - ::endgroup::
[2024-10-12T12:08:27.318+0000] {taxi_trip.py:76} ERROR - No data found for green trip
[2024-10-12T12:08:27.318+0000] {python.py:237} INFO - Done. Returned value was: None
[2024-10-12T12:08:27.319+0000] {taskinstance.py:441} INFO - ::group::Post task execution logs
[2024-10-12T12:08:27.327+0000] {taskinstance.py:1206} INFO - Marking task as SUCCESS. dag_id=Taxi_trip_pipeline, task_id=load_layer.load_green_trip, run_id=scheduled__2024-10-12T11:45:00+00:00, execution_date=20241012T114500, start_date=20241012T120827, end_date=20241012T120827
[2024-10-12T12:08:27.374+0000] {local_task_job_runner.py:240} INFO - Task exited with return code 0
[2024-10-12T12:08:27.407+0000] {taskinstance.py:3498} INFO - 0 downstream tasks scheduled from follow-on schedule check
[2024-10-12T12:08:27.408+0000] {local_task_job_runner.py:222} INFO - ::endgroup::
