[2024-09-25T19:26:52.219+0000] {local_task_job_runner.py:120} INFO - ::group::Pre task execution logs
[2024-09-25T19:26:52.250+0000] {taskinstance.py:2076} INFO - Dependencies all met for dep_context=non-requeueable deps ti=<TaskInstance: Taxi_trip_pipeline.extraction_group.extract_green_date manual__2024-09-25T19:26:50.966300+00:00 [queued]>
[2024-09-25T19:26:52.267+0000] {taskinstance.py:2076} INFO - Dependencies all met for dep_context=requeueable deps ti=<TaskInstance: Taxi_trip_pipeline.extraction_group.extract_green_date manual__2024-09-25T19:26:50.966300+00:00 [queued]>
[2024-09-25T19:26:52.267+0000] {taskinstance.py:2306} INFO - Starting attempt 1 of 1
[2024-09-25T19:26:52.283+0000] {taskinstance.py:2330} INFO - Executing <Task(PythonOperator): extraction_group.extract_green_date> on 2024-09-25 19:26:50.966300+00:00
[2024-09-25T19:26:52.293+0000] {standard_task_runner.py:63} INFO - Started process 142 to run task
[2024-09-25T19:26:52.295+0000] {standard_task_runner.py:90} INFO - Running: ['***', 'tasks', 'run', 'Taxi_trip_pipeline', 'extraction_group.extract_green_date', 'manual__2024-09-25T19:26:50.966300+00:00', '--job-id', '127', '--raw', '--subdir', 'DAGS_FOLDER/taxi_trip.py', '--cfg-path', '/tmp/tmpyex6d6wc']
[2024-09-25T19:26:52.298+0000] {standard_task_runner.py:91} INFO - Job 127: Subtask extraction_group.extract_green_date
[2024-09-25T19:26:52.347+0000] {task_command.py:426} INFO - Running <TaskInstance: Taxi_trip_pipeline.extraction_group.extract_green_date manual__2024-09-25T19:26:50.966300+00:00 [running]> on host 3aa1deac3d71
[2024-09-25T19:26:52.518+0000] {taskinstance.py:2648} INFO - Exporting env vars: AIRFLOW_CTX_DAG_OWNER='Mahmoud' AIRFLOW_CTX_DAG_ID='Taxi_trip_pipeline' AIRFLOW_CTX_TASK_ID='extraction_group.extract_green_date' AIRFLOW_CTX_EXECUTION_DATE='2024-09-25T19:26:50.966300+00:00' AIRFLOW_CTX_TRY_NUMBER='1' AIRFLOW_CTX_DAG_RUN_ID='manual__2024-09-25T19:26:50.966300+00:00'
[2024-09-25T19:26:52.523+0000] {taskinstance.py:430} INFO - ::endgroup::
[2024-09-25T19:26:52.547+0000] {taxi_trip.py:36} INFO - Data extraction for green trip started
[2024-09-25T19:26:52.548+0000] {Process_data.py:14} INFO - Start transforming Green Trip data...
[2024-09-25T19:26:52.642+0000] {taxi_trip.py:38} INFO - Data extraction for green trip done
[2024-09-25T19:26:53.182+0000] {taxi_trip.py:41} INFO - Pushed green trip data with 1 rows to XCom
[2024-09-25T19:26:53.183+0000] {python.py:237} INFO - Done. Returned value was: None
[2024-09-25T19:26:53.183+0000] {taskinstance.py:441} INFO - ::group::Post task execution logs
[2024-09-25T19:26:53.193+0000] {taskinstance.py:1206} INFO - Marking task as SUCCESS. dag_id=Taxi_trip_pipeline, task_id=extraction_group.extract_green_date, run_id=manual__2024-09-25T19:26:50.966300+00:00, execution_date=20240925T192650, start_date=20240925T192652, end_date=20240925T192653
[2024-09-25T19:26:53.244+0000] {local_task_job_runner.py:240} INFO - Task exited with return code 0
[2024-09-25T19:26:53.272+0000] {taskinstance.py:3498} INFO - 0 downstream tasks scheduled from follow-on schedule check
[2024-09-25T19:26:53.273+0000] {local_task_job_runner.py:222} INFO - ::endgroup::
