[2024-10-12T12:28:09.022+0000] {local_task_job_runner.py:120} INFO - ::group::Pre task execution logs
[2024-10-12T12:28:09.049+0000] {taskinstance.py:2076} INFO - Dependencies all met for dep_context=non-requeueable deps ti=<TaskInstance: Taxi_trip_pipeline.dbt_transformation_layer.dbt_run_model_green_trip manual__2024-10-12T12:26:35.793984+00:00 [queued]>
[2024-10-12T12:28:09.060+0000] {taskinstance.py:2076} INFO - Dependencies all met for dep_context=requeueable deps ti=<TaskInstance: Taxi_trip_pipeline.dbt_transformation_layer.dbt_run_model_green_trip manual__2024-10-12T12:26:35.793984+00:00 [queued]>
[2024-10-12T12:28:09.061+0000] {taskinstance.py:2306} INFO - Starting attempt 2 of 2
[2024-10-12T12:28:09.074+0000] {taskinstance.py:2330} INFO - Executing <Task(BashOperator): dbt_transformation_layer.dbt_run_model_green_trip> on 2024-10-12 12:26:35.793984+00:00
[2024-10-12T12:28:09.083+0000] {standard_task_runner.py:63} INFO - Started process 169 to run task
[2024-10-12T12:28:09.086+0000] {standard_task_runner.py:90} INFO - Running: ['***', 'tasks', 'run', 'Taxi_trip_pipeline', 'dbt_transformation_layer.dbt_run_model_green_trip', 'manual__2024-10-12T12:26:35.793984+00:00', '--job-id', '64', '--raw', '--subdir', 'DAGS_FOLDER/taxi_trip.py', '--cfg-path', '/tmp/tmpqywrvpid']
[2024-10-12T12:28:09.088+0000] {standard_task_runner.py:91} INFO - Job 64: Subtask dbt_transformation_layer.dbt_run_model_green_trip
[2024-10-12T12:28:09.138+0000] {task_command.py:426} INFO - Running <TaskInstance: Taxi_trip_pipeline.dbt_transformation_layer.dbt_run_model_green_trip manual__2024-10-12T12:26:35.793984+00:00 [running]> on host 2e13a8282432
[2024-10-12T12:28:09.242+0000] {taskinstance.py:2648} INFO - Exporting env vars: AIRFLOW_CTX_DAG_OWNER='Mahmoud' AIRFLOW_CTX_DAG_ID='Taxi_trip_pipeline' AIRFLOW_CTX_TASK_ID='dbt_transformation_layer.dbt_run_model_green_trip' AIRFLOW_CTX_EXECUTION_DATE='2024-10-12T12:26:35.793984+00:00' AIRFLOW_CTX_TRY_NUMBER='2' AIRFLOW_CTX_DAG_RUN_ID='manual__2024-10-12T12:26:35.793984+00:00'
[2024-10-12T12:28:09.243+0000] {taskinstance.py:430} INFO - ::endgroup::
[2024-10-12T12:28:09.260+0000] {subprocess.py:63} INFO - Tmp dir root location: /tmp
[2024-10-12T12:28:09.261+0000] {subprocess.py:75} INFO - Running command: ['/usr/bin/bash', '-c', 'dbt run --profiles-dir /opt/***/DBT_Project  --project-dir /opt/***/dbt_trip --models green_trip']
[2024-10-12T12:28:09.287+0000] {subprocess.py:86} INFO - Output:
[2024-10-12T12:28:11.535+0000] {subprocess.py:93} INFO - [0m12:28:11  Running with dbt=1.8.0
[2024-10-12T12:28:11.893+0000] {subprocess.py:93} INFO - [0m12:28:11  Registered adapter: postgres=1.8.0
[2024-10-12T12:28:12.181+0000] {subprocess.py:93} INFO - [0m12:28:12  [[33mWARNING[0m]: Configuration paths exist in your dbt_project.yml file which do not apply to any resources.
[2024-10-12T12:28:12.182+0000] {subprocess.py:93} INFO - There are 2 unused configuration paths:
[2024-10-12T12:28:12.182+0000] {subprocess.py:93} INFO - - models.fact_trip.staging
[2024-10-12T12:28:12.182+0000] {subprocess.py:93} INFO - - models.fact_trip.Dimensions
[2024-10-12T12:28:12.583+0000] {subprocess.py:93} INFO - [0m12:28:12  Found 4 models, 6 data tests, 3 sources, 566 macros
[2024-10-12T12:28:12.585+0000] {subprocess.py:93} INFO - [0m12:28:12
[2024-10-12T12:28:12.789+0000] {subprocess.py:93} INFO - [0m12:28:12  Concurrency: 3 threads (target='dev')
[2024-10-12T12:28:12.791+0000] {subprocess.py:93} INFO - [0m12:28:12
[2024-10-12T12:28:12.796+0000] {subprocess.py:93} INFO - [0m12:28:12  1 of 1 START sql view model analysis.green_trip ................................ [RUN]
[2024-10-12T12:28:13.073+0000] {subprocess.py:93} INFO - [0m12:28:13  1 of 1 OK created sql view model analysis.green_trip ........................... [[32mCREATE VIEW[0m in 0.27s]
[2024-10-12T12:28:13.095+0000] {subprocess.py:93} INFO - [0m12:28:13
[2024-10-12T12:28:13.096+0000] {subprocess.py:93} INFO - [0m12:28:13  Finished running 1 view model in 0 hours 0 minutes and 0.51 seconds (0.51s).
[2024-10-12T12:28:13.183+0000] {subprocess.py:93} INFO - [0m12:28:13
[2024-10-12T12:28:13.184+0000] {subprocess.py:93} INFO - [0m12:28:13  [32mCompleted successfully[0m
[2024-10-12T12:28:13.185+0000] {subprocess.py:93} INFO - [0m12:28:13
[2024-10-12T12:28:13.186+0000] {subprocess.py:93} INFO - [0m12:28:13  Done. PASS=1 WARN=0 ERROR=0 SKIP=0 TOTAL=1
[2024-10-12T12:28:14.208+0000] {subprocess.py:97} INFO - Command exited with return code 0
[2024-10-12T12:28:14.209+0000] {taskinstance.py:441} INFO - ::group::Post task execution logs
[2024-10-12T12:28:14.237+0000] {taskinstance.py:1206} INFO - Marking task as SUCCESS. dag_id=Taxi_trip_pipeline, task_id=dbt_transformation_layer.dbt_run_model_green_trip, run_id=manual__2024-10-12T12:26:35.793984+00:00, execution_date=20241012T122635, start_date=20241012T122809, end_date=20241012T122814
[2024-10-12T12:28:14.287+0000] {local_task_job_runner.py:240} INFO - Task exited with return code 0
[2024-10-12T12:28:14.301+0000] {local_task_job_runner.py:222} INFO - ::endgroup::
