[2024-10-12T12:27:16.272+0000] {local_task_job_runner.py:120} INFO - ::group::Pre task execution logs
[2024-10-12T12:27:16.303+0000] {taskinstance.py:2076} INFO - Dependencies all met for dep_context=non-requeueable deps ti=<TaskInstance: Taxi_trip_pipeline.dbt_transformation_layer.dbt_run_model_green_trip manual__2024-10-12T12:26:35.793984+00:00 [queued]>
[2024-10-12T12:27:16.317+0000] {taskinstance.py:2076} INFO - Dependencies all met for dep_context=requeueable deps ti=<TaskInstance: Taxi_trip_pipeline.dbt_transformation_layer.dbt_run_model_green_trip manual__2024-10-12T12:26:35.793984+00:00 [queued]>
[2024-10-12T12:27:16.318+0000] {taskinstance.py:2306} INFO - Starting attempt 1 of 1
[2024-10-12T12:27:16.335+0000] {taskinstance.py:2330} INFO - Executing <Task(BashOperator): dbt_transformation_layer.dbt_run_model_green_trip> on 2024-10-12 12:26:35.793984+00:00
[2024-10-12T12:27:16.343+0000] {standard_task_runner.py:63} INFO - Started process 100 to run task
[2024-10-12T12:27:16.346+0000] {standard_task_runner.py:90} INFO - Running: ['***', 'tasks', 'run', 'Taxi_trip_pipeline', 'dbt_transformation_layer.dbt_run_model_green_trip', 'manual__2024-10-12T12:26:35.793984+00:00', '--job-id', '60', '--raw', '--subdir', 'DAGS_FOLDER/taxi_trip.py', '--cfg-path', '/tmp/tmppytcau_k']
[2024-10-12T12:27:16.348+0000] {standard_task_runner.py:91} INFO - Job 60: Subtask dbt_transformation_layer.dbt_run_model_green_trip
[2024-10-12T12:27:16.392+0000] {task_command.py:426} INFO - Running <TaskInstance: Taxi_trip_pipeline.dbt_transformation_layer.dbt_run_model_green_trip manual__2024-10-12T12:26:35.793984+00:00 [running]> on host 2e13a8282432
[2024-10-12T12:27:16.495+0000] {taskinstance.py:2648} INFO - Exporting env vars: AIRFLOW_CTX_DAG_OWNER='Mahmoud' AIRFLOW_CTX_DAG_ID='Taxi_trip_pipeline' AIRFLOW_CTX_TASK_ID='dbt_transformation_layer.dbt_run_model_green_trip' AIRFLOW_CTX_EXECUTION_DATE='2024-10-12T12:26:35.793984+00:00' AIRFLOW_CTX_TRY_NUMBER='1' AIRFLOW_CTX_DAG_RUN_ID='manual__2024-10-12T12:26:35.793984+00:00'
[2024-10-12T12:27:16.496+0000] {taskinstance.py:430} INFO - ::endgroup::
[2024-10-12T12:27:16.509+0000] {subprocess.py:63} INFO - Tmp dir root location: /tmp
[2024-10-12T12:27:16.510+0000] {subprocess.py:75} INFO - Running command: ['/usr/bin/bash', '-c', 'dbt run --profiles-dir /opt/***/DBT_Project  --project-dir /opt/***/dbt_trip --models green_trip']
[2024-10-12T12:27:16.526+0000] {subprocess.py:86} INFO - Output:
[2024-10-12T12:27:19.008+0000] {subprocess.py:93} INFO - [0m12:27:19  Running with dbt=1.8.0
[2024-10-12T12:27:19.411+0000] {subprocess.py:93} INFO - [0m12:27:19  Registered adapter: postgres=1.8.0
[2024-10-12T12:27:19.703+0000] {subprocess.py:93} INFO - [0m12:27:19  Unable to do partial parsing because profile has changed
[2024-10-12T12:27:22.018+0000] {subprocess.py:93} INFO - [0m12:27:22  [[33mWARNING[0m]: Deprecated functionality
[2024-10-12T12:27:22.018+0000] {subprocess.py:93} INFO - The `tests` config has been renamed to `data_tests`. Please see
[2024-10-12T12:27:22.019+0000] {subprocess.py:93} INFO - https://docs.getdbt.com/docs/build/data-tests#new-data_tests-syntax for more
[2024-10-12T12:27:22.019+0000] {subprocess.py:93} INFO - information.
[2024-10-12T12:27:22.443+0000] {subprocess.py:93} INFO - [0m12:27:22  [[33mWARNING[0m]: Found patch for macro "payment_type_mapping" which was not found
[2024-10-12T12:27:22.446+0000] {subprocess.py:93} INFO - [0m12:27:22  [[33mWARNING[0m]: Found patch for macro "rate_code_mapping" which was not found
[2024-10-12T12:27:22.448+0000] {subprocess.py:93} INFO - [0m12:27:22  [[33mWARNING[0m]: Found patch for macro "store_and_fwd_flag_mapping" which was not found
[2024-10-12T12:27:22.451+0000] {subprocess.py:93} INFO - [0m12:27:22  [[33mWARNING[0m]: Found patch for macro "trip_type_mapping" which was not found
[2024-10-12T12:27:22.453+0000] {subprocess.py:93} INFO - [0m12:27:22  [[33mWARNING[0m]: Found patch for macro "vendor_mapping" which was not found
[2024-10-12T12:27:22.639+0000] {subprocess.py:93} INFO - [0m12:27:22  [[33mWARNING[0m]: Configuration paths exist in your dbt_project.yml file which do not apply to any resources.
[2024-10-12T12:27:22.640+0000] {subprocess.py:93} INFO - There are 2 unused configuration paths:
[2024-10-12T12:27:22.640+0000] {subprocess.py:93} INFO - - models.fact_trip.staging
[2024-10-12T12:27:22.641+0000] {subprocess.py:93} INFO - - models.fact_trip.Dimensions
[2024-10-12T12:27:22.940+0000] {subprocess.py:93} INFO - [0m12:27:22  Found 4 models, 6 data tests, 3 sources, 566 macros
[2024-10-12T12:27:22.944+0000] {subprocess.py:93} INFO - [0m12:27:22
[2024-10-12T12:27:23.148+0000] {subprocess.py:93} INFO - [0m12:27:23  Concurrency: 3 threads (target='dev')
[2024-10-12T12:27:23.150+0000] {subprocess.py:93} INFO - [0m12:27:23
[2024-10-12T12:27:23.162+0000] {subprocess.py:93} INFO - [0m12:27:23  1 of 1 START sql view model analysis.green_trip ................................ [RUN]
[2024-10-12T12:27:23.449+0000] {subprocess.py:93} INFO - [0m12:27:23  1 of 1 OK created sql view model analysis.green_trip ........................... [[32mCREATE VIEW[0m in 0.28s]
[2024-10-12T12:27:23.478+0000] {subprocess.py:93} INFO - [0m12:27:23
[2024-10-12T12:27:23.481+0000] {subprocess.py:93} INFO - [0m12:27:23  Finished running 1 view model in 0 hours 0 minutes and 0.53 seconds (0.53s).
[2024-10-12T12:27:23.603+0000] {subprocess.py:93} INFO - [0m12:27:23
[2024-10-12T12:27:23.605+0000] {subprocess.py:93} INFO - [0m12:27:23  [32mCompleted successfully[0m
[2024-10-12T12:27:23.607+0000] {subprocess.py:93} INFO - [0m12:27:23
[2024-10-12T12:27:23.608+0000] {subprocess.py:93} INFO - [0m12:27:23  Done. PASS=1 WARN=0 ERROR=0 SKIP=0 TOTAL=1
[2024-10-12T12:27:29.597+0000] {subprocess.py:97} INFO - Command exited with return code 0
[2024-10-12T12:27:29.598+0000] {taskinstance.py:441} INFO - ::group::Post task execution logs
[2024-10-12T12:27:29.622+0000] {taskinstance.py:1206} INFO - Marking task as SUCCESS. dag_id=Taxi_trip_pipeline, task_id=dbt_transformation_layer.dbt_run_model_green_trip, run_id=manual__2024-10-12T12:26:35.793984+00:00, execution_date=20241012T122635, start_date=20241012T122716, end_date=20241012T122729
[2024-10-12T12:27:29.671+0000] {local_task_job_runner.py:240} INFO - Task exited with return code 0
[2024-10-12T12:27:29.698+0000] {taskinstance.py:3498} INFO - 0 downstream tasks scheduled from follow-on schedule check
[2024-10-12T12:27:29.700+0000] {local_task_job_runner.py:222} INFO - ::endgroup::
