[2024-09-20T17:08:26.951+0000] {local_task_job_runner.py:120} INFO - ::group::Pre task execution logs
[2024-09-20T17:08:26.974+0000] {taskinstance.py:2076} INFO - Dependencies all met for dep_context=non-requeueable deps ti=<TaskInstance: NYC_Taxi_pipeline.load_data manual__2024-09-20T17:04:24.714893+00:00 [queued]>
[2024-09-20T17:08:26.982+0000] {taskinstance.py:2076} INFO - Dependencies all met for dep_context=requeueable deps ti=<TaskInstance: NYC_Taxi_pipeline.load_data manual__2024-09-20T17:04:24.714893+00:00 [queued]>
[2024-09-20T17:08:26.982+0000] {taskinstance.py:2306} INFO - Starting attempt 2 of 2
[2024-09-20T17:08:26.994+0000] {taskinstance.py:2330} INFO - Executing <Task(PythonOperator): load_data> on 2024-09-20 17:04:24.714893+00:00
[2024-09-20T17:08:27.001+0000] {standard_task_runner.py:63} INFO - Started process 53 to run task
[2024-09-20T17:08:27.004+0000] {standard_task_runner.py:90} INFO - Running: ['***', 'tasks', 'run', 'NYC_Taxi_pipeline', 'load_data', 'manual__2024-09-20T17:04:24.714893+00:00', '--job-id', '10', '--raw', '--subdir', 'DAGS_FOLDER/NYC_Taxi_pipeline.py', '--cfg-path', '/tmp/tmpw2abmoso']
[2024-09-20T17:08:27.007+0000] {standard_task_runner.py:91} INFO - Job 10: Subtask load_data
[2024-09-20T17:08:27.048+0000] {task_command.py:426} INFO - Running <TaskInstance: NYC_Taxi_pipeline.load_data manual__2024-09-20T17:04:24.714893+00:00 [running]> on host ebfded8325af
[2024-09-20T17:08:27.120+0000] {taskinstance.py:2648} INFO - Exporting env vars: AIRFLOW_CTX_DAG_OWNER='Mahmoud' AIRFLOW_CTX_DAG_ID='NYC_Taxi_pipeline' AIRFLOW_CTX_TASK_ID='load_data' AIRFLOW_CTX_EXECUTION_DATE='2024-09-20T17:04:24.714893+00:00' AIRFLOW_CTX_TRY_NUMBER='2' AIRFLOW_CTX_DAG_RUN_ID='manual__2024-09-20T17:04:24.714893+00:00'
[2024-09-20T17:08:27.121+0000] {taskinstance.py:430} INFO - ::endgroup::
[2024-09-20T17:08:27.132+0000] {NYC_Taxi_pipeline.py:44} INFO - Start to load data
[2024-09-20T17:08:27.132+0000] {data_process.py:28} INFO - Loading data into table trip...
[2024-09-20T17:08:28.859+0000] {data_process.py:51} INFO - Data shape after dropna: (339807, 20)
[2024-09-20T17:08:29.018+0000] {db_utils.py:21} INFO - Connected to PostgreSQL database successfully
[2024-09-20T17:10:03.498+0000] {data_process.py:71} INFO - Data loaded successfully into table trip with 339807 rows
[2024-09-20T17:10:03.501+0000] {db_utils.py:30} INFO - PostgreSQL connection is closed
[2024-09-20T17:10:03.565+0000] {NYC_Taxi_pipeline.py:47} INFO - Load data done
[2024-09-20T17:10:03.566+0000] {python.py:237} INFO - Done. Returned value was: None
[2024-09-20T17:10:03.566+0000] {taskinstance.py:441} INFO - ::group::Post task execution logs
[2024-09-20T17:10:03.574+0000] {taskinstance.py:1206} INFO - Marking task as SUCCESS. dag_id=NYC_Taxi_pipeline, task_id=load_data, run_id=manual__2024-09-20T17:04:24.714893+00:00, execution_date=20240920T170424, start_date=20240920T170826, end_date=20240920T171003
[2024-09-20T17:10:03.637+0000] {local_task_job_runner.py:240} INFO - Task exited with return code 0
[2024-09-20T17:10:03.657+0000] {taskinstance.py:3498} INFO - 1 downstream tasks scheduled from follow-on schedule check
[2024-09-20T17:10:03.659+0000] {local_task_job_runner.py:222} INFO - ::endgroup::
