[2024-09-20T17:04:26.912+0000] {local_task_job_runner.py:120} INFO - ::group::Pre task execution logs
[2024-09-20T17:04:26.937+0000] {taskinstance.py:2076} INFO - Dependencies all met for dep_context=non-requeueable deps ti=<TaskInstance: NYC_Taxi_pipeline.load_data manual__2024-09-20T17:04:24.714893+00:00 [queued]>
[2024-09-20T17:04:26.946+0000] {taskinstance.py:2076} INFO - Dependencies all met for dep_context=requeueable deps ti=<TaskInstance: NYC_Taxi_pipeline.load_data manual__2024-09-20T17:04:24.714893+00:00 [queued]>
[2024-09-20T17:04:26.947+0000] {taskinstance.py:2306} INFO - Starting attempt 1 of 1
[2024-09-20T17:04:26.959+0000] {taskinstance.py:2330} INFO - Executing <Task(PythonOperator): load_data> on 2024-09-20 17:04:24.714893+00:00
[2024-09-20T17:04:26.965+0000] {standard_task_runner.py:63} INFO - Started process 73 to run task
[2024-09-20T17:04:26.968+0000] {standard_task_runner.py:90} INFO - Running: ['***', 'tasks', 'run', 'NYC_Taxi_pipeline', 'load_data', 'manual__2024-09-20T17:04:24.714893+00:00', '--job-id', '6', '--raw', '--subdir', 'DAGS_FOLDER/NYC_Taxi_pipeline.py', '--cfg-path', '/tmp/tmpm91xl6p2']
[2024-09-20T17:04:26.971+0000] {standard_task_runner.py:91} INFO - Job 6: Subtask load_data
[2024-09-20T17:04:27.012+0000] {task_command.py:426} INFO - Running <TaskInstance: NYC_Taxi_pipeline.load_data manual__2024-09-20T17:04:24.714893+00:00 [running]> on host 6371a10ad06a
[2024-09-20T17:04:27.091+0000] {taskinstance.py:2648} INFO - Exporting env vars: AIRFLOW_CTX_DAG_OWNER='Mahmoud' AIRFLOW_CTX_DAG_ID='NYC_Taxi_pipeline' AIRFLOW_CTX_TASK_ID='load_data' AIRFLOW_CTX_EXECUTION_DATE='2024-09-20T17:04:24.714893+00:00' AIRFLOW_CTX_TRY_NUMBER='1' AIRFLOW_CTX_DAG_RUN_ID='manual__2024-09-20T17:04:24.714893+00:00'
[2024-09-20T17:04:27.092+0000] {taskinstance.py:430} INFO - ::endgroup::
[2024-09-20T17:04:27.102+0000] {NYC_Taxi_pipeline.py:44} INFO - Start to load data
[2024-09-20T17:04:27.103+0000] {data_process.py:28} INFO - Loading data into table trip...
[2024-09-20T17:04:28.876+0000] {data_process.py:51} INFO - Data shape after dropna: (339807, 20)
[2024-09-20T17:04:29.047+0000] {db_utils.py:24} ERROR - Error while connecting to PostgreSQL: connection to server at "172.20.0.3", port 5432 failed: FATAL:  database "nyc_taxi_trip" does not exist

[2024-09-20T17:04:29.048+0000] {data_process.py:74} ERROR - Failed to connect to the database and load data into table trip
[2024-09-20T17:04:29.062+0000] {NYC_Taxi_pipeline.py:47} INFO - Load data done
[2024-09-20T17:04:29.062+0000] {python.py:237} INFO - Done. Returned value was: None
[2024-09-20T17:04:29.064+0000] {taskinstance.py:441} INFO - ::group::Post task execution logs
[2024-09-20T17:04:29.079+0000] {taskinstance.py:1206} INFO - Marking task as SUCCESS. dag_id=NYC_Taxi_pipeline, task_id=load_data, run_id=manual__2024-09-20T17:04:24.714893+00:00, execution_date=20240920T170424, start_date=20240920T170426, end_date=20240920T170429
[2024-09-20T17:04:29.105+0000] {local_task_job_runner.py:240} INFO - Task exited with return code 0
[2024-09-20T17:04:29.127+0000] {taskinstance.py:3498} INFO - 1 downstream tasks scheduled from follow-on schedule check
[2024-09-20T17:04:29.128+0000] {local_task_job_runner.py:222} INFO - ::endgroup::
