[2024-10-12T12:28:09.030+0000] {local_task_job_runner.py:120} INFO - ::group::Pre task execution logs
[2024-10-12T12:28:09.053+0000] {taskinstance.py:2076} INFO - Dependencies all met for dep_context=non-requeueable deps ti=<TaskInstance: Taxi_trip_pipeline.dbt_transformation_layer.dbt_run_model_yellow_trip manual__2024-10-12T12:26:35.793984+00:00 [queued]>
[2024-10-12T12:28:09.064+0000] {taskinstance.py:2076} INFO - Dependencies all met for dep_context=requeueable deps ti=<TaskInstance: Taxi_trip_pipeline.dbt_transformation_layer.dbt_run_model_yellow_trip manual__2024-10-12T12:26:35.793984+00:00 [queued]>
[2024-10-12T12:28:09.064+0000] {taskinstance.py:2306} INFO - Starting attempt 2 of 2
[2024-10-12T12:28:09.077+0000] {taskinstance.py:2330} INFO - Executing <Task(BashOperator): dbt_transformation_layer.dbt_run_model_yellow_trip> on 2024-10-12 12:26:35.793984+00:00
[2024-10-12T12:28:09.085+0000] {standard_task_runner.py:63} INFO - Started process 170 to run task
[2024-10-12T12:28:09.089+0000] {standard_task_runner.py:90} INFO - Running: ['***', 'tasks', 'run', 'Taxi_trip_pipeline', 'dbt_transformation_layer.dbt_run_model_yellow_trip', 'manual__2024-10-12T12:26:35.793984+00:00', '--job-id', '65', '--raw', '--subdir', 'DAGS_FOLDER/taxi_trip.py', '--cfg-path', '/tmp/tmpi2_0m3xw']
[2024-10-12T12:28:09.091+0000] {standard_task_runner.py:91} INFO - Job 65: Subtask dbt_transformation_layer.dbt_run_model_yellow_trip
[2024-10-12T12:28:09.140+0000] {task_command.py:426} INFO - Running <TaskInstance: Taxi_trip_pipeline.dbt_transformation_layer.dbt_run_model_yellow_trip manual__2024-10-12T12:26:35.793984+00:00 [running]> on host 2e13a8282432
[2024-10-12T12:28:09.227+0000] {taskinstance.py:2648} INFO - Exporting env vars: AIRFLOW_CTX_DAG_OWNER='Mahmoud' AIRFLOW_CTX_DAG_ID='Taxi_trip_pipeline' AIRFLOW_CTX_TASK_ID='dbt_transformation_layer.dbt_run_model_yellow_trip' AIRFLOW_CTX_EXECUTION_DATE='2024-10-12T12:26:35.793984+00:00' AIRFLOW_CTX_TRY_NUMBER='2' AIRFLOW_CTX_DAG_RUN_ID='manual__2024-10-12T12:26:35.793984+00:00'
[2024-10-12T12:28:09.230+0000] {taskinstance.py:430} INFO - ::endgroup::
[2024-10-12T12:28:09.245+0000] {subprocess.py:63} INFO - Tmp dir root location: /tmp
[2024-10-12T12:28:09.246+0000] {subprocess.py:75} INFO - Running command: ['/usr/bin/bash', '-c', 'dbt run --profiles-dir /opt/***/DBT_Project  --project-dir /opt/***/dbt_trip --models yellow_trip']
[2024-10-12T12:28:09.266+0000] {subprocess.py:86} INFO - Output:
[2024-10-12T12:28:11.592+0000] {subprocess.py:93} INFO - [0m12:28:11  Running with dbt=1.8.0
[2024-10-12T12:28:11.970+0000] {subprocess.py:93} INFO - [0m12:28:11  Registered adapter: postgres=1.8.0
[2024-10-12T12:28:12.257+0000] {subprocess.py:93} INFO - [0m12:28:12  [[33mWARNING[0m]: Configuration paths exist in your dbt_project.yml file which do not apply to any resources.
[2024-10-12T12:28:12.257+0000] {subprocess.py:93} INFO - There are 2 unused configuration paths:
[2024-10-12T12:28:12.257+0000] {subprocess.py:93} INFO - - models.fact_trip.staging
[2024-10-12T12:28:12.258+0000] {subprocess.py:93} INFO - - models.fact_trip.Dimensions
[2024-10-12T12:28:12.653+0000] {subprocess.py:93} INFO - [0m12:28:12  Found 4 models, 6 data tests, 3 sources, 566 macros
[2024-10-12T12:28:12.656+0000] {subprocess.py:93} INFO - [0m12:28:12
[2024-10-12T12:28:12.867+0000] {subprocess.py:93} INFO - [0m12:28:12  Concurrency: 3 threads (target='dev')
[2024-10-12T12:28:12.868+0000] {subprocess.py:93} INFO - [0m12:28:12
[2024-10-12T12:28:12.877+0000] {subprocess.py:93} INFO - [0m12:28:12  1 of 1 START sql view model analysis.yellow_trip ............................... [RUN]
[2024-10-12T12:28:13.035+0000] {subprocess.py:93} INFO - [0m12:28:13  1 of 1 ERROR creating sql view model analysis.yellow_trip ...................... [[31mERROR[0m in 0.15s]
[2024-10-12T12:28:13.054+0000] {subprocess.py:93} INFO - [0m12:28:13
[2024-10-12T12:28:13.055+0000] {subprocess.py:93} INFO - [0m12:28:13  Finished running 1 view model in 0 hours 0 minutes and 0.40 seconds (0.40s).
[2024-10-12T12:28:13.132+0000] {subprocess.py:93} INFO - [0m12:28:13
[2024-10-12T12:28:13.133+0000] {subprocess.py:93} INFO - [0m12:28:13  [31mCompleted with 1 error and 0 warnings:[0m
[2024-10-12T12:28:13.134+0000] {subprocess.py:93} INFO - [0m12:28:13
[2024-10-12T12:28:13.135+0000] {subprocess.py:93} INFO - [0m12:28:13    Database Error in model yellow_trip (models/Staging/yellow_trip.sql)
[2024-10-12T12:28:13.135+0000] {subprocess.py:93} INFO -   relation "public.yellow_trip" does not exist
[2024-10-12T12:28:13.135+0000] {subprocess.py:93} INFO -   LINE 16:     FROM "nyc_taxi_trip"."public"."yellow_trip"
[2024-10-12T12:28:13.136+0000] {subprocess.py:93} INFO -                     ^
[2024-10-12T12:28:13.136+0000] {subprocess.py:93} INFO -   compiled code at target/run/fact_trip/models/Staging/yellow_trip.sql
[2024-10-12T12:28:13.136+0000] {subprocess.py:93} INFO - [0m12:28:13
[2024-10-12T12:28:13.136+0000] {subprocess.py:93} INFO - [0m12:28:13  Done. PASS=0 WARN=0 ERROR=1 SKIP=0 TOTAL=1
[2024-10-12T12:28:14.425+0000] {subprocess.py:97} INFO - Command exited with return code 1
[2024-10-12T12:28:14.425+0000] {taskinstance.py:441} INFO - ::group::Post task execution logs
[2024-10-12T12:28:14.439+0000] {taskinstance.py:2905} ERROR - Task failed with exception
Traceback (most recent call last):
  File "/home/airflow/.local/lib/python3.9/site-packages/airflow/models/taskinstance.py", line 465, in _execute_task
    result = _execute_callable(context=context, **execute_callable_kwargs)
  File "/home/airflow/.local/lib/python3.9/site-packages/airflow/models/taskinstance.py", line 432, in _execute_callable
    return execute_callable(context=context, **execute_callable_kwargs)
  File "/home/airflow/.local/lib/python3.9/site-packages/airflow/models/baseoperator.py", line 400, in wrapper
    return func(self, *args, **kwargs)
  File "/home/airflow/.local/lib/python3.9/site-packages/airflow/operators/bash.py", line 243, in execute
    raise AirflowException(
airflow.exceptions.AirflowException: Bash command failed. The command returned a non-zero exit code 1.
[2024-10-12T12:28:14.443+0000] {taskinstance.py:1206} INFO - Marking task as FAILED. dag_id=Taxi_trip_pipeline, task_id=dbt_transformation_layer.dbt_run_model_yellow_trip, run_id=manual__2024-10-12T12:26:35.793984+00:00, execution_date=20241012T122635, start_date=20241012T122809, end_date=20241012T122814
[2024-10-12T12:28:14.460+0000] {standard_task_runner.py:110} ERROR - Failed to execute job 65 for task dbt_transformation_layer.dbt_run_model_yellow_trip (Bash command failed. The command returned a non-zero exit code 1.; 170)
[2024-10-12T12:28:14.484+0000] {local_task_job_runner.py:240} INFO - Task exited with return code 1
[2024-10-12T12:28:14.509+0000] {taskinstance.py:3498} INFO - 0 downstream tasks scheduled from follow-on schedule check
[2024-10-12T12:28:14.514+0000] {local_task_job_runner.py:222} INFO - ::endgroup::
