[2024-09-17T18:36:46.756+0000] {local_task_job_runner.py:123} INFO - ::group::Pre task execution logs
[2024-09-17T18:36:46.772+0000] {taskinstance.py:2612} INFO - Dependencies all met for dep_context=non-requeueable deps ti=<TaskInstance: NYC_Taxi_pipeline.extract_data scheduled__2024-09-16T00:00:00+00:00 [queued]>
[2024-09-17T18:36:46.780+0000] {taskinstance.py:2612} INFO - Dependencies all met for dep_context=requeueable deps ti=<TaskInstance: NYC_Taxi_pipeline.extract_data scheduled__2024-09-16T00:00:00+00:00 [queued]>
[2024-09-17T18:36:46.781+0000] {taskinstance.py:2865} INFO - Starting attempt 1 of 1
[2024-09-17T18:36:46.793+0000] {taskinstance.py:2888} INFO - Executing <Task(PythonOperator): extract_data> on 2024-09-16 00:00:00+00:00
[2024-09-17T18:36:46.800+0000] {warnings.py:112} WARNING - /home/***/.local/lib/python3.12/site-packages/***/task/task_runner/standard_task_runner.py:70: DeprecationWarning: This process (pid=48) is multi-threaded, use of fork() may lead to deadlocks in the child.
  pid = os.fork()

[2024-09-17T18:36:46.802+0000] {standard_task_runner.py:72} INFO - Started process 50 to run task
[2024-09-17T18:36:46.802+0000] {standard_task_runner.py:104} INFO - Running: ['***', 'tasks', 'run', 'NYC_Taxi_pipeline', 'extract_data', 'scheduled__2024-09-16T00:00:00+00:00', '--job-id', '192', '--raw', '--subdir', 'DAGS_FOLDER/NYC_Taxi_pipeline.py', '--cfg-path', '/tmp/tmpbluohqoy']
[2024-09-17T18:36:46.805+0000] {standard_task_runner.py:105} INFO - Job 192: Subtask extract_data
[2024-09-17T18:36:46.850+0000] {task_command.py:467} INFO - Running <TaskInstance: NYC_Taxi_pipeline.extract_data scheduled__2024-09-16T00:00:00+00:00 [running]> on host 103d737d0864
[2024-09-17T18:36:47.101+0000] {taskinstance.py:3131} INFO - Exporting env vars: AIRFLOW_CTX_DAG_OWNER='Mahmoud' AIRFLOW_CTX_DAG_ID='NYC_Taxi_pipeline' AIRFLOW_CTX_TASK_ID='extract_data' AIRFLOW_CTX_EXECUTION_DATE='2024-09-16T00:00:00+00:00' AIRFLOW_CTX_TRY_NUMBER='1' AIRFLOW_CTX_DAG_RUN_ID='scheduled__2024-09-16T00:00:00+00:00'
[2024-09-17T18:36:47.102+0000] {taskinstance.py:731} INFO - ::endgroup::
[2024-09-17T18:36:47.129+0000] {NYC_Taxi_pipeline.py:39} INFO - Data extraction started
[2024-09-17T18:36:47.129+0000] {data_process.py:11} INFO - Loading Parquet files from the folder...
[2024-09-17T18:36:47.130+0000] {data_process.py:42} ERROR - Error while extracting trip data: No objects to concatenate
[2024-09-17T18:36:47.130+0000] {NYC_Taxi_pipeline.py:41} INFO - Data extraction done
[2024-09-17T18:36:47.130+0000] {python.py:240} INFO - Done. Returned value was: None
[2024-09-17T18:36:47.139+0000] {taskinstance.py:340} INFO - ::group::Post task execution logs
[2024-09-17T18:36:47.140+0000] {taskinstance.py:352} INFO - Marking task as SUCCESS. dag_id=NYC_Taxi_pipeline, task_id=extract_data, run_id=scheduled__2024-09-16T00:00:00+00:00, execution_date=20240916T000000, start_date=20240917T183646, end_date=20240917T183647
[2024-09-17T18:36:47.176+0000] {local_task_job_runner.py:266} INFO - Task exited with return code 0
[2024-09-17T18:36:47.201+0000] {taskinstance.py:3900} INFO - 1 downstream tasks scheduled from follow-on schedule check
[2024-09-17T18:36:47.203+0000] {local_task_job_runner.py:245} INFO - ::endgroup::
