[2024-09-29T20:45:29.966+0000] {local_task_job_runner.py:120} INFO - ::group::Pre task execution logs
[2024-09-29T20:45:29.987+0000] {taskinstance.py:2076} INFO - Dependencies all met for dep_context=non-requeueable deps ti=<TaskInstance: Taxi_trip_pipeline.extraction_layer.extract_yellow_date manual__2024-09-29T20:45:28.356121+00:00 [queued]>
[2024-09-29T20:45:29.996+0000] {taskinstance.py:2076} INFO - Dependencies all met for dep_context=requeueable deps ti=<TaskInstance: Taxi_trip_pipeline.extraction_layer.extract_yellow_date manual__2024-09-29T20:45:28.356121+00:00 [queued]>
[2024-09-29T20:45:29.996+0000] {taskinstance.py:2306} INFO - Starting attempt 1 of 1
[2024-09-29T20:45:30.009+0000] {taskinstance.py:2330} INFO - Executing <Task(PythonOperator): extraction_layer.extract_yellow_date> on 2024-09-29 20:45:28.356121+00:00
[2024-09-29T20:45:30.016+0000] {standard_task_runner.py:63} INFO - Started process 224 to run task
[2024-09-29T20:45:30.019+0000] {standard_task_runner.py:90} INFO - Running: ['***', 'tasks', 'run', 'Taxi_trip_pipeline', 'extraction_layer.extract_yellow_date', 'manual__2024-09-29T20:45:28.356121+00:00', '--job-id', '15', '--raw', '--subdir', 'DAGS_FOLDER/taxi_trip.py', '--cfg-path', '/tmp/tmp35xcwtpj']
[2024-09-29T20:45:30.021+0000] {standard_task_runner.py:91} INFO - Job 15: Subtask extraction_layer.extract_yellow_date
[2024-09-29T20:45:30.069+0000] {task_command.py:426} INFO - Running <TaskInstance: Taxi_trip_pipeline.extraction_layer.extract_yellow_date manual__2024-09-29T20:45:28.356121+00:00 [running]> on host c117e05af260
[2024-09-29T20:45:30.168+0000] {taskinstance.py:2648} INFO - Exporting env vars: AIRFLOW_CTX_DAG_OWNER='Mahmoud' AIRFLOW_CTX_DAG_ID='Taxi_trip_pipeline' AIRFLOW_CTX_TASK_ID='extraction_layer.extract_yellow_date' AIRFLOW_CTX_EXECUTION_DATE='2024-09-29T20:45:28.356121+00:00' AIRFLOW_CTX_TRY_NUMBER='1' AIRFLOW_CTX_DAG_RUN_ID='manual__2024-09-29T20:45:28.356121+00:00'
[2024-09-29T20:45:30.170+0000] {taskinstance.py:430} INFO - ::endgroup::
[2024-09-29T20:45:30.182+0000] {taxi_trip.py:52} INFO - Data extraction for yellow trip started
[2024-09-29T20:45:30.189+0000] {db_utils.py:16} INFO - Connected to PostgreSQL database successfully
[2024-09-29T20:45:30.189+0000] {Process_data.py:44} INFO - Start transforming Yellow Trip data...
[2024-09-29T20:45:30.191+0000] {Process_data.py:52} INFO - File yellow_tripdata_2024-01.parquet has already been extracted before . Skipping......
[2024-09-29T20:45:30.191+0000] {taxi_trip.py:55} INFO - Data extraction for yellow trip done
[2024-09-29T20:45:30.191+0000] {taxi_trip.py:61} WARNING - No data found for yellow trip
[2024-09-29T20:45:30.191+0000] {python.py:237} INFO - Done. Returned value was: None
[2024-09-29T20:45:30.192+0000] {taskinstance.py:441} INFO - ::group::Post task execution logs
[2024-09-29T20:45:30.202+0000] {taskinstance.py:1206} INFO - Marking task as SUCCESS. dag_id=Taxi_trip_pipeline, task_id=extraction_layer.extract_yellow_date, run_id=manual__2024-09-29T20:45:28.356121+00:00, execution_date=20240929T204528, start_date=20240929T204529, end_date=20240929T204530
[2024-09-29T20:45:30.231+0000] {local_task_job_runner.py:240} INFO - Task exited with return code 0
[2024-09-29T20:45:30.261+0000] {taskinstance.py:3498} INFO - 1 downstream tasks scheduled from follow-on schedule check
[2024-09-29T20:45:30.262+0000] {local_task_job_runner.py:222} INFO - ::endgroup::
