[2024-10-12T13:12:40.549+0000] {local_task_job_runner.py:120} INFO - ::group::Pre task execution logs
[2024-10-12T13:12:40.573+0000] {taskinstance.py:2076} INFO - Dependencies all met for dep_context=non-requeueable deps ti=<TaskInstance: Taxi_trip_pipeline.dbt_run_model_fact_trip manual__2024-10-12T13:03:08.986267+00:00 [queued]>
[2024-10-12T13:12:40.583+0000] {taskinstance.py:2076} INFO - Dependencies all met for dep_context=requeueable deps ti=<TaskInstance: Taxi_trip_pipeline.dbt_run_model_fact_trip manual__2024-10-12T13:03:08.986267+00:00 [queued]>
[2024-10-12T13:12:40.583+0000] {taskinstance.py:2306} INFO - Starting attempt 1 of 1
[2024-10-12T13:12:40.594+0000] {taskinstance.py:2330} INFO - Executing <Task(BashOperator): dbt_run_model_fact_trip> on 2024-10-12 13:03:08.986267+00:00
[2024-10-12T13:12:40.604+0000] {standard_task_runner.py:63} INFO - Started process 300 to run task
[2024-10-12T13:12:40.607+0000] {standard_task_runner.py:90} INFO - Running: ['***', 'tasks', 'run', 'Taxi_trip_pipeline', 'dbt_run_model_fact_trip', 'manual__2024-10-12T13:03:08.986267+00:00', '--job-id', '23', '--raw', '--subdir', 'DAGS_FOLDER/taxi_trip.py', '--cfg-path', '/tmp/tmps5enyooz']
[2024-10-12T13:12:40.609+0000] {standard_task_runner.py:91} INFO - Job 23: Subtask dbt_run_model_fact_trip
[2024-10-12T13:12:40.655+0000] {task_command.py:426} INFO - Running <TaskInstance: Taxi_trip_pipeline.dbt_run_model_fact_trip manual__2024-10-12T13:03:08.986267+00:00 [running]> on host ebdcf85807fc
[2024-10-12T13:12:40.736+0000] {taskinstance.py:2648} INFO - Exporting env vars: AIRFLOW_CTX_DAG_OWNER='Mahmoud' AIRFLOW_CTX_DAG_ID='Taxi_trip_pipeline' AIRFLOW_CTX_TASK_ID='dbt_run_model_fact_trip' AIRFLOW_CTX_EXECUTION_DATE='2024-10-12T13:03:08.986267+00:00' AIRFLOW_CTX_TRY_NUMBER='1' AIRFLOW_CTX_DAG_RUN_ID='manual__2024-10-12T13:03:08.986267+00:00'
[2024-10-12T13:12:40.737+0000] {taskinstance.py:430} INFO - ::endgroup::
[2024-10-12T13:12:40.748+0000] {subprocess.py:63} INFO - Tmp dir root location: /tmp
[2024-10-12T13:12:40.749+0000] {subprocess.py:75} INFO - Running command: ['/usr/bin/bash', '-c', 'dbt run --profiles-dir /opt/***/DBT_Project  --project-dir /opt/***/dbt_trip --models Fact_trips']
[2024-10-12T13:12:40.765+0000] {subprocess.py:86} INFO - Output:
[2024-10-12T13:12:42.736+0000] {subprocess.py:93} INFO - [0m13:12:42  Running with dbt=1.8.0
[2024-10-12T13:12:43.066+0000] {subprocess.py:93} INFO - [0m13:12:43  Registered adapter: postgres=1.8.0
[2024-10-12T13:12:43.336+0000] {subprocess.py:93} INFO - [0m13:12:43  [[33mWARNING[0m]: Configuration paths exist in your dbt_project.yml file which do not apply to any resources.
[2024-10-12T13:12:43.336+0000] {subprocess.py:93} INFO - There are 2 unused configuration paths:
[2024-10-12T13:12:43.336+0000] {subprocess.py:93} INFO - - models.fact_trip.Dimensions
[2024-10-12T13:12:43.336+0000] {subprocess.py:93} INFO - - models.fact_trip.staging
[2024-10-12T13:12:43.640+0000] {subprocess.py:93} INFO - [0m13:12:43  Found 4 models, 6 data tests, 3 sources, 566 macros
[2024-10-12T13:12:43.643+0000] {subprocess.py:93} INFO - [0m13:12:43
[2024-10-12T13:12:43.783+0000] {subprocess.py:93} INFO - [0m13:12:43  Concurrency: 3 threads (target='dev')
[2024-10-12T13:12:43.784+0000] {subprocess.py:93} INFO - [0m13:12:43
[2024-10-12T13:12:43.789+0000] {subprocess.py:93} INFO - [0m13:12:43  1 of 1 START sql view model analysis.Fact_trips ................................ [RUN]
[2024-10-12T13:12:43.933+0000] {subprocess.py:93} INFO - [0m13:12:43  1 of 1 OK created sql view model analysis.Fact_trips ........................... [[32mCREATE VIEW[0m in 0.14s]
[2024-10-12T13:12:43.947+0000] {subprocess.py:93} INFO - [0m13:12:43
[2024-10-12T13:12:43.948+0000] {subprocess.py:93} INFO - [0m13:12:43  Finished running 1 view model in 0 hours 0 minutes and 0.30 seconds (0.30s).
[2024-10-12T13:12:44.000+0000] {subprocess.py:93} INFO - [0m13:12:44
[2024-10-12T13:12:44.001+0000] {subprocess.py:93} INFO - [0m13:12:44  [32mCompleted successfully[0m
[2024-10-12T13:12:44.002+0000] {subprocess.py:93} INFO - [0m13:12:44
[2024-10-12T13:12:44.002+0000] {subprocess.py:93} INFO - [0m13:12:44  Done. PASS=1 WARN=0 ERROR=0 SKIP=0 TOTAL=1
[2024-10-12T13:12:49.986+0000] {subprocess.py:97} INFO - Command exited with return code 0
[2024-10-12T13:12:49.987+0000] {taskinstance.py:441} INFO - ::group::Post task execution logs
[2024-10-12T13:12:50.014+0000] {taskinstance.py:1206} INFO - Marking task as SUCCESS. dag_id=Taxi_trip_pipeline, task_id=dbt_run_model_fact_trip, run_id=manual__2024-10-12T13:03:08.986267+00:00, execution_date=20241012T130308, start_date=20241012T131240, end_date=20241012T131250
[2024-10-12T13:12:50.052+0000] {local_task_job_runner.py:240} INFO - Task exited with return code 0
[2024-10-12T13:12:50.072+0000] {taskinstance.py:3498} INFO - 0 downstream tasks scheduled from follow-on schedule check
[2024-10-12T13:12:50.074+0000] {local_task_job_runner.py:222} INFO - ::endgroup::
