[2024-09-30T20:28:22.482+0000] {local_task_job_runner.py:120} INFO - ::group::Pre task execution logs
[2024-09-30T20:28:22.502+0000] {taskinstance.py:2076} INFO - Dependencies all met for dep_context=non-requeueable deps ti=<TaskInstance: Taxi_trip_pipeline.dbt_staging_layer.dbt_run_green_trip manual__2024-09-30T20:06:06.934643+00:00 [queued]>
[2024-09-30T20:28:22.511+0000] {taskinstance.py:2076} INFO - Dependencies all met for dep_context=requeueable deps ti=<TaskInstance: Taxi_trip_pipeline.dbt_staging_layer.dbt_run_green_trip manual__2024-09-30T20:06:06.934643+00:00 [queued]>
[2024-09-30T20:28:22.511+0000] {taskinstance.py:2306} INFO - Starting attempt 14 of 14
[2024-09-30T20:28:22.524+0000] {taskinstance.py:2330} INFO - Executing <Task(BashOperator): dbt_staging_layer.dbt_run_green_trip> on 2024-09-30 20:06:06.934643+00:00
[2024-09-30T20:28:22.532+0000] {standard_task_runner.py:63} INFO - Started process 1260 to run task
[2024-09-30T20:28:22.535+0000] {standard_task_runner.py:90} INFO - Running: ['***', 'tasks', 'run', 'Taxi_trip_pipeline', 'dbt_staging_layer.dbt_run_green_trip', 'manual__2024-09-30T20:06:06.934643+00:00', '--job-id', '119', '--raw', '--subdir', 'DAGS_FOLDER/taxi_trip.py', '--cfg-path', '/tmp/tmp46frlxfn']
[2024-09-30T20:28:22.537+0000] {standard_task_runner.py:91} INFO - Job 119: Subtask dbt_staging_layer.dbt_run_green_trip
[2024-09-30T20:28:22.578+0000] {task_command.py:426} INFO - Running <TaskInstance: Taxi_trip_pipeline.dbt_staging_layer.dbt_run_green_trip manual__2024-09-30T20:06:06.934643+00:00 [running]> on host 72cf0e8bafa8
[2024-09-30T20:28:22.659+0000] {taskinstance.py:2648} INFO - Exporting env vars: AIRFLOW_CTX_DAG_OWNER='Mahmoud' AIRFLOW_CTX_DAG_ID='Taxi_trip_pipeline' AIRFLOW_CTX_TASK_ID='dbt_staging_layer.dbt_run_green_trip' AIRFLOW_CTX_EXECUTION_DATE='2024-09-30T20:06:06.934643+00:00' AIRFLOW_CTX_TRY_NUMBER='14' AIRFLOW_CTX_DAG_RUN_ID='manual__2024-09-30T20:06:06.934643+00:00'
[2024-09-30T20:28:22.660+0000] {taskinstance.py:430} INFO - ::endgroup::
[2024-09-30T20:28:22.672+0000] {subprocess.py:63} INFO - Tmp dir root location: /tmp
[2024-09-30T20:28:22.673+0000] {subprocess.py:75} INFO - Running command: ['/usr/bin/bash', '-c', 'dbt run --profiles-dir /opt/***/DBT_Project  --project-dir /opt/***/dbt_trip --models green_trip']
[2024-09-30T20:28:22.689+0000] {subprocess.py:86} INFO - Output:
[2024-09-30T20:28:25.209+0000] {subprocess.py:93} INFO - [0m20:28:25  Running with dbt=1.8.0
[2024-09-30T20:28:25.502+0000] {subprocess.py:93} INFO - [0m20:28:25  Registered adapter: postgres=1.8.0
[2024-09-30T20:28:26.179+0000] {subprocess.py:93} INFO - [0m20:28:26  [[33mWARNING[0m]: Deprecated functionality
[2024-09-30T20:28:26.179+0000] {subprocess.py:93} INFO - The `tests` config has been renamed to `data_tests`. Please see
[2024-09-30T20:28:26.179+0000] {subprocess.py:93} INFO - https://docs.getdbt.com/docs/build/data-tests#new-data_tests-syntax for more
[2024-09-30T20:28:26.180+0000] {subprocess.py:93} INFO - information.
[2024-09-30T20:28:26.406+0000] {subprocess.py:93} INFO - [0m20:28:26  [[33mWARNING[0m]: Configuration paths exist in your dbt_project.yml file which do not apply to any resources.
[2024-09-30T20:28:26.407+0000] {subprocess.py:93} INFO - There are 2 unused configuration paths:
[2024-09-30T20:28:26.407+0000] {subprocess.py:93} INFO - - models.fact_trip.Dimensions
[2024-09-30T20:28:26.408+0000] {subprocess.py:93} INFO - - models.fact_trip.staging
[2024-09-30T20:28:26.588+0000] {subprocess.py:93} INFO - [0m20:28:26  Found 4 models, 6 data tests, 3 sources, 566 macros
[2024-09-30T20:28:26.591+0000] {subprocess.py:93} INFO - [0m20:28:26
[2024-09-30T20:28:26.715+0000] {subprocess.py:93} INFO - [0m20:28:26  Concurrency: 3 threads (target='dev')
[2024-09-30T20:28:26.716+0000] {subprocess.py:93} INFO - [0m20:28:26
[2024-09-30T20:28:26.730+0000] {subprocess.py:93} INFO - [0m20:28:26  1 of 1 START sql view model analysis.green_trip ................................ [RUN]
[2024-09-30T20:28:26.817+0000] {subprocess.py:93} INFO - [0m20:28:26  1 of 1 ERROR creating sql view model analysis.green_trip ....................... [[31mERROR[0m in 0.08s]
[2024-09-30T20:28:26.829+0000] {subprocess.py:93} INFO - [0m20:28:26
[2024-09-30T20:28:26.830+0000] {subprocess.py:93} INFO - [0m20:28:26  Finished running 1 view model in 0 hours 0 minutes and 0.24 seconds (0.24s).
[2024-09-30T20:28:26.884+0000] {subprocess.py:93} INFO - [0m20:28:26
[2024-09-30T20:28:26.885+0000] {subprocess.py:93} INFO - [0m20:28:26  [31mCompleted with 1 error and 0 warnings:[0m
[2024-09-30T20:28:26.886+0000] {subprocess.py:93} INFO - [0m20:28:26
[2024-09-30T20:28:26.886+0000] {subprocess.py:93} INFO - [0m20:28:26    Database Error in model green_trip (models/Staging/green_trip.sql)
[2024-09-30T20:28:26.887+0000] {subprocess.py:93} INFO -   column "vendorid" does not exist
[2024-09-30T20:28:26.887+0000] {subprocess.py:93} INFO -   LINE 21:     md5(cast(coalesce(cast(VendorID as TEXT), '_dbt_utils_su...
[2024-09-30T20:28:26.887+0000] {subprocess.py:93} INFO -                                       ^
[2024-09-30T20:28:26.887+0000] {subprocess.py:93} INFO -   HINT:  Perhaps you meant to reference the column "tripdata.VendorID".
[2024-09-30T20:28:26.888+0000] {subprocess.py:93} INFO -   compiled code at target/run/fact_trip/models/Staging/green_trip.sql
[2024-09-30T20:28:26.888+0000] {subprocess.py:93} INFO - [0m20:28:26
[2024-09-30T20:28:26.888+0000] {subprocess.py:93} INFO - [0m20:28:26  Done. PASS=0 WARN=0 ERROR=1 SKIP=0 TOTAL=1
[2024-09-30T20:28:28.040+0000] {subprocess.py:97} INFO - Command exited with return code 1
[2024-09-30T20:28:28.041+0000] {taskinstance.py:441} INFO - ::group::Post task execution logs
[2024-09-30T20:28:28.052+0000] {taskinstance.py:2905} ERROR - Task failed with exception
Traceback (most recent call last):
  File "/home/airflow/.local/lib/python3.9/site-packages/airflow/models/taskinstance.py", line 465, in _execute_task
    result = _execute_callable(context=context, **execute_callable_kwargs)
  File "/home/airflow/.local/lib/python3.9/site-packages/airflow/models/taskinstance.py", line 432, in _execute_callable
    return execute_callable(context=context, **execute_callable_kwargs)
  File "/home/airflow/.local/lib/python3.9/site-packages/airflow/models/baseoperator.py", line 400, in wrapper
    return func(self, *args, **kwargs)
  File "/home/airflow/.local/lib/python3.9/site-packages/airflow/operators/bash.py", line 243, in execute
    raise AirflowException(
airflow.exceptions.AirflowException: Bash command failed. The command returned a non-zero exit code 1.
[2024-09-30T20:28:28.056+0000] {taskinstance.py:1206} INFO - Marking task as FAILED. dag_id=Taxi_trip_pipeline, task_id=dbt_staging_layer.dbt_run_green_trip, run_id=manual__2024-09-30T20:06:06.934643+00:00, execution_date=20240930T200606, start_date=20240930T202822, end_date=20240930T202828
[2024-09-30T20:28:28.069+0000] {standard_task_runner.py:110} ERROR - Failed to execute job 119 for task dbt_staging_layer.dbt_run_green_trip (Bash command failed. The command returned a non-zero exit code 1.; 1260)
[2024-09-30T20:28:28.087+0000] {local_task_job_runner.py:240} INFO - Task exited with return code 1
[2024-09-30T20:28:28.107+0000] {taskinstance.py:3498} INFO - 0 downstream tasks scheduled from follow-on schedule check
[2024-09-30T20:28:28.109+0000] {local_task_job_runner.py:222} INFO - ::endgroup::
