[2024-09-30T20:33:42.917+0000] {local_task_job_runner.py:120} INFO - ::group::Pre task execution logs
[2024-09-30T20:33:42.940+0000] {taskinstance.py:2076} INFO - Dependencies all met for dep_context=non-requeueable deps ti=<TaskInstance: Taxi_trip_pipeline.dbt_staging_layer.dbt_run_green_trip manual__2024-09-30T20:06:06.934643+00:00 [queued]>
[2024-09-30T20:33:42.948+0000] {taskinstance.py:2076} INFO - Dependencies all met for dep_context=requeueable deps ti=<TaskInstance: Taxi_trip_pipeline.dbt_staging_layer.dbt_run_green_trip manual__2024-09-30T20:06:06.934643+00:00 [queued]>
[2024-09-30T20:33:42.949+0000] {taskinstance.py:2306} INFO - Starting attempt 17 of 17
[2024-09-30T20:33:42.961+0000] {taskinstance.py:2330} INFO - Executing <Task(BashOperator): dbt_staging_layer.dbt_run_green_trip> on 2024-09-30 20:06:06.934643+00:00
[2024-09-30T20:33:42.969+0000] {standard_task_runner.py:63} INFO - Started process 1302 to run task
[2024-09-30T20:33:42.972+0000] {standard_task_runner.py:90} INFO - Running: ['***', 'tasks', 'run', 'Taxi_trip_pipeline', 'dbt_staging_layer.dbt_run_green_trip', 'manual__2024-09-30T20:06:06.934643+00:00', '--job-id', '122', '--raw', '--subdir', 'DAGS_FOLDER/taxi_trip.py', '--cfg-path', '/tmp/tmpdw9dp_5y']
[2024-09-30T20:33:42.974+0000] {standard_task_runner.py:91} INFO - Job 122: Subtask dbt_staging_layer.dbt_run_green_trip
[2024-09-30T20:33:43.019+0000] {task_command.py:426} INFO - Running <TaskInstance: Taxi_trip_pipeline.dbt_staging_layer.dbt_run_green_trip manual__2024-09-30T20:06:06.934643+00:00 [running]> on host 72cf0e8bafa8
[2024-09-30T20:33:43.104+0000] {taskinstance.py:2648} INFO - Exporting env vars: AIRFLOW_CTX_DAG_OWNER='Mahmoud' AIRFLOW_CTX_DAG_ID='Taxi_trip_pipeline' AIRFLOW_CTX_TASK_ID='dbt_staging_layer.dbt_run_green_trip' AIRFLOW_CTX_EXECUTION_DATE='2024-09-30T20:06:06.934643+00:00' AIRFLOW_CTX_TRY_NUMBER='17' AIRFLOW_CTX_DAG_RUN_ID='manual__2024-09-30T20:06:06.934643+00:00'
[2024-09-30T20:33:43.105+0000] {taskinstance.py:430} INFO - ::endgroup::
[2024-09-30T20:33:43.116+0000] {subprocess.py:63} INFO - Tmp dir root location: /tmp
[2024-09-30T20:33:43.117+0000] {subprocess.py:75} INFO - Running command: ['/usr/bin/bash', '-c', 'dbt run --profiles-dir /opt/***/DBT_Project  --project-dir /opt/***/dbt_trip --models green_trip']
[2024-09-30T20:33:43.131+0000] {subprocess.py:86} INFO - Output:
[2024-09-30T20:33:45.616+0000] {subprocess.py:93} INFO - [0m20:33:45  Running with dbt=1.8.0
[2024-09-30T20:33:45.936+0000] {subprocess.py:93} INFO - [0m20:33:45  Registered adapter: postgres=1.8.0
[2024-09-30T20:33:46.231+0000] {subprocess.py:93} INFO - [0m20:33:46  [[33mWARNING[0m]: Configuration paths exist in your dbt_project.yml file which do not apply to any resources.
[2024-09-30T20:33:46.231+0000] {subprocess.py:93} INFO - There are 2 unused configuration paths:
[2024-09-30T20:33:46.231+0000] {subprocess.py:93} INFO - - models.fact_trip.staging
[2024-09-30T20:33:46.232+0000] {subprocess.py:93} INFO - - models.fact_trip.Dimensions
[2024-09-30T20:33:46.464+0000] {subprocess.py:93} INFO - [0m20:33:46  Found 4 models, 6 data tests, 3 sources, 566 macros
[2024-09-30T20:33:46.466+0000] {subprocess.py:93} INFO - [0m20:33:46
[2024-09-30T20:33:46.604+0000] {subprocess.py:93} INFO - [0m20:33:46  Concurrency: 3 threads (target='dev')
[2024-09-30T20:33:46.605+0000] {subprocess.py:93} INFO - [0m20:33:46
[2024-09-30T20:33:46.615+0000] {subprocess.py:93} INFO - [0m20:33:46  1 of 1 START sql view model analysis.green_trip ................................ [RUN]
[2024-09-30T20:33:46.731+0000] {subprocess.py:93} INFO - [0m20:33:46  1 of 1 ERROR creating sql view model analysis.green_trip ....................... [[31mERROR[0m in 0.11s]
[2024-09-30T20:33:46.745+0000] {subprocess.py:93} INFO - [0m20:33:46
[2024-09-30T20:33:46.746+0000] {subprocess.py:93} INFO - [0m20:33:46  Finished running 1 view model in 0 hours 0 minutes and 0.28 seconds (0.28s).
[2024-09-30T20:33:46.797+0000] {subprocess.py:93} INFO - [0m20:33:46
[2024-09-30T20:33:46.798+0000] {subprocess.py:93} INFO - [0m20:33:46  [31mCompleted with 1 error and 0 warnings:[0m
[2024-09-30T20:33:46.798+0000] {subprocess.py:93} INFO - [0m20:33:46
[2024-09-30T20:33:46.799+0000] {subprocess.py:93} INFO - [0m20:33:46    Database Error in model green_trip (models/Staging/green_trip.sql)
[2024-09-30T20:33:46.799+0000] {subprocess.py:93} INFO -   column "ratecodeid" does not exist
[2024-09-30T20:33:46.799+0000] {subprocess.py:93} INFO -   LINE 42:     cast(RatecodeID as integer)
[2024-09-30T20:33:46.800+0000] {subprocess.py:93} INFO -                     ^
[2024-09-30T20:33:46.800+0000] {subprocess.py:93} INFO -   HINT:  Perhaps you meant to reference the column "tripdata.RatecodeID".
[2024-09-30T20:33:46.800+0000] {subprocess.py:93} INFO -   compiled code at target/run/fact_trip/models/Staging/green_trip.sql
[2024-09-30T20:33:46.800+0000] {subprocess.py:93} INFO - [0m20:33:46
[2024-09-30T20:33:46.800+0000] {subprocess.py:93} INFO - [0m20:33:46  Done. PASS=0 WARN=0 ERROR=1 SKIP=0 TOTAL=1
[2024-09-30T20:33:47.867+0000] {subprocess.py:97} INFO - Command exited with return code 1
[2024-09-30T20:33:47.868+0000] {taskinstance.py:441} INFO - ::group::Post task execution logs
[2024-09-30T20:33:47.880+0000] {taskinstance.py:2905} ERROR - Task failed with exception
Traceback (most recent call last):
  File "/home/airflow/.local/lib/python3.9/site-packages/airflow/models/taskinstance.py", line 465, in _execute_task
    result = _execute_callable(context=context, **execute_callable_kwargs)
  File "/home/airflow/.local/lib/python3.9/site-packages/airflow/models/taskinstance.py", line 432, in _execute_callable
    return execute_callable(context=context, **execute_callable_kwargs)
  File "/home/airflow/.local/lib/python3.9/site-packages/airflow/models/baseoperator.py", line 400, in wrapper
    return func(self, *args, **kwargs)
  File "/home/airflow/.local/lib/python3.9/site-packages/airflow/operators/bash.py", line 243, in execute
    raise AirflowException(
airflow.exceptions.AirflowException: Bash command failed. The command returned a non-zero exit code 1.
[2024-09-30T20:33:47.884+0000] {taskinstance.py:1206} INFO - Marking task as FAILED. dag_id=Taxi_trip_pipeline, task_id=dbt_staging_layer.dbt_run_green_trip, run_id=manual__2024-09-30T20:06:06.934643+00:00, execution_date=20240930T200606, start_date=20240930T203342, end_date=20240930T203347
[2024-09-30T20:33:47.898+0000] {standard_task_runner.py:110} ERROR - Failed to execute job 122 for task dbt_staging_layer.dbt_run_green_trip (Bash command failed. The command returned a non-zero exit code 1.; 1302)
[2024-09-30T20:33:47.917+0000] {local_task_job_runner.py:240} INFO - Task exited with return code 1
[2024-09-30T20:33:47.934+0000] {taskinstance.py:3498} INFO - 0 downstream tasks scheduled from follow-on schedule check
[2024-09-30T20:33:47.935+0000] {local_task_job_runner.py:222} INFO - ::endgroup::
