[2024-10-01T13:02:48.085+0000] {local_task_job_runner.py:120} INFO - ::group::Pre task execution logs
[2024-10-01T13:02:48.105+0000] {taskinstance.py:2076} INFO - Dependencies all met for dep_context=non-requeueable deps ti=<TaskInstance: Taxi_trip_pipeline.dbt_run_fact_trip manual__2024-10-01T12:57:39.199873+00:00 [queued]>
[2024-10-01T13:02:48.114+0000] {taskinstance.py:2076} INFO - Dependencies all met for dep_context=requeueable deps ti=<TaskInstance: Taxi_trip_pipeline.dbt_run_fact_trip manual__2024-10-01T12:57:39.199873+00:00 [queued]>
[2024-10-01T13:02:48.114+0000] {taskinstance.py:2306} INFO - Starting attempt 2 of 2
[2024-10-01T13:02:48.125+0000] {taskinstance.py:2330} INFO - Executing <Task(BashOperator): dbt_run_fact_trip> on 2024-10-01 12:57:39.199873+00:00
[2024-10-01T13:02:48.132+0000] {standard_task_runner.py:63} INFO - Started process 1532 to run task
[2024-10-01T13:02:48.134+0000] {standard_task_runner.py:90} INFO - Running: ['***', 'tasks', 'run', 'Taxi_trip_pipeline', 'dbt_run_fact_trip', 'manual__2024-10-01T12:57:39.199873+00:00', '--job-id', '247', '--raw', '--subdir', 'DAGS_FOLDER/taxi_trip.py', '--cfg-path', '/tmp/tmpl47_egzb']
[2024-10-01T13:02:48.137+0000] {standard_task_runner.py:91} INFO - Job 247: Subtask dbt_run_fact_trip
[2024-10-01T13:02:48.179+0000] {task_command.py:426} INFO - Running <TaskInstance: Taxi_trip_pipeline.dbt_run_fact_trip manual__2024-10-01T12:57:39.199873+00:00 [running]> on host fcb0f9e87e2b
[2024-10-01T13:02:48.262+0000] {taskinstance.py:2648} INFO - Exporting env vars: AIRFLOW_CTX_DAG_OWNER='Mahmoud' AIRFLOW_CTX_DAG_ID='Taxi_trip_pipeline' AIRFLOW_CTX_TASK_ID='dbt_run_fact_trip' AIRFLOW_CTX_EXECUTION_DATE='2024-10-01T12:57:39.199873+00:00' AIRFLOW_CTX_TRY_NUMBER='2' AIRFLOW_CTX_DAG_RUN_ID='manual__2024-10-01T12:57:39.199873+00:00'
[2024-10-01T13:02:48.263+0000] {taskinstance.py:430} INFO - ::endgroup::
[2024-10-01T13:02:48.274+0000] {subprocess.py:63} INFO - Tmp dir root location: /tmp
[2024-10-01T13:02:48.274+0000] {subprocess.py:75} INFO - Running command: ['/usr/bin/bash', '-c', 'dbt run --profiles-dir /opt/***/DBT_Project  --project-dir /opt/***/dbt_trip --models Fact_trip']
[2024-10-01T13:02:48.288+0000] {subprocess.py:86} INFO - Output:
[2024-10-01T13:02:51.004+0000] {subprocess.py:93} INFO - [0m13:02:51  Running with dbt=1.8.0
[2024-10-01T13:02:51.351+0000] {subprocess.py:93} INFO - [0m13:02:51  Registered adapter: postgres=1.8.0
[2024-10-01T13:02:51.680+0000] {subprocess.py:93} INFO - [0m13:02:51  [[33mWARNING[0m]: Configuration paths exist in your dbt_project.yml file which do not apply to any resources.
[2024-10-01T13:02:51.680+0000] {subprocess.py:93} INFO - There are 2 unused configuration paths:
[2024-10-01T13:02:51.681+0000] {subprocess.py:93} INFO - - models.fact_trip.Dimensions
[2024-10-01T13:02:51.681+0000] {subprocess.py:93} INFO - - models.fact_trip.staging
[2024-10-01T13:02:51.916+0000] {subprocess.py:93} INFO - [0m13:02:51  Found 4 models, 6 data tests, 3 sources, 566 macros
[2024-10-01T13:02:51.919+0000] {subprocess.py:93} INFO - [0m13:02:51
[2024-10-01T13:02:52.047+0000] {subprocess.py:93} INFO - [0m13:02:52  Concurrency: 3 threads (target='dev')
[2024-10-01T13:02:52.047+0000] {subprocess.py:93} INFO - [0m13:02:52
[2024-10-01T13:02:52.057+0000] {subprocess.py:93} INFO - [0m13:02:52  1 of 1 START sql view model analysis.Fact_trip ................................. [RUN]
[2024-10-01T13:02:52.186+0000] {subprocess.py:93} INFO - [0m13:02:52  1 of 1 OK created sql view model analysis.Fact_trip ............................ [[32mCREATE VIEW[0m in 0.13s]
[2024-10-01T13:02:52.200+0000] {subprocess.py:93} INFO - [0m13:02:52
[2024-10-01T13:02:52.200+0000] {subprocess.py:93} INFO - [0m13:02:52  Finished running 1 view model in 0 hours 0 minutes and 0.28 seconds (0.28s).
[2024-10-01T13:02:52.254+0000] {subprocess.py:93} INFO - [0m13:02:52
[2024-10-01T13:02:52.255+0000] {subprocess.py:93} INFO - [0m13:02:52  [32mCompleted successfully[0m
[2024-10-01T13:02:52.256+0000] {subprocess.py:93} INFO - [0m13:02:52
[2024-10-01T13:02:52.256+0000] {subprocess.py:93} INFO - [0m13:02:52  Done. PASS=1 WARN=0 ERROR=0 SKIP=0 TOTAL=1
[2024-10-01T13:02:53.281+0000] {subprocess.py:97} INFO - Command exited with return code 0
[2024-10-01T13:02:53.282+0000] {taskinstance.py:441} INFO - ::group::Post task execution logs
[2024-10-01T13:02:53.307+0000] {taskinstance.py:1206} INFO - Marking task as SUCCESS. dag_id=Taxi_trip_pipeline, task_id=dbt_run_fact_trip, run_id=manual__2024-10-01T12:57:39.199873+00:00, execution_date=20241001T125739, start_date=20241001T130248, end_date=20241001T130253
[2024-10-01T13:02:53.355+0000] {local_task_job_runner.py:240} INFO - Task exited with return code 0
[2024-10-01T13:02:53.381+0000] {taskinstance.py:3498} INFO - 0 downstream tasks scheduled from follow-on schedule check
[2024-10-01T13:02:53.382+0000] {local_task_job_runner.py:222} INFO - ::endgroup::
