[2024-09-25T19:27:03.975+0000] {local_task_job_runner.py:120} INFO - ::group::Pre task execution logs
[2024-09-25T19:27:03.997+0000] {taskinstance.py:2076} INFO - Dependencies all met for dep_context=non-requeueable deps ti=<TaskInstance: Taxi_trip_pipeline.load_group.load_taxi_zone manual__2024-09-25T19:26:50.966300+00:00 [queued]>
[2024-09-25T19:27:04.008+0000] {taskinstance.py:2076} INFO - Dependencies all met for dep_context=requeueable deps ti=<TaskInstance: Taxi_trip_pipeline.load_group.load_taxi_zone manual__2024-09-25T19:26:50.966300+00:00 [queued]>
[2024-09-25T19:27:04.008+0000] {taskinstance.py:2306} INFO - Starting attempt 1 of 1
[2024-09-25T19:27:04.027+0000] {taskinstance.py:2330} INFO - Executing <Task(PythonOperator): load_group.load_taxi_zone> on 2024-09-25 19:26:50.966300+00:00
[2024-09-25T19:27:04.035+0000] {standard_task_runner.py:63} INFO - Started process 186 to run task
[2024-09-25T19:27:04.039+0000] {standard_task_runner.py:90} INFO - Running: ['***', 'tasks', 'run', 'Taxi_trip_pipeline', 'load_group.load_taxi_zone', 'manual__2024-09-25T19:26:50.966300+00:00', '--job-id', '130', '--raw', '--subdir', 'DAGS_FOLDER/taxi_trip.py', '--cfg-path', '/tmp/tmp2bdut4xv']
[2024-09-25T19:27:04.042+0000] {standard_task_runner.py:91} INFO - Job 130: Subtask load_group.load_taxi_zone
[2024-09-25T19:27:04.092+0000] {task_command.py:426} INFO - Running <TaskInstance: Taxi_trip_pipeline.load_group.load_taxi_zone manual__2024-09-25T19:26:50.966300+00:00 [running]> on host 3aa1deac3d71
[2024-09-25T19:27:04.193+0000] {taskinstance.py:2648} INFO - Exporting env vars: AIRFLOW_CTX_DAG_OWNER='Mahmoud' AIRFLOW_CTX_DAG_ID='Taxi_trip_pipeline' AIRFLOW_CTX_TASK_ID='load_group.load_taxi_zone' AIRFLOW_CTX_EXECUTION_DATE='2024-09-25T19:26:50.966300+00:00' AIRFLOW_CTX_TRY_NUMBER='1' AIRFLOW_CTX_DAG_RUN_ID='manual__2024-09-25T19:26:50.966300+00:00'
[2024-09-25T19:27:04.195+0000] {taskinstance.py:430} INFO - ::endgroup::
[2024-09-25T19:27:04.207+0000] {taxi_trip.py:89} INFO - Loading taxi zone lookup started
[2024-09-25T19:27:04.208+0000] {taxi_trip.py:94} ERROR - Error in loading taxi zone lookup
Traceback (most recent call last):
  File "/opt/airflow/dags/taxi_trip.py", line 90, in load_taxi_zone_def
    zone_df = pd.read_csv('./Staging/taxi_zone_lookup.csv')
  File "/home/airflow/.local/lib/python3.9/site-packages/pandas/util/_decorators.py", line 211, in wrapper
    return func(*args, **kwargs)
  File "/home/airflow/.local/lib/python3.9/site-packages/pandas/util/_decorators.py", line 331, in wrapper
    return func(*args, **kwargs)
  File "/home/airflow/.local/lib/python3.9/site-packages/pandas/io/parsers/readers.py", line 950, in read_csv
    return _read(filepath_or_buffer, kwds)
  File "/home/airflow/.local/lib/python3.9/site-packages/pandas/io/parsers/readers.py", line 605, in _read
    parser = TextFileReader(filepath_or_buffer, **kwds)
  File "/home/airflow/.local/lib/python3.9/site-packages/pandas/io/parsers/readers.py", line 1442, in __init__
    self._engine = self._make_engine(f, self.engine)
  File "/home/airflow/.local/lib/python3.9/site-packages/pandas/io/parsers/readers.py", line 1735, in _make_engine
    self.handles = get_handle(
  File "/home/airflow/.local/lib/python3.9/site-packages/pandas/io/common.py", line 856, in get_handle
    handle = open(
FileNotFoundError: [Errno 2] No such file or directory: './Staging/taxi_zone_lookup.csv'
[2024-09-25T19:27:04.209+0000] {python.py:237} INFO - Done. Returned value was: None
[2024-09-25T19:27:04.210+0000] {taskinstance.py:441} INFO - ::group::Post task execution logs
[2024-09-25T19:27:04.221+0000] {taskinstance.py:1206} INFO - Marking task as SUCCESS. dag_id=Taxi_trip_pipeline, task_id=load_group.load_taxi_zone, run_id=manual__2024-09-25T19:26:50.966300+00:00, execution_date=20240925T192650, start_date=20240925T192703, end_date=20240925T192704
[2024-09-25T19:27:04.251+0000] {local_task_job_runner.py:240} INFO - Task exited with return code 0
[2024-09-25T19:27:04.270+0000] {taskinstance.py:3498} INFO - 0 downstream tasks scheduled from follow-on schedule check
[2024-09-25T19:27:04.271+0000] {local_task_job_runner.py:222} INFO - ::endgroup::
