[2024-09-30T18:02:09.457+0000] {local_task_job_runner.py:120} INFO - ::group::Pre task execution logs
[2024-09-30T18:02:09.479+0000] {taskinstance.py:2076} INFO - Dependencies all met for dep_context=non-requeueable deps ti=<TaskInstance: Taxi_trip_pipeline.dbt_run_fact_trip manual__2024-09-30T17:47:30.127854+00:00 [queued]>
[2024-09-30T18:02:09.487+0000] {taskinstance.py:2076} INFO - Dependencies all met for dep_context=requeueable deps ti=<TaskInstance: Taxi_trip_pipeline.dbt_run_fact_trip manual__2024-09-30T17:47:30.127854+00:00 [queued]>
[2024-09-30T18:02:09.488+0000] {taskinstance.py:2306} INFO - Starting attempt 3 of 3
[2024-09-30T18:02:09.500+0000] {taskinstance.py:2330} INFO - Executing <Task(BashOperator): dbt_run_fact_trip> on 2024-09-30 17:47:30.127854+00:00
[2024-09-30T18:02:09.507+0000] {standard_task_runner.py:63} INFO - Started process 668 to run task
[2024-09-30T18:02:09.509+0000] {standard_task_runner.py:90} INFO - Running: ['***', 'tasks', 'run', 'Taxi_trip_pipeline', 'dbt_run_fact_trip', 'manual__2024-09-30T17:47:30.127854+00:00', '--job-id', '76', '--raw', '--subdir', 'DAGS_FOLDER/taxi_trip.py', '--cfg-path', '/tmp/tmpo5_dviy3']
[2024-09-30T18:02:09.512+0000] {standard_task_runner.py:91} INFO - Job 76: Subtask dbt_run_fact_trip
[2024-09-30T18:02:09.552+0000] {task_command.py:426} INFO - Running <TaskInstance: Taxi_trip_pipeline.dbt_run_fact_trip manual__2024-09-30T17:47:30.127854+00:00 [running]> on host 72cf0e8bafa8
[2024-09-30T18:02:09.623+0000] {taskinstance.py:2648} INFO - Exporting env vars: AIRFLOW_CTX_DAG_OWNER='Mahmoud' AIRFLOW_CTX_DAG_ID='Taxi_trip_pipeline' AIRFLOW_CTX_TASK_ID='dbt_run_fact_trip' AIRFLOW_CTX_EXECUTION_DATE='2024-09-30T17:47:30.127854+00:00' AIRFLOW_CTX_TRY_NUMBER='3' AIRFLOW_CTX_DAG_RUN_ID='manual__2024-09-30T17:47:30.127854+00:00'
[2024-09-30T18:02:09.624+0000] {taskinstance.py:430} INFO - ::endgroup::
[2024-09-30T18:02:09.635+0000] {subprocess.py:63} INFO - Tmp dir root location: /tmp
[2024-09-30T18:02:09.636+0000] {subprocess.py:75} INFO - Running command: ['/usr/bin/bash', '-c', 'dbt run --profiles-dir /opt/***/DBT_Project  --project-dir /opt/***/dbt_trip --models Fact_trip']
[2024-09-30T18:02:09.649+0000] {subprocess.py:86} INFO - Output:
[2024-09-30T18:02:12.255+0000] {subprocess.py:93} INFO - [0m18:02:12  Running with dbt=1.8.0
[2024-09-30T18:02:12.563+0000] {subprocess.py:93} INFO - [0m18:02:12  Registered adapter: postgres=1.8.0
[2024-09-30T18:02:13.185+0000] {subprocess.py:93} INFO - [0m18:02:13  [[33mWARNING[0m]: Configuration paths exist in your dbt_project.yml file which do not apply to any resources.
[2024-09-30T18:02:13.185+0000] {subprocess.py:93} INFO - There are 2 unused configuration paths:
[2024-09-30T18:02:13.185+0000] {subprocess.py:93} INFO - - models.fact_trip.Dimensions
[2024-09-30T18:02:13.186+0000] {subprocess.py:93} INFO - - models.fact_trip.staging
[2024-09-30T18:02:13.394+0000] {subprocess.py:93} INFO - [0m18:02:13  Found 4 models, 6 data tests, 3 sources, 566 macros
[2024-09-30T18:02:13.397+0000] {subprocess.py:93} INFO - [0m18:02:13
[2024-09-30T18:02:13.529+0000] {subprocess.py:93} INFO - [0m18:02:13  Concurrency: 3 threads (target='dev')
[2024-09-30T18:02:13.531+0000] {subprocess.py:93} INFO - [0m18:02:13
[2024-09-30T18:02:13.543+0000] {subprocess.py:93} INFO - [0m18:02:13  1 of 1 START sql view model analysis.Fact_trip ................................. [RUN]
[2024-09-30T18:02:13.728+0000] {subprocess.py:93} INFO - [0m18:02:13  1 of 1 OK created sql view model analysis.Fact_trip ............................ [[32mCREATE VIEW[0m in 0.18s]
[2024-09-30T18:02:13.741+0000] {subprocess.py:93} INFO - [0m18:02:13
[2024-09-30T18:02:13.741+0000] {subprocess.py:93} INFO - [0m18:02:13  Finished running 1 view model in 0 hours 0 minutes and 0.34 seconds (0.34s).
[2024-09-30T18:02:13.796+0000] {subprocess.py:93} INFO - [0m18:02:13
[2024-09-30T18:02:13.797+0000] {subprocess.py:93} INFO - [0m18:02:13  [32mCompleted successfully[0m
[2024-09-30T18:02:13.797+0000] {subprocess.py:93} INFO - [0m18:02:13
[2024-09-30T18:02:13.798+0000] {subprocess.py:93} INFO - [0m18:02:13  Done. PASS=1 WARN=0 ERROR=0 SKIP=0 TOTAL=1
[2024-09-30T18:02:14.751+0000] {subprocess.py:97} INFO - Command exited with return code 0
[2024-09-30T18:02:14.751+0000] {taskinstance.py:441} INFO - ::group::Post task execution logs
[2024-09-30T18:02:14.776+0000] {taskinstance.py:1206} INFO - Marking task as SUCCESS. dag_id=Taxi_trip_pipeline, task_id=dbt_run_fact_trip, run_id=manual__2024-09-30T17:47:30.127854+00:00, execution_date=20240930T174730, start_date=20240930T180209, end_date=20240930T180214
[2024-09-30T18:02:14.813+0000] {local_task_job_runner.py:240} INFO - Task exited with return code 0
[2024-09-30T18:02:14.839+0000] {taskinstance.py:3498} INFO - 0 downstream tasks scheduled from follow-on schedule check
[2024-09-30T18:02:14.840+0000] {local_task_job_runner.py:222} INFO - ::endgroup::
