[2024-09-30T18:00:35.165+0000] {local_task_job_runner.py:120} INFO - ::group::Pre task execution logs
[2024-09-30T18:00:35.187+0000] {taskinstance.py:2076} INFO - Dependencies all met for dep_context=non-requeueable deps ti=<TaskInstance: Taxi_trip_pipeline.dbt_run_fact_trip manual__2024-09-30T17:47:30.127854+00:00 [queued]>
[2024-09-30T18:00:35.194+0000] {taskinstance.py:2076} INFO - Dependencies all met for dep_context=requeueable deps ti=<TaskInstance: Taxi_trip_pipeline.dbt_run_fact_trip manual__2024-09-30T17:47:30.127854+00:00 [queued]>
[2024-09-30T18:00:35.195+0000] {taskinstance.py:2306} INFO - Starting attempt 1 of 1
[2024-09-30T18:00:35.207+0000] {taskinstance.py:2330} INFO - Executing <Task(BashOperator): dbt_run_fact_trip> on 2024-09-30 17:47:30.127854+00:00
[2024-09-30T18:00:35.216+0000] {standard_task_runner.py:63} INFO - Started process 632 to run task
[2024-09-30T18:00:35.219+0000] {standard_task_runner.py:90} INFO - Running: ['***', 'tasks', 'run', 'Taxi_trip_pipeline', 'dbt_run_fact_trip', 'manual__2024-09-30T17:47:30.127854+00:00', '--job-id', '74', '--raw', '--subdir', 'DAGS_FOLDER/taxi_trip.py', '--cfg-path', '/tmp/tmplf1nhiwm']
[2024-09-30T18:00:35.221+0000] {standard_task_runner.py:91} INFO - Job 74: Subtask dbt_run_fact_trip
[2024-09-30T18:00:35.278+0000] {task_command.py:426} INFO - Running <TaskInstance: Taxi_trip_pipeline.dbt_run_fact_trip manual__2024-09-30T17:47:30.127854+00:00 [running]> on host 72cf0e8bafa8
[2024-09-30T18:00:35.375+0000] {taskinstance.py:2648} INFO - Exporting env vars: AIRFLOW_CTX_DAG_OWNER='Mahmoud' AIRFLOW_CTX_DAG_ID='Taxi_trip_pipeline' AIRFLOW_CTX_TASK_ID='dbt_run_fact_trip' AIRFLOW_CTX_EXECUTION_DATE='2024-09-30T17:47:30.127854+00:00' AIRFLOW_CTX_TRY_NUMBER='1' AIRFLOW_CTX_DAG_RUN_ID='manual__2024-09-30T17:47:30.127854+00:00'
[2024-09-30T18:00:35.376+0000] {taskinstance.py:430} INFO - ::endgroup::
[2024-09-30T18:00:35.388+0000] {subprocess.py:63} INFO - Tmp dir root location: /tmp
[2024-09-30T18:00:35.389+0000] {subprocess.py:75} INFO - Running command: ['/usr/bin/bash', '-c', 'dbt run --profiles-dir /opt/***/DBT_Project  --project-dir /opt/***/dbt_trip --models Fact_trip']
[2024-09-30T18:00:35.404+0000] {subprocess.py:86} INFO - Output:
[2024-09-30T18:00:37.903+0000] {subprocess.py:93} INFO - [0m18:00:37  Running with dbt=1.8.0
[2024-09-30T18:00:38.195+0000] {subprocess.py:93} INFO - [0m18:00:38  Registered adapter: postgres=1.8.0
[2024-09-30T18:00:38.515+0000] {subprocess.py:93} INFO - [0m18:00:38  [[33mWARNING[0m]: Configuration paths exist in your dbt_project.yml file which do not apply to any resources.
[2024-09-30T18:00:38.516+0000] {subprocess.py:93} INFO - There are 2 unused configuration paths:
[2024-09-30T18:00:38.516+0000] {subprocess.py:93} INFO - - models.fact_trip.Dimensions
[2024-09-30T18:00:38.516+0000] {subprocess.py:93} INFO - - models.fact_trip.staging
[2024-09-30T18:00:38.747+0000] {subprocess.py:93} INFO - [0m18:00:38  Found 4 models, 6 data tests, 3 sources, 566 macros
[2024-09-30T18:00:38.750+0000] {subprocess.py:93} INFO - [0m18:00:38
[2024-09-30T18:00:38.876+0000] {subprocess.py:93} INFO - [0m18:00:38  Concurrency: 3 threads (target='dev')
[2024-09-30T18:00:38.877+0000] {subprocess.py:93} INFO - [0m18:00:38
[2024-09-30T18:00:38.891+0000] {subprocess.py:93} INFO - [0m18:00:38  1 of 1 START sql table model analysis.Fact_trip ................................ [RUN]
[2024-09-30T18:00:38.985+0000] {subprocess.py:93} INFO - [0m18:00:38  1 of 1 ERROR creating sql table model analysis.Fact_trip ....................... [[31mERROR[0m in 0.09s]
[2024-09-30T18:00:39.004+0000] {subprocess.py:93} INFO - [0m18:00:39
[2024-09-30T18:00:39.005+0000] {subprocess.py:93} INFO - [0m18:00:39  Finished running 1 table model in 0 hours 0 minutes and 0.25 seconds (0.25s).
[2024-09-30T18:00:39.064+0000] {subprocess.py:93} INFO - [0m18:00:39
[2024-09-30T18:00:39.065+0000] {subprocess.py:93} INFO - [0m18:00:39  [31mCompleted with 1 error and 0 warnings:[0m
[2024-09-30T18:00:39.066+0000] {subprocess.py:93} INFO - [0m18:00:39
[2024-09-30T18:00:39.066+0000] {subprocess.py:93} INFO - [0m18:00:39    Database Error in model Fact_trip (models/Fact/Fact_trip.sql)
[2024-09-30T18:00:39.067+0000] {subprocess.py:93} INFO -   column "locationid" specified more than once
[2024-09-30T18:00:39.067+0000] {subprocess.py:93} INFO -   compiled code at target/run/fact_trip/models/Fact/Fact_trip.sql
[2024-09-30T18:00:39.067+0000] {subprocess.py:93} INFO - [0m18:00:39
[2024-09-30T18:00:39.068+0000] {subprocess.py:93} INFO - [0m18:00:39  Done. PASS=0 WARN=0 ERROR=1 SKIP=0 TOTAL=1
[2024-09-30T18:00:39.990+0000] {subprocess.py:97} INFO - Command exited with return code 1
[2024-09-30T18:00:39.991+0000] {taskinstance.py:441} INFO - ::group::Post task execution logs
[2024-09-30T18:00:40.002+0000] {taskinstance.py:2905} ERROR - Task failed with exception
Traceback (most recent call last):
  File "/home/airflow/.local/lib/python3.9/site-packages/airflow/models/taskinstance.py", line 465, in _execute_task
    result = _execute_callable(context=context, **execute_callable_kwargs)
  File "/home/airflow/.local/lib/python3.9/site-packages/airflow/models/taskinstance.py", line 432, in _execute_callable
    return execute_callable(context=context, **execute_callable_kwargs)
  File "/home/airflow/.local/lib/python3.9/site-packages/airflow/models/baseoperator.py", line 400, in wrapper
    return func(self, *args, **kwargs)
  File "/home/airflow/.local/lib/python3.9/site-packages/airflow/operators/bash.py", line 243, in execute
    raise AirflowException(
airflow.exceptions.AirflowException: Bash command failed. The command returned a non-zero exit code 1.
[2024-09-30T18:00:40.006+0000] {taskinstance.py:1206} INFO - Marking task as FAILED. dag_id=Taxi_trip_pipeline, task_id=dbt_run_fact_trip, run_id=manual__2024-09-30T17:47:30.127854+00:00, execution_date=20240930T174730, start_date=20240930T180035, end_date=20240930T180040
[2024-09-30T18:00:40.019+0000] {standard_task_runner.py:110} ERROR - Failed to execute job 74 for task dbt_run_fact_trip (Bash command failed. The command returned a non-zero exit code 1.; 632)
[2024-09-30T18:00:40.045+0000] {local_task_job_runner.py:240} INFO - Task exited with return code 1
[2024-09-30T18:00:40.062+0000] {taskinstance.py:3498} INFO - 0 downstream tasks scheduled from follow-on schedule check
[2024-09-30T18:00:40.064+0000] {local_task_job_runner.py:222} INFO - ::endgroup::
