[2024-10-12T10:06:41.725+0000] {local_task_job_runner.py:120} INFO - ::group::Pre task execution logs
[2024-10-12T10:06:41.754+0000] {taskinstance.py:2076} INFO - Dependencies all met for dep_context=non-requeueable deps ti=<TaskInstance: Taxi_trip_pipeline.dbt_transformation_layer.dbt_run_model_zone_lookup scheduled__2024-10-12T08:00:00+00:00 [queued]>
[2024-10-12T10:06:41.766+0000] {taskinstance.py:2076} INFO - Dependencies all met for dep_context=requeueable deps ti=<TaskInstance: Taxi_trip_pipeline.dbt_transformation_layer.dbt_run_model_zone_lookup scheduled__2024-10-12T08:00:00+00:00 [queued]>
[2024-10-12T10:06:41.766+0000] {taskinstance.py:2306} INFO - Starting attempt 16 of 16
[2024-10-12T10:06:41.782+0000] {taskinstance.py:2330} INFO - Executing <Task(BashOperator): dbt_transformation_layer.dbt_run_model_zone_lookup> on 2024-10-12 08:00:00+00:00
[2024-10-12T10:06:41.792+0000] {standard_task_runner.py:63} INFO - Started process 515 to run task
[2024-10-12T10:06:41.795+0000] {standard_task_runner.py:90} INFO - Running: ['***', 'tasks', 'run', 'Taxi_trip_pipeline', 'dbt_transformation_layer.dbt_run_model_zone_lookup', 'scheduled__2024-10-12T08:00:00+00:00', '--job-id', '593', '--raw', '--subdir', 'DAGS_FOLDER/taxi_trip.py', '--cfg-path', '/tmp/tmphfs8uqc6']
[2024-10-12T10:06:41.798+0000] {standard_task_runner.py:91} INFO - Job 593: Subtask dbt_transformation_layer.dbt_run_model_zone_lookup
[2024-10-12T10:06:41.862+0000] {task_command.py:426} INFO - Running <TaskInstance: Taxi_trip_pipeline.dbt_transformation_layer.dbt_run_model_zone_lookup scheduled__2024-10-12T08:00:00+00:00 [running]> on host cb13d84d2d77
[2024-10-12T10:06:42.017+0000] {taskinstance.py:2648} INFO - Exporting env vars: AIRFLOW_CTX_DAG_OWNER='Mahmoud' AIRFLOW_CTX_DAG_ID='Taxi_trip_pipeline' AIRFLOW_CTX_TASK_ID='dbt_transformation_layer.dbt_run_model_zone_lookup' AIRFLOW_CTX_EXECUTION_DATE='2024-10-12T08:00:00+00:00' AIRFLOW_CTX_TRY_NUMBER='16' AIRFLOW_CTX_DAG_RUN_ID='scheduled__2024-10-12T08:00:00+00:00'
[2024-10-12T10:06:42.023+0000] {taskinstance.py:430} INFO - ::endgroup::
[2024-10-12T10:06:42.044+0000] {subprocess.py:63} INFO - Tmp dir root location: /tmp
[2024-10-12T10:06:42.045+0000] {subprocess.py:75} INFO - Running command: ['/usr/bin/bash', '-c', 'dbt run --profiles-dir /opt/***/DBT_Project  --project-dir /opt/***/dbt_trip --models zone_lookup']
[2024-10-12T10:06:42.070+0000] {subprocess.py:86} INFO - Output:
[2024-10-12T10:06:45.254+0000] {subprocess.py:93} INFO - [0m10:06:45  Running with dbt=1.8.0
[2024-10-12T10:06:45.615+0000] {subprocess.py:93} INFO - [0m10:06:45  Registered adapter: postgres=1.8.0
[2024-10-12T10:06:46.091+0000] {subprocess.py:93} INFO - [0m10:06:46  [[33mWARNING[0m]: Configuration paths exist in your dbt_project.yml file which do not apply to any resources.
[2024-10-12T10:06:46.092+0000] {subprocess.py:93} INFO - There are 2 unused configuration paths:
[2024-10-12T10:06:46.092+0000] {subprocess.py:93} INFO - - models.fact_trip.staging
[2024-10-12T10:06:46.093+0000] {subprocess.py:93} INFO - - models.fact_trip.Dimensions
[2024-10-12T10:06:46.398+0000] {subprocess.py:93} INFO - [0m10:06:46  Found 4 models, 6 data tests, 3 sources, 566 macros
[2024-10-12T10:06:46.400+0000] {subprocess.py:93} INFO - [0m10:06:46
[2024-10-12T10:06:46.597+0000] {subprocess.py:93} INFO - [0m10:06:46  Concurrency: 3 threads (target='dev')
[2024-10-12T10:06:46.599+0000] {subprocess.py:93} INFO - [0m10:06:46
[2024-10-12T10:06:46.621+0000] {subprocess.py:93} INFO - [0m10:06:46  1 of 1 START sql view model analysis.zone_lookup ............................... [RUN]
[2024-10-12T10:06:46.902+0000] {subprocess.py:93} INFO - [0m10:06:46  1 of 1 OK created sql view model analysis.zone_lookup .......................... [[32mCREATE VIEW[0m in 0.27s]
[2024-10-12T10:06:46.931+0000] {subprocess.py:93} INFO - [0m10:06:46
[2024-10-12T10:06:46.933+0000] {subprocess.py:93} INFO - [0m10:06:46  Finished running 1 view model in 0 hours 0 minutes and 0.53 seconds (0.53s).
[2024-10-12T10:06:47.031+0000] {subprocess.py:93} INFO - [0m10:06:47
[2024-10-12T10:06:47.032+0000] {subprocess.py:93} INFO - [0m10:06:47  [32mCompleted successfully[0m
[2024-10-12T10:06:47.033+0000] {subprocess.py:93} INFO - [0m10:06:47
[2024-10-12T10:06:47.034+0000] {subprocess.py:93} INFO - [0m10:06:47  Done. PASS=1 WARN=0 ERROR=0 SKIP=0 TOTAL=1
[2024-10-12T10:06:48.342+0000] {subprocess.py:97} INFO - Command exited with return code 0
[2024-10-12T10:06:48.343+0000] {taskinstance.py:441} INFO - ::group::Post task execution logs
[2024-10-12T10:06:48.372+0000] {taskinstance.py:1206} INFO - Marking task as SUCCESS. dag_id=Taxi_trip_pipeline, task_id=dbt_transformation_layer.dbt_run_model_zone_lookup, run_id=scheduled__2024-10-12T08:00:00+00:00, execution_date=20241012T080000, start_date=20241012T100641, end_date=20241012T100648
[2024-10-12T10:06:48.412+0000] {local_task_job_runner.py:240} INFO - Task exited with return code 0
[2024-10-12T10:06:48.424+0000] {local_task_job_runner.py:222} INFO - ::endgroup::
