[2024-10-12T08:35:35.128+0000] {local_task_job_runner.py:120} INFO - ::group::Pre task execution logs
[2024-10-12T08:35:35.154+0000] {taskinstance.py:2076} INFO - Dependencies all met for dep_context=non-requeueable deps ti=<TaskInstance: Taxi_trip_pipeline.dbt_transformation_layer.dbt_run_model_zone_lookup scheduled__2024-10-12T08:00:00+00:00 [queued]>
[2024-10-12T08:35:35.169+0000] {taskinstance.py:2076} INFO - Dependencies all met for dep_context=requeueable deps ti=<TaskInstance: Taxi_trip_pipeline.dbt_transformation_layer.dbt_run_model_zone_lookup scheduled__2024-10-12T08:00:00+00:00 [queued]>
[2024-10-12T08:35:35.169+0000] {taskinstance.py:2306} INFO - Starting attempt 5 of 5
[2024-10-12T08:35:35.185+0000] {taskinstance.py:2330} INFO - Executing <Task(BashOperator): dbt_transformation_layer.dbt_run_model_zone_lookup> on 2024-10-12 08:00:00+00:00
[2024-10-12T08:35:35.195+0000] {standard_task_runner.py:63} INFO - Started process 175 to run task
[2024-10-12T08:35:35.199+0000] {standard_task_runner.py:90} INFO - Running: ['***', 'tasks', 'run', 'Taxi_trip_pipeline', 'dbt_transformation_layer.dbt_run_model_zone_lookup', 'scheduled__2024-10-12T08:00:00+00:00', '--job-id', '479', '--raw', '--subdir', 'DAGS_FOLDER/taxi_trip.py', '--cfg-path', '/tmp/tmp_du9xjka']
[2024-10-12T08:35:35.202+0000] {standard_task_runner.py:91} INFO - Job 479: Subtask dbt_transformation_layer.dbt_run_model_zone_lookup
[2024-10-12T08:35:35.257+0000] {task_command.py:426} INFO - Running <TaskInstance: Taxi_trip_pipeline.dbt_transformation_layer.dbt_run_model_zone_lookup scheduled__2024-10-12T08:00:00+00:00 [running]> on host fd913b953c2b
[2024-10-12T08:35:35.367+0000] {taskinstance.py:2648} INFO - Exporting env vars: AIRFLOW_CTX_DAG_OWNER='Mahmoud' AIRFLOW_CTX_DAG_ID='Taxi_trip_pipeline' AIRFLOW_CTX_TASK_ID='dbt_transformation_layer.dbt_run_model_zone_lookup' AIRFLOW_CTX_EXECUTION_DATE='2024-10-12T08:00:00+00:00' AIRFLOW_CTX_TRY_NUMBER='5' AIRFLOW_CTX_DAG_RUN_ID='scheduled__2024-10-12T08:00:00+00:00'
[2024-10-12T08:35:35.369+0000] {taskinstance.py:430} INFO - ::endgroup::
[2024-10-12T08:35:35.381+0000] {subprocess.py:63} INFO - Tmp dir root location: /tmp
[2024-10-12T08:35:35.382+0000] {subprocess.py:75} INFO - Running command: ['/usr/bin/bash', '-c', 'dbt run --profiles-dir /opt/***/DBT_Project  --project-dir /opt/***/dbt_trip --models zone_lookup']
[2024-10-12T08:35:35.397+0000] {subprocess.py:86} INFO - Output:
[2024-10-12T08:35:38.400+0000] {subprocess.py:93} INFO - [0m08:35:38  Running with dbt=1.8.0
[2024-10-12T08:35:38.727+0000] {subprocess.py:93} INFO - [0m08:35:38  Registered adapter: postgres=1.8.0
[2024-10-12T08:35:39.210+0000] {subprocess.py:93} INFO - [0m08:35:39  [[33mWARNING[0m]: Configuration paths exist in your dbt_project.yml file which do not apply to any resources.
[2024-10-12T08:35:39.210+0000] {subprocess.py:93} INFO - There are 2 unused configuration paths:
[2024-10-12T08:35:39.211+0000] {subprocess.py:93} INFO - - models.fact_trip.staging
[2024-10-12T08:35:39.211+0000] {subprocess.py:93} INFO - - models.fact_trip.Dimensions
[2024-10-12T08:35:39.600+0000] {subprocess.py:93} INFO - [0m08:35:39  Found 4 models, 6 data tests, 3 sources, 566 macros
[2024-10-12T08:35:39.603+0000] {subprocess.py:93} INFO - [0m08:35:39
[2024-10-12T08:35:39.749+0000] {subprocess.py:93} INFO - [0m08:35:39  Concurrency: 3 threads (target='dev')
[2024-10-12T08:35:39.750+0000] {subprocess.py:93} INFO - [0m08:35:39
[2024-10-12T08:35:39.766+0000] {subprocess.py:93} INFO - [0m08:35:39  1 of 1 START sql view model analysis.zone_lookup ............................... [RUN]
[2024-10-12T08:35:39.950+0000] {subprocess.py:93} INFO - [0m08:35:39  1 of 1 OK created sql view model analysis.zone_lookup .......................... [[32mCREATE VIEW[0m in 0.18s]
[2024-10-12T08:35:39.969+0000] {subprocess.py:93} INFO - [0m08:35:39
[2024-10-12T08:35:39.971+0000] {subprocess.py:93} INFO - [0m08:35:39  Finished running 1 view model in 0 hours 0 minutes and 0.36 seconds (0.36s).
[2024-10-12T08:35:40.072+0000] {subprocess.py:93} INFO - [0m08:35:40
[2024-10-12T08:35:40.073+0000] {subprocess.py:93} INFO - [0m08:35:40  [32mCompleted successfully[0m
[2024-10-12T08:35:40.074+0000] {subprocess.py:93} INFO - [0m08:35:40
[2024-10-12T08:35:40.075+0000] {subprocess.py:93} INFO - [0m08:35:40  Done. PASS=1 WARN=0 ERROR=0 SKIP=0 TOTAL=1
[2024-10-12T08:35:46.154+0000] {subprocess.py:97} INFO - Command exited with return code 0
[2024-10-12T08:35:46.155+0000] {taskinstance.py:441} INFO - ::group::Post task execution logs
[2024-10-12T08:35:46.177+0000] {taskinstance.py:1206} INFO - Marking task as SUCCESS. dag_id=Taxi_trip_pipeline, task_id=dbt_transformation_layer.dbt_run_model_zone_lookup, run_id=scheduled__2024-10-12T08:00:00+00:00, execution_date=20241012T080000, start_date=20241012T083535, end_date=20241012T083546
[2024-10-12T08:35:46.238+0000] {local_task_job_runner.py:240} INFO - Task exited with return code 0
[2024-10-12T08:35:46.256+0000] {taskinstance.py:3498} INFO - 1 downstream tasks scheduled from follow-on schedule check
[2024-10-12T08:35:46.257+0000] {local_task_job_runner.py:222} INFO - ::endgroup::
