[2024-10-12T09:37:35.706+0000] {local_task_job_runner.py:120} INFO - ::group::Pre task execution logs
[2024-10-12T09:37:35.734+0000] {taskinstance.py:2076} INFO - Dependencies all met for dep_context=non-requeueable deps ti=<TaskInstance: Taxi_trip_pipeline.dbt_transformation_layer.dbt_run_model_zone_lookup scheduled__2024-10-12T08:00:00+00:00 [queued]>
[2024-10-12T09:37:35.746+0000] {taskinstance.py:2076} INFO - Dependencies all met for dep_context=requeueable deps ti=<TaskInstance: Taxi_trip_pipeline.dbt_transformation_layer.dbt_run_model_zone_lookup scheduled__2024-10-12T08:00:00+00:00 [queued]>
[2024-10-12T09:37:35.747+0000] {taskinstance.py:2306} INFO - Starting attempt 13 of 13
[2024-10-12T09:37:35.765+0000] {taskinstance.py:2330} INFO - Executing <Task(BashOperator): dbt_transformation_layer.dbt_run_model_zone_lookup> on 2024-10-12 08:00:00+00:00
[2024-10-12T09:37:35.773+0000] {standard_task_runner.py:63} INFO - Started process 191 to run task
[2024-10-12T09:37:35.777+0000] {standard_task_runner.py:90} INFO - Running: ['***', 'tasks', 'run', 'Taxi_trip_pipeline', 'dbt_transformation_layer.dbt_run_model_zone_lookup', 'scheduled__2024-10-12T08:00:00+00:00', '--job-id', '560', '--raw', '--subdir', 'DAGS_FOLDER/taxi_trip.py', '--cfg-path', '/tmp/tmppg1ktuec']
[2024-10-12T09:37:35.780+0000] {standard_task_runner.py:91} INFO - Job 560: Subtask dbt_transformation_layer.dbt_run_model_zone_lookup
[2024-10-12T09:37:35.831+0000] {task_command.py:426} INFO - Running <TaskInstance: Taxi_trip_pipeline.dbt_transformation_layer.dbt_run_model_zone_lookup scheduled__2024-10-12T08:00:00+00:00 [running]> on host cb13d84d2d77
[2024-10-12T09:37:35.931+0000] {taskinstance.py:2648} INFO - Exporting env vars: AIRFLOW_CTX_DAG_OWNER='Mahmoud' AIRFLOW_CTX_DAG_ID='Taxi_trip_pipeline' AIRFLOW_CTX_TASK_ID='dbt_transformation_layer.dbt_run_model_zone_lookup' AIRFLOW_CTX_EXECUTION_DATE='2024-10-12T08:00:00+00:00' AIRFLOW_CTX_TRY_NUMBER='13' AIRFLOW_CTX_DAG_RUN_ID='scheduled__2024-10-12T08:00:00+00:00'
[2024-10-12T09:37:35.933+0000] {taskinstance.py:430} INFO - ::endgroup::
[2024-10-12T09:37:35.950+0000] {subprocess.py:63} INFO - Tmp dir root location: /tmp
[2024-10-12T09:37:35.951+0000] {subprocess.py:75} INFO - Running command: ['/usr/bin/bash', '-c', 'dbt run --profiles-dir /opt/***/DBT_Project  --project-dir /opt/***/dbt_trip --models zone_lookup']
[2024-10-12T09:37:35.968+0000] {subprocess.py:86} INFO - Output:
[2024-10-12T09:37:38.801+0000] {subprocess.py:93} INFO - [0m09:37:38  Running with dbt=1.8.0
[2024-10-12T09:37:39.179+0000] {subprocess.py:93} INFO - [0m09:37:39  Registered adapter: postgres=1.8.0
[2024-10-12T09:37:39.712+0000] {subprocess.py:93} INFO - [0m09:37:39  [[33mWARNING[0m]: Configuration paths exist in your dbt_project.yml file which do not apply to any resources.
[2024-10-12T09:37:39.712+0000] {subprocess.py:93} INFO - There are 2 unused configuration paths:
[2024-10-12T09:37:39.713+0000] {subprocess.py:93} INFO - - models.fact_trip.Dimensions
[2024-10-12T09:37:39.713+0000] {subprocess.py:93} INFO - - models.fact_trip.staging
[2024-10-12T09:37:39.979+0000] {subprocess.py:93} INFO - [0m09:37:39  Found 4 models, 6 data tests, 3 sources, 566 macros
[2024-10-12T09:37:39.981+0000] {subprocess.py:93} INFO - [0m09:37:39
[2024-10-12T09:37:40.155+0000] {subprocess.py:93} INFO - [0m09:37:40  Concurrency: 3 threads (target='dev')
[2024-10-12T09:37:40.156+0000] {subprocess.py:93} INFO - [0m09:37:40
[2024-10-12T09:37:40.176+0000] {subprocess.py:93} INFO - [0m09:37:40  1 of 1 START sql view model analysis.zone_lookup ............................... [RUN]
[2024-10-12T09:37:40.420+0000] {subprocess.py:93} INFO - [0m09:37:40  1 of 1 OK created sql view model analysis.zone_lookup .......................... [[32mCREATE VIEW[0m in 0.24s]
[2024-10-12T09:37:40.440+0000] {subprocess.py:93} INFO - [0m09:37:40
[2024-10-12T09:37:40.441+0000] {subprocess.py:93} INFO - [0m09:37:40  Finished running 1 view model in 0 hours 0 minutes and 0.46 seconds (0.46s).
[2024-10-12T09:37:40.522+0000] {subprocess.py:93} INFO - [0m09:37:40
[2024-10-12T09:37:40.523+0000] {subprocess.py:93} INFO - [0m09:37:40  [32mCompleted successfully[0m
[2024-10-12T09:37:40.523+0000] {subprocess.py:93} INFO - [0m09:37:40
[2024-10-12T09:37:40.524+0000] {subprocess.py:93} INFO - [0m09:37:40  Done. PASS=1 WARN=0 ERROR=0 SKIP=0 TOTAL=1
[2024-10-12T09:37:46.609+0000] {subprocess.py:97} INFO - Command exited with return code 0
[2024-10-12T09:37:46.610+0000] {taskinstance.py:441} INFO - ::group::Post task execution logs
[2024-10-12T09:37:46.636+0000] {taskinstance.py:1206} INFO - Marking task as SUCCESS. dag_id=Taxi_trip_pipeline, task_id=dbt_transformation_layer.dbt_run_model_zone_lookup, run_id=scheduled__2024-10-12T08:00:00+00:00, execution_date=20241012T080000, start_date=20241012T093735, end_date=20241012T093746
[2024-10-12T09:37:46.671+0000] {local_task_job_runner.py:240} INFO - Task exited with return code 0
[2024-10-12T09:37:46.693+0000] {taskinstance.py:3498} INFO - 0 downstream tasks scheduled from follow-on schedule check
[2024-10-12T09:37:46.694+0000] {local_task_job_runner.py:222} INFO - ::endgroup::
