[2024-10-12T08:37:08.391+0000] {local_task_job_runner.py:120} INFO - ::group::Pre task execution logs
[2024-10-12T08:37:08.416+0000] {taskinstance.py:2076} INFO - Dependencies all met for dep_context=non-requeueable deps ti=<TaskInstance: Taxi_trip_pipeline.dbt_transformation_layer.dbt_run_model_zone_lookup scheduled__2024-10-12T08:00:00+00:00 [queued]>
[2024-10-12T08:37:08.426+0000] {taskinstance.py:2076} INFO - Dependencies all met for dep_context=requeueable deps ti=<TaskInstance: Taxi_trip_pipeline.dbt_transformation_layer.dbt_run_model_zone_lookup scheduled__2024-10-12T08:00:00+00:00 [queued]>
[2024-10-12T08:37:08.427+0000] {taskinstance.py:2306} INFO - Starting attempt 6 of 6
[2024-10-12T08:37:08.442+0000] {taskinstance.py:2330} INFO - Executing <Task(BashOperator): dbt_transformation_layer.dbt_run_model_zone_lookup> on 2024-10-12 08:00:00+00:00
[2024-10-12T08:37:08.450+0000] {standard_task_runner.py:63} INFO - Started process 236 to run task
[2024-10-12T08:37:08.453+0000] {standard_task_runner.py:90} INFO - Running: ['***', 'tasks', 'run', 'Taxi_trip_pipeline', 'dbt_transformation_layer.dbt_run_model_zone_lookup', 'scheduled__2024-10-12T08:00:00+00:00', '--job-id', '486', '--raw', '--subdir', 'DAGS_FOLDER/taxi_trip.py', '--cfg-path', '/tmp/tmpoa9zgx57']
[2024-10-12T08:37:08.455+0000] {standard_task_runner.py:91} INFO - Job 486: Subtask dbt_transformation_layer.dbt_run_model_zone_lookup
[2024-10-12T08:37:08.510+0000] {task_command.py:426} INFO - Running <TaskInstance: Taxi_trip_pipeline.dbt_transformation_layer.dbt_run_model_zone_lookup scheduled__2024-10-12T08:00:00+00:00 [running]> on host fd913b953c2b
[2024-10-12T08:37:08.619+0000] {taskinstance.py:2648} INFO - Exporting env vars: AIRFLOW_CTX_DAG_OWNER='Mahmoud' AIRFLOW_CTX_DAG_ID='Taxi_trip_pipeline' AIRFLOW_CTX_TASK_ID='dbt_transformation_layer.dbt_run_model_zone_lookup' AIRFLOW_CTX_EXECUTION_DATE='2024-10-12T08:00:00+00:00' AIRFLOW_CTX_TRY_NUMBER='6' AIRFLOW_CTX_DAG_RUN_ID='scheduled__2024-10-12T08:00:00+00:00'
[2024-10-12T08:37:08.620+0000] {taskinstance.py:430} INFO - ::endgroup::
[2024-10-12T08:37:08.633+0000] {subprocess.py:63} INFO - Tmp dir root location: /tmp
[2024-10-12T08:37:08.633+0000] {subprocess.py:75} INFO - Running command: ['/usr/bin/bash', '-c', 'dbt run --profiles-dir /opt/***/DBT_Project  --project-dir /opt/***/dbt_trip --models zone_lookup']
[2024-10-12T08:37:08.648+0000] {subprocess.py:86} INFO - Output:
[2024-10-12T08:37:11.624+0000] {subprocess.py:93} INFO - [0m08:37:11  Running with dbt=1.8.0
[2024-10-12T08:37:11.986+0000] {subprocess.py:93} INFO - [0m08:37:11  Registered adapter: postgres=1.8.0
[2024-10-12T08:37:12.600+0000] {subprocess.py:93} INFO - [0m08:37:12  [[33mWARNING[0m]: Configuration paths exist in your dbt_project.yml file which do not apply to any resources.
[2024-10-12T08:37:12.601+0000] {subprocess.py:93} INFO - There are 2 unused configuration paths:
[2024-10-12T08:37:12.602+0000] {subprocess.py:93} INFO - - models.fact_trip.staging
[2024-10-12T08:37:12.602+0000] {subprocess.py:93} INFO - - models.fact_trip.Dimensions
[2024-10-12T08:37:12.867+0000] {subprocess.py:93} INFO - [0m08:37:12  Found 4 models, 6 data tests, 3 sources, 566 macros
[2024-10-12T08:37:12.873+0000] {subprocess.py:93} INFO - [0m08:37:12
[2024-10-12T08:37:13.126+0000] {subprocess.py:93} INFO - [0m08:37:13  Concurrency: 3 threads (target='dev')
[2024-10-12T08:37:13.128+0000] {subprocess.py:93} INFO - [0m08:37:13
[2024-10-12T08:37:13.146+0000] {subprocess.py:93} INFO - [0m08:37:13  1 of 1 START sql view model analysis.zone_lookup ............................... [RUN]
[2024-10-12T08:37:13.361+0000] {subprocess.py:93} INFO - [0m08:37:13  1 of 1 OK created sql view model analysis.zone_lookup .......................... [[32mCREATE VIEW[0m in 0.21s]
[2024-10-12T08:37:13.382+0000] {subprocess.py:93} INFO - [0m08:37:13
[2024-10-12T08:37:13.383+0000] {subprocess.py:93} INFO - [0m08:37:13  Finished running 1 view model in 0 hours 0 minutes and 0.51 seconds (0.51s).
[2024-10-12T08:37:13.464+0000] {subprocess.py:93} INFO - [0m08:37:13
[2024-10-12T08:37:13.465+0000] {subprocess.py:93} INFO - [0m08:37:13  [32mCompleted successfully[0m
[2024-10-12T08:37:13.466+0000] {subprocess.py:93} INFO - [0m08:37:13
[2024-10-12T08:37:13.467+0000] {subprocess.py:93} INFO - [0m08:37:13  Done. PASS=1 WARN=0 ERROR=0 SKIP=0 TOTAL=1
[2024-10-12T08:37:14.498+0000] {subprocess.py:97} INFO - Command exited with return code 0
[2024-10-12T08:37:14.499+0000] {taskinstance.py:441} INFO - ::group::Post task execution logs
[2024-10-12T08:37:14.529+0000] {taskinstance.py:1206} INFO - Marking task as SUCCESS. dag_id=Taxi_trip_pipeline, task_id=dbt_transformation_layer.dbt_run_model_zone_lookup, run_id=scheduled__2024-10-12T08:00:00+00:00, execution_date=20241012T080000, start_date=20241012T083708, end_date=20241012T083714
[2024-10-12T08:37:14.570+0000] {local_task_job_runner.py:240} INFO - Task exited with return code 0
[2024-10-12T08:37:14.592+0000] {taskinstance.py:3498} INFO - 1 downstream tasks scheduled from follow-on schedule check
[2024-10-12T08:37:14.593+0000] {local_task_job_runner.py:222} INFO - ::endgroup::
