[2024-10-12T09:34:28.895+0000] {local_task_job_runner.py:120} INFO - ::group::Pre task execution logs
[2024-10-12T09:34:28.925+0000] {taskinstance.py:2076} INFO - Dependencies all met for dep_context=non-requeueable deps ti=<TaskInstance: Taxi_trip_pipeline.dbt_transformation_layer.dbt_run_model_zone_lookup scheduled__2024-10-12T08:00:00+00:00 [queued]>
[2024-10-12T09:34:28.938+0000] {taskinstance.py:2076} INFO - Dependencies all met for dep_context=requeueable deps ti=<TaskInstance: Taxi_trip_pipeline.dbt_transformation_layer.dbt_run_model_zone_lookup scheduled__2024-10-12T08:00:00+00:00 [queued]>
[2024-10-12T09:34:28.939+0000] {taskinstance.py:2306} INFO - Starting attempt 12 of 12
[2024-10-12T09:34:28.957+0000] {taskinstance.py:2330} INFO - Executing <Task(BashOperator): dbt_transformation_layer.dbt_run_model_zone_lookup> on 2024-10-12 08:00:00+00:00
[2024-10-12T09:34:28.966+0000] {standard_task_runner.py:63} INFO - Started process 132 to run task
[2024-10-12T09:34:28.969+0000] {standard_task_runner.py:90} INFO - Running: ['***', 'tasks', 'run', 'Taxi_trip_pipeline', 'dbt_transformation_layer.dbt_run_model_zone_lookup', 'scheduled__2024-10-12T08:00:00+00:00', '--job-id', '553', '--raw', '--subdir', 'DAGS_FOLDER/taxi_trip.py', '--cfg-path', '/tmp/tmpz2u4tcbt']
[2024-10-12T09:34:28.973+0000] {standard_task_runner.py:91} INFO - Job 553: Subtask dbt_transformation_layer.dbt_run_model_zone_lookup
[2024-10-12T09:34:29.026+0000] {task_command.py:426} INFO - Running <TaskInstance: Taxi_trip_pipeline.dbt_transformation_layer.dbt_run_model_zone_lookup scheduled__2024-10-12T08:00:00+00:00 [running]> on host cb13d84d2d77
[2024-10-12T09:34:29.149+0000] {taskinstance.py:2648} INFO - Exporting env vars: AIRFLOW_CTX_DAG_OWNER='Mahmoud' AIRFLOW_CTX_DAG_ID='Taxi_trip_pipeline' AIRFLOW_CTX_TASK_ID='dbt_transformation_layer.dbt_run_model_zone_lookup' AIRFLOW_CTX_EXECUTION_DATE='2024-10-12T08:00:00+00:00' AIRFLOW_CTX_TRY_NUMBER='12' AIRFLOW_CTX_DAG_RUN_ID='scheduled__2024-10-12T08:00:00+00:00'
[2024-10-12T09:34:29.151+0000] {taskinstance.py:430} INFO - ::endgroup::
[2024-10-12T09:34:29.169+0000] {subprocess.py:63} INFO - Tmp dir root location: /tmp
[2024-10-12T09:34:29.170+0000] {subprocess.py:75} INFO - Running command: ['/usr/bin/bash', '-c', 'dbt run --profiles-dir /opt/***/DBT_Project  --project-dir /opt/***/dbt_trip --models zone_lookup']
[2024-10-12T09:34:29.186+0000] {subprocess.py:86} INFO - Output:
[2024-10-12T09:34:32.449+0000] {subprocess.py:93} INFO - [0m09:34:32  Running with dbt=1.8.0
[2024-10-12T09:34:32.866+0000] {subprocess.py:93} INFO - [0m09:34:32  Registered adapter: postgres=1.8.0
[2024-10-12T09:34:33.489+0000] {subprocess.py:93} INFO - [0m09:34:33  [[33mWARNING[0m]: Configuration paths exist in your dbt_project.yml file which do not apply to any resources.
[2024-10-12T09:34:33.490+0000] {subprocess.py:93} INFO - There are 2 unused configuration paths:
[2024-10-12T09:34:33.490+0000] {subprocess.py:93} INFO - - models.fact_trip.Dimensions
[2024-10-12T09:34:33.490+0000] {subprocess.py:93} INFO - - models.fact_trip.staging
[2024-10-12T09:34:33.873+0000] {subprocess.py:93} INFO - [0m09:34:33  Found 4 models, 6 data tests, 3 sources, 566 macros
[2024-10-12T09:34:33.876+0000] {subprocess.py:93} INFO - [0m09:34:33
[2024-10-12T09:34:34.080+0000] {subprocess.py:93} INFO - [0m09:34:34  Concurrency: 3 threads (target='dev')
[2024-10-12T09:34:34.081+0000] {subprocess.py:93} INFO - [0m09:34:34
[2024-10-12T09:34:34.095+0000] {subprocess.py:93} INFO - [0m09:34:34  1 of 1 START sql view model analysis.zone_lookup ............................... [RUN]
[2024-10-12T09:34:34.284+0000] {subprocess.py:93} INFO - [0m09:34:34  1 of 1 OK created sql view model analysis.zone_lookup .......................... [[32mCREATE VIEW[0m in 0.19s]
[2024-10-12T09:34:34.299+0000] {subprocess.py:93} INFO - [0m09:34:34
[2024-10-12T09:34:34.300+0000] {subprocess.py:93} INFO - [0m09:34:34  Finished running 1 view model in 0 hours 0 minutes and 0.42 seconds (0.42s).
[2024-10-12T09:34:34.379+0000] {subprocess.py:93} INFO - [0m09:34:34
[2024-10-12T09:34:34.379+0000] {subprocess.py:93} INFO - [0m09:34:34  [32mCompleted successfully[0m
[2024-10-12T09:34:34.380+0000] {subprocess.py:93} INFO - [0m09:34:34
[2024-10-12T09:34:34.381+0000] {subprocess.py:93} INFO - [0m09:34:34  Done. PASS=1 WARN=0 ERROR=0 SKIP=0 TOTAL=1
[2024-10-12T09:34:35.458+0000] {subprocess.py:97} INFO - Command exited with return code 0
[2024-10-12T09:34:35.459+0000] {taskinstance.py:441} INFO - ::group::Post task execution logs
[2024-10-12T09:34:35.487+0000] {taskinstance.py:1206} INFO - Marking task as SUCCESS. dag_id=Taxi_trip_pipeline, task_id=dbt_transformation_layer.dbt_run_model_zone_lookup, run_id=scheduled__2024-10-12T08:00:00+00:00, execution_date=20241012T080000, start_date=20241012T093428, end_date=20241012T093435
[2024-10-12T09:34:35.550+0000] {local_task_job_runner.py:240} INFO - Task exited with return code 0
[2024-10-12T09:34:35.572+0000] {taskinstance.py:3498} INFO - 0 downstream tasks scheduled from follow-on schedule check
[2024-10-12T09:34:35.573+0000] {local_task_job_runner.py:222} INFO - ::endgroup::
