[2024-10-12T09:42:26.832+0000] {local_task_job_runner.py:120} INFO - ::group::Pre task execution logs
[2024-10-12T09:42:26.869+0000] {taskinstance.py:2076} INFO - Dependencies all met for dep_context=non-requeueable deps ti=<TaskInstance: Taxi_trip_pipeline.dbt_transformation_layer.dbt_run_model_zone_lookup scheduled__2024-10-12T08:00:00+00:00 [queued]>
[2024-10-12T09:42:26.884+0000] {taskinstance.py:2076} INFO - Dependencies all met for dep_context=requeueable deps ti=<TaskInstance: Taxi_trip_pipeline.dbt_transformation_layer.dbt_run_model_zone_lookup scheduled__2024-10-12T08:00:00+00:00 [queued]>
[2024-10-12T09:42:26.885+0000] {taskinstance.py:2306} INFO - Starting attempt 15 of 15
[2024-10-12T09:42:26.907+0000] {taskinstance.py:2330} INFO - Executing <Task(BashOperator): dbt_transformation_layer.dbt_run_model_zone_lookup> on 2024-10-12 08:00:00+00:00
[2024-10-12T09:42:26.918+0000] {standard_task_runner.py:63} INFO - Started process 309 to run task
[2024-10-12T09:42:26.921+0000] {standard_task_runner.py:90} INFO - Running: ['***', 'tasks', 'run', 'Taxi_trip_pipeline', 'dbt_transformation_layer.dbt_run_model_zone_lookup', 'scheduled__2024-10-12T08:00:00+00:00', '--job-id', '569', '--raw', '--subdir', 'DAGS_FOLDER/taxi_trip.py', '--cfg-path', '/tmp/tmpb594ipe0']
[2024-10-12T09:42:26.925+0000] {standard_task_runner.py:91} INFO - Job 569: Subtask dbt_transformation_layer.dbt_run_model_zone_lookup
[2024-10-12T09:42:26.983+0000] {task_command.py:426} INFO - Running <TaskInstance: Taxi_trip_pipeline.dbt_transformation_layer.dbt_run_model_zone_lookup scheduled__2024-10-12T08:00:00+00:00 [running]> on host cb13d84d2d77
[2024-10-12T09:42:27.118+0000] {taskinstance.py:2648} INFO - Exporting env vars: AIRFLOW_CTX_DAG_OWNER='Mahmoud' AIRFLOW_CTX_DAG_ID='Taxi_trip_pipeline' AIRFLOW_CTX_TASK_ID='dbt_transformation_layer.dbt_run_model_zone_lookup' AIRFLOW_CTX_EXECUTION_DATE='2024-10-12T08:00:00+00:00' AIRFLOW_CTX_TRY_NUMBER='15' AIRFLOW_CTX_DAG_RUN_ID='scheduled__2024-10-12T08:00:00+00:00'
[2024-10-12T09:42:27.119+0000] {taskinstance.py:430} INFO - ::endgroup::
[2024-10-12T09:42:27.134+0000] {subprocess.py:63} INFO - Tmp dir root location: /tmp
[2024-10-12T09:42:27.135+0000] {subprocess.py:75} INFO - Running command: ['/usr/bin/bash', '-c', 'dbt run --profiles-dir /opt/***/DBT_Project  --project-dir /opt/***/dbt_trip --models zone_lookup']
[2024-10-12T09:42:27.154+0000] {subprocess.py:86} INFO - Output:
[2024-10-12T09:42:30.510+0000] {subprocess.py:93} INFO - [0m09:42:30  Running with dbt=1.8.0
[2024-10-12T09:42:30.892+0000] {subprocess.py:93} INFO - [0m09:42:30  Registered adapter: postgres=1.8.0
[2024-10-12T09:42:31.380+0000] {subprocess.py:93} INFO - [0m09:42:31  [[33mWARNING[0m]: Configuration paths exist in your dbt_project.yml file which do not apply to any resources.
[2024-10-12T09:42:31.380+0000] {subprocess.py:93} INFO - There are 2 unused configuration paths:
[2024-10-12T09:42:31.380+0000] {subprocess.py:93} INFO - - models.fact_trip.staging
[2024-10-12T09:42:31.381+0000] {subprocess.py:93} INFO - - models.fact_trip.Dimensions
[2024-10-12T09:42:31.667+0000] {subprocess.py:93} INFO - [0m09:42:31  Found 4 models, 6 data tests, 3 sources, 566 macros
[2024-10-12T09:42:31.671+0000] {subprocess.py:93} INFO - [0m09:42:31
[2024-10-12T09:42:31.935+0000] {subprocess.py:93} INFO - [0m09:42:31  Concurrency: 3 threads (target='dev')
[2024-10-12T09:42:31.936+0000] {subprocess.py:93} INFO - [0m09:42:31
[2024-10-12T09:42:31.965+0000] {subprocess.py:93} INFO - [0m09:42:31  1 of 1 START sql view model analysis.zone_lookup ............................... [RUN]
[2024-10-12T09:42:32.202+0000] {subprocess.py:93} INFO - [0m09:42:32  1 of 1 OK created sql view model analysis.zone_lookup .......................... [[32mCREATE VIEW[0m in 0.23s]
[2024-10-12T09:42:32.225+0000] {subprocess.py:93} INFO - [0m09:42:32
[2024-10-12T09:42:32.227+0000] {subprocess.py:93} INFO - [0m09:42:32  Finished running 1 view model in 0 hours 0 minutes and 0.55 seconds (0.55s).
[2024-10-12T09:42:32.329+0000] {subprocess.py:93} INFO - [0m09:42:32
[2024-10-12T09:42:32.330+0000] {subprocess.py:93} INFO - [0m09:42:32  [32mCompleted successfully[0m
[2024-10-12T09:42:32.331+0000] {subprocess.py:93} INFO - [0m09:42:32
[2024-10-12T09:42:32.332+0000] {subprocess.py:93} INFO - [0m09:42:32  Done. PASS=1 WARN=0 ERROR=0 SKIP=0 TOTAL=1
[2024-10-12T09:42:38.420+0000] {subprocess.py:97} INFO - Command exited with return code 0
[2024-10-12T09:42:38.421+0000] {taskinstance.py:441} INFO - ::group::Post task execution logs
[2024-10-12T09:42:38.451+0000] {taskinstance.py:1206} INFO - Marking task as SUCCESS. dag_id=Taxi_trip_pipeline, task_id=dbt_transformation_layer.dbt_run_model_zone_lookup, run_id=scheduled__2024-10-12T08:00:00+00:00, execution_date=20241012T080000, start_date=20241012T094226, end_date=20241012T094238
[2024-10-12T09:42:38.504+0000] {local_task_job_runner.py:240} INFO - Task exited with return code 0
[2024-10-12T09:42:38.525+0000] {taskinstance.py:3498} INFO - 0 downstream tasks scheduled from follow-on schedule check
[2024-10-12T09:42:38.526+0000] {local_task_job_runner.py:222} INFO - ::endgroup::
