[2024-10-12T13:03:11.664+0000] {local_task_job_runner.py:120} INFO - ::group::Pre task execution logs
[2024-10-12T13:03:11.701+0000] {taskinstance.py:2076} INFO - Dependencies all met for dep_context=non-requeueable deps ti=<TaskInstance: Taxi_trip_pipeline.extraction_layer.extract_green_date scheduled__2024-10-12T12:45:00+00:00 [queued]>
[2024-10-12T13:03:11.722+0000] {taskinstance.py:2076} INFO - Dependencies all met for dep_context=requeueable deps ti=<TaskInstance: Taxi_trip_pipeline.extraction_layer.extract_green_date scheduled__2024-10-12T12:45:00+00:00 [queued]>
[2024-10-12T13:03:11.723+0000] {taskinstance.py:2306} INFO - Starting attempt 1 of 1
[2024-10-12T13:03:11.748+0000] {taskinstance.py:2330} INFO - Executing <Task(PythonOperator): extraction_layer.extract_green_date> on 2024-10-12 12:45:00+00:00
[2024-10-12T13:03:11.760+0000] {standard_task_runner.py:63} INFO - Started process 77 to run task
[2024-10-12T13:03:11.765+0000] {standard_task_runner.py:90} INFO - Running: ['***', 'tasks', 'run', 'Taxi_trip_pipeline', 'extraction_layer.extract_green_date', 'scheduled__2024-10-12T12:45:00+00:00', '--job-id', '3', '--raw', '--subdir', 'DAGS_FOLDER/taxi_trip.py', '--cfg-path', '/tmp/tmp98ilbpr_']
[2024-10-12T13:03:11.769+0000] {standard_task_runner.py:91} INFO - Job 3: Subtask extraction_layer.extract_green_date
[2024-10-12T13:03:11.855+0000] {task_command.py:426} INFO - Running <TaskInstance: Taxi_trip_pipeline.extraction_layer.extract_green_date scheduled__2024-10-12T12:45:00+00:00 [running]> on host ebdcf85807fc
[2024-10-12T13:03:12.043+0000] {taskinstance.py:2648} INFO - Exporting env vars: AIRFLOW_CTX_DAG_OWNER='Mahmoud' AIRFLOW_CTX_DAG_ID='Taxi_trip_pipeline' AIRFLOW_CTX_TASK_ID='extraction_layer.extract_green_date' AIRFLOW_CTX_EXECUTION_DATE='2024-10-12T12:45:00+00:00' AIRFLOW_CTX_TRY_NUMBER='1' AIRFLOW_CTX_DAG_RUN_ID='scheduled__2024-10-12T12:45:00+00:00'
[2024-10-12T13:03:12.049+0000] {taskinstance.py:430} INFO - ::endgroup::
[2024-10-12T13:03:12.076+0000] {taxi_trip.py:37} INFO - Data extraction for green trip started
[2024-10-12T13:03:12.087+0000] {db_utils.py:16} INFO - Connected to PostgreSQL database successfully
[2024-10-12T13:03:12.088+0000] {Process_data.py:17} INFO - Start transforming Green Trip data...
[2024-10-12T13:03:12.092+0000] {Process_data.py:29} INFO - Processing file green_tripdata_2024-04.parquet...
[2024-10-12T13:03:12.233+0000] {Process_data.py:29} INFO - Processing file green_tripdata_2024-01.parquet...
[2024-10-12T13:03:12.258+0000] {Process_data.py:29} INFO - Processing file green_tripdata_2024-03.parquet...
[2024-10-12T13:03:12.284+0000] {Process_data.py:29} INFO - Processing file green_tripdata_2024-02.parquet...
[2024-10-12T13:03:12.308+0000] {Process_data.py:29} INFO - Processing file green_tripdata_2024-05.parquet...
[2024-10-12T13:03:12.326+0000] {Process_data.py:29} INFO - Processing file green_tripdata_2024-06.parquet...
[2024-10-12T13:03:12.418+0000] {Process_data.py:38} INFO - Green trip dataframe with 339807 rows
[2024-10-12T13:03:12.420+0000] {taxi_trip.py:40} INFO - Data extraction for green trip done
[2024-10-12T13:03:14.870+0000] {taxi_trip.py:45} INFO - Pushed green trip data with 339807 rows to XCom
[2024-10-12T13:03:14.873+0000] {python.py:237} INFO - Done. Returned value was: None
[2024-10-12T13:03:14.874+0000] {taskinstance.py:441} INFO - ::group::Post task execution logs
[2024-10-12T13:03:14.883+0000] {taskinstance.py:1206} INFO - Marking task as SUCCESS. dag_id=Taxi_trip_pipeline, task_id=extraction_layer.extract_green_date, run_id=scheduled__2024-10-12T12:45:00+00:00, execution_date=20241012T124500, start_date=20241012T130311, end_date=20241012T130314
[2024-10-12T13:03:14.998+0000] {local_task_job_runner.py:240} INFO - Task exited with return code 0
[2024-10-12T13:03:15.046+0000] {taskinstance.py:3498} INFO - 1 downstream tasks scheduled from follow-on schedule check
[2024-10-12T13:03:15.048+0000] {local_task_job_runner.py:222} INFO - ::endgroup::
[2024-10-12T13:14:11.757+0000] {local_task_job_runner.py:120} INFO - ::group::Pre task execution logs
[2024-10-12T13:14:11.791+0000] {taskinstance.py:2076} INFO - Dependencies all met for dep_context=non-requeueable deps ti=<TaskInstance: Taxi_trip_pipeline.extraction_layer.extract_green_date scheduled__2024-10-12T12:45:00+00:00 [queued]>
[2024-10-12T13:14:11.806+0000] {taskinstance.py:2076} INFO - Dependencies all met for dep_context=requeueable deps ti=<TaskInstance: Taxi_trip_pipeline.extraction_layer.extract_green_date scheduled__2024-10-12T12:45:00+00:00 [queued]>
[2024-10-12T13:14:11.807+0000] {taskinstance.py:2306} INFO - Starting attempt 1 of 1
[2024-10-12T13:14:11.829+0000] {taskinstance.py:2330} INFO - Executing <Task(PythonOperator): extraction_layer.extract_green_date> on 2024-10-12 12:45:00+00:00
[2024-10-12T13:14:11.837+0000] {standard_task_runner.py:63} INFO - Started process 320 to run task
[2024-10-12T13:14:11.841+0000] {standard_task_runner.py:90} INFO - Running: ['***', 'tasks', 'run', 'Taxi_trip_pipeline', 'extraction_layer.extract_green_date', 'scheduled__2024-10-12T12:45:00+00:00', '--job-id', '25', '--raw', '--subdir', 'DAGS_FOLDER/taxi_trip.py', '--cfg-path', '/tmp/tmpdojp8d3w']
[2024-10-12T13:14:11.844+0000] {standard_task_runner.py:91} INFO - Job 25: Subtask extraction_layer.extract_green_date
[2024-10-12T13:14:11.904+0000] {task_command.py:426} INFO - Running <TaskInstance: Taxi_trip_pipeline.extraction_layer.extract_green_date scheduled__2024-10-12T12:45:00+00:00 [running]> on host ebdcf85807fc
[2024-10-12T13:14:12.011+0000] {taskinstance.py:2648} INFO - Exporting env vars: AIRFLOW_CTX_DAG_OWNER='Mahmoud' AIRFLOW_CTX_DAG_ID='Taxi_trip_pipeline' AIRFLOW_CTX_TASK_ID='extraction_layer.extract_green_date' AIRFLOW_CTX_EXECUTION_DATE='2024-10-12T12:45:00+00:00' AIRFLOW_CTX_TRY_NUMBER='1' AIRFLOW_CTX_DAG_RUN_ID='scheduled__2024-10-12T12:45:00+00:00'
[2024-10-12T13:14:12.012+0000] {taskinstance.py:430} INFO - ::endgroup::
[2024-10-12T13:14:12.027+0000] {taxi_trip.py:37} INFO - Data extraction for green trip started
[2024-10-12T13:14:12.035+0000] {db_utils.py:16} INFO - Connected to PostgreSQL database successfully
[2024-10-12T13:14:12.035+0000] {Process_data.py:17} INFO - Start transforming Green Trip data...
[2024-10-12T13:14:12.036+0000] {taxi_trip.py:40} INFO - Data extraction for green trip done
[2024-10-12T13:14:12.036+0000] {taxi_trip.py:47} WARNING - No data found for green trip
[2024-10-12T13:14:12.036+0000] {python.py:237} INFO - Done. Returned value was: None
[2024-10-12T13:14:12.037+0000] {taskinstance.py:441} INFO - ::group::Post task execution logs
[2024-10-12T13:14:12.053+0000] {taskinstance.py:1206} INFO - Marking task as SUCCESS. dag_id=Taxi_trip_pipeline, task_id=extraction_layer.extract_green_date, run_id=scheduled__2024-10-12T12:45:00+00:00, execution_date=20241012T124500, start_date=20241012T131411, end_date=20241012T131412
[2024-10-12T13:14:12.093+0000] {local_task_job_runner.py:240} INFO - Task exited with return code 0
[2024-10-12T13:14:12.139+0000] {taskinstance.py:3498} INFO - 1 downstream tasks scheduled from follow-on schedule check
[2024-10-12T13:14:12.141+0000] {local_task_job_runner.py:222} INFO - ::endgroup::
