[2024-10-12T12:09:19.590+0000] {local_task_job_runner.py:120} INFO - ::group::Pre task execution logs
[2024-10-12T12:09:19.613+0000] {taskinstance.py:2076} INFO - Dependencies all met for dep_context=non-requeueable deps ti=<TaskInstance: Taxi_trip_pipeline.extraction_layer.extract_yellow_date manual__2024-10-12T12:09:17.710719+00:00 [queued]>
[2024-10-12T12:09:19.623+0000] {taskinstance.py:2076} INFO - Dependencies all met for dep_context=requeueable deps ti=<TaskInstance: Taxi_trip_pipeline.extraction_layer.extract_yellow_date manual__2024-10-12T12:09:17.710719+00:00 [queued]>
[2024-10-12T12:09:19.624+0000] {taskinstance.py:2306} INFO - Starting attempt 1 of 1
[2024-10-12T12:09:19.638+0000] {taskinstance.py:2330} INFO - Executing <Task(PythonOperator): extraction_layer.extract_yellow_date> on 2024-10-12 12:09:17.710719+00:00
[2024-10-12T12:09:19.644+0000] {standard_task_runner.py:63} INFO - Started process 113 to run task
[2024-10-12T12:09:19.648+0000] {standard_task_runner.py:90} INFO - Running: ['***', 'tasks', 'run', 'Taxi_trip_pipeline', 'extraction_layer.extract_yellow_date', 'manual__2024-10-12T12:09:17.710719+00:00', '--job-id', '12', '--raw', '--subdir', 'DAGS_FOLDER/taxi_trip.py', '--cfg-path', '/tmp/tmpmj3cmmfv']
[2024-10-12T12:09:19.650+0000] {standard_task_runner.py:91} INFO - Job 12: Subtask extraction_layer.extract_yellow_date
[2024-10-12T12:09:19.703+0000] {task_command.py:426} INFO - Running <TaskInstance: Taxi_trip_pipeline.extraction_layer.extract_yellow_date manual__2024-10-12T12:09:17.710719+00:00 [running]> on host e1ee2fad10db
[2024-10-12T12:09:19.789+0000] {taskinstance.py:2648} INFO - Exporting env vars: AIRFLOW_CTX_DAG_OWNER='Mahmoud' AIRFLOW_CTX_DAG_ID='Taxi_trip_pipeline' AIRFLOW_CTX_TASK_ID='extraction_layer.extract_yellow_date' AIRFLOW_CTX_EXECUTION_DATE='2024-10-12T12:09:17.710719+00:00' AIRFLOW_CTX_TRY_NUMBER='1' AIRFLOW_CTX_DAG_RUN_ID='manual__2024-10-12T12:09:17.710719+00:00'
[2024-10-12T12:09:19.790+0000] {taskinstance.py:430} INFO - ::endgroup::
[2024-10-12T12:09:19.802+0000] {taxi_trip.py:53} INFO - Data extraction for yellow trip started
[2024-10-12T12:09:19.810+0000] {db_utils.py:16} INFO - Connected to PostgreSQL database successfully
[2024-10-12T12:09:19.810+0000] {Process_data.py:47} INFO - Start transforming Yellow Trip data...
[2024-10-12T12:09:19.810+0000] {taxi_trip.py:56} INFO - Data extraction for yellow trip done
[2024-10-12T12:09:19.811+0000] {taxi_trip.py:63} WARNING - No data found for yellow trip
[2024-10-12T12:09:19.811+0000] {python.py:237} INFO - Done. Returned value was: None
[2024-10-12T12:09:19.811+0000] {taskinstance.py:441} INFO - ::group::Post task execution logs
[2024-10-12T12:09:19.823+0000] {taskinstance.py:1206} INFO - Marking task as SUCCESS. dag_id=Taxi_trip_pipeline, task_id=extraction_layer.extract_yellow_date, run_id=manual__2024-10-12T12:09:17.710719+00:00, execution_date=20241012T120917, start_date=20241012T120919, end_date=20241012T120919
[2024-10-12T12:09:19.859+0000] {local_task_job_runner.py:240} INFO - Task exited with return code 0
[2024-10-12T12:09:19.892+0000] {taskinstance.py:3498} INFO - 1 downstream tasks scheduled from follow-on schedule check
[2024-10-12T12:09:19.893+0000] {local_task_job_runner.py:222} INFO - ::endgroup::
