[2024-09-25T20:58:26.171+0000] {local_task_job_runner.py:120} INFO - ::group::Pre task execution logs
[2024-09-25T20:58:26.197+0000] {taskinstance.py:2076} INFO - Dependencies all met for dep_context=non-requeueable deps ti=<TaskInstance: Taxi_trip_pipeline.extraction_group.extract_yellow_date manual__2024-09-25T20:58:25.225132+00:00 [queued]>
[2024-09-25T20:58:26.208+0000] {taskinstance.py:2076} INFO - Dependencies all met for dep_context=requeueable deps ti=<TaskInstance: Taxi_trip_pipeline.extraction_group.extract_yellow_date manual__2024-09-25T20:58:25.225132+00:00 [queued]>
[2024-09-25T20:58:26.208+0000] {taskinstance.py:2306} INFO - Starting attempt 1 of 1
[2024-09-25T20:58:26.227+0000] {taskinstance.py:2330} INFO - Executing <Task(PythonOperator): extraction_group.extract_yellow_date> on 2024-09-25 20:58:25.225132+00:00
[2024-09-25T20:58:26.234+0000] {standard_task_runner.py:63} INFO - Started process 381 to run task
[2024-09-25T20:58:26.238+0000] {standard_task_runner.py:90} INFO - Running: ['***', 'tasks', 'run', 'Taxi_trip_pipeline', 'extraction_group.extract_yellow_date', 'manual__2024-09-25T20:58:25.225132+00:00', '--job-id', '147', '--raw', '--subdir', 'DAGS_FOLDER/taxi_trip.py', '--cfg-path', '/tmp/tmpu8b2gdwo']
[2024-09-25T20:58:26.241+0000] {standard_task_runner.py:91} INFO - Job 147: Subtask extraction_group.extract_yellow_date
[2024-09-25T20:58:26.291+0000] {task_command.py:426} INFO - Running <TaskInstance: Taxi_trip_pipeline.extraction_group.extract_yellow_date manual__2024-09-25T20:58:25.225132+00:00 [running]> on host 3aa1deac3d71
[2024-09-25T20:58:26.384+0000] {taskinstance.py:2648} INFO - Exporting env vars: AIRFLOW_CTX_DAG_OWNER='Mahmoud' AIRFLOW_CTX_DAG_ID='Taxi_trip_pipeline' AIRFLOW_CTX_TASK_ID='extraction_group.extract_yellow_date' AIRFLOW_CTX_EXECUTION_DATE='2024-09-25T20:58:25.225132+00:00' AIRFLOW_CTX_TRY_NUMBER='1' AIRFLOW_CTX_DAG_RUN_ID='manual__2024-09-25T20:58:25.225132+00:00'
[2024-09-25T20:58:26.385+0000] {taskinstance.py:430} INFO - ::endgroup::
[2024-09-25T20:58:26.398+0000] {taxi_trip.py:49} INFO - Data extraction for yellow trip started
[2024-09-25T20:58:26.398+0000] {Process_data.py:32} INFO - Start transforming Yellow Trip data...
[2024-09-25T20:58:26.837+0000] {Process_data.py:43} INFO - data frams have 2964624 row
[2024-09-25T20:58:26.843+0000] {taxi_trip.py:51} INFO - Data extraction for yellow trip done
[2024-09-25T20:58:36.718+0000] {taxi_trip.py:54} INFO - Pushed yellow trip data with 2964624 rows to XCom
[2024-09-25T20:58:36.728+0000] {python.py:237} INFO - Done. Returned value was: None
[2024-09-25T20:58:36.728+0000] {taskinstance.py:441} INFO - ::group::Post task execution logs
[2024-09-25T20:58:36.737+0000] {taskinstance.py:1206} INFO - Marking task as SUCCESS. dag_id=Taxi_trip_pipeline, task_id=extraction_group.extract_yellow_date, run_id=manual__2024-09-25T20:58:25.225132+00:00, execution_date=20240925T205825, start_date=20240925T205826, end_date=20240925T205836
[2024-09-25T20:58:36.847+0000] {local_task_job_runner.py:240} INFO - Task exited with return code 0
[2024-09-25T20:58:36.867+0000] {taskinstance.py:3498} INFO - 3 downstream tasks scheduled from follow-on schedule check
[2024-09-25T20:58:36.868+0000] {local_task_job_runner.py:222} INFO - ::endgroup::
