[2024-09-25T19:49:25.919+0000] {local_task_job_runner.py:120} INFO - ::group::Pre task execution logs
[2024-09-25T19:49:25.945+0000] {taskinstance.py:2076} INFO - Dependencies all met for dep_context=non-requeueable deps ti=<TaskInstance: Taxi_trip_pipeline.extraction_group.extract_green_date manual__2024-09-25T19:49:24.321638+00:00 [queued]>
[2024-09-25T19:49:25.958+0000] {taskinstance.py:2076} INFO - Dependencies all met for dep_context=requeueable deps ti=<TaskInstance: Taxi_trip_pipeline.extraction_group.extract_green_date manual__2024-09-25T19:49:24.321638+00:00 [queued]>
[2024-09-25T19:49:25.959+0000] {taskinstance.py:2306} INFO - Starting attempt 1 of 1
[2024-09-25T19:49:25.975+0000] {taskinstance.py:2330} INFO - Executing <Task(PythonOperator): extraction_group.extract_green_date> on 2024-09-25 19:49:24.321638+00:00
[2024-09-25T19:49:25.984+0000] {standard_task_runner.py:63} INFO - Started process 311 to run task
[2024-09-25T19:49:25.987+0000] {standard_task_runner.py:90} INFO - Running: ['***', 'tasks', 'run', 'Taxi_trip_pipeline', 'extraction_group.extract_green_date', 'manual__2024-09-25T19:49:24.321638+00:00', '--job-id', '141', '--raw', '--subdir', 'DAGS_FOLDER/taxi_trip.py', '--cfg-path', '/tmp/tmpgpt1oees']
[2024-09-25T19:49:25.990+0000] {standard_task_runner.py:91} INFO - Job 141: Subtask extraction_group.extract_green_date
[2024-09-25T19:49:26.033+0000] {task_command.py:426} INFO - Running <TaskInstance: Taxi_trip_pipeline.extraction_group.extract_green_date manual__2024-09-25T19:49:24.321638+00:00 [running]> on host 3aa1deac3d71
[2024-09-25T19:49:26.115+0000] {taskinstance.py:2648} INFO - Exporting env vars: AIRFLOW_CTX_DAG_OWNER='Mahmoud' AIRFLOW_CTX_DAG_ID='Taxi_trip_pipeline' AIRFLOW_CTX_TASK_ID='extraction_group.extract_green_date' AIRFLOW_CTX_EXECUTION_DATE='2024-09-25T19:49:24.321638+00:00' AIRFLOW_CTX_TRY_NUMBER='1' AIRFLOW_CTX_DAG_RUN_ID='manual__2024-09-25T19:49:24.321638+00:00'
[2024-09-25T19:49:26.116+0000] {taskinstance.py:430} INFO - ::endgroup::
[2024-09-25T19:49:26.127+0000] {taxi_trip.py:36} INFO - Data extraction for green trip started
[2024-09-25T19:49:26.128+0000] {Process_data.py:15} INFO - Start transforming Green Trip data...
[2024-09-25T19:49:26.167+0000] {Process_data.py:24} INFO - data frams have 56551 row
[2024-09-25T19:49:26.167+0000] {taxi_trip.py:38} INFO - Data extraction for green trip done
[2024-09-25T19:49:26.793+0000] {taxi_trip.py:41} INFO - Pushed green trip data with 56551 rows to XCom
[2024-09-25T19:49:26.793+0000] {python.py:237} INFO - Done. Returned value was: None
[2024-09-25T19:49:26.794+0000] {taskinstance.py:441} INFO - ::group::Post task execution logs
[2024-09-25T19:49:26.801+0000] {taskinstance.py:1206} INFO - Marking task as SUCCESS. dag_id=Taxi_trip_pipeline, task_id=extraction_group.extract_green_date, run_id=manual__2024-09-25T19:49:24.321638+00:00, execution_date=20240925T194924, start_date=20240925T194925, end_date=20240925T194926
[2024-09-25T19:49:26.846+0000] {local_task_job_runner.py:240} INFO - Task exited with return code 0
[2024-09-25T19:49:26.869+0000] {taskinstance.py:3498} INFO - 0 downstream tasks scheduled from follow-on schedule check
[2024-09-25T19:49:26.870+0000] {local_task_job_runner.py:222} INFO - ::endgroup::
