[2024-10-12T13:14:19.191+0000] {local_task_job_runner.py:120} INFO - ::group::Pre task execution logs
[2024-10-12T13:14:19.234+0000] {taskinstance.py:2076} INFO - Dependencies all met for dep_context=non-requeueable deps ti=<TaskInstance: Taxi_trip_pipeline.dbt_transformation_layer.dbt_run_model_green_trip scheduled__2024-10-12T12:45:00+00:00 [queued]>
[2024-10-12T13:14:19.252+0000] {taskinstance.py:2076} INFO - Dependencies all met for dep_context=requeueable deps ti=<TaskInstance: Taxi_trip_pipeline.dbt_transformation_layer.dbt_run_model_green_trip scheduled__2024-10-12T12:45:00+00:00 [queued]>
[2024-10-12T13:14:19.253+0000] {taskinstance.py:2306} INFO - Starting attempt 1 of 1
[2024-10-12T13:14:19.274+0000] {taskinstance.py:2330} INFO - Executing <Task(BashOperator): dbt_transformation_layer.dbt_run_model_green_trip> on 2024-10-12 12:45:00+00:00
[2024-10-12T13:14:19.285+0000] {standard_task_runner.py:63} INFO - Started process 356 to run task
[2024-10-12T13:14:19.289+0000] {standard_task_runner.py:90} INFO - Running: ['***', 'tasks', 'run', 'Taxi_trip_pipeline', 'dbt_transformation_layer.dbt_run_model_green_trip', 'scheduled__2024-10-12T12:45:00+00:00', '--job-id', '38', '--raw', '--subdir', 'DAGS_FOLDER/taxi_trip.py', '--cfg-path', '/tmp/tmpcjqanmnk']
[2024-10-12T13:14:19.291+0000] {standard_task_runner.py:91} INFO - Job 38: Subtask dbt_transformation_layer.dbt_run_model_green_trip
[2024-10-12T13:14:19.371+0000] {task_command.py:426} INFO - Running <TaskInstance: Taxi_trip_pipeline.dbt_transformation_layer.dbt_run_model_green_trip scheduled__2024-10-12T12:45:00+00:00 [running]> on host ebdcf85807fc
[2024-10-12T13:14:19.516+0000] {taskinstance.py:2648} INFO - Exporting env vars: AIRFLOW_CTX_DAG_OWNER='Mahmoud' AIRFLOW_CTX_DAG_ID='Taxi_trip_pipeline' AIRFLOW_CTX_TASK_ID='dbt_transformation_layer.dbt_run_model_green_trip' AIRFLOW_CTX_EXECUTION_DATE='2024-10-12T12:45:00+00:00' AIRFLOW_CTX_TRY_NUMBER='1' AIRFLOW_CTX_DAG_RUN_ID='scheduled__2024-10-12T12:45:00+00:00'
[2024-10-12T13:14:19.517+0000] {taskinstance.py:430} INFO - ::endgroup::
[2024-10-12T13:14:19.537+0000] {subprocess.py:63} INFO - Tmp dir root location: /tmp
[2024-10-12T13:14:19.538+0000] {subprocess.py:75} INFO - Running command: ['/usr/bin/bash', '-c', 'dbt run --profiles-dir /opt/***/DBT_Project  --project-dir /opt/***/dbt_trip --models green_trip']
[2024-10-12T13:14:19.563+0000] {subprocess.py:86} INFO - Output:
[2024-10-12T13:14:23.231+0000] {subprocess.py:93} INFO - [0m13:14:23  Running with dbt=1.8.0
[2024-10-12T13:14:23.830+0000] {subprocess.py:93} INFO - [0m13:14:23  Registered adapter: postgres=1.8.0
[2024-10-12T13:14:24.356+0000] {subprocess.py:93} INFO - [0m13:14:24  [[33mWARNING[0m]: Configuration paths exist in your dbt_project.yml file which do not apply to any resources.
[2024-10-12T13:14:24.356+0000] {subprocess.py:93} INFO - There are 2 unused configuration paths:
[2024-10-12T13:14:24.357+0000] {subprocess.py:93} INFO - - models.fact_trip.staging
[2024-10-12T13:14:24.357+0000] {subprocess.py:93} INFO - - models.fact_trip.Dimensions
[2024-10-12T13:14:24.735+0000] {subprocess.py:93} INFO - [0m13:14:24  Found 4 models, 6 data tests, 3 sources, 566 macros
[2024-10-12T13:14:24.740+0000] {subprocess.py:93} INFO - [0m13:14:24
[2024-10-12T13:14:24.924+0000] {subprocess.py:93} INFO - [0m13:14:24  Concurrency: 3 threads (target='dev')
[2024-10-12T13:14:24.925+0000] {subprocess.py:93} INFO - [0m13:14:24
[2024-10-12T13:14:24.930+0000] {subprocess.py:93} INFO - [0m13:14:24  1 of 1 START sql view model analysis.green_trip ................................ [RUN]
[2024-10-12T13:14:26.870+0000] {subprocess.py:93} INFO - [0m13:14:26  1 of 1 OK created sql view model analysis.green_trip ........................... [[32mCREATE VIEW[0m in 1.94s]
[2024-10-12T13:14:26.886+0000] {subprocess.py:93} INFO - [0m13:14:26
[2024-10-12T13:14:26.887+0000] {subprocess.py:93} INFO - [0m13:14:26  Finished running 1 view model in 0 hours 0 minutes and 2.14 seconds (2.14s).
[2024-10-12T13:14:27.264+0000] {subprocess.py:93} INFO - [0m13:14:27
[2024-10-12T13:14:27.264+0000] {subprocess.py:93} INFO - [0m13:14:27  [32mCompleted successfully[0m
[2024-10-12T13:14:27.265+0000] {subprocess.py:93} INFO - [0m13:14:27
[2024-10-12T13:14:27.266+0000] {subprocess.py:93} INFO - [0m13:14:27  Done. PASS=1 WARN=0 ERROR=0 SKIP=0 TOTAL=1
[2024-10-12T13:14:28.581+0000] {subprocess.py:97} INFO - Command exited with return code 0
[2024-10-12T13:14:28.581+0000] {taskinstance.py:441} INFO - ::group::Post task execution logs
[2024-10-12T13:14:28.608+0000] {taskinstance.py:1206} INFO - Marking task as SUCCESS. dag_id=Taxi_trip_pipeline, task_id=dbt_transformation_layer.dbt_run_model_green_trip, run_id=scheduled__2024-10-12T12:45:00+00:00, execution_date=20241012T124500, start_date=20241012T131419, end_date=20241012T131428
[2024-10-12T13:14:28.630+0000] {local_task_job_runner.py:240} INFO - Task exited with return code 0
[2024-10-12T13:14:28.660+0000] {taskinstance.py:3498} INFO - 0 downstream tasks scheduled from follow-on schedule check
[2024-10-12T13:14:28.661+0000] {local_task_job_runner.py:222} INFO - ::endgroup::
