[2024-10-12T13:12:27.008+0000] {local_task_job_runner.py:120} INFO - ::group::Pre task execution logs
[2024-10-12T13:12:27.032+0000] {taskinstance.py:2076} INFO - Dependencies all met for dep_context=non-requeueable deps ti=<TaskInstance: Taxi_trip_pipeline.dbt_transformation_layer.dbt_run_model_yellow_trip manual__2024-10-12T13:03:08.986267+00:00 [queued]>
[2024-10-12T13:12:27.042+0000] {taskinstance.py:2076} INFO - Dependencies all met for dep_context=requeueable deps ti=<TaskInstance: Taxi_trip_pipeline.dbt_transformation_layer.dbt_run_model_yellow_trip manual__2024-10-12T13:03:08.986267+00:00 [queued]>
[2024-10-12T13:12:27.043+0000] {taskinstance.py:2306} INFO - Starting attempt 2 of 2
[2024-10-12T13:12:27.057+0000] {taskinstance.py:2330} INFO - Executing <Task(BashOperator): dbt_transformation_layer.dbt_run_model_yellow_trip> on 2024-10-12 13:03:08.986267+00:00
[2024-10-12T13:12:27.066+0000] {standard_task_runner.py:63} INFO - Started process 261 to run task
[2024-10-12T13:12:27.069+0000] {standard_task_runner.py:90} INFO - Running: ['***', 'tasks', 'run', 'Taxi_trip_pipeline', 'dbt_transformation_layer.dbt_run_model_yellow_trip', 'manual__2024-10-12T13:03:08.986267+00:00', '--job-id', '20', '--raw', '--subdir', 'DAGS_FOLDER/taxi_trip.py', '--cfg-path', '/tmp/tmpya7boers']
[2024-10-12T13:12:27.071+0000] {standard_task_runner.py:91} INFO - Job 20: Subtask dbt_transformation_layer.dbt_run_model_yellow_trip
[2024-10-12T13:12:27.126+0000] {task_command.py:426} INFO - Running <TaskInstance: Taxi_trip_pipeline.dbt_transformation_layer.dbt_run_model_yellow_trip manual__2024-10-12T13:03:08.986267+00:00 [running]> on host ebdcf85807fc
[2024-10-12T13:12:27.221+0000] {taskinstance.py:2648} INFO - Exporting env vars: AIRFLOW_CTX_DAG_OWNER='Mahmoud' AIRFLOW_CTX_DAG_ID='Taxi_trip_pipeline' AIRFLOW_CTX_TASK_ID='dbt_transformation_layer.dbt_run_model_yellow_trip' AIRFLOW_CTX_EXECUTION_DATE='2024-10-12T13:03:08.986267+00:00' AIRFLOW_CTX_TRY_NUMBER='2' AIRFLOW_CTX_DAG_RUN_ID='manual__2024-10-12T13:03:08.986267+00:00'
[2024-10-12T13:12:27.222+0000] {taskinstance.py:430} INFO - ::endgroup::
[2024-10-12T13:12:27.237+0000] {subprocess.py:63} INFO - Tmp dir root location: /tmp
[2024-10-12T13:12:27.238+0000] {subprocess.py:75} INFO - Running command: ['/usr/bin/bash', '-c', 'dbt run --profiles-dir /opt/***/DBT_Project  --project-dir /opt/***/dbt_trip --models yellow_trip']
[2024-10-12T13:12:27.259+0000] {subprocess.py:86} INFO - Output:
[2024-10-12T13:12:30.359+0000] {subprocess.py:93} INFO - [0m13:12:30  Running with dbt=1.8.0
[2024-10-12T13:12:30.775+0000] {subprocess.py:93} INFO - [0m13:12:30  Registered adapter: postgres=1.8.0
[2024-10-12T13:12:31.158+0000] {subprocess.py:93} INFO - [0m13:12:31  [[33mWARNING[0m]: Configuration paths exist in your dbt_project.yml file which do not apply to any resources.
[2024-10-12T13:12:31.158+0000] {subprocess.py:93} INFO - There are 2 unused configuration paths:
[2024-10-12T13:12:31.158+0000] {subprocess.py:93} INFO - - models.fact_trip.staging
[2024-10-12T13:12:31.159+0000] {subprocess.py:93} INFO - - models.fact_trip.Dimensions
[2024-10-12T13:12:31.730+0000] {subprocess.py:93} INFO - [0m13:12:31  Found 4 models, 6 data tests, 3 sources, 566 macros
[2024-10-12T13:12:31.734+0000] {subprocess.py:93} INFO - [0m13:12:31
[2024-10-12T13:12:31.922+0000] {subprocess.py:93} INFO - [0m13:12:31  Concurrency: 3 threads (target='dev')
[2024-10-12T13:12:31.925+0000] {subprocess.py:93} INFO - [0m13:12:31
[2024-10-12T13:12:31.932+0000] {subprocess.py:93} INFO - [0m13:12:31  1 of 1 START sql view model analysis.yellow_trip ............................... [RUN]
[2024-10-12T13:12:32.214+0000] {subprocess.py:93} INFO - [0m13:12:32  1 of 1 OK created sql view model analysis.yellow_trip .......................... [[32mCREATE VIEW[0m in 0.28s]
[2024-10-12T13:12:32.233+0000] {subprocess.py:93} INFO - [0m13:12:32
[2024-10-12T13:12:32.234+0000] {subprocess.py:93} INFO - [0m13:12:32  Finished running 1 view model in 0 hours 0 minutes and 0.50 seconds (0.50s).
[2024-10-12T13:12:32.329+0000] {subprocess.py:93} INFO - [0m13:12:32
[2024-10-12T13:12:32.330+0000] {subprocess.py:93} INFO - [0m13:12:32  [32mCompleted successfully[0m
[2024-10-12T13:12:32.331+0000] {subprocess.py:93} INFO - [0m13:12:32
[2024-10-12T13:12:32.331+0000] {subprocess.py:93} INFO - [0m13:12:32  Done. PASS=1 WARN=0 ERROR=0 SKIP=0 TOTAL=1
[2024-10-12T13:12:33.302+0000] {subprocess.py:97} INFO - Command exited with return code 0
[2024-10-12T13:12:33.303+0000] {taskinstance.py:441} INFO - ::group::Post task execution logs
[2024-10-12T13:12:33.332+0000] {taskinstance.py:1206} INFO - Marking task as SUCCESS. dag_id=Taxi_trip_pipeline, task_id=dbt_transformation_layer.dbt_run_model_yellow_trip, run_id=manual__2024-10-12T13:03:08.986267+00:00, execution_date=20241012T130308, start_date=20241012T131227, end_date=20241012T131233
[2024-10-12T13:12:33.378+0000] {local_task_job_runner.py:240} INFO - Task exited with return code 0
[2024-10-12T13:12:33.401+0000] {taskinstance.py:3498} INFO - 0 downstream tasks scheduled from follow-on schedule check
[2024-10-12T13:12:33.403+0000] {local_task_job_runner.py:222} INFO - ::endgroup::
