[2024-10-01T15:14:11.398+0000] {local_task_job_runner.py:120} INFO - ::group::Pre task execution logs
[2024-10-01T15:14:11.420+0000] {taskinstance.py:2076} INFO - Dependencies all met for dep_context=non-requeueable deps ti=<TaskInstance: Taxi_trip_pipeline.dbt_transformation_layer.dbt_run_model_green_trip scheduled__2024-10-01T14:45:00+00:00 [queued]>
[2024-10-01T15:14:11.430+0000] {taskinstance.py:2076} INFO - Dependencies all met for dep_context=requeueable deps ti=<TaskInstance: Taxi_trip_pipeline.dbt_transformation_layer.dbt_run_model_green_trip scheduled__2024-10-01T14:45:00+00:00 [queued]>
[2024-10-01T15:14:11.430+0000] {taskinstance.py:2306} INFO - Starting attempt 1 of 1
[2024-10-01T15:14:11.443+0000] {taskinstance.py:2330} INFO - Executing <Task(BashOperator): dbt_transformation_layer.dbt_run_model_green_trip> on 2024-10-01 14:45:00+00:00
[2024-10-01T15:14:11.451+0000] {standard_task_runner.py:63} INFO - Started process 2049 to run task
[2024-10-01T15:14:11.455+0000] {standard_task_runner.py:90} INFO - Running: ['***', 'tasks', 'run', 'Taxi_trip_pipeline', 'dbt_transformation_layer.dbt_run_model_green_trip', 'scheduled__2024-10-01T14:45:00+00:00', '--job-id', '283', '--raw', '--subdir', 'DAGS_FOLDER/taxi_trip.py', '--cfg-path', '/tmp/tmpnhw22e_y']
[2024-10-01T15:14:11.458+0000] {standard_task_runner.py:91} INFO - Job 283: Subtask dbt_transformation_layer.dbt_run_model_green_trip
[2024-10-01T15:14:11.513+0000] {task_command.py:426} INFO - Running <TaskInstance: Taxi_trip_pipeline.dbt_transformation_layer.dbt_run_model_green_trip scheduled__2024-10-01T14:45:00+00:00 [running]> on host fcb0f9e87e2b
[2024-10-01T15:14:11.616+0000] {taskinstance.py:2648} INFO - Exporting env vars: AIRFLOW_CTX_DAG_OWNER='Mahmoud' AIRFLOW_CTX_DAG_ID='Taxi_trip_pipeline' AIRFLOW_CTX_TASK_ID='dbt_transformation_layer.dbt_run_model_green_trip' AIRFLOW_CTX_EXECUTION_DATE='2024-10-01T14:45:00+00:00' AIRFLOW_CTX_TRY_NUMBER='1' AIRFLOW_CTX_DAG_RUN_ID='scheduled__2024-10-01T14:45:00+00:00'
[2024-10-01T15:14:11.618+0000] {taskinstance.py:430} INFO - ::endgroup::
[2024-10-01T15:14:11.636+0000] {subprocess.py:63} INFO - Tmp dir root location: /tmp
[2024-10-01T15:14:11.636+0000] {subprocess.py:75} INFO - Running command: ['/usr/bin/bash', '-c', 'dbt run --profiles-dir /opt/***/DBT_Project  --project-dir /opt/***/dbt_trip --models green_trip']
[2024-10-01T15:14:11.653+0000] {subprocess.py:86} INFO - Output:
[2024-10-01T15:14:14.757+0000] {subprocess.py:93} INFO - [0m15:14:14  Running with dbt=1.8.0
[2024-10-01T15:14:15.147+0000] {subprocess.py:93} INFO - [0m15:14:15  Registered adapter: postgres=1.8.0
[2024-10-01T15:14:15.588+0000] {subprocess.py:93} INFO - [0m15:14:15  [[33mWARNING[0m]: Configuration paths exist in your dbt_project.yml file which do not apply to any resources.
[2024-10-01T15:14:15.589+0000] {subprocess.py:93} INFO - There are 2 unused configuration paths:
[2024-10-01T15:14:15.589+0000] {subprocess.py:93} INFO - - models.fact_trip.staging
[2024-10-01T15:14:15.589+0000] {subprocess.py:93} INFO - - models.fact_trip.Dimensions
[2024-10-01T15:14:15.855+0000] {subprocess.py:93} INFO - [0m15:14:15  Found 4 models, 6 data tests, 3 sources, 566 macros
[2024-10-01T15:14:15.858+0000] {subprocess.py:93} INFO - [0m15:14:15
[2024-10-01T15:14:16.014+0000] {subprocess.py:93} INFO - [0m15:14:16  Concurrency: 3 threads (target='dev')
[2024-10-01T15:14:16.014+0000] {subprocess.py:93} INFO - [0m15:14:16
[2024-10-01T15:14:16.027+0000] {subprocess.py:93} INFO - [0m15:14:16  1 of 1 START sql view model analysis.green_trip ................................ [RUN]
[2024-10-01T15:14:16.239+0000] {subprocess.py:93} INFO - [0m15:14:16  1 of 1 OK created sql view model analysis.green_trip ........................... [[32mCREATE VIEW[0m in 0.21s]
[2024-10-01T15:14:16.252+0000] {subprocess.py:93} INFO - [0m15:14:16
[2024-10-01T15:14:16.253+0000] {subprocess.py:93} INFO - [0m15:14:16  Finished running 1 view model in 0 hours 0 minutes and 0.39 seconds (0.39s).
[2024-10-01T15:14:16.307+0000] {subprocess.py:93} INFO - [0m15:14:16
[2024-10-01T15:14:16.307+0000] {subprocess.py:93} INFO - [0m15:14:16  [32mCompleted successfully[0m
[2024-10-01T15:14:16.308+0000] {subprocess.py:93} INFO - [0m15:14:16
[2024-10-01T15:14:16.308+0000] {subprocess.py:93} INFO - [0m15:14:16  Done. PASS=1 WARN=0 ERROR=0 SKIP=0 TOTAL=1
[2024-10-01T15:14:17.418+0000] {subprocess.py:97} INFO - Command exited with return code 0
[2024-10-01T15:14:17.419+0000] {taskinstance.py:441} INFO - ::group::Post task execution logs
[2024-10-01T15:14:17.450+0000] {taskinstance.py:1206} INFO - Marking task as SUCCESS. dag_id=Taxi_trip_pipeline, task_id=dbt_transformation_layer.dbt_run_model_green_trip, run_id=scheduled__2024-10-01T14:45:00+00:00, execution_date=20241001T144500, start_date=20241001T151411, end_date=20241001T151417
[2024-10-01T15:14:17.477+0000] {local_task_job_runner.py:240} INFO - Task exited with return code 0
[2024-10-01T15:14:17.511+0000] {taskinstance.py:3498} INFO - 0 downstream tasks scheduled from follow-on schedule check
[2024-10-01T15:14:17.513+0000] {local_task_job_runner.py:222} INFO - ::endgroup::
