[2024-10-12T09:15:04.626+0000] {local_task_job_runner.py:120} INFO - ::group::Pre task execution logs
[2024-10-12T09:15:04.648+0000] {taskinstance.py:2076} INFO - Dependencies all met for dep_context=non-requeueable deps ti=<TaskInstance: Taxi_trip_pipeline.mark_files_as_processed scheduled__2024-10-12T09:00:00+00:00 [queued]>
[2024-10-12T09:15:04.655+0000] {taskinstance.py:2076} INFO - Dependencies all met for dep_context=requeueable deps ti=<TaskInstance: Taxi_trip_pipeline.mark_files_as_processed scheduled__2024-10-12T09:00:00+00:00 [queued]>
[2024-10-12T09:15:04.655+0000] {taskinstance.py:2306} INFO - Starting attempt 1 of 1
[2024-10-12T09:15:04.667+0000] {taskinstance.py:2330} INFO - Executing <Task(PythonOperator): mark_files_as_processed> on 2024-10-12 09:00:00+00:00
[2024-10-12T09:15:04.676+0000] {standard_task_runner.py:63} INFO - Started process 125 to run task
[2024-10-12T09:15:04.678+0000] {standard_task_runner.py:90} INFO - Running: ['***', 'tasks', 'run', 'Taxi_trip_pipeline', 'mark_files_as_processed', 'scheduled__2024-10-12T09:00:00+00:00', '--job-id', '536', '--raw', '--subdir', 'DAGS_FOLDER/taxi_trip.py', '--cfg-path', '/tmp/tmpnvj7zcwy']
[2024-10-12T09:15:04.680+0000] {standard_task_runner.py:91} INFO - Job 536: Subtask mark_files_as_processed
[2024-10-12T09:15:04.722+0000] {task_command.py:426} INFO - Running <TaskInstance: Taxi_trip_pipeline.mark_files_as_processed scheduled__2024-10-12T09:00:00+00:00 [running]> on host f02ce4f01a3b
[2024-10-12T09:15:04.804+0000] {taskinstance.py:2648} INFO - Exporting env vars: AIRFLOW_CTX_DAG_OWNER='Mahmoud' AIRFLOW_CTX_DAG_ID='Taxi_trip_pipeline' AIRFLOW_CTX_TASK_ID='mark_files_as_processed' AIRFLOW_CTX_EXECUTION_DATE='2024-10-12T09:00:00+00:00' AIRFLOW_CTX_TRY_NUMBER='1' AIRFLOW_CTX_DAG_RUN_ID='scheduled__2024-10-12T09:00:00+00:00'
[2024-10-12T09:15:04.805+0000] {taskinstance.py:430} INFO - ::endgroup::
[2024-10-12T09:15:04.818+0000] {db_utils.py:19} ERROR - Error while connecting to PostgreSQL: (psycopg2.OperationalError) connection to server at "172.20.0.3", port 5432 failed: Connection refused
	Is the server running on that host and accepting TCP/IP connections?

(Background on this error at: https://sqlalche.me/e/14/e3q8)
[2024-10-12T09:15:04.836+0000] {taxi_trip.py:111} INFO - All files marked as processed successfully.
[2024-10-12T09:15:04.837+0000] {python.py:237} INFO - Done. Returned value was: None
[2024-10-12T09:15:04.837+0000] {taskinstance.py:441} INFO - ::group::Post task execution logs
[2024-10-12T09:15:04.849+0000] {taskinstance.py:1206} INFO - Marking task as SUCCESS. dag_id=Taxi_trip_pipeline, task_id=mark_files_as_processed, run_id=scheduled__2024-10-12T09:00:00+00:00, execution_date=20241012T090000, start_date=20241012T091504, end_date=20241012T091504
[2024-10-12T09:15:04.890+0000] {local_task_job_runner.py:240} INFO - Task exited with return code 0
[2024-10-12T09:15:04.918+0000] {taskinstance.py:3498} INFO - 1 downstream tasks scheduled from follow-on schedule check
[2024-10-12T09:15:04.919+0000] {local_task_job_runner.py:222} INFO - ::endgroup::
