[2024-10-12T08:13:05.249+0000] {local_task_job_runner.py:120} INFO - ::group::Pre task execution logs
[2024-10-12T08:13:05.275+0000] {taskinstance.py:2076} INFO - Dependencies all met for dep_context=non-requeueable deps ti=<TaskInstance: Taxi_trip_pipeline.extraction_layer.extract_yellow_date manual__2024-10-12T08:13:03.502857+00:00 [queued]>
[2024-10-12T08:13:05.286+0000] {taskinstance.py:2076} INFO - Dependencies all met for dep_context=requeueable deps ti=<TaskInstance: Taxi_trip_pipeline.extraction_layer.extract_yellow_date manual__2024-10-12T08:13:03.502857+00:00 [queued]>
[2024-10-12T08:13:05.287+0000] {taskinstance.py:2306} INFO - Starting attempt 1 of 1
[2024-10-12T08:13:05.305+0000] {taskinstance.py:2330} INFO - Executing <Task(PythonOperator): extraction_layer.extract_yellow_date> on 2024-10-12 08:13:03.502857+00:00
[2024-10-12T08:13:05.313+0000] {standard_task_runner.py:63} INFO - Started process 70 to run task
[2024-10-12T08:13:05.316+0000] {standard_task_runner.py:90} INFO - Running: ['***', 'tasks', 'run', 'Taxi_trip_pipeline', 'extraction_layer.extract_yellow_date', 'manual__2024-10-12T08:13:03.502857+00:00', '--job-id', '431', '--raw', '--subdir', 'DAGS_FOLDER/taxi_trip.py', '--cfg-path', '/tmp/tmprjo5va_y']
[2024-10-12T08:13:05.318+0000] {standard_task_runner.py:91} INFO - Job 431: Subtask extraction_layer.extract_yellow_date
[2024-10-12T08:13:05.366+0000] {task_command.py:426} INFO - Running <TaskInstance: Taxi_trip_pipeline.extraction_layer.extract_yellow_date manual__2024-10-12T08:13:03.502857+00:00 [running]> on host 54f793ecdf1a
[2024-10-12T08:13:05.461+0000] {taskinstance.py:2648} INFO - Exporting env vars: AIRFLOW_CTX_DAG_OWNER='Mahmoud' AIRFLOW_CTX_DAG_ID='Taxi_trip_pipeline' AIRFLOW_CTX_TASK_ID='extraction_layer.extract_yellow_date' AIRFLOW_CTX_EXECUTION_DATE='2024-10-12T08:13:03.502857+00:00' AIRFLOW_CTX_TRY_NUMBER='1' AIRFLOW_CTX_DAG_RUN_ID='manual__2024-10-12T08:13:03.502857+00:00'
[2024-10-12T08:13:05.462+0000] {taskinstance.py:430} INFO - ::endgroup::
[2024-10-12T08:13:05.479+0000] {taxi_trip.py:53} INFO - Data extraction for yellow trip started
[2024-10-12T08:13:05.487+0000] {db_utils.py:16} INFO - Connected to PostgreSQL database successfully
[2024-10-12T08:13:05.487+0000] {Process_data.py:47} INFO - Start transforming Yellow Trip data...
[2024-10-12T08:13:05.489+0000] {Process_data.py:59} INFO - Processing file yellow_tripdata_2024-01.parquet...
[2024-10-12T08:13:06.339+0000] {Process_data.py:69} INFO - Yellow trip dataframe with 2964624 rows
[2024-10-12T08:13:06.349+0000] {taxi_trip.py:56} INFO - Data extraction for yellow trip done
[2024-10-12T08:13:17.760+0000] {taxi_trip.py:61} INFO - Pushed yellow trip data with 2964624 rows to XCom
[2024-10-12T08:13:17.774+0000] {python.py:237} INFO - Done. Returned value was: None
[2024-10-12T08:13:17.774+0000] {taskinstance.py:441} INFO - ::group::Post task execution logs
[2024-10-12T08:13:17.784+0000] {taskinstance.py:1206} INFO - Marking task as SUCCESS. dag_id=Taxi_trip_pipeline, task_id=extraction_layer.extract_yellow_date, run_id=manual__2024-10-12T08:13:03.502857+00:00, execution_date=20241012T081303, start_date=20241012T081305, end_date=20241012T081317
[2024-10-12T08:13:17.859+0000] {local_task_job_runner.py:240} INFO - Task exited with return code 0
[2024-10-12T08:13:17.886+0000] {taskinstance.py:3498} INFO - 1 downstream tasks scheduled from follow-on schedule check
[2024-10-12T08:13:17.888+0000] {local_task_job_runner.py:222} INFO - ::endgroup::
