[2024-09-27T12:57:23.850+0000] {local_task_job_runner.py:120} INFO - ::group::Pre task execution logs
[2024-09-27T12:57:23.874+0000] {taskinstance.py:2076} INFO - Dependencies all met for dep_context=non-requeueable deps ti=<TaskInstance: Taxi_trip_pipeline.load_layer.load_green_trip manual__2024-09-27T12:57:10.463523+00:00 [queued]>
[2024-09-27T12:57:23.883+0000] {taskinstance.py:2076} INFO - Dependencies all met for dep_context=requeueable deps ti=<TaskInstance: Taxi_trip_pipeline.load_layer.load_green_trip manual__2024-09-27T12:57:10.463523+00:00 [queued]>
[2024-09-27T12:57:23.883+0000] {taskinstance.py:2306} INFO - Starting attempt 1 of 1
[2024-09-27T12:57:23.895+0000] {taskinstance.py:2330} INFO - Executing <Task(PythonOperator): load_layer.load_green_trip> on 2024-09-27 12:57:10.463523+00:00
[2024-09-27T12:57:23.903+0000] {standard_task_runner.py:63} INFO - Started process 186 to run task
[2024-09-27T12:57:23.905+0000] {standard_task_runner.py:90} INFO - Running: ['***', 'tasks', 'run', 'Taxi_trip_pipeline', 'load_layer.load_green_trip', 'manual__2024-09-27T12:57:10.463523+00:00', '--job-id', '170', '--raw', '--subdir', 'DAGS_FOLDER/taxi_trip.py', '--cfg-path', '/tmp/tmpa7ed9wdk']
[2024-09-27T12:57:23.908+0000] {standard_task_runner.py:91} INFO - Job 170: Subtask load_layer.load_green_trip
[2024-09-27T12:57:23.948+0000] {task_command.py:426} INFO - Running <TaskInstance: Taxi_trip_pipeline.load_layer.load_green_trip manual__2024-09-27T12:57:10.463523+00:00 [running]> on host 5c22fb8fb442
[2024-09-27T12:57:24.028+0000] {taskinstance.py:2648} INFO - Exporting env vars: AIRFLOW_CTX_DAG_OWNER='Mahmoud' AIRFLOW_CTX_DAG_ID='Taxi_trip_pipeline' AIRFLOW_CTX_TASK_ID='load_layer.load_green_trip' AIRFLOW_CTX_EXECUTION_DATE='2024-09-27T12:57:10.463523+00:00' AIRFLOW_CTX_TRY_NUMBER='1' AIRFLOW_CTX_DAG_RUN_ID='manual__2024-09-27T12:57:10.463523+00:00'
[2024-09-27T12:57:24.029+0000] {taskinstance.py:430} INFO - ::endgroup::
[2024-09-27T12:57:24.131+0000] {taxi_trip.py:66} INFO - Loading green trip data started with 56551 rows
[2024-09-27T12:57:24.131+0000] {Load_data.py:11} INFO - Loading green trip data...
[2024-09-27T12:57:24.131+0000] {Load_data.py:12} INFO - green trip with 56551rows
[2024-09-27T12:57:24.345+0000] {db_utils.py:32} INFO - Loading data into table green_trip...
[2024-09-27T12:57:24.352+0000] {db_utils.py:17} INFO - Connected to PostgreSQL database successfully
[2024-09-27T12:57:29.515+0000] {db_utils.py:39} INFO - Data loaded successfully into table green_trip with 56551 rows
[2024-09-27T12:57:29.516+0000] {db_utils.py:26} INFO - PostgreSQL connection is closed
[2024-09-27T12:57:29.516+0000] {db_utils.py:29} INFO - SQLAlchemy engine disposed
[2024-09-27T12:57:29.517+0000] {Load_data.py:39} INFO - Green trip data loaded successfully
[2024-09-27T12:57:29.517+0000] {taxi_trip.py:68} INFO - Loading green trip data done
[2024-09-27T12:57:29.517+0000] {python.py:237} INFO - Done. Returned value was: None
[2024-09-27T12:57:29.518+0000] {taskinstance.py:441} INFO - ::group::Post task execution logs
[2024-09-27T12:57:29.526+0000] {taskinstance.py:1206} INFO - Marking task as SUCCESS. dag_id=Taxi_trip_pipeline, task_id=load_layer.load_green_trip, run_id=manual__2024-09-27T12:57:10.463523+00:00, execution_date=20240927T125710, start_date=20240927T125723, end_date=20240927T125729
[2024-09-27T12:57:29.573+0000] {local_task_job_runner.py:240} INFO - Task exited with return code 0
[2024-09-27T12:57:29.587+0000] {taskinstance.py:3498} INFO - 0 downstream tasks scheduled from follow-on schedule check
[2024-09-27T12:57:29.589+0000] {local_task_job_runner.py:222} INFO - ::endgroup::
