[2024-10-01T15:30:05.388+0000] {local_task_job_runner.py:120} INFO - ::group::Pre task execution logs
[2024-10-01T15:30:05.416+0000] {taskinstance.py:2076} INFO - Dependencies all met for dep_context=non-requeueable deps ti=<TaskInstance: Taxi_trip_pipeline.dbt_transformation_layer.dbt_run_model_yellow_trip scheduled__2024-10-01T15:15:00+00:00 [queued]>
[2024-10-01T15:30:05.429+0000] {taskinstance.py:2076} INFO - Dependencies all met for dep_context=requeueable deps ti=<TaskInstance: Taxi_trip_pipeline.dbt_transformation_layer.dbt_run_model_yellow_trip scheduled__2024-10-01T15:15:00+00:00 [queued]>
[2024-10-01T15:30:05.430+0000] {taskinstance.py:2306} INFO - Starting attempt 1 of 1
[2024-10-01T15:30:05.448+0000] {taskinstance.py:2330} INFO - Executing <Task(BashOperator): dbt_transformation_layer.dbt_run_model_yellow_trip> on 2024-10-01 15:15:00+00:00
[2024-10-01T15:30:05.458+0000] {standard_task_runner.py:63} INFO - Started process 2316 to run task
[2024-10-01T15:30:05.462+0000] {standard_task_runner.py:90} INFO - Running: ['***', 'tasks', 'run', 'Taxi_trip_pipeline', 'dbt_transformation_layer.dbt_run_model_yellow_trip', 'scheduled__2024-10-01T15:15:00+00:00', '--job-id', '311', '--raw', '--subdir', 'DAGS_FOLDER/taxi_trip.py', '--cfg-path', '/tmp/tmps_pvitdd']
[2024-10-01T15:30:05.464+0000] {standard_task_runner.py:91} INFO - Job 311: Subtask dbt_transformation_layer.dbt_run_model_yellow_trip
[2024-10-01T15:30:05.529+0000] {task_command.py:426} INFO - Running <TaskInstance: Taxi_trip_pipeline.dbt_transformation_layer.dbt_run_model_yellow_trip scheduled__2024-10-01T15:15:00+00:00 [running]> on host fcb0f9e87e2b
[2024-10-01T15:30:05.633+0000] {taskinstance.py:2648} INFO - Exporting env vars: AIRFLOW_CTX_DAG_OWNER='Mahmoud' AIRFLOW_CTX_DAG_ID='Taxi_trip_pipeline' AIRFLOW_CTX_TASK_ID='dbt_transformation_layer.dbt_run_model_yellow_trip' AIRFLOW_CTX_EXECUTION_DATE='2024-10-01T15:15:00+00:00' AIRFLOW_CTX_TRY_NUMBER='1' AIRFLOW_CTX_DAG_RUN_ID='scheduled__2024-10-01T15:15:00+00:00'
[2024-10-01T15:30:05.634+0000] {taskinstance.py:430} INFO - ::endgroup::
[2024-10-01T15:30:05.646+0000] {subprocess.py:63} INFO - Tmp dir root location: /tmp
[2024-10-01T15:30:05.647+0000] {subprocess.py:75} INFO - Running command: ['/usr/bin/bash', '-c', 'dbt run --profiles-dir /opt/***/DBT_Project  --project-dir /opt/***/dbt_trip --models yellow_trip']
[2024-10-01T15:30:05.663+0000] {subprocess.py:86} INFO - Output:
[2024-10-01T15:30:08.442+0000] {subprocess.py:93} INFO - [0m15:30:08  Running with dbt=1.8.0
[2024-10-01T15:30:08.825+0000] {subprocess.py:93} INFO - [0m15:30:08  Registered adapter: postgres=1.8.0
[2024-10-01T15:30:09.374+0000] {subprocess.py:93} INFO - [0m15:30:09  [[33mWARNING[0m]: Configuration paths exist in your dbt_project.yml file which do not apply to any resources.
[2024-10-01T15:30:09.375+0000] {subprocess.py:93} INFO - There are 2 unused configuration paths:
[2024-10-01T15:30:09.375+0000] {subprocess.py:93} INFO - - models.fact_trip.staging
[2024-10-01T15:30:09.376+0000] {subprocess.py:93} INFO - - models.fact_trip.Dimensions
[2024-10-01T15:30:09.674+0000] {subprocess.py:93} INFO - [0m15:30:09  Found 4 models, 6 data tests, 3 sources, 566 macros
[2024-10-01T15:30:09.676+0000] {subprocess.py:93} INFO - [0m15:30:09
[2024-10-01T15:30:09.815+0000] {subprocess.py:93} INFO - [0m15:30:09  Concurrency: 3 threads (target='dev')
[2024-10-01T15:30:09.816+0000] {subprocess.py:93} INFO - [0m15:30:09
[2024-10-01T15:30:09.827+0000] {subprocess.py:93} INFO - [0m15:30:09  1 of 1 START sql view model analysis.yellow_trip ............................... [RUN]
[2024-10-01T15:30:09.991+0000] {subprocess.py:93} INFO - [0m15:30:09  1 of 1 OK created sql view model analysis.yellow_trip .......................... [[32mCREATE VIEW[0m in 0.16s]
[2024-10-01T15:30:10.002+0000] {subprocess.py:93} INFO - [0m15:30:10
[2024-10-01T15:30:10.002+0000] {subprocess.py:93} INFO - [0m15:30:10  Finished running 1 view model in 0 hours 0 minutes and 0.33 seconds (0.33s).
[2024-10-01T15:30:10.051+0000] {subprocess.py:93} INFO - [0m15:30:10
[2024-10-01T15:30:10.052+0000] {subprocess.py:93} INFO - [0m15:30:10  [32mCompleted successfully[0m
[2024-10-01T15:30:10.052+0000] {subprocess.py:93} INFO - [0m15:30:10
[2024-10-01T15:30:10.053+0000] {subprocess.py:93} INFO - [0m15:30:10  Done. PASS=1 WARN=0 ERROR=0 SKIP=0 TOTAL=1
[2024-10-01T15:30:11.068+0000] {subprocess.py:97} INFO - Command exited with return code 0
[2024-10-01T15:30:11.069+0000] {taskinstance.py:441} INFO - ::group::Post task execution logs
[2024-10-01T15:30:11.099+0000] {taskinstance.py:1206} INFO - Marking task as SUCCESS. dag_id=Taxi_trip_pipeline, task_id=dbt_transformation_layer.dbt_run_model_yellow_trip, run_id=scheduled__2024-10-01T15:15:00+00:00, execution_date=20241001T151500, start_date=20241001T153005, end_date=20241001T153011
[2024-10-01T15:30:11.126+0000] {local_task_job_runner.py:240} INFO - Task exited with return code 0
[2024-10-01T15:30:11.133+0000] {local_task_job_runner.py:222} INFO - ::endgroup::
