[2024-10-12T10:30:02.780+0000] {local_task_job_runner.py:120} INFO - ::group::Pre task execution logs
[2024-10-12T10:30:02.815+0000] {taskinstance.py:2076} INFO - Dependencies all met for dep_context=non-requeueable deps ti=<TaskInstance: Taxi_trip_pipeline.load_layer.load_green_trip scheduled__2024-10-12T10:15:00+00:00 [queued]>
[2024-10-12T10:30:02.833+0000] {taskinstance.py:2076} INFO - Dependencies all met for dep_context=requeueable deps ti=<TaskInstance: Taxi_trip_pipeline.load_layer.load_green_trip scheduled__2024-10-12T10:15:00+00:00 [queued]>
[2024-10-12T10:30:02.834+0000] {taskinstance.py:2306} INFO - Starting attempt 1 of 1
[2024-10-12T10:30:02.861+0000] {taskinstance.py:2330} INFO - Executing <Task(PythonOperator): load_layer.load_green_trip> on 2024-10-12 10:15:00+00:00
[2024-10-12T10:30:02.874+0000] {standard_task_runner.py:63} INFO - Started process 379 to run task
[2024-10-12T10:30:02.877+0000] {standard_task_runner.py:90} INFO - Running: ['***', 'tasks', 'run', 'Taxi_trip_pipeline', 'load_layer.load_green_trip', 'scheduled__2024-10-12T10:15:00+00:00', '--job-id', '32', '--raw', '--subdir', 'DAGS_FOLDER/taxi_trip.py', '--cfg-path', '/tmp/tmpszm0rksx']
[2024-10-12T10:30:02.880+0000] {standard_task_runner.py:91} INFO - Job 32: Subtask load_layer.load_green_trip
[2024-10-12T10:30:02.943+0000] {task_command.py:426} INFO - Running <TaskInstance: Taxi_trip_pipeline.load_layer.load_green_trip scheduled__2024-10-12T10:15:00+00:00 [running]> on host bcbc9bb54b17
[2024-10-12T10:30:03.053+0000] {taskinstance.py:2648} INFO - Exporting env vars: AIRFLOW_CTX_DAG_OWNER='Mahmoud' AIRFLOW_CTX_DAG_ID='Taxi_trip_pipeline' AIRFLOW_CTX_TASK_ID='load_layer.load_green_trip' AIRFLOW_CTX_EXECUTION_DATE='2024-10-12T10:15:00+00:00' AIRFLOW_CTX_TRY_NUMBER='1' AIRFLOW_CTX_DAG_RUN_ID='scheduled__2024-10-12T10:15:00+00:00'
[2024-10-12T10:30:03.056+0000] {taskinstance.py:430} INFO - ::endgroup::
[2024-10-12T10:30:03.097+0000] {taxi_trip.py:76} ERROR - No data found for green trip
[2024-10-12T10:30:03.098+0000] {python.py:237} INFO - Done. Returned value was: None
[2024-10-12T10:30:03.098+0000] {taskinstance.py:441} INFO - ::group::Post task execution logs
[2024-10-12T10:30:03.113+0000] {taskinstance.py:1206} INFO - Marking task as SUCCESS. dag_id=Taxi_trip_pipeline, task_id=load_layer.load_green_trip, run_id=scheduled__2024-10-12T10:15:00+00:00, execution_date=20241012T101500, start_date=20241012T103002, end_date=20241012T103003
[2024-10-12T10:30:03.170+0000] {local_task_job_runner.py:240} INFO - Task exited with return code 0
[2024-10-12T10:30:03.215+0000] {taskinstance.py:3498} INFO - 1 downstream tasks scheduled from follow-on schedule check
[2024-10-12T10:30:03.217+0000] {local_task_job_runner.py:222} INFO - ::endgroup::
[2024-10-12T10:36:36.167+0000] {local_task_job_runner.py:120} INFO - ::group::Pre task execution logs
[2024-10-12T10:36:36.190+0000] {taskinstance.py:2076} INFO - Dependencies all met for dep_context=non-requeueable deps ti=<TaskInstance: Taxi_trip_pipeline.load_layer.load_green_trip scheduled__2024-10-12T10:15:00+00:00 [queued]>
[2024-10-12T10:36:36.205+0000] {taskinstance.py:2076} INFO - Dependencies all met for dep_context=requeueable deps ti=<TaskInstance: Taxi_trip_pipeline.load_layer.load_green_trip scheduled__2024-10-12T10:15:00+00:00 [queued]>
[2024-10-12T10:36:36.205+0000] {taskinstance.py:2306} INFO - Starting attempt 1 of 1
[2024-10-12T10:36:36.224+0000] {taskinstance.py:2330} INFO - Executing <Task(PythonOperator): load_layer.load_green_trip> on 2024-10-12 10:15:00+00:00
[2024-10-12T10:36:36.234+0000] {standard_task_runner.py:63} INFO - Started process 93 to run task
[2024-10-12T10:36:36.239+0000] {standard_task_runner.py:90} INFO - Running: ['***', 'tasks', 'run', 'Taxi_trip_pipeline', 'load_layer.load_green_trip', 'scheduled__2024-10-12T10:15:00+00:00', '--job-id', '5', '--raw', '--subdir', 'DAGS_FOLDER/taxi_trip.py', '--cfg-path', '/tmp/tmpugjjt20h']
[2024-10-12T10:36:36.242+0000] {standard_task_runner.py:91} INFO - Job 5: Subtask load_layer.load_green_trip
[2024-10-12T10:36:36.301+0000] {task_command.py:426} INFO - Running <TaskInstance: Taxi_trip_pipeline.load_layer.load_green_trip scheduled__2024-10-12T10:15:00+00:00 [running]> on host 4f9d1e7ade51
[2024-10-12T10:36:36.396+0000] {taskinstance.py:2648} INFO - Exporting env vars: AIRFLOW_CTX_DAG_OWNER='Mahmoud' AIRFLOW_CTX_DAG_ID='Taxi_trip_pipeline' AIRFLOW_CTX_TASK_ID='load_layer.load_green_trip' AIRFLOW_CTX_EXECUTION_DATE='2024-10-12T10:15:00+00:00' AIRFLOW_CTX_TRY_NUMBER='1' AIRFLOW_CTX_DAG_RUN_ID='scheduled__2024-10-12T10:15:00+00:00'
[2024-10-12T10:36:36.398+0000] {taskinstance.py:430} INFO - ::endgroup::
[2024-10-12T10:36:36.808+0000] {taxi_trip.py:72} INFO - Loading green trip data started with 339807 rows
[2024-10-12T10:36:36.808+0000] {Load_data.py:11} INFO - Loading green trip data...
[2024-10-12T10:36:36.809+0000] {Load_data.py:12} INFO - green trip with 339807rows
[2024-10-12T10:36:37.007+0000] {db_utils.py:31} INFO - Loading data into table green_trip...
[2024-10-12T10:36:37.015+0000] {db_utils.py:16} INFO - Connected to PostgreSQL database successfully
[2024-10-12T10:37:11.464+0000] {db_utils.py:38} INFO - Data loaded successfully into table green_trip with 339807 rows
[2024-10-12T10:37:11.465+0000] {db_utils.py:25} INFO - PostgreSQL connection is closed
[2024-10-12T10:37:11.465+0000] {db_utils.py:28} INFO - SQLAlchemy engine disposed
[2024-10-12T10:37:11.465+0000] {Load_data.py:39} INFO - Green trip data loaded successfully
[2024-10-12T10:37:11.467+0000] {taxi_trip.py:74} INFO - Loading green trip data done
[2024-10-12T10:37:11.468+0000] {python.py:237} INFO - Done. Returned value was: None
[2024-10-12T10:37:11.469+0000] {taskinstance.py:441} INFO - ::group::Post task execution logs
[2024-10-12T10:37:11.480+0000] {taskinstance.py:1206} INFO - Marking task as SUCCESS. dag_id=Taxi_trip_pipeline, task_id=load_layer.load_green_trip, run_id=scheduled__2024-10-12T10:15:00+00:00, execution_date=20241012T101500, start_date=20241012T103636, end_date=20241012T103711
[2024-10-12T10:37:11.585+0000] {local_task_job_runner.py:240} INFO - Task exited with return code 0
[2024-10-12T10:37:11.619+0000] {taskinstance.py:3498} INFO - 1 downstream tasks scheduled from follow-on schedule check
[2024-10-12T10:37:11.620+0000] {local_task_job_runner.py:222} INFO - ::endgroup::
