[2024-09-25T19:49:25.921+0000] {local_task_job_runner.py:120} INFO - ::group::Pre task execution logs
[2024-09-25T19:49:25.947+0000] {taskinstance.py:2076} INFO - Dependencies all met for dep_context=non-requeueable deps ti=<TaskInstance: Taxi_trip_pipeline.extraction_group.extract_yellow_date manual__2024-09-25T19:49:24.321638+00:00 [queued]>
[2024-09-25T19:49:25.961+0000] {taskinstance.py:2076} INFO - Dependencies all met for dep_context=requeueable deps ti=<TaskInstance: Taxi_trip_pipeline.extraction_group.extract_yellow_date manual__2024-09-25T19:49:24.321638+00:00 [queued]>
[2024-09-25T19:49:25.962+0000] {taskinstance.py:2306} INFO - Starting attempt 1 of 1
[2024-09-25T19:49:25.978+0000] {taskinstance.py:2330} INFO - Executing <Task(PythonOperator): extraction_group.extract_yellow_date> on 2024-09-25 19:49:24.321638+00:00
[2024-09-25T19:49:25.988+0000] {standard_task_runner.py:63} INFO - Started process 312 to run task
[2024-09-25T19:49:25.991+0000] {standard_task_runner.py:90} INFO - Running: ['***', 'tasks', 'run', 'Taxi_trip_pipeline', 'extraction_group.extract_yellow_date', 'manual__2024-09-25T19:49:24.321638+00:00', '--job-id', '142', '--raw', '--subdir', 'DAGS_FOLDER/taxi_trip.py', '--cfg-path', '/tmp/tmpk4y7k6mf']
[2024-09-25T19:49:25.994+0000] {standard_task_runner.py:91} INFO - Job 142: Subtask extraction_group.extract_yellow_date
[2024-09-25T19:49:26.039+0000] {task_command.py:426} INFO - Running <TaskInstance: Taxi_trip_pipeline.extraction_group.extract_yellow_date manual__2024-09-25T19:49:24.321638+00:00 [running]> on host 3aa1deac3d71
[2024-09-25T19:49:26.126+0000] {taskinstance.py:2648} INFO - Exporting env vars: AIRFLOW_CTX_DAG_OWNER='Mahmoud' AIRFLOW_CTX_DAG_ID='Taxi_trip_pipeline' AIRFLOW_CTX_TASK_ID='extraction_group.extract_yellow_date' AIRFLOW_CTX_EXECUTION_DATE='2024-09-25T19:49:24.321638+00:00' AIRFLOW_CTX_TRY_NUMBER='1' AIRFLOW_CTX_DAG_RUN_ID='manual__2024-09-25T19:49:24.321638+00:00'
[2024-09-25T19:49:26.127+0000] {taskinstance.py:430} INFO - ::endgroup::
[2024-09-25T19:49:26.139+0000] {taxi_trip.py:49} INFO - Data extraction for yellow trip started
[2024-09-25T19:49:26.139+0000] {Process_data.py:32} INFO - Start transforming Yellow Trip data...
[2024-09-25T19:49:26.620+0000] {Process_data.py:43} INFO - data frams have 2964624 row
[2024-09-25T19:49:26.628+0000] {taxi_trip.py:51} INFO - Data extraction for yellow trip done
[2024-09-25T19:49:36.721+0000] {taxi_trip.py:54} INFO - Pushed yellow trip data with 2964624 rows to XCom
[2024-09-25T19:49:36.730+0000] {python.py:237} INFO - Done. Returned value was: None
[2024-09-25T19:49:36.730+0000] {taskinstance.py:441} INFO - ::group::Post task execution logs
[2024-09-25T19:49:36.739+0000] {taskinstance.py:1206} INFO - Marking task as SUCCESS. dag_id=Taxi_trip_pipeline, task_id=extraction_group.extract_yellow_date, run_id=manual__2024-09-25T19:49:24.321638+00:00, execution_date=20240925T194924, start_date=20240925T194925, end_date=20240925T194936
[2024-09-25T19:49:36.860+0000] {local_task_job_runner.py:240} INFO - Task exited with return code 0
[2024-09-25T19:49:36.880+0000] {taskinstance.py:3498} INFO - 3 downstream tasks scheduled from follow-on schedule check
[2024-09-25T19:49:36.881+0000] {local_task_job_runner.py:222} INFO - ::endgroup::
