[2024-09-24T08:19:23.639+0000] {local_task_job_runner.py:120} INFO - ::group::Pre task execution logs
[2024-09-24T08:19:23.674+0000] {taskinstance.py:2076} INFO - Dependencies all met for dep_context=non-requeueable deps ti=<TaskInstance: Taxi_trip_pipeline.load_group.load_green_trip manual__2024-09-24T08:18:47.747664+00:00 [queued]>
[2024-09-24T08:19:23.689+0000] {taskinstance.py:2076} INFO - Dependencies all met for dep_context=requeueable deps ti=<TaskInstance: Taxi_trip_pipeline.load_group.load_green_trip manual__2024-09-24T08:18:47.747664+00:00 [queued]>
[2024-09-24T08:19:23.690+0000] {taskinstance.py:2306} INFO - Starting attempt 1 of 1
[2024-09-24T08:19:23.711+0000] {taskinstance.py:2330} INFO - Executing <Task(PythonOperator): load_group.load_green_trip> on 2024-09-24 08:18:47.747664+00:00
[2024-09-24T08:19:23.719+0000] {standard_task_runner.py:63} INFO - Started process 181 to run task
[2024-09-24T08:19:23.722+0000] {standard_task_runner.py:90} INFO - Running: ['***', 'tasks', 'run', 'Taxi_trip_pipeline', 'load_group.load_green_trip', 'manual__2024-09-24T08:18:47.747664+00:00', '--job-id', '81', '--raw', '--subdir', 'DAGS_FOLDER/taxi_trip.py', '--cfg-path', '/tmp/tmpvjboecmr']
[2024-09-24T08:19:23.725+0000] {standard_task_runner.py:91} INFO - Job 81: Subtask load_group.load_green_trip
[2024-09-24T08:19:23.778+0000] {task_command.py:426} INFO - Running <TaskInstance: Taxi_trip_pipeline.load_group.load_green_trip manual__2024-09-24T08:18:47.747664+00:00 [running]> on host 457e36aa430f
[2024-09-24T08:19:23.872+0000] {taskinstance.py:2648} INFO - Exporting env vars: AIRFLOW_CTX_DAG_OWNER='Mahmoud' AIRFLOW_CTX_DAG_ID='Taxi_trip_pipeline' AIRFLOW_CTX_TASK_ID='load_group.load_green_trip' AIRFLOW_CTX_EXECUTION_DATE='2024-09-24T08:18:47.747664+00:00' AIRFLOW_CTX_TRY_NUMBER='1' AIRFLOW_CTX_DAG_RUN_ID='manual__2024-09-24T08:18:47.747664+00:00'
[2024-09-24T08:19:23.873+0000] {taskinstance.py:430} INFO - ::endgroup::
[2024-09-24T08:19:23.885+0000] {taxi_trip.py:53} INFO - Loading green trip data started
[2024-09-24T08:19:23.886+0000] {Load_data.py:11} INFO - loading green trip .....
[2024-09-24T08:19:23.886+0000] {Load_data.py:35} INFO - Error loading grean_trip: read_csv() got an unexpected keyword argument 'date_format'
[2024-09-24T08:19:23.886+0000] {taxi_trip.py:55} INFO - Loading green trip data done
[2024-09-24T08:19:23.886+0000] {python.py:237} INFO - Done. Returned value was: None
[2024-09-24T08:19:23.886+0000] {taskinstance.py:441} INFO - ::group::Post task execution logs
[2024-09-24T08:19:23.896+0000] {taskinstance.py:1206} INFO - Marking task as SUCCESS. dag_id=Taxi_trip_pipeline, task_id=load_group.load_green_trip, run_id=manual__2024-09-24T08:18:47.747664+00:00, execution_date=20240924T081847, start_date=20240924T081923, end_date=20240924T081923
[2024-09-24T08:19:23.934+0000] {local_task_job_runner.py:240} INFO - Task exited with return code 0
[2024-09-24T08:19:23.951+0000] {taskinstance.py:3498} INFO - 0 downstream tasks scheduled from follow-on schedule check
[2024-09-24T08:19:23.952+0000] {local_task_job_runner.py:222} INFO - ::endgroup::
