[2024-09-24T08:31:42.066+0000] {local_task_job_runner.py:120} INFO - ::group::Pre task execution logs
[2024-09-24T08:31:42.091+0000] {taskinstance.py:2076} INFO - Dependencies all met for dep_context=non-requeueable deps ti=<TaskInstance: Taxi_trip_pipeline.load_group.load_green_trip manual__2024-09-24T08:18:47.747664+00:00 [queued]>
[2024-09-24T08:31:42.100+0000] {taskinstance.py:2076} INFO - Dependencies all met for dep_context=requeueable deps ti=<TaskInstance: Taxi_trip_pipeline.load_group.load_green_trip manual__2024-09-24T08:18:47.747664+00:00 [queued]>
[2024-09-24T08:31:42.100+0000] {taskinstance.py:2306} INFO - Starting attempt 7 of 7
[2024-09-24T08:31:42.114+0000] {taskinstance.py:2330} INFO - Executing <Task(PythonOperator): load_group.load_green_trip> on 2024-09-24 08:18:47.747664+00:00
[2024-09-24T08:31:42.121+0000] {standard_task_runner.py:63} INFO - Started process 283 to run task
[2024-09-24T08:31:42.125+0000] {standard_task_runner.py:90} INFO - Running: ['***', 'tasks', 'run', 'Taxi_trip_pipeline', 'load_group.load_green_trip', 'manual__2024-09-24T08:18:47.747664+00:00', '--job-id', '103', '--raw', '--subdir', 'DAGS_FOLDER/taxi_trip.py', '--cfg-path', '/tmp/tmpspnfejkp']
[2024-09-24T08:31:42.128+0000] {standard_task_runner.py:91} INFO - Job 103: Subtask load_group.load_green_trip
[2024-09-24T08:31:42.174+0000] {task_command.py:426} INFO - Running <TaskInstance: Taxi_trip_pipeline.load_group.load_green_trip manual__2024-09-24T08:18:47.747664+00:00 [running]> on host 457e36aa430f
[2024-09-24T08:31:42.269+0000] {taskinstance.py:2648} INFO - Exporting env vars: AIRFLOW_CTX_DAG_OWNER='Mahmoud' AIRFLOW_CTX_DAG_ID='Taxi_trip_pipeline' AIRFLOW_CTX_TASK_ID='load_group.load_green_trip' AIRFLOW_CTX_EXECUTION_DATE='2024-09-24T08:18:47.747664+00:00' AIRFLOW_CTX_TRY_NUMBER='7' AIRFLOW_CTX_DAG_RUN_ID='manual__2024-09-24T08:18:47.747664+00:00'
[2024-09-24T08:31:42.270+0000] {taskinstance.py:430} INFO - ::endgroup::
[2024-09-24T08:31:42.282+0000] {taxi_trip.py:53} INFO - Loading green trip data started
[2024-09-24T08:31:42.283+0000] {Load_data.py:11} INFO - loading green trip .....
[2024-09-24T08:31:42.614+0000] {db_utils.py:35} INFO - Loading data into table green_trip...
[2024-09-24T08:31:42.620+0000] {db_utils.py:17} INFO - Connected to PostgreSQL database successfully
[2024-09-24T08:31:43.742+0000] {db_utils.py:45} ERROR - Error while inserting data into table green_trip: (psycopg2.errors.UndefinedColumn) column "lpep_pickup_datetime_lpep_dropoff_datetime" of relation "green_trip" does not exist
LINE 1: INSERT INTO green_trip (lpep_pickup_datetime_lpep_dropoff_da...
                                ^

[SQL: INSERT INTO green_trip (lpep_pickup_datetime_lpep_dropoff_datetime, "VendorID", store_and_fwd_flag, "RatecodeID", "PULocationID", "DOLocationID", passenger_count, trip_distance, fare_amount, extra, mta_tax, tip_amount, tolls_amount, ehail_fee, improvement_surcharge, total_amount, payment_type, trip_type, congestion_surcharge) VALUES (%(lpep_pickup_datetime_lpep_dropoff_datetime)s, %(VendorID)s, %(store_and_fwd_flag)s, %(RatecodeID)s, %(PULocationID)s, %(DOLocationID)s, %(passenger_count)s, %(trip_distance)s, %(fare_amount)s, %(extra)s, %(mta_tax)s, %(tip_amount)s, %(tolls_amount)s, %(ehail_fee)s, %(improvement_surcharge)s, %(total_amount)s, %(payment_type)s, %(trip_type)s, %(congestion_surcharge)s)]
[parameters: ({'lpep_pickup_datetime_lpep_dropoff_datetime': '2024-01-01 00:46:55 2024-01-01 00:58:25', 'VendorID': 2, 'store_and_fwd_flag': 'N', 'RatecodeID': 1, 'PULocationID': 236, 'DOLocationID': 239, 'passenger_count': 1, 'trip_distance': 1.98, 'fare_amount': 12.8, 'extra': 1.0, 'mta_tax': 0.5, 'tip_amount': 3.61, 'tolls_amount': 0.0, 'ehail_fee': None, 'improvement_surcharge': 1.0, 'total_amount': 21.66, 'payment_type': 1, 'trip_type': 1.0, 'congestion_surcharge': 2.75}, {'lpep_pickup_datetime_lpep_dropoff_datetime': '2024-01-01 00:31:42 2024-01-01 00:52:34', 'VendorID': 2, 'store_and_fwd_flag': 'N', 'RatecodeID': 1, 'PULocationID': 65, 'DOLocationID': 170, 'passenger_count': 5, 'trip_distance': 6.54, 'fare_amount': 30.3, 'extra': 1.0, 'mta_tax': 0.5, 'tip_amount': 7.11, 'tolls_amount': 0.0, 'ehail_fee': None, 'improvement_surcharge': 1.0, 'total_amount': 42.66, 'payment_type': 1, 'trip_type': 1.0, 'congestion_surcharge': 2.75}, {'lpep_pickup_datetime_lpep_dropoff_datetime': '2024-01-01 00:30:21 2024-01-01 00:49:23', 'VendorID': 2, 'store_and_fwd_flag': 'N', 'RatecodeID': 1, 'PULocationID': 74, 'DOLocationID': 262, 'passenger_count': 1, 'trip_distance': 3.08, 'fare_amount': 19.8, 'extra': 1.0, 'mta_tax': 0.5, 'tip_amount': 3.0, 'tolls_amount': 0.0, 'ehail_fee': None, 'improvement_surcharge': 1.0, 'total_amount': 28.05, 'payment_type': 1, 'trip_type': 1.0, 'congestion_surcharge': 2.75}, {'lpep_pickup_datetime_lpep_dropoff_datetime': '2024-01-01 00:30:20 2024-01-01 00:42:12', 'VendorID': 1, 'store_and_fwd_flag': 'N', 'RatecodeID': 1, 'PULocationID': 74, 'DOLocationID': 116, 'passenger_count': 1, 'trip_distance': 2.4, 'fare_amount': 14.2, 'extra': 1.0, 'mta_tax': 1.5, 'tip_amount': 0.0, 'tolls_amount': 0.0, 'ehail_fee': None, 'improvement_surcharge': 1.0, 'total_amount': 16.7, 'payment_type': 2, 'trip_type': 1.0, 'congestion_surcharge': 0.0}, {'lpep_pickup_datetime_lpep_dropoff_datetime': '2024-01-01 00:32:38 2024-01-01 00:43:37', 'VendorID': 2, 'store_and_fwd_flag': 'N', 'RatecodeID': 1, 'PULocationID': 74, 'DOLocationID': 243, 'passenger_count': 1, 'trip_distance': 5.14, 'fare_amount': 22.6, 'extra': 1.0, 'mta_tax': 0.5, 'tip_amount': 6.28, 'tolls_amount': 0.0, 'ehail_fee': None, 'improvement_surcharge': 1.0, 'total_amount': 31.38, 'payment_type': 1, 'trip_type': 1.0, 'congestion_surcharge': 0.0}, {'lpep_pickup_datetime_lpep_dropoff_datetime': '2024-01-01 00:43:41 2024-01-01 01:00:23', 'VendorID': 1, 'store_and_fwd_flag': 'N', 'RatecodeID': 1, 'PULocationID': 33, 'DOLocationID': 209, 'passenger_count': 1, 'trip_distance': 2.0, 'fare_amount': 17.0, 'extra': 3.75, 'mta_tax': 1.5, 'tip_amount': 2.0, 'tolls_amount': 0.0, 'ehail_fee': None, 'improvement_surcharge': 1.0, 'total_amount': 24.25, 'payment_type': 1, 'trip_type': 1.0, 'congestion_surcharge': 2.75}, {'lpep_pickup_datetime_lpep_dropoff_datetime': '2024-01-01 00:31:56 2024-01-01 00:48:09', 'VendorID': 1, 'store_and_fwd_flag': 'N', 'RatecodeID': 1, 'PULocationID': 74, 'DOLocationID': 238, 'passenger_count': 2, 'trip_distance': 3.2, 'fare_amount': 18.4, 'extra': 3.75, 'mta_tax': 1.5, 'tip_amount': 4.7, 'tolls_amount': 0.0, 'ehail_fee': None, 'improvement_surcharge': 1.0, 'total_amount': 28.35, 'payment_type': 1, 'trip_type': 1.0, 'congestion_surcharge': 2.75}, {'lpep_pickup_datetime_lpep_dropoff_datetime': '2024-01-01 00:46:12 2024-01-01 00:57:39', 'VendorID': 2, 'store_and_fwd_flag': 'N', 'RatecodeID': 1, 'PULocationID': 166, 'DOLocationID': 239, 'passenger_count': 2, 'trip_distance': 2.01, 'fare_amount': 13.5, 'extra': 1.0, 'mta_tax': 0.5, 'tip_amount': 5.62, 'tolls_amount': 0.0, 'ehail_fee': None, 'improvement_surcharge': 1.0, 'total_amount': 24.37, 'payment_type': 1, 'trip_type': 1.0, 'congestion_surcharge': 2.75}  ... displaying 10 of 56551 total bound parameter sets ...  {'lpep_pickup_datetime_lpep_dropoff_datetime': '2024-01-31 22:45:00 2024-01-31 22:51:00', 'VendorID': 2, 'store_and_fwd_flag': None, 'RatecodeID': None, 'PULocationID': 41, 'DOLocationID': 42, 'passenger_count': None, 'trip_distance': 1.17, 'fare_amount': 14.22, 'extra': 0.0, 'mta_tax': 0.0, 'tip_amount': 0.0, 'tolls_amount': 0.0, 'ehail_fee': None, 'improvement_surcharge': 1.0, 'total_amount': 15.22, 'payment_type': None, 'trip_type': None, 'congestion_surcharge': None}, {'lpep_pickup_datetime_lpep_dropoff_datetime': '2024-01-31 22:28:00 2024-01-31 22:59:00', 'VendorID': 2, 'store_and_fwd_flag': None, 'RatecodeID': None, 'PULocationID': 33, 'DOLocationID': 91, 'passenger_count': None, 'trip_distance': 9.27, 'fare_amount': 44.62, 'extra': 0.0, 'mta_tax': 0.0, 'tip_amount': 4.56, 'tolls_amount': 0.0, 'ehail_fee': None, 'improvement_surcharge': 1.0, 'total_amount': 50.18, 'payment_type': None, 'trip_type': None, 'congestion_surcharge': None})]
(Background on this error at: https://sqlalche.me/e/14/f405)
[2024-09-24T08:31:43.743+0000] {db_utils.py:29} INFO - PostgreSQL connection is closed
[2024-09-24T08:31:43.743+0000] {db_utils.py:32} INFO - SQLAlchemy engine disposed
[2024-09-24T08:31:43.743+0000] {Load_data.py:33} INFO - green trip loaded successfully
[2024-09-24T08:31:43.744+0000] {taxi_trip.py:55} INFO - Loading green trip data done
[2024-09-24T08:31:43.744+0000] {python.py:237} INFO - Done. Returned value was: None
[2024-09-24T08:31:43.745+0000] {taskinstance.py:441} INFO - ::group::Post task execution logs
[2024-09-24T08:31:43.817+0000] {taskinstance.py:1206} INFO - Marking task as SUCCESS. dag_id=Taxi_trip_pipeline, task_id=load_group.load_green_trip, run_id=manual__2024-09-24T08:18:47.747664+00:00, execution_date=20240924T081847, start_date=20240924T083142, end_date=20240924T083143
[2024-09-24T08:31:43.861+0000] {local_task_job_runner.py:240} INFO - Task exited with return code 0
[2024-09-24T08:31:43.877+0000] {taskinstance.py:3498} INFO - 0 downstream tasks scheduled from follow-on schedule check
[2024-09-24T08:31:43.878+0000] {local_task_job_runner.py:222} INFO - ::endgroup::
