[2024-10-12T13:03:55.196+0000] {local_task_job_runner.py:120} INFO - ::group::Pre task execution logs
[2024-10-12T13:03:55.223+0000] {taskinstance.py:2076} INFO - Dependencies all met for dep_context=non-requeueable deps ti=<TaskInstance: Taxi_trip_pipeline.mark_files_as_processed manual__2024-10-12T13:03:08.986267+00:00 [queued]>
[2024-10-12T13:03:55.232+0000] {taskinstance.py:2076} INFO - Dependencies all met for dep_context=requeueable deps ti=<TaskInstance: Taxi_trip_pipeline.mark_files_as_processed manual__2024-10-12T13:03:08.986267+00:00 [queued]>
[2024-10-12T13:03:55.233+0000] {taskinstance.py:2306} INFO - Starting attempt 1 of 1
[2024-10-12T13:03:55.244+0000] {taskinstance.py:2330} INFO - Executing <Task(PythonOperator): mark_files_as_processed> on 2024-10-12 13:03:08.986267+00:00
[2024-10-12T13:03:55.252+0000] {standard_task_runner.py:63} INFO - Started process 146 to run task
[2024-10-12T13:03:55.256+0000] {standard_task_runner.py:90} INFO - Running: ['***', 'tasks', 'run', 'Taxi_trip_pipeline', 'mark_files_as_processed', 'manual__2024-10-12T13:03:08.986267+00:00', '--job-id', '10', '--raw', '--subdir', 'DAGS_FOLDER/taxi_trip.py', '--cfg-path', '/tmp/tmptl02l46f']
[2024-10-12T13:03:55.258+0000] {standard_task_runner.py:91} INFO - Job 10: Subtask mark_files_as_processed
[2024-10-12T13:03:55.304+0000] {task_command.py:426} INFO - Running <TaskInstance: Taxi_trip_pipeline.mark_files_as_processed manual__2024-10-12T13:03:08.986267+00:00 [running]> on host ebdcf85807fc
[2024-10-12T13:03:55.383+0000] {taskinstance.py:2648} INFO - Exporting env vars: AIRFLOW_CTX_DAG_OWNER='Mahmoud' AIRFLOW_CTX_DAG_ID='Taxi_trip_pipeline' AIRFLOW_CTX_TASK_ID='mark_files_as_processed' AIRFLOW_CTX_EXECUTION_DATE='2024-10-12T13:03:08.986267+00:00' AIRFLOW_CTX_TRY_NUMBER='1' AIRFLOW_CTX_DAG_RUN_ID='manual__2024-10-12T13:03:08.986267+00:00'
[2024-10-12T13:03:55.384+0000] {taskinstance.py:430} INFO - ::endgroup::
[2024-10-12T13:03:55.402+0000] {db_utils.py:16} INFO - Connected to PostgreSQL database successfully
[2024-10-12T13:03:55.428+0000] {taxi_trip.py:104} INFO - Marked green trip files as processed.
[2024-10-12T13:03:55.428+0000] {taxi_trip.py:111} INFO - All files marked as processed successfully.
[2024-10-12T13:03:55.428+0000] {python.py:237} INFO - Done. Returned value was: None
[2024-10-12T13:03:55.428+0000] {taskinstance.py:441} INFO - ::group::Post task execution logs
[2024-10-12T13:03:55.438+0000] {taskinstance.py:1206} INFO - Marking task as SUCCESS. dag_id=Taxi_trip_pipeline, task_id=mark_files_as_processed, run_id=manual__2024-10-12T13:03:08.986267+00:00, execution_date=20241012T130308, start_date=20241012T130355, end_date=20241012T130355
[2024-10-12T13:03:55.468+0000] {local_task_job_runner.py:240} INFO - Task exited with return code 0
[2024-10-12T13:03:55.505+0000] {taskinstance.py:3498} INFO - 1 downstream tasks scheduled from follow-on schedule check
[2024-10-12T13:03:55.506+0000] {local_task_job_runner.py:222} INFO - ::endgroup::
