[2024-09-25T19:49:38.215+0000] {local_task_job_runner.py:120} INFO - ::group::Pre task execution logs
[2024-09-25T19:49:38.239+0000] {taskinstance.py:2076} INFO - Dependencies all met for dep_context=non-requeueable deps ti=<TaskInstance: Taxi_trip_pipeline.load_group.load_green_trip manual__2024-09-25T19:49:24.321638+00:00 [queued]>
[2024-09-25T19:49:38.250+0000] {taskinstance.py:2076} INFO - Dependencies all met for dep_context=requeueable deps ti=<TaskInstance: Taxi_trip_pipeline.load_group.load_green_trip manual__2024-09-25T19:49:24.321638+00:00 [queued]>
[2024-09-25T19:49:38.251+0000] {taskinstance.py:2306} INFO - Starting attempt 1 of 1
[2024-09-25T19:49:38.265+0000] {taskinstance.py:2330} INFO - Executing <Task(PythonOperator): load_group.load_green_trip> on 2024-09-25 19:49:24.321638+00:00
[2024-09-25T19:49:38.275+0000] {standard_task_runner.py:63} INFO - Started process 354 to run task
[2024-09-25T19:49:38.278+0000] {standard_task_runner.py:90} INFO - Running: ['***', 'tasks', 'run', 'Taxi_trip_pipeline', 'load_group.load_green_trip', 'manual__2024-09-25T19:49:24.321638+00:00', '--job-id', '145', '--raw', '--subdir', 'DAGS_FOLDER/taxi_trip.py', '--cfg-path', '/tmp/tmpsapiyfcc']
[2024-09-25T19:49:38.281+0000] {standard_task_runner.py:91} INFO - Job 145: Subtask load_group.load_green_trip
[2024-09-25T19:49:38.332+0000] {task_command.py:426} INFO - Running <TaskInstance: Taxi_trip_pipeline.load_group.load_green_trip manual__2024-09-25T19:49:24.321638+00:00 [running]> on host 3aa1deac3d71
[2024-09-25T19:49:38.427+0000] {taskinstance.py:2648} INFO - Exporting env vars: AIRFLOW_CTX_DAG_OWNER='Mahmoud' AIRFLOW_CTX_DAG_ID='Taxi_trip_pipeline' AIRFLOW_CTX_TASK_ID='load_group.load_green_trip' AIRFLOW_CTX_EXECUTION_DATE='2024-09-25T19:49:24.321638+00:00' AIRFLOW_CTX_TRY_NUMBER='1' AIRFLOW_CTX_DAG_RUN_ID='manual__2024-09-25T19:49:24.321638+00:00'
[2024-09-25T19:49:38.429+0000] {taskinstance.py:430} INFO - ::endgroup::
[2024-09-25T19:49:38.712+0000] {taxi_trip.py:65} INFO - Loading green trip data started with 56551 rows
[2024-09-25T19:49:38.712+0000] {Load_data.py:11} INFO - Loading green trip data...
[2024-09-25T19:49:38.713+0000] {Load_data.py:12} INFO - green trip with 56551rows
[2024-09-25T19:49:38.766+0000] {db_utils.py:33} INFO - Loading data into table green_trip...
[2024-09-25T19:49:38.769+0000] {db_utils.py:21} INFO - Connected to PostgreSQL database successfully
[2024-09-25T19:49:39.043+0000] {Load_data.py:41} ERROR - Error loading green_trip: column "vendorid" of relation "green_trip" does not exist
LINE 1: INSERT INTO green_trip (VendorID, lpep_pickup_datetime, lpep...
                                ^

[2024-09-25T19:49:39.057+0000] {taxi_trip.py:67} INFO - Loading green trip data done
[2024-09-25T19:49:39.057+0000] {python.py:237} INFO - Done. Returned value was: None
[2024-09-25T19:49:39.057+0000] {taskinstance.py:441} INFO - ::group::Post task execution logs
[2024-09-25T19:49:39.067+0000] {taskinstance.py:1206} INFO - Marking task as SUCCESS. dag_id=Taxi_trip_pipeline, task_id=load_group.load_green_trip, run_id=manual__2024-09-25T19:49:24.321638+00:00, execution_date=20240925T194924, start_date=20240925T194938, end_date=20240925T194939
[2024-09-25T19:49:39.132+0000] {local_task_job_runner.py:240} INFO - Task exited with return code 0
[2024-09-25T19:49:39.150+0000] {taskinstance.py:3498} INFO - 0 downstream tasks scheduled from follow-on schedule check
[2024-09-25T19:49:39.151+0000] {local_task_job_runner.py:222} INFO - ::endgroup::
