[2024-09-17T19:35:08.565+0000] {local_task_job_runner.py:123} INFO - ::group::Pre task execution logs
[2024-09-17T19:35:08.758+0000] {taskinstance.py:2612} INFO - Dependencies all met for dep_context=non-requeueable deps ti=<TaskInstance: NYC_Taxi_pipeline.extract_data manual__2024-09-17T19:35:07.594475+00:00 [queued]>
[2024-09-17T19:35:08.768+0000] {taskinstance.py:2612} INFO - Dependencies all met for dep_context=requeueable deps ti=<TaskInstance: NYC_Taxi_pipeline.extract_data manual__2024-09-17T19:35:07.594475+00:00 [queued]>
[2024-09-17T19:35:08.768+0000] {taskinstance.py:2865} INFO - Starting attempt 1 of 1
[2024-09-17T19:35:08.781+0000] {taskinstance.py:2888} INFO - Executing <Task(PythonOperator): extract_data> on 2024-09-17 19:35:07.594475+00:00
[2024-09-17T19:35:08.790+0000] {warnings.py:112} WARNING - /home/***/.local/lib/python3.12/site-packages/***/task/task_runner/standard_task_runner.py:70: DeprecationWarning: This process (pid=159) is multi-threaded, use of fork() may lead to deadlocks in the child.
  pid = os.fork()

[2024-09-17T19:35:08.792+0000] {standard_task_runner.py:72} INFO - Started process 161 to run task
[2024-09-17T19:35:08.793+0000] {standard_task_runner.py:104} INFO - Running: ['***', 'tasks', 'run', 'NYC_Taxi_pipeline', 'extract_data', 'manual__2024-09-17T19:35:07.594475+00:00', '--job-id', '217', '--raw', '--subdir', 'DAGS_FOLDER/NYC_Taxi_pipeline.py', '--cfg-path', '/tmp/tmppkrif9z9']
[2024-09-17T19:35:08.795+0000] {standard_task_runner.py:105} INFO - Job 217: Subtask extract_data
[2024-09-17T19:35:08.836+0000] {task_command.py:467} INFO - Running <TaskInstance: NYC_Taxi_pipeline.extract_data manual__2024-09-17T19:35:07.594475+00:00 [running]> on host 2fb7f7f47b75
[2024-09-17T19:35:08.919+0000] {taskinstance.py:3131} INFO - Exporting env vars: AIRFLOW_CTX_DAG_OWNER='Mahmoud' AIRFLOW_CTX_DAG_ID='NYC_Taxi_pipeline' AIRFLOW_CTX_TASK_ID='extract_data' AIRFLOW_CTX_EXECUTION_DATE='2024-09-17T19:35:07.594475+00:00' AIRFLOW_CTX_TRY_NUMBER='1' AIRFLOW_CTX_DAG_RUN_ID='manual__2024-09-17T19:35:07.594475+00:00'
[2024-09-17T19:35:08.920+0000] {taskinstance.py:731} INFO - ::endgroup::
[2024-09-17T19:35:08.932+0000] {NYC_Taxi_pipeline.py:34} INFO - Data extraction started
[2024-09-17T19:35:08.933+0000] {data_process.py:11} INFO - Loading Parquet files from the folder...
[2024-09-17T19:35:08.933+0000] {data_process.py:15} INFO - Found Parquet files: ['./Staging/green_tripdata_2024-04.parquet', './Staging/green_tripdata_2024-01.parquet', './Staging/green_tripdata_2024-03.parquet', './Staging/green_tripdata_2024-02.parquet', './Staging/green_tripdata_2024-05.parquet', './Staging/green_tripdata_2024-06.parquet']
[2024-09-17T19:35:08.967+0000] {data_process.py:24} INFO - File green_tripdata_2024-04.parquet has 56471 rows.
[2024-09-17T19:35:08.976+0000] {data_process.py:24} INFO - File green_tripdata_2024-01.parquet has 56551 rows.
[2024-09-17T19:35:08.984+0000] {data_process.py:24} INFO - File green_tripdata_2024-03.parquet has 57457 rows.
[2024-09-17T19:35:08.993+0000] {data_process.py:24} INFO - File green_tripdata_2024-02.parquet has 53577 rows.
[2024-09-17T19:35:09.001+0000] {data_process.py:24} INFO - File green_tripdata_2024-05.parquet has 61003 rows.
[2024-09-17T19:35:09.009+0000] {data_process.py:24} INFO - File green_tripdata_2024-06.parquet has 54748 rows.
[2024-09-17T19:35:09.032+0000] {data_process.py:31} INFO - Trip data extracted and concatenated successfully from Parquet files
[2024-09-17T19:35:13.197+0000] {NYC_Taxi_pipeline.py:37} INFO - Data extraction done, DataFrame saved to CSV with 339807 rows
[2024-09-17T19:35:13.199+0000] {python.py:240} INFO - Done. Returned value was: None
[2024-09-17T19:35:13.207+0000] {taskinstance.py:340} INFO - ::group::Post task execution logs
[2024-09-17T19:35:13.208+0000] {taskinstance.py:352} INFO - Marking task as SUCCESS. dag_id=NYC_Taxi_pipeline, task_id=extract_data, run_id=manual__2024-09-17T19:35:07.594475+00:00, execution_date=20240917T193507, start_date=20240917T193508, end_date=20240917T193513
[2024-09-17T19:35:13.256+0000] {local_task_job_runner.py:266} INFO - Task exited with return code 0
[2024-09-17T19:35:13.278+0000] {taskinstance.py:3900} INFO - 1 downstream tasks scheduled from follow-on schedule check
[2024-09-17T19:35:13.279+0000] {local_task_job_runner.py:245} INFO - ::endgroup::
