[2024-10-01T06:49:01.522+0000] {local_task_job_runner.py:120} INFO - ::group::Pre task execution logs
[2024-10-01T06:49:01.544+0000] {taskinstance.py:2076} INFO - Dependencies all met for dep_context=non-requeueable deps ti=<TaskInstance: Taxi_trip_pipeline.dbt_staging_layer.dbt_run_green_trip scheduled__2024-09-30T00:00:00+00:00 [queued]>
[2024-10-01T06:49:01.554+0000] {taskinstance.py:2076} INFO - Dependencies all met for dep_context=requeueable deps ti=<TaskInstance: Taxi_trip_pipeline.dbt_staging_layer.dbt_run_green_trip scheduled__2024-09-30T00:00:00+00:00 [queued]>
[2024-10-01T06:49:01.555+0000] {taskinstance.py:2306} INFO - Starting attempt 8 of 8
[2024-10-01T06:49:01.566+0000] {taskinstance.py:2330} INFO - Executing <Task(BashOperator): dbt_staging_layer.dbt_run_green_trip> on 2024-09-30 00:00:00+00:00
[2024-10-01T06:49:01.574+0000] {standard_task_runner.py:63} INFO - Started process 232 to run task
[2024-10-01T06:49:01.576+0000] {standard_task_runner.py:90} INFO - Running: ['***', 'tasks', 'run', 'Taxi_trip_pipeline', 'dbt_staging_layer.dbt_run_green_trip', 'scheduled__2024-09-30T00:00:00+00:00', '--job-id', '142', '--raw', '--subdir', 'DAGS_FOLDER/taxi_trip.py', '--cfg-path', '/tmp/tmpyaul0b1n']
[2024-10-01T06:49:01.578+0000] {standard_task_runner.py:91} INFO - Job 142: Subtask dbt_staging_layer.dbt_run_green_trip
[2024-10-01T06:49:01.624+0000] {task_command.py:426} INFO - Running <TaskInstance: Taxi_trip_pipeline.dbt_staging_layer.dbt_run_green_trip scheduled__2024-09-30T00:00:00+00:00 [running]> on host fcb0f9e87e2b
[2024-10-01T06:49:01.705+0000] {taskinstance.py:2648} INFO - Exporting env vars: AIRFLOW_CTX_DAG_OWNER='Mahmoud' AIRFLOW_CTX_DAG_ID='Taxi_trip_pipeline' AIRFLOW_CTX_TASK_ID='dbt_staging_layer.dbt_run_green_trip' AIRFLOW_CTX_EXECUTION_DATE='2024-09-30T00:00:00+00:00' AIRFLOW_CTX_TRY_NUMBER='8' AIRFLOW_CTX_DAG_RUN_ID='scheduled__2024-09-30T00:00:00+00:00'
[2024-10-01T06:49:01.706+0000] {taskinstance.py:430} INFO - ::endgroup::
[2024-10-01T06:49:01.718+0000] {subprocess.py:63} INFO - Tmp dir root location: /tmp
[2024-10-01T06:49:01.719+0000] {subprocess.py:75} INFO - Running command: ['/usr/bin/bash', '-c', 'dbt run --profiles-dir /opt/***/DBT_Project  --project-dir /opt/***/dbt_trip --models green_trip']
[2024-10-01T06:49:01.732+0000] {subprocess.py:86} INFO - Output:
[2024-10-01T06:49:04.263+0000] {subprocess.py:93} INFO - [0m06:49:04  Running with dbt=1.8.0
[2024-10-01T06:49:04.558+0000] {subprocess.py:93} INFO - [0m06:49:04  Registered adapter: postgres=1.8.0
[2024-10-01T06:49:04.877+0000] {subprocess.py:93} INFO - [0m06:49:04  [[33mWARNING[0m]: Configuration paths exist in your dbt_project.yml file which do not apply to any resources.
[2024-10-01T06:49:04.877+0000] {subprocess.py:93} INFO - There are 2 unused configuration paths:
[2024-10-01T06:49:04.878+0000] {subprocess.py:93} INFO - - models.fact_trip.staging
[2024-10-01T06:49:04.878+0000] {subprocess.py:93} INFO - - models.fact_trip.Dimensions
[2024-10-01T06:49:05.118+0000] {subprocess.py:93} INFO - [0m06:49:05  Found 4 models, 6 data tests, 3 sources, 566 macros
[2024-10-01T06:49:05.121+0000] {subprocess.py:93} INFO - [0m06:49:05
[2024-10-01T06:49:05.252+0000] {subprocess.py:93} INFO - [0m06:49:05  Concurrency: 3 threads (target='dev')
[2024-10-01T06:49:05.254+0000] {subprocess.py:93} INFO - [0m06:49:05
[2024-10-01T06:49:05.267+0000] {subprocess.py:93} INFO - [0m06:49:05  1 of 1 START sql view model analysis.green_trip ................................ [RUN]
[2024-10-01T06:49:05.391+0000] {subprocess.py:93} INFO - [0m06:49:05  1 of 1 ERROR creating sql view model analysis.green_trip ....................... [[31mERROR[0m in 0.12s]
[2024-10-01T06:49:05.408+0000] {subprocess.py:93} INFO - [0m06:49:05
[2024-10-01T06:49:05.408+0000] {subprocess.py:93} INFO - [0m06:49:05  Finished running 1 view model in 0 hours 0 minutes and 0.29 seconds (0.29s).
[2024-10-01T06:49:05.463+0000] {subprocess.py:93} INFO - [0m06:49:05
[2024-10-01T06:49:05.464+0000] {subprocess.py:93} INFO - [0m06:49:05  [31mCompleted with 1 error and 0 warnings:[0m
[2024-10-01T06:49:05.464+0000] {subprocess.py:93} INFO - [0m06:49:05
[2024-10-01T06:49:05.465+0000] {subprocess.py:93} INFO - [0m06:49:05    Database Error in model green_trip (models/Staging/green_trip.sql)
[2024-10-01T06:49:05.465+0000] {subprocess.py:93} INFO -   column "vd" does not exist
[2024-10-01T06:49:05.465+0000] {subprocess.py:93} INFO -   LINE 21:     md5(cast(coalesce(cast(vd as TEXT), '_dbt_utils_surrogat...
[2024-10-01T06:49:05.466+0000] {subprocess.py:93} INFO -                                       ^
[2024-10-01T06:49:05.466+0000] {subprocess.py:93} INFO -   compiled code at target/run/fact_trip/models/Staging/green_trip.sql
[2024-10-01T06:49:05.466+0000] {subprocess.py:93} INFO - [0m06:49:05
[2024-10-01T06:49:05.467+0000] {subprocess.py:93} INFO - [0m06:49:05  Done. PASS=0 WARN=0 ERROR=1 SKIP=0 TOTAL=1
[2024-10-01T06:49:06.385+0000] {subprocess.py:97} INFO - Command exited with return code 1
[2024-10-01T06:49:06.386+0000] {taskinstance.py:441} INFO - ::group::Post task execution logs
[2024-10-01T06:49:06.396+0000] {taskinstance.py:2905} ERROR - Task failed with exception
Traceback (most recent call last):
  File "/home/airflow/.local/lib/python3.9/site-packages/airflow/models/taskinstance.py", line 465, in _execute_task
    result = _execute_callable(context=context, **execute_callable_kwargs)
  File "/home/airflow/.local/lib/python3.9/site-packages/airflow/models/taskinstance.py", line 432, in _execute_callable
    return execute_callable(context=context, **execute_callable_kwargs)
  File "/home/airflow/.local/lib/python3.9/site-packages/airflow/models/baseoperator.py", line 400, in wrapper
    return func(self, *args, **kwargs)
  File "/home/airflow/.local/lib/python3.9/site-packages/airflow/operators/bash.py", line 243, in execute
    raise AirflowException(
airflow.exceptions.AirflowException: Bash command failed. The command returned a non-zero exit code 1.
[2024-10-01T06:49:06.399+0000] {taskinstance.py:1206} INFO - Marking task as FAILED. dag_id=Taxi_trip_pipeline, task_id=dbt_staging_layer.dbt_run_green_trip, run_id=scheduled__2024-09-30T00:00:00+00:00, execution_date=20240930T000000, start_date=20241001T064901, end_date=20241001T064906
[2024-10-01T06:49:06.411+0000] {standard_task_runner.py:110} ERROR - Failed to execute job 142 for task dbt_staging_layer.dbt_run_green_trip (Bash command failed. The command returned a non-zero exit code 1.; 232)
[2024-10-01T06:49:06.440+0000] {local_task_job_runner.py:240} INFO - Task exited with return code 1
[2024-10-01T06:49:06.461+0000] {taskinstance.py:3498} INFO - 0 downstream tasks scheduled from follow-on schedule check
[2024-10-01T06:49:06.463+0000] {local_task_job_runner.py:222} INFO - ::endgroup::
