[2024-10-01T09:17:47.515+0000] {local_task_job_runner.py:120} INFO - ::group::Pre task execution logs
[2024-10-01T09:17:47.538+0000] {taskinstance.py:2076} INFO - Dependencies all met for dep_context=non-requeueable deps ti=<TaskInstance: Taxi_trip_pipeline.dbt_staging_layer.dbt_run_green_trip scheduled__2024-09-30T00:00:00+00:00 [queued]>
[2024-10-01T09:17:47.547+0000] {taskinstance.py:2076} INFO - Dependencies all met for dep_context=requeueable deps ti=<TaskInstance: Taxi_trip_pipeline.dbt_staging_layer.dbt_run_green_trip scheduled__2024-09-30T00:00:00+00:00 [queued]>
[2024-10-01T09:17:47.547+0000] {taskinstance.py:2306} INFO - Starting attempt 17 of 17
[2024-10-01T09:17:47.560+0000] {taskinstance.py:2330} INFO - Executing <Task(BashOperator): dbt_staging_layer.dbt_run_green_trip> on 2024-09-30 00:00:00+00:00
[2024-10-01T09:17:47.567+0000] {standard_task_runner.py:63} INFO - Started process 328 to run task
[2024-10-01T09:17:47.570+0000] {standard_task_runner.py:90} INFO - Running: ['***', 'tasks', 'run', 'Taxi_trip_pipeline', 'dbt_staging_layer.dbt_run_green_trip', 'scheduled__2024-09-30T00:00:00+00:00', '--job-id', '151', '--raw', '--subdir', 'DAGS_FOLDER/taxi_trip.py', '--cfg-path', '/tmp/tmp7g_2ozr3']
[2024-10-01T09:17:47.572+0000] {standard_task_runner.py:91} INFO - Job 151: Subtask dbt_staging_layer.dbt_run_green_trip
[2024-10-01T09:17:47.617+0000] {task_command.py:426} INFO - Running <TaskInstance: Taxi_trip_pipeline.dbt_staging_layer.dbt_run_green_trip scheduled__2024-09-30T00:00:00+00:00 [running]> on host fcb0f9e87e2b
[2024-10-01T09:17:47.695+0000] {taskinstance.py:2648} INFO - Exporting env vars: AIRFLOW_CTX_DAG_OWNER='Mahmoud' AIRFLOW_CTX_DAG_ID='Taxi_trip_pipeline' AIRFLOW_CTX_TASK_ID='dbt_staging_layer.dbt_run_green_trip' AIRFLOW_CTX_EXECUTION_DATE='2024-09-30T00:00:00+00:00' AIRFLOW_CTX_TRY_NUMBER='17' AIRFLOW_CTX_DAG_RUN_ID='scheduled__2024-09-30T00:00:00+00:00'
[2024-10-01T09:17:47.696+0000] {taskinstance.py:430} INFO - ::endgroup::
[2024-10-01T09:17:47.708+0000] {subprocess.py:63} INFO - Tmp dir root location: /tmp
[2024-10-01T09:17:47.709+0000] {subprocess.py:75} INFO - Running command: ['/usr/bin/bash', '-c', 'dbt run --profiles-dir /opt/***/DBT_Project  --project-dir /opt/***/dbt_trip --models green_trip']
[2024-10-01T09:17:47.722+0000] {subprocess.py:86} INFO - Output:
[2024-10-01T09:17:50.277+0000] {subprocess.py:93} INFO - [0m09:17:50  Running with dbt=1.8.0
[2024-10-01T09:17:50.597+0000] {subprocess.py:93} INFO - [0m09:17:50  Registered adapter: postgres=1.8.0
[2024-10-01T09:17:51.237+0000] {subprocess.py:93} INFO - [0m09:17:51  [[33mWARNING[0m]: Deprecated functionality
[2024-10-01T09:17:51.238+0000] {subprocess.py:93} INFO - The `tests` config has been renamed to `data_tests`. Please see
[2024-10-01T09:17:51.238+0000] {subprocess.py:93} INFO - https://docs.getdbt.com/docs/build/data-tests#new-data_tests-syntax for more
[2024-10-01T09:17:51.238+0000] {subprocess.py:93} INFO - information.
[2024-10-01T09:17:51.471+0000] {subprocess.py:93} INFO - [0m09:17:51  [[33mWARNING[0m]: Configuration paths exist in your dbt_project.yml file which do not apply to any resources.
[2024-10-01T09:17:51.472+0000] {subprocess.py:93} INFO - There are 2 unused configuration paths:
[2024-10-01T09:17:51.472+0000] {subprocess.py:93} INFO - - models.fact_trip.staging
[2024-10-01T09:17:51.472+0000] {subprocess.py:93} INFO - - models.fact_trip.Dimensions
[2024-10-01T09:17:51.681+0000] {subprocess.py:93} INFO - [0m09:17:51  Found 4 models, 6 data tests, 3 sources, 566 macros
[2024-10-01T09:17:51.684+0000] {subprocess.py:93} INFO - [0m09:17:51
[2024-10-01T09:17:51.819+0000] {subprocess.py:93} INFO - [0m09:17:51  Concurrency: 3 threads (target='dev')
[2024-10-01T09:17:51.820+0000] {subprocess.py:93} INFO - [0m09:17:51
[2024-10-01T09:17:51.834+0000] {subprocess.py:93} INFO - [0m09:17:51  1 of 1 START sql view model analysis.green_trip ................................ [RUN]
[2024-10-01T09:17:51.993+0000] {subprocess.py:93} INFO - [0m09:17:51  1 of 1 OK created sql view model analysis.green_trip ........................... [[32mCREATE VIEW[0m in 0.16s]
[2024-10-01T09:17:52.007+0000] {subprocess.py:93} INFO - [0m09:17:52
[2024-10-01T09:17:52.008+0000] {subprocess.py:93} INFO - [0m09:17:52  Finished running 1 view model in 0 hours 0 minutes and 0.32 seconds (0.32s).
[2024-10-01T09:17:52.064+0000] {subprocess.py:93} INFO - [0m09:17:52
[2024-10-01T09:17:52.065+0000] {subprocess.py:93} INFO - [0m09:17:52  [32mCompleted successfully[0m
[2024-10-01T09:17:52.066+0000] {subprocess.py:93} INFO - [0m09:17:52
[2024-10-01T09:17:52.066+0000] {subprocess.py:93} INFO - [0m09:17:52  Done. PASS=1 WARN=0 ERROR=0 SKIP=0 TOTAL=1
[2024-10-01T09:17:53.137+0000] {subprocess.py:97} INFO - Command exited with return code 0
[2024-10-01T09:17:53.138+0000] {taskinstance.py:441} INFO - ::group::Post task execution logs
[2024-10-01T09:17:53.166+0000] {taskinstance.py:1206} INFO - Marking task as SUCCESS. dag_id=Taxi_trip_pipeline, task_id=dbt_staging_layer.dbt_run_green_trip, run_id=scheduled__2024-09-30T00:00:00+00:00, execution_date=20240930T000000, start_date=20241001T091747, end_date=20241001T091753
[2024-10-01T09:17:53.195+0000] {local_task_job_runner.py:240} INFO - Task exited with return code 0
[2024-10-01T09:17:53.221+0000] {taskinstance.py:3498} INFO - 0 downstream tasks scheduled from follow-on schedule check
[2024-10-01T09:17:53.222+0000] {local_task_job_runner.py:222} INFO - ::endgroup::
