[2024-10-01T15:45:12.563+0000] {local_task_job_runner.py:120} INFO - ::group::Pre task execution logs
[2024-10-01T15:45:12.583+0000] {taskinstance.py:2076} INFO - Dependencies all met for dep_context=non-requeueable deps ti=<TaskInstance: Taxi_trip_pipeline.dbt_run_model_fact_trip scheduled__2024-10-01T15:30:00+00:00 [queued]>
[2024-10-01T15:45:12.592+0000] {taskinstance.py:2076} INFO - Dependencies all met for dep_context=requeueable deps ti=<TaskInstance: Taxi_trip_pipeline.dbt_run_model_fact_trip scheduled__2024-10-01T15:30:00+00:00 [queued]>
[2024-10-01T15:45:12.592+0000] {taskinstance.py:2306} INFO - Starting attempt 1 of 1
[2024-10-01T15:45:12.603+0000] {taskinstance.py:2330} INFO - Executing <Task(BashOperator): dbt_run_model_fact_trip> on 2024-10-01 15:30:00+00:00
[2024-10-01T15:45:12.611+0000] {standard_task_runner.py:63} INFO - Started process 2519 to run task
[2024-10-01T15:45:12.613+0000] {standard_task_runner.py:90} INFO - Running: ['***', 'tasks', 'run', 'Taxi_trip_pipeline', 'dbt_run_model_fact_trip', 'scheduled__2024-10-01T15:30:00+00:00', '--job-id', '330', '--raw', '--subdir', 'DAGS_FOLDER/taxi_trip.py', '--cfg-path', '/tmp/tmpy4267mug']
[2024-10-01T15:45:12.615+0000] {standard_task_runner.py:91} INFO - Job 330: Subtask dbt_run_model_fact_trip
[2024-10-01T15:45:12.659+0000] {task_command.py:426} INFO - Running <TaskInstance: Taxi_trip_pipeline.dbt_run_model_fact_trip scheduled__2024-10-01T15:30:00+00:00 [running]> on host fcb0f9e87e2b
[2024-10-01T15:45:12.740+0000] {taskinstance.py:2648} INFO - Exporting env vars: AIRFLOW_CTX_DAG_OWNER='Mahmoud' AIRFLOW_CTX_DAG_ID='Taxi_trip_pipeline' AIRFLOW_CTX_TASK_ID='dbt_run_model_fact_trip' AIRFLOW_CTX_EXECUTION_DATE='2024-10-01T15:30:00+00:00' AIRFLOW_CTX_TRY_NUMBER='1' AIRFLOW_CTX_DAG_RUN_ID='scheduled__2024-10-01T15:30:00+00:00'
[2024-10-01T15:45:12.741+0000] {taskinstance.py:430} INFO - ::endgroup::
[2024-10-01T15:45:12.751+0000] {subprocess.py:63} INFO - Tmp dir root location: /tmp
[2024-10-01T15:45:12.752+0000] {subprocess.py:75} INFO - Running command: ['/usr/bin/bash', '-c', 'dbt run --profiles-dir /opt/***/DBT_Project  --project-dir /opt/***/dbt_trip --models Fact_trips']
[2024-10-01T15:45:12.766+0000] {subprocess.py:86} INFO - Output:
[2024-10-01T15:45:15.162+0000] {subprocess.py:93} INFO - [0m15:45:15  Running with dbt=1.8.0
[2024-10-01T15:45:15.447+0000] {subprocess.py:93} INFO - [0m15:45:15  Registered adapter: postgres=1.8.0
[2024-10-01T15:45:15.746+0000] {subprocess.py:93} INFO - [0m15:45:15  [[33mWARNING[0m]: Configuration paths exist in your dbt_project.yml file which do not apply to any resources.
[2024-10-01T15:45:15.747+0000] {subprocess.py:93} INFO - There are 2 unused configuration paths:
[2024-10-01T15:45:15.747+0000] {subprocess.py:93} INFO - - models.fact_trip.staging
[2024-10-01T15:45:15.747+0000] {subprocess.py:93} INFO - - models.fact_trip.Dimensions
[2024-10-01T15:45:15.979+0000] {subprocess.py:93} INFO - [0m15:45:15  Found 4 models, 6 data tests, 3 sources, 566 macros
[2024-10-01T15:45:15.981+0000] {subprocess.py:93} INFO - [0m15:45:15
[2024-10-01T15:45:16.108+0000] {subprocess.py:93} INFO - [0m15:45:16  Concurrency: 3 threads (target='dev')
[2024-10-01T15:45:16.109+0000] {subprocess.py:93} INFO - [0m15:45:16
[2024-10-01T15:45:16.120+0000] {subprocess.py:93} INFO - [0m15:45:16  1 of 1 START sql view model analysis.Fact_trips ................................ [RUN]
[2024-10-01T15:45:16.244+0000] {subprocess.py:93} INFO - [0m15:45:16  1 of 1 OK created sql view model analysis.Fact_trips ........................... [[32mCREATE VIEW[0m in 0.12s]
[2024-10-01T15:45:16.256+0000] {subprocess.py:93} INFO - [0m15:45:16
[2024-10-01T15:45:16.256+0000] {subprocess.py:93} INFO - [0m15:45:16  Finished running 1 view model in 0 hours 0 minutes and 0.27 seconds (0.27s).
[2024-10-01T15:45:16.310+0000] {subprocess.py:93} INFO - [0m15:45:16
[2024-10-01T15:45:16.311+0000] {subprocess.py:93} INFO - [0m15:45:16  [32mCompleted successfully[0m
[2024-10-01T15:45:16.311+0000] {subprocess.py:93} INFO - [0m15:45:16
[2024-10-01T15:45:16.312+0000] {subprocess.py:93} INFO - [0m15:45:16  Done. PASS=1 WARN=0 ERROR=0 SKIP=0 TOTAL=1
[2024-10-01T15:45:17.240+0000] {subprocess.py:97} INFO - Command exited with return code 0
[2024-10-01T15:45:17.241+0000] {taskinstance.py:441} INFO - ::group::Post task execution logs
[2024-10-01T15:45:17.263+0000] {taskinstance.py:1206} INFO - Marking task as SUCCESS. dag_id=Taxi_trip_pipeline, task_id=dbt_run_model_fact_trip, run_id=scheduled__2024-10-01T15:30:00+00:00, execution_date=20241001T153000, start_date=20241001T154512, end_date=20241001T154517
[2024-10-01T15:45:17.319+0000] {local_task_job_runner.py:240} INFO - Task exited with return code 0
[2024-10-01T15:45:17.341+0000] {taskinstance.py:3498} INFO - 0 downstream tasks scheduled from follow-on schedule check
[2024-10-01T15:45:17.343+0000] {local_task_job_runner.py:222} INFO - ::endgroup::
