[2024-10-03T22:06:26.689+0000] {local_task_job_runner.py:120} INFO - ::group::Pre task execution logs
[2024-10-03T22:06:26.714+0000] {taskinstance.py:2076} INFO - Dependencies all met for dep_context=non-requeueable deps ti=<TaskInstance: Taxi_trip_pipeline.dbt_transformation_layer.dbt_run_model_green_trip scheduled__2024-10-03T21:45:00+00:00 [queued]>
[2024-10-03T22:06:26.727+0000] {taskinstance.py:2076} INFO - Dependencies all met for dep_context=requeueable deps ti=<TaskInstance: Taxi_trip_pipeline.dbt_transformation_layer.dbt_run_model_green_trip scheduled__2024-10-03T21:45:00+00:00 [queued]>
[2024-10-03T22:06:26.728+0000] {taskinstance.py:2306} INFO - Starting attempt 1 of 1
[2024-10-03T22:06:26.743+0000] {taskinstance.py:2330} INFO - Executing <Task(BashOperator): dbt_transformation_layer.dbt_run_model_green_trip> on 2024-10-03 21:45:00+00:00
[2024-10-03T22:06:26.751+0000] {standard_task_runner.py:63} INFO - Started process 122 to run task
[2024-10-03T22:06:26.755+0000] {standard_task_runner.py:90} INFO - Running: ['***', 'tasks', 'run', 'Taxi_trip_pipeline', 'dbt_transformation_layer.dbt_run_model_green_trip', 'scheduled__2024-10-03T21:45:00+00:00', '--job-id', '411', '--raw', '--subdir', 'DAGS_FOLDER/taxi_trip.py', '--cfg-path', '/tmp/tmp6kf5j13i']
[2024-10-03T22:06:26.758+0000] {standard_task_runner.py:91} INFO - Job 411: Subtask dbt_transformation_layer.dbt_run_model_green_trip
[2024-10-03T22:06:26.812+0000] {task_command.py:426} INFO - Running <TaskInstance: Taxi_trip_pipeline.dbt_transformation_layer.dbt_run_model_green_trip scheduled__2024-10-03T21:45:00+00:00 [running]> on host df868e4adcf8
[2024-10-03T22:06:26.926+0000] {taskinstance.py:2648} INFO - Exporting env vars: AIRFLOW_CTX_DAG_OWNER='Mahmoud' AIRFLOW_CTX_DAG_ID='Taxi_trip_pipeline' AIRFLOW_CTX_TASK_ID='dbt_transformation_layer.dbt_run_model_green_trip' AIRFLOW_CTX_EXECUTION_DATE='2024-10-03T21:45:00+00:00' AIRFLOW_CTX_TRY_NUMBER='1' AIRFLOW_CTX_DAG_RUN_ID='scheduled__2024-10-03T21:45:00+00:00'
[2024-10-03T22:06:26.927+0000] {taskinstance.py:430} INFO - ::endgroup::
[2024-10-03T22:06:26.952+0000] {subprocess.py:63} INFO - Tmp dir root location: /tmp
[2024-10-03T22:06:26.953+0000] {subprocess.py:75} INFO - Running command: ['/usr/bin/bash', '-c', 'dbt run --profiles-dir /opt/***/DBT_Project  --project-dir /opt/***/dbt_trip --models green_trip']
[2024-10-03T22:06:26.971+0000] {subprocess.py:86} INFO - Output:
[2024-10-03T22:06:31.197+0000] {subprocess.py:93} INFO - [0m22:06:31  Running with dbt=1.8.0
[2024-10-03T22:06:31.715+0000] {subprocess.py:93} INFO - [0m22:06:31  Registered adapter: postgres=1.8.0
[2024-10-03T22:06:32.183+0000] {subprocess.py:93} INFO - [0m22:06:32  [[33mWARNING[0m]: Configuration paths exist in your dbt_project.yml file which do not apply to any resources.
[2024-10-03T22:06:32.184+0000] {subprocess.py:93} INFO - There are 2 unused configuration paths:
[2024-10-03T22:06:32.184+0000] {subprocess.py:93} INFO - - models.fact_trip.staging
[2024-10-03T22:06:32.184+0000] {subprocess.py:93} INFO - - models.fact_trip.Dimensions
[2024-10-03T22:06:32.503+0000] {subprocess.py:93} INFO - [0m22:06:32  Found 4 models, 6 data tests, 3 sources, 566 macros
[2024-10-03T22:06:32.507+0000] {subprocess.py:93} INFO - [0m22:06:32
[2024-10-03T22:06:32.690+0000] {subprocess.py:93} INFO - [0m22:06:32  Concurrency: 3 threads (target='dev')
[2024-10-03T22:06:32.691+0000] {subprocess.py:93} INFO - [0m22:06:32
[2024-10-03T22:06:32.704+0000] {subprocess.py:93} INFO - [0m22:06:32  1 of 1 START sql view model analysis.green_trip ................................ [RUN]
[2024-10-03T22:06:32.940+0000] {subprocess.py:93} INFO - [0m22:06:32  1 of 1 OK created sql view model analysis.green_trip ........................... [[32mCREATE VIEW[0m in 0.23s]
[2024-10-03T22:06:32.957+0000] {subprocess.py:93} INFO - [0m22:06:32
[2024-10-03T22:06:32.958+0000] {subprocess.py:93} INFO - [0m22:06:32  Finished running 1 view model in 0 hours 0 minutes and 0.45 seconds (0.45s).
[2024-10-03T22:06:33.041+0000] {subprocess.py:93} INFO - [0m22:06:33
[2024-10-03T22:06:33.042+0000] {subprocess.py:93} INFO - [0m22:06:33  [32mCompleted successfully[0m
[2024-10-03T22:06:33.043+0000] {subprocess.py:93} INFO - [0m22:06:33
[2024-10-03T22:06:33.044+0000] {subprocess.py:93} INFO - [0m22:06:33  Done. PASS=1 WARN=0 ERROR=0 SKIP=0 TOTAL=1
[2024-10-03T22:06:34.429+0000] {subprocess.py:97} INFO - Command exited with return code 0
[2024-10-03T22:06:34.429+0000] {taskinstance.py:441} INFO - ::group::Post task execution logs
[2024-10-03T22:06:34.456+0000] {taskinstance.py:1206} INFO - Marking task as SUCCESS. dag_id=Taxi_trip_pipeline, task_id=dbt_transformation_layer.dbt_run_model_green_trip, run_id=scheduled__2024-10-03T21:45:00+00:00, execution_date=20241003T214500, start_date=20241003T220626, end_date=20241003T220634
[2024-10-03T22:06:34.484+0000] {local_task_job_runner.py:240} INFO - Task exited with return code 0
[2024-10-03T22:06:34.512+0000] {taskinstance.py:3498} INFO - 0 downstream tasks scheduled from follow-on schedule check
[2024-10-03T22:06:34.514+0000] {local_task_job_runner.py:222} INFO - ::endgroup::
