[2024-10-12T12:12:03.610+0000] {local_task_job_runner.py:120} INFO - ::group::Pre task execution logs
[2024-10-12T12:12:03.633+0000] {taskinstance.py:2076} INFO - Dependencies all met for dep_context=non-requeueable deps ti=<TaskInstance: Taxi_trip_pipeline.move_files_to_archive scheduled__2024-10-12T11:45:00+00:00 [queued]>
[2024-10-12T12:12:03.642+0000] {taskinstance.py:2076} INFO - Dependencies all met for dep_context=requeueable deps ti=<TaskInstance: Taxi_trip_pipeline.move_files_to_archive scheduled__2024-10-12T11:45:00+00:00 [queued]>
[2024-10-12T12:12:03.643+0000] {taskinstance.py:2306} INFO - Starting attempt 3 of 3
[2024-10-12T12:12:03.654+0000] {taskinstance.py:2330} INFO - Executing <Task(PythonOperator): move_files_to_archive> on 2024-10-12 11:45:00+00:00
[2024-10-12T12:12:03.662+0000] {standard_task_runner.py:63} INFO - Started process 250 to run task
[2024-10-12T12:12:03.665+0000] {standard_task_runner.py:90} INFO - Running: ['***', 'tasks', 'run', 'Taxi_trip_pipeline', 'move_files_to_archive', 'scheduled__2024-10-12T11:45:00+00:00', '--job-id', '27', '--raw', '--subdir', 'DAGS_FOLDER/taxi_trip.py', '--cfg-path', '/tmp/tmpruud0mbj']
[2024-10-12T12:12:03.668+0000] {standard_task_runner.py:91} INFO - Job 27: Subtask move_files_to_archive
[2024-10-12T12:12:03.719+0000] {task_command.py:426} INFO - Running <TaskInstance: Taxi_trip_pipeline.move_files_to_archive scheduled__2024-10-12T11:45:00+00:00 [running]> on host e1ee2fad10db
[2024-10-12T12:12:03.801+0000] {taskinstance.py:2648} INFO - Exporting env vars: AIRFLOW_CTX_DAG_OWNER='Mahmoud' AIRFLOW_CTX_DAG_ID='Taxi_trip_pipeline' AIRFLOW_CTX_TASK_ID='move_files_to_archive' AIRFLOW_CTX_EXECUTION_DATE='2024-10-12T11:45:00+00:00' AIRFLOW_CTX_TRY_NUMBER='3' AIRFLOW_CTX_DAG_RUN_ID='scheduled__2024-10-12T11:45:00+00:00'
[2024-10-12T12:12:03.802+0000] {taskinstance.py:430} INFO - ::endgroup::
[2024-10-12T12:12:03.832+0000] {Process_data.py:87} ERROR - Error while moving ./incloud/Staging/Green_trip_files/green_tripdata_2024-04.parquet: [Errno 13] Permission denied: './incloud/Staging/archive/green_tripdata_2024-04.parquet'
[2024-10-12T12:12:03.832+0000] {Process_data.py:87} ERROR - Error while moving ./incloud/Staging/Green_trip_files/green_tripdata_2024-01.parquet: [Errno 13] Permission denied: './incloud/Staging/archive/green_tripdata_2024-01.parquet'
[2024-10-12T12:12:03.833+0000] {Process_data.py:87} ERROR - Error while moving ./incloud/Staging/Green_trip_files/green_tripdata_2024-03.parquet: [Errno 13] Permission denied: './incloud/Staging/archive/green_tripdata_2024-03.parquet'
[2024-10-12T12:12:03.833+0000] {Process_data.py:87} ERROR - Error while moving ./incloud/Staging/Green_trip_files/green_tripdata_2024-02.parquet: [Errno 13] Permission denied: './incloud/Staging/archive/green_tripdata_2024-02.parquet'
[2024-10-12T12:12:03.833+0000] {Process_data.py:87} ERROR - Error while moving ./incloud/Staging/Green_trip_files/green_tripdata_2024-05.parquet: [Errno 13] Permission denied: './incloud/Staging/archive/green_tripdata_2024-05.parquet'
[2024-10-12T12:12:03.834+0000] {Process_data.py:87} ERROR - Error while moving ./incloud/Staging/Green_trip_files/green_tripdata_2024-06.parquet: [Errno 13] Permission denied: './incloud/Staging/archive/green_tripdata_2024-06.parquet'
[2024-10-12T12:12:03.834+0000] {taxi_trip.py:123} INFO - Files archive_green successfully.
[2024-10-12T12:12:03.834+0000] {taxi_trip.py:130} WARNING - No files to archive_yellow.
[2024-10-12T12:12:03.834+0000] {python.py:237} INFO - Done. Returned value was: None
[2024-10-12T12:12:03.835+0000] {taskinstance.py:441} INFO - ::group::Post task execution logs
[2024-10-12T12:12:03.845+0000] {taskinstance.py:1206} INFO - Marking task as SUCCESS. dag_id=Taxi_trip_pipeline, task_id=move_files_to_archive, run_id=scheduled__2024-10-12T11:45:00+00:00, execution_date=20241012T114500, start_date=20241012T121203, end_date=20241012T121203
[2024-10-12T12:12:03.877+0000] {local_task_job_runner.py:240} INFO - Task exited with return code 0
[2024-10-12T12:12:03.908+0000] {taskinstance.py:3498} INFO - 3 downstream tasks scheduled from follow-on schedule check
[2024-10-12T12:12:03.910+0000] {local_task_job_runner.py:222} INFO - ::endgroup::
