[2024-10-12T12:18:32.450+0000] {local_task_job_runner.py:120} INFO - ::group::Pre task execution logs
[2024-10-12T12:18:32.474+0000] {taskinstance.py:2076} INFO - Dependencies all met for dep_context=non-requeueable deps ti=<TaskInstance: Taxi_trip_pipeline.move_files_to_archive scheduled__2024-10-12T11:45:00+00:00 [queued]>
[2024-10-12T12:18:32.483+0000] {taskinstance.py:2076} INFO - Dependencies all met for dep_context=requeueable deps ti=<TaskInstance: Taxi_trip_pipeline.move_files_to_archive scheduled__2024-10-12T11:45:00+00:00 [queued]>
[2024-10-12T12:18:32.483+0000] {taskinstance.py:2306} INFO - Starting attempt 6 of 6
[2024-10-12T12:18:32.496+0000] {taskinstance.py:2330} INFO - Executing <Task(PythonOperator): move_files_to_archive> on 2024-10-12 11:45:00+00:00
[2024-10-12T12:18:32.504+0000] {standard_task_runner.py:63} INFO - Started process 445 to run task
[2024-10-12T12:18:32.506+0000] {standard_task_runner.py:90} INFO - Running: ['***', 'tasks', 'run', 'Taxi_trip_pipeline', 'move_files_to_archive', 'scheduled__2024-10-12T11:45:00+00:00', '--job-id', '48', '--raw', '--subdir', 'DAGS_FOLDER/taxi_trip.py', '--cfg-path', '/tmp/tmped7k7ccb']
[2024-10-12T12:18:32.508+0000] {standard_task_runner.py:91} INFO - Job 48: Subtask move_files_to_archive
[2024-10-12T12:18:32.555+0000] {task_command.py:426} INFO - Running <TaskInstance: Taxi_trip_pipeline.move_files_to_archive scheduled__2024-10-12T11:45:00+00:00 [running]> on host e1ee2fad10db
[2024-10-12T12:18:32.633+0000] {taskinstance.py:2648} INFO - Exporting env vars: AIRFLOW_CTX_DAG_OWNER='Mahmoud' AIRFLOW_CTX_DAG_ID='Taxi_trip_pipeline' AIRFLOW_CTX_TASK_ID='move_files_to_archive' AIRFLOW_CTX_EXECUTION_DATE='2024-10-12T11:45:00+00:00' AIRFLOW_CTX_TRY_NUMBER='6' AIRFLOW_CTX_DAG_RUN_ID='scheduled__2024-10-12T11:45:00+00:00'
[2024-10-12T12:18:32.635+0000] {taskinstance.py:430} INFO - ::endgroup::
[2024-10-12T12:18:32.663+0000] {Process_data.py:87} ERROR - Error while moving ./incloud/Staging/Green_trip_files/green_tripdata_2024-04.parquet: [Errno 13] Permission denied: '/opt/***/incloud/Staging/archive/green_tripdata_2024-04.parquet'
[2024-10-12T12:18:32.664+0000] {Process_data.py:87} ERROR - Error while moving ./incloud/Staging/Green_trip_files/green_tripdata_2024-01.parquet: [Errno 13] Permission denied: '/opt/***/incloud/Staging/archive/green_tripdata_2024-01.parquet'
[2024-10-12T12:18:32.664+0000] {Process_data.py:87} ERROR - Error while moving ./incloud/Staging/Green_trip_files/green_tripdata_2024-03.parquet: [Errno 13] Permission denied: '/opt/***/incloud/Staging/archive/green_tripdata_2024-03.parquet'
[2024-10-12T12:18:32.665+0000] {Process_data.py:87} ERROR - Error while moving ./incloud/Staging/Green_trip_files/green_tripdata_2024-02.parquet: [Errno 13] Permission denied: '/opt/***/incloud/Staging/archive/green_tripdata_2024-02.parquet'
[2024-10-12T12:18:32.665+0000] {Process_data.py:87} ERROR - Error while moving ./incloud/Staging/Green_trip_files/green_tripdata_2024-05.parquet: [Errno 13] Permission denied: '/opt/***/incloud/Staging/archive/green_tripdata_2024-05.parquet'
[2024-10-12T12:18:32.666+0000] {Process_data.py:87} ERROR - Error while moving ./incloud/Staging/Green_trip_files/green_tripdata_2024-06.parquet: [Errno 13] Permission denied: '/opt/***/incloud/Staging/archive/green_tripdata_2024-06.parquet'
[2024-10-12T12:18:32.666+0000] {taxi_trip.py:123} INFO - Files archive_green successfully.
[2024-10-12T12:18:32.666+0000] {taxi_trip.py:130} WARNING - No files to archive_yellow.
[2024-10-12T12:18:32.667+0000] {python.py:237} INFO - Done. Returned value was: None
[2024-10-12T12:18:32.667+0000] {taskinstance.py:441} INFO - ::group::Post task execution logs
[2024-10-12T12:18:32.678+0000] {taskinstance.py:1206} INFO - Marking task as SUCCESS. dag_id=Taxi_trip_pipeline, task_id=move_files_to_archive, run_id=scheduled__2024-10-12T11:45:00+00:00, execution_date=20241012T114500, start_date=20241012T121832, end_date=20241012T121832
[2024-10-12T12:18:32.718+0000] {local_task_job_runner.py:240} INFO - Task exited with return code 0
[2024-10-12T12:18:32.749+0000] {taskinstance.py:3498} INFO - 3 downstream tasks scheduled from follow-on schedule check
[2024-10-12T12:18:32.750+0000] {local_task_job_runner.py:222} INFO - ::endgroup::
