[2024-10-01T13:54:54.636+0000] {local_task_job_runner.py:120} INFO - ::group::Pre task execution logs
[2024-10-01T13:54:54.671+0000] {taskinstance.py:2076} INFO - Dependencies all met for dep_context=non-requeueable deps ti=<TaskInstance: Taxi_trip_pipeline.dbt_staging_layer.dbt_run_zone_lookup manual__2024-10-01T13:50:22.623616+00:00 [queued]>
[2024-10-01T13:54:54.686+0000] {taskinstance.py:2076} INFO - Dependencies all met for dep_context=requeueable deps ti=<TaskInstance: Taxi_trip_pipeline.dbt_staging_layer.dbt_run_zone_lookup manual__2024-10-01T13:50:22.623616+00:00 [queued]>
[2024-10-01T13:54:54.687+0000] {taskinstance.py:2306} INFO - Starting attempt 1 of 1
[2024-10-01T13:54:54.706+0000] {taskinstance.py:2330} INFO - Executing <Task(BashOperator): dbt_staging_layer.dbt_run_zone_lookup> on 2024-10-01 13:50:22.623616+00:00
[2024-10-01T13:54:54.716+0000] {standard_task_runner.py:63} INFO - Started process 1639 to run task
[2024-10-01T13:54:54.719+0000] {standard_task_runner.py:90} INFO - Running: ['***', 'tasks', 'run', 'Taxi_trip_pipeline', 'dbt_staging_layer.dbt_run_zone_lookup', 'manual__2024-10-01T13:50:22.623616+00:00', '--job-id', '255', '--raw', '--subdir', 'DAGS_FOLDER/taxi_trip.py', '--cfg-path', '/tmp/tmpych_nczz']
[2024-10-01T13:54:54.721+0000] {standard_task_runner.py:91} INFO - Job 255: Subtask dbt_staging_layer.dbt_run_zone_lookup
[2024-10-01T13:54:54.776+0000] {task_command.py:426} INFO - Running <TaskInstance: Taxi_trip_pipeline.dbt_staging_layer.dbt_run_zone_lookup manual__2024-10-01T13:50:22.623616+00:00 [running]> on host fcb0f9e87e2b
[2024-10-01T13:54:54.896+0000] {taskinstance.py:2648} INFO - Exporting env vars: AIRFLOW_CTX_DAG_OWNER='Mahmoud' AIRFLOW_CTX_DAG_ID='Taxi_trip_pipeline' AIRFLOW_CTX_TASK_ID='dbt_staging_layer.dbt_run_zone_lookup' AIRFLOW_CTX_EXECUTION_DATE='2024-10-01T13:50:22.623616+00:00' AIRFLOW_CTX_TRY_NUMBER='1' AIRFLOW_CTX_DAG_RUN_ID='manual__2024-10-01T13:50:22.623616+00:00'
[2024-10-01T13:54:54.897+0000] {taskinstance.py:430} INFO - ::endgroup::
[2024-10-01T13:54:54.916+0000] {subprocess.py:63} INFO - Tmp dir root location: /tmp
[2024-10-01T13:54:54.917+0000] {subprocess.py:75} INFO - Running command: ['/usr/bin/bash', '-c', 'dbt run --profiles-dir /opt/***/DBT_Project  --project-dir /opt/***/dbt_trip --models zone_lookup']
[2024-10-01T13:54:54.935+0000] {subprocess.py:86} INFO - Output:
[2024-10-01T13:54:57.900+0000] {subprocess.py:93} INFO - [0m13:54:57  Running with dbt=1.8.0
[2024-10-01T13:54:58.237+0000] {subprocess.py:93} INFO - [0m13:54:58  Registered adapter: postgres=1.8.0
[2024-10-01T13:54:58.570+0000] {subprocess.py:93} INFO - [0m13:54:58  [[33mWARNING[0m]: Configuration paths exist in your dbt_project.yml file which do not apply to any resources.
[2024-10-01T13:54:58.571+0000] {subprocess.py:93} INFO - There are 2 unused configuration paths:
[2024-10-01T13:54:58.571+0000] {subprocess.py:93} INFO - - models.fact_trip.staging
[2024-10-01T13:54:58.571+0000] {subprocess.py:93} INFO - - models.fact_trip.Dimensions
[2024-10-01T13:54:58.817+0000] {subprocess.py:93} INFO - [0m13:54:58  Found 4 models, 6 data tests, 3 sources, 566 macros
[2024-10-01T13:54:58.820+0000] {subprocess.py:93} INFO - [0m13:54:58
[2024-10-01T13:54:58.961+0000] {subprocess.py:93} INFO - [0m13:54:58  Concurrency: 3 threads (target='dev')
[2024-10-01T13:54:58.962+0000] {subprocess.py:93} INFO - [0m13:54:58
[2024-10-01T13:54:58.973+0000] {subprocess.py:93} INFO - [0m13:54:58  1 of 1 START sql view model analysis.zone_lookup ............................... [RUN]
[2024-10-01T13:54:59.138+0000] {subprocess.py:93} INFO - [0m13:54:59  1 of 1 OK created sql view model analysis.zone_lookup .......................... [[32mCREATE VIEW[0m in 0.16s]
[2024-10-01T13:54:59.151+0000] {subprocess.py:93} INFO - [0m13:54:59
[2024-10-01T13:54:59.152+0000] {subprocess.py:93} INFO - [0m13:54:59  Finished running 1 view model in 0 hours 0 minutes and 0.33 seconds (0.33s).
[2024-10-01T13:54:59.202+0000] {subprocess.py:93} INFO - [0m13:54:59
[2024-10-01T13:54:59.203+0000] {subprocess.py:93} INFO - [0m13:54:59  [32mCompleted successfully[0m
[2024-10-01T13:54:59.204+0000] {subprocess.py:93} INFO - [0m13:54:59
[2024-10-01T13:54:59.204+0000] {subprocess.py:93} INFO - [0m13:54:59  Done. PASS=1 WARN=0 ERROR=0 SKIP=0 TOTAL=1
[2024-10-01T13:55:00.928+0000] {subprocess.py:97} INFO - Command exited with return code 0
[2024-10-01T13:55:00.929+0000] {taskinstance.py:441} INFO - ::group::Post task execution logs
[2024-10-01T13:55:00.956+0000] {taskinstance.py:1206} INFO - Marking task as SUCCESS. dag_id=Taxi_trip_pipeline, task_id=dbt_staging_layer.dbt_run_zone_lookup, run_id=manual__2024-10-01T13:50:22.623616+00:00, execution_date=20241001T135022, start_date=20241001T135454, end_date=20241001T135500
[2024-10-01T13:55:00.991+0000] {local_task_job_runner.py:240} INFO - Task exited with return code 0
[2024-10-01T13:55:01.011+0000] {taskinstance.py:3498} INFO - 1 downstream tasks scheduled from follow-on schedule check
[2024-10-01T13:55:01.012+0000] {local_task_job_runner.py:222} INFO - ::endgroup::
