[2024-10-01T10:51:14.370+0000] {local_task_job_runner.py:120} INFO - ::group::Pre task execution logs
[2024-10-01T10:51:14.390+0000] {taskinstance.py:2076} INFO - Dependencies all met for dep_context=non-requeueable deps ti=<TaskInstance: Taxi_trip_pipeline.dbt_run_fact_trip manual__2024-10-01T10:32:20.925791+00:00 [queued]>
[2024-10-01T10:51:14.399+0000] {taskinstance.py:2076} INFO - Dependencies all met for dep_context=requeueable deps ti=<TaskInstance: Taxi_trip_pipeline.dbt_run_fact_trip manual__2024-10-01T10:32:20.925791+00:00 [queued]>
[2024-10-01T10:51:14.400+0000] {taskinstance.py:2306} INFO - Starting attempt 5 of 5
[2024-10-01T10:51:14.411+0000] {taskinstance.py:2330} INFO - Executing <Task(BashOperator): dbt_run_fact_trip> on 2024-10-01 10:32:20.925791+00:00
[2024-10-01T10:51:14.418+0000] {standard_task_runner.py:63} INFO - Started process 835 to run task
[2024-10-01T10:51:14.421+0000] {standard_task_runner.py:90} INFO - Running: ['***', 'tasks', 'run', 'Taxi_trip_pipeline', 'dbt_run_fact_trip', 'manual__2024-10-01T10:32:20.925791+00:00', '--job-id', '184', '--raw', '--subdir', 'DAGS_FOLDER/taxi_trip.py', '--cfg-path', '/tmp/tmpoqa064ns']
[2024-10-01T10:51:14.423+0000] {standard_task_runner.py:91} INFO - Job 184: Subtask dbt_run_fact_trip
[2024-10-01T10:51:14.465+0000] {task_command.py:426} INFO - Running <TaskInstance: Taxi_trip_pipeline.dbt_run_fact_trip manual__2024-10-01T10:32:20.925791+00:00 [running]> on host fcb0f9e87e2b
[2024-10-01T10:51:14.541+0000] {taskinstance.py:2648} INFO - Exporting env vars: AIRFLOW_CTX_DAG_OWNER='Mahmoud' AIRFLOW_CTX_DAG_ID='Taxi_trip_pipeline' AIRFLOW_CTX_TASK_ID='dbt_run_fact_trip' AIRFLOW_CTX_EXECUTION_DATE='2024-10-01T10:32:20.925791+00:00' AIRFLOW_CTX_TRY_NUMBER='5' AIRFLOW_CTX_DAG_RUN_ID='manual__2024-10-01T10:32:20.925791+00:00'
[2024-10-01T10:51:14.542+0000] {taskinstance.py:430} INFO - ::endgroup::
[2024-10-01T10:51:14.553+0000] {subprocess.py:63} INFO - Tmp dir root location: /tmp
[2024-10-01T10:51:14.554+0000] {subprocess.py:75} INFO - Running command: ['/usr/bin/bash', '-c', 'dbt run --profiles-dir /opt/***/DBT_Project  --project-dir /opt/***/dbt_trip --models Fact_trip']
[2024-10-01T10:51:14.567+0000] {subprocess.py:86} INFO - Output:
[2024-10-01T10:51:17.090+0000] {subprocess.py:93} INFO - [0m10:51:17  Running with dbt=1.8.0
[2024-10-01T10:51:17.399+0000] {subprocess.py:93} INFO - [0m10:51:17  Registered adapter: postgres=1.8.0
[2024-10-01T10:51:18.054+0000] {subprocess.py:93} INFO - [0m10:51:18  [[33mWARNING[0m]: Configuration paths exist in your dbt_project.yml file which do not apply to any resources.
[2024-10-01T10:51:18.054+0000] {subprocess.py:93} INFO - There are 2 unused configuration paths:
[2024-10-01T10:51:18.054+0000] {subprocess.py:93} INFO - - models.fact_trip.staging
[2024-10-01T10:51:18.055+0000] {subprocess.py:93} INFO - - models.fact_trip.Dimensions
[2024-10-01T10:51:18.242+0000] {subprocess.py:93} INFO - [0m10:51:18  Found 4 models, 6 data tests, 3 sources, 566 macros
[2024-10-01T10:51:18.244+0000] {subprocess.py:93} INFO - [0m10:51:18
[2024-10-01T10:51:18.367+0000] {subprocess.py:93} INFO - [0m10:51:18  Concurrency: 3 threads (target='dev')
[2024-10-01T10:51:18.368+0000] {subprocess.py:93} INFO - [0m10:51:18
[2024-10-01T10:51:18.377+0000] {subprocess.py:93} INFO - [0m10:51:18  1 of 1 START sql view model analysis.Fact_trip ................................. [RUN]
[2024-10-01T10:51:18.505+0000] {subprocess.py:93} INFO - [0m10:51:18  1 of 1 OK created sql view model analysis.Fact_trip ............................ [[32mCREATE VIEW[0m in 0.12s]
[2024-10-01T10:51:18.517+0000] {subprocess.py:93} INFO - [0m10:51:18
[2024-10-01T10:51:18.518+0000] {subprocess.py:93} INFO - [0m10:51:18  Finished running 1 view model in 0 hours 0 minutes and 0.27 seconds (0.27s).
[2024-10-01T10:51:18.571+0000] {subprocess.py:93} INFO - [0m10:51:18
[2024-10-01T10:51:18.572+0000] {subprocess.py:93} INFO - [0m10:51:18  [32mCompleted successfully[0m
[2024-10-01T10:51:18.573+0000] {subprocess.py:93} INFO - [0m10:51:18
[2024-10-01T10:51:18.573+0000] {subprocess.py:93} INFO - [0m10:51:18  Done. PASS=1 WARN=0 ERROR=0 SKIP=0 TOTAL=1
[2024-10-01T10:51:19.767+0000] {subprocess.py:97} INFO - Command exited with return code 0
[2024-10-01T10:51:19.767+0000] {taskinstance.py:441} INFO - ::group::Post task execution logs
[2024-10-01T10:51:19.792+0000] {taskinstance.py:1206} INFO - Marking task as SUCCESS. dag_id=Taxi_trip_pipeline, task_id=dbt_run_fact_trip, run_id=manual__2024-10-01T10:32:20.925791+00:00, execution_date=20241001T103220, start_date=20241001T105114, end_date=20241001T105119
[2024-10-01T10:51:19.846+0000] {local_task_job_runner.py:240} INFO - Task exited with return code 0
[2024-10-01T10:51:19.862+0000] {taskinstance.py:3498} INFO - 0 downstream tasks scheduled from follow-on schedule check
[2024-10-01T10:51:19.863+0000] {local_task_job_runner.py:222} INFO - ::endgroup::
