[2024-10-01T10:52:50.683+0000] {local_task_job_runner.py:120} INFO - ::group::Pre task execution logs
[2024-10-01T10:52:50.703+0000] {taskinstance.py:2076} INFO - Dependencies all met for dep_context=non-requeueable deps ti=<TaskInstance: Taxi_trip_pipeline.dbt_run_fact_trip manual__2024-10-01T10:32:20.925791+00:00 [queued]>
[2024-10-01T10:52:50.711+0000] {taskinstance.py:2076} INFO - Dependencies all met for dep_context=requeueable deps ti=<TaskInstance: Taxi_trip_pipeline.dbt_run_fact_trip manual__2024-10-01T10:32:20.925791+00:00 [queued]>
[2024-10-01T10:52:50.711+0000] {taskinstance.py:2306} INFO - Starting attempt 6 of 6
[2024-10-01T10:52:50.722+0000] {taskinstance.py:2330} INFO - Executing <Task(BashOperator): dbt_run_fact_trip> on 2024-10-01 10:32:20.925791+00:00
[2024-10-01T10:52:50.730+0000] {standard_task_runner.py:63} INFO - Started process 857 to run task
[2024-10-01T10:52:50.732+0000] {standard_task_runner.py:90} INFO - Running: ['***', 'tasks', 'run', 'Taxi_trip_pipeline', 'dbt_run_fact_trip', 'manual__2024-10-01T10:32:20.925791+00:00', '--job-id', '185', '--raw', '--subdir', 'DAGS_FOLDER/taxi_trip.py', '--cfg-path', '/tmp/tmp2viispvn']
[2024-10-01T10:52:50.734+0000] {standard_task_runner.py:91} INFO - Job 185: Subtask dbt_run_fact_trip
[2024-10-01T10:52:50.776+0000] {task_command.py:426} INFO - Running <TaskInstance: Taxi_trip_pipeline.dbt_run_fact_trip manual__2024-10-01T10:32:20.925791+00:00 [running]> on host fcb0f9e87e2b
[2024-10-01T10:52:50.862+0000] {taskinstance.py:2648} INFO - Exporting env vars: AIRFLOW_CTX_DAG_OWNER='Mahmoud' AIRFLOW_CTX_DAG_ID='Taxi_trip_pipeline' AIRFLOW_CTX_TASK_ID='dbt_run_fact_trip' AIRFLOW_CTX_EXECUTION_DATE='2024-10-01T10:32:20.925791+00:00' AIRFLOW_CTX_TRY_NUMBER='6' AIRFLOW_CTX_DAG_RUN_ID='manual__2024-10-01T10:32:20.925791+00:00'
[2024-10-01T10:52:50.864+0000] {taskinstance.py:430} INFO - ::endgroup::
[2024-10-01T10:52:50.878+0000] {subprocess.py:63} INFO - Tmp dir root location: /tmp
[2024-10-01T10:52:50.879+0000] {subprocess.py:75} INFO - Running command: ['/usr/bin/bash', '-c', 'dbt run --profiles-dir /opt/***/DBT_Project  --project-dir /opt/***/dbt_trip --models Fact_trip']
[2024-10-01T10:52:50.892+0000] {subprocess.py:86} INFO - Output:
[2024-10-01T10:52:53.391+0000] {subprocess.py:93} INFO - [0m10:52:53  Running with dbt=1.8.0
[2024-10-01T10:52:53.700+0000] {subprocess.py:93} INFO - [0m10:52:53  Registered adapter: postgres=1.8.0
[2024-10-01T10:52:54.315+0000] {subprocess.py:93} INFO - [0m10:52:54  [[33mWARNING[0m]: Configuration paths exist in your dbt_project.yml file which do not apply to any resources.
[2024-10-01T10:52:54.316+0000] {subprocess.py:93} INFO - There are 2 unused configuration paths:
[2024-10-01T10:52:54.316+0000] {subprocess.py:93} INFO - - models.fact_trip.staging
[2024-10-01T10:52:54.316+0000] {subprocess.py:93} INFO - - models.fact_trip.Dimensions
[2024-10-01T10:52:54.553+0000] {subprocess.py:93} INFO - [0m10:52:54  Found 4 models, 6 data tests, 3 sources, 566 macros
[2024-10-01T10:52:54.556+0000] {subprocess.py:93} INFO - [0m10:52:54
[2024-10-01T10:52:54.683+0000] {subprocess.py:93} INFO - [0m10:52:54  Concurrency: 3 threads (target='dev')
[2024-10-01T10:52:54.684+0000] {subprocess.py:93} INFO - [0m10:52:54
[2024-10-01T10:52:54.694+0000] {subprocess.py:93} INFO - [0m10:52:54  1 of 1 START sql view model analysis.Fact_trip ................................. [RUN]
[2024-10-01T10:52:54.836+0000] {subprocess.py:93} INFO - [0m10:52:54  1 of 1 OK created sql view model analysis.Fact_trip ............................ [[32mCREATE VIEW[0m in 0.14s]
[2024-10-01T10:52:54.847+0000] {subprocess.py:93} INFO - [0m10:52:54
[2024-10-01T10:52:54.848+0000] {subprocess.py:93} INFO - [0m10:52:54  Finished running 1 view model in 0 hours 0 minutes and 0.29 seconds (0.29s).
[2024-10-01T10:52:54.897+0000] {subprocess.py:93} INFO - [0m10:52:54
[2024-10-01T10:52:54.898+0000] {subprocess.py:93} INFO - [0m10:52:54  [32mCompleted successfully[0m
[2024-10-01T10:52:54.899+0000] {subprocess.py:93} INFO - [0m10:52:54
[2024-10-01T10:52:54.900+0000] {subprocess.py:93} INFO - [0m10:52:54  Done. PASS=1 WARN=0 ERROR=0 SKIP=0 TOTAL=1
[2024-10-01T10:52:55.968+0000] {subprocess.py:97} INFO - Command exited with return code 0
[2024-10-01T10:52:55.969+0000] {taskinstance.py:441} INFO - ::group::Post task execution logs
[2024-10-01T10:52:56.002+0000] {taskinstance.py:1206} INFO - Marking task as SUCCESS. dag_id=Taxi_trip_pipeline, task_id=dbt_run_fact_trip, run_id=manual__2024-10-01T10:32:20.925791+00:00, execution_date=20241001T103220, start_date=20241001T105250, end_date=20241001T105256
[2024-10-01T10:52:56.038+0000] {local_task_job_runner.py:240} INFO - Task exited with return code 0
[2024-10-01T10:52:56.058+0000] {taskinstance.py:3498} INFO - 0 downstream tasks scheduled from follow-on schedule check
[2024-10-01T10:52:56.060+0000] {local_task_job_runner.py:222} INFO - ::endgroup::
