[2024-10-12T08:15:03.553+0000] {local_task_job_runner.py:120} INFO - ::group::Pre task execution logs
[2024-10-12T08:15:03.576+0000] {taskinstance.py:2076} INFO - Dependencies all met for dep_context=non-requeueable deps ti=<TaskInstance: Taxi_trip_pipeline.extraction_layer.extract_green_date scheduled__2024-10-12T08:00:00+00:00 [queued]>
[2024-10-12T08:15:03.632+0000] {taskinstance.py:2076} INFO - Dependencies all met for dep_context=requeueable deps ti=<TaskInstance: Taxi_trip_pipeline.extraction_layer.extract_green_date scheduled__2024-10-12T08:00:00+00:00 [queued]>
[2024-10-12T08:15:03.633+0000] {taskinstance.py:2306} INFO - Starting attempt 1 of 1
[2024-10-12T08:15:03.666+0000] {taskinstance.py:2330} INFO - Executing <Task(PythonOperator): extraction_layer.extract_green_date> on 2024-10-12 08:00:00+00:00
[2024-10-12T08:15:03.674+0000] {standard_task_runner.py:63} INFO - Started process 136 to run task
[2024-10-12T08:15:03.676+0000] {standard_task_runner.py:90} INFO - Running: ['***', 'tasks', 'run', 'Taxi_trip_pipeline', 'extraction_layer.extract_green_date', 'scheduled__2024-10-12T08:00:00+00:00', '--job-id', '435', '--raw', '--subdir', 'DAGS_FOLDER/taxi_trip.py', '--cfg-path', '/tmp/tmpkll3u4p8']
[2024-10-12T08:15:03.678+0000] {standard_task_runner.py:91} INFO - Job 435: Subtask extraction_layer.extract_green_date
[2024-10-12T08:15:03.748+0000] {task_command.py:426} INFO - Running <TaskInstance: Taxi_trip_pipeline.extraction_layer.extract_green_date scheduled__2024-10-12T08:00:00+00:00 [running]> on host 54f793ecdf1a
[2024-10-12T08:15:03.858+0000] {taskinstance.py:2648} INFO - Exporting env vars: AIRFLOW_CTX_DAG_OWNER='Mahmoud' AIRFLOW_CTX_DAG_ID='Taxi_trip_pipeline' AIRFLOW_CTX_TASK_ID='extraction_layer.extract_green_date' AIRFLOW_CTX_EXECUTION_DATE='2024-10-12T08:00:00+00:00' AIRFLOW_CTX_TRY_NUMBER='1' AIRFLOW_CTX_DAG_RUN_ID='scheduled__2024-10-12T08:00:00+00:00'
[2024-10-12T08:15:03.859+0000] {taskinstance.py:430} INFO - ::endgroup::
[2024-10-12T08:15:03.885+0000] {taxi_trip.py:37} INFO - Data extraction for green trip started
[2024-10-12T08:15:03.929+0000] {db_utils.py:16} INFO - Connected to PostgreSQL database successfully
[2024-10-12T08:15:03.930+0000] {Process_data.py:17} INFO - Start transforming Green Trip data...
[2024-10-12T08:15:03.941+0000] {Process_data.py:29} INFO - Processing file green_tripdata_2024-04.parquet...
[2024-10-12T08:15:04.006+0000] {Process_data.py:29} INFO - Processing file green_tripdata_2024-01.parquet...
[2024-10-12T08:15:04.024+0000] {Process_data.py:29} INFO - Processing file green_tripdata_2024-03.parquet...
[2024-10-12T08:15:04.039+0000] {Process_data.py:29} INFO - Processing file green_tripdata_2024-02.parquet...
[2024-10-12T08:15:04.058+0000] {Process_data.py:29} INFO - Processing file green_tripdata_2024-05.parquet...
[2024-10-12T08:15:04.073+0000] {Process_data.py:29} INFO - Processing file green_tripdata_2024-06.parquet...
[2024-10-12T08:15:04.677+0000] {Process_data.py:38} INFO - Green trip dataframe with 339807 rows
[2024-10-12T08:15:04.679+0000] {taxi_trip.py:40} INFO - Data extraction for green trip done
[2024-10-12T08:15:12.870+0000] {taxi_trip.py:45} INFO - Pushed green trip data with 339807 rows to XCom
[2024-10-12T08:15:12.876+0000] {python.py:237} INFO - Done. Returned value was: None
[2024-10-12T08:15:12.877+0000] {taskinstance.py:441} INFO - ::group::Post task execution logs
[2024-10-12T08:15:12.888+0000] {taskinstance.py:1206} INFO - Marking task as SUCCESS. dag_id=Taxi_trip_pipeline, task_id=extraction_layer.extract_green_date, run_id=scheduled__2024-10-12T08:00:00+00:00, execution_date=20241012T080000, start_date=20241012T081503, end_date=20241012T081512
[2024-10-12T08:15:13.081+0000] {local_task_job_runner.py:240} INFO - Task exited with return code 0
[2024-10-12T08:15:13.109+0000] {taskinstance.py:3498} INFO - 1 downstream tasks scheduled from follow-on schedule check
[2024-10-12T08:15:13.235+0000] {local_task_job_runner.py:222} INFO - ::endgroup::
