[2024-09-21T18:08:49.181+0000] {processor.py:161} INFO - Started process (PID=22) to work on /opt/airflow/dags/taxi_trip.py
[2024-09-21T18:08:49.182+0000] {processor.py:830} INFO - Processing file /opt/airflow/dags/taxi_trip.py for tasks to queue
[2024-09-21T18:08:49.184+0000] {logging_mixin.py:188} INFO - [2024-09-21T18:08:49.184+0000] {dagbag.py:545} INFO - Filling up the DagBag from /opt/airflow/dags/taxi_trip.py
[2024-09-21T18:08:50.004+0000] {logging_mixin.py:188} INFO - [2024-09-21T18:08:50.003+0000] {dagbag.py:355} ERROR - Failed to import: /opt/airflow/dags/taxi_trip.py
Traceback (most recent call last):
  File "/home/airflow/.local/lib/python3.9/site-packages/airflow/models/dagbag.py", line 351, in parse
    loader.exec_module(new_module)
  File "<frozen importlib._bootstrap_external>", line 850, in exec_module
  File "<frozen importlib._bootstrap>", line 228, in _call_with_frames_removed
  File "/opt/airflow/dags/taxi_trip.py", line 78, in <module>
    with TaskGroup('extraction_group') as extraction_group:
  File "/home/airflow/.local/lib/python3.9/site-packages/airflow/utils/task_group.py", line 124, in __init__
    raise AirflowException("TaskGroup can only be used inside a dag")
airflow.exceptions.AirflowException: TaskGroup can only be used inside a dag
[2024-09-21T18:08:50.005+0000] {processor.py:842} WARNING - No viable dags retrieved from /opt/airflow/dags/taxi_trip.py
[2024-09-21T18:08:50.024+0000] {processor.py:183} INFO - Processing /opt/airflow/dags/taxi_trip.py took 0.852 seconds
[2024-09-21T18:09:20.249+0000] {processor.py:161} INFO - Started process (PID=31) to work on /opt/airflow/dags/taxi_trip.py
[2024-09-21T18:09:20.250+0000] {processor.py:830} INFO - Processing file /opt/airflow/dags/taxi_trip.py for tasks to queue
[2024-09-21T18:09:20.252+0000] {logging_mixin.py:188} INFO - [2024-09-21T18:09:20.252+0000] {dagbag.py:545} INFO - Filling up the DagBag from /opt/airflow/dags/taxi_trip.py
[2024-09-21T18:09:20.931+0000] {logging_mixin.py:188} INFO - [2024-09-21T18:09:20.928+0000] {dagbag.py:355} ERROR - Failed to import: /opt/airflow/dags/taxi_trip.py
Traceback (most recent call last):
  File "/home/airflow/.local/lib/python3.9/site-packages/airflow/models/dagbag.py", line 351, in parse
    loader.exec_module(new_module)
  File "<frozen importlib._bootstrap_external>", line 850, in exec_module
  File "<frozen importlib._bootstrap>", line 228, in _call_with_frames_removed
  File "/opt/airflow/dags/taxi_trip.py", line 78, in <module>
    with TaskGroup('extraction_group') as extraction_group:
  File "/home/airflow/.local/lib/python3.9/site-packages/airflow/utils/task_group.py", line 124, in __init__
    raise AirflowException("TaskGroup can only be used inside a dag")
airflow.exceptions.AirflowException: TaskGroup can only be used inside a dag
[2024-09-21T18:09:20.931+0000] {processor.py:842} WARNING - No viable dags retrieved from /opt/airflow/dags/taxi_trip.py
[2024-09-21T18:09:20.945+0000] {processor.py:183} INFO - Processing /opt/airflow/dags/taxi_trip.py took 0.703 seconds
[2024-09-21T18:09:51.153+0000] {processor.py:161} INFO - Started process (PID=40) to work on /opt/airflow/dags/taxi_trip.py
[2024-09-21T18:09:51.154+0000] {processor.py:830} INFO - Processing file /opt/airflow/dags/taxi_trip.py for tasks to queue
[2024-09-21T18:09:51.156+0000] {logging_mixin.py:188} INFO - [2024-09-21T18:09:51.155+0000] {dagbag.py:545} INFO - Filling up the DagBag from /opt/airflow/dags/taxi_trip.py
[2024-09-21T18:09:51.600+0000] {logging_mixin.py:188} INFO - [2024-09-21T18:09:51.599+0000] {dagbag.py:355} ERROR - Failed to import: /opt/airflow/dags/taxi_trip.py
Traceback (most recent call last):
  File "/home/airflow/.local/lib/python3.9/site-packages/airflow/models/dagbag.py", line 351, in parse
    loader.exec_module(new_module)
  File "<frozen importlib._bootstrap_external>", line 850, in exec_module
  File "<frozen importlib._bootstrap>", line 228, in _call_with_frames_removed
  File "/opt/airflow/dags/taxi_trip.py", line 78, in <module>
    with TaskGroup('extraction_group') as extraction_group:
  File "/home/airflow/.local/lib/python3.9/site-packages/airflow/utils/task_group.py", line 124, in __init__
    raise AirflowException("TaskGroup can only be used inside a dag")
airflow.exceptions.AirflowException: TaskGroup can only be used inside a dag
[2024-09-21T18:09:51.601+0000] {processor.py:842} WARNING - No viable dags retrieved from /opt/airflow/dags/taxi_trip.py
[2024-09-21T18:09:51.615+0000] {processor.py:183} INFO - Processing /opt/airflow/dags/taxi_trip.py took 0.467 seconds
[2024-09-21T18:09:56.679+0000] {processor.py:161} INFO - Started process (PID=49) to work on /opt/airflow/dags/taxi_trip.py
[2024-09-21T18:09:56.680+0000] {processor.py:830} INFO - Processing file /opt/airflow/dags/taxi_trip.py for tasks to queue
[2024-09-21T18:09:56.682+0000] {logging_mixin.py:188} INFO - [2024-09-21T18:09:56.682+0000] {dagbag.py:545} INFO - Filling up the DagBag from /opt/airflow/dags/taxi_trip.py
[2024-09-21T18:09:57.185+0000] {logging_mixin.py:188} INFO - [2024-09-21T18:09:57.184+0000] {dagbag.py:355} ERROR - Failed to import: /opt/airflow/dags/taxi_trip.py
Traceback (most recent call last):
  File "/home/airflow/.local/lib/python3.9/site-packages/airflow/models/dagbag.py", line 351, in parse
    loader.exec_module(new_module)
  File "<frozen importlib._bootstrap_external>", line 850, in exec_module
  File "<frozen importlib._bootstrap>", line 228, in _call_with_frames_removed
  File "/opt/airflow/dags/taxi_trip.py", line 78, in <module>
    with TaskGroup('extraction_group') as extraction_group:
  File "/home/airflow/.local/lib/python3.9/site-packages/airflow/utils/task_group.py", line 124, in __init__
    raise AirflowException("TaskGroup can only be used inside a dag")
airflow.exceptions.AirflowException: TaskGroup can only be used inside a dag
[2024-09-21T18:09:57.185+0000] {processor.py:842} WARNING - No viable dags retrieved from /opt/airflow/dags/taxi_trip.py
[2024-09-21T18:09:57.201+0000] {processor.py:183} INFO - Processing /opt/airflow/dags/taxi_trip.py took 0.527 seconds
[2024-09-21T18:10:27.366+0000] {processor.py:161} INFO - Started process (PID=58) to work on /opt/airflow/dags/taxi_trip.py
[2024-09-21T18:10:27.367+0000] {processor.py:830} INFO - Processing file /opt/airflow/dags/taxi_trip.py for tasks to queue
[2024-09-21T18:10:27.369+0000] {logging_mixin.py:188} INFO - [2024-09-21T18:10:27.369+0000] {dagbag.py:545} INFO - Filling up the DagBag from /opt/airflow/dags/taxi_trip.py
[2024-09-21T18:10:27.839+0000] {logging_mixin.py:188} INFO - [2024-09-21T18:10:27.839+0000] {dagbag.py:355} ERROR - Failed to import: /opt/airflow/dags/taxi_trip.py
Traceback (most recent call last):
  File "/home/airflow/.local/lib/python3.9/site-packages/airflow/models/dagbag.py", line 351, in parse
    loader.exec_module(new_module)
  File "<frozen importlib._bootstrap_external>", line 850, in exec_module
  File "<frozen importlib._bootstrap>", line 228, in _call_with_frames_removed
  File "/opt/airflow/dags/taxi_trip.py", line 78, in <module>
    with TaskGroup('extraction_group') as extraction_group:
  File "/home/airflow/.local/lib/python3.9/site-packages/airflow/utils/task_group.py", line 124, in __init__
    raise AirflowException("TaskGroup can only be used inside a dag")
airflow.exceptions.AirflowException: TaskGroup can only be used inside a dag
[2024-09-21T18:10:27.840+0000] {processor.py:842} WARNING - No viable dags retrieved from /opt/airflow/dags/taxi_trip.py
[2024-09-21T18:10:27.853+0000] {processor.py:183} INFO - Processing /opt/airflow/dags/taxi_trip.py took 0.491 seconds
[2024-09-21T18:10:57.973+0000] {processor.py:161} INFO - Started process (PID=67) to work on /opt/airflow/dags/taxi_trip.py
[2024-09-21T18:10:57.974+0000] {processor.py:830} INFO - Processing file /opt/airflow/dags/taxi_trip.py for tasks to queue
[2024-09-21T18:10:57.976+0000] {logging_mixin.py:188} INFO - [2024-09-21T18:10:57.975+0000] {dagbag.py:545} INFO - Filling up the DagBag from /opt/airflow/dags/taxi_trip.py
[2024-09-21T18:10:58.462+0000] {logging_mixin.py:188} INFO - [2024-09-21T18:10:58.461+0000] {dagbag.py:355} ERROR - Failed to import: /opt/airflow/dags/taxi_trip.py
Traceback (most recent call last):
  File "/home/airflow/.local/lib/python3.9/site-packages/airflow/models/dagbag.py", line 351, in parse
    loader.exec_module(new_module)
  File "<frozen importlib._bootstrap_external>", line 850, in exec_module
  File "<frozen importlib._bootstrap>", line 228, in _call_with_frames_removed
  File "/opt/airflow/dags/taxi_trip.py", line 78, in <module>
    with TaskGroup('extraction_group') as extraction_group:
  File "/home/airflow/.local/lib/python3.9/site-packages/airflow/utils/task_group.py", line 124, in __init__
    raise AirflowException("TaskGroup can only be used inside a dag")
airflow.exceptions.AirflowException: TaskGroup can only be used inside a dag
[2024-09-21T18:10:58.463+0000] {processor.py:842} WARNING - No viable dags retrieved from /opt/airflow/dags/taxi_trip.py
[2024-09-21T18:10:58.477+0000] {processor.py:183} INFO - Processing /opt/airflow/dags/taxi_trip.py took 0.510 seconds
[2024-09-21T18:11:27.131+0000] {processor.py:161} INFO - Started process (PID=76) to work on /opt/airflow/dags/taxi_trip.py
[2024-09-21T18:11:27.133+0000] {processor.py:830} INFO - Processing file /opt/airflow/dags/taxi_trip.py for tasks to queue
[2024-09-21T18:11:27.134+0000] {logging_mixin.py:188} INFO - [2024-09-21T18:11:27.134+0000] {dagbag.py:545} INFO - Filling up the DagBag from /opt/airflow/dags/taxi_trip.py
[2024-09-21T18:11:27.674+0000] {processor.py:840} INFO - DAG(s) 'Taxi_trip_pipeline' retrieved from /opt/airflow/dags/taxi_trip.py
[2024-09-21T18:11:27.873+0000] {logging_mixin.py:188} INFO - [2024-09-21T18:11:27.872+0000] {override.py:1900} INFO - Created Permission View: can read on DAG:Taxi_trip_pipeline
[2024-09-21T18:11:27.882+0000] {logging_mixin.py:188} INFO - [2024-09-21T18:11:27.881+0000] {override.py:1900} INFO - Created Permission View: can edit on DAG:Taxi_trip_pipeline
[2024-09-21T18:11:27.887+0000] {logging_mixin.py:188} INFO - [2024-09-21T18:11:27.887+0000] {override.py:1900} INFO - Created Permission View: can delete on DAG:Taxi_trip_pipeline
[2024-09-21T18:11:27.888+0000] {logging_mixin.py:188} INFO - [2024-09-21T18:11:27.887+0000] {dag.py:3096} INFO - Sync 1 DAGs
[2024-09-21T18:11:27.901+0000] {logging_mixin.py:188} INFO - [2024-09-21T18:11:27.900+0000] {dag.py:3118} INFO - Creating ORM DAG for Taxi_trip_pipeline
[2024-09-21T18:11:27.922+0000] {logging_mixin.py:188} INFO - [2024-09-21T18:11:27.922+0000] {dag.py:3954} INFO - Setting next_dagrun for Taxi_trip_pipeline to 2024-09-20T00:00:00+00:00, run_after=2024-09-21T00:00:00+00:00
[2024-09-21T18:11:27.947+0000] {processor.py:183} INFO - Processing /opt/airflow/dags/taxi_trip.py took 0.823 seconds
[2024-09-21T18:11:58.111+0000] {processor.py:161} INFO - Started process (PID=85) to work on /opt/airflow/dags/taxi_trip.py
[2024-09-21T18:11:58.112+0000] {processor.py:830} INFO - Processing file /opt/airflow/dags/taxi_trip.py for tasks to queue
[2024-09-21T18:11:58.114+0000] {logging_mixin.py:188} INFO - [2024-09-21T18:11:58.114+0000] {dagbag.py:545} INFO - Filling up the DagBag from /opt/airflow/dags/taxi_trip.py
[2024-09-21T18:11:58.602+0000] {processor.py:840} INFO - DAG(s) 'Taxi_trip_pipeline' retrieved from /opt/airflow/dags/taxi_trip.py
[2024-09-21T18:11:58.623+0000] {logging_mixin.py:188} INFO - [2024-09-21T18:11:58.623+0000] {dag.py:3096} INFO - Sync 1 DAGs
[2024-09-21T18:11:58.645+0000] {logging_mixin.py:188} INFO - [2024-09-21T18:11:58.644+0000] {dag.py:3954} INFO - Setting next_dagrun for Taxi_trip_pipeline to 2024-09-20T00:00:00+00:00, run_after=2024-09-21T00:00:00+00:00
[2024-09-21T18:11:58.659+0000] {processor.py:183} INFO - Processing /opt/airflow/dags/taxi_trip.py took 0.555 seconds
[2024-09-21T18:12:27.854+0000] {processor.py:161} INFO - Started process (PID=94) to work on /opt/airflow/dags/taxi_trip.py
[2024-09-21T18:12:27.857+0000] {processor.py:830} INFO - Processing file /opt/airflow/dags/taxi_trip.py for tasks to queue
[2024-09-21T18:12:27.859+0000] {logging_mixin.py:188} INFO - [2024-09-21T18:12:27.859+0000] {dagbag.py:545} INFO - Filling up the DagBag from /opt/airflow/dags/taxi_trip.py
[2024-09-21T18:12:28.408+0000] {processor.py:840} INFO - DAG(s) 'Taxi_trip_pipeline' retrieved from /opt/airflow/dags/taxi_trip.py
[2024-09-21T18:12:28.442+0000] {logging_mixin.py:188} INFO - [2024-09-21T18:12:28.441+0000] {dag.py:3096} INFO - Sync 1 DAGs
[2024-09-21T18:12:28.470+0000] {logging_mixin.py:188} INFO - [2024-09-21T18:12:28.470+0000] {dag.py:3954} INFO - Setting next_dagrun for Taxi_trip_pipeline to 2024-09-20T00:00:00+00:00, run_after=2024-09-21T00:00:00+00:00
[2024-09-21T18:12:28.539+0000] {processor.py:183} INFO - Processing /opt/airflow/dags/taxi_trip.py took 0.694 seconds
[2024-09-21T18:12:58.758+0000] {processor.py:161} INFO - Started process (PID=117) to work on /opt/airflow/dags/taxi_trip.py
[2024-09-21T18:12:58.760+0000] {processor.py:830} INFO - Processing file /opt/airflow/dags/taxi_trip.py for tasks to queue
[2024-09-21T18:12:58.795+0000] {logging_mixin.py:188} INFO - [2024-09-21T18:12:58.793+0000] {dagbag.py:545} INFO - Filling up the DagBag from /opt/airflow/dags/taxi_trip.py
[2024-09-21T18:13:00.361+0000] {processor.py:840} INFO - DAG(s) 'Taxi_trip_pipeline' retrieved from /opt/airflow/dags/taxi_trip.py
[2024-09-21T18:13:00.387+0000] {logging_mixin.py:188} INFO - [2024-09-21T18:13:00.386+0000] {dag.py:3096} INFO - Sync 1 DAGs
[2024-09-21T18:13:00.409+0000] {logging_mixin.py:188} INFO - [2024-09-21T18:13:00.409+0000] {dag.py:3954} INFO - Setting next_dagrun for Taxi_trip_pipeline to 2024-09-21T00:00:00+00:00, run_after=2024-09-22T00:00:00+00:00
[2024-09-21T18:13:00.424+0000] {processor.py:183} INFO - Processing /opt/airflow/dags/taxi_trip.py took 1.693 seconds
[2024-09-21T18:13:30.546+0000] {processor.py:161} INFO - Started process (PID=126) to work on /opt/airflow/dags/taxi_trip.py
[2024-09-21T18:13:30.547+0000] {processor.py:830} INFO - Processing file /opt/airflow/dags/taxi_trip.py for tasks to queue
[2024-09-21T18:13:30.549+0000] {logging_mixin.py:188} INFO - [2024-09-21T18:13:30.549+0000] {dagbag.py:545} INFO - Filling up the DagBag from /opt/airflow/dags/taxi_trip.py
[2024-09-21T18:13:31.030+0000] {processor.py:840} INFO - DAG(s) 'Taxi_trip_pipeline' retrieved from /opt/airflow/dags/taxi_trip.py
[2024-09-21T18:13:31.051+0000] {logging_mixin.py:188} INFO - [2024-09-21T18:13:31.050+0000] {dag.py:3096} INFO - Sync 1 DAGs
[2024-09-21T18:13:31.070+0000] {logging_mixin.py:188} INFO - [2024-09-21T18:13:31.070+0000] {dag.py:3954} INFO - Setting next_dagrun for Taxi_trip_pipeline to 2024-09-21T00:00:00+00:00, run_after=2024-09-22T00:00:00+00:00
[2024-09-21T18:13:31.084+0000] {processor.py:183} INFO - Processing /opt/airflow/dags/taxi_trip.py took 0.544 seconds
[2024-09-21T18:14:01.274+0000] {processor.py:161} INFO - Started process (PID=135) to work on /opt/airflow/dags/taxi_trip.py
[2024-09-21T18:14:01.275+0000] {processor.py:830} INFO - Processing file /opt/airflow/dags/taxi_trip.py for tasks to queue
[2024-09-21T18:14:01.277+0000] {logging_mixin.py:188} INFO - [2024-09-21T18:14:01.277+0000] {dagbag.py:545} INFO - Filling up the DagBag from /opt/airflow/dags/taxi_trip.py
[2024-09-21T18:14:01.759+0000] {processor.py:840} INFO - DAG(s) 'Taxi_trip_pipeline' retrieved from /opt/airflow/dags/taxi_trip.py
[2024-09-21T18:14:01.780+0000] {logging_mixin.py:188} INFO - [2024-09-21T18:14:01.780+0000] {dag.py:3096} INFO - Sync 1 DAGs
[2024-09-21T18:14:01.802+0000] {logging_mixin.py:188} INFO - [2024-09-21T18:14:01.801+0000] {dag.py:3954} INFO - Setting next_dagrun for Taxi_trip_pipeline to 2024-09-21T00:00:00+00:00, run_after=2024-09-22T00:00:00+00:00
[2024-09-21T18:14:01.817+0000] {processor.py:183} INFO - Processing /opt/airflow/dags/taxi_trip.py took 0.548 seconds
[2024-09-21T18:14:31.882+0000] {processor.py:161} INFO - Started process (PID=144) to work on /opt/airflow/dags/taxi_trip.py
[2024-09-21T18:14:31.883+0000] {processor.py:830} INFO - Processing file /opt/airflow/dags/taxi_trip.py for tasks to queue
[2024-09-21T18:14:31.885+0000] {logging_mixin.py:188} INFO - [2024-09-21T18:14:31.885+0000] {dagbag.py:545} INFO - Filling up the DagBag from /opt/airflow/dags/taxi_trip.py
[2024-09-21T18:14:32.535+0000] {processor.py:840} INFO - DAG(s) 'Taxi_trip_pipeline' retrieved from /opt/airflow/dags/taxi_trip.py
[2024-09-21T18:14:32.561+0000] {logging_mixin.py:188} INFO - [2024-09-21T18:14:32.560+0000] {dag.py:3096} INFO - Sync 1 DAGs
[2024-09-21T18:14:32.589+0000] {logging_mixin.py:188} INFO - [2024-09-21T18:14:32.589+0000] {dag.py:3954} INFO - Setting next_dagrun for Taxi_trip_pipeline to 2024-09-21T00:00:00+00:00, run_after=2024-09-22T00:00:00+00:00
[2024-09-21T18:14:32.620+0000] {processor.py:183} INFO - Processing /opt/airflow/dags/taxi_trip.py took 0.745 seconds
[2024-09-21T18:15:02.797+0000] {processor.py:161} INFO - Started process (PID=162) to work on /opt/airflow/dags/taxi_trip.py
[2024-09-21T18:15:02.798+0000] {processor.py:830} INFO - Processing file /opt/airflow/dags/taxi_trip.py for tasks to queue
[2024-09-21T18:15:02.800+0000] {logging_mixin.py:188} INFO - [2024-09-21T18:15:02.799+0000] {dagbag.py:545} INFO - Filling up the DagBag from /opt/airflow/dags/taxi_trip.py
[2024-09-21T18:15:03.334+0000] {processor.py:840} INFO - DAG(s) 'Taxi_trip_pipeline' retrieved from /opt/airflow/dags/taxi_trip.py
[2024-09-21T18:15:03.358+0000] {logging_mixin.py:188} INFO - [2024-09-21T18:15:03.358+0000] {dag.py:3096} INFO - Sync 1 DAGs
[2024-09-21T18:15:03.384+0000] {logging_mixin.py:188} INFO - [2024-09-21T18:15:03.383+0000] {dag.py:3954} INFO - Setting next_dagrun for Taxi_trip_pipeline to 2024-09-21T00:00:00+00:00, run_after=2024-09-22T00:00:00+00:00
[2024-09-21T18:15:03.406+0000] {processor.py:183} INFO - Processing /opt/airflow/dags/taxi_trip.py took 0.616 seconds
[2024-09-21T18:15:33.545+0000] {processor.py:161} INFO - Started process (PID=171) to work on /opt/airflow/dags/taxi_trip.py
[2024-09-21T18:15:33.546+0000] {processor.py:830} INFO - Processing file /opt/airflow/dags/taxi_trip.py for tasks to queue
[2024-09-21T18:15:33.548+0000] {logging_mixin.py:188} INFO - [2024-09-21T18:15:33.548+0000] {dagbag.py:545} INFO - Filling up the DagBag from /opt/airflow/dags/taxi_trip.py
[2024-09-21T18:15:34.016+0000] {processor.py:840} INFO - DAG(s) 'Taxi_trip_pipeline' retrieved from /opt/airflow/dags/taxi_trip.py
[2024-09-21T18:15:34.035+0000] {logging_mixin.py:188} INFO - [2024-09-21T18:15:34.035+0000] {dag.py:3096} INFO - Sync 1 DAGs
[2024-09-21T18:15:34.053+0000] {logging_mixin.py:188} INFO - [2024-09-21T18:15:34.053+0000] {dag.py:3954} INFO - Setting next_dagrun for Taxi_trip_pipeline to 2024-09-21T00:00:00+00:00, run_after=2024-09-22T00:00:00+00:00
[2024-09-21T18:15:34.066+0000] {processor.py:183} INFO - Processing /opt/airflow/dags/taxi_trip.py took 0.526 seconds
[2024-09-21T18:16:04.252+0000] {processor.py:161} INFO - Started process (PID=180) to work on /opt/airflow/dags/taxi_trip.py
[2024-09-21T18:16:04.253+0000] {processor.py:830} INFO - Processing file /opt/airflow/dags/taxi_trip.py for tasks to queue
[2024-09-21T18:16:04.255+0000] {logging_mixin.py:188} INFO - [2024-09-21T18:16:04.255+0000] {dagbag.py:545} INFO - Filling up the DagBag from /opt/airflow/dags/taxi_trip.py
[2024-09-21T18:16:04.719+0000] {processor.py:840} INFO - DAG(s) 'Taxi_trip_pipeline' retrieved from /opt/airflow/dags/taxi_trip.py
[2024-09-21T18:16:04.739+0000] {logging_mixin.py:188} INFO - [2024-09-21T18:16:04.738+0000] {dag.py:3096} INFO - Sync 1 DAGs
[2024-09-21T18:16:04.757+0000] {logging_mixin.py:188} INFO - [2024-09-21T18:16:04.757+0000] {dag.py:3954} INFO - Setting next_dagrun for Taxi_trip_pipeline to 2024-09-21T00:00:00+00:00, run_after=2024-09-22T00:00:00+00:00
[2024-09-21T18:16:04.772+0000] {processor.py:183} INFO - Processing /opt/airflow/dags/taxi_trip.py took 0.525 seconds
