[2024-10-12T10:15:15.003+0000] {local_task_job_runner.py:120} INFO - ::group::Pre task execution logs
[2024-10-12T10:15:15.022+0000] {taskinstance.py:2076} INFO - Dependencies all met for dep_context=non-requeueable deps ti=<TaskInstance: Taxi_trip_pipeline.dbt_run_model_fact_trip scheduled__2024-10-12T10:00:00+00:00 [queued]>
[2024-10-12T10:15:15.030+0000] {taskinstance.py:2076} INFO - Dependencies all met for dep_context=requeueable deps ti=<TaskInstance: Taxi_trip_pipeline.dbt_run_model_fact_trip scheduled__2024-10-12T10:00:00+00:00 [queued]>
[2024-10-12T10:15:15.031+0000] {taskinstance.py:2306} INFO - Starting attempt 1 of 1
[2024-10-12T10:15:15.042+0000] {taskinstance.py:2330} INFO - Executing <Task(BashOperator): dbt_run_model_fact_trip> on 2024-10-12 10:00:00+00:00
[2024-10-12T10:15:15.050+0000] {standard_task_runner.py:63} INFO - Started process 706 to run task
[2024-10-12T10:15:15.053+0000] {standard_task_runner.py:90} INFO - Running: ['***', 'tasks', 'run', 'Taxi_trip_pipeline', 'dbt_run_model_fact_trip', 'scheduled__2024-10-12T10:00:00+00:00', '--job-id', '611', '--raw', '--subdir', 'DAGS_FOLDER/taxi_trip.py', '--cfg-path', '/tmp/tmplvlzyjnq']
[2024-10-12T10:15:15.055+0000] {standard_task_runner.py:91} INFO - Job 611: Subtask dbt_run_model_fact_trip
[2024-10-12T10:15:15.097+0000] {task_command.py:426} INFO - Running <TaskInstance: Taxi_trip_pipeline.dbt_run_model_fact_trip scheduled__2024-10-12T10:00:00+00:00 [running]> on host cb13d84d2d77
[2024-10-12T10:15:15.183+0000] {taskinstance.py:2648} INFO - Exporting env vars: AIRFLOW_CTX_DAG_OWNER='Mahmoud' AIRFLOW_CTX_DAG_ID='Taxi_trip_pipeline' AIRFLOW_CTX_TASK_ID='dbt_run_model_fact_trip' AIRFLOW_CTX_EXECUTION_DATE='2024-10-12T10:00:00+00:00' AIRFLOW_CTX_TRY_NUMBER='1' AIRFLOW_CTX_DAG_RUN_ID='scheduled__2024-10-12T10:00:00+00:00'
[2024-10-12T10:15:15.184+0000] {taskinstance.py:430} INFO - ::endgroup::
[2024-10-12T10:15:15.196+0000] {subprocess.py:63} INFO - Tmp dir root location: /tmp
[2024-10-12T10:15:15.197+0000] {subprocess.py:75} INFO - Running command: ['/usr/bin/bash', '-c', 'dbt run --profiles-dir /opt/***/DBT_Project  --project-dir /opt/***/dbt_trip --models Fact_trips']
[2024-10-12T10:15:15.212+0000] {subprocess.py:86} INFO - Output:
[2024-10-12T10:15:17.660+0000] {subprocess.py:93} INFO - [0m10:15:17  Running with dbt=1.8.0
[2024-10-12T10:15:17.956+0000] {subprocess.py:93} INFO - [0m10:15:17  Registered adapter: postgres=1.8.0
[2024-10-12T10:15:18.279+0000] {subprocess.py:93} INFO - [0m10:15:18  [[33mWARNING[0m]: Configuration paths exist in your dbt_project.yml file which do not apply to any resources.
[2024-10-12T10:15:18.279+0000] {subprocess.py:93} INFO - There are 2 unused configuration paths:
[2024-10-12T10:15:18.280+0000] {subprocess.py:93} INFO - - models.fact_trip.staging
[2024-10-12T10:15:18.280+0000] {subprocess.py:93} INFO - - models.fact_trip.Dimensions
[2024-10-12T10:15:18.507+0000] {subprocess.py:93} INFO - [0m10:15:18  Found 4 models, 6 data tests, 3 sources, 566 macros
[2024-10-12T10:15:18.509+0000] {subprocess.py:93} INFO - [0m10:15:18
[2024-10-12T10:15:18.636+0000] {subprocess.py:93} INFO - [0m10:15:18  Concurrency: 3 threads (target='dev')
[2024-10-12T10:15:18.637+0000] {subprocess.py:93} INFO - [0m10:15:18
[2024-10-12T10:15:18.647+0000] {subprocess.py:93} INFO - [0m10:15:18  1 of 1 START sql view model analysis.Fact_trips ................................ [RUN]
[2024-10-12T10:15:18.778+0000] {subprocess.py:93} INFO - [0m10:15:18  1 of 1 OK created sql view model analysis.Fact_trips ........................... [[32mCREATE VIEW[0m in 0.13s]
[2024-10-12T10:15:18.791+0000] {subprocess.py:93} INFO - [0m10:15:18
[2024-10-12T10:15:18.791+0000] {subprocess.py:93} INFO - [0m10:15:18  Finished running 1 view model in 0 hours 0 minutes and 0.28 seconds (0.28s).
[2024-10-12T10:15:18.850+0000] {subprocess.py:93} INFO - [0m10:15:18
[2024-10-12T10:15:18.851+0000] {subprocess.py:93} INFO - [0m10:15:18  [32mCompleted successfully[0m
[2024-10-12T10:15:18.851+0000] {subprocess.py:93} INFO - [0m10:15:18
[2024-10-12T10:15:18.852+0000] {subprocess.py:93} INFO - [0m10:15:18  Done. PASS=1 WARN=0 ERROR=0 SKIP=0 TOTAL=1
[2024-10-12T10:15:24.825+0000] {subprocess.py:97} INFO - Command exited with return code 0
[2024-10-12T10:15:24.826+0000] {taskinstance.py:441} INFO - ::group::Post task execution logs
[2024-10-12T10:15:24.851+0000] {taskinstance.py:1206} INFO - Marking task as SUCCESS. dag_id=Taxi_trip_pipeline, task_id=dbt_run_model_fact_trip, run_id=scheduled__2024-10-12T10:00:00+00:00, execution_date=20241012T100000, start_date=20241012T101515, end_date=20241012T101524
[2024-10-12T10:15:24.898+0000] {local_task_job_runner.py:240} INFO - Task exited with return code 0
[2024-10-12T10:15:24.913+0000] {taskinstance.py:3498} INFO - 0 downstream tasks scheduled from follow-on schedule check
[2024-10-12T10:15:24.914+0000] {local_task_job_runner.py:222} INFO - ::endgroup::
