[2024-09-27T20:37:07.900+0000] {local_task_job_runner.py:120} INFO - ::group::Pre task execution logs
[2024-09-27T20:37:07.921+0000] {taskinstance.py:2076} INFO - Dependencies all met for dep_context=non-requeueable deps ti=<TaskInstance: Taxi_trip_pipeline.extraction_layer.extract_green_date manual__2024-09-27T20:28:31.410767+00:00 [queued]>
[2024-09-27T20:37:07.931+0000] {taskinstance.py:2076} INFO - Dependencies all met for dep_context=requeueable deps ti=<TaskInstance: Taxi_trip_pipeline.extraction_layer.extract_green_date manual__2024-09-27T20:28:31.410767+00:00 [queued]>
[2024-09-27T20:37:07.931+0000] {taskinstance.py:2306} INFO - Starting attempt 4 of 4
[2024-09-27T20:37:07.943+0000] {taskinstance.py:2330} INFO - Executing <Task(PythonOperator): extraction_layer.extract_green_date> on 2024-09-27 20:28:31.410767+00:00
[2024-09-27T20:37:07.949+0000] {standard_task_runner.py:63} INFO - Started process 148 to run task
[2024-09-27T20:37:07.951+0000] {standard_task_runner.py:90} INFO - Running: ['***', 'tasks', 'run', 'Taxi_trip_pipeline', 'extraction_layer.extract_green_date', 'manual__2024-09-27T20:28:31.410767+00:00', '--job-id', '187', '--raw', '--subdir', 'DAGS_FOLDER/taxi_trip.py', '--cfg-path', '/tmp/tmphmvfx8zb']
[2024-09-27T20:37:07.954+0000] {standard_task_runner.py:91} INFO - Job 187: Subtask extraction_layer.extract_green_date
[2024-09-27T20:37:07.998+0000] {task_command.py:426} INFO - Running <TaskInstance: Taxi_trip_pipeline.extraction_layer.extract_green_date manual__2024-09-27T20:28:31.410767+00:00 [running]> on host d7ea763741e5
[2024-09-27T20:37:08.163+0000] {taskinstance.py:2648} INFO - Exporting env vars: AIRFLOW_CTX_DAG_OWNER='Mahmoud' AIRFLOW_CTX_DAG_ID='Taxi_trip_pipeline' AIRFLOW_CTX_TASK_ID='extraction_layer.extract_green_date' AIRFLOW_CTX_EXECUTION_DATE='2024-09-27T20:28:31.410767+00:00' AIRFLOW_CTX_TRY_NUMBER='4' AIRFLOW_CTX_DAG_RUN_ID='manual__2024-09-27T20:28:31.410767+00:00'
[2024-09-27T20:37:08.164+0000] {taskinstance.py:430} INFO - ::endgroup::
[2024-09-27T20:37:08.176+0000] {taxi_trip.py:36} INFO - Data extraction for green trip started
[2024-09-27T20:37:08.183+0000] {db_utils.py:16} INFO - Connected to PostgreSQL database successfully
[2024-09-27T20:37:08.184+0000] {Process_data.py:16} INFO - Start transforming Green Trip data...
[2024-09-27T20:37:08.185+0000] {Process_data.py:24} INFO - File green_tripdata_2024-01.parquet has already been processed. Skipping......
[2024-09-27T20:37:08.185+0000] {taxi_trip.py:39} INFO - Data extraction for green trip done
[2024-09-27T20:37:08.185+0000] {taxi_trip.py:45} WARNING - No data found for green trip
[2024-09-27T20:37:08.185+0000] {python.py:237} INFO - Done. Returned value was: None
[2024-09-27T20:37:08.186+0000] {taskinstance.py:441} INFO - ::group::Post task execution logs
[2024-09-27T20:37:08.196+0000] {taskinstance.py:1206} INFO - Marking task as SUCCESS. dag_id=Taxi_trip_pipeline, task_id=extraction_layer.extract_green_date, run_id=manual__2024-09-27T20:28:31.410767+00:00, execution_date=20240927T202831, start_date=20240927T203707, end_date=20240927T203708
[2024-09-27T20:37:08.244+0000] {local_task_job_runner.py:240} INFO - Task exited with return code 0
[2024-09-27T20:37:08.273+0000] {taskinstance.py:3498} INFO - 2 downstream tasks scheduled from follow-on schedule check
[2024-09-27T20:37:08.275+0000] {local_task_job_runner.py:222} INFO - ::endgroup::
