[2024-09-27T20:31:43.059+0000] {local_task_job_runner.py:120} INFO - ::group::Pre task execution logs
[2024-09-27T20:31:43.085+0000] {taskinstance.py:2076} INFO - Dependencies all met for dep_context=non-requeueable deps ti=<TaskInstance: Taxi_trip_pipeline.extraction_layer.extract_green_date manual__2024-09-27T20:28:31.410767+00:00 [queued]>
[2024-09-27T20:31:43.098+0000] {taskinstance.py:2076} INFO - Dependencies all met for dep_context=requeueable deps ti=<TaskInstance: Taxi_trip_pipeline.extraction_layer.extract_green_date manual__2024-09-27T20:28:31.410767+00:00 [queued]>
[2024-09-27T20:31:43.099+0000] {taskinstance.py:2306} INFO - Starting attempt 3 of 3
[2024-09-27T20:31:43.113+0000] {taskinstance.py:2330} INFO - Executing <Task(PythonOperator): extraction_layer.extract_green_date> on 2024-09-27 20:28:31.410767+00:00
[2024-09-27T20:31:43.120+0000] {standard_task_runner.py:63} INFO - Started process 83 to run task
[2024-09-27T20:31:43.123+0000] {standard_task_runner.py:90} INFO - Running: ['***', 'tasks', 'run', 'Taxi_trip_pipeline', 'extraction_layer.extract_green_date', 'manual__2024-09-27T20:28:31.410767+00:00', '--job-id', '183', '--raw', '--subdir', 'DAGS_FOLDER/taxi_trip.py', '--cfg-path', '/tmp/tmpi45hyv3e']
[2024-09-27T20:31:43.126+0000] {standard_task_runner.py:91} INFO - Job 183: Subtask extraction_layer.extract_green_date
[2024-09-27T20:31:43.170+0000] {task_command.py:426} INFO - Running <TaskInstance: Taxi_trip_pipeline.extraction_layer.extract_green_date manual__2024-09-27T20:28:31.410767+00:00 [running]> on host d7ea763741e5
[2024-09-27T20:31:43.260+0000] {taskinstance.py:2648} INFO - Exporting env vars: AIRFLOW_CTX_DAG_OWNER='Mahmoud' AIRFLOW_CTX_DAG_ID='Taxi_trip_pipeline' AIRFLOW_CTX_TASK_ID='extraction_layer.extract_green_date' AIRFLOW_CTX_EXECUTION_DATE='2024-09-27T20:28:31.410767+00:00' AIRFLOW_CTX_TRY_NUMBER='3' AIRFLOW_CTX_DAG_RUN_ID='manual__2024-09-27T20:28:31.410767+00:00'
[2024-09-27T20:31:43.261+0000] {taskinstance.py:430} INFO - ::endgroup::
[2024-09-27T20:31:43.273+0000] {taxi_trip.py:36} INFO - Data extraction for green trip started
[2024-09-27T20:31:43.280+0000] {db_utils.py:16} INFO - Connected to PostgreSQL database successfully
[2024-09-27T20:31:43.280+0000] {Process_data.py:16} INFO - Start transforming Green Trip data...
[2024-09-27T20:31:43.281+0000] {Process_data.py:27} INFO - Processing file green_tripdata_2024-01.parquet...
[2024-09-27T20:31:47.517+0000] {Process_data.py:35} INFO - Green trip dataframe with 56551 rows
[2024-09-27T20:31:47.518+0000] {taxi_trip.py:39} INFO - Data extraction for green trip done
[2024-09-27T20:31:47.835+0000] {taxi_trip.py:43} INFO - Pushed green trip data with 56551 rows to XCom
[2024-09-27T20:31:47.837+0000] {python.py:237} INFO - Done. Returned value was: None
[2024-09-27T20:31:47.837+0000] {taskinstance.py:441} INFO - ::group::Post task execution logs
[2024-09-27T20:31:47.851+0000] {taskinstance.py:1206} INFO - Marking task as SUCCESS. dag_id=Taxi_trip_pipeline, task_id=extraction_layer.extract_green_date, run_id=manual__2024-09-27T20:28:31.410767+00:00, execution_date=20240927T202831, start_date=20240927T203143, end_date=20240927T203147
[2024-09-27T20:31:47.912+0000] {local_task_job_runner.py:240} INFO - Task exited with return code 0
[2024-09-27T20:31:47.950+0000] {taskinstance.py:3498} INFO - 0 downstream tasks scheduled from follow-on schedule check
[2024-09-27T20:31:47.951+0000] {local_task_job_runner.py:222} INFO - ::endgroup::
