[2024-10-12T13:03:13.988+0000] {local_task_job_runner.py:120} INFO - ::group::Pre task execution logs
[2024-10-12T13:03:14.018+0000] {taskinstance.py:2076} INFO - Dependencies all met for dep_context=non-requeueable deps ti=<TaskInstance: Taxi_trip_pipeline.load_layer.load_yellow_trip scheduled__2024-10-12T12:45:00+00:00 [queued]>
[2024-10-12T13:03:14.030+0000] {taskinstance.py:2076} INFO - Dependencies all met for dep_context=requeueable deps ti=<TaskInstance: Taxi_trip_pipeline.load_layer.load_yellow_trip scheduled__2024-10-12T12:45:00+00:00 [queued]>
[2024-10-12T13:03:14.031+0000] {taskinstance.py:2306} INFO - Starting attempt 1 of 1
[2024-10-12T13:03:14.050+0000] {taskinstance.py:2330} INFO - Executing <Task(PythonOperator): load_layer.load_yellow_trip> on 2024-10-12 12:45:00+00:00
[2024-10-12T13:03:14.060+0000] {standard_task_runner.py:63} INFO - Started process 118 to run task
[2024-10-12T13:03:14.064+0000] {standard_task_runner.py:90} INFO - Running: ['***', 'tasks', 'run', 'Taxi_trip_pipeline', 'load_layer.load_yellow_trip', 'scheduled__2024-10-12T12:45:00+00:00', '--job-id', '6', '--raw', '--subdir', 'DAGS_FOLDER/taxi_trip.py', '--cfg-path', '/tmp/tmp58_yqzo9']
[2024-10-12T13:03:14.067+0000] {standard_task_runner.py:91} INFO - Job 6: Subtask load_layer.load_yellow_trip
[2024-10-12T13:03:14.134+0000] {task_command.py:426} INFO - Running <TaskInstance: Taxi_trip_pipeline.load_layer.load_yellow_trip scheduled__2024-10-12T12:45:00+00:00 [running]> on host ebdcf85807fc
[2024-10-12T13:03:14.263+0000] {taskinstance.py:2648} INFO - Exporting env vars: AIRFLOW_CTX_DAG_OWNER='Mahmoud' AIRFLOW_CTX_DAG_ID='Taxi_trip_pipeline' AIRFLOW_CTX_TASK_ID='load_layer.load_yellow_trip' AIRFLOW_CTX_EXECUTION_DATE='2024-10-12T12:45:00+00:00' AIRFLOW_CTX_TRY_NUMBER='1' AIRFLOW_CTX_DAG_RUN_ID='scheduled__2024-10-12T12:45:00+00:00'
[2024-10-12T13:03:14.264+0000] {taskinstance.py:430} INFO - ::endgroup::
[2024-10-12T13:03:14.303+0000] {taxi_trip.py:89} ERROR - No data found for yellow trip
[2024-10-12T13:03:14.303+0000] {python.py:237} INFO - Done. Returned value was: None
[2024-10-12T13:03:14.304+0000] {taskinstance.py:441} INFO - ::group::Post task execution logs
[2024-10-12T13:03:14.314+0000] {taskinstance.py:1206} INFO - Marking task as SUCCESS. dag_id=Taxi_trip_pipeline, task_id=load_layer.load_yellow_trip, run_id=scheduled__2024-10-12T12:45:00+00:00, execution_date=20241012T124500, start_date=20241012T130314, end_date=20241012T130314
[2024-10-12T13:03:14.358+0000] {local_task_job_runner.py:240} INFO - Task exited with return code 0
[2024-10-12T13:03:14.400+0000] {taskinstance.py:3498} INFO - 0 downstream tasks scheduled from follow-on schedule check
[2024-10-12T13:03:14.402+0000] {local_task_job_runner.py:222} INFO - ::endgroup::
[2024-10-12T13:14:13.552+0000] {local_task_job_runner.py:120} INFO - ::group::Pre task execution logs
[2024-10-12T13:14:13.577+0000] {taskinstance.py:2076} INFO - Dependencies all met for dep_context=non-requeueable deps ti=<TaskInstance: Taxi_trip_pipeline.load_layer.load_yellow_trip scheduled__2024-10-12T12:45:00+00:00 [queued]>
[2024-10-12T13:14:13.588+0000] {taskinstance.py:2076} INFO - Dependencies all met for dep_context=requeueable deps ti=<TaskInstance: Taxi_trip_pipeline.load_layer.load_yellow_trip scheduled__2024-10-12T12:45:00+00:00 [queued]>
[2024-10-12T13:14:13.589+0000] {taskinstance.py:2306} INFO - Starting attempt 1 of 1
[2024-10-12T13:14:13.604+0000] {taskinstance.py:2330} INFO - Executing <Task(PythonOperator): load_layer.load_yellow_trip> on 2024-10-12 12:45:00+00:00
[2024-10-12T13:14:13.613+0000] {standard_task_runner.py:63} INFO - Started process 329 to run task
[2024-10-12T13:14:13.617+0000] {standard_task_runner.py:90} INFO - Running: ['***', 'tasks', 'run', 'Taxi_trip_pipeline', 'load_layer.load_yellow_trip', 'scheduled__2024-10-12T12:45:00+00:00', '--job-id', '27', '--raw', '--subdir', 'DAGS_FOLDER/taxi_trip.py', '--cfg-path', '/tmp/tmpqjpf8rvw']
[2024-10-12T13:14:13.619+0000] {standard_task_runner.py:91} INFO - Job 27: Subtask load_layer.load_yellow_trip
[2024-10-12T13:14:13.707+0000] {task_command.py:426} INFO - Running <TaskInstance: Taxi_trip_pipeline.load_layer.load_yellow_trip scheduled__2024-10-12T12:45:00+00:00 [running]> on host ebdcf85807fc
[2024-10-12T13:14:13.863+0000] {taskinstance.py:2648} INFO - Exporting env vars: AIRFLOW_CTX_DAG_OWNER='Mahmoud' AIRFLOW_CTX_DAG_ID='Taxi_trip_pipeline' AIRFLOW_CTX_TASK_ID='load_layer.load_yellow_trip' AIRFLOW_CTX_EXECUTION_DATE='2024-10-12T12:45:00+00:00' AIRFLOW_CTX_TRY_NUMBER='1' AIRFLOW_CTX_DAG_RUN_ID='scheduled__2024-10-12T12:45:00+00:00'
[2024-10-12T13:14:13.864+0000] {taskinstance.py:430} INFO - ::endgroup::
[2024-10-12T13:14:13.901+0000] {taxi_trip.py:89} ERROR - No data found for yellow trip
[2024-10-12T13:14:13.902+0000] {python.py:237} INFO - Done. Returned value was: None
[2024-10-12T13:14:13.902+0000] {taskinstance.py:441} INFO - ::group::Post task execution logs
[2024-10-12T13:14:13.920+0000] {taskinstance.py:1206} INFO - Marking task as SUCCESS. dag_id=Taxi_trip_pipeline, task_id=load_layer.load_yellow_trip, run_id=scheduled__2024-10-12T12:45:00+00:00, execution_date=20241012T124500, start_date=20241012T131413, end_date=20241012T131413
[2024-10-12T13:14:13.951+0000] {local_task_job_runner.py:240} INFO - Task exited with return code 0
[2024-10-12T13:14:13.995+0000] {taskinstance.py:3498} INFO - 0 downstream tasks scheduled from follow-on schedule check
[2024-10-12T13:14:13.997+0000] {local_task_job_runner.py:222} INFO - ::endgroup::
