[2024-10-01T16:30:06.922+0000] {local_task_job_runner.py:120} INFO - ::group::Pre task execution logs
[2024-10-01T16:30:06.946+0000] {taskinstance.py:2076} INFO - Dependencies all met for dep_context=non-requeueable deps ti=<TaskInstance: Taxi_trip_pipeline.dbt_transformation_layer.dbt_run_model_zone_lookup scheduled__2024-10-01T16:15:00+00:00 [queued]>
[2024-10-01T16:30:06.955+0000] {taskinstance.py:2076} INFO - Dependencies all met for dep_context=requeueable deps ti=<TaskInstance: Taxi_trip_pipeline.dbt_transformation_layer.dbt_run_model_zone_lookup scheduled__2024-10-01T16:15:00+00:00 [queued]>
[2024-10-01T16:30:06.955+0000] {taskinstance.py:2306} INFO - Starting attempt 1 of 1
[2024-10-01T16:30:06.968+0000] {taskinstance.py:2330} INFO - Executing <Task(BashOperator): dbt_transformation_layer.dbt_run_model_zone_lookup> on 2024-10-01 16:15:00+00:00
[2024-10-01T16:30:06.975+0000] {standard_task_runner.py:63} INFO - Started process 2787 to run task
[2024-10-01T16:30:06.978+0000] {standard_task_runner.py:90} INFO - Running: ['***', 'tasks', 'run', 'Taxi_trip_pipeline', 'dbt_transformation_layer.dbt_run_model_zone_lookup', 'scheduled__2024-10-01T16:15:00+00:00', '--job-id', '361', '--raw', '--subdir', 'DAGS_FOLDER/taxi_trip.py', '--cfg-path', '/tmp/tmp1q2oyw4x']
[2024-10-01T16:30:06.980+0000] {standard_task_runner.py:91} INFO - Job 361: Subtask dbt_transformation_layer.dbt_run_model_zone_lookup
[2024-10-01T16:30:07.028+0000] {task_command.py:426} INFO - Running <TaskInstance: Taxi_trip_pipeline.dbt_transformation_layer.dbt_run_model_zone_lookup scheduled__2024-10-01T16:15:00+00:00 [running]> on host fcb0f9e87e2b
[2024-10-01T16:30:07.124+0000] {taskinstance.py:2648} INFO - Exporting env vars: AIRFLOW_CTX_DAG_OWNER='Mahmoud' AIRFLOW_CTX_DAG_ID='Taxi_trip_pipeline' AIRFLOW_CTX_TASK_ID='dbt_transformation_layer.dbt_run_model_zone_lookup' AIRFLOW_CTX_EXECUTION_DATE='2024-10-01T16:15:00+00:00' AIRFLOW_CTX_TRY_NUMBER='1' AIRFLOW_CTX_DAG_RUN_ID='scheduled__2024-10-01T16:15:00+00:00'
[2024-10-01T16:30:07.125+0000] {taskinstance.py:430} INFO - ::endgroup::
[2024-10-01T16:30:07.142+0000] {subprocess.py:63} INFO - Tmp dir root location: /tmp
[2024-10-01T16:30:07.142+0000] {subprocess.py:75} INFO - Running command: ['/usr/bin/bash', '-c', 'dbt run --profiles-dir /opt/***/DBT_Project  --project-dir /opt/***/dbt_trip --models zone_lookup']
[2024-10-01T16:30:07.157+0000] {subprocess.py:86} INFO - Output:
[2024-10-01T16:30:09.962+0000] {subprocess.py:93} INFO - [0m16:30:09  Running with dbt=1.8.0
[2024-10-01T16:30:10.291+0000] {subprocess.py:93} INFO - [0m16:30:10  Registered adapter: postgres=1.8.0
[2024-10-01T16:30:10.806+0000] {subprocess.py:93} INFO - [0m16:30:10  [[33mWARNING[0m]: Configuration paths exist in your dbt_project.yml file which do not apply to any resources.
[2024-10-01T16:30:10.807+0000] {subprocess.py:93} INFO - There are 2 unused configuration paths:
[2024-10-01T16:30:10.807+0000] {subprocess.py:93} INFO - - models.fact_trip.staging
[2024-10-01T16:30:10.807+0000] {subprocess.py:93} INFO - - models.fact_trip.Dimensions
[2024-10-01T16:30:11.093+0000] {subprocess.py:93} INFO - [0m16:30:11  Found 4 models, 6 data tests, 3 sources, 566 macros
[2024-10-01T16:30:11.097+0000] {subprocess.py:93} INFO - [0m16:30:11
[2024-10-01T16:30:11.263+0000] {subprocess.py:93} INFO - [0m16:30:11  Concurrency: 3 threads (target='dev')
[2024-10-01T16:30:11.264+0000] {subprocess.py:93} INFO - [0m16:30:11
[2024-10-01T16:30:11.277+0000] {subprocess.py:93} INFO - [0m16:30:11  1 of 1 START sql view model analysis.zone_lookup ............................... [RUN]
[2024-10-01T16:30:11.457+0000] {subprocess.py:93} INFO - [0m16:30:11  1 of 1 OK created sql view model analysis.zone_lookup .......................... [[32mCREATE VIEW[0m in 0.18s]
[2024-10-01T16:30:11.473+0000] {subprocess.py:93} INFO - [0m16:30:11
[2024-10-01T16:30:11.474+0000] {subprocess.py:93} INFO - [0m16:30:11  Finished running 1 view model in 0 hours 0 minutes and 0.37 seconds (0.37s).
[2024-10-01T16:30:11.543+0000] {subprocess.py:93} INFO - [0m16:30:11
[2024-10-01T16:30:11.544+0000] {subprocess.py:93} INFO - [0m16:30:11  [32mCompleted successfully[0m
[2024-10-01T16:30:11.544+0000] {subprocess.py:93} INFO - [0m16:30:11
[2024-10-01T16:30:11.545+0000] {subprocess.py:93} INFO - [0m16:30:11  Done. PASS=1 WARN=0 ERROR=0 SKIP=0 TOTAL=1
[2024-10-01T16:30:12.616+0000] {subprocess.py:97} INFO - Command exited with return code 0
[2024-10-01T16:30:12.617+0000] {taskinstance.py:441} INFO - ::group::Post task execution logs
[2024-10-01T16:30:12.642+0000] {taskinstance.py:1206} INFO - Marking task as SUCCESS. dag_id=Taxi_trip_pipeline, task_id=dbt_transformation_layer.dbt_run_model_zone_lookup, run_id=scheduled__2024-10-01T16:15:00+00:00, execution_date=20241001T161500, start_date=20241001T163006, end_date=20241001T163012
[2024-10-01T16:30:12.689+0000] {local_task_job_runner.py:240} INFO - Task exited with return code 0
[2024-10-01T16:30:12.710+0000] {taskinstance.py:3498} INFO - 1 downstream tasks scheduled from follow-on schedule check
[2024-10-01T16:30:12.711+0000] {local_task_job_runner.py:222} INFO - ::endgroup::
