[2024-10-01T13:50:24.112+0000] {local_task_job_runner.py:120} INFO - ::group::Pre task execution logs
[2024-10-01T13:50:24.135+0000] {taskinstance.py:2076} INFO - Dependencies all met for dep_context=non-requeueable deps ti=<TaskInstance: Taxi_trip_pipeline.extraction_layer.extract_green_date manual__2024-10-01T13:50:22.623616+00:00 [queued]>
[2024-10-01T13:50:24.144+0000] {taskinstance.py:2076} INFO - Dependencies all met for dep_context=requeueable deps ti=<TaskInstance: Taxi_trip_pipeline.extraction_layer.extract_green_date manual__2024-10-01T13:50:22.623616+00:00 [queued]>
[2024-10-01T13:50:24.145+0000] {taskinstance.py:2306} INFO - Starting attempt 1 of 1
[2024-10-01T13:50:24.162+0000] {taskinstance.py:2330} INFO - Executing <Task(PythonOperator): extraction_layer.extract_green_date> on 2024-10-01 13:50:22.623616+00:00
[2024-10-01T13:50:24.170+0000] {standard_task_runner.py:63} INFO - Started process 1566 to run task
[2024-10-01T13:50:24.173+0000] {standard_task_runner.py:90} INFO - Running: ['***', 'tasks', 'run', 'Taxi_trip_pipeline', 'extraction_layer.extract_green_date', 'manual__2024-10-01T13:50:22.623616+00:00', '--job-id', '249', '--raw', '--subdir', 'DAGS_FOLDER/taxi_trip.py', '--cfg-path', '/tmp/tmptljoeg86']
[2024-10-01T13:50:24.175+0000] {standard_task_runner.py:91} INFO - Job 249: Subtask extraction_layer.extract_green_date
[2024-10-01T13:50:24.222+0000] {task_command.py:426} INFO - Running <TaskInstance: Taxi_trip_pipeline.extraction_layer.extract_green_date manual__2024-10-01T13:50:22.623616+00:00 [running]> on host fcb0f9e87e2b
[2024-10-01T13:50:24.312+0000] {taskinstance.py:2648} INFO - Exporting env vars: AIRFLOW_CTX_DAG_OWNER='Mahmoud' AIRFLOW_CTX_DAG_ID='Taxi_trip_pipeline' AIRFLOW_CTX_TASK_ID='extraction_layer.extract_green_date' AIRFLOW_CTX_EXECUTION_DATE='2024-10-01T13:50:22.623616+00:00' AIRFLOW_CTX_TRY_NUMBER='1' AIRFLOW_CTX_DAG_RUN_ID='manual__2024-10-01T13:50:22.623616+00:00'
[2024-10-01T13:50:24.313+0000] {taskinstance.py:430} INFO - ::endgroup::
[2024-10-01T13:50:24.326+0000] {taxi_trip.py:37} INFO - Data extraction for green trip started
[2024-10-01T13:50:24.339+0000] {db_utils.py:16} INFO - Connected to PostgreSQL database successfully
[2024-10-01T13:50:24.340+0000] {Process_data.py:16} INFO - Start transforming Green Trip data...
[2024-10-01T13:50:24.344+0000] {Process_data.py:27} INFO - Processing file green_tripdata_2024-01.parquet...
[2024-10-01T13:50:24.447+0000] {Process_data.py:35} INFO - Green trip dataframe with 56551 rows
[2024-10-01T13:50:24.449+0000] {taxi_trip.py:40} INFO - Data extraction for green trip done
[2024-10-01T13:50:24.820+0000] {taxi_trip.py:44} INFO - Pushed green trip data with 56551 rows to XCom
[2024-10-01T13:50:24.822+0000] {python.py:237} INFO - Done. Returned value was: None
[2024-10-01T13:50:24.823+0000] {taskinstance.py:441} INFO - ::group::Post task execution logs
[2024-10-01T13:50:24.835+0000] {taskinstance.py:1206} INFO - Marking task as SUCCESS. dag_id=Taxi_trip_pipeline, task_id=extraction_layer.extract_green_date, run_id=manual__2024-10-01T13:50:22.623616+00:00, execution_date=20241001T135022, start_date=20241001T135024, end_date=20241001T135024
[2024-10-01T13:50:24.870+0000] {local_task_job_runner.py:240} INFO - Task exited with return code 0
[2024-10-01T13:50:24.881+0000] {local_task_job_runner.py:222} INFO - ::endgroup::
