[2024-10-12T10:30:01.409+0000] {local_task_job_runner.py:120} INFO - ::group::Pre task execution logs
[2024-10-12T10:30:01.434+0000] {taskinstance.py:2076} INFO - Dependencies all met for dep_context=non-requeueable deps ti=<TaskInstance: Taxi_trip_pipeline.extraction_layer.extract_green_date scheduled__2024-10-12T10:15:00+00:00 [queued]>
[2024-10-12T10:30:01.446+0000] {taskinstance.py:2076} INFO - Dependencies all met for dep_context=requeueable deps ti=<TaskInstance: Taxi_trip_pipeline.extraction_layer.extract_green_date scheduled__2024-10-12T10:15:00+00:00 [queued]>
[2024-10-12T10:30:01.447+0000] {taskinstance.py:2306} INFO - Starting attempt 1 of 1
[2024-10-12T10:30:01.468+0000] {taskinstance.py:2330} INFO - Executing <Task(PythonOperator): extraction_layer.extract_green_date> on 2024-10-12 10:15:00+00:00
[2024-10-12T10:30:01.480+0000] {standard_task_runner.py:63} INFO - Started process 373 to run task
[2024-10-12T10:30:01.483+0000] {standard_task_runner.py:90} INFO - Running: ['***', 'tasks', 'run', 'Taxi_trip_pipeline', 'extraction_layer.extract_green_date', 'scheduled__2024-10-12T10:15:00+00:00', '--job-id', '30', '--raw', '--subdir', 'DAGS_FOLDER/taxi_trip.py', '--cfg-path', '/tmp/tmpbheogde7']
[2024-10-12T10:30:01.485+0000] {standard_task_runner.py:91} INFO - Job 30: Subtask extraction_layer.extract_green_date
[2024-10-12T10:30:01.562+0000] {task_command.py:426} INFO - Running <TaskInstance: Taxi_trip_pipeline.extraction_layer.extract_green_date scheduled__2024-10-12T10:15:00+00:00 [running]> on host bcbc9bb54b17
[2024-10-12T10:30:01.681+0000] {taskinstance.py:2648} INFO - Exporting env vars: AIRFLOW_CTX_DAG_OWNER='Mahmoud' AIRFLOW_CTX_DAG_ID='Taxi_trip_pipeline' AIRFLOW_CTX_TASK_ID='extraction_layer.extract_green_date' AIRFLOW_CTX_EXECUTION_DATE='2024-10-12T10:15:00+00:00' AIRFLOW_CTX_TRY_NUMBER='1' AIRFLOW_CTX_DAG_RUN_ID='scheduled__2024-10-12T10:15:00+00:00'
[2024-10-12T10:30:01.682+0000] {taskinstance.py:430} INFO - ::endgroup::
[2024-10-12T10:30:01.694+0000] {taxi_trip.py:37} INFO - Data extraction for green trip started
[2024-10-12T10:30:01.702+0000] {db_utils.py:16} INFO - Connected to PostgreSQL database successfully
[2024-10-12T10:30:01.702+0000] {Process_data.py:17} INFO - Start transforming Green Trip data...
[2024-10-12T10:30:01.702+0000] {taxi_trip.py:40} INFO - Data extraction for green trip done
[2024-10-12T10:30:01.703+0000] {taxi_trip.py:47} WARNING - No data found for green trip
[2024-10-12T10:30:01.703+0000] {python.py:237} INFO - Done. Returned value was: None
[2024-10-12T10:30:01.704+0000] {taskinstance.py:441} INFO - ::group::Post task execution logs
[2024-10-12T10:30:01.714+0000] {taskinstance.py:1206} INFO - Marking task as SUCCESS. dag_id=Taxi_trip_pipeline, task_id=extraction_layer.extract_green_date, run_id=scheduled__2024-10-12T10:15:00+00:00, execution_date=20241012T101500, start_date=20241012T103001, end_date=20241012T103001
[2024-10-12T10:30:01.735+0000] {local_task_job_runner.py:240} INFO - Task exited with return code 0
[2024-10-12T10:30:01.748+0000] {local_task_job_runner.py:222} INFO - ::endgroup::
[2024-10-12T10:36:32.342+0000] {local_task_job_runner.py:120} INFO - ::group::Pre task execution logs
[2024-10-12T10:36:32.372+0000] {taskinstance.py:2076} INFO - Dependencies all met for dep_context=non-requeueable deps ti=<TaskInstance: Taxi_trip_pipeline.extraction_layer.extract_green_date scheduled__2024-10-12T10:15:00+00:00 [queued]>
[2024-10-12T10:36:32.385+0000] {taskinstance.py:2076} INFO - Dependencies all met for dep_context=requeueable deps ti=<TaskInstance: Taxi_trip_pipeline.extraction_layer.extract_green_date scheduled__2024-10-12T10:15:00+00:00 [queued]>
[2024-10-12T10:36:32.386+0000] {taskinstance.py:2306} INFO - Starting attempt 1 of 1
[2024-10-12T10:36:32.405+0000] {taskinstance.py:2330} INFO - Executing <Task(PythonOperator): extraction_layer.extract_green_date> on 2024-10-12 10:15:00+00:00
[2024-10-12T10:36:32.412+0000] {standard_task_runner.py:63} INFO - Started process 70 to run task
[2024-10-12T10:36:32.414+0000] {standard_task_runner.py:90} INFO - Running: ['***', 'tasks', 'run', 'Taxi_trip_pipeline', 'extraction_layer.extract_green_date', 'scheduled__2024-10-12T10:15:00+00:00', '--job-id', '3', '--raw', '--subdir', 'DAGS_FOLDER/taxi_trip.py', '--cfg-path', '/tmp/tmp88l4cf_0']
[2024-10-12T10:36:32.417+0000] {standard_task_runner.py:91} INFO - Job 3: Subtask extraction_layer.extract_green_date
[2024-10-12T10:36:32.466+0000] {task_command.py:426} INFO - Running <TaskInstance: Taxi_trip_pipeline.extraction_layer.extract_green_date scheduled__2024-10-12T10:15:00+00:00 [running]> on host 4f9d1e7ade51
[2024-10-12T10:36:32.556+0000] {taskinstance.py:2648} INFO - Exporting env vars: AIRFLOW_CTX_DAG_OWNER='Mahmoud' AIRFLOW_CTX_DAG_ID='Taxi_trip_pipeline' AIRFLOW_CTX_TASK_ID='extraction_layer.extract_green_date' AIRFLOW_CTX_EXECUTION_DATE='2024-10-12T10:15:00+00:00' AIRFLOW_CTX_TRY_NUMBER='1' AIRFLOW_CTX_DAG_RUN_ID='scheduled__2024-10-12T10:15:00+00:00'
[2024-10-12T10:36:32.558+0000] {taskinstance.py:430} INFO - ::endgroup::
[2024-10-12T10:36:32.590+0000] {taxi_trip.py:37} INFO - Data extraction for green trip started
[2024-10-12T10:36:32.599+0000] {db_utils.py:16} INFO - Connected to PostgreSQL database successfully
[2024-10-12T10:36:32.599+0000] {Process_data.py:17} INFO - Start transforming Green Trip data...
[2024-10-12T10:36:32.601+0000] {Process_data.py:29} INFO - Processing file green_tripdata_2024-04.parquet...
[2024-10-12T10:36:32.665+0000] {Process_data.py:29} INFO - Processing file green_tripdata_2024-01.parquet...
[2024-10-12T10:36:32.676+0000] {Process_data.py:29} INFO - Processing file green_tripdata_2024-03.parquet...
[2024-10-12T10:36:32.686+0000] {Process_data.py:29} INFO - Processing file green_tripdata_2024-02.parquet...
[2024-10-12T10:36:32.696+0000] {Process_data.py:29} INFO - Processing file green_tripdata_2024-05.parquet...
[2024-10-12T10:36:32.707+0000] {Process_data.py:29} INFO - Processing file green_tripdata_2024-06.parquet...
[2024-10-12T10:36:32.765+0000] {Process_data.py:38} INFO - Green trip dataframe with 339807 rows
[2024-10-12T10:36:32.766+0000] {taxi_trip.py:40} INFO - Data extraction for green trip done
[2024-10-12T10:36:34.466+0000] {taxi_trip.py:45} INFO - Pushed green trip data with 339807 rows to XCom
[2024-10-12T10:36:34.468+0000] {python.py:237} INFO - Done. Returned value was: None
[2024-10-12T10:36:34.469+0000] {taskinstance.py:441} INFO - ::group::Post task execution logs
[2024-10-12T10:36:34.479+0000] {taskinstance.py:1206} INFO - Marking task as SUCCESS. dag_id=Taxi_trip_pipeline, task_id=extraction_layer.extract_green_date, run_id=scheduled__2024-10-12T10:15:00+00:00, execution_date=20241012T101500, start_date=20241012T103632, end_date=20241012T103634
[2024-10-12T10:36:34.512+0000] {local_task_job_runner.py:240} INFO - Task exited with return code 0
[2024-10-12T10:36:34.543+0000] {taskinstance.py:3498} INFO - 1 downstream tasks scheduled from follow-on schedule check
[2024-10-12T10:36:34.545+0000] {local_task_job_runner.py:222} INFO - ::endgroup::
