[2024-10-12T10:24:33.758+0000] {local_task_job_runner.py:120} INFO - ::group::Pre task execution logs
[2024-10-12T10:24:33.779+0000] {taskinstance.py:2076} INFO - Dependencies all met for dep_context=non-requeueable deps ti=<TaskInstance: Taxi_trip_pipeline.move_files_to_archive scheduled__2024-10-12T10:00:00+00:00 [queued]>
[2024-10-12T10:24:33.788+0000] {taskinstance.py:2076} INFO - Dependencies all met for dep_context=requeueable deps ti=<TaskInstance: Taxi_trip_pipeline.move_files_to_archive scheduled__2024-10-12T10:00:00+00:00 [queued]>
[2024-10-12T10:24:33.788+0000] {taskinstance.py:2306} INFO - Starting attempt 2 of 2
[2024-10-12T10:24:33.801+0000] {taskinstance.py:2330} INFO - Executing <Task(PythonOperator): move_files_to_archive> on 2024-10-12 10:00:00+00:00
[2024-10-12T10:24:33.808+0000] {standard_task_runner.py:63} INFO - Started process 169 to run task
[2024-10-12T10:24:33.811+0000] {standard_task_runner.py:90} INFO - Running: ['***', 'tasks', 'run', 'Taxi_trip_pipeline', 'move_files_to_archive', 'scheduled__2024-10-12T10:00:00+00:00', '--job-id', '14', '--raw', '--subdir', 'DAGS_FOLDER/taxi_trip.py', '--cfg-path', '/tmp/tmpuq_ymek3']
[2024-10-12T10:24:33.813+0000] {standard_task_runner.py:91} INFO - Job 14: Subtask move_files_to_archive
[2024-10-12T10:24:33.858+0000] {task_command.py:426} INFO - Running <TaskInstance: Taxi_trip_pipeline.move_files_to_archive scheduled__2024-10-12T10:00:00+00:00 [running]> on host bcbc9bb54b17
[2024-10-12T10:24:33.949+0000] {taskinstance.py:2648} INFO - Exporting env vars: AIRFLOW_CTX_DAG_OWNER='Mahmoud' AIRFLOW_CTX_DAG_ID='Taxi_trip_pipeline' AIRFLOW_CTX_TASK_ID='move_files_to_archive' AIRFLOW_CTX_EXECUTION_DATE='2024-10-12T10:00:00+00:00' AIRFLOW_CTX_TRY_NUMBER='2' AIRFLOW_CTX_DAG_RUN_ID='scheduled__2024-10-12T10:00:00+00:00'
[2024-10-12T10:24:33.950+0000] {taskinstance.py:430} INFO - ::endgroup::
[2024-10-12T10:24:33.979+0000] {Process_data.py:85} INFO - Moved ./Green_trip_files/green_tripdata_2024-04.parquet to archive
[2024-10-12T10:24:33.981+0000] {Process_data.py:85} INFO - Moved ./Green_trip_files/green_tripdata_2024-01.parquet to archive
[2024-10-12T10:24:33.982+0000] {Process_data.py:85} INFO - Moved ./Green_trip_files/green_tripdata_2024-03.parquet to archive
[2024-10-12T10:24:33.984+0000] {Process_data.py:85} INFO - Moved ./Green_trip_files/green_tripdata_2024-02.parquet to archive
[2024-10-12T10:24:33.986+0000] {Process_data.py:85} INFO - Moved ./Green_trip_files/green_tripdata_2024-05.parquet to archive
[2024-10-12T10:24:33.987+0000] {Process_data.py:85} INFO - Moved ./Green_trip_files/green_tripdata_2024-06.parquet to archive
[2024-10-12T10:24:33.988+0000] {taxi_trip.py:123} INFO - Files archive_green successfully.
[2024-10-12T10:24:33.988+0000] {taxi_trip.py:130} WARNING - No files to archive_yellow.
[2024-10-12T10:24:33.988+0000] {python.py:237} INFO - Done. Returned value was: None
[2024-10-12T10:24:33.988+0000] {taskinstance.py:441} INFO - ::group::Post task execution logs
[2024-10-12T10:24:33.996+0000] {taskinstance.py:1206} INFO - Marking task as SUCCESS. dag_id=Taxi_trip_pipeline, task_id=move_files_to_archive, run_id=scheduled__2024-10-12T10:00:00+00:00, execution_date=20241012T100000, start_date=20241012T102433, end_date=20241012T102433
[2024-10-12T10:24:34.023+0000] {local_task_job_runner.py:240} INFO - Task exited with return code 0
[2024-10-12T10:24:34.049+0000] {taskinstance.py:3498} INFO - 3 downstream tasks scheduled from follow-on schedule check
[2024-10-12T10:24:34.051+0000] {local_task_job_runner.py:222} INFO - ::endgroup::
