[2024-10-12T10:15:06.148+0000] {local_task_job_runner.py:120} INFO - ::group::Pre task execution logs
[2024-10-12T10:15:06.167+0000] {taskinstance.py:2076} INFO - Dependencies all met for dep_context=non-requeueable deps ti=<TaskInstance: Taxi_trip_pipeline.move_files_to_archive scheduled__2024-10-12T10:00:00+00:00 [queued]>
[2024-10-12T10:15:06.174+0000] {taskinstance.py:2076} INFO - Dependencies all met for dep_context=requeueable deps ti=<TaskInstance: Taxi_trip_pipeline.move_files_to_archive scheduled__2024-10-12T10:00:00+00:00 [queued]>
[2024-10-12T10:15:06.175+0000] {taskinstance.py:2306} INFO - Starting attempt 1 of 1
[2024-10-12T10:15:06.185+0000] {taskinstance.py:2330} INFO - Executing <Task(PythonOperator): move_files_to_archive> on 2024-10-12 10:00:00+00:00
[2024-10-12T10:15:06.192+0000] {standard_task_runner.py:63} INFO - Started process 661 to run task
[2024-10-12T10:15:06.195+0000] {standard_task_runner.py:90} INFO - Running: ['***', 'tasks', 'run', 'Taxi_trip_pipeline', 'move_files_to_archive', 'scheduled__2024-10-12T10:00:00+00:00', '--job-id', '607', '--raw', '--subdir', 'DAGS_FOLDER/taxi_trip.py', '--cfg-path', '/tmp/tmpp_l8gux1']
[2024-10-12T10:15:06.197+0000] {standard_task_runner.py:91} INFO - Job 607: Subtask move_files_to_archive
[2024-10-12T10:15:06.241+0000] {task_command.py:426} INFO - Running <TaskInstance: Taxi_trip_pipeline.move_files_to_archive scheduled__2024-10-12T10:00:00+00:00 [running]> on host cb13d84d2d77
[2024-10-12T10:15:06.328+0000] {taskinstance.py:2648} INFO - Exporting env vars: AIRFLOW_CTX_DAG_OWNER='Mahmoud' AIRFLOW_CTX_DAG_ID='Taxi_trip_pipeline' AIRFLOW_CTX_TASK_ID='move_files_to_archive' AIRFLOW_CTX_EXECUTION_DATE='2024-10-12T10:00:00+00:00' AIRFLOW_CTX_TRY_NUMBER='1' AIRFLOW_CTX_DAG_RUN_ID='scheduled__2024-10-12T10:00:00+00:00'
[2024-10-12T10:15:06.329+0000] {taskinstance.py:430} INFO - ::endgroup::
[2024-10-12T10:15:06.357+0000] {taxi_trip.py:125} WARNING - No files to archive_green.
[2024-10-12T10:15:06.358+0000] {taxi_trip.py:130} WARNING - No files to archive_yellow.
[2024-10-12T10:15:06.358+0000] {python.py:237} INFO - Done. Returned value was: None
[2024-10-12T10:15:06.358+0000] {taskinstance.py:441} INFO - ::group::Post task execution logs
[2024-10-12T10:15:06.371+0000] {taskinstance.py:1206} INFO - Marking task as SUCCESS. dag_id=Taxi_trip_pipeline, task_id=move_files_to_archive, run_id=scheduled__2024-10-12T10:00:00+00:00, execution_date=20241012T100000, start_date=20241012T101506, end_date=20241012T101506
[2024-10-12T10:15:06.407+0000] {local_task_job_runner.py:240} INFO - Task exited with return code 0
[2024-10-12T10:15:06.441+0000] {taskinstance.py:3498} INFO - 3 downstream tasks scheduled from follow-on schedule check
[2024-10-12T10:15:06.443+0000] {local_task_job_runner.py:222} INFO - ::endgroup::
[2024-10-12T10:22:28.500+0000] {local_task_job_runner.py:120} INFO - ::group::Pre task execution logs
[2024-10-12T10:22:28.521+0000] {taskinstance.py:2076} INFO - Dependencies all met for dep_context=non-requeueable deps ti=<TaskInstance: Taxi_trip_pipeline.move_files_to_archive scheduled__2024-10-12T10:00:00+00:00 [queued]>
[2024-10-12T10:22:28.530+0000] {taskinstance.py:2076} INFO - Dependencies all met for dep_context=requeueable deps ti=<TaskInstance: Taxi_trip_pipeline.move_files_to_archive scheduled__2024-10-12T10:00:00+00:00 [queued]>
[2024-10-12T10:22:28.531+0000] {taskinstance.py:2306} INFO - Starting attempt 1 of 1
[2024-10-12T10:22:28.542+0000] {taskinstance.py:2330} INFO - Executing <Task(PythonOperator): move_files_to_archive> on 2024-10-12 10:00:00+00:00
[2024-10-12T10:22:28.549+0000] {standard_task_runner.py:63} INFO - Started process 65 to run task
[2024-10-12T10:22:28.552+0000] {standard_task_runner.py:90} INFO - Running: ['***', 'tasks', 'run', 'Taxi_trip_pipeline', 'move_files_to_archive', 'scheduled__2024-10-12T10:00:00+00:00', '--job-id', '7', '--raw', '--subdir', 'DAGS_FOLDER/taxi_trip.py', '--cfg-path', '/tmp/tmp7c5k0cxc']
[2024-10-12T10:22:28.554+0000] {standard_task_runner.py:91} INFO - Job 7: Subtask move_files_to_archive
[2024-10-12T10:22:28.598+0000] {task_command.py:426} INFO - Running <TaskInstance: Taxi_trip_pipeline.move_files_to_archive scheduled__2024-10-12T10:00:00+00:00 [running]> on host bcbc9bb54b17
[2024-10-12T10:22:28.671+0000] {taskinstance.py:2648} INFO - Exporting env vars: AIRFLOW_CTX_DAG_OWNER='Mahmoud' AIRFLOW_CTX_DAG_ID='Taxi_trip_pipeline' AIRFLOW_CTX_TASK_ID='move_files_to_archive' AIRFLOW_CTX_EXECUTION_DATE='2024-10-12T10:00:00+00:00' AIRFLOW_CTX_TRY_NUMBER='1' AIRFLOW_CTX_DAG_RUN_ID='scheduled__2024-10-12T10:00:00+00:00'
[2024-10-12T10:22:28.672+0000] {taskinstance.py:430} INFO - ::endgroup::
[2024-10-12T10:22:28.697+0000] {taxi_trip.py:125} WARNING - No files to archive_green.
[2024-10-12T10:22:28.698+0000] {taxi_trip.py:130} WARNING - No files to archive_yellow.
[2024-10-12T10:22:28.698+0000] {python.py:237} INFO - Done. Returned value was: None
[2024-10-12T10:22:28.698+0000] {taskinstance.py:441} INFO - ::group::Post task execution logs
[2024-10-12T10:22:28.706+0000] {taskinstance.py:1206} INFO - Marking task as SUCCESS. dag_id=Taxi_trip_pipeline, task_id=move_files_to_archive, run_id=scheduled__2024-10-12T10:00:00+00:00, execution_date=20241012T100000, start_date=20241012T102228, end_date=20241012T102228
[2024-10-12T10:22:28.724+0000] {local_task_job_runner.py:240} INFO - Task exited with return code 0
[2024-10-12T10:22:28.752+0000] {taskinstance.py:3498} INFO - 3 downstream tasks scheduled from follow-on schedule check
[2024-10-12T10:22:28.753+0000] {local_task_job_runner.py:222} INFO - ::endgroup::
