[2024-10-12T10:30:02.876+0000] {local_task_job_runner.py:120} INFO - ::group::Pre task execution logs
[2024-10-12T10:30:02.908+0000] {taskinstance.py:2076} INFO - Dependencies all met for dep_context=non-requeueable deps ti=<TaskInstance: Taxi_trip_pipeline.load_layer.load_yellow_trip scheduled__2024-10-12T10:15:00+00:00 [queued]>
[2024-10-12T10:30:02.917+0000] {taskinstance.py:2076} INFO - Dependencies all met for dep_context=requeueable deps ti=<TaskInstance: Taxi_trip_pipeline.load_layer.load_yellow_trip scheduled__2024-10-12T10:15:00+00:00 [queued]>
[2024-10-12T10:30:02.918+0000] {taskinstance.py:2306} INFO - Starting attempt 1 of 1
[2024-10-12T10:30:02.933+0000] {taskinstance.py:2330} INFO - Executing <Task(PythonOperator): load_layer.load_yellow_trip> on 2024-10-12 10:15:00+00:00
[2024-10-12T10:30:02.943+0000] {standard_task_runner.py:63} INFO - Started process 380 to run task
[2024-10-12T10:30:02.948+0000] {standard_task_runner.py:90} INFO - Running: ['***', 'tasks', 'run', 'Taxi_trip_pipeline', 'load_layer.load_yellow_trip', 'scheduled__2024-10-12T10:15:00+00:00', '--job-id', '33', '--raw', '--subdir', 'DAGS_FOLDER/taxi_trip.py', '--cfg-path', '/tmp/tmp9i9ltex8']
[2024-10-12T10:30:02.950+0000] {standard_task_runner.py:91} INFO - Job 33: Subtask load_layer.load_yellow_trip
[2024-10-12T10:30:03.009+0000] {task_command.py:426} INFO - Running <TaskInstance: Taxi_trip_pipeline.load_layer.load_yellow_trip scheduled__2024-10-12T10:15:00+00:00 [running]> on host bcbc9bb54b17
[2024-10-12T10:30:03.139+0000] {taskinstance.py:2648} INFO - Exporting env vars: AIRFLOW_CTX_DAG_OWNER='Mahmoud' AIRFLOW_CTX_DAG_ID='Taxi_trip_pipeline' AIRFLOW_CTX_TASK_ID='load_layer.load_yellow_trip' AIRFLOW_CTX_EXECUTION_DATE='2024-10-12T10:15:00+00:00' AIRFLOW_CTX_TRY_NUMBER='1' AIRFLOW_CTX_DAG_RUN_ID='scheduled__2024-10-12T10:15:00+00:00'
[2024-10-12T10:30:03.141+0000] {taskinstance.py:430} INFO - ::endgroup::
[2024-10-12T10:30:03.168+0000] {taxi_trip.py:89} ERROR - No data found for yellow trip
[2024-10-12T10:30:03.168+0000] {python.py:237} INFO - Done. Returned value was: None
[2024-10-12T10:30:03.169+0000] {taskinstance.py:441} INFO - ::group::Post task execution logs
[2024-10-12T10:30:03.184+0000] {taskinstance.py:1206} INFO - Marking task as SUCCESS. dag_id=Taxi_trip_pipeline, task_id=load_layer.load_yellow_trip, run_id=scheduled__2024-10-12T10:15:00+00:00, execution_date=20241012T101500, start_date=20241012T103002, end_date=20241012T103003
[2024-10-12T10:30:03.240+0000] {local_task_job_runner.py:240} INFO - Task exited with return code 0
[2024-10-12T10:30:03.275+0000] {taskinstance.py:3498} INFO - 0 downstream tasks scheduled from follow-on schedule check
[2024-10-12T10:30:03.277+0000] {local_task_job_runner.py:222} INFO - ::endgroup::
[2024-10-12T10:36:34.503+0000] {local_task_job_runner.py:120} INFO - ::group::Pre task execution logs
[2024-10-12T10:36:34.525+0000] {taskinstance.py:2076} INFO - Dependencies all met for dep_context=non-requeueable deps ti=<TaskInstance: Taxi_trip_pipeline.load_layer.load_yellow_trip scheduled__2024-10-12T10:15:00+00:00 [queued]>
[2024-10-12T10:36:34.539+0000] {taskinstance.py:2076} INFO - Dependencies all met for dep_context=requeueable deps ti=<TaskInstance: Taxi_trip_pipeline.load_layer.load_yellow_trip scheduled__2024-10-12T10:15:00+00:00 [queued]>
[2024-10-12T10:36:34.539+0000] {taskinstance.py:2306} INFO - Starting attempt 1 of 1
[2024-10-12T10:36:34.554+0000] {taskinstance.py:2330} INFO - Executing <Task(PythonOperator): load_layer.load_yellow_trip> on 2024-10-12 10:15:00+00:00
[2024-10-12T10:36:34.562+0000] {standard_task_runner.py:63} INFO - Started process 90 to run task
[2024-10-12T10:36:34.565+0000] {standard_task_runner.py:90} INFO - Running: ['***', 'tasks', 'run', 'Taxi_trip_pipeline', 'load_layer.load_yellow_trip', 'scheduled__2024-10-12T10:15:00+00:00', '--job-id', '4', '--raw', '--subdir', 'DAGS_FOLDER/taxi_trip.py', '--cfg-path', '/tmp/tmpqr9zjn4y']
[2024-10-12T10:36:34.567+0000] {standard_task_runner.py:91} INFO - Job 4: Subtask load_layer.load_yellow_trip
[2024-10-12T10:36:34.622+0000] {task_command.py:426} INFO - Running <TaskInstance: Taxi_trip_pipeline.load_layer.load_yellow_trip scheduled__2024-10-12T10:15:00+00:00 [running]> on host 4f9d1e7ade51
[2024-10-12T10:36:34.727+0000] {taskinstance.py:2648} INFO - Exporting env vars: AIRFLOW_CTX_DAG_OWNER='Mahmoud' AIRFLOW_CTX_DAG_ID='Taxi_trip_pipeline' AIRFLOW_CTX_TASK_ID='load_layer.load_yellow_trip' AIRFLOW_CTX_EXECUTION_DATE='2024-10-12T10:15:00+00:00' AIRFLOW_CTX_TRY_NUMBER='1' AIRFLOW_CTX_DAG_RUN_ID='scheduled__2024-10-12T10:15:00+00:00'
[2024-10-12T10:36:34.728+0000] {taskinstance.py:430} INFO - ::endgroup::
[2024-10-12T10:36:34.765+0000] {taxi_trip.py:89} ERROR - No data found for yellow trip
[2024-10-12T10:36:34.765+0000] {python.py:237} INFO - Done. Returned value was: None
[2024-10-12T10:36:34.765+0000] {taskinstance.py:441} INFO - ::group::Post task execution logs
[2024-10-12T10:36:34.782+0000] {taskinstance.py:1206} INFO - Marking task as SUCCESS. dag_id=Taxi_trip_pipeline, task_id=load_layer.load_yellow_trip, run_id=scheduled__2024-10-12T10:15:00+00:00, execution_date=20241012T101500, start_date=20241012T103634, end_date=20241012T103634
[2024-10-12T10:36:34.857+0000] {local_task_job_runner.py:240} INFO - Task exited with return code 0
[2024-10-12T10:36:34.944+0000] {taskinstance.py:3498} INFO - 0 downstream tasks scheduled from follow-on schedule check
[2024-10-12T10:36:34.950+0000] {local_task_job_runner.py:222} INFO - ::endgroup::
