[2024-09-30T18:00:27.247+0000] {local_task_job_runner.py:120} INFO - ::group::Pre task execution logs
[2024-09-30T18:00:27.278+0000] {taskinstance.py:2076} INFO - Dependencies all met for dep_context=non-requeueable deps ti=<TaskInstance: Taxi_trip_pipeline.dbt_staging_layer.dbt_run_zone_lookup manual__2024-09-30T17:47:30.127854+00:00 [queued]>
[2024-09-30T18:00:27.290+0000] {taskinstance.py:2076} INFO - Dependencies all met for dep_context=requeueable deps ti=<TaskInstance: Taxi_trip_pipeline.dbt_staging_layer.dbt_run_zone_lookup manual__2024-09-30T17:47:30.127854+00:00 [queued]>
[2024-09-30T18:00:27.291+0000] {taskinstance.py:2306} INFO - Starting attempt 6 of 6
[2024-09-30T18:00:27.307+0000] {taskinstance.py:2330} INFO - Executing <Task(BashOperator): dbt_staging_layer.dbt_run_zone_lookup> on 2024-09-30 17:47:30.127854+00:00
[2024-09-30T18:00:27.316+0000] {standard_task_runner.py:63} INFO - Started process 570 to run task
[2024-09-30T18:00:27.319+0000] {standard_task_runner.py:90} INFO - Running: ['***', 'tasks', 'run', 'Taxi_trip_pipeline', 'dbt_staging_layer.dbt_run_zone_lookup', 'manual__2024-09-30T17:47:30.127854+00:00', '--job-id', '71', '--raw', '--subdir', 'DAGS_FOLDER/taxi_trip.py', '--cfg-path', '/tmp/tmpv4t2nn90']
[2024-09-30T18:00:27.321+0000] {standard_task_runner.py:91} INFO - Job 71: Subtask dbt_staging_layer.dbt_run_zone_lookup
[2024-09-30T18:00:27.367+0000] {task_command.py:426} INFO - Running <TaskInstance: Taxi_trip_pipeline.dbt_staging_layer.dbt_run_zone_lookup manual__2024-09-30T17:47:30.127854+00:00 [running]> on host 72cf0e8bafa8
[2024-09-30T18:00:27.455+0000] {taskinstance.py:2648} INFO - Exporting env vars: AIRFLOW_CTX_DAG_OWNER='Mahmoud' AIRFLOW_CTX_DAG_ID='Taxi_trip_pipeline' AIRFLOW_CTX_TASK_ID='dbt_staging_layer.dbt_run_zone_lookup' AIRFLOW_CTX_EXECUTION_DATE='2024-09-30T17:47:30.127854+00:00' AIRFLOW_CTX_TRY_NUMBER='6' AIRFLOW_CTX_DAG_RUN_ID='manual__2024-09-30T17:47:30.127854+00:00'
[2024-09-30T18:00:27.457+0000] {taskinstance.py:430} INFO - ::endgroup::
[2024-09-30T18:00:27.469+0000] {subprocess.py:63} INFO - Tmp dir root location: /tmp
[2024-09-30T18:00:27.470+0000] {subprocess.py:75} INFO - Running command: ['/usr/bin/bash', '-c', 'dbt run --profiles-dir /opt/***/DBT_Project  --project-dir /opt/***/dbt_trip --models zone_lookup']
[2024-09-30T18:00:27.484+0000] {subprocess.py:86} INFO - Output:
[2024-09-30T18:00:30.596+0000] {subprocess.py:93} INFO - [0m18:00:30  Running with dbt=1.8.0
[2024-09-30T18:00:30.929+0000] {subprocess.py:93} INFO - [0m18:00:30  Registered adapter: postgres=1.8.0
[2024-09-30T18:00:31.888+0000] {subprocess.py:93} INFO - [0m18:00:31  [[33mWARNING[0m]: Deprecated functionality
[2024-09-30T18:00:31.888+0000] {subprocess.py:93} INFO - The `tests` config has been renamed to `data_tests`. Please see
[2024-09-30T18:00:31.889+0000] {subprocess.py:93} INFO - https://docs.getdbt.com/docs/build/data-tests#new-data_tests-syntax for more
[2024-09-30T18:00:31.889+0000] {subprocess.py:93} INFO - information.
[2024-09-30T18:00:32.170+0000] {subprocess.py:93} INFO - [0m18:00:32  [[33mWARNING[0m]: Configuration paths exist in your dbt_project.yml file which do not apply to any resources.
[2024-09-30T18:00:32.171+0000] {subprocess.py:93} INFO - There are 2 unused configuration paths:
[2024-09-30T18:00:32.171+0000] {subprocess.py:93} INFO - - models.fact_trip.staging
[2024-09-30T18:00:32.171+0000] {subprocess.py:93} INFO - - models.fact_trip.Dimensions
[2024-09-30T18:00:32.478+0000] {subprocess.py:93} INFO - [0m18:00:32  Found 4 models, 6 data tests, 3 sources, 566 macros
[2024-09-30T18:00:32.483+0000] {subprocess.py:93} INFO - [0m18:00:32
[2024-09-30T18:00:32.674+0000] {subprocess.py:93} INFO - [0m18:00:32  Concurrency: 3 threads (target='dev')
[2024-09-30T18:00:32.675+0000] {subprocess.py:93} INFO - [0m18:00:32
[2024-09-30T18:00:32.693+0000] {subprocess.py:93} INFO - [0m18:00:32  1 of 1 START sql view model analysis.zone_lookup ............................... [RUN]
[2024-09-30T18:00:32.884+0000] {subprocess.py:93} INFO - [0m18:00:32  1 of 1 OK created sql view model analysis.zone_lookup .......................... [[32mCREATE VIEW[0m in 0.19s]
[2024-09-30T18:00:32.895+0000] {subprocess.py:93} INFO - [0m18:00:32
[2024-09-30T18:00:32.896+0000] {subprocess.py:93} INFO - [0m18:00:32  Finished running 1 view model in 0 hours 0 minutes and 0.41 seconds (0.41s).
[2024-09-30T18:00:32.958+0000] {subprocess.py:93} INFO - [0m18:00:32
[2024-09-30T18:00:32.958+0000] {subprocess.py:93} INFO - [0m18:00:32  [32mCompleted successfully[0m
[2024-09-30T18:00:32.959+0000] {subprocess.py:93} INFO - [0m18:00:32
[2024-09-30T18:00:32.960+0000] {subprocess.py:93} INFO - [0m18:00:32  Done. PASS=1 WARN=0 ERROR=0 SKIP=0 TOTAL=1
[2024-09-30T18:00:34.002+0000] {subprocess.py:97} INFO - Command exited with return code 0
[2024-09-30T18:00:34.003+0000] {taskinstance.py:441} INFO - ::group::Post task execution logs
[2024-09-30T18:00:34.033+0000] {taskinstance.py:1206} INFO - Marking task as SUCCESS. dag_id=Taxi_trip_pipeline, task_id=dbt_staging_layer.dbt_run_zone_lookup, run_id=manual__2024-09-30T17:47:30.127854+00:00, execution_date=20240930T174730, start_date=20240930T180027, end_date=20240930T180034
[2024-09-30T18:00:34.083+0000] {local_task_job_runner.py:240} INFO - Task exited with return code 0
[2024-09-30T18:00:34.105+0000] {taskinstance.py:3498} INFO - 0 downstream tasks scheduled from follow-on schedule check
[2024-09-30T18:00:34.107+0000] {local_task_job_runner.py:222} INFO - ::endgroup::
