[2024-10-12T10:24:00.534+0000] {local_task_job_runner.py:120} INFO - ::group::Pre task execution logs
[2024-10-12T10:24:00.557+0000] {taskinstance.py:2076} INFO - Dependencies all met for dep_context=non-requeueable deps ti=<TaskInstance: Taxi_trip_pipeline.load_layer.load_green_trip scheduled__2024-10-12T10:00:00+00:00 [queued]>
[2024-10-12T10:24:00.565+0000] {taskinstance.py:2076} INFO - Dependencies all met for dep_context=requeueable deps ti=<TaskInstance: Taxi_trip_pipeline.load_layer.load_green_trip scheduled__2024-10-12T10:00:00+00:00 [queued]>
[2024-10-12T10:24:00.565+0000] {taskinstance.py:2306} INFO - Starting attempt 2 of 2
[2024-10-12T10:24:00.578+0000] {taskinstance.py:2330} INFO - Executing <Task(PythonOperator): load_layer.load_green_trip> on 2024-10-12 10:00:00+00:00
[2024-10-12T10:24:00.585+0000] {standard_task_runner.py:63} INFO - Started process 154 to run task
[2024-10-12T10:24:00.588+0000] {standard_task_runner.py:90} INFO - Running: ['***', 'tasks', 'run', 'Taxi_trip_pipeline', 'load_layer.load_green_trip', 'scheduled__2024-10-12T10:00:00+00:00', '--job-id', '12', '--raw', '--subdir', 'DAGS_FOLDER/taxi_trip.py', '--cfg-path', '/tmp/tmpu7on6avy']
[2024-10-12T10:24:00.590+0000] {standard_task_runner.py:91} INFO - Job 12: Subtask load_layer.load_green_trip
[2024-10-12T10:24:00.633+0000] {task_command.py:426} INFO - Running <TaskInstance: Taxi_trip_pipeline.load_layer.load_green_trip scheduled__2024-10-12T10:00:00+00:00 [running]> on host bcbc9bb54b17
[2024-10-12T10:24:00.712+0000] {taskinstance.py:2648} INFO - Exporting env vars: AIRFLOW_CTX_DAG_OWNER='Mahmoud' AIRFLOW_CTX_DAG_ID='Taxi_trip_pipeline' AIRFLOW_CTX_TASK_ID='load_layer.load_green_trip' AIRFLOW_CTX_EXECUTION_DATE='2024-10-12T10:00:00+00:00' AIRFLOW_CTX_TRY_NUMBER='2' AIRFLOW_CTX_DAG_RUN_ID='scheduled__2024-10-12T10:00:00+00:00'
[2024-10-12T10:24:00.713+0000] {taskinstance.py:430} INFO - ::endgroup::
[2024-10-12T10:24:01.063+0000] {taxi_trip.py:72} INFO - Loading green trip data started with 339807 rows
[2024-10-12T10:24:01.063+0000] {Load_data.py:11} INFO - Loading green trip data...
[2024-10-12T10:24:01.063+0000] {Load_data.py:12} INFO - green trip with 339807rows
[2024-10-12T10:24:01.250+0000] {db_utils.py:31} INFO - Loading data into table green_trip...
[2024-10-12T10:24:01.256+0000] {db_utils.py:16} INFO - Connected to PostgreSQL database successfully
[2024-10-12T10:24:30.876+0000] {db_utils.py:38} INFO - Data loaded successfully into table green_trip with 339807 rows
[2024-10-12T10:24:30.877+0000] {db_utils.py:25} INFO - PostgreSQL connection is closed
[2024-10-12T10:24:30.878+0000] {db_utils.py:28} INFO - SQLAlchemy engine disposed
[2024-10-12T10:24:30.878+0000] {Load_data.py:39} INFO - Green trip data loaded successfully
[2024-10-12T10:24:30.879+0000] {taxi_trip.py:74} INFO - Loading green trip data done
[2024-10-12T10:24:30.880+0000] {python.py:237} INFO - Done. Returned value was: None
[2024-10-12T10:24:30.881+0000] {taskinstance.py:441} INFO - ::group::Post task execution logs
[2024-10-12T10:24:30.890+0000] {taskinstance.py:1206} INFO - Marking task as SUCCESS. dag_id=Taxi_trip_pipeline, task_id=load_layer.load_green_trip, run_id=scheduled__2024-10-12T10:00:00+00:00, execution_date=20241012T100000, start_date=20241012T102400, end_date=20241012T102430
[2024-10-12T10:24:30.948+0000] {local_task_job_runner.py:240} INFO - Task exited with return code 0
[2024-10-12T10:24:30.975+0000] {taskinstance.py:3498} INFO - 1 downstream tasks scheduled from follow-on schedule check
[2024-10-12T10:24:30.977+0000] {local_task_job_runner.py:222} INFO - ::endgroup::
