[2024-10-12T10:15:02.912+0000] {local_task_job_runner.py:120} INFO - ::group::Pre task execution logs
[2024-10-12T10:15:02.933+0000] {taskinstance.py:2076} INFO - Dependencies all met for dep_context=non-requeueable deps ti=<TaskInstance: Taxi_trip_pipeline.load_layer.load_green_trip scheduled__2024-10-12T10:00:00+00:00 [queued]>
[2024-10-12T10:15:02.944+0000] {taskinstance.py:2076} INFO - Dependencies all met for dep_context=requeueable deps ti=<TaskInstance: Taxi_trip_pipeline.load_layer.load_green_trip scheduled__2024-10-12T10:00:00+00:00 [queued]>
[2024-10-12T10:15:02.944+0000] {taskinstance.py:2306} INFO - Starting attempt 1 of 1
[2024-10-12T10:15:02.957+0000] {taskinstance.py:2330} INFO - Executing <Task(PythonOperator): load_layer.load_green_trip> on 2024-10-12 10:00:00+00:00
[2024-10-12T10:15:02.964+0000] {standard_task_runner.py:63} INFO - Started process 655 to run task
[2024-10-12T10:15:02.967+0000] {standard_task_runner.py:90} INFO - Running: ['***', 'tasks', 'run', 'Taxi_trip_pipeline', 'load_layer.load_green_trip', 'scheduled__2024-10-12T10:00:00+00:00', '--job-id', '605', '--raw', '--subdir', 'DAGS_FOLDER/taxi_trip.py', '--cfg-path', '/tmp/tmpj4203rlm']
[2024-10-12T10:15:02.969+0000] {standard_task_runner.py:91} INFO - Job 605: Subtask load_layer.load_green_trip
[2024-10-12T10:15:03.018+0000] {task_command.py:426} INFO - Running <TaskInstance: Taxi_trip_pipeline.load_layer.load_green_trip scheduled__2024-10-12T10:00:00+00:00 [running]> on host cb13d84d2d77
[2024-10-12T10:15:03.117+0000] {taskinstance.py:2648} INFO - Exporting env vars: AIRFLOW_CTX_DAG_OWNER='Mahmoud' AIRFLOW_CTX_DAG_ID='Taxi_trip_pipeline' AIRFLOW_CTX_TASK_ID='load_layer.load_green_trip' AIRFLOW_CTX_EXECUTION_DATE='2024-10-12T10:00:00+00:00' AIRFLOW_CTX_TRY_NUMBER='1' AIRFLOW_CTX_DAG_RUN_ID='scheduled__2024-10-12T10:00:00+00:00'
[2024-10-12T10:15:03.118+0000] {taskinstance.py:430} INFO - ::endgroup::
[2024-10-12T10:15:03.142+0000] {taxi_trip.py:76} ERROR - No data found for green trip
[2024-10-12T10:15:03.142+0000] {python.py:237} INFO - Done. Returned value was: None
[2024-10-12T10:15:03.143+0000] {taskinstance.py:441} INFO - ::group::Post task execution logs
[2024-10-12T10:15:03.153+0000] {taskinstance.py:1206} INFO - Marking task as SUCCESS. dag_id=Taxi_trip_pipeline, task_id=load_layer.load_green_trip, run_id=scheduled__2024-10-12T10:00:00+00:00, execution_date=20241012T100000, start_date=20241012T101502, end_date=20241012T101503
[2024-10-12T10:15:03.179+0000] {local_task_job_runner.py:240} INFO - Task exited with return code 0
[2024-10-12T10:15:03.215+0000] {taskinstance.py:3498} INFO - 1 downstream tasks scheduled from follow-on schedule check
[2024-10-12T10:15:03.216+0000] {local_task_job_runner.py:222} INFO - ::endgroup::
[2024-10-12T10:22:25.016+0000] {local_task_job_runner.py:120} INFO - ::group::Pre task execution logs
[2024-10-12T10:22:25.043+0000] {taskinstance.py:2076} INFO - Dependencies all met for dep_context=non-requeueable deps ti=<TaskInstance: Taxi_trip_pipeline.load_layer.load_green_trip scheduled__2024-10-12T10:00:00+00:00 [queued]>
[2024-10-12T10:22:25.052+0000] {taskinstance.py:2076} INFO - Dependencies all met for dep_context=requeueable deps ti=<TaskInstance: Taxi_trip_pipeline.load_layer.load_green_trip scheduled__2024-10-12T10:00:00+00:00 [queued]>
[2024-10-12T10:22:25.053+0000] {taskinstance.py:2306} INFO - Starting attempt 1 of 1
[2024-10-12T10:22:25.070+0000] {taskinstance.py:2330} INFO - Executing <Task(PythonOperator): load_layer.load_green_trip> on 2024-10-12 10:00:00+00:00
[2024-10-12T10:22:25.079+0000] {standard_task_runner.py:63} INFO - Started process 59 to run task
[2024-10-12T10:22:25.082+0000] {standard_task_runner.py:90} INFO - Running: ['***', 'tasks', 'run', 'Taxi_trip_pipeline', 'load_layer.load_green_trip', 'scheduled__2024-10-12T10:00:00+00:00', '--job-id', '5', '--raw', '--subdir', 'DAGS_FOLDER/taxi_trip.py', '--cfg-path', '/tmp/tmpyaw7k38v']
[2024-10-12T10:22:25.084+0000] {standard_task_runner.py:91} INFO - Job 5: Subtask load_layer.load_green_trip
[2024-10-12T10:22:25.129+0000] {task_command.py:426} INFO - Running <TaskInstance: Taxi_trip_pipeline.load_layer.load_green_trip scheduled__2024-10-12T10:00:00+00:00 [running]> on host bcbc9bb54b17
[2024-10-12T10:22:25.211+0000] {taskinstance.py:2648} INFO - Exporting env vars: AIRFLOW_CTX_DAG_OWNER='Mahmoud' AIRFLOW_CTX_DAG_ID='Taxi_trip_pipeline' AIRFLOW_CTX_TASK_ID='load_layer.load_green_trip' AIRFLOW_CTX_EXECUTION_DATE='2024-10-12T10:00:00+00:00' AIRFLOW_CTX_TRY_NUMBER='1' AIRFLOW_CTX_DAG_RUN_ID='scheduled__2024-10-12T10:00:00+00:00'
[2024-10-12T10:22:25.212+0000] {taskinstance.py:430} INFO - ::endgroup::
[2024-10-12T10:22:25.233+0000] {taxi_trip.py:76} ERROR - No data found for green trip
[2024-10-12T10:22:25.233+0000] {python.py:237} INFO - Done. Returned value was: None
[2024-10-12T10:22:25.234+0000] {taskinstance.py:441} INFO - ::group::Post task execution logs
[2024-10-12T10:22:25.242+0000] {taskinstance.py:1206} INFO - Marking task as SUCCESS. dag_id=Taxi_trip_pipeline, task_id=load_layer.load_green_trip, run_id=scheduled__2024-10-12T10:00:00+00:00, execution_date=20241012T100000, start_date=20241012T102225, end_date=20241012T102225
[2024-10-12T10:22:25.294+0000] {local_task_job_runner.py:240} INFO - Task exited with return code 0
[2024-10-12T10:22:25.326+0000] {taskinstance.py:3498} INFO - 0 downstream tasks scheduled from follow-on schedule check
[2024-10-12T10:22:25.327+0000] {local_task_job_runner.py:222} INFO - ::endgroup::
