[2024-10-12T12:27:14.788+0000] {local_task_job_runner.py:120} INFO - ::group::Pre task execution logs
[2024-10-12T12:27:14.809+0000] {taskinstance.py:2076} INFO - Dependencies all met for dep_context=non-requeueable deps ti=<TaskInstance: Taxi_trip_pipeline.move_files_to_archive manual__2024-10-12T12:26:35.793984+00:00 [queued]>
[2024-10-12T12:27:14.817+0000] {taskinstance.py:2076} INFO - Dependencies all met for dep_context=requeueable deps ti=<TaskInstance: Taxi_trip_pipeline.move_files_to_archive manual__2024-10-12T12:26:35.793984+00:00 [queued]>
[2024-10-12T12:27:14.817+0000] {taskinstance.py:2306} INFO - Starting attempt 1 of 1
[2024-10-12T12:27:14.829+0000] {taskinstance.py:2330} INFO - Executing <Task(PythonOperator): move_files_to_archive> on 2024-10-12 12:26:35.793984+00:00
[2024-10-12T12:27:14.836+0000] {standard_task_runner.py:63} INFO - Started process 92 to run task
[2024-10-12T12:27:14.839+0000] {standard_task_runner.py:90} INFO - Running: ['***', 'tasks', 'run', 'Taxi_trip_pipeline', 'move_files_to_archive', 'manual__2024-10-12T12:26:35.793984+00:00', '--job-id', '58', '--raw', '--subdir', 'DAGS_FOLDER/taxi_trip.py', '--cfg-path', '/tmp/tmpy393nt9y']
[2024-10-12T12:27:14.841+0000] {standard_task_runner.py:91} INFO - Job 58: Subtask move_files_to_archive
[2024-10-12T12:27:14.881+0000] {task_command.py:426} INFO - Running <TaskInstance: Taxi_trip_pipeline.move_files_to_archive manual__2024-10-12T12:26:35.793984+00:00 [running]> on host 2e13a8282432
[2024-10-12T12:27:14.954+0000] {taskinstance.py:2648} INFO - Exporting env vars: AIRFLOW_CTX_DAG_OWNER='Mahmoud' AIRFLOW_CTX_DAG_ID='Taxi_trip_pipeline' AIRFLOW_CTX_TASK_ID='move_files_to_archive' AIRFLOW_CTX_EXECUTION_DATE='2024-10-12T12:26:35.793984+00:00' AIRFLOW_CTX_TRY_NUMBER='1' AIRFLOW_CTX_DAG_RUN_ID='manual__2024-10-12T12:26:35.793984+00:00'
[2024-10-12T12:27:14.955+0000] {taskinstance.py:430} INFO - ::endgroup::
[2024-10-12T12:27:14.982+0000] {Process_data.py:85} INFO - Moved ./incloud/Staging/Green_trip_files/green_tripdata_2024-04.parquet to archive to /opt/***/incloud/Staging/archive/green_tripdata_2024-04.parquet
[2024-10-12T12:27:14.983+0000] {Process_data.py:85} INFO - Moved ./incloud/Staging/Green_trip_files/green_tripdata_2024-01.parquet to archive to /opt/***/incloud/Staging/archive/green_tripdata_2024-01.parquet
[2024-10-12T12:27:14.984+0000] {Process_data.py:85} INFO - Moved ./incloud/Staging/Green_trip_files/green_tripdata_2024-03.parquet to archive to /opt/***/incloud/Staging/archive/green_tripdata_2024-03.parquet
[2024-10-12T12:27:14.985+0000] {Process_data.py:85} INFO - Moved ./incloud/Staging/Green_trip_files/green_tripdata_2024-02.parquet to archive to /opt/***/incloud/Staging/archive/green_tripdata_2024-02.parquet
[2024-10-12T12:27:14.986+0000] {Process_data.py:85} INFO - Moved ./incloud/Staging/Green_trip_files/green_tripdata_2024-05.parquet to archive to /opt/***/incloud/Staging/archive/green_tripdata_2024-05.parquet
[2024-10-12T12:27:14.987+0000] {Process_data.py:85} INFO - Moved ./incloud/Staging/Green_trip_files/green_tripdata_2024-06.parquet to archive to /opt/***/incloud/Staging/archive/green_tripdata_2024-06.parquet
[2024-10-12T12:27:14.987+0000] {taxi_trip.py:123} INFO - Files archive_green successfully.
[2024-10-12T12:27:14.988+0000] {taxi_trip.py:130} WARNING - No files to archive_yellow.
[2024-10-12T12:27:14.988+0000] {python.py:237} INFO - Done. Returned value was: None
[2024-10-12T12:27:14.988+0000] {taskinstance.py:441} INFO - ::group::Post task execution logs
[2024-10-12T12:27:14.996+0000] {taskinstance.py:1206} INFO - Marking task as SUCCESS. dag_id=Taxi_trip_pipeline, task_id=move_files_to_archive, run_id=manual__2024-10-12T12:26:35.793984+00:00, execution_date=20241012T122635, start_date=20241012T122714, end_date=20241012T122714
[2024-10-12T12:27:15.051+0000] {local_task_job_runner.py:240} INFO - Task exited with return code 0
[2024-10-12T12:27:15.081+0000] {taskinstance.py:3498} INFO - 3 downstream tasks scheduled from follow-on schedule check
[2024-10-12T12:27:15.082+0000] {local_task_job_runner.py:222} INFO - ::endgroup::
