[2024-09-27T20:31:58.926+0000] {local_task_job_runner.py:120} INFO - ::group::Pre task execution logs
[2024-09-27T20:31:58.951+0000] {taskinstance.py:2076} INFO - Dependencies all met for dep_context=non-requeueable deps ti=<TaskInstance: Taxi_trip_pipeline.load_layer.load_green_trip manual__2024-09-27T20:28:31.410767+00:00 [queued]>
[2024-09-27T20:31:58.960+0000] {taskinstance.py:2076} INFO - Dependencies all met for dep_context=requeueable deps ti=<TaskInstance: Taxi_trip_pipeline.load_layer.load_green_trip manual__2024-09-27T20:28:31.410767+00:00 [queued]>
[2024-09-27T20:31:58.960+0000] {taskinstance.py:2306} INFO - Starting attempt 3 of 3
[2024-09-27T20:31:58.972+0000] {taskinstance.py:2330} INFO - Executing <Task(PythonOperator): load_layer.load_green_trip> on 2024-09-27 20:28:31.410767+00:00
[2024-09-27T20:31:58.979+0000] {standard_task_runner.py:63} INFO - Started process 123 to run task
[2024-09-27T20:31:58.983+0000] {standard_task_runner.py:90} INFO - Running: ['***', 'tasks', 'run', 'Taxi_trip_pipeline', 'load_layer.load_green_trip', 'manual__2024-09-27T20:28:31.410767+00:00', '--job-id', '185', '--raw', '--subdir', 'DAGS_FOLDER/taxi_trip.py', '--cfg-path', '/tmp/tmpvljb07o_']
[2024-09-27T20:31:58.986+0000] {standard_task_runner.py:91} INFO - Job 185: Subtask load_layer.load_green_trip
[2024-09-27T20:31:59.030+0000] {task_command.py:426} INFO - Running <TaskInstance: Taxi_trip_pipeline.load_layer.load_green_trip manual__2024-09-27T20:28:31.410767+00:00 [running]> on host d7ea763741e5
[2024-09-27T20:31:59.114+0000] {taskinstance.py:2648} INFO - Exporting env vars: AIRFLOW_CTX_DAG_OWNER='Mahmoud' AIRFLOW_CTX_DAG_ID='Taxi_trip_pipeline' AIRFLOW_CTX_TASK_ID='load_layer.load_green_trip' AIRFLOW_CTX_EXECUTION_DATE='2024-09-27T20:28:31.410767+00:00' AIRFLOW_CTX_TRY_NUMBER='3' AIRFLOW_CTX_DAG_RUN_ID='manual__2024-09-27T20:28:31.410767+00:00'
[2024-09-27T20:31:59.115+0000] {taskinstance.py:430} INFO - ::endgroup::
[2024-09-27T20:31:59.218+0000] {taxi_trip.py:69} INFO - Loading green trip data started with 56551 rows
[2024-09-27T20:31:59.218+0000] {Load_data.py:11} INFO - Loading green trip data...
[2024-09-27T20:31:59.219+0000] {Load_data.py:12} INFO - green trip with 56551rows
[2024-09-27T20:31:59.428+0000] {db_utils.py:31} INFO - Loading data into table green_trip...
[2024-09-27T20:31:59.434+0000] {db_utils.py:16} INFO - Connected to PostgreSQL database successfully
[2024-09-27T20:32:04.718+0000] {db_utils.py:38} INFO - Data loaded successfully into table green_trip with 56551 rows
[2024-09-27T20:32:04.719+0000] {db_utils.py:25} INFO - PostgreSQL connection is closed
[2024-09-27T20:32:04.719+0000] {db_utils.py:28} INFO - SQLAlchemy engine disposed
[2024-09-27T20:32:04.720+0000] {Load_data.py:39} INFO - Green trip data loaded successfully
[2024-09-27T20:32:04.720+0000] {taxi_trip.py:71} INFO - Loading green trip data done
[2024-09-27T20:32:04.721+0000] {python.py:237} INFO - Done. Returned value was: None
[2024-09-27T20:32:04.722+0000] {taskinstance.py:441} INFO - ::group::Post task execution logs
[2024-09-27T20:32:04.733+0000] {taskinstance.py:1206} INFO - Marking task as SUCCESS. dag_id=Taxi_trip_pipeline, task_id=load_layer.load_green_trip, run_id=manual__2024-09-27T20:28:31.410767+00:00, execution_date=20240927T202831, start_date=20240927T203158, end_date=20240927T203204
[2024-09-27T20:32:04.777+0000] {local_task_job_runner.py:240} INFO - Task exited with return code 0
[2024-09-27T20:32:04.799+0000] {taskinstance.py:3498} INFO - 0 downstream tasks scheduled from follow-on schedule check
[2024-09-27T20:32:04.800+0000] {local_task_job_runner.py:222} INFO - ::endgroup::
