[2024-10-12T08:33:05.725+0000] {local_task_job_runner.py:120} INFO - ::group::Pre task execution logs
[2024-10-12T08:33:05.752+0000] {taskinstance.py:2076} INFO - Dependencies all met for dep_context=non-requeueable deps ti=<TaskInstance: Taxi_trip_pipeline.dbt_transformation_layer.dbt_run_model_zone_lookup scheduled__2024-10-12T08:15:00+00:00 [queued]>
[2024-10-12T08:33:05.762+0000] {taskinstance.py:2076} INFO - Dependencies all met for dep_context=requeueable deps ti=<TaskInstance: Taxi_trip_pipeline.dbt_transformation_layer.dbt_run_model_zone_lookup scheduled__2024-10-12T08:15:00+00:00 [queued]>
[2024-10-12T08:33:05.763+0000] {taskinstance.py:2306} INFO - Starting attempt 2 of 2
[2024-10-12T08:33:05.777+0000] {taskinstance.py:2330} INFO - Executing <Task(BashOperator): dbt_transformation_layer.dbt_run_model_zone_lookup> on 2024-10-12 08:15:00+00:00
[2024-10-12T08:33:05.785+0000] {standard_task_runner.py:63} INFO - Started process 58 to run task
[2024-10-12T08:33:05.788+0000] {standard_task_runner.py:90} INFO - Running: ['***', 'tasks', 'run', 'Taxi_trip_pipeline', 'dbt_transformation_layer.dbt_run_model_zone_lookup', 'scheduled__2024-10-12T08:15:00+00:00', '--job-id', '470', '--raw', '--subdir', 'DAGS_FOLDER/taxi_trip.py', '--cfg-path', '/tmp/tmpugu2ojwl']
[2024-10-12T08:33:05.790+0000] {standard_task_runner.py:91} INFO - Job 470: Subtask dbt_transformation_layer.dbt_run_model_zone_lookup
[2024-10-12T08:33:05.844+0000] {task_command.py:426} INFO - Running <TaskInstance: Taxi_trip_pipeline.dbt_transformation_layer.dbt_run_model_zone_lookup scheduled__2024-10-12T08:15:00+00:00 [running]> on host fd913b953c2b
[2024-10-12T08:33:05.938+0000] {taskinstance.py:2648} INFO - Exporting env vars: AIRFLOW_CTX_DAG_OWNER='Mahmoud' AIRFLOW_CTX_DAG_ID='Taxi_trip_pipeline' AIRFLOW_CTX_TASK_ID='dbt_transformation_layer.dbt_run_model_zone_lookup' AIRFLOW_CTX_EXECUTION_DATE='2024-10-12T08:15:00+00:00' AIRFLOW_CTX_TRY_NUMBER='2' AIRFLOW_CTX_DAG_RUN_ID='scheduled__2024-10-12T08:15:00+00:00'
[2024-10-12T08:33:05.939+0000] {taskinstance.py:430} INFO - ::endgroup::
[2024-10-12T08:33:05.952+0000] {subprocess.py:63} INFO - Tmp dir root location: /tmp
[2024-10-12T08:33:05.952+0000] {subprocess.py:75} INFO - Running command: ['/usr/bin/bash', '-c', 'dbt run --profiles-dir /opt/***/DBT_Project  --project-dir /opt/***/dbt_trip --models zone_lookup']
[2024-10-12T08:33:05.968+0000] {subprocess.py:86} INFO - Output:
[2024-10-12T08:33:09.414+0000] {subprocess.py:93} INFO - [0m08:33:09  Running with dbt=1.8.0
[2024-10-12T08:33:09.757+0000] {subprocess.py:93} INFO - [0m08:33:09  Registered adapter: postgres=1.8.0
[2024-10-12T08:33:10.290+0000] {subprocess.py:93} INFO - [0m08:33:10  [[33mWARNING[0m]: Configuration paths exist in your dbt_project.yml file which do not apply to any resources.
[2024-10-12T08:33:10.291+0000] {subprocess.py:93} INFO - There are 2 unused configuration paths:
[2024-10-12T08:33:10.291+0000] {subprocess.py:93} INFO - - models.fact_trip.Dimensions
[2024-10-12T08:33:10.291+0000] {subprocess.py:93} INFO - - models.fact_trip.staging
[2024-10-12T08:33:10.585+0000] {subprocess.py:93} INFO - [0m08:33:10  Found 4 models, 6 data tests, 3 sources, 566 macros
[2024-10-12T08:33:10.589+0000] {subprocess.py:93} INFO - [0m08:33:10
[2024-10-12T08:33:10.839+0000] {subprocess.py:93} INFO - [0m08:33:10  Concurrency: 3 threads (target='dev')
[2024-10-12T08:33:10.845+0000] {subprocess.py:93} INFO - [0m08:33:10
[2024-10-12T08:33:10.880+0000] {subprocess.py:93} INFO - [0m08:33:10  1 of 1 START sql view model analysis.zone_lookup ............................... [RUN]
[2024-10-12T08:33:11.223+0000] {subprocess.py:93} INFO - [0m08:33:11  1 of 1 OK created sql view model analysis.zone_lookup .......................... [[32mCREATE VIEW[0m in 0.33s]
[2024-10-12T08:33:11.254+0000] {subprocess.py:93} INFO - [0m08:33:11
[2024-10-12T08:33:11.255+0000] {subprocess.py:93} INFO - [0m08:33:11  Finished running 1 view model in 0 hours 0 minutes and 0.66 seconds (0.66s).
[2024-10-12T08:33:11.334+0000] {subprocess.py:93} INFO - [0m08:33:11
[2024-10-12T08:33:11.334+0000] {subprocess.py:93} INFO - [0m08:33:11  [32mCompleted successfully[0m
[2024-10-12T08:33:11.335+0000] {subprocess.py:93} INFO - [0m08:33:11
[2024-10-12T08:33:11.336+0000] {subprocess.py:93} INFO - [0m08:33:11  Done. PASS=1 WARN=0 ERROR=0 SKIP=0 TOTAL=1
[2024-10-12T08:33:12.485+0000] {subprocess.py:97} INFO - Command exited with return code 0
[2024-10-12T08:33:12.485+0000] {taskinstance.py:441} INFO - ::group::Post task execution logs
[2024-10-12T08:33:12.517+0000] {taskinstance.py:1206} INFO - Marking task as SUCCESS. dag_id=Taxi_trip_pipeline, task_id=dbt_transformation_layer.dbt_run_model_zone_lookup, run_id=scheduled__2024-10-12T08:15:00+00:00, execution_date=20241012T081500, start_date=20241012T083305, end_date=20241012T083312
[2024-10-12T08:33:12.549+0000] {local_task_job_runner.py:240} INFO - Task exited with return code 0
[2024-10-12T08:33:12.587+0000] {taskinstance.py:3498} INFO - 1 downstream tasks scheduled from follow-on schedule check
[2024-10-12T08:33:12.588+0000] {local_task_job_runner.py:222} INFO - ::endgroup::
