[2024-10-12T08:30:09.298+0000] {local_task_job_runner.py:120} INFO - ::group::Pre task execution logs
[2024-10-12T08:30:09.332+0000] {taskinstance.py:2076} INFO - Dependencies all met for dep_context=non-requeueable deps ti=<TaskInstance: Taxi_trip_pipeline.dbt_transformation_layer.dbt_run_model_zone_lookup scheduled__2024-10-12T08:15:00+00:00 [queued]>
[2024-10-12T08:30:09.344+0000] {taskinstance.py:2076} INFO - Dependencies all met for dep_context=requeueable deps ti=<TaskInstance: Taxi_trip_pipeline.dbt_transformation_layer.dbt_run_model_zone_lookup scheduled__2024-10-12T08:15:00+00:00 [queued]>
[2024-10-12T08:30:09.345+0000] {taskinstance.py:2306} INFO - Starting attempt 1 of 1
[2024-10-12T08:30:09.361+0000] {taskinstance.py:2330} INFO - Executing <Task(BashOperator): dbt_transformation_layer.dbt_run_model_zone_lookup> on 2024-10-12 08:15:00+00:00
[2024-10-12T08:30:09.370+0000] {standard_task_runner.py:63} INFO - Started process 408 to run task
[2024-10-12T08:30:09.374+0000] {standard_task_runner.py:90} INFO - Running: ['***', 'tasks', 'run', 'Taxi_trip_pipeline', 'dbt_transformation_layer.dbt_run_model_zone_lookup', 'scheduled__2024-10-12T08:15:00+00:00', '--job-id', '463', '--raw', '--subdir', 'DAGS_FOLDER/taxi_trip.py', '--cfg-path', '/tmp/tmpe6v2x7n9']
[2024-10-12T08:30:09.376+0000] {standard_task_runner.py:91} INFO - Job 463: Subtask dbt_transformation_layer.dbt_run_model_zone_lookup
[2024-10-12T08:30:09.437+0000] {task_command.py:426} INFO - Running <TaskInstance: Taxi_trip_pipeline.dbt_transformation_layer.dbt_run_model_zone_lookup scheduled__2024-10-12T08:15:00+00:00 [running]> on host 54f793ecdf1a
[2024-10-12T08:30:09.555+0000] {taskinstance.py:2648} INFO - Exporting env vars: AIRFLOW_CTX_DAG_OWNER='Mahmoud' AIRFLOW_CTX_DAG_ID='Taxi_trip_pipeline' AIRFLOW_CTX_TASK_ID='dbt_transformation_layer.dbt_run_model_zone_lookup' AIRFLOW_CTX_EXECUTION_DATE='2024-10-12T08:15:00+00:00' AIRFLOW_CTX_TRY_NUMBER='1' AIRFLOW_CTX_DAG_RUN_ID='scheduled__2024-10-12T08:15:00+00:00'
[2024-10-12T08:30:09.556+0000] {taskinstance.py:430} INFO - ::endgroup::
[2024-10-12T08:30:09.574+0000] {subprocess.py:63} INFO - Tmp dir root location: /tmp
[2024-10-12T08:30:09.575+0000] {subprocess.py:75} INFO - Running command: ['/usr/bin/bash', '-c', 'dbt run --profiles-dir /opt/***/DBT_Project  --project-dir /opt/***/dbt_trip --models zone_lookup']
[2024-10-12T08:30:09.593+0000] {subprocess.py:86} INFO - Output:
[2024-10-12T08:30:13.054+0000] {subprocess.py:93} INFO - [0m08:30:13  Running with dbt=1.8.0
[2024-10-12T08:30:13.468+0000] {subprocess.py:93} INFO - [0m08:30:13  Registered adapter: postgres=1.8.0
[2024-10-12T08:30:13.969+0000] {subprocess.py:93} INFO - [0m08:30:13  [[33mWARNING[0m]: Configuration paths exist in your dbt_project.yml file which do not apply to any resources.
[2024-10-12T08:30:13.970+0000] {subprocess.py:93} INFO - There are 2 unused configuration paths:
[2024-10-12T08:30:13.970+0000] {subprocess.py:93} INFO - - models.fact_trip.Dimensions
[2024-10-12T08:30:13.971+0000] {subprocess.py:93} INFO - - models.fact_trip.staging
[2024-10-12T08:30:14.288+0000] {subprocess.py:93} INFO - [0m08:30:14  Found 4 models, 6 data tests, 3 sources, 566 macros
[2024-10-12T08:30:14.291+0000] {subprocess.py:93} INFO - [0m08:30:14
[2024-10-12T08:30:14.496+0000] {subprocess.py:93} INFO - [0m08:30:14  Concurrency: 3 threads (target='dev')
[2024-10-12T08:30:14.497+0000] {subprocess.py:93} INFO - [0m08:30:14
[2024-10-12T08:30:14.518+0000] {subprocess.py:93} INFO - [0m08:30:14  1 of 1 START sql view model analysis.zone_lookup ............................... [RUN]
[2024-10-12T08:30:14.771+0000] {subprocess.py:93} INFO - [0m08:30:14  1 of 1 OK created sql view model analysis.zone_lookup .......................... [[32mCREATE VIEW[0m in 0.25s]
[2024-10-12T08:30:14.792+0000] {subprocess.py:93} INFO - [0m08:30:14
[2024-10-12T08:30:14.793+0000] {subprocess.py:93} INFO - [0m08:30:14  Finished running 1 view model in 0 hours 0 minutes and 0.50 seconds (0.50s).
[2024-10-12T08:30:14.870+0000] {subprocess.py:93} INFO - [0m08:30:14
[2024-10-12T08:30:14.873+0000] {subprocess.py:93} INFO - [0m08:30:14  [32mCompleted successfully[0m
[2024-10-12T08:30:14.874+0000] {subprocess.py:93} INFO - [0m08:30:14
[2024-10-12T08:30:14.875+0000] {subprocess.py:93} INFO - [0m08:30:14  Done. PASS=1 WARN=0 ERROR=0 SKIP=0 TOTAL=1
[2024-10-12T08:30:20.859+0000] {subprocess.py:97} INFO - Command exited with return code 0
[2024-10-12T08:30:20.860+0000] {taskinstance.py:441} INFO - ::group::Post task execution logs
[2024-10-12T08:30:20.884+0000] {taskinstance.py:1206} INFO - Marking task as SUCCESS. dag_id=Taxi_trip_pipeline, task_id=dbt_transformation_layer.dbt_run_model_zone_lookup, run_id=scheduled__2024-10-12T08:15:00+00:00, execution_date=20241012T081500, start_date=20241012T083009, end_date=20241012T083020
[2024-10-12T08:30:20.940+0000] {local_task_job_runner.py:240} INFO - Task exited with return code 0
[2024-10-12T08:30:20.966+0000] {taskinstance.py:3498} INFO - 1 downstream tasks scheduled from follow-on schedule check
[2024-10-12T08:30:20.967+0000] {local_task_job_runner.py:222} INFO - ::endgroup::
