[2024-10-12T12:12:51.554+0000] {local_task_job_runner.py:120} INFO - ::group::Pre task execution logs
[2024-10-12T12:12:51.585+0000] {taskinstance.py:2076} INFO - Dependencies all met for dep_context=non-requeueable deps ti=<TaskInstance: Taxi_trip_pipeline.dbt_transformation_layer.dbt_run_model_green_trip scheduled__2024-10-12T11:45:00+00:00 [queued]>
[2024-10-12T12:12:51.598+0000] {taskinstance.py:2076} INFO - Dependencies all met for dep_context=requeueable deps ti=<TaskInstance: Taxi_trip_pipeline.dbt_transformation_layer.dbt_run_model_green_trip scheduled__2024-10-12T11:45:00+00:00 [queued]>
[2024-10-12T12:12:51.598+0000] {taskinstance.py:2306} INFO - Starting attempt 4 of 4
[2024-10-12T12:12:51.618+0000] {taskinstance.py:2330} INFO - Executing <Task(BashOperator): dbt_transformation_layer.dbt_run_model_green_trip> on 2024-10-12 11:45:00+00:00
[2024-10-12T12:12:51.626+0000] {standard_task_runner.py:63} INFO - Started process 303 to run task
[2024-10-12T12:12:51.630+0000] {standard_task_runner.py:90} INFO - Running: ['***', 'tasks', 'run', 'Taxi_trip_pipeline', 'dbt_transformation_layer.dbt_run_model_green_trip', 'scheduled__2024-10-12T11:45:00+00:00', '--job-id', '32', '--raw', '--subdir', 'DAGS_FOLDER/taxi_trip.py', '--cfg-path', '/tmp/tmp5m_rq4zj']
[2024-10-12T12:12:51.633+0000] {standard_task_runner.py:91} INFO - Job 32: Subtask dbt_transformation_layer.dbt_run_model_green_trip
[2024-10-12T12:12:51.693+0000] {task_command.py:426} INFO - Running <TaskInstance: Taxi_trip_pipeline.dbt_transformation_layer.dbt_run_model_green_trip scheduled__2024-10-12T11:45:00+00:00 [running]> on host e1ee2fad10db
[2024-10-12T12:12:51.793+0000] {taskinstance.py:2648} INFO - Exporting env vars: AIRFLOW_CTX_DAG_OWNER='Mahmoud' AIRFLOW_CTX_DAG_ID='Taxi_trip_pipeline' AIRFLOW_CTX_TASK_ID='dbt_transformation_layer.dbt_run_model_green_trip' AIRFLOW_CTX_EXECUTION_DATE='2024-10-12T11:45:00+00:00' AIRFLOW_CTX_TRY_NUMBER='4' AIRFLOW_CTX_DAG_RUN_ID='scheduled__2024-10-12T11:45:00+00:00'
[2024-10-12T12:12:51.794+0000] {taskinstance.py:430} INFO - ::endgroup::
[2024-10-12T12:12:51.807+0000] {subprocess.py:63} INFO - Tmp dir root location: /tmp
[2024-10-12T12:12:51.808+0000] {subprocess.py:75} INFO - Running command: ['/usr/bin/bash', '-c', 'dbt run --profiles-dir /opt/***/DBT_Project  --project-dir /opt/***/dbt_trip --models green_trip']
[2024-10-12T12:12:51.823+0000] {subprocess.py:86} INFO - Output:
[2024-10-12T12:12:54.915+0000] {subprocess.py:93} INFO - [0m12:12:54  Running with dbt=1.8.0
[2024-10-12T12:12:55.369+0000] {subprocess.py:93} INFO - [0m12:12:55  Registered adapter: postgres=1.8.0
[2024-10-12T12:12:55.934+0000] {subprocess.py:93} INFO - [0m12:12:55  [[33mWARNING[0m]: Configuration paths exist in your dbt_project.yml file which do not apply to any resources.
[2024-10-12T12:12:55.935+0000] {subprocess.py:93} INFO - There are 2 unused configuration paths:
[2024-10-12T12:12:55.935+0000] {subprocess.py:93} INFO - - models.fact_trip.staging
[2024-10-12T12:12:55.935+0000] {subprocess.py:93} INFO - - models.fact_trip.Dimensions
[2024-10-12T12:12:56.216+0000] {subprocess.py:93} INFO - [0m12:12:56  Found 4 models, 6 data tests, 3 sources, 566 macros
[2024-10-12T12:12:56.219+0000] {subprocess.py:93} INFO - [0m12:12:56
[2024-10-12T12:12:56.437+0000] {subprocess.py:93} INFO - [0m12:12:56  Concurrency: 3 threads (target='dev')
[2024-10-12T12:12:56.438+0000] {subprocess.py:93} INFO - [0m12:12:56
[2024-10-12T12:12:56.458+0000] {subprocess.py:93} INFO - [0m12:12:56  1 of 1 START sql view model analysis.green_trip ................................ [RUN]
[2024-10-12T12:12:56.893+0000] {subprocess.py:93} INFO - [0m12:12:56  1 of 1 OK created sql view model analysis.green_trip ........................... [[32mCREATE VIEW[0m in 0.43s]
[2024-10-12T12:12:56.922+0000] {subprocess.py:93} INFO - [0m12:12:56
[2024-10-12T12:12:56.923+0000] {subprocess.py:93} INFO - [0m12:12:56  Finished running 1 view model in 0 hours 0 minutes and 0.70 seconds (0.70s).
[2024-10-12T12:12:57.006+0000] {subprocess.py:93} INFO - [0m12:12:57
[2024-10-12T12:12:57.008+0000] {subprocess.py:93} INFO - [0m12:12:57  [32mCompleted successfully[0m
[2024-10-12T12:12:57.009+0000] {subprocess.py:93} INFO - [0m12:12:57
[2024-10-12T12:12:57.010+0000] {subprocess.py:93} INFO - [0m12:12:57  Done. PASS=1 WARN=0 ERROR=0 SKIP=0 TOTAL=1
[2024-10-12T12:12:58.057+0000] {subprocess.py:97} INFO - Command exited with return code 0
[2024-10-12T12:12:58.059+0000] {taskinstance.py:441} INFO - ::group::Post task execution logs
[2024-10-12T12:12:58.087+0000] {taskinstance.py:1206} INFO - Marking task as SUCCESS. dag_id=Taxi_trip_pipeline, task_id=dbt_transformation_layer.dbt_run_model_green_trip, run_id=scheduled__2024-10-12T11:45:00+00:00, execution_date=20241012T114500, start_date=20241012T121251, end_date=20241012T121258
[2024-10-12T12:12:58.123+0000] {local_task_job_runner.py:240} INFO - Task exited with return code 0
[2024-10-12T12:12:58.161+0000] {taskinstance.py:3498} INFO - 0 downstream tasks scheduled from follow-on schedule check
[2024-10-12T12:12:58.163+0000] {local_task_job_runner.py:222} INFO - ::endgroup::
