[2024-10-12T10:30:01.432+0000] {local_task_job_runner.py:120} INFO - ::group::Pre task execution logs
[2024-10-12T10:30:01.466+0000] {taskinstance.py:2076} INFO - Dependencies all met for dep_context=non-requeueable deps ti=<TaskInstance: Taxi_trip_pipeline.extraction_layer.extract_yellow_date scheduled__2024-10-12T10:15:00+00:00 [queued]>
[2024-10-12T10:30:01.481+0000] {taskinstance.py:2076} INFO - Dependencies all met for dep_context=requeueable deps ti=<TaskInstance: Taxi_trip_pipeline.extraction_layer.extract_yellow_date scheduled__2024-10-12T10:15:00+00:00 [queued]>
[2024-10-12T10:30:01.481+0000] {taskinstance.py:2306} INFO - Starting attempt 1 of 1
[2024-10-12T10:30:01.498+0000] {taskinstance.py:2330} INFO - Executing <Task(PythonOperator): extraction_layer.extract_yellow_date> on 2024-10-12 10:15:00+00:00
[2024-10-12T10:30:01.510+0000] {standard_task_runner.py:63} INFO - Started process 374 to run task
[2024-10-12T10:30:01.514+0000] {standard_task_runner.py:90} INFO - Running: ['***', 'tasks', 'run', 'Taxi_trip_pipeline', 'extraction_layer.extract_yellow_date', 'scheduled__2024-10-12T10:15:00+00:00', '--job-id', '31', '--raw', '--subdir', 'DAGS_FOLDER/taxi_trip.py', '--cfg-path', '/tmp/tmplrjboa1o']
[2024-10-12T10:30:01.516+0000] {standard_task_runner.py:91} INFO - Job 31: Subtask extraction_layer.extract_yellow_date
[2024-10-12T10:30:01.597+0000] {task_command.py:426} INFO - Running <TaskInstance: Taxi_trip_pipeline.extraction_layer.extract_yellow_date scheduled__2024-10-12T10:15:00+00:00 [running]> on host bcbc9bb54b17
[2024-10-12T10:30:01.705+0000] {taskinstance.py:2648} INFO - Exporting env vars: AIRFLOW_CTX_DAG_OWNER='Mahmoud' AIRFLOW_CTX_DAG_ID='Taxi_trip_pipeline' AIRFLOW_CTX_TASK_ID='extraction_layer.extract_yellow_date' AIRFLOW_CTX_EXECUTION_DATE='2024-10-12T10:15:00+00:00' AIRFLOW_CTX_TRY_NUMBER='1' AIRFLOW_CTX_DAG_RUN_ID='scheduled__2024-10-12T10:15:00+00:00'
[2024-10-12T10:30:01.706+0000] {taskinstance.py:430} INFO - ::endgroup::
[2024-10-12T10:30:01.717+0000] {taxi_trip.py:53} INFO - Data extraction for yellow trip started
[2024-10-12T10:30:01.727+0000] {db_utils.py:16} INFO - Connected to PostgreSQL database successfully
[2024-10-12T10:30:01.727+0000] {Process_data.py:47} INFO - Start transforming Yellow Trip data...
[2024-10-12T10:30:01.728+0000] {taxi_trip.py:56} INFO - Data extraction for yellow trip done
[2024-10-12T10:30:01.728+0000] {taxi_trip.py:63} WARNING - No data found for yellow trip
[2024-10-12T10:30:01.729+0000] {python.py:237} INFO - Done. Returned value was: None
[2024-10-12T10:30:01.729+0000] {taskinstance.py:441} INFO - ::group::Post task execution logs
[2024-10-12T10:30:01.742+0000] {taskinstance.py:1206} INFO - Marking task as SUCCESS. dag_id=Taxi_trip_pipeline, task_id=extraction_layer.extract_yellow_date, run_id=scheduled__2024-10-12T10:15:00+00:00, execution_date=20241012T101500, start_date=20241012T103001, end_date=20241012T103001
[2024-10-12T10:30:01.766+0000] {local_task_job_runner.py:240} INFO - Task exited with return code 0
[2024-10-12T10:30:01.817+0000] {taskinstance.py:3498} INFO - 1 downstream tasks scheduled from follow-on schedule check
[2024-10-12T10:30:01.818+0000] {local_task_job_runner.py:222} INFO - ::endgroup::
[2024-10-12T10:36:32.326+0000] {local_task_job_runner.py:120} INFO - ::group::Pre task execution logs
[2024-10-12T10:36:32.355+0000] {taskinstance.py:2076} INFO - Dependencies all met for dep_context=non-requeueable deps ti=<TaskInstance: Taxi_trip_pipeline.extraction_layer.extract_yellow_date scheduled__2024-10-12T10:15:00+00:00 [queued]>
[2024-10-12T10:36:32.365+0000] {taskinstance.py:2076} INFO - Dependencies all met for dep_context=requeueable deps ti=<TaskInstance: Taxi_trip_pipeline.extraction_layer.extract_yellow_date scheduled__2024-10-12T10:15:00+00:00 [queued]>
[2024-10-12T10:36:32.366+0000] {taskinstance.py:2306} INFO - Starting attempt 1 of 1
[2024-10-12T10:36:32.385+0000] {taskinstance.py:2330} INFO - Executing <Task(PythonOperator): extraction_layer.extract_yellow_date> on 2024-10-12 10:15:00+00:00
[2024-10-12T10:36:32.394+0000] {standard_task_runner.py:63} INFO - Started process 69 to run task
[2024-10-12T10:36:32.397+0000] {standard_task_runner.py:90} INFO - Running: ['***', 'tasks', 'run', 'Taxi_trip_pipeline', 'extraction_layer.extract_yellow_date', 'scheduled__2024-10-12T10:15:00+00:00', '--job-id', '2', '--raw', '--subdir', 'DAGS_FOLDER/taxi_trip.py', '--cfg-path', '/tmp/tmpu8peu_w6']
[2024-10-12T10:36:32.399+0000] {standard_task_runner.py:91} INFO - Job 2: Subtask extraction_layer.extract_yellow_date
[2024-10-12T10:36:32.454+0000] {task_command.py:426} INFO - Running <TaskInstance: Taxi_trip_pipeline.extraction_layer.extract_yellow_date scheduled__2024-10-12T10:15:00+00:00 [running]> on host 4f9d1e7ade51
[2024-10-12T10:36:32.551+0000] {taskinstance.py:2648} INFO - Exporting env vars: AIRFLOW_CTX_DAG_OWNER='Mahmoud' AIRFLOW_CTX_DAG_ID='Taxi_trip_pipeline' AIRFLOW_CTX_TASK_ID='extraction_layer.extract_yellow_date' AIRFLOW_CTX_EXECUTION_DATE='2024-10-12T10:15:00+00:00' AIRFLOW_CTX_TRY_NUMBER='1' AIRFLOW_CTX_DAG_RUN_ID='scheduled__2024-10-12T10:15:00+00:00'
[2024-10-12T10:36:32.552+0000] {taskinstance.py:430} INFO - ::endgroup::
[2024-10-12T10:36:32.587+0000] {taxi_trip.py:53} INFO - Data extraction for yellow trip started
[2024-10-12T10:36:32.597+0000] {db_utils.py:16} INFO - Connected to PostgreSQL database successfully
[2024-10-12T10:36:32.598+0000] {Process_data.py:47} INFO - Start transforming Yellow Trip data...
[2024-10-12T10:36:32.598+0000] {taxi_trip.py:56} INFO - Data extraction for yellow trip done
[2024-10-12T10:36:32.598+0000] {taxi_trip.py:63} WARNING - No data found for yellow trip
[2024-10-12T10:36:32.598+0000] {python.py:237} INFO - Done. Returned value was: None
[2024-10-12T10:36:32.599+0000] {taskinstance.py:441} INFO - ::group::Post task execution logs
[2024-10-12T10:36:32.608+0000] {taskinstance.py:1206} INFO - Marking task as SUCCESS. dag_id=Taxi_trip_pipeline, task_id=extraction_layer.extract_yellow_date, run_id=scheduled__2024-10-12T10:15:00+00:00, execution_date=20241012T101500, start_date=20241012T103632, end_date=20241012T103632
[2024-10-12T10:36:32.650+0000] {local_task_job_runner.py:240} INFO - Task exited with return code 0
[2024-10-12T10:36:32.688+0000] {taskinstance.py:3498} INFO - 1 downstream tasks scheduled from follow-on schedule check
[2024-10-12T10:36:32.691+0000] {local_task_job_runner.py:222} INFO - ::endgroup::
