[2024-10-12T13:15:01.684+0000] {local_task_job_runner.py:120} INFO - ::group::Pre task execution logs
[2024-10-12T13:15:01.706+0000] {taskinstance.py:2076} INFO - Dependencies all met for dep_context=non-requeueable deps ti=<TaskInstance: Taxi_trip_pipeline.extraction_layer.extract_green_date scheduled__2024-10-12T13:00:00+00:00 [queued]>
[2024-10-12T13:15:01.715+0000] {taskinstance.py:2076} INFO - Dependencies all met for dep_context=requeueable deps ti=<TaskInstance: Taxi_trip_pipeline.extraction_layer.extract_green_date scheduled__2024-10-12T13:00:00+00:00 [queued]>
[2024-10-12T13:15:01.716+0000] {taskinstance.py:2306} INFO - Starting attempt 1 of 1
[2024-10-12T13:15:01.728+0000] {taskinstance.py:2330} INFO - Executing <Task(PythonOperator): extraction_layer.extract_green_date> on 2024-10-12 13:00:00+00:00
[2024-10-12T13:15:01.737+0000] {standard_task_runner.py:63} INFO - Started process 450 to run task
[2024-10-12T13:15:01.740+0000] {standard_task_runner.py:90} INFO - Running: ['***', 'tasks', 'run', 'Taxi_trip_pipeline', 'extraction_layer.extract_green_date', 'scheduled__2024-10-12T13:00:00+00:00', '--job-id', '44', '--raw', '--subdir', 'DAGS_FOLDER/taxi_trip.py', '--cfg-path', '/tmp/tmp5rlpzxui']
[2024-10-12T13:15:01.742+0000] {standard_task_runner.py:91} INFO - Job 44: Subtask extraction_layer.extract_green_date
[2024-10-12T13:15:01.790+0000] {task_command.py:426} INFO - Running <TaskInstance: Taxi_trip_pipeline.extraction_layer.extract_green_date scheduled__2024-10-12T13:00:00+00:00 [running]> on host ebdcf85807fc
[2024-10-12T13:15:01.892+0000] {taskinstance.py:2648} INFO - Exporting env vars: AIRFLOW_CTX_DAG_OWNER='Mahmoud' AIRFLOW_CTX_DAG_ID='Taxi_trip_pipeline' AIRFLOW_CTX_TASK_ID='extraction_layer.extract_green_date' AIRFLOW_CTX_EXECUTION_DATE='2024-10-12T13:00:00+00:00' AIRFLOW_CTX_TRY_NUMBER='1' AIRFLOW_CTX_DAG_RUN_ID='scheduled__2024-10-12T13:00:00+00:00'
[2024-10-12T13:15:01.893+0000] {taskinstance.py:430} INFO - ::endgroup::
[2024-10-12T13:15:01.907+0000] {taxi_trip.py:37} INFO - Data extraction for green trip started
[2024-10-12T13:15:01.919+0000] {db_utils.py:16} INFO - Connected to PostgreSQL database successfully
[2024-10-12T13:15:01.919+0000] {Process_data.py:17} INFO - Start transforming Green Trip data...
[2024-10-12T13:15:01.919+0000] {taxi_trip.py:40} INFO - Data extraction for green trip done
[2024-10-12T13:15:01.919+0000] {taxi_trip.py:47} WARNING - No data found for green trip
[2024-10-12T13:15:01.920+0000] {python.py:237} INFO - Done. Returned value was: None
[2024-10-12T13:15:01.920+0000] {taskinstance.py:441} INFO - ::group::Post task execution logs
[2024-10-12T13:15:01.929+0000] {taskinstance.py:1206} INFO - Marking task as SUCCESS. dag_id=Taxi_trip_pipeline, task_id=extraction_layer.extract_green_date, run_id=scheduled__2024-10-12T13:00:00+00:00, execution_date=20241012T130000, start_date=20241012T131501, end_date=20241012T131501
[2024-10-12T13:15:01.992+0000] {local_task_job_runner.py:240} INFO - Task exited with return code 0
[2024-10-12T13:15:02.030+0000] {taskinstance.py:3498} INFO - 1 downstream tasks scheduled from follow-on schedule check
[2024-10-12T13:15:02.032+0000] {local_task_job_runner.py:222} INFO - ::endgroup::
