[2024-10-01T17:00:01.215+0000] {local_task_job_runner.py:120} INFO - ::group::Pre task execution logs
[2024-10-01T17:00:01.236+0000] {taskinstance.py:2076} INFO - Dependencies all met for dep_context=non-requeueable deps ti=<TaskInstance: Taxi_trip_pipeline.extraction_layer.extract_green_date scheduled__2024-10-01T16:45:00+00:00 [queued]>
[2024-10-01T17:00:01.243+0000] {taskinstance.py:2076} INFO - Dependencies all met for dep_context=requeueable deps ti=<TaskInstance: Taxi_trip_pipeline.extraction_layer.extract_green_date scheduled__2024-10-01T16:45:00+00:00 [queued]>
[2024-10-01T17:00:01.244+0000] {taskinstance.py:2306} INFO - Starting attempt 1 of 1
[2024-10-01T17:00:01.257+0000] {taskinstance.py:2330} INFO - Executing <Task(PythonOperator): extraction_layer.extract_green_date> on 2024-10-01 16:45:00+00:00
[2024-10-01T17:00:01.264+0000] {standard_task_runner.py:63} INFO - Started process 2980 to run task
[2024-10-01T17:00:01.267+0000] {standard_task_runner.py:90} INFO - Running: ['***', 'tasks', 'run', 'Taxi_trip_pipeline', 'extraction_layer.extract_green_date', 'scheduled__2024-10-01T16:45:00+00:00', '--job-id', '378', '--raw', '--subdir', 'DAGS_FOLDER/taxi_trip.py', '--cfg-path', '/tmp/tmp05rl1yih']
[2024-10-01T17:00:01.269+0000] {standard_task_runner.py:91} INFO - Job 378: Subtask extraction_layer.extract_green_date
[2024-10-01T17:00:01.320+0000] {task_command.py:426} INFO - Running <TaskInstance: Taxi_trip_pipeline.extraction_layer.extract_green_date scheduled__2024-10-01T16:45:00+00:00 [running]> on host fcb0f9e87e2b
[2024-10-01T17:00:01.403+0000] {taskinstance.py:2648} INFO - Exporting env vars: AIRFLOW_CTX_DAG_OWNER='Mahmoud' AIRFLOW_CTX_DAG_ID='Taxi_trip_pipeline' AIRFLOW_CTX_TASK_ID='extraction_layer.extract_green_date' AIRFLOW_CTX_EXECUTION_DATE='2024-10-01T16:45:00+00:00' AIRFLOW_CTX_TRY_NUMBER='1' AIRFLOW_CTX_DAG_RUN_ID='scheduled__2024-10-01T16:45:00+00:00'
[2024-10-01T17:00:01.404+0000] {taskinstance.py:430} INFO - ::endgroup::
[2024-10-01T17:00:01.420+0000] {taxi_trip.py:37} INFO - Data extraction for green trip started
[2024-10-01T17:00:01.426+0000] {db_utils.py:16} INFO - Connected to PostgreSQL database successfully
[2024-10-01T17:00:01.427+0000] {Process_data.py:16} INFO - Start transforming Green Trip data...
[2024-10-01T17:00:01.428+0000] {Process_data.py:24} INFO - File green_tripdata_2024-01.parquet has already been extracted before . Skipping......
[2024-10-01T17:00:01.429+0000] {taxi_trip.py:40} INFO - Data extraction for green trip done
[2024-10-01T17:00:01.429+0000] {taxi_trip.py:46} WARNING - No data found for green trip
[2024-10-01T17:00:01.430+0000] {python.py:237} INFO - Done. Returned value was: None
[2024-10-01T17:00:01.430+0000] {taskinstance.py:441} INFO - ::group::Post task execution logs
[2024-10-01T17:00:01.439+0000] {taskinstance.py:1206} INFO - Marking task as SUCCESS. dag_id=Taxi_trip_pipeline, task_id=extraction_layer.extract_green_date, run_id=scheduled__2024-10-01T16:45:00+00:00, execution_date=20241001T164500, start_date=20241001T170001, end_date=20241001T170001
[2024-10-01T17:00:01.480+0000] {local_task_job_runner.py:240} INFO - Task exited with return code 0
[2024-10-01T17:00:01.520+0000] {taskinstance.py:3498} INFO - 1 downstream tasks scheduled from follow-on schedule check
[2024-10-01T17:00:01.521+0000] {local_task_job_runner.py:222} INFO - ::endgroup::
