[2024-10-01T14:59:43.079+0000] {local_task_job_runner.py:120} INFO - ::group::Pre task execution logs
[2024-10-01T14:59:43.104+0000] {taskinstance.py:2076} INFO - Dependencies all met for dep_context=non-requeueable deps ti=<TaskInstance: Taxi_trip_pipeline.extraction_layer.extract_green_date manual__2024-10-01T14:59:41.446561+00:00 [queued]>
[2024-10-01T14:59:43.114+0000] {taskinstance.py:2076} INFO - Dependencies all met for dep_context=requeueable deps ti=<TaskInstance: Taxi_trip_pipeline.extraction_layer.extract_green_date manual__2024-10-01T14:59:41.446561+00:00 [queued]>
[2024-10-01T14:59:43.115+0000] {taskinstance.py:2306} INFO - Starting attempt 1 of 1
[2024-10-01T14:59:43.127+0000] {taskinstance.py:2330} INFO - Executing <Task(PythonOperator): extraction_layer.extract_green_date> on 2024-10-01 14:59:41.446561+00:00
[2024-10-01T14:59:43.134+0000] {standard_task_runner.py:63} INFO - Started process 1913 to run task
[2024-10-01T14:59:43.137+0000] {standard_task_runner.py:90} INFO - Running: ['***', 'tasks', 'run', 'Taxi_trip_pipeline', 'extraction_layer.extract_green_date', 'manual__2024-10-01T14:59:41.446561+00:00', '--job-id', '272', '--raw', '--subdir', 'DAGS_FOLDER/taxi_trip.py', '--cfg-path', '/tmp/tmpj5ui5x9k']
[2024-10-01T14:59:43.139+0000] {standard_task_runner.py:91} INFO - Job 272: Subtask extraction_layer.extract_green_date
[2024-10-01T14:59:43.185+0000] {task_command.py:426} INFO - Running <TaskInstance: Taxi_trip_pipeline.extraction_layer.extract_green_date manual__2024-10-01T14:59:41.446561+00:00 [running]> on host fcb0f9e87e2b
[2024-10-01T14:59:43.274+0000] {taskinstance.py:2648} INFO - Exporting env vars: AIRFLOW_CTX_DAG_OWNER='Mahmoud' AIRFLOW_CTX_DAG_ID='Taxi_trip_pipeline' AIRFLOW_CTX_TASK_ID='extraction_layer.extract_green_date' AIRFLOW_CTX_EXECUTION_DATE='2024-10-01T14:59:41.446561+00:00' AIRFLOW_CTX_TRY_NUMBER='1' AIRFLOW_CTX_DAG_RUN_ID='manual__2024-10-01T14:59:41.446561+00:00'
[2024-10-01T14:59:43.275+0000] {taskinstance.py:430} INFO - ::endgroup::
[2024-10-01T14:59:43.291+0000] {taxi_trip.py:37} INFO - Data extraction for green trip started
[2024-10-01T14:59:43.300+0000] {db_utils.py:16} INFO - Connected to PostgreSQL database successfully
[2024-10-01T14:59:43.300+0000] {Process_data.py:16} INFO - Start transforming Green Trip data...
[2024-10-01T14:59:43.302+0000] {Process_data.py:27} INFO - Processing file green_tripdata_2024-04.parquet...
[2024-10-01T14:59:43.497+0000] {Process_data.py:24} INFO - File green_tripdata_2024-01.parquet has already been extracted before . Skipping......
[2024-10-01T14:59:43.499+0000] {Process_data.py:27} INFO - Processing file green_tripdata_2024-03.parquet...
[2024-10-01T14:59:43.537+0000] {Process_data.py:27} INFO - Processing file green_tripdata_2024-02.parquet...
[2024-10-01T14:59:43.610+0000] {Process_data.py:35} INFO - Green trip dataframe with 167505 rows
[2024-10-01T14:59:43.611+0000] {taxi_trip.py:40} INFO - Data extraction for green trip done
[2024-10-01T14:59:44.593+0000] {taxi_trip.py:44} INFO - Pushed green trip data with 167505 rows to XCom
[2024-10-01T14:59:44.594+0000] {python.py:237} INFO - Done. Returned value was: None
[2024-10-01T14:59:44.595+0000] {taskinstance.py:441} INFO - ::group::Post task execution logs
[2024-10-01T14:59:44.605+0000] {taskinstance.py:1206} INFO - Marking task as SUCCESS. dag_id=Taxi_trip_pipeline, task_id=extraction_layer.extract_green_date, run_id=manual__2024-10-01T14:59:41.446561+00:00, execution_date=20241001T145941, start_date=20241001T145943, end_date=20241001T145944
[2024-10-01T14:59:44.639+0000] {local_task_job_runner.py:240} INFO - Task exited with return code 0
[2024-10-01T14:59:44.671+0000] {taskinstance.py:3498} INFO - 1 downstream tasks scheduled from follow-on schedule check
[2024-10-01T14:59:44.673+0000] {local_task_job_runner.py:222} INFO - ::endgroup::
