[2024-09-25T21:18:02.405+0000] {local_task_job_runner.py:120} INFO - ::group::Pre task execution logs
[2024-09-25T21:18:02.432+0000] {taskinstance.py:2076} INFO - Dependencies all met for dep_context=non-requeueable deps ti=<TaskInstance: Taxi_trip_pipeline.extraction_layer.extract_yellow_date manual__2024-09-25T21:18:01.048400+00:00 [queued]>
[2024-09-25T21:18:02.444+0000] {taskinstance.py:2076} INFO - Dependencies all met for dep_context=requeueable deps ti=<TaskInstance: Taxi_trip_pipeline.extraction_layer.extract_yellow_date manual__2024-09-25T21:18:01.048400+00:00 [queued]>
[2024-09-25T21:18:02.444+0000] {taskinstance.py:2306} INFO - Starting attempt 1 of 1
[2024-09-25T21:18:02.462+0000] {taskinstance.py:2330} INFO - Executing <Task(PythonOperator): extraction_layer.extract_yellow_date> on 2024-09-25 21:18:01.048400+00:00
[2024-09-25T21:18:02.471+0000] {standard_task_runner.py:63} INFO - Started process 458 to run task
[2024-09-25T21:18:02.477+0000] {standard_task_runner.py:90} INFO - Running: ['***', 'tasks', 'run', 'Taxi_trip_pipeline', 'extraction_layer.extract_yellow_date', 'manual__2024-09-25T21:18:01.048400+00:00', '--job-id', '154', '--raw', '--subdir', 'DAGS_FOLDER/taxi_trip.py', '--cfg-path', '/tmp/tmp2iqgial4']
[2024-09-25T21:18:02.481+0000] {standard_task_runner.py:91} INFO - Job 154: Subtask extraction_layer.extract_yellow_date
[2024-09-25T21:18:02.535+0000] {task_command.py:426} INFO - Running <TaskInstance: Taxi_trip_pipeline.extraction_layer.extract_yellow_date manual__2024-09-25T21:18:01.048400+00:00 [running]> on host 3aa1deac3d71
[2024-09-25T21:18:02.626+0000] {taskinstance.py:2648} INFO - Exporting env vars: AIRFLOW_CTX_DAG_OWNER='Mahmoud' AIRFLOW_CTX_DAG_ID='Taxi_trip_pipeline' AIRFLOW_CTX_TASK_ID='extraction_layer.extract_yellow_date' AIRFLOW_CTX_EXECUTION_DATE='2024-09-25T21:18:01.048400+00:00' AIRFLOW_CTX_TRY_NUMBER='1' AIRFLOW_CTX_DAG_RUN_ID='manual__2024-09-25T21:18:01.048400+00:00'
[2024-09-25T21:18:02.628+0000] {taskinstance.py:430} INFO - ::endgroup::
[2024-09-25T21:18:02.640+0000] {taxi_trip.py:49} INFO - Data extraction for yellow trip started
[2024-09-25T21:18:02.641+0000] {Process_data.py:32} INFO - Start transforming Yellow Trip data...
[2024-09-25T21:18:03.310+0000] {Process_data.py:44} INFO - data frams have 2964624 row
[2024-09-25T21:18:03.316+0000] {taxi_trip.py:51} INFO - Data extraction for yellow trip done
[2024-09-25T21:18:13.212+0000] {taxi_trip.py:54} INFO - Pushed yellow trip data with 2964624 rows to XCom
[2024-09-25T21:18:13.224+0000] {python.py:237} INFO - Done. Returned value was: None
[2024-09-25T21:18:13.224+0000] {taskinstance.py:441} INFO - ::group::Post task execution logs
[2024-09-25T21:18:13.234+0000] {taskinstance.py:1206} INFO - Marking task as SUCCESS. dag_id=Taxi_trip_pipeline, task_id=extraction_layer.extract_yellow_date, run_id=manual__2024-09-25T21:18:01.048400+00:00, execution_date=20240925T211801, start_date=20240925T211802, end_date=20240925T211813
[2024-09-25T21:18:13.353+0000] {local_task_job_runner.py:240} INFO - Task exited with return code 0
[2024-09-25T21:18:13.372+0000] {taskinstance.py:3498} INFO - 2 downstream tasks scheduled from follow-on schedule check
[2024-09-25T21:18:13.373+0000] {local_task_job_runner.py:222} INFO - ::endgroup::
