[2024-09-25T19:24:29.427+0000] {local_task_job_runner.py:120} INFO - ::group::Pre task execution logs
[2024-09-25T19:24:29.450+0000] {taskinstance.py:2076} INFO - Dependencies all met for dep_context=non-requeueable deps ti=<TaskInstance: Taxi_trip_pipeline.extraction_group.extract_green_date manual__2024-09-25T19:24:27.736681+00:00 [queued]>
[2024-09-25T19:24:29.460+0000] {taskinstance.py:2076} INFO - Dependencies all met for dep_context=requeueable deps ti=<TaskInstance: Taxi_trip_pipeline.extraction_group.extract_green_date manual__2024-09-25T19:24:27.736681+00:00 [queued]>
[2024-09-25T19:24:29.461+0000] {taskinstance.py:2306} INFO - Starting attempt 1 of 1
[2024-09-25T19:24:29.473+0000] {taskinstance.py:2330} INFO - Executing <Task(PythonOperator): extraction_group.extract_green_date> on 2024-09-25 19:24:27.736681+00:00
[2024-09-25T19:24:29.479+0000] {standard_task_runner.py:63} INFO - Started process 107 to run task
[2024-09-25T19:24:29.482+0000] {standard_task_runner.py:90} INFO - Running: ['***', 'tasks', 'run', 'Taxi_trip_pipeline', 'extraction_group.extract_green_date', 'manual__2024-09-25T19:24:27.736681+00:00', '--job-id', '121', '--raw', '--subdir', 'DAGS_FOLDER/taxi_trip.py', '--cfg-path', '/tmp/tmpgt3ex62g']
[2024-09-25T19:24:29.484+0000] {standard_task_runner.py:91} INFO - Job 121: Subtask extraction_group.extract_green_date
[2024-09-25T19:24:29.529+0000] {task_command.py:426} INFO - Running <TaskInstance: Taxi_trip_pipeline.extraction_group.extract_green_date manual__2024-09-25T19:24:27.736681+00:00 [running]> on host 3aa1deac3d71
[2024-09-25T19:24:29.609+0000] {taskinstance.py:2648} INFO - Exporting env vars: AIRFLOW_CTX_DAG_OWNER='Mahmoud' AIRFLOW_CTX_DAG_ID='Taxi_trip_pipeline' AIRFLOW_CTX_TASK_ID='extraction_group.extract_green_date' AIRFLOW_CTX_EXECUTION_DATE='2024-09-25T19:24:27.736681+00:00' AIRFLOW_CTX_TRY_NUMBER='1' AIRFLOW_CTX_DAG_RUN_ID='manual__2024-09-25T19:24:27.736681+00:00'
[2024-09-25T19:24:29.610+0000] {taskinstance.py:430} INFO - ::endgroup::
[2024-09-25T19:24:29.621+0000] {taxi_trip.py:36} INFO - Data extraction for green trip started
[2024-09-25T19:24:29.622+0000] {Process_data.py:14} INFO - Start transforming Green Trip data...
[2024-09-25T19:24:30.643+0000] {Process_data.py:26} INFO - Storing valid Green Trip data completed successfully
[2024-09-25T19:24:30.644+0000] {taxi_trip.py:38} INFO - Data extraction for green trip done
[2024-09-25T19:24:30.644+0000] {taxi_trip.py:43} WARNING - No data found for green trip
[2024-09-25T19:24:30.644+0000] {python.py:237} INFO - Done. Returned value was: None
[2024-09-25T19:24:30.644+0000] {taskinstance.py:441} INFO - ::group::Post task execution logs
[2024-09-25T19:24:30.653+0000] {taskinstance.py:1206} INFO - Marking task as SUCCESS. dag_id=Taxi_trip_pipeline, task_id=extraction_group.extract_green_date, run_id=manual__2024-09-25T19:24:27.736681+00:00, execution_date=20240925T192427, start_date=20240925T192429, end_date=20240925T192430
[2024-09-25T19:24:30.701+0000] {local_task_job_runner.py:240} INFO - Task exited with return code 0
[2024-09-25T19:24:30.725+0000] {taskinstance.py:3498} INFO - 0 downstream tasks scheduled from follow-on schedule check
[2024-09-25T19:24:30.727+0000] {local_task_job_runner.py:222} INFO - ::endgroup::
