[2024-09-24T08:31:40.761+0000] {local_task_job_runner.py:120} INFO - ::group::Pre task execution logs
[2024-09-24T08:31:40.784+0000] {taskinstance.py:2076} INFO - Dependencies all met for dep_context=non-requeueable deps ti=<TaskInstance: Taxi_trip_pipeline.extraction_group.extract_green_date manual__2024-09-24T08:18:47.747664+00:00 [queued]>
[2024-09-24T08:31:40.792+0000] {taskinstance.py:2076} INFO - Dependencies all met for dep_context=requeueable deps ti=<TaskInstance: Taxi_trip_pipeline.extraction_group.extract_green_date manual__2024-09-24T08:18:47.747664+00:00 [queued]>
[2024-09-24T08:31:40.792+0000] {taskinstance.py:2306} INFO - Starting attempt 5 of 5
[2024-09-24T08:31:40.805+0000] {taskinstance.py:2330} INFO - Executing <Task(PythonOperator): extraction_group.extract_green_date> on 2024-09-24 08:18:47.747664+00:00
[2024-09-24T08:31:40.812+0000] {standard_task_runner.py:63} INFO - Started process 267 to run task
[2024-09-24T08:31:40.816+0000] {standard_task_runner.py:90} INFO - Running: ['***', 'tasks', 'run', 'Taxi_trip_pipeline', 'extraction_group.extract_green_date', 'manual__2024-09-24T08:18:47.747664+00:00', '--job-id', '102', '--raw', '--subdir', 'DAGS_FOLDER/taxi_trip.py', '--cfg-path', '/tmp/tmpoiyofje3']
[2024-09-24T08:31:40.818+0000] {standard_task_runner.py:91} INFO - Job 102: Subtask extraction_group.extract_green_date
[2024-09-24T08:31:40.862+0000] {task_command.py:426} INFO - Running <TaskInstance: Taxi_trip_pipeline.extraction_group.extract_green_date manual__2024-09-24T08:18:47.747664+00:00 [running]> on host 457e36aa430f
[2024-09-24T08:31:40.944+0000] {taskinstance.py:2648} INFO - Exporting env vars: AIRFLOW_CTX_DAG_OWNER='Mahmoud' AIRFLOW_CTX_DAG_ID='Taxi_trip_pipeline' AIRFLOW_CTX_TASK_ID='extraction_group.extract_green_date' AIRFLOW_CTX_EXECUTION_DATE='2024-09-24T08:18:47.747664+00:00' AIRFLOW_CTX_TRY_NUMBER='5' AIRFLOW_CTX_DAG_RUN_ID='manual__2024-09-24T08:18:47.747664+00:00'
[2024-09-24T08:31:40.945+0000] {taskinstance.py:430} INFO - ::endgroup::
[2024-09-24T08:31:40.956+0000] {taxi_trip.py:36} INFO - Data extraction for green trip started
[2024-09-24T08:31:40.957+0000] {Process_data.py:13} INFO - Start transforming Green Trip data...
[2024-09-24T08:31:40.996+0000] {taxi_trip.py:40} ERROR - Error in green trip extraction
Traceback (most recent call last):
  File "/opt/airflow/dags/taxi_trip.py", line 37, in extract_green_date
    process_green_trip()
  File "/opt/airflow/dags/scripts/Process_data.py", line 24, in process_green_trip
    valid_df.to_csv('/opt/airflow/valid_df/green_trip.csv', index=False)
  File "/home/airflow/.local/lib/python3.9/site-packages/pandas/util/_decorators.py", line 211, in wrapper
    return func(*args, **kwargs)
  File "/home/airflow/.local/lib/python3.9/site-packages/pandas/core/generic.py", line 3720, in to_csv
    return DataFrameRenderer(formatter).to_csv(
  File "/home/airflow/.local/lib/python3.9/site-packages/pandas/util/_decorators.py", line 211, in wrapper
    return func(*args, **kwargs)
  File "/home/airflow/.local/lib/python3.9/site-packages/pandas/io/formats/format.py", line 1189, in to_csv
    csv_formatter.save()
  File "/home/airflow/.local/lib/python3.9/site-packages/pandas/io/formats/csvs.py", line 241, in save
    with get_handle(
  File "/home/airflow/.local/lib/python3.9/site-packages/pandas/io/common.py", line 856, in get_handle
    handle = open(
PermissionError: [Errno 13] Permission denied: '/opt/airflow/valid_df/green_trip.csv'
[2024-09-24T08:31:41.000+0000] {python.py:237} INFO - Done. Returned value was: None
[2024-09-24T08:31:41.000+0000] {taskinstance.py:441} INFO - ::group::Post task execution logs
[2024-09-24T08:31:41.170+0000] {taskinstance.py:1206} INFO - Marking task as SUCCESS. dag_id=Taxi_trip_pipeline, task_id=extraction_group.extract_green_date, run_id=manual__2024-09-24T08:18:47.747664+00:00, execution_date=20240924T081847, start_date=20240924T083140, end_date=20240924T083141
[2024-09-24T08:31:41.228+0000] {local_task_job_runner.py:240} INFO - Task exited with return code 0
[2024-09-24T08:31:41.259+0000] {taskinstance.py:3498} INFO - 3 downstream tasks scheduled from follow-on schedule check
[2024-09-24T08:31:41.260+0000] {local_task_job_runner.py:222} INFO - ::endgroup::
