[2024-09-24T08:18:49.025+0000] {local_task_job_runner.py:120} INFO - ::group::Pre task execution logs
[2024-09-24T08:18:49.051+0000] {taskinstance.py:2076} INFO - Dependencies all met for dep_context=non-requeueable deps ti=<TaskInstance: Taxi_trip_pipeline.extraction_group.extract_green_date manual__2024-09-24T08:18:47.747664+00:00 [queued]>
[2024-09-24T08:18:49.065+0000] {taskinstance.py:2076} INFO - Dependencies all met for dep_context=requeueable deps ti=<TaskInstance: Taxi_trip_pipeline.extraction_group.extract_green_date manual__2024-09-24T08:18:47.747664+00:00 [queued]>
[2024-09-24T08:18:49.066+0000] {taskinstance.py:2306} INFO - Starting attempt 1 of 1
[2024-09-24T08:18:49.082+0000] {taskinstance.py:2330} INFO - Executing <Task(PythonOperator): extraction_group.extract_green_date> on 2024-09-24 08:18:47.747664+00:00
[2024-09-24T08:18:49.088+0000] {standard_task_runner.py:63} INFO - Started process 154 to run task
[2024-09-24T08:18:49.092+0000] {standard_task_runner.py:90} INFO - Running: ['***', 'tasks', 'run', 'Taxi_trip_pipeline', 'extraction_group.extract_green_date', 'manual__2024-09-24T08:18:47.747664+00:00', '--job-id', '79', '--raw', '--subdir', 'DAGS_FOLDER/taxi_trip.py', '--cfg-path', '/tmp/tmplqrmatk5']
[2024-09-24T08:18:49.095+0000] {standard_task_runner.py:91} INFO - Job 79: Subtask extraction_group.extract_green_date
[2024-09-24T08:18:49.144+0000] {task_command.py:426} INFO - Running <TaskInstance: Taxi_trip_pipeline.extraction_group.extract_green_date manual__2024-09-24T08:18:47.747664+00:00 [running]> on host 457e36aa430f
[2024-09-24T08:18:49.234+0000] {taskinstance.py:2648} INFO - Exporting env vars: AIRFLOW_CTX_DAG_OWNER='Mahmoud' AIRFLOW_CTX_DAG_ID='Taxi_trip_pipeline' AIRFLOW_CTX_TASK_ID='extraction_group.extract_green_date' AIRFLOW_CTX_EXECUTION_DATE='2024-09-24T08:18:47.747664+00:00' AIRFLOW_CTX_TRY_NUMBER='1' AIRFLOW_CTX_DAG_RUN_ID='manual__2024-09-24T08:18:47.747664+00:00'
[2024-09-24T08:18:49.235+0000] {taskinstance.py:430} INFO - ::endgroup::
[2024-09-24T08:18:49.246+0000] {taxi_trip.py:36} INFO - Data extraction for green trip started
[2024-09-24T08:18:49.247+0000] {Process_data.py:13} INFO - Start transforming Green Trip data...
[2024-09-24T08:18:50.135+0000] {Process_data.py:25} INFO - Storing valid Green Trip data completed successfully
[2024-09-24T08:18:50.135+0000] {taxi_trip.py:38} INFO - Data extraction for green trip done
[2024-09-24T08:18:50.135+0000] {python.py:237} INFO - Done. Returned value was: None
[2024-09-24T08:18:50.136+0000] {taskinstance.py:441} INFO - ::group::Post task execution logs
[2024-09-24T08:18:50.312+0000] {taskinstance.py:1206} INFO - Marking task as SUCCESS. dag_id=Taxi_trip_pipeline, task_id=extraction_group.extract_green_date, run_id=manual__2024-09-24T08:18:47.747664+00:00, execution_date=20240924T081847, start_date=20240924T081849, end_date=20240924T081850
[2024-09-24T08:18:50.347+0000] {local_task_job_runner.py:240} INFO - Task exited with return code 0
[2024-09-24T08:18:50.371+0000] {taskinstance.py:3498} INFO - 0 downstream tasks scheduled from follow-on schedule check
[2024-09-24T08:18:50.372+0000] {local_task_job_runner.py:222} INFO - ::endgroup::
