[2024-09-24T10:10:02.115+0000] {local_task_job_runner.py:120} INFO - ::group::Pre task execution logs
[2024-09-24T10:10:02.140+0000] {taskinstance.py:2076} INFO - Dependencies all met for dep_context=non-requeueable deps ti=<TaskInstance: Taxi_trip_pipeline.extraction_group.extract_yellow_date manual__2024-09-24T10:10:00.521965+00:00 [queued]>
[2024-09-24T10:10:02.150+0000] {taskinstance.py:2076} INFO - Dependencies all met for dep_context=requeueable deps ti=<TaskInstance: Taxi_trip_pipeline.extraction_group.extract_yellow_date manual__2024-09-24T10:10:00.521965+00:00 [queued]>
[2024-09-24T10:10:02.150+0000] {taskinstance.py:2306} INFO - Starting attempt 1 of 1
[2024-09-24T10:10:02.162+0000] {taskinstance.py:2330} INFO - Executing <Task(PythonOperator): extraction_group.extract_yellow_date> on 2024-09-24 10:10:00.521965+00:00
[2024-09-24T10:10:02.169+0000] {standard_task_runner.py:63} INFO - Started process 291 to run task
[2024-09-24T10:10:02.171+0000] {standard_task_runner.py:90} INFO - Running: ['***', 'tasks', 'run', 'Taxi_trip_pipeline', 'extraction_group.extract_yellow_date', 'manual__2024-09-24T10:10:00.521965+00:00', '--job-id', '107', '--raw', '--subdir', 'DAGS_FOLDER/taxi_trip.py', '--cfg-path', '/tmp/tmpkv1jf81e']
[2024-09-24T10:10:02.174+0000] {standard_task_runner.py:91} INFO - Job 107: Subtask extraction_group.extract_yellow_date
[2024-09-24T10:10:02.216+0000] {task_command.py:426} INFO - Running <TaskInstance: Taxi_trip_pipeline.extraction_group.extract_yellow_date manual__2024-09-24T10:10:00.521965+00:00 [running]> on host 457e36aa430f
[2024-09-24T10:10:02.294+0000] {taskinstance.py:2648} INFO - Exporting env vars: AIRFLOW_CTX_DAG_OWNER='Mahmoud' AIRFLOW_CTX_DAG_ID='Taxi_trip_pipeline' AIRFLOW_CTX_TASK_ID='extraction_group.extract_yellow_date' AIRFLOW_CTX_EXECUTION_DATE='2024-09-24T10:10:00.521965+00:00' AIRFLOW_CTX_TRY_NUMBER='1' AIRFLOW_CTX_DAG_RUN_ID='manual__2024-09-24T10:10:00.521965+00:00'
[2024-09-24T10:10:02.295+0000] {taskinstance.py:430} INFO - ::endgroup::
[2024-09-24T10:10:02.307+0000] {taxi_trip.py:44} INFO - Data extraction for yellow trip started
[2024-09-24T10:10:02.307+0000] {Process_data.py:33} INFO - Start transforming Yellow Trip data...
[2024-09-24T10:10:37.615+0000] {Process_data.py:45} INFO - Storing  yellow Trip data completed successfully
[2024-09-24T10:10:37.628+0000] {taxi_trip.py:46} INFO - Data extraction for yellow trip done
[2024-09-24T10:10:37.629+0000] {python.py:237} INFO - Done. Returned value was: None
[2024-09-24T10:10:37.629+0000] {taskinstance.py:441} INFO - ::group::Post task execution logs
[2024-09-24T10:10:37.637+0000] {taskinstance.py:1206} INFO - Marking task as SUCCESS. dag_id=Taxi_trip_pipeline, task_id=extraction_group.extract_yellow_date, run_id=manual__2024-09-24T10:10:00.521965+00:00, execution_date=20240924T101000, start_date=20240924T101002, end_date=20240924T101037
[2024-09-24T10:10:38.490+0000] {local_task_job_runner.py:240} INFO - Task exited with return code 0
[2024-09-24T10:10:38.520+0000] {taskinstance.py:3498} INFO - 3 downstream tasks scheduled from follow-on schedule check
[2024-09-24T10:10:38.539+0000] {local_task_job_runner.py:222} INFO - ::endgroup::
