[2024-09-24T08:13:31.558+0000] {local_task_job_runner.py:120} INFO - ::group::Pre task execution logs
[2024-09-24T08:13:31.579+0000] {taskinstance.py:2076} INFO - Dependencies all met for dep_context=non-requeueable deps ti=<TaskInstance: Taxi_trip_pipeline.load_group.load_green_trip manual__2024-09-24T08:13:27.847010+00:00 [queued]>
[2024-09-24T08:13:31.588+0000] {taskinstance.py:2076} INFO - Dependencies all met for dep_context=requeueable deps ti=<TaskInstance: Taxi_trip_pipeline.load_group.load_green_trip manual__2024-09-24T08:13:27.847010+00:00 [queued]>
[2024-09-24T08:13:31.588+0000] {taskinstance.py:2306} INFO - Starting attempt 1 of 1
[2024-09-24T08:13:31.602+0000] {taskinstance.py:2330} INFO - Executing <Task(PythonOperator): load_group.load_green_trip> on 2024-09-24 08:13:27.847010+00:00
[2024-09-24T08:13:31.611+0000] {standard_task_runner.py:63} INFO - Started process 148 to run task
[2024-09-24T08:13:31.615+0000] {standard_task_runner.py:90} INFO - Running: ['***', 'tasks', 'run', 'Taxi_trip_pipeline', 'load_group.load_green_trip', 'manual__2024-09-24T08:13:27.847010+00:00', '--job-id', '77', '--raw', '--subdir', 'DAGS_FOLDER/taxi_trip.py', '--cfg-path', '/tmp/tmpkwp2kj9e']
[2024-09-24T08:13:31.619+0000] {standard_task_runner.py:91} INFO - Job 77: Subtask load_group.load_green_trip
[2024-09-24T08:13:31.665+0000] {task_command.py:426} INFO - Running <TaskInstance: Taxi_trip_pipeline.load_group.load_green_trip manual__2024-09-24T08:13:27.847010+00:00 [running]> on host 457e36aa430f
[2024-09-24T08:13:31.763+0000] {taskinstance.py:2648} INFO - Exporting env vars: AIRFLOW_CTX_DAG_OWNER='Mahmoud' AIRFLOW_CTX_DAG_ID='Taxi_trip_pipeline' AIRFLOW_CTX_TASK_ID='load_group.load_green_trip' AIRFLOW_CTX_EXECUTION_DATE='2024-09-24T08:13:27.847010+00:00' AIRFLOW_CTX_TRY_NUMBER='1' AIRFLOW_CTX_DAG_RUN_ID='manual__2024-09-24T08:13:27.847010+00:00'
[2024-09-24T08:13:31.764+0000] {taskinstance.py:430} INFO - ::endgroup::
[2024-09-24T08:13:31.779+0000] {taxi_trip.py:53} INFO - Loading green trip data started
[2024-09-24T08:13:31.779+0000] {Load_data.py:11} INFO - loading green trip .....
[2024-09-24T08:13:31.780+0000] {Load_data.py:35} INFO - Error loading grean_trip: read_csv() got an unexpected keyword argument 'date_format'
[2024-09-24T08:13:31.780+0000] {taxi_trip.py:55} INFO - Loading green trip data done
[2024-09-24T08:13:31.780+0000] {python.py:237} INFO - Done. Returned value was: None
[2024-09-24T08:13:31.781+0000] {taskinstance.py:441} INFO - ::group::Post task execution logs
[2024-09-24T08:13:31.789+0000] {taskinstance.py:1206} INFO - Marking task as SUCCESS. dag_id=Taxi_trip_pipeline, task_id=load_group.load_green_trip, run_id=manual__2024-09-24T08:13:27.847010+00:00, execution_date=20240924T081327, start_date=20240924T081331, end_date=20240924T081331
[2024-09-24T08:13:31.827+0000] {local_task_job_runner.py:240} INFO - Task exited with return code 0
[2024-09-24T08:13:31.847+0000] {taskinstance.py:3498} INFO - 0 downstream tasks scheduled from follow-on schedule check
[2024-09-24T08:13:31.849+0000] {local_task_job_runner.py:222} INFO - ::endgroup::
