[2024-10-01T16:00:05.059+0000] {local_task_job_runner.py:120} INFO - ::group::Pre task execution logs
[2024-10-01T16:00:05.085+0000] {taskinstance.py:2076} INFO - Dependencies all met for dep_context=non-requeueable deps ti=<TaskInstance: Taxi_trip_pipeline.dbt_transformation_layer.dbt_run_model_zone_lookup scheduled__2024-10-01T15:45:00+00:00 [queued]>
[2024-10-01T16:00:05.097+0000] {taskinstance.py:2076} INFO - Dependencies all met for dep_context=requeueable deps ti=<TaskInstance: Taxi_trip_pipeline.dbt_transformation_layer.dbt_run_model_zone_lookup scheduled__2024-10-01T15:45:00+00:00 [queued]>
[2024-10-01T16:00:05.098+0000] {taskinstance.py:2306} INFO - Starting attempt 1 of 1
[2024-10-01T16:00:05.112+0000] {taskinstance.py:2330} INFO - Executing <Task(BashOperator): dbt_transformation_layer.dbt_run_model_zone_lookup> on 2024-10-01 15:45:00+00:00
[2024-10-01T16:00:05.120+0000] {standard_task_runner.py:63} INFO - Started process 2647 to run task
[2024-10-01T16:00:05.124+0000] {standard_task_runner.py:90} INFO - Running: ['***', 'tasks', 'run', 'Taxi_trip_pipeline', 'dbt_transformation_layer.dbt_run_model_zone_lookup', 'scheduled__2024-10-01T15:45:00+00:00', '--job-id', '345', '--raw', '--subdir', 'DAGS_FOLDER/taxi_trip.py', '--cfg-path', '/tmp/tmp6u2s8p8f']
[2024-10-01T16:00:05.127+0000] {standard_task_runner.py:91} INFO - Job 345: Subtask dbt_transformation_layer.dbt_run_model_zone_lookup
[2024-10-01T16:00:05.177+0000] {task_command.py:426} INFO - Running <TaskInstance: Taxi_trip_pipeline.dbt_transformation_layer.dbt_run_model_zone_lookup scheduled__2024-10-01T15:45:00+00:00 [running]> on host fcb0f9e87e2b
[2024-10-01T16:00:05.282+0000] {taskinstance.py:2648} INFO - Exporting env vars: AIRFLOW_CTX_DAG_OWNER='Mahmoud' AIRFLOW_CTX_DAG_ID='Taxi_trip_pipeline' AIRFLOW_CTX_TASK_ID='dbt_transformation_layer.dbt_run_model_zone_lookup' AIRFLOW_CTX_EXECUTION_DATE='2024-10-01T15:45:00+00:00' AIRFLOW_CTX_TRY_NUMBER='1' AIRFLOW_CTX_DAG_RUN_ID='scheduled__2024-10-01T15:45:00+00:00'
[2024-10-01T16:00:05.283+0000] {taskinstance.py:430} INFO - ::endgroup::
[2024-10-01T16:00:05.300+0000] {subprocess.py:63} INFO - Tmp dir root location: /tmp
[2024-10-01T16:00:05.300+0000] {subprocess.py:75} INFO - Running command: ['/usr/bin/bash', '-c', 'dbt run --profiles-dir /opt/***/DBT_Project  --project-dir /opt/***/dbt_trip --models zone_lookup']
[2024-10-01T16:00:05.316+0000] {subprocess.py:86} INFO - Output:
[2024-10-01T16:00:08.033+0000] {subprocess.py:93} INFO - [0m16:00:08  Running with dbt=1.8.0
[2024-10-01T16:00:08.400+0000] {subprocess.py:93} INFO - [0m16:00:08  Registered adapter: postgres=1.8.0
[2024-10-01T16:00:08.790+0000] {subprocess.py:93} INFO - [0m16:00:08  [[33mWARNING[0m]: Configuration paths exist in your dbt_project.yml file which do not apply to any resources.
[2024-10-01T16:00:08.791+0000] {subprocess.py:93} INFO - There are 2 unused configuration paths:
[2024-10-01T16:00:08.791+0000] {subprocess.py:93} INFO - - models.fact_trip.Dimensions
[2024-10-01T16:00:08.792+0000] {subprocess.py:93} INFO - - models.fact_trip.staging
[2024-10-01T16:00:09.049+0000] {subprocess.py:93} INFO - [0m16:00:09  Found 4 models, 6 data tests, 3 sources, 566 macros
[2024-10-01T16:00:09.051+0000] {subprocess.py:93} INFO - [0m16:00:09
[2024-10-01T16:00:09.229+0000] {subprocess.py:93} INFO - [0m16:00:09  Concurrency: 3 threads (target='dev')
[2024-10-01T16:00:09.230+0000] {subprocess.py:93} INFO - [0m16:00:09
[2024-10-01T16:00:09.243+0000] {subprocess.py:93} INFO - [0m16:00:09  1 of 1 START sql view model analysis.zone_lookup ............................... [RUN]
[2024-10-01T16:00:09.440+0000] {subprocess.py:93} INFO - [0m16:00:09  1 of 1 OK created sql view model analysis.zone_lookup .......................... [[32mCREATE VIEW[0m in 0.19s]
[2024-10-01T16:00:09.455+0000] {subprocess.py:93} INFO - [0m16:00:09
[2024-10-01T16:00:09.456+0000] {subprocess.py:93} INFO - [0m16:00:09  Finished running 1 view model in 0 hours 0 minutes and 0.40 seconds (0.40s).
[2024-10-01T16:00:09.517+0000] {subprocess.py:93} INFO - [0m16:00:09
[2024-10-01T16:00:09.518+0000] {subprocess.py:93} INFO - [0m16:00:09  [32mCompleted successfully[0m
[2024-10-01T16:00:09.519+0000] {subprocess.py:93} INFO - [0m16:00:09
[2024-10-01T16:00:09.520+0000] {subprocess.py:93} INFO - [0m16:00:09  Done. PASS=1 WARN=0 ERROR=0 SKIP=0 TOTAL=1
[2024-10-01T16:00:10.734+0000] {subprocess.py:97} INFO - Command exited with return code 0
[2024-10-01T16:00:10.735+0000] {taskinstance.py:441} INFO - ::group::Post task execution logs
[2024-10-01T16:00:10.762+0000] {taskinstance.py:1206} INFO - Marking task as SUCCESS. dag_id=Taxi_trip_pipeline, task_id=dbt_transformation_layer.dbt_run_model_zone_lookup, run_id=scheduled__2024-10-01T15:45:00+00:00, execution_date=20241001T154500, start_date=20241001T160005, end_date=20241001T160010
[2024-10-01T16:00:10.786+0000] {local_task_job_runner.py:240} INFO - Task exited with return code 0
[2024-10-01T16:00:10.807+0000] {taskinstance.py:3498} INFO - 1 downstream tasks scheduled from follow-on schedule check
[2024-10-01T16:00:10.808+0000] {local_task_job_runner.py:222} INFO - ::endgroup::
