[2024-10-01T12:37:45.795+0000] {local_task_job_runner.py:120} INFO - ::group::Pre task execution logs
[2024-10-01T12:37:45.817+0000] {taskinstance.py:2076} INFO - Dependencies all met for dep_context=non-requeueable deps ti=<TaskInstance: Taxi_trip_pipeline.dbt_run_fact_trip manual__2024-10-01T12:30:32.928618+00:00 [queued]>
[2024-10-01T12:37:45.825+0000] {taskinstance.py:2076} INFO - Dependencies all met for dep_context=requeueable deps ti=<TaskInstance: Taxi_trip_pipeline.dbt_run_fact_trip manual__2024-10-01T12:30:32.928618+00:00 [queued]>
[2024-10-01T12:37:45.825+0000] {taskinstance.py:2306} INFO - Starting attempt 2 of 2
[2024-10-01T12:37:45.838+0000] {taskinstance.py:2330} INFO - Executing <Task(BashOperator): dbt_run_fact_trip> on 2024-10-01 12:30:32.928618+00:00
[2024-10-01T12:37:45.845+0000] {standard_task_runner.py:63} INFO - Started process 1075 to run task
[2024-10-01T12:37:45.848+0000] {standard_task_runner.py:90} INFO - Running: ['***', 'tasks', 'run', 'Taxi_trip_pipeline', 'dbt_run_fact_trip', 'manual__2024-10-01T12:30:32.928618+00:00', '--job-id', '203', '--raw', '--subdir', 'DAGS_FOLDER/taxi_trip.py', '--cfg-path', '/tmp/tmpvc7s9hyo']
[2024-10-01T12:37:45.850+0000] {standard_task_runner.py:91} INFO - Job 203: Subtask dbt_run_fact_trip
[2024-10-01T12:37:45.890+0000] {task_command.py:426} INFO - Running <TaskInstance: Taxi_trip_pipeline.dbt_run_fact_trip manual__2024-10-01T12:30:32.928618+00:00 [running]> on host fcb0f9e87e2b
[2024-10-01T12:37:45.973+0000] {taskinstance.py:2648} INFO - Exporting env vars: AIRFLOW_CTX_DAG_OWNER='Mahmoud' AIRFLOW_CTX_DAG_ID='Taxi_trip_pipeline' AIRFLOW_CTX_TASK_ID='dbt_run_fact_trip' AIRFLOW_CTX_EXECUTION_DATE='2024-10-01T12:30:32.928618+00:00' AIRFLOW_CTX_TRY_NUMBER='2' AIRFLOW_CTX_DAG_RUN_ID='manual__2024-10-01T12:30:32.928618+00:00'
[2024-10-01T12:37:45.973+0000] {taskinstance.py:430} INFO - ::endgroup::
[2024-10-01T12:37:45.985+0000] {subprocess.py:63} INFO - Tmp dir root location: /tmp
[2024-10-01T12:37:45.986+0000] {subprocess.py:75} INFO - Running command: ['/usr/bin/bash', '-c', 'dbt run --profiles-dir /opt/***/DBT_Project  --project-dir /opt/***/dbt_trip --models Fact_trip']
[2024-10-01T12:37:46.000+0000] {subprocess.py:86} INFO - Output:
[2024-10-01T12:37:48.479+0000] {subprocess.py:93} INFO - [0m12:37:48  Running with dbt=1.8.0
[2024-10-01T12:37:48.794+0000] {subprocess.py:93} INFO - [0m12:37:48  Registered adapter: postgres=1.8.0
[2024-10-01T12:37:49.111+0000] {subprocess.py:93} INFO - [0m12:37:49  [[33mWARNING[0m]: Configuration paths exist in your dbt_project.yml file which do not apply to any resources.
[2024-10-01T12:37:49.112+0000] {subprocess.py:93} INFO - There are 2 unused configuration paths:
[2024-10-01T12:37:49.112+0000] {subprocess.py:93} INFO - - models.fact_trip.Dimensions
[2024-10-01T12:37:49.112+0000] {subprocess.py:93} INFO - - models.fact_trip.staging
[2024-10-01T12:37:49.338+0000] {subprocess.py:93} INFO - [0m12:37:49  Found 4 models, 6 data tests, 3 sources, 566 macros
[2024-10-01T12:37:49.340+0000] {subprocess.py:93} INFO - [0m12:37:49
[2024-10-01T12:37:49.465+0000] {subprocess.py:93} INFO - [0m12:37:49  Concurrency: 3 threads (target='dev')
[2024-10-01T12:37:49.466+0000] {subprocess.py:93} INFO - [0m12:37:49
[2024-10-01T12:37:49.476+0000] {subprocess.py:93} INFO - [0m12:37:49  1 of 1 START sql view model analysis.Fact_trip ................................. [RUN]
[2024-10-01T12:37:49.619+0000] {subprocess.py:93} INFO - [0m12:37:49  1 of 1 OK created sql view model analysis.Fact_trip ............................ [[32mCREATE VIEW[0m in 0.14s]
[2024-10-01T12:37:49.635+0000] {subprocess.py:93} INFO - [0m12:37:49
[2024-10-01T12:37:49.636+0000] {subprocess.py:93} INFO - [0m12:37:49  Finished running 1 view model in 0 hours 0 minutes and 0.29 seconds (0.29s).
[2024-10-01T12:37:49.701+0000] {subprocess.py:93} INFO - [0m12:37:49
[2024-10-01T12:37:49.702+0000] {subprocess.py:93} INFO - [0m12:37:49  [32mCompleted successfully[0m
[2024-10-01T12:37:49.703+0000] {subprocess.py:93} INFO - [0m12:37:49
[2024-10-01T12:37:49.704+0000] {subprocess.py:93} INFO - [0m12:37:49  Done. PASS=1 WARN=0 ERROR=0 SKIP=0 TOTAL=1
[2024-10-01T12:37:50.835+0000] {subprocess.py:97} INFO - Command exited with return code 0
[2024-10-01T12:37:50.836+0000] {taskinstance.py:441} INFO - ::group::Post task execution logs
[2024-10-01T12:37:50.858+0000] {taskinstance.py:1206} INFO - Marking task as SUCCESS. dag_id=Taxi_trip_pipeline, task_id=dbt_run_fact_trip, run_id=manual__2024-10-01T12:30:32.928618+00:00, execution_date=20241001T123032, start_date=20241001T123745, end_date=20241001T123750
[2024-10-01T12:37:50.896+0000] {local_task_job_runner.py:240} INFO - Task exited with return code 0
[2024-10-01T12:37:50.912+0000] {taskinstance.py:3498} INFO - 0 downstream tasks scheduled from follow-on schedule check
[2024-10-01T12:37:50.914+0000] {local_task_job_runner.py:222} INFO - ::endgroup::
