[2024-10-01T12:30:48.478+0000] {local_task_job_runner.py:120} INFO - ::group::Pre task execution logs
[2024-10-01T12:30:48.499+0000] {taskinstance.py:2076} INFO - Dependencies all met for dep_context=non-requeueable deps ti=<TaskInstance: Taxi_trip_pipeline.dbt_run_fact_trip manual__2024-10-01T12:30:32.928618+00:00 [queued]>
[2024-10-01T12:30:48.507+0000] {taskinstance.py:2076} INFO - Dependencies all met for dep_context=requeueable deps ti=<TaskInstance: Taxi_trip_pipeline.dbt_run_fact_trip manual__2024-10-01T12:30:32.928618+00:00 [queued]>
[2024-10-01T12:30:48.507+0000] {taskinstance.py:2306} INFO - Starting attempt 1 of 1
[2024-10-01T12:30:48.519+0000] {taskinstance.py:2330} INFO - Executing <Task(BashOperator): dbt_run_fact_trip> on 2024-10-01 12:30:32.928618+00:00
[2024-10-01T12:30:48.527+0000] {standard_task_runner.py:63} INFO - Started process 953 to run task
[2024-10-01T12:30:48.529+0000] {standard_task_runner.py:90} INFO - Running: ['***', 'tasks', 'run', 'Taxi_trip_pipeline', 'dbt_run_fact_trip', 'manual__2024-10-01T12:30:32.928618+00:00', '--job-id', '194', '--raw', '--subdir', 'DAGS_FOLDER/taxi_trip.py', '--cfg-path', '/tmp/tmpxucx0hwz']
[2024-10-01T12:30:48.532+0000] {standard_task_runner.py:91} INFO - Job 194: Subtask dbt_run_fact_trip
[2024-10-01T12:30:48.573+0000] {task_command.py:426} INFO - Running <TaskInstance: Taxi_trip_pipeline.dbt_run_fact_trip manual__2024-10-01T12:30:32.928618+00:00 [running]> on host fcb0f9e87e2b
[2024-10-01T12:30:48.654+0000] {taskinstance.py:2648} INFO - Exporting env vars: AIRFLOW_CTX_DAG_OWNER='Mahmoud' AIRFLOW_CTX_DAG_ID='Taxi_trip_pipeline' AIRFLOW_CTX_TASK_ID='dbt_run_fact_trip' AIRFLOW_CTX_EXECUTION_DATE='2024-10-01T12:30:32.928618+00:00' AIRFLOW_CTX_TRY_NUMBER='1' AIRFLOW_CTX_DAG_RUN_ID='manual__2024-10-01T12:30:32.928618+00:00'
[2024-10-01T12:30:48.654+0000] {taskinstance.py:430} INFO - ::endgroup::
[2024-10-01T12:30:48.665+0000] {subprocess.py:63} INFO - Tmp dir root location: /tmp
[2024-10-01T12:30:48.666+0000] {subprocess.py:75} INFO - Running command: ['/usr/bin/bash', '-c', 'dbt run --profiles-dir /opt/***/DBT_Project  --project-dir /opt/***/dbt_trip --models Fact_trip']
[2024-10-01T12:30:48.679+0000] {subprocess.py:86} INFO - Output:
[2024-10-01T12:30:51.290+0000] {subprocess.py:93} INFO - [0m12:30:51  Running with dbt=1.8.0
[2024-10-01T12:30:51.607+0000] {subprocess.py:93} INFO - [0m12:30:51  Registered adapter: postgres=1.8.0
[2024-10-01T12:30:51.933+0000] {subprocess.py:93} INFO - [0m12:30:51  [[33mWARNING[0m]: Configuration paths exist in your dbt_project.yml file which do not apply to any resources.
[2024-10-01T12:30:51.933+0000] {subprocess.py:93} INFO - There are 2 unused configuration paths:
[2024-10-01T12:30:51.934+0000] {subprocess.py:93} INFO - - models.fact_trip.staging
[2024-10-01T12:30:51.934+0000] {subprocess.py:93} INFO - - models.fact_trip.Dimensions
[2024-10-01T12:30:52.162+0000] {subprocess.py:93} INFO - [0m12:30:52  Found 4 models, 6 data tests, 3 sources, 566 macros
[2024-10-01T12:30:52.164+0000] {subprocess.py:93} INFO - [0m12:30:52
[2024-10-01T12:30:52.295+0000] {subprocess.py:93} INFO - [0m12:30:52  Concurrency: 3 threads (target='dev')
[2024-10-01T12:30:52.296+0000] {subprocess.py:93} INFO - [0m12:30:52
[2024-10-01T12:30:52.306+0000] {subprocess.py:93} INFO - [0m12:30:52  1 of 1 START sql view model analysis.Fact_trip ................................. [RUN]
[2024-10-01T12:30:52.443+0000] {subprocess.py:93} INFO - [0m12:30:52  1 of 1 OK created sql view model analysis.Fact_trip ............................ [[32mCREATE VIEW[0m in 0.13s]
[2024-10-01T12:30:52.456+0000] {subprocess.py:93} INFO - [0m12:30:52
[2024-10-01T12:30:52.457+0000] {subprocess.py:93} INFO - [0m12:30:52  Finished running 1 view model in 0 hours 0 minutes and 0.29 seconds (0.29s).
[2024-10-01T12:30:52.510+0000] {subprocess.py:93} INFO - [0m12:30:52
[2024-10-01T12:30:52.511+0000] {subprocess.py:93} INFO - [0m12:30:52  [32mCompleted successfully[0m
[2024-10-01T12:30:52.512+0000] {subprocess.py:93} INFO - [0m12:30:52
[2024-10-01T12:30:52.513+0000] {subprocess.py:93} INFO - [0m12:30:52  Done. PASS=1 WARN=0 ERROR=0 SKIP=0 TOTAL=1
[2024-10-01T12:30:53.474+0000] {subprocess.py:97} INFO - Command exited with return code 0
[2024-10-01T12:30:53.475+0000] {taskinstance.py:441} INFO - ::group::Post task execution logs
[2024-10-01T12:30:53.498+0000] {taskinstance.py:1206} INFO - Marking task as SUCCESS. dag_id=Taxi_trip_pipeline, task_id=dbt_run_fact_trip, run_id=manual__2024-10-01T12:30:32.928618+00:00, execution_date=20241001T123032, start_date=20241001T123048, end_date=20241001T123053
[2024-10-01T12:30:53.517+0000] {local_task_job_runner.py:240} INFO - Task exited with return code 0
[2024-10-01T12:30:53.536+0000] {taskinstance.py:3498} INFO - 0 downstream tasks scheduled from follow-on schedule check
[2024-10-01T12:30:53.538+0000] {local_task_job_runner.py:222} INFO - ::endgroup::
