[2024-10-01T12:52:28.398+0000] {local_task_job_runner.py:120} INFO - ::group::Pre task execution logs
[2024-10-01T12:52:28.419+0000] {taskinstance.py:2076} INFO - Dependencies all met for dep_context=non-requeueable deps ti=<TaskInstance: Taxi_trip_pipeline.dbt_run_fact_trip manual__2024-10-01T12:30:32.928618+00:00 [queued]>
[2024-10-01T12:52:28.429+0000] {taskinstance.py:2076} INFO - Dependencies all met for dep_context=requeueable deps ti=<TaskInstance: Taxi_trip_pipeline.dbt_run_fact_trip manual__2024-10-01T12:30:32.928618+00:00 [queued]>
[2024-10-01T12:52:28.429+0000] {taskinstance.py:2306} INFO - Starting attempt 4 of 4
[2024-10-01T12:52:28.443+0000] {taskinstance.py:2330} INFO - Executing <Task(BashOperator): dbt_run_fact_trip> on 2024-10-01 12:30:32.928618+00:00
[2024-10-01T12:52:28.450+0000] {standard_task_runner.py:63} INFO - Started process 1222 to run task
[2024-10-01T12:52:28.453+0000] {standard_task_runner.py:90} INFO - Running: ['***', 'tasks', 'run', 'Taxi_trip_pipeline', 'dbt_run_fact_trip', 'manual__2024-10-01T12:30:32.928618+00:00', '--job-id', '217', '--raw', '--subdir', 'DAGS_FOLDER/taxi_trip.py', '--cfg-path', '/tmp/tmp2j3_3f59']
[2024-10-01T12:52:28.455+0000] {standard_task_runner.py:91} INFO - Job 217: Subtask dbt_run_fact_trip
[2024-10-01T12:52:28.500+0000] {task_command.py:426} INFO - Running <TaskInstance: Taxi_trip_pipeline.dbt_run_fact_trip manual__2024-10-01T12:30:32.928618+00:00 [running]> on host fcb0f9e87e2b
[2024-10-01T12:52:28.586+0000] {taskinstance.py:2648} INFO - Exporting env vars: AIRFLOW_CTX_DAG_OWNER='Mahmoud' AIRFLOW_CTX_DAG_ID='Taxi_trip_pipeline' AIRFLOW_CTX_TASK_ID='dbt_run_fact_trip' AIRFLOW_CTX_EXECUTION_DATE='2024-10-01T12:30:32.928618+00:00' AIRFLOW_CTX_TRY_NUMBER='4' AIRFLOW_CTX_DAG_RUN_ID='manual__2024-10-01T12:30:32.928618+00:00'
[2024-10-01T12:52:28.587+0000] {taskinstance.py:430} INFO - ::endgroup::
[2024-10-01T12:52:28.598+0000] {subprocess.py:63} INFO - Tmp dir root location: /tmp
[2024-10-01T12:52:28.599+0000] {subprocess.py:75} INFO - Running command: ['/usr/bin/bash', '-c', 'dbt run --profiles-dir /opt/***/DBT_Project  --project-dir /opt/***/dbt_trip --models Fact_trip']
[2024-10-01T12:52:28.614+0000] {subprocess.py:86} INFO - Output:
[2024-10-01T12:52:31.217+0000] {subprocess.py:93} INFO - [0m12:52:31  Running with dbt=1.8.0
[2024-10-01T12:52:31.545+0000] {subprocess.py:93} INFO - [0m12:52:31  Registered adapter: postgres=1.8.0
[2024-10-01T12:52:31.869+0000] {subprocess.py:93} INFO - [0m12:52:31  [[33mWARNING[0m]: Configuration paths exist in your dbt_project.yml file which do not apply to any resources.
[2024-10-01T12:52:31.870+0000] {subprocess.py:93} INFO - There are 2 unused configuration paths:
[2024-10-01T12:52:31.870+0000] {subprocess.py:93} INFO - - models.fact_trip.staging
[2024-10-01T12:52:31.870+0000] {subprocess.py:93} INFO - - models.fact_trip.Dimensions
[2024-10-01T12:52:32.086+0000] {subprocess.py:93} INFO - [0m12:52:32  Found 4 models, 6 data tests, 3 sources, 566 macros
[2024-10-01T12:52:32.088+0000] {subprocess.py:93} INFO - [0m12:52:32
[2024-10-01T12:52:32.206+0000] {subprocess.py:93} INFO - [0m12:52:32  Concurrency: 3 threads (target='dev')
[2024-10-01T12:52:32.206+0000] {subprocess.py:93} INFO - [0m12:52:32
[2024-10-01T12:52:32.216+0000] {subprocess.py:93} INFO - [0m12:52:32  1 of 1 START sql view model analysis.Fact_trip ................................. [RUN]
[2024-10-01T12:52:32.342+0000] {subprocess.py:93} INFO - [0m12:52:32  1 of 1 OK created sql view model analysis.Fact_trip ............................ [[32mCREATE VIEW[0m in 0.12s]
[2024-10-01T12:52:32.353+0000] {subprocess.py:93} INFO - [0m12:52:32
[2024-10-01T12:52:32.354+0000] {subprocess.py:93} INFO - [0m12:52:32  Finished running 1 view model in 0 hours 0 minutes and 0.26 seconds (0.26s).
[2024-10-01T12:52:32.413+0000] {subprocess.py:93} INFO - [0m12:52:32
[2024-10-01T12:52:32.414+0000] {subprocess.py:93} INFO - [0m12:52:32  [32mCompleted successfully[0m
[2024-10-01T12:52:32.414+0000] {subprocess.py:93} INFO - [0m12:52:32
[2024-10-01T12:52:32.415+0000] {subprocess.py:93} INFO - [0m12:52:32  Done. PASS=1 WARN=0 ERROR=0 SKIP=0 TOTAL=1
[2024-10-01T12:52:33.376+0000] {subprocess.py:97} INFO - Command exited with return code 0
[2024-10-01T12:52:33.377+0000] {taskinstance.py:441} INFO - ::group::Post task execution logs
[2024-10-01T12:52:33.401+0000] {taskinstance.py:1206} INFO - Marking task as SUCCESS. dag_id=Taxi_trip_pipeline, task_id=dbt_run_fact_trip, run_id=manual__2024-10-01T12:30:32.928618+00:00, execution_date=20241001T123032, start_date=20241001T125228, end_date=20241001T125233
[2024-10-01T12:52:33.441+0000] {local_task_job_runner.py:240} INFO - Task exited with return code 0
[2024-10-01T12:52:33.460+0000] {taskinstance.py:3498} INFO - 0 downstream tasks scheduled from follow-on schedule check
[2024-10-01T12:52:33.461+0000] {local_task_job_runner.py:222} INFO - ::endgroup::
