[2024-09-29T20:45:35.096+0000] {local_task_job_runner.py:120} INFO - ::group::Pre task execution logs
[2024-09-29T20:45:35.125+0000] {taskinstance.py:2076} INFO - Dependencies all met for dep_context=non-requeueable deps ti=<TaskInstance: Taxi_trip_pipeline.dbt_staging_layer.dbt_run_stg_green_tripdata manual__2024-09-29T20:45:28.356121+00:00 [queued]>
[2024-09-29T20:45:35.138+0000] {taskinstance.py:2076} INFO - Dependencies all met for dep_context=requeueable deps ti=<TaskInstance: Taxi_trip_pipeline.dbt_staging_layer.dbt_run_stg_green_tripdata manual__2024-09-29T20:45:28.356121+00:00 [queued]>
[2024-09-29T20:45:35.138+0000] {taskinstance.py:2306} INFO - Starting attempt 1 of 1
[2024-09-29T20:45:35.152+0000] {taskinstance.py:2330} INFO - Executing <Task(BashOperator): dbt_staging_layer.dbt_run_stg_green_tripdata> on 2024-09-29 20:45:28.356121+00:00
[2024-09-29T20:45:35.160+0000] {standard_task_runner.py:63} INFO - Started process 242 to run task
[2024-09-29T20:45:35.163+0000] {standard_task_runner.py:90} INFO - Running: ['***', 'tasks', 'run', 'Taxi_trip_pipeline', 'dbt_staging_layer.dbt_run_stg_green_tripdata', 'manual__2024-09-29T20:45:28.356121+00:00', '--job-id', '21', '--raw', '--subdir', 'DAGS_FOLDER/taxi_trip.py', '--cfg-path', '/tmp/tmp8cv238a6']
[2024-09-29T20:45:35.166+0000] {standard_task_runner.py:91} INFO - Job 21: Subtask dbt_staging_layer.dbt_run_stg_green_tripdata
[2024-09-29T20:45:35.221+0000] {task_command.py:426} INFO - Running <TaskInstance: Taxi_trip_pipeline.dbt_staging_layer.dbt_run_stg_green_tripdata manual__2024-09-29T20:45:28.356121+00:00 [running]> on host c117e05af260
[2024-09-29T20:45:35.326+0000] {taskinstance.py:2648} INFO - Exporting env vars: AIRFLOW_CTX_DAG_OWNER='Mahmoud' AIRFLOW_CTX_DAG_ID='Taxi_trip_pipeline' AIRFLOW_CTX_TASK_ID='dbt_staging_layer.dbt_run_stg_green_tripdata' AIRFLOW_CTX_EXECUTION_DATE='2024-09-29T20:45:28.356121+00:00' AIRFLOW_CTX_TRY_NUMBER='1' AIRFLOW_CTX_DAG_RUN_ID='manual__2024-09-29T20:45:28.356121+00:00'
[2024-09-29T20:45:35.327+0000] {taskinstance.py:430} INFO - ::endgroup::
[2024-09-29T20:45:35.346+0000] {subprocess.py:63} INFO - Tmp dir root location: /tmp
[2024-09-29T20:45:35.346+0000] {subprocess.py:75} INFO - Running command: ['/usr/bin/bash', '-c', 'dbt run --profiles-dir ./DBT_Project --project-dir ./dbt_trip --models stg_green_tripdata']
[2024-09-29T20:45:35.363+0000] {subprocess.py:86} INFO - Output:
[2024-09-29T20:45:38.553+0000] {subprocess.py:93} INFO - Usage: dbt run [OPTIONS]
[2024-09-29T20:45:38.553+0000] {subprocess.py:93} INFO - Try 'dbt run -h' for help.
[2024-09-29T20:45:38.553+0000] {subprocess.py:93} INFO - 
[2024-09-29T20:45:38.553+0000] {subprocess.py:93} INFO - Error: Invalid value for '--profiles-dir': Path './DBT_Project' does not exist.
[2024-09-29T20:45:38.785+0000] {subprocess.py:97} INFO - Command exited with return code 2
[2024-09-29T20:45:38.786+0000] {taskinstance.py:441} INFO - ::group::Post task execution logs
[2024-09-29T20:45:38.798+0000] {taskinstance.py:2905} ERROR - Task failed with exception
Traceback (most recent call last):
  File "/home/airflow/.local/lib/python3.9/site-packages/airflow/models/taskinstance.py", line 465, in _execute_task
    result = _execute_callable(context=context, **execute_callable_kwargs)
  File "/home/airflow/.local/lib/python3.9/site-packages/airflow/models/taskinstance.py", line 432, in _execute_callable
    return execute_callable(context=context, **execute_callable_kwargs)
  File "/home/airflow/.local/lib/python3.9/site-packages/airflow/models/baseoperator.py", line 400, in wrapper
    return func(self, *args, **kwargs)
  File "/home/airflow/.local/lib/python3.9/site-packages/airflow/operators/bash.py", line 243, in execute
    raise AirflowException(
airflow.exceptions.AirflowException: Bash command failed. The command returned a non-zero exit code 2.
[2024-09-29T20:45:38.802+0000] {taskinstance.py:1206} INFO - Marking task as FAILED. dag_id=Taxi_trip_pipeline, task_id=dbt_staging_layer.dbt_run_stg_green_tripdata, run_id=manual__2024-09-29T20:45:28.356121+00:00, execution_date=20240929T204528, start_date=20240929T204535, end_date=20240929T204538
[2024-09-29T20:45:38.817+0000] {standard_task_runner.py:110} ERROR - Failed to execute job 21 for task dbt_staging_layer.dbt_run_stg_green_tripdata (Bash command failed. The command returned a non-zero exit code 2.; 242)
[2024-09-29T20:45:38.865+0000] {local_task_job_runner.py:240} INFO - Task exited with return code 1
[2024-09-29T20:45:38.889+0000] {taskinstance.py:3498} INFO - 0 downstream tasks scheduled from follow-on schedule check
[2024-09-29T20:45:38.891+0000] {local_task_job_runner.py:222} INFO - ::endgroup::
