[2024-10-01T15:15:11.924+0000] {local_task_job_runner.py:120} INFO - ::group::Pre task execution logs
[2024-10-01T15:15:11.953+0000] {taskinstance.py:2076} INFO - Dependencies all met for dep_context=non-requeueable deps ti=<TaskInstance: Taxi_trip_pipeline.dbt_transformation_layer.dbt_run_model_zone_lookup scheduled__2024-10-01T15:00:00+00:00 [queued]>
[2024-10-01T15:15:11.983+0000] {taskinstance.py:2076} INFO - Dependencies all met for dep_context=requeueable deps ti=<TaskInstance: Taxi_trip_pipeline.dbt_transformation_layer.dbt_run_model_zone_lookup scheduled__2024-10-01T15:00:00+00:00 [queued]>
[2024-10-01T15:15:11.984+0000] {taskinstance.py:2306} INFO - Starting attempt 1 of 1
[2024-10-01T15:15:14.816+0000] {taskinstance.py:2330} INFO - Executing <Task(BashOperator): dbt_transformation_layer.dbt_run_model_zone_lookup> on 2024-10-01 15:00:00+00:00
[2024-10-01T15:15:14.828+0000] {standard_task_runner.py:63} INFO - Started process 2119 to run task
[2024-10-01T15:15:14.833+0000] {standard_task_runner.py:90} INFO - Running: ['***', 'tasks', 'run', 'Taxi_trip_pipeline', 'dbt_transformation_layer.dbt_run_model_zone_lookup', 'scheduled__2024-10-01T15:00:00+00:00', '--job-id', '291', '--raw', '--subdir', 'DAGS_FOLDER/taxi_trip.py', '--cfg-path', '/tmp/tmpxye3lues']
[2024-10-01T15:15:14.836+0000] {standard_task_runner.py:91} INFO - Job 291: Subtask dbt_transformation_layer.dbt_run_model_zone_lookup
[2024-10-01T15:15:14.958+0000] {task_command.py:426} INFO - Running <TaskInstance: Taxi_trip_pipeline.dbt_transformation_layer.dbt_run_model_zone_lookup scheduled__2024-10-01T15:00:00+00:00 [running]> on host fcb0f9e87e2b
[2024-10-01T15:15:15.117+0000] {taskinstance.py:2648} INFO - Exporting env vars: AIRFLOW_CTX_DAG_OWNER='Mahmoud' AIRFLOW_CTX_DAG_ID='Taxi_trip_pipeline' AIRFLOW_CTX_TASK_ID='dbt_transformation_layer.dbt_run_model_zone_lookup' AIRFLOW_CTX_EXECUTION_DATE='2024-10-01T15:00:00+00:00' AIRFLOW_CTX_TRY_NUMBER='1' AIRFLOW_CTX_DAG_RUN_ID='scheduled__2024-10-01T15:00:00+00:00'
[2024-10-01T15:15:15.118+0000] {taskinstance.py:430} INFO - ::endgroup::
[2024-10-01T15:15:15.136+0000] {subprocess.py:63} INFO - Tmp dir root location: /tmp
[2024-10-01T15:15:15.137+0000] {subprocess.py:75} INFO - Running command: ['/usr/bin/bash', '-c', 'dbt run --profiles-dir /opt/***/DBT_Project  --project-dir /opt/***/dbt_trip --models zone_lookup']
[2024-10-01T15:15:15.162+0000] {subprocess.py:86} INFO - Output:
[2024-10-01T15:15:21.760+0000] {subprocess.py:93} INFO - [0m15:15:21  Running with dbt=1.8.0
[2024-10-01T15:15:22.153+0000] {subprocess.py:93} INFO - [0m15:15:22  Registered adapter: postgres=1.8.0
[2024-10-01T15:15:22.649+0000] {subprocess.py:93} INFO - [0m15:15:22  [[33mWARNING[0m]: Configuration paths exist in your dbt_project.yml file which do not apply to any resources.
[2024-10-01T15:15:22.650+0000] {subprocess.py:93} INFO - There are 2 unused configuration paths:
[2024-10-01T15:15:22.650+0000] {subprocess.py:93} INFO - - models.fact_trip.Dimensions
[2024-10-01T15:15:22.651+0000] {subprocess.py:93} INFO - - models.fact_trip.staging
[2024-10-01T15:15:22.993+0000] {subprocess.py:93} INFO - [0m15:15:22  Found 4 models, 6 data tests, 3 sources, 566 macros
[2024-10-01T15:15:23.000+0000] {subprocess.py:93} INFO - [0m15:15:23
[2024-10-01T15:15:23.230+0000] {subprocess.py:93} INFO - [0m15:15:23  Concurrency: 3 threads (target='dev')
[2024-10-01T15:15:23.231+0000] {subprocess.py:93} INFO - [0m15:15:23
[2024-10-01T15:15:23.241+0000] {subprocess.py:93} INFO - [0m15:15:23  1 of 1 START sql view model analysis.zone_lookup ............................... [RUN]
[2024-10-01T15:15:23.419+0000] {subprocess.py:93} INFO - [0m15:15:23  1 of 1 OK created sql view model analysis.zone_lookup .......................... [[32mCREATE VIEW[0m in 0.18s]
[2024-10-01T15:15:23.435+0000] {subprocess.py:93} INFO - [0m15:15:23
[2024-10-01T15:15:23.436+0000] {subprocess.py:93} INFO - [0m15:15:23  Finished running 1 view model in 0 hours 0 minutes and 0.43 seconds (0.43s).
[2024-10-01T15:15:23.496+0000] {subprocess.py:93} INFO - [0m15:15:23
[2024-10-01T15:15:23.497+0000] {subprocess.py:93} INFO - [0m15:15:23  [32mCompleted successfully[0m
[2024-10-01T15:15:23.498+0000] {subprocess.py:93} INFO - [0m15:15:23
[2024-10-01T15:15:23.499+0000] {subprocess.py:93} INFO - [0m15:15:23  Done. PASS=1 WARN=0 ERROR=0 SKIP=0 TOTAL=1
[2024-10-01T15:15:24.681+0000] {subprocess.py:97} INFO - Command exited with return code 0
[2024-10-01T15:15:24.682+0000] {taskinstance.py:441} INFO - ::group::Post task execution logs
[2024-10-01T15:15:24.711+0000] {taskinstance.py:1206} INFO - Marking task as SUCCESS. dag_id=Taxi_trip_pipeline, task_id=dbt_transformation_layer.dbt_run_model_zone_lookup, run_id=scheduled__2024-10-01T15:00:00+00:00, execution_date=20241001T150000, start_date=20241001T151511, end_date=20241001T151524
[2024-10-01T15:15:24.766+0000] {local_task_job_runner.py:240} INFO - Task exited with return code 0
[2024-10-01T15:15:24.774+0000] {local_task_job_runner.py:222} INFO - ::endgroup::
