[2024-09-20T18:05:57.600+0000] {local_task_job_runner.py:120} INFO - ::group::Pre task execution logs
[2024-09-20T18:05:57.621+0000] {taskinstance.py:2076} INFO - Dependencies all met for dep_context=non-requeueable deps ti=<TaskInstance: NYC_Taxi_pipeline.load_data manual__2024-09-20T18:05:55.174822+00:00 [queued]>
[2024-09-20T18:05:57.628+0000] {taskinstance.py:2076} INFO - Dependencies all met for dep_context=requeueable deps ti=<TaskInstance: NYC_Taxi_pipeline.load_data manual__2024-09-20T18:05:55.174822+00:00 [queued]>
[2024-09-20T18:05:57.628+0000] {taskinstance.py:2306} INFO - Starting attempt 1 of 1
[2024-09-20T18:05:57.639+0000] {taskinstance.py:2330} INFO - Executing <Task(PythonOperator): load_data> on 2024-09-20 18:05:55.174822+00:00
[2024-09-20T18:05:57.646+0000] {standard_task_runner.py:63} INFO - Started process 189 to run task
[2024-09-20T18:05:57.649+0000] {standard_task_runner.py:90} INFO - Running: ['***', 'tasks', 'run', 'NYC_Taxi_pipeline', 'load_data', 'manual__2024-09-20T18:05:55.174822+00:00', '--job-id', '20', '--raw', '--subdir', 'DAGS_FOLDER/NYC_Taxi_pipeline.py', '--cfg-path', '/tmp/tmpozxn2_wn']
[2024-09-20T18:05:57.652+0000] {standard_task_runner.py:91} INFO - Job 20: Subtask load_data
[2024-09-20T18:05:57.693+0000] {task_command.py:426} INFO - Running <TaskInstance: NYC_Taxi_pipeline.load_data manual__2024-09-20T18:05:55.174822+00:00 [running]> on host ebfded8325af
[2024-09-20T18:05:57.770+0000] {taskinstance.py:2648} INFO - Exporting env vars: AIRFLOW_CTX_DAG_OWNER='Mahmoud' AIRFLOW_CTX_DAG_ID='NYC_Taxi_pipeline' AIRFLOW_CTX_TASK_ID='load_data' AIRFLOW_CTX_EXECUTION_DATE='2024-09-20T18:05:55.174822+00:00' AIRFLOW_CTX_TRY_NUMBER='1' AIRFLOW_CTX_DAG_RUN_ID='manual__2024-09-20T18:05:55.174822+00:00'
[2024-09-20T18:05:57.771+0000] {taskinstance.py:430} INFO - ::endgroup::
[2024-09-20T18:05:57.782+0000] {NYC_Taxi_pipeline.py:44} INFO - Start to load data
[2024-09-20T18:05:57.782+0000] {data_process.py:28} INFO - Loading data into table trip...
[2024-09-20T18:05:59.643+0000] {data_process.py:51} INFO - Data shape after dropna: (339807, 20)
[2024-09-20T18:05:59.814+0000] {db_utils.py:21} INFO - Connected to PostgreSQL database successfully
[2024-09-20T18:07:33.545+0000] {data_process.py:71} INFO - Data loaded successfully into table trip with 339807 rows
[2024-09-20T18:07:33.548+0000] {db_utils.py:30} INFO - PostgreSQL connection is closed
[2024-09-20T18:07:33.623+0000] {NYC_Taxi_pipeline.py:47} INFO - Load data done
[2024-09-20T18:07:33.623+0000] {python.py:237} INFO - Done. Returned value was: None
[2024-09-20T18:07:33.624+0000] {taskinstance.py:441} INFO - ::group::Post task execution logs
[2024-09-20T18:07:33.633+0000] {taskinstance.py:1206} INFO - Marking task as SUCCESS. dag_id=NYC_Taxi_pipeline, task_id=load_data, run_id=manual__2024-09-20T18:05:55.174822+00:00, execution_date=20240920T180555, start_date=20240920T180557, end_date=20240920T180733
[2024-09-20T18:07:33.677+0000] {local_task_job_runner.py:240} INFO - Task exited with return code 0
[2024-09-20T18:07:33.695+0000] {taskinstance.py:3498} INFO - 2 downstream tasks scheduled from follow-on schedule check
[2024-09-20T18:07:33.696+0000] {local_task_job_runner.py:222} INFO - ::endgroup::
