[2024-09-28T19:01:46.228+0000] {local_task_job_runner.py:120} INFO - ::group::Pre task execution logs
[2024-09-28T19:01:46.250+0000] {taskinstance.py:2076} INFO - Dependencies all met for dep_context=non-requeueable deps ti=<TaskInstance: Taxi_trip_pipeline.extraction_layer.extract_yellow_date manual__2024-09-28T19:01:44.208429+00:00 [queued]>
[2024-09-28T19:01:46.258+0000] {taskinstance.py:2076} INFO - Dependencies all met for dep_context=requeueable deps ti=<TaskInstance: Taxi_trip_pipeline.extraction_layer.extract_yellow_date manual__2024-09-28T19:01:44.208429+00:00 [queued]>
[2024-09-28T19:01:46.258+0000] {taskinstance.py:2306} INFO - Starting attempt 1 of 1
[2024-09-28T19:01:46.271+0000] {taskinstance.py:2330} INFO - Executing <Task(PythonOperator): extraction_layer.extract_yellow_date> on 2024-09-28 19:01:44.208429+00:00
[2024-09-28T19:01:46.277+0000] {standard_task_runner.py:63} INFO - Started process 96 to run task
[2024-09-28T19:01:46.280+0000] {standard_task_runner.py:90} INFO - Running: ['***', 'tasks', 'run', 'Taxi_trip_pipeline', 'extraction_layer.extract_yellow_date', 'manual__2024-09-28T19:01:44.208429+00:00', '--job-id', '234', '--raw', '--subdir', 'DAGS_FOLDER/taxi_trip.py', '--cfg-path', '/tmp/tmpdg_c7mbn']
[2024-09-28T19:01:46.282+0000] {standard_task_runner.py:91} INFO - Job 234: Subtask extraction_layer.extract_yellow_date
[2024-09-28T19:01:46.330+0000] {task_command.py:426} INFO - Running <TaskInstance: Taxi_trip_pipeline.extraction_layer.extract_yellow_date manual__2024-09-28T19:01:44.208429+00:00 [running]> on host a802ffefc15a
[2024-09-28T19:01:46.416+0000] {taskinstance.py:2648} INFO - Exporting env vars: AIRFLOW_CTX_DAG_OWNER='Mahmoud' AIRFLOW_CTX_DAG_ID='Taxi_trip_pipeline' AIRFLOW_CTX_TASK_ID='extraction_layer.extract_yellow_date' AIRFLOW_CTX_EXECUTION_DATE='2024-09-28T19:01:44.208429+00:00' AIRFLOW_CTX_TRY_NUMBER='1' AIRFLOW_CTX_DAG_RUN_ID='manual__2024-09-28T19:01:44.208429+00:00'
[2024-09-28T19:01:46.417+0000] {taskinstance.py:430} INFO - ::endgroup::
[2024-09-28T19:01:46.444+0000] {taxi_trip.py:52} INFO - Data extraction for yellow trip started
[2024-09-28T19:01:46.452+0000] {db_utils.py:16} INFO - Connected to PostgreSQL database successfully
[2024-09-28T19:01:46.452+0000] {Process_data.py:44} INFO - Start transforming Yellow Trip data...
[2024-09-28T19:01:46.457+0000] {Process_data.py:52} INFO - File yellow_tripdata_2024-01.parquet has already been extracted before . Skipping......
[2024-09-28T19:01:46.457+0000] {taxi_trip.py:55} INFO - Data extraction for yellow trip done
[2024-09-28T19:01:46.458+0000] {taxi_trip.py:61} WARNING - No data found for yellow trip
[2024-09-28T19:01:46.458+0000] {python.py:237} INFO - Done. Returned value was: None
[2024-09-28T19:01:46.459+0000] {taskinstance.py:441} INFO - ::group::Post task execution logs
[2024-09-28T19:01:46.469+0000] {taskinstance.py:1206} INFO - Marking task as SUCCESS. dag_id=Taxi_trip_pipeline, task_id=extraction_layer.extract_yellow_date, run_id=manual__2024-09-28T19:01:44.208429+00:00, execution_date=20240928T190144, start_date=20240928T190146, end_date=20240928T190146
[2024-09-28T19:01:46.492+0000] {local_task_job_runner.py:240} INFO - Task exited with return code 0
[2024-09-28T19:01:46.522+0000] {taskinstance.py:3498} INFO - 1 downstream tasks scheduled from follow-on schedule check
[2024-09-28T19:01:46.524+0000] {local_task_job_runner.py:222} INFO - ::endgroup::
