[2024-09-25T19:48:30.128+0000] {local_task_job_runner.py:120} INFO - ::group::Pre task execution logs
[2024-09-25T19:48:30.154+0000] {taskinstance.py:2076} INFO - Dependencies all met for dep_context=non-requeueable deps ti=<TaskInstance: Taxi_trip_pipeline.extraction_group.extract_green_date manual__2024-09-25T19:48:28.427466+00:00 [queued]>
[2024-09-25T19:48:30.165+0000] {taskinstance.py:2076} INFO - Dependencies all met for dep_context=requeueable deps ti=<TaskInstance: Taxi_trip_pipeline.extraction_group.extract_green_date manual__2024-09-25T19:48:28.427466+00:00 [queued]>
[2024-09-25T19:48:30.165+0000] {taskinstance.py:2306} INFO - Starting attempt 1 of 1
[2024-09-25T19:48:30.179+0000] {taskinstance.py:2330} INFO - Executing <Task(PythonOperator): extraction_group.extract_green_date> on 2024-09-25 19:48:28.427466+00:00
[2024-09-25T19:48:30.187+0000] {standard_task_runner.py:63} INFO - Started process 277 to run task
[2024-09-25T19:48:30.190+0000] {standard_task_runner.py:90} INFO - Running: ['***', 'tasks', 'run', 'Taxi_trip_pipeline', 'extraction_group.extract_green_date', 'manual__2024-09-25T19:48:28.427466+00:00', '--job-id', '136', '--raw', '--subdir', 'DAGS_FOLDER/taxi_trip.py', '--cfg-path', '/tmp/tmpnlfn0yyu']
[2024-09-25T19:48:30.192+0000] {standard_task_runner.py:91} INFO - Job 136: Subtask extraction_group.extract_green_date
[2024-09-25T19:48:30.236+0000] {task_command.py:426} INFO - Running <TaskInstance: Taxi_trip_pipeline.extraction_group.extract_green_date manual__2024-09-25T19:48:28.427466+00:00 [running]> on host 3aa1deac3d71
[2024-09-25T19:48:30.326+0000] {taskinstance.py:2648} INFO - Exporting env vars: AIRFLOW_CTX_DAG_OWNER='Mahmoud' AIRFLOW_CTX_DAG_ID='Taxi_trip_pipeline' AIRFLOW_CTX_TASK_ID='extraction_group.extract_green_date' AIRFLOW_CTX_EXECUTION_DATE='2024-09-25T19:48:28.427466+00:00' AIRFLOW_CTX_TRY_NUMBER='1' AIRFLOW_CTX_DAG_RUN_ID='manual__2024-09-25T19:48:28.427466+00:00'
[2024-09-25T19:48:30.327+0000] {taskinstance.py:430} INFO - ::endgroup::
[2024-09-25T19:48:30.338+0000] {taxi_trip.py:36} INFO - Data extraction for green trip started
[2024-09-25T19:48:30.339+0000] {Process_data.py:15} INFO - Start transforming Green Trip data...
[2024-09-25T19:48:30.378+0000] {taxi_trip.py:45} ERROR - Error in green trip extraction
Traceback (most recent call last):
  File "/opt/airflow/dags/taxi_trip.py", line 37, in extract_green_date
    green_trip_df = process_green_trip()
  File "/opt/airflow/dags/scripts/Process_data.py", line 24, in process_green_trip
    if data_frames:
  File "/home/airflow/.local/lib/python3.9/site-packages/pandas/core/generic.py", line 1527, in __nonzero__
    raise ValueError(
ValueError: The truth value of a DataFrame is ambiguous. Use a.empty, a.bool(), a.item(), a.any() or a.all().
[2024-09-25T19:48:30.382+0000] {python.py:237} INFO - Done. Returned value was: None
[2024-09-25T19:48:30.382+0000] {taskinstance.py:441} INFO - ::group::Post task execution logs
[2024-09-25T19:48:30.682+0000] {taskinstance.py:1206} INFO - Marking task as SUCCESS. dag_id=Taxi_trip_pipeline, task_id=extraction_group.extract_green_date, run_id=manual__2024-09-25T19:48:28.427466+00:00, execution_date=20240925T194828, start_date=20240925T194830, end_date=20240925T194830
[2024-09-25T19:48:30.724+0000] {local_task_job_runner.py:240} INFO - Task exited with return code 0
[2024-09-25T19:48:30.761+0000] {taskinstance.py:3498} INFO - 0 downstream tasks scheduled from follow-on schedule check
[2024-09-25T19:48:30.763+0000] {local_task_job_runner.py:222} INFO - ::endgroup::
