[2024-10-12T09:34:28.897+0000] {local_task_job_runner.py:120} INFO - ::group::Pre task execution logs
[2024-10-12T09:34:28.926+0000] {taskinstance.py:2076} INFO - Dependencies all met for dep_context=non-requeueable deps ti=<TaskInstance: Taxi_trip_pipeline.dbt_transformation_layer.dbt_run_model_yellow_trip scheduled__2024-10-12T08:00:00+00:00 [queued]>
[2024-10-12T09:34:28.938+0000] {taskinstance.py:2076} INFO - Dependencies all met for dep_context=requeueable deps ti=<TaskInstance: Taxi_trip_pipeline.dbt_transformation_layer.dbt_run_model_yellow_trip scheduled__2024-10-12T08:00:00+00:00 [queued]>
[2024-10-12T09:34:28.939+0000] {taskinstance.py:2306} INFO - Starting attempt 12 of 12
[2024-10-12T09:34:28.964+0000] {taskinstance.py:2330} INFO - Executing <Task(BashOperator): dbt_transformation_layer.dbt_run_model_yellow_trip> on 2024-10-12 08:00:00+00:00
[2024-10-12T09:34:28.972+0000] {standard_task_runner.py:63} INFO - Started process 133 to run task
[2024-10-12T09:34:28.975+0000] {standard_task_runner.py:90} INFO - Running: ['***', 'tasks', 'run', 'Taxi_trip_pipeline', 'dbt_transformation_layer.dbt_run_model_yellow_trip', 'scheduled__2024-10-12T08:00:00+00:00', '--job-id', '554', '--raw', '--subdir', 'DAGS_FOLDER/taxi_trip.py', '--cfg-path', '/tmp/tmpzkwy5i9b']
[2024-10-12T09:34:28.978+0000] {standard_task_runner.py:91} INFO - Job 554: Subtask dbt_transformation_layer.dbt_run_model_yellow_trip
[2024-10-12T09:34:29.029+0000] {task_command.py:426} INFO - Running <TaskInstance: Taxi_trip_pipeline.dbt_transformation_layer.dbt_run_model_yellow_trip scheduled__2024-10-12T08:00:00+00:00 [running]> on host cb13d84d2d77
[2024-10-12T09:34:29.160+0000] {taskinstance.py:2648} INFO - Exporting env vars: AIRFLOW_CTX_DAG_OWNER='Mahmoud' AIRFLOW_CTX_DAG_ID='Taxi_trip_pipeline' AIRFLOW_CTX_TASK_ID='dbt_transformation_layer.dbt_run_model_yellow_trip' AIRFLOW_CTX_EXECUTION_DATE='2024-10-12T08:00:00+00:00' AIRFLOW_CTX_TRY_NUMBER='12' AIRFLOW_CTX_DAG_RUN_ID='scheduled__2024-10-12T08:00:00+00:00'
[2024-10-12T09:34:29.161+0000] {taskinstance.py:430} INFO - ::endgroup::
[2024-10-12T09:34:29.183+0000] {subprocess.py:63} INFO - Tmp dir root location: /tmp
[2024-10-12T09:34:29.184+0000] {subprocess.py:75} INFO - Running command: ['/usr/bin/bash', '-c', 'dbt run --profiles-dir /opt/***/DBT_Project  --project-dir /opt/***/dbt_trip --models yellow_trip']
[2024-10-12T09:34:29.201+0000] {subprocess.py:86} INFO - Output:
[2024-10-12T09:34:32.545+0000] {subprocess.py:93} INFO - [0m09:34:32  Running with dbt=1.8.0
[2024-10-12T09:34:32.988+0000] {subprocess.py:93} INFO - [0m09:34:32  Registered adapter: postgres=1.8.0
[2024-10-12T09:34:33.669+0000] {subprocess.py:93} INFO - [0m09:34:33  [[33mWARNING[0m]: Configuration paths exist in your dbt_project.yml file which do not apply to any resources.
[2024-10-12T09:34:33.669+0000] {subprocess.py:93} INFO - There are 2 unused configuration paths:
[2024-10-12T09:34:33.670+0000] {subprocess.py:93} INFO - - models.fact_trip.staging
[2024-10-12T09:34:33.670+0000] {subprocess.py:93} INFO - - models.fact_trip.Dimensions
[2024-10-12T09:34:33.978+0000] {subprocess.py:93} INFO - [0m09:34:33  Found 4 models, 6 data tests, 3 sources, 566 macros
[2024-10-12T09:34:33.981+0000] {subprocess.py:93} INFO - [0m09:34:33
[2024-10-12T09:34:34.181+0000] {subprocess.py:93} INFO - [0m09:34:34  Concurrency: 3 threads (target='dev')
[2024-10-12T09:34:34.182+0000] {subprocess.py:93} INFO - [0m09:34:34
[2024-10-12T09:34:34.197+0000] {subprocess.py:93} INFO - [0m09:34:34  1 of 1 START sql view model analysis.yellow_trip ............................... [RUN]
[2024-10-12T09:34:34.408+0000] {subprocess.py:93} INFO - [0m09:34:34  1 of 1 OK created sql view model analysis.yellow_trip .......................... [[32mCREATE VIEW[0m in 0.21s]
[2024-10-12T09:34:34.420+0000] {subprocess.py:93} INFO - [0m09:34:34
[2024-10-12T09:34:34.420+0000] {subprocess.py:93} INFO - [0m09:34:34  Finished running 1 view model in 0 hours 0 minutes and 0.44 seconds (0.44s).
[2024-10-12T09:34:34.479+0000] {subprocess.py:93} INFO - [0m09:34:34
[2024-10-12T09:34:34.480+0000] {subprocess.py:93} INFO - [0m09:34:34  [32mCompleted successfully[0m
[2024-10-12T09:34:34.481+0000] {subprocess.py:93} INFO - [0m09:34:34
[2024-10-12T09:34:34.482+0000] {subprocess.py:93} INFO - [0m09:34:34  Done. PASS=1 WARN=0 ERROR=0 SKIP=0 TOTAL=1
[2024-10-12T09:34:40.480+0000] {subprocess.py:97} INFO - Command exited with return code 0
[2024-10-12T09:34:40.481+0000] {taskinstance.py:441} INFO - ::group::Post task execution logs
[2024-10-12T09:34:40.507+0000] {taskinstance.py:1206} INFO - Marking task as SUCCESS. dag_id=Taxi_trip_pipeline, task_id=dbt_transformation_layer.dbt_run_model_yellow_trip, run_id=scheduled__2024-10-12T08:00:00+00:00, execution_date=20241012T080000, start_date=20241012T093428, end_date=20241012T093440
[2024-10-12T09:34:40.562+0000] {local_task_job_runner.py:240} INFO - Task exited with return code 0
[2024-10-12T09:34:40.582+0000] {taskinstance.py:3498} INFO - 1 downstream tasks scheduled from follow-on schedule check
[2024-10-12T09:34:40.583+0000] {local_task_job_runner.py:222} INFO - ::endgroup::
