[2024-10-12T08:33:19.910+0000] {local_task_job_runner.py:120} INFO - ::group::Pre task execution logs
[2024-10-12T08:33:19.939+0000] {taskinstance.py:2076} INFO - Dependencies all met for dep_context=non-requeueable deps ti=<TaskInstance: Taxi_trip_pipeline.dbt_transformation_layer.dbt_run_model_yellow_trip scheduled__2024-10-12T08:00:00+00:00 [queued]>
[2024-10-12T08:33:19.951+0000] {taskinstance.py:2076} INFO - Dependencies all met for dep_context=requeueable deps ti=<TaskInstance: Taxi_trip_pipeline.dbt_transformation_layer.dbt_run_model_yellow_trip scheduled__2024-10-12T08:00:00+00:00 [queued]>
[2024-10-12T08:33:19.952+0000] {taskinstance.py:2306} INFO - Starting attempt 4 of 4
[2024-10-12T08:33:19.967+0000] {taskinstance.py:2330} INFO - Executing <Task(BashOperator): dbt_transformation_layer.dbt_run_model_yellow_trip> on 2024-10-12 08:00:00+00:00
[2024-10-12T08:33:19.976+0000] {standard_task_runner.py:63} INFO - Started process 116 to run task
[2024-10-12T08:33:19.980+0000] {standard_task_runner.py:90} INFO - Running: ['***', 'tasks', 'run', 'Taxi_trip_pipeline', 'dbt_transformation_layer.dbt_run_model_yellow_trip', 'scheduled__2024-10-12T08:00:00+00:00', '--job-id', '474', '--raw', '--subdir', 'DAGS_FOLDER/taxi_trip.py', '--cfg-path', '/tmp/tmpfu7s9p12']
[2024-10-12T08:33:19.982+0000] {standard_task_runner.py:91} INFO - Job 474: Subtask dbt_transformation_layer.dbt_run_model_yellow_trip
[2024-10-12T08:33:20.035+0000] {task_command.py:426} INFO - Running <TaskInstance: Taxi_trip_pipeline.dbt_transformation_layer.dbt_run_model_yellow_trip scheduled__2024-10-12T08:00:00+00:00 [running]> on host fd913b953c2b
[2024-10-12T08:33:20.164+0000] {taskinstance.py:2648} INFO - Exporting env vars: AIRFLOW_CTX_DAG_OWNER='Mahmoud' AIRFLOW_CTX_DAG_ID='Taxi_trip_pipeline' AIRFLOW_CTX_TASK_ID='dbt_transformation_layer.dbt_run_model_yellow_trip' AIRFLOW_CTX_EXECUTION_DATE='2024-10-12T08:00:00+00:00' AIRFLOW_CTX_TRY_NUMBER='4' AIRFLOW_CTX_DAG_RUN_ID='scheduled__2024-10-12T08:00:00+00:00'
[2024-10-12T08:33:20.166+0000] {taskinstance.py:430} INFO - ::endgroup::
[2024-10-12T08:33:20.185+0000] {subprocess.py:63} INFO - Tmp dir root location: /tmp
[2024-10-12T08:33:20.186+0000] {subprocess.py:75} INFO - Running command: ['/usr/bin/bash', '-c', 'dbt run --profiles-dir /opt/***/DBT_Project  --project-dir /opt/***/dbt_trip --models yellow_trip']
[2024-10-12T08:33:20.203+0000] {subprocess.py:86} INFO - Output:
[2024-10-12T08:33:23.566+0000] {subprocess.py:93} INFO - [0m08:33:23  Running with dbt=1.8.0
[2024-10-12T08:33:24.019+0000] {subprocess.py:93} INFO - [0m08:33:24  Registered adapter: postgres=1.8.0
[2024-10-12T08:33:24.562+0000] {subprocess.py:93} INFO - [0m08:33:24  [[33mWARNING[0m]: Configuration paths exist in your dbt_project.yml file which do not apply to any resources.
[2024-10-12T08:33:24.563+0000] {subprocess.py:93} INFO - There are 2 unused configuration paths:
[2024-10-12T08:33:24.564+0000] {subprocess.py:93} INFO - - models.fact_trip.staging
[2024-10-12T08:33:24.564+0000] {subprocess.py:93} INFO - - models.fact_trip.Dimensions
[2024-10-12T08:33:24.894+0000] {subprocess.py:93} INFO - [0m08:33:24  Found 4 models, 6 data tests, 3 sources, 566 macros
[2024-10-12T08:33:24.897+0000] {subprocess.py:93} INFO - [0m08:33:24
[2024-10-12T08:33:25.105+0000] {subprocess.py:93} INFO - [0m08:33:25  Concurrency: 3 threads (target='dev')
[2024-10-12T08:33:25.106+0000] {subprocess.py:93} INFO - [0m08:33:25
[2024-10-12T08:33:25.122+0000] {subprocess.py:93} INFO - [0m08:33:25  1 of 1 START sql view model analysis.yellow_trip ............................... [RUN]
[2024-10-12T08:33:25.400+0000] {subprocess.py:93} INFO - [0m08:33:25  1 of 1 OK created sql view model analysis.yellow_trip .......................... [[32mCREATE VIEW[0m in 0.27s]
[2024-10-12T08:33:25.423+0000] {subprocess.py:93} INFO - [0m08:33:25
[2024-10-12T08:33:25.425+0000] {subprocess.py:93} INFO - [0m08:33:25  Finished running 1 view model in 0 hours 0 minutes and 0.52 seconds (0.52s).
[2024-10-12T08:33:25.534+0000] {subprocess.py:93} INFO - [0m08:33:25
[2024-10-12T08:33:25.535+0000] {subprocess.py:93} INFO - [0m08:33:25  [32mCompleted successfully[0m
[2024-10-12T08:33:25.536+0000] {subprocess.py:93} INFO - [0m08:33:25
[2024-10-12T08:33:25.537+0000] {subprocess.py:93} INFO - [0m08:33:25  Done. PASS=1 WARN=0 ERROR=0 SKIP=0 TOTAL=1
[2024-10-12T08:33:26.489+0000] {subprocess.py:97} INFO - Command exited with return code 0
[2024-10-12T08:33:26.489+0000] {taskinstance.py:441} INFO - ::group::Post task execution logs
[2024-10-12T08:33:26.518+0000] {taskinstance.py:1206} INFO - Marking task as SUCCESS. dag_id=Taxi_trip_pipeline, task_id=dbt_transformation_layer.dbt_run_model_yellow_trip, run_id=scheduled__2024-10-12T08:00:00+00:00, execution_date=20241012T080000, start_date=20241012T083319, end_date=20241012T083326
[2024-10-12T08:33:26.558+0000] {local_task_job_runner.py:240} INFO - Task exited with return code 0
[2024-10-12T08:33:26.579+0000] {taskinstance.py:3498} INFO - 0 downstream tasks scheduled from follow-on schedule check
[2024-10-12T08:33:26.580+0000] {local_task_job_runner.py:222} INFO - ::endgroup::
