[2024-10-12T08:39:01.147+0000] {local_task_job_runner.py:120} INFO - ::group::Pre task execution logs
[2024-10-12T08:39:01.170+0000] {taskinstance.py:2076} INFO - Dependencies all met for dep_context=non-requeueable deps ti=<TaskInstance: Taxi_trip_pipeline.dbt_transformation_layer.dbt_run_model_yellow_trip scheduled__2024-10-12T08:00:00+00:00 [queued]>
[2024-10-12T08:39:01.182+0000] {taskinstance.py:2076} INFO - Dependencies all met for dep_context=requeueable deps ti=<TaskInstance: Taxi_trip_pipeline.dbt_transformation_layer.dbt_run_model_yellow_trip scheduled__2024-10-12T08:00:00+00:00 [queued]>
[2024-10-12T08:39:01.183+0000] {taskinstance.py:2306} INFO - Starting attempt 7 of 7
[2024-10-12T08:39:01.201+0000] {taskinstance.py:2330} INFO - Executing <Task(BashOperator): dbt_transformation_layer.dbt_run_model_yellow_trip> on 2024-10-12 08:00:00+00:00
[2024-10-12T08:39:01.210+0000] {standard_task_runner.py:63} INFO - Started process 293 to run task
[2024-10-12T08:39:01.214+0000] {standard_task_runner.py:90} INFO - Running: ['***', 'tasks', 'run', 'Taxi_trip_pipeline', 'dbt_transformation_layer.dbt_run_model_yellow_trip', 'scheduled__2024-10-12T08:00:00+00:00', '--job-id', '489', '--raw', '--subdir', 'DAGS_FOLDER/taxi_trip.py', '--cfg-path', '/tmp/tmp25ajelaz']
[2024-10-12T08:39:01.217+0000] {standard_task_runner.py:91} INFO - Job 489: Subtask dbt_transformation_layer.dbt_run_model_yellow_trip
[2024-10-12T08:39:01.272+0000] {task_command.py:426} INFO - Running <TaskInstance: Taxi_trip_pipeline.dbt_transformation_layer.dbt_run_model_yellow_trip scheduled__2024-10-12T08:00:00+00:00 [running]> on host fd913b953c2b
[2024-10-12T08:39:01.372+0000] {taskinstance.py:2648} INFO - Exporting env vars: AIRFLOW_CTX_DAG_OWNER='Mahmoud' AIRFLOW_CTX_DAG_ID='Taxi_trip_pipeline' AIRFLOW_CTX_TASK_ID='dbt_transformation_layer.dbt_run_model_yellow_trip' AIRFLOW_CTX_EXECUTION_DATE='2024-10-12T08:00:00+00:00' AIRFLOW_CTX_TRY_NUMBER='7' AIRFLOW_CTX_DAG_RUN_ID='scheduled__2024-10-12T08:00:00+00:00'
[2024-10-12T08:39:01.373+0000] {taskinstance.py:430} INFO - ::endgroup::
[2024-10-12T08:39:01.387+0000] {subprocess.py:63} INFO - Tmp dir root location: /tmp
[2024-10-12T08:39:01.388+0000] {subprocess.py:75} INFO - Running command: ['/usr/bin/bash', '-c', 'dbt run --profiles-dir /opt/***/DBT_Project  --project-dir /opt/***/dbt_trip --models yellow_trip']
[2024-10-12T08:39:01.402+0000] {subprocess.py:86} INFO - Output:
[2024-10-12T08:39:04.274+0000] {subprocess.py:93} INFO - [0m08:39:04  Running with dbt=1.8.0
[2024-10-12T08:39:04.631+0000] {subprocess.py:93} INFO - [0m08:39:04  Registered adapter: postgres=1.8.0
[2024-10-12T08:39:05.195+0000] {subprocess.py:93} INFO - [0m08:39:05  [[33mWARNING[0m]: Configuration paths exist in your dbt_project.yml file which do not apply to any resources.
[2024-10-12T08:39:05.196+0000] {subprocess.py:93} INFO - There are 2 unused configuration paths:
[2024-10-12T08:39:05.196+0000] {subprocess.py:93} INFO - - models.fact_trip.Dimensions
[2024-10-12T08:39:05.196+0000] {subprocess.py:93} INFO - - models.fact_trip.staging
[2024-10-12T08:39:05.451+0000] {subprocess.py:93} INFO - [0m08:39:05  Found 4 models, 6 data tests, 3 sources, 566 macros
[2024-10-12T08:39:05.454+0000] {subprocess.py:93} INFO - [0m08:39:05
[2024-10-12T08:39:05.640+0000] {subprocess.py:93} INFO - [0m08:39:05  Concurrency: 3 threads (target='dev')
[2024-10-12T08:39:05.645+0000] {subprocess.py:93} INFO - [0m08:39:05
[2024-10-12T08:39:05.663+0000] {subprocess.py:93} INFO - [0m08:39:05  1 of 1 START sql view model analysis.yellow_trip ............................... [RUN]
[2024-10-12T08:39:05.921+0000] {subprocess.py:93} INFO - [0m08:39:05  1 of 1 OK created sql view model analysis.yellow_trip .......................... [[32mCREATE VIEW[0m in 0.25s]
[2024-10-12T08:39:05.939+0000] {subprocess.py:93} INFO - [0m08:39:05
[2024-10-12T08:39:05.940+0000] {subprocess.py:93} INFO - [0m08:39:05  Finished running 1 view model in 0 hours 0 minutes and 0.48 seconds (0.48s).
[2024-10-12T08:39:06.024+0000] {subprocess.py:93} INFO - [0m08:39:06
[2024-10-12T08:39:06.025+0000] {subprocess.py:93} INFO - [0m08:39:06  [32mCompleted successfully[0m
[2024-10-12T08:39:06.026+0000] {subprocess.py:93} INFO - [0m08:39:06
[2024-10-12T08:39:06.027+0000] {subprocess.py:93} INFO - [0m08:39:06  Done. PASS=1 WARN=0 ERROR=0 SKIP=0 TOTAL=1
[2024-10-12T08:39:07.134+0000] {subprocess.py:97} INFO - Command exited with return code 0
[2024-10-12T08:39:07.134+0000] {taskinstance.py:441} INFO - ::group::Post task execution logs
[2024-10-12T08:39:07.161+0000] {taskinstance.py:1206} INFO - Marking task as SUCCESS. dag_id=Taxi_trip_pipeline, task_id=dbt_transformation_layer.dbt_run_model_yellow_trip, run_id=scheduled__2024-10-12T08:00:00+00:00, execution_date=20241012T080000, start_date=20241012T083901, end_date=20241012T083907
[2024-10-12T08:39:07.209+0000] {local_task_job_runner.py:240} INFO - Task exited with return code 0
[2024-10-12T08:39:07.234+0000] {taskinstance.py:3498} INFO - 1 downstream tasks scheduled from follow-on schedule check
[2024-10-12T08:39:07.235+0000] {local_task_job_runner.py:222} INFO - ::endgroup::
