[2024-10-12T08:35:35.231+0000] {local_task_job_runner.py:120} INFO - ::group::Pre task execution logs
[2024-10-12T08:35:35.260+0000] {taskinstance.py:2076} INFO - Dependencies all met for dep_context=non-requeueable deps ti=<TaskInstance: Taxi_trip_pipeline.dbt_transformation_layer.dbt_run_model_yellow_trip scheduled__2024-10-12T08:00:00+00:00 [queued]>
[2024-10-12T08:35:35.273+0000] {taskinstance.py:2076} INFO - Dependencies all met for dep_context=requeueable deps ti=<TaskInstance: Taxi_trip_pipeline.dbt_transformation_layer.dbt_run_model_yellow_trip scheduled__2024-10-12T08:00:00+00:00 [queued]>
[2024-10-12T08:35:35.273+0000] {taskinstance.py:2306} INFO - Starting attempt 5 of 5
[2024-10-12T08:35:35.288+0000] {taskinstance.py:2330} INFO - Executing <Task(BashOperator): dbt_transformation_layer.dbt_run_model_yellow_trip> on 2024-10-12 08:00:00+00:00
[2024-10-12T08:35:35.296+0000] {standard_task_runner.py:63} INFO - Started process 176 to run task
[2024-10-12T08:35:35.299+0000] {standard_task_runner.py:90} INFO - Running: ['***', 'tasks', 'run', 'Taxi_trip_pipeline', 'dbt_transformation_layer.dbt_run_model_yellow_trip', 'scheduled__2024-10-12T08:00:00+00:00', '--job-id', '480', '--raw', '--subdir', 'DAGS_FOLDER/taxi_trip.py', '--cfg-path', '/tmp/tmpcs09qtt9']
[2024-10-12T08:35:35.302+0000] {standard_task_runner.py:91} INFO - Job 480: Subtask dbt_transformation_layer.dbt_run_model_yellow_trip
[2024-10-12T08:35:35.359+0000] {task_command.py:426} INFO - Running <TaskInstance: Taxi_trip_pipeline.dbt_transformation_layer.dbt_run_model_yellow_trip scheduled__2024-10-12T08:00:00+00:00 [running]> on host fd913b953c2b
[2024-10-12T08:35:35.468+0000] {taskinstance.py:2648} INFO - Exporting env vars: AIRFLOW_CTX_DAG_OWNER='Mahmoud' AIRFLOW_CTX_DAG_ID='Taxi_trip_pipeline' AIRFLOW_CTX_TASK_ID='dbt_transformation_layer.dbt_run_model_yellow_trip' AIRFLOW_CTX_EXECUTION_DATE='2024-10-12T08:00:00+00:00' AIRFLOW_CTX_TRY_NUMBER='5' AIRFLOW_CTX_DAG_RUN_ID='scheduled__2024-10-12T08:00:00+00:00'
[2024-10-12T08:35:35.470+0000] {taskinstance.py:430} INFO - ::endgroup::
[2024-10-12T08:35:35.486+0000] {subprocess.py:63} INFO - Tmp dir root location: /tmp
[2024-10-12T08:35:35.487+0000] {subprocess.py:75} INFO - Running command: ['/usr/bin/bash', '-c', 'dbt run --profiles-dir /opt/***/DBT_Project  --project-dir /opt/***/dbt_trip --models yellow_trip']
[2024-10-12T08:35:35.503+0000] {subprocess.py:86} INFO - Output:
[2024-10-12T08:35:38.471+0000] {subprocess.py:93} INFO - [0m08:35:38  Running with dbt=1.8.0
[2024-10-12T08:35:38.822+0000] {subprocess.py:93} INFO - [0m08:35:38  Registered adapter: postgres=1.8.0
[2024-10-12T08:35:39.331+0000] {subprocess.py:93} INFO - [0m08:35:39  [[33mWARNING[0m]: Configuration paths exist in your dbt_project.yml file which do not apply to any resources.
[2024-10-12T08:35:39.332+0000] {subprocess.py:93} INFO - There are 2 unused configuration paths:
[2024-10-12T08:35:39.332+0000] {subprocess.py:93} INFO - - models.fact_trip.staging
[2024-10-12T08:35:39.332+0000] {subprocess.py:93} INFO - - models.fact_trip.Dimensions
[2024-10-12T08:35:39.653+0000] {subprocess.py:93} INFO - [0m08:35:39  Found 4 models, 6 data tests, 3 sources, 566 macros
[2024-10-12T08:35:39.656+0000] {subprocess.py:93} INFO - [0m08:35:39
[2024-10-12T08:35:39.816+0000] {subprocess.py:93} INFO - [0m08:35:39  Concurrency: 3 threads (target='dev')
[2024-10-12T08:35:39.817+0000] {subprocess.py:93} INFO - [0m08:35:39
[2024-10-12T08:35:39.832+0000] {subprocess.py:93} INFO - [0m08:35:39  1 of 1 START sql view model analysis.yellow_trip ............................... [RUN]
[2024-10-12T08:35:40.084+0000] {subprocess.py:93} INFO - [0m08:35:40  1 of 1 OK created sql view model analysis.yellow_trip .......................... [[32mCREATE VIEW[0m in 0.25s]
[2024-10-12T08:35:40.102+0000] {subprocess.py:93} INFO - [0m08:35:40
[2024-10-12T08:35:40.103+0000] {subprocess.py:93} INFO - [0m08:35:40  Finished running 1 view model in 0 hours 0 minutes and 0.45 seconds (0.45s).
[2024-10-12T08:35:40.176+0000] {subprocess.py:93} INFO - [0m08:35:40
[2024-10-12T08:35:40.177+0000] {subprocess.py:93} INFO - [0m08:35:40  [32mCompleted successfully[0m
[2024-10-12T08:35:40.178+0000] {subprocess.py:93} INFO - [0m08:35:40
[2024-10-12T08:35:40.178+0000] {subprocess.py:93} INFO - [0m08:35:40  Done. PASS=1 WARN=0 ERROR=0 SKIP=0 TOTAL=1
[2024-10-12T08:35:41.162+0000] {subprocess.py:97} INFO - Command exited with return code 0
[2024-10-12T08:35:41.163+0000] {taskinstance.py:441} INFO - ::group::Post task execution logs
[2024-10-12T08:35:41.189+0000] {taskinstance.py:1206} INFO - Marking task as SUCCESS. dag_id=Taxi_trip_pipeline, task_id=dbt_transformation_layer.dbt_run_model_yellow_trip, run_id=scheduled__2024-10-12T08:00:00+00:00, execution_date=20241012T080000, start_date=20241012T083535, end_date=20241012T083541
[2024-10-12T08:35:41.242+0000] {local_task_job_runner.py:240} INFO - Task exited with return code 0
[2024-10-12T08:35:41.265+0000] {taskinstance.py:3498} INFO - 0 downstream tasks scheduled from follow-on schedule check
[2024-10-12T08:35:41.266+0000] {local_task_job_runner.py:222} INFO - ::endgroup::
