[2024-10-12T08:46:03.051+0000] {local_task_job_runner.py:120} INFO - ::group::Pre task execution logs
[2024-10-12T08:46:03.086+0000] {taskinstance.py:2076} INFO - Dependencies all met for dep_context=non-requeueable deps ti=<TaskInstance: Taxi_trip_pipeline.dbt_transformation_layer.dbt_run_model_yellow_trip scheduled__2024-10-12T08:00:00+00:00 [queued]>
[2024-10-12T08:46:03.101+0000] {taskinstance.py:2076} INFO - Dependencies all met for dep_context=requeueable deps ti=<TaskInstance: Taxi_trip_pipeline.dbt_transformation_layer.dbt_run_model_yellow_trip scheduled__2024-10-12T08:00:00+00:00 [queued]>
[2024-10-12T08:46:03.101+0000] {taskinstance.py:2306} INFO - Starting attempt 10 of 10
[2024-10-12T08:46:03.117+0000] {taskinstance.py:2330} INFO - Executing <Task(BashOperator): dbt_transformation_layer.dbt_run_model_yellow_trip> on 2024-10-12 08:00:00+00:00
[2024-10-12T08:46:03.125+0000] {standard_task_runner.py:63} INFO - Started process 544 to run task
[2024-10-12T08:46:03.129+0000] {standard_task_runner.py:90} INFO - Running: ['***', 'tasks', 'run', 'Taxi_trip_pipeline', 'dbt_transformation_layer.dbt_run_model_yellow_trip', 'scheduled__2024-10-12T08:00:00+00:00', '--job-id', '514', '--raw', '--subdir', 'DAGS_FOLDER/taxi_trip.py', '--cfg-path', '/tmp/tmplv7qe3h5']
[2024-10-12T08:46:03.131+0000] {standard_task_runner.py:91} INFO - Job 514: Subtask dbt_transformation_layer.dbt_run_model_yellow_trip
[2024-10-12T08:46:03.179+0000] {task_command.py:426} INFO - Running <TaskInstance: Taxi_trip_pipeline.dbt_transformation_layer.dbt_run_model_yellow_trip scheduled__2024-10-12T08:00:00+00:00 [running]> on host fd913b953c2b
[2024-10-12T08:46:03.283+0000] {taskinstance.py:2648} INFO - Exporting env vars: AIRFLOW_CTX_DAG_OWNER='Mahmoud' AIRFLOW_CTX_DAG_ID='Taxi_trip_pipeline' AIRFLOW_CTX_TASK_ID='dbt_transformation_layer.dbt_run_model_yellow_trip' AIRFLOW_CTX_EXECUTION_DATE='2024-10-12T08:00:00+00:00' AIRFLOW_CTX_TRY_NUMBER='10' AIRFLOW_CTX_DAG_RUN_ID='scheduled__2024-10-12T08:00:00+00:00'
[2024-10-12T08:46:03.284+0000] {taskinstance.py:430} INFO - ::endgroup::
[2024-10-12T08:46:03.301+0000] {subprocess.py:63} INFO - Tmp dir root location: /tmp
[2024-10-12T08:46:03.302+0000] {subprocess.py:75} INFO - Running command: ['/usr/bin/bash', '-c', 'dbt run --profiles-dir /opt/***/DBT_Project  --project-dir /opt/***/dbt_trip --models yellow_trip']
[2024-10-12T08:46:03.318+0000] {subprocess.py:86} INFO - Output:
[2024-10-12T08:46:06.502+0000] {subprocess.py:93} INFO - [0m08:46:06  Running with dbt=1.8.0
[2024-10-12T08:46:06.971+0000] {subprocess.py:93} INFO - [0m08:46:06  Registered adapter: postgres=1.8.0
[2024-10-12T08:46:07.527+0000] {subprocess.py:93} INFO - [0m08:46:07  [[33mWARNING[0m]: Configuration paths exist in your dbt_project.yml file which do not apply to any resources.
[2024-10-12T08:46:07.527+0000] {subprocess.py:93} INFO - There are 2 unused configuration paths:
[2024-10-12T08:46:07.527+0000] {subprocess.py:93} INFO - - models.fact_trip.staging
[2024-10-12T08:46:07.528+0000] {subprocess.py:93} INFO - - models.fact_trip.Dimensions
[2024-10-12T08:46:07.908+0000] {subprocess.py:93} INFO - [0m08:46:07  Found 4 models, 6 data tests, 3 sources, 566 macros
[2024-10-12T08:46:07.914+0000] {subprocess.py:93} INFO - [0m08:46:07
[2024-10-12T08:46:08.142+0000] {subprocess.py:93} INFO - [0m08:46:08  Concurrency: 3 threads (target='dev')
[2024-10-12T08:46:08.146+0000] {subprocess.py:93} INFO - [0m08:46:08
[2024-10-12T08:46:08.163+0000] {subprocess.py:93} INFO - [0m08:46:08  1 of 1 START sql view model analysis.yellow_trip ............................... [RUN]
[2024-10-12T08:46:08.456+0000] {subprocess.py:93} INFO - [0m08:46:08  1 of 1 OK created sql view model analysis.yellow_trip .......................... [[32mCREATE VIEW[0m in 0.29s]
[2024-10-12T08:46:08.469+0000] {subprocess.py:93} INFO - [0m08:46:08
[2024-10-12T08:46:08.469+0000] {subprocess.py:93} INFO - [0m08:46:08  Finished running 1 view model in 0 hours 0 minutes and 0.55 seconds (0.55s).
[2024-10-12T08:46:08.526+0000] {subprocess.py:93} INFO - [0m08:46:08
[2024-10-12T08:46:08.527+0000] {subprocess.py:93} INFO - [0m08:46:08  [32mCompleted successfully[0m
[2024-10-12T08:46:08.527+0000] {subprocess.py:93} INFO - [0m08:46:08
[2024-10-12T08:46:08.528+0000] {subprocess.py:93} INFO - [0m08:46:08  Done. PASS=1 WARN=0 ERROR=0 SKIP=0 TOTAL=1
[2024-10-12T08:46:14.499+0000] {subprocess.py:97} INFO - Command exited with return code 0
[2024-10-12T08:46:14.500+0000] {taskinstance.py:441} INFO - ::group::Post task execution logs
[2024-10-12T08:46:14.524+0000] {taskinstance.py:1206} INFO - Marking task as SUCCESS. dag_id=Taxi_trip_pipeline, task_id=dbt_transformation_layer.dbt_run_model_yellow_trip, run_id=scheduled__2024-10-12T08:00:00+00:00, execution_date=20241012T080000, start_date=20241012T084603, end_date=20241012T084614
[2024-10-12T08:46:14.587+0000] {local_task_job_runner.py:240} INFO - Task exited with return code 0
[2024-10-12T08:46:14.610+0000] {taskinstance.py:3498} INFO - 1 downstream tasks scheduled from follow-on schedule check
[2024-10-12T08:46:14.611+0000] {local_task_job_runner.py:222} INFO - ::endgroup::
