[2024-10-12T10:06:41.730+0000] {local_task_job_runner.py:120} INFO - ::group::Pre task execution logs
[2024-10-12T10:06:41.766+0000] {taskinstance.py:2076} INFO - Dependencies all met for dep_context=non-requeueable deps ti=<TaskInstance: Taxi_trip_pipeline.dbt_transformation_layer.dbt_run_model_yellow_trip scheduled__2024-10-12T08:00:00+00:00 [queued]>
[2024-10-12T10:06:41.782+0000] {taskinstance.py:2076} INFO - Dependencies all met for dep_context=requeueable deps ti=<TaskInstance: Taxi_trip_pipeline.dbt_transformation_layer.dbt_run_model_yellow_trip scheduled__2024-10-12T08:00:00+00:00 [queued]>
[2024-10-12T10:06:41.782+0000] {taskinstance.py:2306} INFO - Starting attempt 16 of 16
[2024-10-12T10:06:41.803+0000] {taskinstance.py:2330} INFO - Executing <Task(BashOperator): dbt_transformation_layer.dbt_run_model_yellow_trip> on 2024-10-12 08:00:00+00:00
[2024-10-12T10:06:41.814+0000] {standard_task_runner.py:63} INFO - Started process 516 to run task
[2024-10-12T10:06:41.819+0000] {standard_task_runner.py:90} INFO - Running: ['***', 'tasks', 'run', 'Taxi_trip_pipeline', 'dbt_transformation_layer.dbt_run_model_yellow_trip', 'scheduled__2024-10-12T08:00:00+00:00', '--job-id', '594', '--raw', '--subdir', 'DAGS_FOLDER/taxi_trip.py', '--cfg-path', '/tmp/tmptnirg20w']
[2024-10-12T10:06:41.821+0000] {standard_task_runner.py:91} INFO - Job 594: Subtask dbt_transformation_layer.dbt_run_model_yellow_trip
[2024-10-12T10:06:41.880+0000] {task_command.py:426} INFO - Running <TaskInstance: Taxi_trip_pipeline.dbt_transformation_layer.dbt_run_model_yellow_trip scheduled__2024-10-12T08:00:00+00:00 [running]> on host cb13d84d2d77
[2024-10-12T10:06:42.031+0000] {taskinstance.py:2648} INFO - Exporting env vars: AIRFLOW_CTX_DAG_OWNER='Mahmoud' AIRFLOW_CTX_DAG_ID='Taxi_trip_pipeline' AIRFLOW_CTX_TASK_ID='dbt_transformation_layer.dbt_run_model_yellow_trip' AIRFLOW_CTX_EXECUTION_DATE='2024-10-12T08:00:00+00:00' AIRFLOW_CTX_TRY_NUMBER='16' AIRFLOW_CTX_DAG_RUN_ID='scheduled__2024-10-12T08:00:00+00:00'
[2024-10-12T10:06:42.033+0000] {taskinstance.py:430} INFO - ::endgroup::
[2024-10-12T10:06:42.057+0000] {subprocess.py:63} INFO - Tmp dir root location: /tmp
[2024-10-12T10:06:42.059+0000] {subprocess.py:75} INFO - Running command: ['/usr/bin/bash', '-c', 'dbt run --profiles-dir /opt/***/DBT_Project  --project-dir /opt/***/dbt_trip --models yellow_trip']
[2024-10-12T10:06:42.085+0000] {subprocess.py:86} INFO - Output:
[2024-10-12T10:06:45.186+0000] {subprocess.py:93} INFO - [0m10:06:45  Running with dbt=1.8.0
[2024-10-12T10:06:45.509+0000] {subprocess.py:93} INFO - [0m10:06:45  Registered adapter: postgres=1.8.0
[2024-10-12T10:06:46.050+0000] {subprocess.py:93} INFO - [0m10:06:46  [[33mWARNING[0m]: Configuration paths exist in your dbt_project.yml file which do not apply to any resources.
[2024-10-12T10:06:46.051+0000] {subprocess.py:93} INFO - There are 2 unused configuration paths:
[2024-10-12T10:06:46.052+0000] {subprocess.py:93} INFO - - models.fact_trip.Dimensions
[2024-10-12T10:06:46.052+0000] {subprocess.py:93} INFO - - models.fact_trip.staging
[2024-10-12T10:06:46.364+0000] {subprocess.py:93} INFO - [0m10:06:46  Found 4 models, 6 data tests, 3 sources, 566 macros
[2024-10-12T10:06:46.368+0000] {subprocess.py:93} INFO - [0m10:06:46
[2024-10-12T10:06:46.588+0000] {subprocess.py:93} INFO - [0m10:06:46  Concurrency: 3 threads (target='dev')
[2024-10-12T10:06:46.589+0000] {subprocess.py:93} INFO - [0m10:06:46
[2024-10-12T10:06:46.612+0000] {subprocess.py:93} INFO - [0m10:06:46  1 of 1 START sql view model analysis.yellow_trip ............................... [RUN]
[2024-10-12T10:06:46.960+0000] {subprocess.py:93} INFO - [0m10:06:46  1 of 1 OK created sql view model analysis.yellow_trip .......................... [[32mCREATE VIEW[0m in 0.34s]
[2024-10-12T10:06:46.981+0000] {subprocess.py:93} INFO - [0m10:06:46
[2024-10-12T10:06:46.982+0000] {subprocess.py:93} INFO - [0m10:06:46  Finished running 1 view model in 0 hours 0 minutes and 0.61 seconds (0.61s).
[2024-10-12T10:06:47.076+0000] {subprocess.py:93} INFO - [0m10:06:47
[2024-10-12T10:06:47.078+0000] {subprocess.py:93} INFO - [0m10:06:47  [32mCompleted successfully[0m
[2024-10-12T10:06:47.079+0000] {subprocess.py:93} INFO - [0m10:06:47
[2024-10-12T10:06:47.080+0000] {subprocess.py:93} INFO - [0m10:06:47  Done. PASS=1 WARN=0 ERROR=0 SKIP=0 TOTAL=1
[2024-10-12T10:06:48.338+0000] {subprocess.py:97} INFO - Command exited with return code 0
[2024-10-12T10:06:48.339+0000] {taskinstance.py:441} INFO - ::group::Post task execution logs
[2024-10-12T10:06:48.372+0000] {taskinstance.py:1206} INFO - Marking task as SUCCESS. dag_id=Taxi_trip_pipeline, task_id=dbt_transformation_layer.dbt_run_model_yellow_trip, run_id=scheduled__2024-10-12T08:00:00+00:00, execution_date=20241012T080000, start_date=20241012T100641, end_date=20241012T100648
[2024-10-12T10:06:48.400+0000] {local_task_job_runner.py:240} INFO - Task exited with return code 0
[2024-10-12T10:06:48.427+0000] {taskinstance.py:3498} INFO - 1 downstream tasks scheduled from follow-on schedule check
[2024-10-12T10:06:48.428+0000] {local_task_job_runner.py:222} INFO - ::endgroup::
