[2024-10-12T09:38:38.263+0000] {local_task_job_runner.py:120} INFO - ::group::Pre task execution logs
[2024-10-12T09:38:38.293+0000] {taskinstance.py:2076} INFO - Dependencies all met for dep_context=non-requeueable deps ti=<TaskInstance: Taxi_trip_pipeline.dbt_transformation_layer.dbt_run_model_yellow_trip scheduled__2024-10-12T08:00:00+00:00 [queued]>
[2024-10-12T09:38:38.312+0000] {taskinstance.py:2076} INFO - Dependencies all met for dep_context=requeueable deps ti=<TaskInstance: Taxi_trip_pipeline.dbt_transformation_layer.dbt_run_model_yellow_trip scheduled__2024-10-12T08:00:00+00:00 [queued]>
[2024-10-12T09:38:38.313+0000] {taskinstance.py:2306} INFO - Starting attempt 14 of 14
[2024-10-12T09:38:38.339+0000] {taskinstance.py:2330} INFO - Executing <Task(BashOperator): dbt_transformation_layer.dbt_run_model_yellow_trip> on 2024-10-12 08:00:00+00:00
[2024-10-12T09:38:38.350+0000] {standard_task_runner.py:63} INFO - Started process 249 to run task
[2024-10-12T09:38:38.357+0000] {standard_task_runner.py:90} INFO - Running: ['***', 'tasks', 'run', 'Taxi_trip_pipeline', 'dbt_transformation_layer.dbt_run_model_yellow_trip', 'scheduled__2024-10-12T08:00:00+00:00', '--job-id', '563', '--raw', '--subdir', 'DAGS_FOLDER/taxi_trip.py', '--cfg-path', '/tmp/tmpxo9f7v98']
[2024-10-12T09:38:38.362+0000] {standard_task_runner.py:91} INFO - Job 563: Subtask dbt_transformation_layer.dbt_run_model_yellow_trip
[2024-10-12T09:38:38.439+0000] {task_command.py:426} INFO - Running <TaskInstance: Taxi_trip_pipeline.dbt_transformation_layer.dbt_run_model_yellow_trip scheduled__2024-10-12T08:00:00+00:00 [running]> on host cb13d84d2d77
[2024-10-12T09:38:38.562+0000] {taskinstance.py:2648} INFO - Exporting env vars: AIRFLOW_CTX_DAG_OWNER='Mahmoud' AIRFLOW_CTX_DAG_ID='Taxi_trip_pipeline' AIRFLOW_CTX_TASK_ID='dbt_transformation_layer.dbt_run_model_yellow_trip' AIRFLOW_CTX_EXECUTION_DATE='2024-10-12T08:00:00+00:00' AIRFLOW_CTX_TRY_NUMBER='14' AIRFLOW_CTX_DAG_RUN_ID='scheduled__2024-10-12T08:00:00+00:00'
[2024-10-12T09:38:38.563+0000] {taskinstance.py:430} INFO - ::endgroup::
[2024-10-12T09:38:38.585+0000] {subprocess.py:63} INFO - Tmp dir root location: /tmp
[2024-10-12T09:38:38.586+0000] {subprocess.py:75} INFO - Running command: ['/usr/bin/bash', '-c', 'dbt run --profiles-dir /opt/***/DBT_Project  --project-dir /opt/***/dbt_trip --models yellow_trip']
[2024-10-12T09:38:38.608+0000] {subprocess.py:86} INFO - Output:
[2024-10-12T09:38:41.715+0000] {subprocess.py:93} INFO - [0m09:38:41  Running with dbt=1.8.0
[2024-10-12T09:38:42.098+0000] {subprocess.py:93} INFO - [0m09:38:42  Registered adapter: postgres=1.8.0
[2024-10-12T09:38:42.641+0000] {subprocess.py:93} INFO - [0m09:38:42  [[33mWARNING[0m]: Configuration paths exist in your dbt_project.yml file which do not apply to any resources.
[2024-10-12T09:38:42.641+0000] {subprocess.py:93} INFO - There are 2 unused configuration paths:
[2024-10-12T09:38:42.642+0000] {subprocess.py:93} INFO - - models.fact_trip.Dimensions
[2024-10-12T09:38:42.642+0000] {subprocess.py:93} INFO - - models.fact_trip.staging
[2024-10-12T09:38:42.935+0000] {subprocess.py:93} INFO - [0m09:38:42  Found 4 models, 6 data tests, 3 sources, 566 macros
[2024-10-12T09:38:42.939+0000] {subprocess.py:93} INFO - [0m09:38:42
[2024-10-12T09:38:43.145+0000] {subprocess.py:93} INFO - [0m09:38:43  Concurrency: 3 threads (target='dev')
[2024-10-12T09:38:43.146+0000] {subprocess.py:93} INFO - [0m09:38:43
[2024-10-12T09:38:43.163+0000] {subprocess.py:93} INFO - [0m09:38:43  1 of 1 START sql view model analysis.yellow_trip ............................... [RUN]
[2024-10-12T09:38:43.460+0000] {subprocess.py:93} INFO - [0m09:38:43  1 of 1 OK created sql view model analysis.yellow_trip .......................... [[32mCREATE VIEW[0m in 0.29s]
[2024-10-12T09:38:43.481+0000] {subprocess.py:93} INFO - [0m09:38:43
[2024-10-12T09:38:43.482+0000] {subprocess.py:93} INFO - [0m09:38:43  Finished running 1 view model in 0 hours 0 minutes and 0.54 seconds (0.54s).
[2024-10-12T09:38:43.567+0000] {subprocess.py:93} INFO - [0m09:38:43
[2024-10-12T09:38:43.568+0000] {subprocess.py:93} INFO - [0m09:38:43  [32mCompleted successfully[0m
[2024-10-12T09:38:43.569+0000] {subprocess.py:93} INFO - [0m09:38:43
[2024-10-12T09:38:43.570+0000] {subprocess.py:93} INFO - [0m09:38:43  Done. PASS=1 WARN=0 ERROR=0 SKIP=0 TOTAL=1
[2024-10-12T09:38:49.628+0000] {subprocess.py:97} INFO - Command exited with return code 0
[2024-10-12T09:38:49.629+0000] {taskinstance.py:441} INFO - ::group::Post task execution logs
[2024-10-12T09:38:49.652+0000] {taskinstance.py:1206} INFO - Marking task as SUCCESS. dag_id=Taxi_trip_pipeline, task_id=dbt_transformation_layer.dbt_run_model_yellow_trip, run_id=scheduled__2024-10-12T08:00:00+00:00, execution_date=20241012T080000, start_date=20241012T093838, end_date=20241012T093849
[2024-10-12T09:38:49.675+0000] {local_task_job_runner.py:240} INFO - Task exited with return code 0
[2024-10-12T09:38:49.700+0000] {taskinstance.py:3498} INFO - 0 downstream tasks scheduled from follow-on schedule check
[2024-10-12T09:38:49.702+0000] {local_task_job_runner.py:222} INFO - ::endgroup::
