[2024-10-12T08:29:51.592+0000] {local_task_job_runner.py:120} INFO - ::group::Pre task execution logs
[2024-10-12T08:29:51.620+0000] {taskinstance.py:2076} INFO - Dependencies all met for dep_context=non-requeueable deps ti=<TaskInstance: Taxi_trip_pipeline.dbt_transformation_layer.dbt_run_model_yellow_trip scheduled__2024-10-12T08:00:00+00:00 [queued]>
[2024-10-12T08:29:51.631+0000] {taskinstance.py:2076} INFO - Dependencies all met for dep_context=requeueable deps ti=<TaskInstance: Taxi_trip_pipeline.dbt_transformation_layer.dbt_run_model_yellow_trip scheduled__2024-10-12T08:00:00+00:00 [queued]>
[2024-10-12T08:29:51.632+0000] {taskinstance.py:2306} INFO - Starting attempt 3 of 3
[2024-10-12T08:29:51.647+0000] {taskinstance.py:2330} INFO - Executing <Task(BashOperator): dbt_transformation_layer.dbt_run_model_yellow_trip> on 2024-10-12 08:00:00+00:00
[2024-10-12T08:29:51.655+0000] {standard_task_runner.py:63} INFO - Started process 334 to run task
[2024-10-12T08:29:51.658+0000] {standard_task_runner.py:90} INFO - Running: ['***', 'tasks', 'run', 'Taxi_trip_pipeline', 'dbt_transformation_layer.dbt_run_model_yellow_trip', 'scheduled__2024-10-12T08:00:00+00:00', '--job-id', '454', '--raw', '--subdir', 'DAGS_FOLDER/taxi_trip.py', '--cfg-path', '/tmp/tmp71t5uouv']
[2024-10-12T08:29:51.662+0000] {standard_task_runner.py:91} INFO - Job 454: Subtask dbt_transformation_layer.dbt_run_model_yellow_trip
[2024-10-12T08:29:51.734+0000] {task_command.py:426} INFO - Running <TaskInstance: Taxi_trip_pipeline.dbt_transformation_layer.dbt_run_model_yellow_trip scheduled__2024-10-12T08:00:00+00:00 [running]> on host 54f793ecdf1a
[2024-10-12T08:29:51.841+0000] {taskinstance.py:2648} INFO - Exporting env vars: AIRFLOW_CTX_DAG_OWNER='Mahmoud' AIRFLOW_CTX_DAG_ID='Taxi_trip_pipeline' AIRFLOW_CTX_TASK_ID='dbt_transformation_layer.dbt_run_model_yellow_trip' AIRFLOW_CTX_EXECUTION_DATE='2024-10-12T08:00:00+00:00' AIRFLOW_CTX_TRY_NUMBER='3' AIRFLOW_CTX_DAG_RUN_ID='scheduled__2024-10-12T08:00:00+00:00'
[2024-10-12T08:29:51.842+0000] {taskinstance.py:430} INFO - ::endgroup::
[2024-10-12T08:29:51.856+0000] {subprocess.py:63} INFO - Tmp dir root location: /tmp
[2024-10-12T08:29:51.857+0000] {subprocess.py:75} INFO - Running command: ['/usr/bin/bash', '-c', 'dbt run --profiles-dir /opt/***/DBT_Project  --project-dir /opt/***/dbt_trip --models yellow_trip']
[2024-10-12T08:29:51.875+0000] {subprocess.py:86} INFO - Output:
[2024-10-12T08:29:54.777+0000] {subprocess.py:93} INFO - [0m08:29:54  Running with dbt=1.8.0
[2024-10-12T08:29:55.157+0000] {subprocess.py:93} INFO - [0m08:29:55  Registered adapter: postgres=1.8.0
[2024-10-12T08:29:55.642+0000] {subprocess.py:93} INFO - [0m08:29:55  [[33mWARNING[0m]: Configuration paths exist in your dbt_project.yml file which do not apply to any resources.
[2024-10-12T08:29:55.643+0000] {subprocess.py:93} INFO - There are 2 unused configuration paths:
[2024-10-12T08:29:55.643+0000] {subprocess.py:93} INFO - - models.fact_trip.Dimensions
[2024-10-12T08:29:55.643+0000] {subprocess.py:93} INFO - - models.fact_trip.staging
[2024-10-12T08:29:55.919+0000] {subprocess.py:93} INFO - [0m08:29:55  Found 4 models, 6 data tests, 3 sources, 566 macros
[2024-10-12T08:29:55.923+0000] {subprocess.py:93} INFO - [0m08:29:55
[2024-10-12T08:29:56.148+0000] {subprocess.py:93} INFO - [0m08:29:56  Concurrency: 3 threads (target='dev')
[2024-10-12T08:29:56.149+0000] {subprocess.py:93} INFO - [0m08:29:56
[2024-10-12T08:29:56.171+0000] {subprocess.py:93} INFO - [0m08:29:56  1 of 1 START sql view model analysis.yellow_trip ............................... [RUN]
[2024-10-12T08:29:56.434+0000] {subprocess.py:93} INFO - [0m08:29:56  1 of 1 OK created sql view model analysis.yellow_trip .......................... [[32mCREATE VIEW[0m in 0.26s]
[2024-10-12T08:29:56.449+0000] {subprocess.py:93} INFO - [0m08:29:56
[2024-10-12T08:29:56.450+0000] {subprocess.py:93} INFO - [0m08:29:56  Finished running 1 view model in 0 hours 0 minutes and 0.53 seconds (0.53s).
[2024-10-12T08:29:56.513+0000] {subprocess.py:93} INFO - [0m08:29:56
[2024-10-12T08:29:56.514+0000] {subprocess.py:93} INFO - [0m08:29:56  [32mCompleted successfully[0m
[2024-10-12T08:29:56.515+0000] {subprocess.py:93} INFO - [0m08:29:56
[2024-10-12T08:29:56.516+0000] {subprocess.py:93} INFO - [0m08:29:56  Done. PASS=1 WARN=0 ERROR=0 SKIP=0 TOTAL=1
[2024-10-12T08:29:57.533+0000] {subprocess.py:97} INFO - Command exited with return code 0
[2024-10-12T08:29:57.535+0000] {taskinstance.py:441} INFO - ::group::Post task execution logs
[2024-10-12T08:29:57.568+0000] {taskinstance.py:1206} INFO - Marking task as SUCCESS. dag_id=Taxi_trip_pipeline, task_id=dbt_transformation_layer.dbt_run_model_yellow_trip, run_id=scheduled__2024-10-12T08:00:00+00:00, execution_date=20241012T080000, start_date=20241012T082951, end_date=20241012T082957
[2024-10-12T08:29:57.616+0000] {local_task_job_runner.py:240} INFO - Task exited with return code 0
[2024-10-12T08:29:57.642+0000] {taskinstance.py:3498} INFO - 1 downstream tasks scheduled from follow-on schedule check
[2024-10-12T08:29:57.644+0000] {local_task_job_runner.py:222} INFO - ::endgroup::
