[2024-10-12T12:09:27.329+0000] {local_task_job_runner.py:120} INFO - ::group::Pre task execution logs
[2024-10-12T12:09:27.354+0000] {taskinstance.py:2076} INFO - Dependencies all met for dep_context=non-requeueable deps ti=<TaskInstance: Taxi_trip_pipeline.dbt_transformation_layer.dbt_run_model_yellow_trip manual__2024-10-12T12:09:17.710719+00:00 [queued]>
[2024-10-12T12:09:27.364+0000] {taskinstance.py:2076} INFO - Dependencies all met for dep_context=requeueable deps ti=<TaskInstance: Taxi_trip_pipeline.dbt_transformation_layer.dbt_run_model_yellow_trip manual__2024-10-12T12:09:17.710719+00:00 [queued]>
[2024-10-12T12:09:27.364+0000] {taskinstance.py:2306} INFO - Starting attempt 1 of 1
[2024-10-12T12:09:27.379+0000] {taskinstance.py:2330} INFO - Executing <Task(BashOperator): dbt_transformation_layer.dbt_run_model_yellow_trip> on 2024-10-12 12:09:17.710719+00:00
[2024-10-12T12:09:27.388+0000] {standard_task_runner.py:63} INFO - Started process 133 to run task
[2024-10-12T12:09:27.392+0000] {standard_task_runner.py:90} INFO - Running: ['***', 'tasks', 'run', 'Taxi_trip_pipeline', 'dbt_transformation_layer.dbt_run_model_yellow_trip', 'manual__2024-10-12T12:09:17.710719+00:00', '--job-id', '18', '--raw', '--subdir', 'DAGS_FOLDER/taxi_trip.py', '--cfg-path', '/tmp/tmpmsv5iw7e']
[2024-10-12T12:09:27.395+0000] {standard_task_runner.py:91} INFO - Job 18: Subtask dbt_transformation_layer.dbt_run_model_yellow_trip
[2024-10-12T12:09:27.460+0000] {task_command.py:426} INFO - Running <TaskInstance: Taxi_trip_pipeline.dbt_transformation_layer.dbt_run_model_yellow_trip manual__2024-10-12T12:09:17.710719+00:00 [running]> on host e1ee2fad10db
[2024-10-12T12:09:27.570+0000] {taskinstance.py:2648} INFO - Exporting env vars: AIRFLOW_CTX_DAG_OWNER='Mahmoud' AIRFLOW_CTX_DAG_ID='Taxi_trip_pipeline' AIRFLOW_CTX_TASK_ID='dbt_transformation_layer.dbt_run_model_yellow_trip' AIRFLOW_CTX_EXECUTION_DATE='2024-10-12T12:09:17.710719+00:00' AIRFLOW_CTX_TRY_NUMBER='1' AIRFLOW_CTX_DAG_RUN_ID='manual__2024-10-12T12:09:17.710719+00:00'
[2024-10-12T12:09:27.572+0000] {taskinstance.py:430} INFO - ::endgroup::
[2024-10-12T12:09:27.591+0000] {subprocess.py:63} INFO - Tmp dir root location: /tmp
[2024-10-12T12:09:27.592+0000] {subprocess.py:75} INFO - Running command: ['/usr/bin/bash', '-c', 'dbt run --profiles-dir /opt/***/DBT_Project  --project-dir /opt/***/dbt_trip --models yellow_trip']
[2024-10-12T12:09:27.613+0000] {subprocess.py:86} INFO - Output:
[2024-10-12T12:09:30.795+0000] {subprocess.py:93} INFO - [0m12:09:30  Running with dbt=1.8.0
[2024-10-12T12:09:31.164+0000] {subprocess.py:93} INFO - [0m12:09:31  Registered adapter: postgres=1.8.0
[2024-10-12T12:09:31.678+0000] {subprocess.py:93} INFO - [0m12:09:31  [[33mWARNING[0m]: Configuration paths exist in your dbt_project.yml file which do not apply to any resources.
[2024-10-12T12:09:31.680+0000] {subprocess.py:93} INFO - There are 2 unused configuration paths:
[2024-10-12T12:09:31.682+0000] {subprocess.py:93} INFO - - models.fact_trip.Dimensions
[2024-10-12T12:09:31.684+0000] {subprocess.py:93} INFO - - models.fact_trip.staging
[2024-10-12T12:09:32.042+0000] {subprocess.py:93} INFO - [0m12:09:32  Found 4 models, 6 data tests, 3 sources, 566 macros
[2024-10-12T12:09:32.045+0000] {subprocess.py:93} INFO - [0m12:09:32
[2024-10-12T12:09:32.217+0000] {subprocess.py:93} INFO - [0m12:09:32  Concurrency: 3 threads (target='dev')
[2024-10-12T12:09:32.219+0000] {subprocess.py:93} INFO - [0m12:09:32
[2024-10-12T12:09:32.241+0000] {subprocess.py:93} INFO - [0m12:09:32  1 of 1 START sql view model analysis.yellow_trip ............................... [RUN]
[2024-10-12T12:09:32.377+0000] {subprocess.py:93} INFO - [0m12:09:32  1 of 1 ERROR creating sql view model analysis.yellow_trip ...................... [[31mERROR[0m in 0.13s]
[2024-10-12T12:09:32.398+0000] {subprocess.py:93} INFO - [0m12:09:32
[2024-10-12T12:09:32.400+0000] {subprocess.py:93} INFO - [0m12:09:32  Finished running 1 view model in 0 hours 0 minutes and 0.35 seconds (0.35s).
[2024-10-12T12:09:32.508+0000] {subprocess.py:93} INFO - [0m12:09:32
[2024-10-12T12:09:32.509+0000] {subprocess.py:93} INFO - [0m12:09:32  [31mCompleted with 1 error and 0 warnings:[0m
[2024-10-12T12:09:32.510+0000] {subprocess.py:93} INFO - [0m12:09:32
[2024-10-12T12:09:32.511+0000] {subprocess.py:93} INFO - [0m12:09:32    Database Error in model yellow_trip (models/Staging/yellow_trip.sql)
[2024-10-12T12:09:32.511+0000] {subprocess.py:93} INFO -   relation "public.yellow_trip" does not exist
[2024-10-12T12:09:32.511+0000] {subprocess.py:93} INFO -   LINE 16:     FROM "nyc_taxi_trip"."public"."yellow_trip"
[2024-10-12T12:09:32.511+0000] {subprocess.py:93} INFO -                     ^
[2024-10-12T12:09:32.512+0000] {subprocess.py:93} INFO -   compiled code at target/run/fact_trip/models/Staging/yellow_trip.sql
[2024-10-12T12:09:32.512+0000] {subprocess.py:93} INFO - [0m12:09:32
[2024-10-12T12:09:32.512+0000] {subprocess.py:93} INFO - [0m12:09:32  Done. PASS=0 WARN=0 ERROR=1 SKIP=0 TOTAL=1
[2024-10-12T12:09:33.563+0000] {subprocess.py:97} INFO - Command exited with return code 1
[2024-10-12T12:09:33.563+0000] {taskinstance.py:441} INFO - ::group::Post task execution logs
[2024-10-12T12:09:33.577+0000] {taskinstance.py:2905} ERROR - Task failed with exception
Traceback (most recent call last):
  File "/home/airflow/.local/lib/python3.9/site-packages/airflow/models/taskinstance.py", line 465, in _execute_task
    result = _execute_callable(context=context, **execute_callable_kwargs)
  File "/home/airflow/.local/lib/python3.9/site-packages/airflow/models/taskinstance.py", line 432, in _execute_callable
    return execute_callable(context=context, **execute_callable_kwargs)
  File "/home/airflow/.local/lib/python3.9/site-packages/airflow/models/baseoperator.py", line 400, in wrapper
    return func(self, *args, **kwargs)
  File "/home/airflow/.local/lib/python3.9/site-packages/airflow/operators/bash.py", line 243, in execute
    raise AirflowException(
airflow.exceptions.AirflowException: Bash command failed. The command returned a non-zero exit code 1.
[2024-10-12T12:09:33.582+0000] {taskinstance.py:1206} INFO - Marking task as FAILED. dag_id=Taxi_trip_pipeline, task_id=dbt_transformation_layer.dbt_run_model_yellow_trip, run_id=manual__2024-10-12T12:09:17.710719+00:00, execution_date=20241012T120917, start_date=20241012T120927, end_date=20241012T120933
[2024-10-12T12:09:33.601+0000] {standard_task_runner.py:110} ERROR - Failed to execute job 18 for task dbt_transformation_layer.dbt_run_model_yellow_trip (Bash command failed. The command returned a non-zero exit code 1.; 133)
[2024-10-12T12:09:33.644+0000] {local_task_job_runner.py:240} INFO - Task exited with return code 1
[2024-10-12T12:09:33.678+0000] {taskinstance.py:3498} INFO - 0 downstream tasks scheduled from follow-on schedule check
[2024-10-12T12:09:33.683+0000] {local_task_job_runner.py:222} INFO - ::endgroup::
