[2024-09-21T18:12:41.876+0000] {local_task_job_runner.py:120} INFO - ::group::Pre task execution logs
[2024-09-21T18:12:41.945+0000] {taskinstance.py:2076} INFO - Dependencies all met for dep_context=non-requeueable deps ti=<TaskInstance: Taxi_trip_pipeline.load_group.load_green_trip scheduled__2024-09-20T00:00:00+00:00 [queued]>
[2024-09-21T18:12:41.956+0000] {taskinstance.py:2076} INFO - Dependencies all met for dep_context=requeueable deps ti=<TaskInstance: Taxi_trip_pipeline.load_group.load_green_trip scheduled__2024-09-20T00:00:00+00:00 [queued]>
[2024-09-21T18:12:41.957+0000] {taskinstance.py:2306} INFO - Starting attempt 1 of 1
[2024-09-21T18:12:42.005+0000] {taskinstance.py:2330} INFO - Executing <Task(PythonOperator): load_group.load_green_trip> on 2024-09-20 00:00:00+00:00
[2024-09-21T18:12:42.013+0000] {standard_task_runner.py:63} INFO - Started process 110 to run task
[2024-09-21T18:12:42.015+0000] {standard_task_runner.py:90} INFO - Running: ['***', 'tasks', 'run', 'Taxi_trip_pipeline', 'load_group.load_green_trip', 'scheduled__2024-09-20T00:00:00+00:00', '--job-id', '53', '--raw', '--subdir', 'DAGS_FOLDER/taxi_trip.py', '--cfg-path', '/tmp/tmp3fsnuszv']
[2024-09-21T18:12:42.037+0000] {standard_task_runner.py:91} INFO - Job 53: Subtask load_group.load_green_trip
[2024-09-21T18:12:42.154+0000] {task_command.py:426} INFO - Running <TaskInstance: Taxi_trip_pipeline.load_group.load_green_trip scheduled__2024-09-20T00:00:00+00:00 [running]> on host 5a2e5a872eaa
[2024-09-21T18:12:42.345+0000] {taskinstance.py:2648} INFO - Exporting env vars: AIRFLOW_CTX_DAG_OWNER='Mahmoud' AIRFLOW_CTX_DAG_ID='Taxi_trip_pipeline' AIRFLOW_CTX_TASK_ID='load_group.load_green_trip' AIRFLOW_CTX_EXECUTION_DATE='2024-09-20T00:00:00+00:00' AIRFLOW_CTX_TRY_NUMBER='1' AIRFLOW_CTX_DAG_RUN_ID='scheduled__2024-09-20T00:00:00+00:00'
[2024-09-21T18:12:42.346+0000] {taskinstance.py:430} INFO - ::endgroup::
[2024-09-21T18:12:42.482+0000] {taxi_trip.py:53} INFO - Loading green trip data started
[2024-09-21T18:12:42.482+0000] {Load_data.py:11} INFO - loading green trip .....
[2024-09-21T18:12:42.482+0000] {Load_data.py:35} INFO - Error loading grean_trip: read_csv() got an unexpected keyword argument 'date_format'
[2024-09-21T18:12:42.483+0000] {taxi_trip.py:55} INFO - Loading green trip data done
[2024-09-21T18:12:42.483+0000] {python.py:237} INFO - Done. Returned value was: None
[2024-09-21T18:12:42.484+0000] {taskinstance.py:441} INFO - ::group::Post task execution logs
[2024-09-21T18:12:42.495+0000] {taskinstance.py:1206} INFO - Marking task as SUCCESS. dag_id=Taxi_trip_pipeline, task_id=load_group.load_green_trip, run_id=scheduled__2024-09-20T00:00:00+00:00, execution_date=20240920T000000, start_date=20240921T181241, end_date=20240921T181242
[2024-09-21T18:12:42.589+0000] {local_task_job_runner.py:240} INFO - Task exited with return code 0
[2024-09-21T18:12:42.605+0000] {taskinstance.py:3498} INFO - 0 downstream tasks scheduled from follow-on schedule check
[2024-09-21T18:12:42.668+0000] {local_task_job_runner.py:222} INFO - ::endgroup::
