[2024-09-25T19:18:09.361+0000] {local_task_job_runner.py:120} INFO - ::group::Pre task execution logs
[2024-09-25T19:18:09.395+0000] {taskinstance.py:2076} INFO - Dependencies all met for dep_context=non-requeueable deps ti=<TaskInstance: Taxi_trip_pipeline.load_group.load_taxi_zone scheduled__2024-09-24T00:00:00+00:00 [queued]>
[2024-09-25T19:18:09.410+0000] {taskinstance.py:2076} INFO - Dependencies all met for dep_context=requeueable deps ti=<TaskInstance: Taxi_trip_pipeline.load_group.load_taxi_zone scheduled__2024-09-24T00:00:00+00:00 [queued]>
[2024-09-25T19:18:09.410+0000] {taskinstance.py:2306} INFO - Starting attempt 1 of 1
[2024-09-25T19:18:09.428+0000] {taskinstance.py:2330} INFO - Executing <Task(PythonOperator): load_group.load_taxi_zone> on 2024-09-24 00:00:00+00:00
[2024-09-25T19:18:09.436+0000] {standard_task_runner.py:63} INFO - Started process 81 to run task
[2024-09-25T19:18:09.442+0000] {standard_task_runner.py:90} INFO - Running: ['***', 'tasks', 'run', 'Taxi_trip_pipeline', 'load_group.load_taxi_zone', 'scheduled__2024-09-24T00:00:00+00:00', '--job-id', '116', '--raw', '--subdir', 'DAGS_FOLDER/taxi_trip.py', '--cfg-path', '/tmp/tmpixaeffi2']
[2024-09-25T19:18:09.447+0000] {standard_task_runner.py:91} INFO - Job 116: Subtask load_group.load_taxi_zone
[2024-09-25T19:18:09.503+0000] {task_command.py:426} INFO - Running <TaskInstance: Taxi_trip_pipeline.load_group.load_taxi_zone scheduled__2024-09-24T00:00:00+00:00 [running]> on host 3aa1deac3d71
[2024-09-25T19:18:09.650+0000] {taskinstance.py:2648} INFO - Exporting env vars: AIRFLOW_CTX_DAG_OWNER='Mahmoud' AIRFLOW_CTX_DAG_ID='Taxi_trip_pipeline' AIRFLOW_CTX_TASK_ID='load_group.load_taxi_zone' AIRFLOW_CTX_EXECUTION_DATE='2024-09-24T00:00:00+00:00' AIRFLOW_CTX_TRY_NUMBER='1' AIRFLOW_CTX_DAG_RUN_ID='scheduled__2024-09-24T00:00:00+00:00'
[2024-09-25T19:18:09.651+0000] {taskinstance.py:430} INFO - ::endgroup::
[2024-09-25T19:18:09.667+0000] {taxi_trip.py:85} INFO - Loading taxi zone lookup started
[2024-09-25T19:18:09.668+0000] {taxi_trip.py:91} ERROR - Error in loading taxi zone lookup
Traceback (most recent call last):
  File "/opt/airflow/dags/taxi_trip.py", line 87, in load_taxi_zone_def
    zone_df = pd.read_csv('./Staging/taxi_zone_lookup.csv')
  File "/home/airflow/.local/lib/python3.9/site-packages/pandas/util/_decorators.py", line 211, in wrapper
    return func(*args, **kwargs)
  File "/home/airflow/.local/lib/python3.9/site-packages/pandas/util/_decorators.py", line 331, in wrapper
    return func(*args, **kwargs)
  File "/home/airflow/.local/lib/python3.9/site-packages/pandas/io/parsers/readers.py", line 950, in read_csv
    return _read(filepath_or_buffer, kwds)
  File "/home/airflow/.local/lib/python3.9/site-packages/pandas/io/parsers/readers.py", line 605, in _read
    parser = TextFileReader(filepath_or_buffer, **kwds)
  File "/home/airflow/.local/lib/python3.9/site-packages/pandas/io/parsers/readers.py", line 1442, in __init__
    self._engine = self._make_engine(f, self.engine)
  File "/home/airflow/.local/lib/python3.9/site-packages/pandas/io/parsers/readers.py", line 1735, in _make_engine
    self.handles = get_handle(
  File "/home/airflow/.local/lib/python3.9/site-packages/pandas/io/common.py", line 856, in get_handle
    handle = open(
FileNotFoundError: [Errno 2] No such file or directory: './Staging/taxi_zone_lookup.csv'
[2024-09-25T19:18:09.673+0000] {python.py:237} INFO - Done. Returned value was: None
[2024-09-25T19:18:09.675+0000] {taskinstance.py:441} INFO - ::group::Post task execution logs
[2024-09-25T19:18:09.688+0000] {taskinstance.py:1206} INFO - Marking task as SUCCESS. dag_id=Taxi_trip_pipeline, task_id=load_group.load_taxi_zone, run_id=scheduled__2024-09-24T00:00:00+00:00, execution_date=20240924T000000, start_date=20240925T191809, end_date=20240925T191809
[2024-09-25T19:18:09.736+0000] {local_task_job_runner.py:240} INFO - Task exited with return code 0
[2024-09-25T19:18:09.757+0000] {taskinstance.py:3498} INFO - 0 downstream tasks scheduled from follow-on schedule check
[2024-09-25T19:18:09.759+0000] {local_task_job_runner.py:222} INFO - ::endgroup::
