[2024-10-01T15:52:03.036+0000] {local_task_job_runner.py:120} INFO - ::group::Pre task execution logs
[2024-10-01T15:52:03.056+0000] {taskinstance.py:2076} INFO - Dependencies all met for dep_context=non-requeueable deps ti=<TaskInstance: Taxi_trip_pipeline.mark_files_as_processed scheduled__2024-10-01T15:30:00+00:00 [queued]>
[2024-10-01T15:52:03.064+0000] {taskinstance.py:2076} INFO - Dependencies all met for dep_context=requeueable deps ti=<TaskInstance: Taxi_trip_pipeline.mark_files_as_processed scheduled__2024-10-01T15:30:00+00:00 [queued]>
[2024-10-01T15:52:03.064+0000] {taskinstance.py:2306} INFO - Starting attempt 2 of 2
[2024-10-01T15:52:03.076+0000] {taskinstance.py:2330} INFO - Executing <Task(PythonOperator): mark_files_as_processed> on 2024-10-01 15:30:00+00:00
[2024-10-01T15:52:03.083+0000] {standard_task_runner.py:63} INFO - Started process 2567 to run task
[2024-10-01T15:52:03.086+0000] {standard_task_runner.py:90} INFO - Running: ['***', 'tasks', 'run', 'Taxi_trip_pipeline', 'mark_files_as_processed', 'scheduled__2024-10-01T15:30:00+00:00', '--job-id', '333', '--raw', '--subdir', 'DAGS_FOLDER/taxi_trip.py', '--cfg-path', '/tmp/tmpezj62e71']
[2024-10-01T15:52:03.088+0000] {standard_task_runner.py:91} INFO - Job 333: Subtask mark_files_as_processed
[2024-10-01T15:52:03.132+0000] {task_command.py:426} INFO - Running <TaskInstance: Taxi_trip_pipeline.mark_files_as_processed scheduled__2024-10-01T15:30:00+00:00 [running]> on host fcb0f9e87e2b
[2024-10-01T15:52:03.225+0000] {taskinstance.py:2648} INFO - Exporting env vars: AIRFLOW_CTX_DAG_OWNER='Mahmoud' AIRFLOW_CTX_DAG_ID='Taxi_trip_pipeline' AIRFLOW_CTX_TASK_ID='mark_files_as_processed' AIRFLOW_CTX_EXECUTION_DATE='2024-10-01T15:30:00+00:00' AIRFLOW_CTX_TRY_NUMBER='2' AIRFLOW_CTX_DAG_RUN_ID='scheduled__2024-10-01T15:30:00+00:00'
[2024-10-01T15:52:03.226+0000] {taskinstance.py:430} INFO - ::endgroup::
[2024-10-01T15:52:03.255+0000] {db_utils.py:16} INFO - Connected to PostgreSQL database successfully
[2024-10-01T15:52:03.278+0000] {taxi_trip.py:107} INFO - Marked yellow trip files as processed.
[2024-10-01T15:52:03.278+0000] {taxi_trip.py:109} INFO - All files marked as processed successfully.
[2024-10-01T15:52:03.279+0000] {python.py:237} INFO - Done. Returned value was: None
[2024-10-01T15:52:03.279+0000] {taskinstance.py:441} INFO - ::group::Post task execution logs
[2024-10-01T15:52:03.289+0000] {taskinstance.py:1206} INFO - Marking task as SUCCESS. dag_id=Taxi_trip_pipeline, task_id=mark_files_as_processed, run_id=scheduled__2024-10-01T15:30:00+00:00, execution_date=20241001T153000, start_date=20241001T155203, end_date=20241001T155203
[2024-10-01T15:52:03.338+0000] {local_task_job_runner.py:240} INFO - Task exited with return code 0
[2024-10-01T15:52:03.381+0000] {taskinstance.py:3498} INFO - 3 downstream tasks scheduled from follow-on schedule check
[2024-10-01T15:52:03.383+0000] {local_task_job_runner.py:222} INFO - ::endgroup::
