[2024-09-30T18:04:45.591+0000] {local_task_job_runner.py:120} INFO - ::group::Pre task execution logs
[2024-09-30T18:04:45.613+0000] {taskinstance.py:2076} INFO - Dependencies all met for dep_context=non-requeueable deps ti=<TaskInstance: Taxi_trip_pipeline.dbt_staging_layer.dbt_run_yellow_trip manual__2024-09-30T18:03:24.363580+00:00 [queued]>
[2024-09-30T18:04:45.622+0000] {taskinstance.py:2076} INFO - Dependencies all met for dep_context=requeueable deps ti=<TaskInstance: Taxi_trip_pipeline.dbt_staging_layer.dbt_run_yellow_trip manual__2024-09-30T18:03:24.363580+00:00 [queued]>
[2024-09-30T18:04:45.622+0000] {taskinstance.py:2306} INFO - Starting attempt 1 of 1
[2024-09-30T18:04:45.697+0000] {taskinstance.py:2330} INFO - Executing <Task(BashOperator): dbt_staging_layer.dbt_run_yellow_trip> on 2024-09-30 18:03:24.363580+00:00
[2024-09-30T18:04:45.705+0000] {standard_task_runner.py:63} INFO - Started process 762 to run task
[2024-09-30T18:04:45.707+0000] {standard_task_runner.py:90} INFO - Running: ['***', 'tasks', 'run', 'Taxi_trip_pipeline', 'dbt_staging_layer.dbt_run_yellow_trip', 'manual__2024-09-30T18:03:24.363580+00:00', '--job-id', '83', '--raw', '--subdir', 'DAGS_FOLDER/taxi_trip.py', '--cfg-path', '/tmp/tmph0zunpe1']
[2024-09-30T18:04:45.709+0000] {standard_task_runner.py:91} INFO - Job 83: Subtask dbt_staging_layer.dbt_run_yellow_trip
[2024-09-30T18:04:45.831+0000] {task_command.py:426} INFO - Running <TaskInstance: Taxi_trip_pipeline.dbt_staging_layer.dbt_run_yellow_trip manual__2024-09-30T18:03:24.363580+00:00 [running]> on host 72cf0e8bafa8
[2024-09-30T18:04:46.033+0000] {taskinstance.py:2648} INFO - Exporting env vars: AIRFLOW_CTX_DAG_OWNER='Mahmoud' AIRFLOW_CTX_DAG_ID='Taxi_trip_pipeline' AIRFLOW_CTX_TASK_ID='dbt_staging_layer.dbt_run_yellow_trip' AIRFLOW_CTX_EXECUTION_DATE='2024-09-30T18:03:24.363580+00:00' AIRFLOW_CTX_TRY_NUMBER='1' AIRFLOW_CTX_DAG_RUN_ID='manual__2024-09-30T18:03:24.363580+00:00'
[2024-09-30T18:04:46.035+0000] {taskinstance.py:430} INFO - ::endgroup::
[2024-09-30T18:04:46.046+0000] {subprocess.py:63} INFO - Tmp dir root location: /tmp
[2024-09-30T18:04:46.046+0000] {subprocess.py:75} INFO - Running command: ['/usr/bin/bash', '-c', 'dbt run --profiles-dir /opt/***/DBT_Project  --project-dir /opt/***/dbt_trip --models yellow_trip']
[2024-09-30T18:04:46.063+0000] {subprocess.py:86} INFO - Output:
[2024-09-30T18:04:49.020+0000] {subprocess.py:93} INFO - [0m18:04:49  Running with dbt=1.8.0
[2024-09-30T18:04:49.365+0000] {subprocess.py:93} INFO - [0m18:04:49  Registered adapter: postgres=1.8.0
[2024-09-30T18:04:49.750+0000] {subprocess.py:93} INFO - [0m18:04:49  [[33mWARNING[0m]: Configuration paths exist in your dbt_project.yml file which do not apply to any resources.
[2024-09-30T18:04:49.751+0000] {subprocess.py:93} INFO - There are 2 unused configuration paths:
[2024-09-30T18:04:49.751+0000] {subprocess.py:93} INFO - - models.fact_trip.Dimensions
[2024-09-30T18:04:49.752+0000] {subprocess.py:93} INFO - - models.fact_trip.staging
[2024-09-30T18:04:50.025+0000] {subprocess.py:93} INFO - [0m18:04:50  Found 4 models, 6 data tests, 3 sources, 566 macros
[2024-09-30T18:04:50.028+0000] {subprocess.py:93} INFO - [0m18:04:50
[2024-09-30T18:04:50.195+0000] {subprocess.py:93} INFO - [0m18:04:50  Concurrency: 3 threads (target='dev')
[2024-09-30T18:04:50.196+0000] {subprocess.py:93} INFO - [0m18:04:50
[2024-09-30T18:04:50.214+0000] {subprocess.py:93} INFO - [0m18:04:50  1 of 1 START sql view model analysis.yellow_trip ............................... [RUN]
[2024-09-30T18:04:50.696+0000] {subprocess.py:93} INFO - [0m18:04:50  1 of 1 OK created sql view model analysis.yellow_trip .......................... [[32mCREATE VIEW[0m in 0.48s]
[2024-09-30T18:04:50.717+0000] {subprocess.py:93} INFO - [0m18:04:50
[2024-09-30T18:04:50.720+0000] {subprocess.py:93} INFO - [0m18:04:50  Finished running 1 view model in 0 hours 0 minutes and 0.69 seconds (0.69s).
[2024-09-30T18:04:50.803+0000] {subprocess.py:93} INFO - [0m18:04:50
[2024-09-30T18:04:50.804+0000] {subprocess.py:93} INFO - [0m18:04:50  [32mCompleted successfully[0m
[2024-09-30T18:04:50.805+0000] {subprocess.py:93} INFO - [0m18:04:50
[2024-09-30T18:04:50.805+0000] {subprocess.py:93} INFO - [0m18:04:50  Done. PASS=1 WARN=0 ERROR=0 SKIP=0 TOTAL=1
[2024-09-30T18:04:51.957+0000] {subprocess.py:97} INFO - Command exited with return code 0
[2024-09-30T18:04:51.958+0000] {taskinstance.py:441} INFO - ::group::Post task execution logs
[2024-09-30T18:04:52.019+0000] {taskinstance.py:1206} INFO - Marking task as SUCCESS. dag_id=Taxi_trip_pipeline, task_id=dbt_staging_layer.dbt_run_yellow_trip, run_id=manual__2024-09-30T18:03:24.363580+00:00, execution_date=20240930T180324, start_date=20240930T180445, end_date=20240930T180452
[2024-09-30T18:04:52.087+0000] {local_task_job_runner.py:240} INFO - Task exited with return code 0
[2024-09-30T18:04:52.097+0000] {local_task_job_runner.py:222} INFO - ::endgroup::
