[2024-09-30T20:02:54.166+0000] {local_task_job_runner.py:120} INFO - ::group::Pre task execution logs
[2024-09-30T20:02:54.194+0000] {taskinstance.py:2076} INFO - Dependencies all met for dep_context=non-requeueable deps ti=<TaskInstance: Taxi_trip_pipeline.dbt_staging_layer.dbt_run_yellow_trip manual__2024-09-30T18:03:24.363580+00:00 [queued]>
[2024-09-30T20:02:54.206+0000] {taskinstance.py:2076} INFO - Dependencies all met for dep_context=requeueable deps ti=<TaskInstance: Taxi_trip_pipeline.dbt_staging_layer.dbt_run_yellow_trip manual__2024-09-30T18:03:24.363580+00:00 [queued]>
[2024-09-30T20:02:54.206+0000] {taskinstance.py:2306} INFO - Starting attempt 2 of 2
[2024-09-30T20:02:54.224+0000] {taskinstance.py:2330} INFO - Executing <Task(BashOperator): dbt_staging_layer.dbt_run_yellow_trip> on 2024-09-30 18:03:24.363580+00:00
[2024-09-30T20:02:54.232+0000] {standard_task_runner.py:63} INFO - Started process 849 to run task
[2024-09-30T20:02:54.236+0000] {standard_task_runner.py:90} INFO - Running: ['***', 'tasks', 'run', 'Taxi_trip_pipeline', 'dbt_staging_layer.dbt_run_yellow_trip', 'manual__2024-09-30T18:03:24.363580+00:00', '--job-id', '90', '--raw', '--subdir', 'DAGS_FOLDER/taxi_trip.py', '--cfg-path', '/tmp/tmp_wjs8n9m']
[2024-09-30T20:02:54.238+0000] {standard_task_runner.py:91} INFO - Job 90: Subtask dbt_staging_layer.dbt_run_yellow_trip
[2024-09-30T20:02:54.285+0000] {task_command.py:426} INFO - Running <TaskInstance: Taxi_trip_pipeline.dbt_staging_layer.dbt_run_yellow_trip manual__2024-09-30T18:03:24.363580+00:00 [running]> on host 72cf0e8bafa8
[2024-09-30T20:02:54.373+0000] {taskinstance.py:2648} INFO - Exporting env vars: AIRFLOW_CTX_DAG_OWNER='Mahmoud' AIRFLOW_CTX_DAG_ID='Taxi_trip_pipeline' AIRFLOW_CTX_TASK_ID='dbt_staging_layer.dbt_run_yellow_trip' AIRFLOW_CTX_EXECUTION_DATE='2024-09-30T18:03:24.363580+00:00' AIRFLOW_CTX_TRY_NUMBER='2' AIRFLOW_CTX_DAG_RUN_ID='manual__2024-09-30T18:03:24.363580+00:00'
[2024-09-30T20:02:54.374+0000] {taskinstance.py:430} INFO - ::endgroup::
[2024-09-30T20:02:54.388+0000] {subprocess.py:63} INFO - Tmp dir root location: /tmp
[2024-09-30T20:02:54.389+0000] {subprocess.py:75} INFO - Running command: ['/usr/bin/bash', '-c', 'dbt run --profiles-dir /opt/***/DBT_Project  --project-dir /opt/***/dbt_trip --models yellow_trip']
[2024-09-30T20:02:54.404+0000] {subprocess.py:86} INFO - Output:
[2024-09-30T20:02:57.026+0000] {subprocess.py:93} INFO - [0m20:02:57  Running with dbt=1.8.0
[2024-09-30T20:02:57.343+0000] {subprocess.py:93} INFO - [0m20:02:57  Registered adapter: postgres=1.8.0
[2024-09-30T20:02:57.846+0000] {subprocess.py:93} INFO - [0m20:02:57  [[33mWARNING[0m]: Configuration paths exist in your dbt_project.yml file which do not apply to any resources.
[2024-09-30T20:02:57.847+0000] {subprocess.py:93} INFO - There are 2 unused configuration paths:
[2024-09-30T20:02:57.847+0000] {subprocess.py:93} INFO - - models.fact_trip.staging
[2024-09-30T20:02:57.847+0000] {subprocess.py:93} INFO - - models.fact_trip.Dimensions
[2024-09-30T20:02:58.145+0000] {subprocess.py:93} INFO - [0m20:02:58  Found 4 models, 6 data tests, 3 sources, 566 macros
[2024-09-30T20:02:58.148+0000] {subprocess.py:93} INFO - [0m20:02:58
[2024-09-30T20:02:58.279+0000] {subprocess.py:93} INFO - [0m20:02:58  Concurrency: 3 threads (target='dev')
[2024-09-30T20:02:58.280+0000] {subprocess.py:93} INFO - [0m20:02:58
[2024-09-30T20:02:58.293+0000] {subprocess.py:93} INFO - [0m20:02:58  1 of 1 START sql view model analysis.yellow_trip ............................... [RUN]
[2024-09-30T20:02:58.477+0000] {subprocess.py:93} INFO - [0m20:02:58  1 of 1 OK created sql view model analysis.yellow_trip .......................... [[32mCREATE VIEW[0m in 0.18s]
[2024-09-30T20:02:58.494+0000] {subprocess.py:93} INFO - [0m20:02:58
[2024-09-30T20:02:58.495+0000] {subprocess.py:93} INFO - [0m20:02:58  Finished running 1 view model in 0 hours 0 minutes and 0.34 seconds (0.34s).
[2024-09-30T20:02:58.587+0000] {subprocess.py:93} INFO - [0m20:02:58
[2024-09-30T20:02:58.588+0000] {subprocess.py:93} INFO - [0m20:02:58  [32mCompleted successfully[0m
[2024-09-30T20:02:58.589+0000] {subprocess.py:93} INFO - [0m20:02:58
[2024-09-30T20:02:58.589+0000] {subprocess.py:93} INFO - [0m20:02:58  Done. PASS=1 WARN=0 ERROR=0 SKIP=0 TOTAL=1
[2024-09-30T20:02:59.651+0000] {subprocess.py:97} INFO - Command exited with return code 0
[2024-09-30T20:02:59.652+0000] {taskinstance.py:441} INFO - ::group::Post task execution logs
[2024-09-30T20:02:59.679+0000] {taskinstance.py:1206} INFO - Marking task as SUCCESS. dag_id=Taxi_trip_pipeline, task_id=dbt_staging_layer.dbt_run_yellow_trip, run_id=manual__2024-09-30T18:03:24.363580+00:00, execution_date=20240930T180324, start_date=20240930T200254, end_date=20240930T200259
[2024-09-30T20:02:59.703+0000] {local_task_job_runner.py:240} INFO - Task exited with return code 0
[2024-09-30T20:02:59.729+0000] {taskinstance.py:3498} INFO - 0 downstream tasks scheduled from follow-on schedule check
[2024-09-30T20:02:59.730+0000] {local_task_job_runner.py:222} INFO - ::endgroup::
