[2024-10-01T09:35:24.255+0000] {local_task_job_runner.py:120} INFO - ::group::Pre task execution logs
[2024-10-01T09:35:24.281+0000] {taskinstance.py:2076} INFO - Dependencies all met for dep_context=non-requeueable deps ti=<TaskInstance: Taxi_trip_pipeline.dbt_staging_layer.dbt_run_zone_lookup scheduled__2024-09-30T00:00:00+00:00 [queued]>
[2024-10-01T09:35:24.291+0000] {taskinstance.py:2076} INFO - Dependencies all met for dep_context=requeueable deps ti=<TaskInstance: Taxi_trip_pipeline.dbt_staging_layer.dbt_run_zone_lookup scheduled__2024-09-30T00:00:00+00:00 [queued]>
[2024-10-01T09:35:24.292+0000] {taskinstance.py:2306} INFO - Starting attempt 5 of 5
[2024-10-01T09:35:24.305+0000] {taskinstance.py:2330} INFO - Executing <Task(BashOperator): dbt_staging_layer.dbt_run_zone_lookup> on 2024-09-30 00:00:00+00:00
[2024-10-01T09:35:24.313+0000] {standard_task_runner.py:63} INFO - Started process 498 to run task
[2024-10-01T09:35:24.316+0000] {standard_task_runner.py:90} INFO - Running: ['***', 'tasks', 'run', 'Taxi_trip_pipeline', 'dbt_staging_layer.dbt_run_zone_lookup', 'scheduled__2024-09-30T00:00:00+00:00', '--job-id', '162', '--raw', '--subdir', 'DAGS_FOLDER/taxi_trip.py', '--cfg-path', '/tmp/tmpjtilixja']
[2024-10-01T09:35:24.318+0000] {standard_task_runner.py:91} INFO - Job 162: Subtask dbt_staging_layer.dbt_run_zone_lookup
[2024-10-01T09:35:24.366+0000] {task_command.py:426} INFO - Running <TaskInstance: Taxi_trip_pipeline.dbt_staging_layer.dbt_run_zone_lookup scheduled__2024-09-30T00:00:00+00:00 [running]> on host fcb0f9e87e2b
[2024-10-01T09:35:24.446+0000] {taskinstance.py:2648} INFO - Exporting env vars: AIRFLOW_CTX_DAG_OWNER='Mahmoud' AIRFLOW_CTX_DAG_ID='Taxi_trip_pipeline' AIRFLOW_CTX_TASK_ID='dbt_staging_layer.dbt_run_zone_lookup' AIRFLOW_CTX_EXECUTION_DATE='2024-09-30T00:00:00+00:00' AIRFLOW_CTX_TRY_NUMBER='5' AIRFLOW_CTX_DAG_RUN_ID='scheduled__2024-09-30T00:00:00+00:00'
[2024-10-01T09:35:24.447+0000] {taskinstance.py:430} INFO - ::endgroup::
[2024-10-01T09:35:24.460+0000] {subprocess.py:63} INFO - Tmp dir root location: /tmp
[2024-10-01T09:35:24.461+0000] {subprocess.py:75} INFO - Running command: ['/usr/bin/bash', '-c', 'dbt run --profiles-dir /opt/***/DBT_Project  --project-dir /opt/***/dbt_trip --models zone_lookup']
[2024-10-01T09:35:24.475+0000] {subprocess.py:86} INFO - Output:
[2024-10-01T09:35:27.025+0000] {subprocess.py:93} INFO - [0m09:35:27  Running with dbt=1.8.0
[2024-10-01T09:35:27.340+0000] {subprocess.py:93} INFO - [0m09:35:27  Registered adapter: postgres=1.8.0
[2024-10-01T09:35:27.673+0000] {subprocess.py:93} INFO - [0m09:35:27  [[33mWARNING[0m]: Configuration paths exist in your dbt_project.yml file which do not apply to any resources.
[2024-10-01T09:35:27.674+0000] {subprocess.py:93} INFO - There are 2 unused configuration paths:
[2024-10-01T09:35:27.674+0000] {subprocess.py:93} INFO - - models.fact_trip.staging
[2024-10-01T09:35:27.674+0000] {subprocess.py:93} INFO - - models.fact_trip.Dimensions
[2024-10-01T09:35:27.925+0000] {subprocess.py:93} INFO - [0m09:35:27  Found 4 models, 6 data tests, 3 sources, 566 macros
[2024-10-01T09:35:27.928+0000] {subprocess.py:93} INFO - [0m09:35:27
[2024-10-01T09:35:28.064+0000] {subprocess.py:93} INFO - [0m09:35:28  Concurrency: 3 threads (target='dev')
[2024-10-01T09:35:28.065+0000] {subprocess.py:93} INFO - [0m09:35:28
[2024-10-01T09:35:28.078+0000] {subprocess.py:93} INFO - [0m09:35:28  1 of 1 START sql view model analysis.zone_lookup ............................... [RUN]
[2024-10-01T09:35:28.215+0000] {subprocess.py:93} INFO - [0m09:35:28  1 of 1 OK created sql view model analysis.zone_lookup .......................... [[32mCREATE VIEW[0m in 0.13s]
[2024-10-01T09:35:28.227+0000] {subprocess.py:93} INFO - [0m09:35:28
[2024-10-01T09:35:28.228+0000] {subprocess.py:93} INFO - [0m09:35:28  Finished running 1 view model in 0 hours 0 minutes and 0.30 seconds (0.30s).
[2024-10-01T09:35:28.281+0000] {subprocess.py:93} INFO - [0m09:35:28
[2024-10-01T09:35:28.281+0000] {subprocess.py:93} INFO - [0m09:35:28  [32mCompleted successfully[0m
[2024-10-01T09:35:28.282+0000] {subprocess.py:93} INFO - [0m09:35:28
[2024-10-01T09:35:28.282+0000] {subprocess.py:93} INFO - [0m09:35:28  Done. PASS=1 WARN=0 ERROR=0 SKIP=0 TOTAL=1
[2024-10-01T09:35:29.397+0000] {subprocess.py:97} INFO - Command exited with return code 0
[2024-10-01T09:35:29.398+0000] {taskinstance.py:441} INFO - ::group::Post task execution logs
[2024-10-01T09:35:29.423+0000] {taskinstance.py:1206} INFO - Marking task as SUCCESS. dag_id=Taxi_trip_pipeline, task_id=dbt_staging_layer.dbt_run_zone_lookup, run_id=scheduled__2024-09-30T00:00:00+00:00, execution_date=20240930T000000, start_date=20241001T093524, end_date=20241001T093529
[2024-10-01T09:35:29.467+0000] {local_task_job_runner.py:240} INFO - Task exited with return code 0
[2024-10-01T09:35:29.489+0000] {taskinstance.py:3498} INFO - 1 downstream tasks scheduled from follow-on schedule check
[2024-10-01T09:35:29.490+0000] {local_task_job_runner.py:222} INFO - ::endgroup::
