[2024-10-01T06:38:37.206+0000] {local_task_job_runner.py:120} INFO - ::group::Pre task execution logs
[2024-10-01T06:38:37.237+0000] {taskinstance.py:2076} INFO - Dependencies all met for dep_context=non-requeueable deps ti=<TaskInstance: Taxi_trip_pipeline.dbt_staging_layer.dbt_run_zone_lookup scheduled__2024-09-30T00:00:00+00:00 [queued]>
[2024-10-01T06:38:37.250+0000] {taskinstance.py:2076} INFO - Dependencies all met for dep_context=requeueable deps ti=<TaskInstance: Taxi_trip_pipeline.dbt_staging_layer.dbt_run_zone_lookup scheduled__2024-09-30T00:00:00+00:00 [queued]>
[2024-10-01T06:38:37.250+0000] {taskinstance.py:2306} INFO - Starting attempt 2 of 2
[2024-10-01T06:38:37.267+0000] {taskinstance.py:2330} INFO - Executing <Task(BashOperator): dbt_staging_layer.dbt_run_zone_lookup> on 2024-09-30 00:00:00+00:00
[2024-10-01T06:38:37.276+0000] {standard_task_runner.py:63} INFO - Started process 152 to run task
[2024-10-01T06:38:37.279+0000] {standard_task_runner.py:90} INFO - Running: ['***', 'tasks', 'run', 'Taxi_trip_pipeline', 'dbt_staging_layer.dbt_run_zone_lookup', 'scheduled__2024-09-30T00:00:00+00:00', '--job-id', '136', '--raw', '--subdir', 'DAGS_FOLDER/taxi_trip.py', '--cfg-path', '/tmp/tmpzbh06xoc']
[2024-10-01T06:38:37.281+0000] {standard_task_runner.py:91} INFO - Job 136: Subtask dbt_staging_layer.dbt_run_zone_lookup
[2024-10-01T06:38:37.337+0000] {task_command.py:426} INFO - Running <TaskInstance: Taxi_trip_pipeline.dbt_staging_layer.dbt_run_zone_lookup scheduled__2024-09-30T00:00:00+00:00 [running]> on host fcb0f9e87e2b
[2024-10-01T06:38:37.429+0000] {taskinstance.py:2648} INFO - Exporting env vars: AIRFLOW_CTX_DAG_OWNER='Mahmoud' AIRFLOW_CTX_DAG_ID='Taxi_trip_pipeline' AIRFLOW_CTX_TASK_ID='dbt_staging_layer.dbt_run_zone_lookup' AIRFLOW_CTX_EXECUTION_DATE='2024-09-30T00:00:00+00:00' AIRFLOW_CTX_TRY_NUMBER='2' AIRFLOW_CTX_DAG_RUN_ID='scheduled__2024-09-30T00:00:00+00:00'
[2024-10-01T06:38:37.430+0000] {taskinstance.py:430} INFO - ::endgroup::
[2024-10-01T06:38:37.442+0000] {subprocess.py:63} INFO - Tmp dir root location: /tmp
[2024-10-01T06:38:37.442+0000] {subprocess.py:75} INFO - Running command: ['/usr/bin/bash', '-c', 'dbt run --profiles-dir /opt/***/DBT_Project  --project-dir /opt/***/dbt_trip --models zone_lookup']
[2024-10-01T06:38:37.455+0000] {subprocess.py:86} INFO - Output:
[2024-10-01T06:38:40.229+0000] {subprocess.py:93} INFO - [0m06:38:40  Running with dbt=1.8.0
[2024-10-01T06:38:40.537+0000] {subprocess.py:93} INFO - [0m06:38:40  Registered adapter: postgres=1.8.0
[2024-10-01T06:38:40.913+0000] {subprocess.py:93} INFO - [0m06:38:40  [[33mWARNING[0m]: Configuration paths exist in your dbt_project.yml file which do not apply to any resources.
[2024-10-01T06:38:40.914+0000] {subprocess.py:93} INFO - There are 2 unused configuration paths:
[2024-10-01T06:38:40.915+0000] {subprocess.py:93} INFO - - models.fact_trip.staging
[2024-10-01T06:38:40.915+0000] {subprocess.py:93} INFO - - models.fact_trip.Dimensions
[2024-10-01T06:38:41.196+0000] {subprocess.py:93} INFO - [0m06:38:41  Found 4 models, 6 data tests, 3 sources, 566 macros
[2024-10-01T06:38:41.199+0000] {subprocess.py:93} INFO - [0m06:38:41
[2024-10-01T06:38:41.344+0000] {subprocess.py:93} INFO - [0m06:38:41  Concurrency: 3 threads (target='dev')
[2024-10-01T06:38:41.345+0000] {subprocess.py:93} INFO - [0m06:38:41
[2024-10-01T06:38:41.360+0000] {subprocess.py:93} INFO - [0m06:38:41  1 of 1 START sql view model analysis.zone_lookup ............................... [RUN]
[2024-10-01T06:38:41.559+0000] {subprocess.py:93} INFO - [0m06:38:41  1 of 1 OK created sql view model analysis.zone_lookup .......................... [[32mCREATE VIEW[0m in 0.19s]
[2024-10-01T06:38:41.578+0000] {subprocess.py:93} INFO - [0m06:38:41
[2024-10-01T06:38:41.579+0000] {subprocess.py:93} INFO - [0m06:38:41  Finished running 1 view model in 0 hours 0 minutes and 0.38 seconds (0.38s).
[2024-10-01T06:38:41.648+0000] {subprocess.py:93} INFO - [0m06:38:41
[2024-10-01T06:38:41.649+0000] {subprocess.py:93} INFO - [0m06:38:41  [32mCompleted successfully[0m
[2024-10-01T06:38:41.650+0000] {subprocess.py:93} INFO - [0m06:38:41
[2024-10-01T06:38:41.650+0000] {subprocess.py:93} INFO - [0m06:38:41  Done. PASS=1 WARN=0 ERROR=0 SKIP=0 TOTAL=1
[2024-10-01T06:38:42.792+0000] {subprocess.py:97} INFO - Command exited with return code 0
[2024-10-01T06:38:42.793+0000] {taskinstance.py:441} INFO - ::group::Post task execution logs
[2024-10-01T06:38:42.825+0000] {taskinstance.py:1206} INFO - Marking task as SUCCESS. dag_id=Taxi_trip_pipeline, task_id=dbt_staging_layer.dbt_run_zone_lookup, run_id=scheduled__2024-09-30T00:00:00+00:00, execution_date=20240930T000000, start_date=20241001T063837, end_date=20241001T063842
[2024-10-01T06:38:42.861+0000] {local_task_job_runner.py:240} INFO - Task exited with return code 0
[2024-10-01T06:38:42.881+0000] {taskinstance.py:3498} INFO - 0 downstream tasks scheduled from follow-on schedule check
[2024-10-01T06:38:42.884+0000] {local_task_job_runner.py:222} INFO - ::endgroup::
