[2024-10-01T14:30:11.987+0000] {local_task_job_runner.py:120} INFO - ::group::Pre task execution logs
[2024-10-01T14:30:12.015+0000] {taskinstance.py:2076} INFO - Dependencies all met for dep_context=non-requeueable deps ti=<TaskInstance: Taxi_trip_pipeline.dbt_run_fact_trip manual__2024-10-01T13:50:22.623616+00:00 [queued]>
[2024-10-01T14:30:12.029+0000] {taskinstance.py:2076} INFO - Dependencies all met for dep_context=requeueable deps ti=<TaskInstance: Taxi_trip_pipeline.dbt_run_fact_trip manual__2024-10-01T13:50:22.623616+00:00 [queued]>
[2024-10-01T14:30:12.030+0000] {taskinstance.py:2306} INFO - Starting attempt 4 of 4
[2024-10-01T14:30:12.045+0000] {taskinstance.py:2330} INFO - Executing <Task(BashOperator): dbt_run_fact_trip> on 2024-10-01 13:50:22.623616+00:00
[2024-10-01T14:30:12.053+0000] {standard_task_runner.py:63} INFO - Started process 1765 to run task
[2024-10-01T14:30:12.060+0000] {standard_task_runner.py:90} INFO - Running: ['***', 'tasks', 'run', 'Taxi_trip_pipeline', 'dbt_run_fact_trip', 'manual__2024-10-01T13:50:22.623616+00:00', '--job-id', '262', '--raw', '--subdir', 'DAGS_FOLDER/taxi_trip.py', '--cfg-path', '/tmp/tmp1q7qxg1i']
[2024-10-01T14:30:12.062+0000] {standard_task_runner.py:91} INFO - Job 262: Subtask dbt_run_fact_trip
[2024-10-01T14:30:12.113+0000] {task_command.py:426} INFO - Running <TaskInstance: Taxi_trip_pipeline.dbt_run_fact_trip manual__2024-10-01T13:50:22.623616+00:00 [running]> on host fcb0f9e87e2b
[2024-10-01T14:30:12.208+0000] {taskinstance.py:2648} INFO - Exporting env vars: AIRFLOW_CTX_DAG_OWNER='Mahmoud' AIRFLOW_CTX_DAG_ID='Taxi_trip_pipeline' AIRFLOW_CTX_TASK_ID='dbt_run_fact_trip' AIRFLOW_CTX_EXECUTION_DATE='2024-10-01T13:50:22.623616+00:00' AIRFLOW_CTX_TRY_NUMBER='4' AIRFLOW_CTX_DAG_RUN_ID='manual__2024-10-01T13:50:22.623616+00:00'
[2024-10-01T14:30:12.209+0000] {taskinstance.py:430} INFO - ::endgroup::
[2024-10-01T14:30:12.224+0000] {subprocess.py:63} INFO - Tmp dir root location: /tmp
[2024-10-01T14:30:12.225+0000] {subprocess.py:75} INFO - Running command: ['/usr/bin/bash', '-c', 'dbt run --profiles-dir /opt/***/DBT_Project  --project-dir /opt/***/dbt_trip --models Fact_trips']
[2024-10-01T14:30:12.242+0000] {subprocess.py:86} INFO - Output:
[2024-10-01T14:30:15.205+0000] {subprocess.py:93} INFO - [0m14:30:15  Running with dbt=1.8.0
[2024-10-01T14:30:15.533+0000] {subprocess.py:93} INFO - [0m14:30:15  Registered adapter: postgres=1.8.0
[2024-10-01T14:30:16.302+0000] {subprocess.py:93} INFO - [0m14:30:16  [[33mWARNING[0m]: Configuration paths exist in your dbt_project.yml file which do not apply to any resources.
[2024-10-01T14:30:16.302+0000] {subprocess.py:93} INFO - There are 2 unused configuration paths:
[2024-10-01T14:30:16.302+0000] {subprocess.py:93} INFO - - models.fact_trip.staging
[2024-10-01T14:30:16.303+0000] {subprocess.py:93} INFO - - models.fact_trip.Dimensions
[2024-10-01T14:30:16.480+0000] {subprocess.py:93} INFO - [0m14:30:16  Found 4 models, 6 data tests, 3 sources, 566 macros
[2024-10-01T14:30:16.482+0000] {subprocess.py:93} INFO - [0m14:30:16
[2024-10-01T14:30:16.631+0000] {subprocess.py:93} INFO - [0m14:30:16  Concurrency: 3 threads (target='dev')
[2024-10-01T14:30:16.632+0000] {subprocess.py:93} INFO - [0m14:30:16
[2024-10-01T14:30:16.642+0000] {subprocess.py:93} INFO - [0m14:30:16  1 of 1 START sql view model analysis.Fact_trips ................................ [RUN]
[2024-10-01T14:30:16.782+0000] {subprocess.py:93} INFO - [0m14:30:16  1 of 1 OK created sql view model analysis.Fact_trips ........................... [[32mCREATE VIEW[0m in 0.14s]
[2024-10-01T14:30:16.794+0000] {subprocess.py:93} INFO - [0m14:30:16
[2024-10-01T14:30:16.795+0000] {subprocess.py:93} INFO - [0m14:30:16  Finished running 1 view model in 0 hours 0 minutes and 0.31 seconds (0.31s).
[2024-10-01T14:30:16.845+0000] {subprocess.py:93} INFO - [0m14:30:16
[2024-10-01T14:30:16.846+0000] {subprocess.py:93} INFO - [0m14:30:16  [32mCompleted successfully[0m
[2024-10-01T14:30:16.846+0000] {subprocess.py:93} INFO - [0m14:30:16
[2024-10-01T14:30:16.847+0000] {subprocess.py:93} INFO - [0m14:30:16  Done. PASS=1 WARN=0 ERROR=0 SKIP=0 TOTAL=1
[2024-10-01T14:30:17.954+0000] {subprocess.py:97} INFO - Command exited with return code 0
[2024-10-01T14:30:17.955+0000] {taskinstance.py:441} INFO - ::group::Post task execution logs
[2024-10-01T14:30:17.977+0000] {taskinstance.py:1206} INFO - Marking task as SUCCESS. dag_id=Taxi_trip_pipeline, task_id=dbt_run_fact_trip, run_id=manual__2024-10-01T13:50:22.623616+00:00, execution_date=20241001T135022, start_date=20241001T143012, end_date=20241001T143017
[2024-10-01T14:30:18.001+0000] {local_task_job_runner.py:240} INFO - Task exited with return code 0
[2024-10-01T14:30:18.018+0000] {taskinstance.py:3498} INFO - 0 downstream tasks scheduled from follow-on schedule check
[2024-10-01T14:30:18.019+0000] {local_task_job_runner.py:222} INFO - ::endgroup::
