[2024-10-01T17:00:06.408+0000] {local_task_job_runner.py:120} INFO - ::group::Pre task execution logs
[2024-10-01T17:00:06.437+0000] {taskinstance.py:2076} INFO - Dependencies all met for dep_context=non-requeueable deps ti=<TaskInstance: Taxi_trip_pipeline.dbt_transformation_layer.dbt_run_model_yellow_trip scheduled__2024-10-01T16:45:00+00:00 [queued]>
[2024-10-01T17:00:06.449+0000] {taskinstance.py:2076} INFO - Dependencies all met for dep_context=requeueable deps ti=<TaskInstance: Taxi_trip_pipeline.dbt_transformation_layer.dbt_run_model_yellow_trip scheduled__2024-10-01T16:45:00+00:00 [queued]>
[2024-10-01T17:00:06.449+0000] {taskinstance.py:2306} INFO - Starting attempt 1 of 1
[2024-10-01T17:00:06.468+0000] {taskinstance.py:2330} INFO - Executing <Task(BashOperator): dbt_transformation_layer.dbt_run_model_yellow_trip> on 2024-10-01 16:45:00+00:00
[2024-10-01T17:00:06.477+0000] {standard_task_runner.py:63} INFO - Started process 2998 to run task
[2024-10-01T17:00:06.481+0000] {standard_task_runner.py:90} INFO - Running: ['***', 'tasks', 'run', 'Taxi_trip_pipeline', 'dbt_transformation_layer.dbt_run_model_yellow_trip', 'scheduled__2024-10-01T16:45:00+00:00', '--job-id', '384', '--raw', '--subdir', 'DAGS_FOLDER/taxi_trip.py', '--cfg-path', '/tmp/tmpuw6khbxs']
[2024-10-01T17:00:06.484+0000] {standard_task_runner.py:91} INFO - Job 384: Subtask dbt_transformation_layer.dbt_run_model_yellow_trip
[2024-10-01T17:00:06.546+0000] {task_command.py:426} INFO - Running <TaskInstance: Taxi_trip_pipeline.dbt_transformation_layer.dbt_run_model_yellow_trip scheduled__2024-10-01T16:45:00+00:00 [running]> on host fcb0f9e87e2b
[2024-10-01T17:00:06.648+0000] {taskinstance.py:2648} INFO - Exporting env vars: AIRFLOW_CTX_DAG_OWNER='Mahmoud' AIRFLOW_CTX_DAG_ID='Taxi_trip_pipeline' AIRFLOW_CTX_TASK_ID='dbt_transformation_layer.dbt_run_model_yellow_trip' AIRFLOW_CTX_EXECUTION_DATE='2024-10-01T16:45:00+00:00' AIRFLOW_CTX_TRY_NUMBER='1' AIRFLOW_CTX_DAG_RUN_ID='scheduled__2024-10-01T16:45:00+00:00'
[2024-10-01T17:00:06.650+0000] {taskinstance.py:430} INFO - ::endgroup::
[2024-10-01T17:00:06.664+0000] {subprocess.py:63} INFO - Tmp dir root location: /tmp
[2024-10-01T17:00:06.665+0000] {subprocess.py:75} INFO - Running command: ['/usr/bin/bash', '-c', 'dbt run --profiles-dir /opt/***/DBT_Project  --project-dir /opt/***/dbt_trip --models yellow_trip']
[2024-10-01T17:00:06.682+0000] {subprocess.py:86} INFO - Output:
[2024-10-01T17:00:09.458+0000] {subprocess.py:93} INFO - [0m17:00:09  Running with dbt=1.8.0
[2024-10-01T17:00:09.755+0000] {subprocess.py:93} INFO - [0m17:00:09  Registered adapter: postgres=1.8.0
[2024-10-01T17:00:10.168+0000] {subprocess.py:93} INFO - [0m17:00:10  [[33mWARNING[0m]: Configuration paths exist in your dbt_project.yml file which do not apply to any resources.
[2024-10-01T17:00:10.168+0000] {subprocess.py:93} INFO - There are 2 unused configuration paths:
[2024-10-01T17:00:10.169+0000] {subprocess.py:93} INFO - - models.fact_trip.staging
[2024-10-01T17:00:10.169+0000] {subprocess.py:93} INFO - - models.fact_trip.Dimensions
[2024-10-01T17:00:10.467+0000] {subprocess.py:93} INFO - [0m17:00:10  Found 4 models, 6 data tests, 3 sources, 566 macros
[2024-10-01T17:00:10.470+0000] {subprocess.py:93} INFO - [0m17:00:10
[2024-10-01T17:00:10.605+0000] {subprocess.py:93} INFO - [0m17:00:10  Concurrency: 3 threads (target='dev')
[2024-10-01T17:00:10.606+0000] {subprocess.py:93} INFO - [0m17:00:10
[2024-10-01T17:00:10.618+0000] {subprocess.py:93} INFO - [0m17:00:10  1 of 1 START sql view model analysis.yellow_trip ............................... [RUN]
[2024-10-01T17:00:10.843+0000] {subprocess.py:93} INFO - [0m17:00:10  1 of 1 OK created sql view model analysis.yellow_trip .......................... [[32mCREATE VIEW[0m in 0.22s]
[2024-10-01T17:00:10.860+0000] {subprocess.py:93} INFO - [0m17:00:10
[2024-10-01T17:00:10.861+0000] {subprocess.py:93} INFO - [0m17:00:10  Finished running 1 view model in 0 hours 0 minutes and 0.39 seconds (0.39s).
[2024-10-01T17:00:10.959+0000] {subprocess.py:93} INFO - [0m17:00:10
[2024-10-01T17:00:10.960+0000] {subprocess.py:93} INFO - [0m17:00:10  [32mCompleted successfully[0m
[2024-10-01T17:00:10.961+0000] {subprocess.py:93} INFO - [0m17:00:10
[2024-10-01T17:00:10.962+0000] {subprocess.py:93} INFO - [0m17:00:10  Done. PASS=1 WARN=0 ERROR=0 SKIP=0 TOTAL=1
[2024-10-01T17:00:12.227+0000] {subprocess.py:97} INFO - Command exited with return code 0
[2024-10-01T17:00:12.228+0000] {taskinstance.py:441} INFO - ::group::Post task execution logs
[2024-10-01T17:00:12.260+0000] {taskinstance.py:1206} INFO - Marking task as SUCCESS. dag_id=Taxi_trip_pipeline, task_id=dbt_transformation_layer.dbt_run_model_yellow_trip, run_id=scheduled__2024-10-01T16:45:00+00:00, execution_date=20241001T164500, start_date=20241001T170006, end_date=20241001T170012
[2024-10-01T17:00:12.313+0000] {local_task_job_runner.py:240} INFO - Task exited with return code 0
[2024-10-01T17:00:12.337+0000] {taskinstance.py:3498} INFO - 0 downstream tasks scheduled from follow-on schedule check
[2024-10-01T17:00:12.338+0000] {local_task_job_runner.py:222} INFO - ::endgroup::
