[2024-09-25T19:24:29.443+0000] {local_task_job_runner.py:120} INFO - ::group::Pre task execution logs
[2024-09-25T19:24:29.463+0000] {taskinstance.py:2076} INFO - Dependencies all met for dep_context=non-requeueable deps ti=<TaskInstance: Taxi_trip_pipeline.extraction_group.extract_yellow_date manual__2024-09-25T19:24:27.736681+00:00 [queued]>
[2024-09-25T19:24:29.471+0000] {taskinstance.py:2076} INFO - Dependencies all met for dep_context=requeueable deps ti=<TaskInstance: Taxi_trip_pipeline.extraction_group.extract_yellow_date manual__2024-09-25T19:24:27.736681+00:00 [queued]>
[2024-09-25T19:24:29.472+0000] {taskinstance.py:2306} INFO - Starting attempt 1 of 1
[2024-09-25T19:24:29.483+0000] {taskinstance.py:2330} INFO - Executing <Task(PythonOperator): extraction_group.extract_yellow_date> on 2024-09-25 19:24:27.736681+00:00
[2024-09-25T19:24:29.490+0000] {standard_task_runner.py:63} INFO - Started process 108 to run task
[2024-09-25T19:24:29.493+0000] {standard_task_runner.py:90} INFO - Running: ['***', 'tasks', 'run', 'Taxi_trip_pipeline', 'extraction_group.extract_yellow_date', 'manual__2024-09-25T19:24:27.736681+00:00', '--job-id', '122', '--raw', '--subdir', 'DAGS_FOLDER/taxi_trip.py', '--cfg-path', '/tmp/tmpgdq66usd']
[2024-09-25T19:24:29.495+0000] {standard_task_runner.py:91} INFO - Job 122: Subtask extraction_group.extract_yellow_date
[2024-09-25T19:24:29.542+0000] {task_command.py:426} INFO - Running <TaskInstance: Taxi_trip_pipeline.extraction_group.extract_yellow_date manual__2024-09-25T19:24:27.736681+00:00 [running]> on host 3aa1deac3d71
[2024-09-25T19:24:29.622+0000] {taskinstance.py:2648} INFO - Exporting env vars: AIRFLOW_CTX_DAG_OWNER='Mahmoud' AIRFLOW_CTX_DAG_ID='Taxi_trip_pipeline' AIRFLOW_CTX_TASK_ID='extraction_group.extract_yellow_date' AIRFLOW_CTX_EXECUTION_DATE='2024-09-25T19:24:27.736681+00:00' AIRFLOW_CTX_TRY_NUMBER='1' AIRFLOW_CTX_DAG_RUN_ID='manual__2024-09-25T19:24:27.736681+00:00'
[2024-09-25T19:24:29.623+0000] {taskinstance.py:430} INFO - ::endgroup::
[2024-09-25T19:24:29.633+0000] {taxi_trip.py:49} INFO - Data extraction for yellow trip started
[2024-09-25T19:24:29.633+0000] {Process_data.py:33} INFO - Start transforming Yellow Trip data...
[2024-09-25T19:25:03.455+0000] {Process_data.py:45} INFO - Storing  yellow Trip data completed successfully
[2024-09-25T19:25:03.486+0000] {taxi_trip.py:51} INFO - Data extraction for yellow trip done
[2024-09-25T19:25:03.487+0000] {taxi_trip.py:56} WARNING - No data found for yellow trip
[2024-09-25T19:25:03.487+0000] {python.py:237} INFO - Done. Returned value was: None
[2024-09-25T19:25:03.488+0000] {taskinstance.py:441} INFO - ::group::Post task execution logs
[2024-09-25T19:25:03.499+0000] {taskinstance.py:1206} INFO - Marking task as SUCCESS. dag_id=Taxi_trip_pipeline, task_id=extraction_group.extract_yellow_date, run_id=manual__2024-09-25T19:24:27.736681+00:00, execution_date=20240925T192427, start_date=20240925T192429, end_date=20240925T192503
[2024-09-25T19:25:03.566+0000] {local_task_job_runner.py:240} INFO - Task exited with return code 0
[2024-09-25T19:25:03.580+0000] {taskinstance.py:3498} INFO - 0 downstream tasks scheduled from follow-on schedule check
[2024-09-25T19:25:03.582+0000] {local_task_job_runner.py:222} INFO - ::endgroup::
