[2024-10-12T10:15:02.841+0000] {local_task_job_runner.py:120} INFO - ::group::Pre task execution logs
[2024-10-12T10:15:02.868+0000] {taskinstance.py:2076} INFO - Dependencies all met for dep_context=non-requeueable deps ti=<TaskInstance: Taxi_trip_pipeline.load_layer.load_yellow_trip scheduled__2024-10-12T10:00:00+00:00 [queued]>
[2024-10-12T10:15:02.881+0000] {taskinstance.py:2076} INFO - Dependencies all met for dep_context=requeueable deps ti=<TaskInstance: Taxi_trip_pipeline.load_layer.load_yellow_trip scheduled__2024-10-12T10:00:00+00:00 [queued]>
[2024-10-12T10:15:02.881+0000] {taskinstance.py:2306} INFO - Starting attempt 1 of 1
[2024-10-12T10:15:02.897+0000] {taskinstance.py:2330} INFO - Executing <Task(PythonOperator): load_layer.load_yellow_trip> on 2024-10-12 10:00:00+00:00
[2024-10-12T10:15:02.905+0000] {standard_task_runner.py:63} INFO - Started process 654 to run task
[2024-10-12T10:15:02.908+0000] {standard_task_runner.py:90} INFO - Running: ['***', 'tasks', 'run', 'Taxi_trip_pipeline', 'load_layer.load_yellow_trip', 'scheduled__2024-10-12T10:00:00+00:00', '--job-id', '604', '--raw', '--subdir', 'DAGS_FOLDER/taxi_trip.py', '--cfg-path', '/tmp/tmph6qwi459']
[2024-10-12T10:15:02.910+0000] {standard_task_runner.py:91} INFO - Job 604: Subtask load_layer.load_yellow_trip
[2024-10-12T10:15:02.956+0000] {task_command.py:426} INFO - Running <TaskInstance: Taxi_trip_pipeline.load_layer.load_yellow_trip scheduled__2024-10-12T10:00:00+00:00 [running]> on host cb13d84d2d77
[2024-10-12T10:15:03.054+0000] {taskinstance.py:2648} INFO - Exporting env vars: AIRFLOW_CTX_DAG_OWNER='Mahmoud' AIRFLOW_CTX_DAG_ID='Taxi_trip_pipeline' AIRFLOW_CTX_TASK_ID='load_layer.load_yellow_trip' AIRFLOW_CTX_EXECUTION_DATE='2024-10-12T10:00:00+00:00' AIRFLOW_CTX_TRY_NUMBER='1' AIRFLOW_CTX_DAG_RUN_ID='scheduled__2024-10-12T10:00:00+00:00'
[2024-10-12T10:15:03.055+0000] {taskinstance.py:430} INFO - ::endgroup::
[2024-10-12T10:15:03.082+0000] {taxi_trip.py:89} ERROR - No data found for yellow trip
[2024-10-12T10:15:03.083+0000] {python.py:237} INFO - Done. Returned value was: None
[2024-10-12T10:15:03.084+0000] {taskinstance.py:441} INFO - ::group::Post task execution logs
[2024-10-12T10:15:03.098+0000] {taskinstance.py:1206} INFO - Marking task as SUCCESS. dag_id=Taxi_trip_pipeline, task_id=load_layer.load_yellow_trip, run_id=scheduled__2024-10-12T10:00:00+00:00, execution_date=20241012T100000, start_date=20241012T101502, end_date=20241012T101503
[2024-10-12T10:15:03.120+0000] {local_task_job_runner.py:240} INFO - Task exited with return code 0
[2024-10-12T10:15:03.151+0000] {taskinstance.py:3498} INFO - 0 downstream tasks scheduled from follow-on schedule check
[2024-10-12T10:15:03.152+0000] {local_task_job_runner.py:222} INFO - ::endgroup::
[2024-10-12T10:22:24.985+0000] {local_task_job_runner.py:120} INFO - ::group::Pre task execution logs
[2024-10-12T10:22:25.011+0000] {taskinstance.py:2076} INFO - Dependencies all met for dep_context=non-requeueable deps ti=<TaskInstance: Taxi_trip_pipeline.load_layer.load_yellow_trip scheduled__2024-10-12T10:00:00+00:00 [queued]>
[2024-10-12T10:22:25.024+0000] {taskinstance.py:2076} INFO - Dependencies all met for dep_context=requeueable deps ti=<TaskInstance: Taxi_trip_pipeline.load_layer.load_yellow_trip scheduled__2024-10-12T10:00:00+00:00 [queued]>
[2024-10-12T10:22:25.024+0000] {taskinstance.py:2306} INFO - Starting attempt 1 of 1
[2024-10-12T10:22:25.037+0000] {taskinstance.py:2330} INFO - Executing <Task(PythonOperator): load_layer.load_yellow_trip> on 2024-10-12 10:00:00+00:00
[2024-10-12T10:22:25.045+0000] {standard_task_runner.py:63} INFO - Started process 58 to run task
[2024-10-12T10:22:25.048+0000] {standard_task_runner.py:90} INFO - Running: ['***', 'tasks', 'run', 'Taxi_trip_pipeline', 'load_layer.load_yellow_trip', 'scheduled__2024-10-12T10:00:00+00:00', '--job-id', '4', '--raw', '--subdir', 'DAGS_FOLDER/taxi_trip.py', '--cfg-path', '/tmp/tmp1pnh17nf']
[2024-10-12T10:22:25.050+0000] {standard_task_runner.py:91} INFO - Job 4: Subtask load_layer.load_yellow_trip
[2024-10-12T10:22:25.102+0000] {task_command.py:426} INFO - Running <TaskInstance: Taxi_trip_pipeline.load_layer.load_yellow_trip scheduled__2024-10-12T10:00:00+00:00 [running]> on host bcbc9bb54b17
[2024-10-12T10:22:25.190+0000] {taskinstance.py:2648} INFO - Exporting env vars: AIRFLOW_CTX_DAG_OWNER='Mahmoud' AIRFLOW_CTX_DAG_ID='Taxi_trip_pipeline' AIRFLOW_CTX_TASK_ID='load_layer.load_yellow_trip' AIRFLOW_CTX_EXECUTION_DATE='2024-10-12T10:00:00+00:00' AIRFLOW_CTX_TRY_NUMBER='1' AIRFLOW_CTX_DAG_RUN_ID='scheduled__2024-10-12T10:00:00+00:00'
[2024-10-12T10:22:25.191+0000] {taskinstance.py:430} INFO - ::endgroup::
[2024-10-12T10:22:25.213+0000] {taxi_trip.py:89} ERROR - No data found for yellow trip
[2024-10-12T10:22:25.213+0000] {python.py:237} INFO - Done. Returned value was: None
[2024-10-12T10:22:25.213+0000] {taskinstance.py:441} INFO - ::group::Post task execution logs
[2024-10-12T10:22:25.222+0000] {taskinstance.py:1206} INFO - Marking task as SUCCESS. dag_id=Taxi_trip_pipeline, task_id=load_layer.load_yellow_trip, run_id=scheduled__2024-10-12T10:00:00+00:00, execution_date=20241012T100000, start_date=20241012T102225, end_date=20241012T102225
[2024-10-12T10:22:25.260+0000] {local_task_job_runner.py:240} INFO - Task exited with return code 0
[2024-10-12T10:22:25.287+0000] {taskinstance.py:3498} INFO - 1 downstream tasks scheduled from follow-on schedule check
[2024-10-12T10:22:25.289+0000] {local_task_job_runner.py:222} INFO - ::endgroup::
