[2024-10-01T09:27:53.269+0000] {local_task_job_runner.py:120} INFO - ::group::Pre task execution logs
[2024-10-01T09:27:53.290+0000] {taskinstance.py:2076} INFO - Dependencies all met for dep_context=non-requeueable deps ti=<TaskInstance: Taxi_trip_pipeline.dbt_staging_layer.dbt_run_yellow_trip scheduled__2024-09-30T00:00:00+00:00 [queued]>
[2024-10-01T09:27:53.298+0000] {taskinstance.py:2076} INFO - Dependencies all met for dep_context=requeueable deps ti=<TaskInstance: Taxi_trip_pipeline.dbt_staging_layer.dbt_run_yellow_trip scheduled__2024-09-30T00:00:00+00:00 [queued]>
[2024-10-01T09:27:53.299+0000] {taskinstance.py:2306} INFO - Starting attempt 6 of 6
[2024-10-01T09:27:53.311+0000] {taskinstance.py:2330} INFO - Executing <Task(BashOperator): dbt_staging_layer.dbt_run_yellow_trip> on 2024-09-30 00:00:00+00:00
[2024-10-01T09:27:53.319+0000] {standard_task_runner.py:63} INFO - Started process 384 to run task
[2024-10-01T09:27:53.321+0000] {standard_task_runner.py:90} INFO - Running: ['***', 'tasks', 'run', 'Taxi_trip_pipeline', 'dbt_staging_layer.dbt_run_yellow_trip', 'scheduled__2024-09-30T00:00:00+00:00', '--job-id', '155', '--raw', '--subdir', 'DAGS_FOLDER/taxi_trip.py', '--cfg-path', '/tmp/tmp12xah244']
[2024-10-01T09:27:53.323+0000] {standard_task_runner.py:91} INFO - Job 155: Subtask dbt_staging_layer.dbt_run_yellow_trip
[2024-10-01T09:27:53.370+0000] {task_command.py:426} INFO - Running <TaskInstance: Taxi_trip_pipeline.dbt_staging_layer.dbt_run_yellow_trip scheduled__2024-09-30T00:00:00+00:00 [running]> on host fcb0f9e87e2b
[2024-10-01T09:27:53.445+0000] {taskinstance.py:2648} INFO - Exporting env vars: AIRFLOW_CTX_DAG_OWNER='Mahmoud' AIRFLOW_CTX_DAG_ID='Taxi_trip_pipeline' AIRFLOW_CTX_TASK_ID='dbt_staging_layer.dbt_run_yellow_trip' AIRFLOW_CTX_EXECUTION_DATE='2024-09-30T00:00:00+00:00' AIRFLOW_CTX_TRY_NUMBER='6' AIRFLOW_CTX_DAG_RUN_ID='scheduled__2024-09-30T00:00:00+00:00'
[2024-10-01T09:27:53.446+0000] {taskinstance.py:430} INFO - ::endgroup::
[2024-10-01T09:27:53.457+0000] {subprocess.py:63} INFO - Tmp dir root location: /tmp
[2024-10-01T09:27:53.458+0000] {subprocess.py:75} INFO - Running command: ['/usr/bin/bash', '-c', 'dbt run --profiles-dir /opt/***/DBT_Project  --project-dir /opt/***/dbt_trip --models yellow_trip']
[2024-10-01T09:27:53.472+0000] {subprocess.py:86} INFO - Output:
[2024-10-01T09:27:55.983+0000] {subprocess.py:93} INFO - [0m09:27:55  Running with dbt=1.8.0
[2024-10-01T09:27:56.318+0000] {subprocess.py:93} INFO - [0m09:27:56  Registered adapter: postgres=1.8.0
[2024-10-01T09:27:56.941+0000] {subprocess.py:93} INFO - [0m09:27:56  [[33mWARNING[0m]: Deprecated functionality
[2024-10-01T09:27:56.941+0000] {subprocess.py:93} INFO - The `tests` config has been renamed to `data_tests`. Please see
[2024-10-01T09:27:56.942+0000] {subprocess.py:93} INFO - https://docs.getdbt.com/docs/build/data-tests#new-data_tests-syntax for more
[2024-10-01T09:27:56.942+0000] {subprocess.py:93} INFO - information.
[2024-10-01T09:27:57.180+0000] {subprocess.py:93} INFO - [0m09:27:57  [[33mWARNING[0m]: Configuration paths exist in your dbt_project.yml file which do not apply to any resources.
[2024-10-01T09:27:57.181+0000] {subprocess.py:93} INFO - There are 2 unused configuration paths:
[2024-10-01T09:27:57.181+0000] {subprocess.py:93} INFO - - models.fact_trip.staging
[2024-10-01T09:27:57.181+0000] {subprocess.py:93} INFO - - models.fact_trip.Dimensions
[2024-10-01T09:27:57.361+0000] {subprocess.py:93} INFO - [0m09:27:57  Found 4 models, 6 data tests, 3 sources, 566 macros
[2024-10-01T09:27:57.363+0000] {subprocess.py:93} INFO - [0m09:27:57
[2024-10-01T09:27:57.489+0000] {subprocess.py:93} INFO - [0m09:27:57  Concurrency: 3 threads (target='dev')
[2024-10-01T09:27:57.490+0000] {subprocess.py:93} INFO - [0m09:27:57
[2024-10-01T09:27:57.503+0000] {subprocess.py:93} INFO - [0m09:27:57  1 of 1 START sql view model analysis.yellow_trip ............................... [RUN]
[2024-10-01T09:27:57.648+0000] {subprocess.py:93} INFO - [0m09:27:57  1 of 1 OK created sql view model analysis.yellow_trip .......................... [[32mCREATE VIEW[0m in 0.14s]
[2024-10-01T09:27:57.660+0000] {subprocess.py:93} INFO - [0m09:27:57
[2024-10-01T09:27:57.661+0000] {subprocess.py:93} INFO - [0m09:27:57  Finished running 1 view model in 0 hours 0 minutes and 0.30 seconds (0.30s).
[2024-10-01T09:27:57.713+0000] {subprocess.py:93} INFO - [0m09:27:57
[2024-10-01T09:27:57.714+0000] {subprocess.py:93} INFO - [0m09:27:57  [32mCompleted successfully[0m
[2024-10-01T09:27:57.714+0000] {subprocess.py:93} INFO - [0m09:27:57
[2024-10-01T09:27:57.715+0000] {subprocess.py:93} INFO - [0m09:27:57  Done. PASS=1 WARN=0 ERROR=0 SKIP=0 TOTAL=1
[2024-10-01T09:27:58.839+0000] {subprocess.py:97} INFO - Command exited with return code 0
[2024-10-01T09:27:58.840+0000] {taskinstance.py:441} INFO - ::group::Post task execution logs
[2024-10-01T09:27:58.868+0000] {taskinstance.py:1206} INFO - Marking task as SUCCESS. dag_id=Taxi_trip_pipeline, task_id=dbt_staging_layer.dbt_run_yellow_trip, run_id=scheduled__2024-09-30T00:00:00+00:00, execution_date=20240930T000000, start_date=20241001T092753, end_date=20241001T092758
[2024-10-01T09:27:58.913+0000] {local_task_job_runner.py:240} INFO - Task exited with return code 0
[2024-10-01T09:27:58.937+0000] {taskinstance.py:3498} INFO - 1 downstream tasks scheduled from follow-on schedule check
[2024-10-01T09:27:58.939+0000] {local_task_job_runner.py:222} INFO - ::endgroup::
