[2024-09-21T18:12:41.876+0000] {local_task_job_runner.py:120} INFO - ::group::Pre task execution logs
[2024-09-21T18:12:41.952+0000] {taskinstance.py:2076} INFO - Dependencies all met for dep_context=non-requeueable deps ti=<TaskInstance: Taxi_trip_pipeline.load_group.load_taxi_zone scheduled__2024-09-20T00:00:00+00:00 [queued]>
[2024-09-21T18:12:41.964+0000] {taskinstance.py:2076} INFO - Dependencies all met for dep_context=requeueable deps ti=<TaskInstance: Taxi_trip_pipeline.load_group.load_taxi_zone scheduled__2024-09-20T00:00:00+00:00 [queued]>
[2024-09-21T18:12:41.964+0000] {taskinstance.py:2306} INFO - Starting attempt 1 of 1
[2024-09-21T18:12:42.070+0000] {taskinstance.py:2330} INFO - Executing <Task(PythonOperator): load_group.load_taxi_zone> on 2024-09-20 00:00:00+00:00
[2024-09-21T18:12:42.078+0000] {standard_task_runner.py:63} INFO - Started process 112 to run task
[2024-09-21T18:12:42.081+0000] {standard_task_runner.py:90} INFO - Running: ['***', 'tasks', 'run', 'Taxi_trip_pipeline', 'load_group.load_taxi_zone', 'scheduled__2024-09-20T00:00:00+00:00', '--job-id', '54', '--raw', '--subdir', 'DAGS_FOLDER/taxi_trip.py', '--cfg-path', '/tmp/tmpe7cu3_ig']
[2024-09-21T18:12:42.083+0000] {standard_task_runner.py:91} INFO - Job 54: Subtask load_group.load_taxi_zone
[2024-09-21T18:12:42.192+0000] {task_command.py:426} INFO - Running <TaskInstance: Taxi_trip_pipeline.load_group.load_taxi_zone scheduled__2024-09-20T00:00:00+00:00 [running]> on host 5a2e5a872eaa
[2024-09-21T18:12:42.378+0000] {taskinstance.py:2648} INFO - Exporting env vars: AIRFLOW_CTX_DAG_OWNER='Mahmoud' AIRFLOW_CTX_DAG_ID='Taxi_trip_pipeline' AIRFLOW_CTX_TASK_ID='load_group.load_taxi_zone' AIRFLOW_CTX_EXECUTION_DATE='2024-09-20T00:00:00+00:00' AIRFLOW_CTX_TRY_NUMBER='1' AIRFLOW_CTX_DAG_RUN_ID='scheduled__2024-09-20T00:00:00+00:00'
[2024-09-21T18:12:42.379+0000] {taskinstance.py:430} INFO - ::endgroup::
[2024-09-21T18:12:42.481+0000] {taxi_trip.py:71} INFO - Loading taxi zone lookup started
[2024-09-21T18:12:42.481+0000] {Load_data.py:74} INFO - Loading zone lookup data...
[2024-09-21T18:12:42.494+0000] {db_utils.py:22} ERROR - Error while connecting to PostgreSQL: (psycopg2.OperationalError) connection to server at "172.20.0.3", port 5432 failed: Connection refused
	Is the server running on that host and accepting TCP/IP connections?

(Background on this error at: https://sqlalche.me/e/14/e3q8)
[2024-09-21T18:12:42.495+0000] {taxi_trip.py:73} INFO - Loading taxi zone lookup done
[2024-09-21T18:12:42.495+0000] {python.py:237} INFO - Done. Returned value was: None
[2024-09-21T18:12:42.496+0000] {taskinstance.py:441} INFO - ::group::Post task execution logs
[2024-09-21T18:12:42.506+0000] {taskinstance.py:1206} INFO - Marking task as SUCCESS. dag_id=Taxi_trip_pipeline, task_id=load_group.load_taxi_zone, run_id=scheduled__2024-09-20T00:00:00+00:00, execution_date=20240920T000000, start_date=20240921T181241, end_date=20240921T181242
[2024-09-21T18:12:42.615+0000] {local_task_job_runner.py:240} INFO - Task exited with return code 0
[2024-09-21T18:12:42.628+0000] {local_task_job_runner.py:222} INFO - ::endgroup::
