[2024-10-12T12:15:05.951+0000] {local_task_job_runner.py:120} INFO - ::group::Pre task execution logs
[2024-10-12T12:15:05.980+0000] {taskinstance.py:2076} INFO - Dependencies all met for dep_context=non-requeueable deps ti=<TaskInstance: Taxi_trip_pipeline.dbt_transformation_layer.dbt_run_model_yellow_trip scheduled__2024-10-12T12:00:00+00:00 [queued]>
[2024-10-12T12:15:05.993+0000] {taskinstance.py:2076} INFO - Dependencies all met for dep_context=requeueable deps ti=<TaskInstance: Taxi_trip_pipeline.dbt_transformation_layer.dbt_run_model_yellow_trip scheduled__2024-10-12T12:00:00+00:00 [queued]>
[2024-10-12T12:15:05.993+0000] {taskinstance.py:2306} INFO - Starting attempt 1 of 1
[2024-10-12T12:15:06.013+0000] {taskinstance.py:2330} INFO - Executing <Task(BashOperator): dbt_transformation_layer.dbt_run_model_yellow_trip> on 2024-10-12 12:00:00+00:00
[2024-10-12T12:15:06.024+0000] {standard_task_runner.py:63} INFO - Started process 407 to run task
[2024-10-12T12:15:06.029+0000] {standard_task_runner.py:90} INFO - Running: ['***', 'tasks', 'run', 'Taxi_trip_pipeline', 'dbt_transformation_layer.dbt_run_model_yellow_trip', 'scheduled__2024-10-12T12:00:00+00:00', '--job-id', '45', '--raw', '--subdir', 'DAGS_FOLDER/taxi_trip.py', '--cfg-path', '/tmp/tmptvy6w5vk']
[2024-10-12T12:15:06.032+0000] {standard_task_runner.py:91} INFO - Job 45: Subtask dbt_transformation_layer.dbt_run_model_yellow_trip
[2024-10-12T12:15:06.082+0000] {task_command.py:426} INFO - Running <TaskInstance: Taxi_trip_pipeline.dbt_transformation_layer.dbt_run_model_yellow_trip scheduled__2024-10-12T12:00:00+00:00 [running]> on host e1ee2fad10db
[2024-10-12T12:15:06.170+0000] {taskinstance.py:2648} INFO - Exporting env vars: AIRFLOW_CTX_DAG_OWNER='Mahmoud' AIRFLOW_CTX_DAG_ID='Taxi_trip_pipeline' AIRFLOW_CTX_TASK_ID='dbt_transformation_layer.dbt_run_model_yellow_trip' AIRFLOW_CTX_EXECUTION_DATE='2024-10-12T12:00:00+00:00' AIRFLOW_CTX_TRY_NUMBER='1' AIRFLOW_CTX_DAG_RUN_ID='scheduled__2024-10-12T12:00:00+00:00'
[2024-10-12T12:15:06.171+0000] {taskinstance.py:430} INFO - ::endgroup::
[2024-10-12T12:15:06.188+0000] {subprocess.py:63} INFO - Tmp dir root location: /tmp
[2024-10-12T12:15:06.189+0000] {subprocess.py:75} INFO - Running command: ['/usr/bin/bash', '-c', 'dbt run --profiles-dir /opt/***/DBT_Project  --project-dir /opt/***/dbt_trip --models yellow_trip']
[2024-10-12T12:15:06.206+0000] {subprocess.py:86} INFO - Output:
[2024-10-12T12:15:08.887+0000] {subprocess.py:93} INFO - [0m12:15:08  Running with dbt=1.8.0
[2024-10-12T12:15:09.241+0000] {subprocess.py:93} INFO - [0m12:15:09  Registered adapter: postgres=1.8.0
[2024-10-12T12:15:09.768+0000] {subprocess.py:93} INFO - [0m12:15:09  [[33mWARNING[0m]: Configuration paths exist in your dbt_project.yml file which do not apply to any resources.
[2024-10-12T12:15:09.769+0000] {subprocess.py:93} INFO - There are 2 unused configuration paths:
[2024-10-12T12:15:09.769+0000] {subprocess.py:93} INFO - - models.fact_trip.Dimensions
[2024-10-12T12:15:09.770+0000] {subprocess.py:93} INFO - - models.fact_trip.staging
[2024-10-12T12:15:10.048+0000] {subprocess.py:93} INFO - [0m12:15:10  Found 4 models, 6 data tests, 3 sources, 566 macros
[2024-10-12T12:15:10.051+0000] {subprocess.py:93} INFO - [0m12:15:10
[2024-10-12T12:15:10.220+0000] {subprocess.py:93} INFO - [0m12:15:10  Concurrency: 3 threads (target='dev')
[2024-10-12T12:15:10.221+0000] {subprocess.py:93} INFO - [0m12:15:10
[2024-10-12T12:15:10.237+0000] {subprocess.py:93} INFO - [0m12:15:10  1 of 1 START sql view model analysis.yellow_trip ............................... [RUN]
[2024-10-12T12:15:10.397+0000] {subprocess.py:93} INFO - [0m12:15:10  1 of 1 ERROR creating sql view model analysis.yellow_trip ...................... [[31mERROR[0m in 0.15s]
[2024-10-12T12:15:10.419+0000] {subprocess.py:93} INFO - [0m12:15:10
[2024-10-12T12:15:10.420+0000] {subprocess.py:93} INFO - [0m12:15:10  Finished running 1 view model in 0 hours 0 minutes and 0.37 seconds (0.37s).
[2024-10-12T12:15:10.513+0000] {subprocess.py:93} INFO - [0m12:15:10
[2024-10-12T12:15:10.514+0000] {subprocess.py:93} INFO - [0m12:15:10  [31mCompleted with 1 error and 0 warnings:[0m
[2024-10-12T12:15:10.515+0000] {subprocess.py:93} INFO - [0m12:15:10
[2024-10-12T12:15:10.515+0000] {subprocess.py:93} INFO - [0m12:15:10    Database Error in model yellow_trip (models/Staging/yellow_trip.sql)
[2024-10-12T12:15:10.516+0000] {subprocess.py:93} INFO -   relation "public.yellow_trip" does not exist
[2024-10-12T12:15:10.516+0000] {subprocess.py:93} INFO -   LINE 16:     FROM "nyc_taxi_trip"."public"."yellow_trip"
[2024-10-12T12:15:10.516+0000] {subprocess.py:93} INFO -                     ^
[2024-10-12T12:15:10.517+0000] {subprocess.py:93} INFO -   compiled code at target/run/fact_trip/models/Staging/yellow_trip.sql
[2024-10-12T12:15:10.517+0000] {subprocess.py:93} INFO - [0m12:15:10
[2024-10-12T12:15:10.517+0000] {subprocess.py:93} INFO - [0m12:15:10  Done. PASS=0 WARN=0 ERROR=1 SKIP=0 TOTAL=1
[2024-10-12T12:15:11.698+0000] {subprocess.py:97} INFO - Command exited with return code 1
[2024-10-12T12:15:11.699+0000] {taskinstance.py:441} INFO - ::group::Post task execution logs
[2024-10-12T12:15:11.714+0000] {taskinstance.py:2905} ERROR - Task failed with exception
Traceback (most recent call last):
  File "/home/airflow/.local/lib/python3.9/site-packages/airflow/models/taskinstance.py", line 465, in _execute_task
    result = _execute_callable(context=context, **execute_callable_kwargs)
  File "/home/airflow/.local/lib/python3.9/site-packages/airflow/models/taskinstance.py", line 432, in _execute_callable
    return execute_callable(context=context, **execute_callable_kwargs)
  File "/home/airflow/.local/lib/python3.9/site-packages/airflow/models/baseoperator.py", line 400, in wrapper
    return func(self, *args, **kwargs)
  File "/home/airflow/.local/lib/python3.9/site-packages/airflow/operators/bash.py", line 243, in execute
    raise AirflowException(
airflow.exceptions.AirflowException: Bash command failed. The command returned a non-zero exit code 1.
[2024-10-12T12:15:11.719+0000] {taskinstance.py:1206} INFO - Marking task as FAILED. dag_id=Taxi_trip_pipeline, task_id=dbt_transformation_layer.dbt_run_model_yellow_trip, run_id=scheduled__2024-10-12T12:00:00+00:00, execution_date=20241012T120000, start_date=20241012T121505, end_date=20241012T121511
[2024-10-12T12:15:11.734+0000] {standard_task_runner.py:110} ERROR - Failed to execute job 45 for task dbt_transformation_layer.dbt_run_model_yellow_trip (Bash command failed. The command returned a non-zero exit code 1.; 407)
[2024-10-12T12:15:11.770+0000] {local_task_job_runner.py:240} INFO - Task exited with return code 1
[2024-10-12T12:15:11.805+0000] {taskinstance.py:3498} INFO - 0 downstream tasks scheduled from follow-on schedule check
[2024-10-12T12:15:11.812+0000] {local_task_job_runner.py:222} INFO - ::endgroup::
