[2024-10-01T14:46:01.790+0000] {local_task_job_runner.py:120} INFO - ::group::Pre task execution logs
[2024-10-01T14:46:01.813+0000] {taskinstance.py:2076} INFO - Dependencies all met for dep_context=non-requeueable deps ti=<TaskInstance: Taxi_trip_pipeline.extraction_layer.extract_green_date manual__2024-10-01T14:46:00.372876+00:00 [queued]>
[2024-10-01T14:46:01.824+0000] {taskinstance.py:2076} INFO - Dependencies all met for dep_context=requeueable deps ti=<TaskInstance: Taxi_trip_pipeline.extraction_layer.extract_green_date manual__2024-10-01T14:46:00.372876+00:00 [queued]>
[2024-10-01T14:46:01.824+0000] {taskinstance.py:2306} INFO - Starting attempt 1 of 1
[2024-10-01T14:46:01.836+0000] {taskinstance.py:2330} INFO - Executing <Task(PythonOperator): extraction_layer.extract_green_date> on 2024-10-01 14:46:00.372876+00:00
[2024-10-01T14:46:01.845+0000] {standard_task_runner.py:63} INFO - Started process 1790 to run task
[2024-10-01T14:46:01.848+0000] {standard_task_runner.py:90} INFO - Running: ['***', 'tasks', 'run', 'Taxi_trip_pipeline', 'extraction_layer.extract_green_date', 'manual__2024-10-01T14:46:00.372876+00:00', '--job-id', '264', '--raw', '--subdir', 'DAGS_FOLDER/taxi_trip.py', '--cfg-path', '/tmp/tmp8x4_ggc3']
[2024-10-01T14:46:01.850+0000] {standard_task_runner.py:91} INFO - Job 264: Subtask extraction_layer.extract_green_date
[2024-10-01T14:46:01.897+0000] {task_command.py:426} INFO - Running <TaskInstance: Taxi_trip_pipeline.extraction_layer.extract_green_date manual__2024-10-01T14:46:00.372876+00:00 [running]> on host fcb0f9e87e2b
[2024-10-01T14:46:02.019+0000] {taskinstance.py:2648} INFO - Exporting env vars: AIRFLOW_CTX_DAG_OWNER='Mahmoud' AIRFLOW_CTX_DAG_ID='Taxi_trip_pipeline' AIRFLOW_CTX_TASK_ID='extraction_layer.extract_green_date' AIRFLOW_CTX_EXECUTION_DATE='2024-10-01T14:46:00.372876+00:00' AIRFLOW_CTX_TRY_NUMBER='1' AIRFLOW_CTX_DAG_RUN_ID='manual__2024-10-01T14:46:00.372876+00:00'
[2024-10-01T14:46:02.020+0000] {taskinstance.py:430} INFO - ::endgroup::
[2024-10-01T14:46:02.032+0000] {taxi_trip.py:37} INFO - Data extraction for green trip started
[2024-10-01T14:46:02.039+0000] {db_utils.py:16} INFO - Connected to PostgreSQL database successfully
[2024-10-01T14:46:02.039+0000] {Process_data.py:16} INFO - Start transforming Green Trip data...
[2024-10-01T14:46:02.040+0000] {Process_data.py:27} INFO - Processing file green_tripdata_2024-01.parquet...
[2024-10-01T14:46:02.142+0000] {Process_data.py:35} INFO - Green trip dataframe with 56551 rows
[2024-10-01T14:46:02.146+0000] {taxi_trip.py:40} INFO - Data extraction for green trip done
[2024-10-01T14:46:02.581+0000] {taxi_trip.py:44} INFO - Pushed green trip data with 56551 rows to XCom
[2024-10-01T14:46:02.582+0000] {python.py:237} INFO - Done. Returned value was: None
[2024-10-01T14:46:02.583+0000] {taskinstance.py:441} INFO - ::group::Post task execution logs
[2024-10-01T14:46:02.596+0000] {taskinstance.py:1206} INFO - Marking task as SUCCESS. dag_id=Taxi_trip_pipeline, task_id=extraction_layer.extract_green_date, run_id=manual__2024-10-01T14:46:00.372876+00:00, execution_date=20241001T144600, start_date=20241001T144601, end_date=20241001T144602
[2024-10-01T14:46:02.664+0000] {local_task_job_runner.py:240} INFO - Task exited with return code 0
[2024-10-01T14:46:02.699+0000] {taskinstance.py:3498} INFO - 1 downstream tasks scheduled from follow-on schedule check
[2024-10-01T14:46:02.701+0000] {local_task_job_runner.py:222} INFO - ::endgroup::
