[2024-09-25T19:46:41.819+0000] {local_task_job_runner.py:120} INFO - ::group::Pre task execution logs
[2024-09-25T19:46:41.846+0000] {taskinstance.py:2076} INFO - Dependencies all met for dep_context=non-requeueable deps ti=<TaskInstance: Taxi_trip_pipeline.load_group.load_yellow_trip manual__2024-09-25T19:46:28.277676+00:00 [queued]>
[2024-09-25T19:46:41.858+0000] {taskinstance.py:2076} INFO - Dependencies all met for dep_context=requeueable deps ti=<TaskInstance: Taxi_trip_pipeline.load_group.load_yellow_trip manual__2024-09-25T19:46:28.277676+00:00 [queued]>
[2024-09-25T19:46:41.859+0000] {taskinstance.py:2306} INFO - Starting attempt 1 of 1
[2024-09-25T19:46:41.874+0000] {taskinstance.py:2330} INFO - Executing <Task(PythonOperator): load_group.load_yellow_trip> on 2024-09-25 19:46:28.277676+00:00
[2024-09-25T19:46:41.881+0000] {standard_task_runner.py:63} INFO - Started process 253 to run task
[2024-09-25T19:46:41.885+0000] {standard_task_runner.py:90} INFO - Running: ['***', 'tasks', 'run', 'Taxi_trip_pipeline', 'load_group.load_yellow_trip', 'manual__2024-09-25T19:46:28.277676+00:00', '--job-id', '135', '--raw', '--subdir', 'DAGS_FOLDER/taxi_trip.py', '--cfg-path', '/tmp/tmpqdmt1szq']
[2024-09-25T19:46:41.888+0000] {standard_task_runner.py:91} INFO - Job 135: Subtask load_group.load_yellow_trip
[2024-09-25T19:46:41.932+0000] {task_command.py:426} INFO - Running <TaskInstance: Taxi_trip_pipeline.load_group.load_yellow_trip manual__2024-09-25T19:46:28.277676+00:00 [running]> on host 3aa1deac3d71
[2024-09-25T19:46:42.020+0000] {taskinstance.py:2648} INFO - Exporting env vars: AIRFLOW_CTX_DAG_OWNER='Mahmoud' AIRFLOW_CTX_DAG_ID='Taxi_trip_pipeline' AIRFLOW_CTX_TASK_ID='load_group.load_yellow_trip' AIRFLOW_CTX_EXECUTION_DATE='2024-09-25T19:46:28.277676+00:00' AIRFLOW_CTX_TRY_NUMBER='1' AIRFLOW_CTX_DAG_RUN_ID='manual__2024-09-25T19:46:28.277676+00:00'
[2024-09-25T19:46:42.022+0000] {taskinstance.py:430} INFO - ::endgroup::
[2024-09-25T19:46:44.551+0000] {taxi_trip.py:78} INFO - Loading yellow trip data started with 1 rows
[2024-09-25T19:46:44.552+0000] {Load_data.py:46} INFO - Loading yellow trip data...
[2024-09-25T19:46:44.552+0000] {Load_data.py:47} INFO - yellow  trip with 1rows
[2024-09-25T19:46:44.552+0000] {Load_data.py:76} ERROR - Error loading yellow_trip: 'list' object has no attribute 'astype'
[2024-09-25T19:46:44.552+0000] {taxi_trip.py:80} INFO - Loading yellow trip data done
[2024-09-25T19:46:44.558+0000] {python.py:237} INFO - Done. Returned value was: None
[2024-09-25T19:46:44.559+0000] {taskinstance.py:441} INFO - ::group::Post task execution logs
[2024-09-25T19:46:44.566+0000] {taskinstance.py:1206} INFO - Marking task as SUCCESS. dag_id=Taxi_trip_pipeline, task_id=load_group.load_yellow_trip, run_id=manual__2024-09-25T19:46:28.277676+00:00, execution_date=20240925T194628, start_date=20240925T194641, end_date=20240925T194644
[2024-09-25T19:46:44.707+0000] {local_task_job_runner.py:240} INFO - Task exited with return code 0
[2024-09-25T19:46:44.728+0000] {taskinstance.py:3498} INFO - 0 downstream tasks scheduled from follow-on schedule check
[2024-09-25T19:46:44.765+0000] {local_task_job_runner.py:222} INFO - ::endgroup::
