[2024-10-01T12:54:44.316+0000] {local_task_job_runner.py:120} INFO - ::group::Pre task execution logs
[2024-10-01T12:54:44.339+0000] {taskinstance.py:2076} INFO - Dependencies all met for dep_context=non-requeueable deps ti=<TaskInstance: Taxi_trip_pipeline.dbt_staging_layer.dbt_run_yellow_trip manual__2024-10-01T12:30:32.928618+00:00 [queued]>
[2024-10-01T12:54:44.349+0000] {taskinstance.py:2076} INFO - Dependencies all met for dep_context=requeueable deps ti=<TaskInstance: Taxi_trip_pipeline.dbt_staging_layer.dbt_run_yellow_trip manual__2024-10-01T12:30:32.928618+00:00 [queued]>
[2024-10-01T12:54:44.350+0000] {taskinstance.py:2306} INFO - Starting attempt 6 of 6
[2024-10-01T12:54:44.368+0000] {taskinstance.py:2330} INFO - Executing <Task(BashOperator): dbt_staging_layer.dbt_run_yellow_trip> on 2024-10-01 12:30:32.928618+00:00
[2024-10-01T12:54:44.377+0000] {standard_task_runner.py:63} INFO - Started process 1315 to run task
[2024-10-01T12:54:44.381+0000] {standard_task_runner.py:90} INFO - Running: ['***', 'tasks', 'run', 'Taxi_trip_pipeline', 'dbt_staging_layer.dbt_run_yellow_trip', 'manual__2024-10-01T12:30:32.928618+00:00', '--job-id', '229', '--raw', '--subdir', 'DAGS_FOLDER/taxi_trip.py', '--cfg-path', '/tmp/tmphcgku1ks']
[2024-10-01T12:54:44.384+0000] {standard_task_runner.py:91} INFO - Job 229: Subtask dbt_staging_layer.dbt_run_yellow_trip
[2024-10-01T12:54:44.443+0000] {task_command.py:426} INFO - Running <TaskInstance: Taxi_trip_pipeline.dbt_staging_layer.dbt_run_yellow_trip manual__2024-10-01T12:30:32.928618+00:00 [running]> on host fcb0f9e87e2b
[2024-10-01T12:54:44.589+0000] {taskinstance.py:2648} INFO - Exporting env vars: AIRFLOW_CTX_DAG_OWNER='Mahmoud' AIRFLOW_CTX_DAG_ID='Taxi_trip_pipeline' AIRFLOW_CTX_TASK_ID='dbt_staging_layer.dbt_run_yellow_trip' AIRFLOW_CTX_EXECUTION_DATE='2024-10-01T12:30:32.928618+00:00' AIRFLOW_CTX_TRY_NUMBER='6' AIRFLOW_CTX_DAG_RUN_ID='manual__2024-10-01T12:30:32.928618+00:00'
[2024-10-01T12:54:44.590+0000] {taskinstance.py:430} INFO - ::endgroup::
[2024-10-01T12:54:44.607+0000] {subprocess.py:63} INFO - Tmp dir root location: /tmp
[2024-10-01T12:54:44.608+0000] {subprocess.py:75} INFO - Running command: ['/usr/bin/bash', '-c', 'dbt run --profiles-dir /opt/***/DBT_Project  --project-dir /opt/***/dbt_trip --models yellow_trip']
[2024-10-01T12:54:44.625+0000] {subprocess.py:86} INFO - Output:
[2024-10-01T12:54:47.843+0000] {subprocess.py:93} INFO - [0m12:54:47  Running with dbt=1.8.0
[2024-10-01T12:54:48.257+0000] {subprocess.py:93} INFO - [0m12:54:48  Registered adapter: postgres=1.8.0
[2024-10-01T12:54:48.707+0000] {subprocess.py:93} INFO - [0m12:54:48  [[33mWARNING[0m]: Configuration paths exist in your dbt_project.yml file which do not apply to any resources.
[2024-10-01T12:54:48.707+0000] {subprocess.py:93} INFO - There are 2 unused configuration paths:
[2024-10-01T12:54:48.708+0000] {subprocess.py:93} INFO - - models.fact_trip.Dimensions
[2024-10-01T12:54:48.708+0000] {subprocess.py:93} INFO - - models.fact_trip.staging
[2024-10-01T12:54:49.048+0000] {subprocess.py:93} INFO - [0m12:54:49  Found 4 models, 6 data tests, 3 sources, 566 macros
[2024-10-01T12:54:49.052+0000] {subprocess.py:93} INFO - [0m12:54:49
[2024-10-01T12:54:49.222+0000] {subprocess.py:93} INFO - [0m12:54:49  Concurrency: 3 threads (target='dev')
[2024-10-01T12:54:49.223+0000] {subprocess.py:93} INFO - [0m12:54:49
[2024-10-01T12:54:49.239+0000] {subprocess.py:93} INFO - [0m12:54:49  1 of 1 START sql view model analysis.yellow_trip ............................... [RUN]
[2024-10-01T12:54:49.444+0000] {subprocess.py:93} INFO - [0m12:54:49  1 of 1 OK created sql view model analysis.yellow_trip .......................... [[32mCREATE VIEW[0m in 0.20s]
[2024-10-01T12:54:49.456+0000] {subprocess.py:93} INFO - [0m12:54:49
[2024-10-01T12:54:49.457+0000] {subprocess.py:93} INFO - [0m12:54:49  Finished running 1 view model in 0 hours 0 minutes and 0.40 seconds (0.40s).
[2024-10-01T12:54:49.511+0000] {subprocess.py:93} INFO - [0m12:54:49
[2024-10-01T12:54:49.512+0000] {subprocess.py:93} INFO - [0m12:54:49  [32mCompleted successfully[0m
[2024-10-01T12:54:49.513+0000] {subprocess.py:93} INFO - [0m12:54:49
[2024-10-01T12:54:49.514+0000] {subprocess.py:93} INFO - [0m12:54:49  Done. PASS=1 WARN=0 ERROR=0 SKIP=0 TOTAL=1
[2024-10-01T12:54:50.543+0000] {subprocess.py:97} INFO - Command exited with return code 0
[2024-10-01T12:54:50.544+0000] {taskinstance.py:441} INFO - ::group::Post task execution logs
[2024-10-01T12:54:50.569+0000] {taskinstance.py:1206} INFO - Marking task as SUCCESS. dag_id=Taxi_trip_pipeline, task_id=dbt_staging_layer.dbt_run_yellow_trip, run_id=manual__2024-10-01T12:30:32.928618+00:00, execution_date=20241001T123032, start_date=20241001T125444, end_date=20241001T125450
[2024-10-01T12:54:50.614+0000] {local_task_job_runner.py:240} INFO - Task exited with return code 0
[2024-10-01T12:54:50.638+0000] {taskinstance.py:3498} INFO - 0 downstream tasks scheduled from follow-on schedule check
[2024-10-01T12:54:50.639+0000] {local_task_job_runner.py:222} INFO - ::endgroup::
