[2024-09-21T18:12:34.768+0000] {local_task_job_runner.py:120} INFO - ::group::Pre task execution logs
[2024-09-21T18:12:34.798+0000] {taskinstance.py:2076} INFO - Dependencies all met for dep_context=non-requeueable deps ti=<TaskInstance: Taxi_trip_pipeline.extraction_group.extract_yellow_date scheduled__2024-09-20T00:00:00+00:00 [queued]>
[2024-09-21T18:12:34.810+0000] {taskinstance.py:2076} INFO - Dependencies all met for dep_context=requeueable deps ti=<TaskInstance: Taxi_trip_pipeline.extraction_group.extract_yellow_date scheduled__2024-09-20T00:00:00+00:00 [queued]>
[2024-09-21T18:12:34.810+0000] {taskinstance.py:2306} INFO - Starting attempt 1 of 1
[2024-09-21T18:12:34.829+0000] {taskinstance.py:2330} INFO - Executing <Task(PythonOperator): extraction_group.extract_yellow_date> on 2024-09-20 00:00:00+00:00
[2024-09-21T18:12:34.838+0000] {standard_task_runner.py:63} INFO - Started process 58 to run task
[2024-09-21T18:12:34.842+0000] {standard_task_runner.py:90} INFO - Running: ['***', 'tasks', 'run', 'Taxi_trip_pipeline', 'extraction_group.extract_yellow_date', 'scheduled__2024-09-20T00:00:00+00:00', '--job-id', '50', '--raw', '--subdir', 'DAGS_FOLDER/taxi_trip.py', '--cfg-path', '/tmp/tmp5h0_j75n']
[2024-09-21T18:12:34.846+0000] {standard_task_runner.py:91} INFO - Job 50: Subtask extraction_group.extract_yellow_date
[2024-09-21T18:12:34.901+0000] {task_command.py:426} INFO - Running <TaskInstance: Taxi_trip_pipeline.extraction_group.extract_yellow_date scheduled__2024-09-20T00:00:00+00:00 [running]> on host 5a2e5a872eaa
[2024-09-21T18:12:35.007+0000] {taskinstance.py:2648} INFO - Exporting env vars: AIRFLOW_CTX_DAG_OWNER='Mahmoud' AIRFLOW_CTX_DAG_ID='Taxi_trip_pipeline' AIRFLOW_CTX_TASK_ID='extraction_group.extract_yellow_date' AIRFLOW_CTX_EXECUTION_DATE='2024-09-20T00:00:00+00:00' AIRFLOW_CTX_TRY_NUMBER='1' AIRFLOW_CTX_DAG_RUN_ID='scheduled__2024-09-20T00:00:00+00:00'
[2024-09-21T18:12:35.008+0000] {taskinstance.py:430} INFO - ::endgroup::
[2024-09-21T18:12:35.024+0000] {taxi_trip.py:44} INFO - Data extraction for yellow trip started
[2024-09-21T18:12:35.024+0000] {Process_data.py:46} INFO - Start transforming Yellow Trip data...
[2024-09-21T18:12:38.497+0000] {taxi_trip.py:48} ERROR - Error in yellow trip extraction
Traceback (most recent call last):
  File "/opt/airflow/dags/taxi_trip.py", line 45, in extract_yellow_date
    process_yellow_trip()
  File "/opt/airflow/dags/scripts/Process_data.py", line 67, in process_yellow_trip
    valid_df.to_csv('./valid_df/valid_yellow_trip.csv', index=False)
  File "/home/airflow/.local/lib/python3.9/site-packages/pandas/util/_decorators.py", line 211, in wrapper
    return func(*args, **kwargs)
  File "/home/airflow/.local/lib/python3.9/site-packages/pandas/core/generic.py", line 3720, in to_csv
    return DataFrameRenderer(formatter).to_csv(
  File "/home/airflow/.local/lib/python3.9/site-packages/pandas/util/_decorators.py", line 211, in wrapper
    return func(*args, **kwargs)
  File "/home/airflow/.local/lib/python3.9/site-packages/pandas/io/formats/format.py", line 1189, in to_csv
    csv_formatter.save()
  File "/home/airflow/.local/lib/python3.9/site-packages/pandas/io/formats/csvs.py", line 241, in save
    with get_handle(
  File "/home/airflow/.local/lib/python3.9/site-packages/pandas/io/common.py", line 856, in get_handle
    handle = open(
PermissionError: [Errno 13] Permission denied: './valid_df/valid_yellow_trip.csv'
[2024-09-21T18:12:38.550+0000] {python.py:237} INFO - Done. Returned value was: None
[2024-09-21T18:12:38.550+0000] {taskinstance.py:441} INFO - ::group::Post task execution logs
[2024-09-21T18:12:38.561+0000] {taskinstance.py:1206} INFO - Marking task as SUCCESS. dag_id=Taxi_trip_pipeline, task_id=extraction_group.extract_yellow_date, run_id=scheduled__2024-09-20T00:00:00+00:00, execution_date=20240920T000000, start_date=20240921T181234, end_date=20240921T181238
[2024-09-21T18:12:38.660+0000] {local_task_job_runner.py:240} INFO - Task exited with return code 0
[2024-09-21T18:12:38.685+0000] {taskinstance.py:3498} INFO - 3 downstream tasks scheduled from follow-on schedule check
[2024-09-21T18:12:38.687+0000] {local_task_job_runner.py:222} INFO - ::endgroup::
