[2024-10-12T08:30:09.315+0000] {local_task_job_runner.py:120} INFO - ::group::Pre task execution logs
[2024-10-12T08:30:09.348+0000] {taskinstance.py:2076} INFO - Dependencies all met for dep_context=non-requeueable deps ti=<TaskInstance: Taxi_trip_pipeline.dbt_transformation_layer.dbt_run_model_green_trip scheduled__2024-10-12T08:15:00+00:00 [queued]>
[2024-10-12T08:30:09.363+0000] {taskinstance.py:2076} INFO - Dependencies all met for dep_context=requeueable deps ti=<TaskInstance: Taxi_trip_pipeline.dbt_transformation_layer.dbt_run_model_green_trip scheduled__2024-10-12T08:15:00+00:00 [queued]>
[2024-10-12T08:30:09.363+0000] {taskinstance.py:2306} INFO - Starting attempt 1 of 1
[2024-10-12T08:30:09.380+0000] {taskinstance.py:2330} INFO - Executing <Task(BashOperator): dbt_transformation_layer.dbt_run_model_green_trip> on 2024-10-12 08:15:00+00:00
[2024-10-12T08:30:09.390+0000] {standard_task_runner.py:63} INFO - Started process 409 to run task
[2024-10-12T08:30:09.393+0000] {standard_task_runner.py:90} INFO - Running: ['***', 'tasks', 'run', 'Taxi_trip_pipeline', 'dbt_transformation_layer.dbt_run_model_green_trip', 'scheduled__2024-10-12T08:15:00+00:00', '--job-id', '465', '--raw', '--subdir', 'DAGS_FOLDER/taxi_trip.py', '--cfg-path', '/tmp/tmpxl2y5441']
[2024-10-12T08:30:09.396+0000] {standard_task_runner.py:91} INFO - Job 465: Subtask dbt_transformation_layer.dbt_run_model_green_trip
[2024-10-12T08:30:09.454+0000] {task_command.py:426} INFO - Running <TaskInstance: Taxi_trip_pipeline.dbt_transformation_layer.dbt_run_model_green_trip scheduled__2024-10-12T08:15:00+00:00 [running]> on host 54f793ecdf1a
[2024-10-12T08:30:09.579+0000] {taskinstance.py:2648} INFO - Exporting env vars: AIRFLOW_CTX_DAG_OWNER='Mahmoud' AIRFLOW_CTX_DAG_ID='Taxi_trip_pipeline' AIRFLOW_CTX_TASK_ID='dbt_transformation_layer.dbt_run_model_green_trip' AIRFLOW_CTX_EXECUTION_DATE='2024-10-12T08:15:00+00:00' AIRFLOW_CTX_TRY_NUMBER='1' AIRFLOW_CTX_DAG_RUN_ID='scheduled__2024-10-12T08:15:00+00:00'
[2024-10-12T08:30:09.580+0000] {taskinstance.py:430} INFO - ::endgroup::
[2024-10-12T08:30:09.596+0000] {subprocess.py:63} INFO - Tmp dir root location: /tmp
[2024-10-12T08:30:09.596+0000] {subprocess.py:75} INFO - Running command: ['/usr/bin/bash', '-c', 'dbt run --profiles-dir /opt/***/DBT_Project  --project-dir /opt/***/dbt_trip --models green_trip']
[2024-10-12T08:30:09.611+0000] {subprocess.py:86} INFO - Output:
[2024-10-12T08:30:13.088+0000] {subprocess.py:93} INFO - [0m08:30:13  Running with dbt=1.8.0
[2024-10-12T08:30:13.527+0000] {subprocess.py:93} INFO - [0m08:30:13  Registered adapter: postgres=1.8.0
[2024-10-12T08:30:14.119+0000] {subprocess.py:93} INFO - [0m08:30:14  [[33mWARNING[0m]: Configuration paths exist in your dbt_project.yml file which do not apply to any resources.
[2024-10-12T08:30:14.120+0000] {subprocess.py:93} INFO - There are 2 unused configuration paths:
[2024-10-12T08:30:14.120+0000] {subprocess.py:93} INFO - - models.fact_trip.staging
[2024-10-12T08:30:14.121+0000] {subprocess.py:93} INFO - - models.fact_trip.Dimensions
[2024-10-12T08:30:14.421+0000] {subprocess.py:93} INFO - [0m08:30:14  Found 4 models, 6 data tests, 3 sources, 566 macros
[2024-10-12T08:30:14.429+0000] {subprocess.py:93} INFO - [0m08:30:14
[2024-10-12T08:30:14.686+0000] {subprocess.py:93} INFO - [0m08:30:14  Concurrency: 3 threads (target='dev')
[2024-10-12T08:30:14.689+0000] {subprocess.py:93} INFO - [0m08:30:14
[2024-10-12T08:30:14.707+0000] {subprocess.py:93} INFO - [0m08:30:14  1 of 1 START sql view model analysis.green_trip ................................ [RUN]
[2024-10-12T08:30:14.974+0000] {subprocess.py:93} INFO - [0m08:30:14  1 of 1 OK created sql view model analysis.green_trip ........................... [[32mCREATE VIEW[0m in 0.26s]
[2024-10-12T08:30:14.991+0000] {subprocess.py:93} INFO - [0m08:30:14
[2024-10-12T08:30:14.993+0000] {subprocess.py:93} INFO - [0m08:30:14  Finished running 1 view model in 0 hours 0 minutes and 0.56 seconds (0.56s).
[2024-10-12T08:30:15.079+0000] {subprocess.py:93} INFO - [0m08:30:15
[2024-10-12T08:30:15.080+0000] {subprocess.py:93} INFO - [0m08:30:15  [32mCompleted successfully[0m
[2024-10-12T08:30:15.081+0000] {subprocess.py:93} INFO - [0m08:30:15
[2024-10-12T08:30:15.083+0000] {subprocess.py:93} INFO - [0m08:30:15  Done. PASS=1 WARN=0 ERROR=0 SKIP=0 TOTAL=1
[2024-10-12T08:30:16.071+0000] {subprocess.py:97} INFO - Command exited with return code 0
[2024-10-12T08:30:16.072+0000] {taskinstance.py:441} INFO - ::group::Post task execution logs
[2024-10-12T08:30:16.098+0000] {taskinstance.py:1206} INFO - Marking task as SUCCESS. dag_id=Taxi_trip_pipeline, task_id=dbt_transformation_layer.dbt_run_model_green_trip, run_id=scheduled__2024-10-12T08:15:00+00:00, execution_date=20241012T081500, start_date=20241012T083009, end_date=20241012T083016
[2024-10-12T08:30:16.137+0000] {local_task_job_runner.py:240} INFO - Task exited with return code 0
[2024-10-12T08:30:16.166+0000] {taskinstance.py:3498} INFO - 0 downstream tasks scheduled from follow-on schedule check
[2024-10-12T08:30:16.167+0000] {local_task_job_runner.py:222} INFO - ::endgroup::
