[2024-10-12T10:49:30.665+0000] {local_task_job_runner.py:120} INFO - ::group::Pre task execution logs
[2024-10-12T10:49:30.694+0000] {taskinstance.py:2076} INFO - Dependencies all met for dep_context=non-requeueable deps ti=<TaskInstance: Taxi_trip_pipeline.dbt_transformation_layer.dbt_run_model_zone_lookup scheduled__2024-10-12T10:15:00+00:00 [queued]>
[2024-10-12T10:49:30.709+0000] {taskinstance.py:2076} INFO - Dependencies all met for dep_context=requeueable deps ti=<TaskInstance: Taxi_trip_pipeline.dbt_transformation_layer.dbt_run_model_zone_lookup scheduled__2024-10-12T10:15:00+00:00 [queued]>
[2024-10-12T10:49:30.709+0000] {taskinstance.py:2306} INFO - Starting attempt 3 of 3
[2024-10-12T10:49:30.724+0000] {taskinstance.py:2330} INFO - Executing <Task(BashOperator): dbt_transformation_layer.dbt_run_model_zone_lookup> on 2024-10-12 10:15:00+00:00
[2024-10-12T10:49:30.733+0000] {standard_task_runner.py:63} INFO - Started process 305 to run task
[2024-10-12T10:49:30.736+0000] {standard_task_runner.py:90} INFO - Running: ['***', 'tasks', 'run', 'Taxi_trip_pipeline', 'dbt_transformation_layer.dbt_run_model_zone_lookup', 'scheduled__2024-10-12T10:15:00+00:00', '--job-id', '27', '--raw', '--subdir', 'DAGS_FOLDER/taxi_trip.py', '--cfg-path', '/tmp/tmp1u10te2k']
[2024-10-12T10:49:30.739+0000] {standard_task_runner.py:91} INFO - Job 27: Subtask dbt_transformation_layer.dbt_run_model_zone_lookup
[2024-10-12T10:49:30.792+0000] {task_command.py:426} INFO - Running <TaskInstance: Taxi_trip_pipeline.dbt_transformation_layer.dbt_run_model_zone_lookup scheduled__2024-10-12T10:15:00+00:00 [running]> on host 4f9d1e7ade51
[2024-10-12T10:49:30.911+0000] {taskinstance.py:2648} INFO - Exporting env vars: AIRFLOW_CTX_DAG_OWNER='Mahmoud' AIRFLOW_CTX_DAG_ID='Taxi_trip_pipeline' AIRFLOW_CTX_TASK_ID='dbt_transformation_layer.dbt_run_model_zone_lookup' AIRFLOW_CTX_EXECUTION_DATE='2024-10-12T10:15:00+00:00' AIRFLOW_CTX_TRY_NUMBER='3' AIRFLOW_CTX_DAG_RUN_ID='scheduled__2024-10-12T10:15:00+00:00'
[2024-10-12T10:49:30.913+0000] {taskinstance.py:430} INFO - ::endgroup::
[2024-10-12T10:49:30.930+0000] {subprocess.py:63} INFO - Tmp dir root location: /tmp
[2024-10-12T10:49:30.931+0000] {subprocess.py:75} INFO - Running command: ['/usr/bin/bash', '-c', 'dbt run --profiles-dir /opt/***/DBT_Project  --project-dir /opt/***/dbt_trip --models zone_lookup']
[2024-10-12T10:49:30.951+0000] {subprocess.py:86} INFO - Output:
[2024-10-12T10:49:34.611+0000] {subprocess.py:93} INFO - [0m10:49:34  Running with dbt=1.8.0
[2024-10-12T10:49:35.234+0000] {subprocess.py:93} INFO - [0m10:49:35  Registered adapter: postgres=1.8.0
[2024-10-12T10:49:35.939+0000] {subprocess.py:93} INFO - [0m10:49:35  [[33mWARNING[0m]: Configuration paths exist in your dbt_project.yml file which do not apply to any resources.
[2024-10-12T10:49:35.939+0000] {subprocess.py:93} INFO - There are 2 unused configuration paths:
[2024-10-12T10:49:35.939+0000] {subprocess.py:93} INFO - - models.fact_trip.Dimensions
[2024-10-12T10:49:35.940+0000] {subprocess.py:93} INFO - - models.fact_trip.staging
[2024-10-12T10:49:36.369+0000] {subprocess.py:93} INFO - [0m10:49:36  Found 4 models, 6 data tests, 3 sources, 566 macros
[2024-10-12T10:49:36.372+0000] {subprocess.py:93} INFO - [0m10:49:36
[2024-10-12T10:49:36.566+0000] {subprocess.py:93} INFO - [0m10:49:36  Concurrency: 3 threads (target='dev')
[2024-10-12T10:49:36.567+0000] {subprocess.py:93} INFO - [0m10:49:36
[2024-10-12T10:49:36.585+0000] {subprocess.py:93} INFO - [0m10:49:36  1 of 1 START sql view model analysis.zone_lookup ............................... [RUN]
[2024-10-12T10:49:36.749+0000] {subprocess.py:93} INFO - [0m10:49:36  1 of 1 OK created sql view model analysis.zone_lookup .......................... [[32mCREATE VIEW[0m in 0.16s]
[2024-10-12T10:49:36.768+0000] {subprocess.py:93} INFO - [0m10:49:36
[2024-10-12T10:49:36.769+0000] {subprocess.py:93} INFO - [0m10:49:36  Finished running 1 view model in 0 hours 0 minutes and 0.39 seconds (0.39s).
[2024-10-12T10:49:36.824+0000] {subprocess.py:93} INFO - [0m10:49:36
[2024-10-12T10:49:36.825+0000] {subprocess.py:93} INFO - [0m10:49:36  [32mCompleted successfully[0m
[2024-10-12T10:49:36.826+0000] {subprocess.py:93} INFO - [0m10:49:36
[2024-10-12T10:49:36.827+0000] {subprocess.py:93} INFO - [0m10:49:36  Done. PASS=1 WARN=0 ERROR=0 SKIP=0 TOTAL=1
[2024-10-12T10:49:37.876+0000] {subprocess.py:97} INFO - Command exited with return code 0
[2024-10-12T10:49:37.877+0000] {taskinstance.py:441} INFO - ::group::Post task execution logs
[2024-10-12T10:49:37.908+0000] {taskinstance.py:1206} INFO - Marking task as SUCCESS. dag_id=Taxi_trip_pipeline, task_id=dbt_transformation_layer.dbt_run_model_zone_lookup, run_id=scheduled__2024-10-12T10:15:00+00:00, execution_date=20241012T101500, start_date=20241012T104930, end_date=20241012T104937
[2024-10-12T10:49:37.948+0000] {local_task_job_runner.py:240} INFO - Task exited with return code 0
[2024-10-12T10:49:37.985+0000] {taskinstance.py:3498} INFO - 0 downstream tasks scheduled from follow-on schedule check
[2024-10-12T10:49:37.986+0000] {local_task_job_runner.py:222} INFO - ::endgroup::
