[2024-10-12T10:47:33.248+0000] {local_task_job_runner.py:120} INFO - ::group::Pre task execution logs
[2024-10-12T10:47:33.274+0000] {taskinstance.py:2076} INFO - Dependencies all met for dep_context=non-requeueable deps ti=<TaskInstance: Taxi_trip_pipeline.dbt_transformation_layer.dbt_run_model_zone_lookup scheduled__2024-10-12T10:15:00+00:00 [queued]>
[2024-10-12T10:47:33.285+0000] {taskinstance.py:2076} INFO - Dependencies all met for dep_context=requeueable deps ti=<TaskInstance: Taxi_trip_pipeline.dbt_transformation_layer.dbt_run_model_zone_lookup scheduled__2024-10-12T10:15:00+00:00 [queued]>
[2024-10-12T10:47:33.285+0000] {taskinstance.py:2306} INFO - Starting attempt 2 of 2
[2024-10-12T10:47:33.298+0000] {taskinstance.py:2330} INFO - Executing <Task(BashOperator): dbt_transformation_layer.dbt_run_model_zone_lookup> on 2024-10-12 10:15:00+00:00
[2024-10-12T10:47:33.308+0000] {standard_task_runner.py:63} INFO - Started process 256 to run task
[2024-10-12T10:47:33.313+0000] {standard_task_runner.py:90} INFO - Running: ['***', 'tasks', 'run', 'Taxi_trip_pipeline', 'dbt_transformation_layer.dbt_run_model_zone_lookup', 'scheduled__2024-10-12T10:15:00+00:00', '--job-id', '23', '--raw', '--subdir', 'DAGS_FOLDER/taxi_trip.py', '--cfg-path', '/tmp/tmpzln3ad3o']
[2024-10-12T10:47:33.315+0000] {standard_task_runner.py:91} INFO - Job 23: Subtask dbt_transformation_layer.dbt_run_model_zone_lookup
[2024-10-12T10:47:33.375+0000] {task_command.py:426} INFO - Running <TaskInstance: Taxi_trip_pipeline.dbt_transformation_layer.dbt_run_model_zone_lookup scheduled__2024-10-12T10:15:00+00:00 [running]> on host 4f9d1e7ade51
[2024-10-12T10:47:33.469+0000] {taskinstance.py:2648} INFO - Exporting env vars: AIRFLOW_CTX_DAG_OWNER='Mahmoud' AIRFLOW_CTX_DAG_ID='Taxi_trip_pipeline' AIRFLOW_CTX_TASK_ID='dbt_transformation_layer.dbt_run_model_zone_lookup' AIRFLOW_CTX_EXECUTION_DATE='2024-10-12T10:15:00+00:00' AIRFLOW_CTX_TRY_NUMBER='2' AIRFLOW_CTX_DAG_RUN_ID='scheduled__2024-10-12T10:15:00+00:00'
[2024-10-12T10:47:33.471+0000] {taskinstance.py:430} INFO - ::endgroup::
[2024-10-12T10:47:33.484+0000] {subprocess.py:63} INFO - Tmp dir root location: /tmp
[2024-10-12T10:47:33.484+0000] {subprocess.py:75} INFO - Running command: ['/usr/bin/bash', '-c', 'dbt run --profiles-dir /opt/***/DBT_Project  --project-dir /opt/***/dbt_trip --models zone_lookup']
[2024-10-12T10:47:33.499+0000] {subprocess.py:86} INFO - Output:
[2024-10-12T10:47:36.733+0000] {subprocess.py:93} INFO - [0m10:47:36  Running with dbt=1.8.0
[2024-10-12T10:47:37.275+0000] {subprocess.py:93} INFO - [0m10:47:37  Registered adapter: postgres=1.8.0
[2024-10-12T10:47:37.819+0000] {subprocess.py:93} INFO - [0m10:47:37  [[33mWARNING[0m]: Configuration paths exist in your dbt_project.yml file which do not apply to any resources.
[2024-10-12T10:47:37.819+0000] {subprocess.py:93} INFO - There are 2 unused configuration paths:
[2024-10-12T10:47:37.820+0000] {subprocess.py:93} INFO - - models.fact_trip.staging
[2024-10-12T10:47:37.820+0000] {subprocess.py:93} INFO - - models.fact_trip.Dimensions
[2024-10-12T10:47:38.165+0000] {subprocess.py:93} INFO - [0m10:47:38  Found 4 models, 6 data tests, 3 sources, 566 macros
[2024-10-12T10:47:38.169+0000] {subprocess.py:93} INFO - [0m10:47:38
[2024-10-12T10:47:38.359+0000] {subprocess.py:93} INFO - [0m10:47:38  Concurrency: 3 threads (target='dev')
[2024-10-12T10:47:38.363+0000] {subprocess.py:93} INFO - [0m10:47:38
[2024-10-12T10:47:38.391+0000] {subprocess.py:93} INFO - [0m10:47:38  1 of 1 START sql view model analysis.zone_lookup ............................... [RUN]
[2024-10-12T10:47:38.620+0000] {subprocess.py:93} INFO - [0m10:47:38  1 of 1 OK created sql view model analysis.zone_lookup .......................... [[32mCREATE VIEW[0m in 0.22s]
[2024-10-12T10:47:38.644+0000] {subprocess.py:93} INFO - [0m10:47:38
[2024-10-12T10:47:38.645+0000] {subprocess.py:93} INFO - [0m10:47:38  Finished running 1 view model in 0 hours 0 minutes and 0.47 seconds (0.47s).
[2024-10-12T10:47:38.719+0000] {subprocess.py:93} INFO - [0m10:47:38
[2024-10-12T10:47:38.720+0000] {subprocess.py:93} INFO - [0m10:47:38  [32mCompleted successfully[0m
[2024-10-12T10:47:38.721+0000] {subprocess.py:93} INFO - [0m10:47:38
[2024-10-12T10:47:38.721+0000] {subprocess.py:93} INFO - [0m10:47:38  Done. PASS=1 WARN=0 ERROR=0 SKIP=0 TOTAL=1
[2024-10-12T10:47:44.879+0000] {subprocess.py:97} INFO - Command exited with return code 0
[2024-10-12T10:47:44.879+0000] {taskinstance.py:441} INFO - ::group::Post task execution logs
[2024-10-12T10:47:44.906+0000] {taskinstance.py:1206} INFO - Marking task as SUCCESS. dag_id=Taxi_trip_pipeline, task_id=dbt_transformation_layer.dbt_run_model_zone_lookup, run_id=scheduled__2024-10-12T10:15:00+00:00, execution_date=20241012T101500, start_date=20241012T104733, end_date=20241012T104744
[2024-10-12T10:47:44.974+0000] {local_task_job_runner.py:240} INFO - Task exited with return code 0
[2024-10-12T10:47:44.991+0000] {taskinstance.py:3498} INFO - 0 downstream tasks scheduled from follow-on schedule check
[2024-10-12T10:47:44.993+0000] {local_task_job_runner.py:222} INFO - ::endgroup::
