[2024-10-12T13:03:11.753+0000] {local_task_job_runner.py:120} INFO - ::group::Pre task execution logs
[2024-10-12T13:03:11.790+0000] {taskinstance.py:2076} INFO - Dependencies all met for dep_context=non-requeueable deps ti=<TaskInstance: Taxi_trip_pipeline.extraction_layer.extract_green_date manual__2024-10-12T13:03:08.986267+00:00 [queued]>
[2024-10-12T13:03:11.808+0000] {taskinstance.py:2076} INFO - Dependencies all met for dep_context=requeueable deps ti=<TaskInstance: Taxi_trip_pipeline.extraction_layer.extract_green_date manual__2024-10-12T13:03:08.986267+00:00 [queued]>
[2024-10-12T13:03:11.809+0000] {taskinstance.py:2306} INFO - Starting attempt 1 of 1
[2024-10-12T13:03:11.832+0000] {taskinstance.py:2330} INFO - Executing <Task(PythonOperator): extraction_layer.extract_green_date> on 2024-10-12 13:03:08.986267+00:00
[2024-10-12T13:03:11.846+0000] {standard_task_runner.py:63} INFO - Started process 78 to run task
[2024-10-12T13:03:11.852+0000] {standard_task_runner.py:90} INFO - Running: ['***', 'tasks', 'run', 'Taxi_trip_pipeline', 'extraction_layer.extract_green_date', 'manual__2024-10-12T13:03:08.986267+00:00', '--job-id', '4', '--raw', '--subdir', 'DAGS_FOLDER/taxi_trip.py', '--cfg-path', '/tmp/tmp48kvuzvy']
[2024-10-12T13:03:11.857+0000] {standard_task_runner.py:91} INFO - Job 4: Subtask extraction_layer.extract_green_date
[2024-10-12T13:03:11.955+0000] {task_command.py:426} INFO - Running <TaskInstance: Taxi_trip_pipeline.extraction_layer.extract_green_date manual__2024-10-12T13:03:08.986267+00:00 [running]> on host ebdcf85807fc
[2024-10-12T13:03:12.154+0000] {taskinstance.py:2648} INFO - Exporting env vars: AIRFLOW_CTX_DAG_OWNER='Mahmoud' AIRFLOW_CTX_DAG_ID='Taxi_trip_pipeline' AIRFLOW_CTX_TASK_ID='extraction_layer.extract_green_date' AIRFLOW_CTX_EXECUTION_DATE='2024-10-12T13:03:08.986267+00:00' AIRFLOW_CTX_TRY_NUMBER='1' AIRFLOW_CTX_DAG_RUN_ID='manual__2024-10-12T13:03:08.986267+00:00'
[2024-10-12T13:03:12.158+0000] {taskinstance.py:430} INFO - ::endgroup::
[2024-10-12T13:03:12.188+0000] {taxi_trip.py:37} INFO - Data extraction for green trip started
[2024-10-12T13:03:12.205+0000] {db_utils.py:16} INFO - Connected to PostgreSQL database successfully
[2024-10-12T13:03:12.206+0000] {Process_data.py:17} INFO - Start transforming Green Trip data...
[2024-10-12T13:03:12.210+0000] {Process_data.py:29} INFO - Processing file green_tripdata_2024-04.parquet...
[2024-10-12T13:03:12.306+0000] {Process_data.py:29} INFO - Processing file green_tripdata_2024-01.parquet...
[2024-10-12T13:03:12.324+0000] {Process_data.py:29} INFO - Processing file green_tripdata_2024-03.parquet...
[2024-10-12T13:03:12.342+0000] {Process_data.py:29} INFO - Processing file green_tripdata_2024-02.parquet...
[2024-10-12T13:03:12.361+0000] {Process_data.py:29} INFO - Processing file green_tripdata_2024-05.parquet...
[2024-10-12T13:03:12.381+0000] {Process_data.py:29} INFO - Processing file green_tripdata_2024-06.parquet...
[2024-10-12T13:03:12.474+0000] {Process_data.py:38} INFO - Green trip dataframe with 339807 rows
[2024-10-12T13:03:12.476+0000] {taxi_trip.py:40} INFO - Data extraction for green trip done
[2024-10-12T13:03:14.965+0000] {taxi_trip.py:45} INFO - Pushed green trip data with 339807 rows to XCom
[2024-10-12T13:03:14.967+0000] {python.py:237} INFO - Done. Returned value was: None
[2024-10-12T13:03:14.967+0000] {taskinstance.py:441} INFO - ::group::Post task execution logs
[2024-10-12T13:03:14.976+0000] {taskinstance.py:1206} INFO - Marking task as SUCCESS. dag_id=Taxi_trip_pipeline, task_id=extraction_layer.extract_green_date, run_id=manual__2024-10-12T13:03:08.986267+00:00, execution_date=20241012T130308, start_date=20241012T130311, end_date=20241012T130314
[2024-10-12T13:03:15.016+0000] {local_task_job_runner.py:240} INFO - Task exited with return code 0
[2024-10-12T13:03:15.059+0000] {taskinstance.py:3498} INFO - 1 downstream tasks scheduled from follow-on schedule check
[2024-10-12T13:03:15.061+0000] {local_task_job_runner.py:222} INFO - ::endgroup::
