[2024-09-30T17:59:24.194+0000] {local_task_job_runner.py:120} INFO - ::group::Pre task execution logs
[2024-09-30T17:59:24.220+0000] {taskinstance.py:2076} INFO - Dependencies all met for dep_context=non-requeueable deps ti=<TaskInstance: Taxi_trip_pipeline.dbt_staging_layer.dbt_run_yellow_trip manual__2024-09-30T17:47:30.127854+00:00 [queued]>
[2024-09-30T17:59:24.230+0000] {taskinstance.py:2076} INFO - Dependencies all met for dep_context=requeueable deps ti=<TaskInstance: Taxi_trip_pipeline.dbt_staging_layer.dbt_run_yellow_trip manual__2024-09-30T17:47:30.127854+00:00 [queued]>
[2024-09-30T17:59:24.230+0000] {taskinstance.py:2306} INFO - Starting attempt 5 of 5
[2024-09-30T17:59:24.243+0000] {taskinstance.py:2330} INFO - Executing <Task(BashOperator): dbt_staging_layer.dbt_run_yellow_trip> on 2024-09-30 17:47:30.127854+00:00
[2024-09-30T17:59:24.250+0000] {standard_task_runner.py:63} INFO - Started process 528 to run task
[2024-09-30T17:59:24.254+0000] {standard_task_runner.py:90} INFO - Running: ['***', 'tasks', 'run', 'Taxi_trip_pipeline', 'dbt_staging_layer.dbt_run_yellow_trip', 'manual__2024-09-30T17:47:30.127854+00:00', '--job-id', '68', '--raw', '--subdir', 'DAGS_FOLDER/taxi_trip.py', '--cfg-path', '/tmp/tmpsnvxv5wp']
[2024-09-30T17:59:24.256+0000] {standard_task_runner.py:91} INFO - Job 68: Subtask dbt_staging_layer.dbt_run_yellow_trip
[2024-09-30T17:59:24.306+0000] {task_command.py:426} INFO - Running <TaskInstance: Taxi_trip_pipeline.dbt_staging_layer.dbt_run_yellow_trip manual__2024-09-30T17:47:30.127854+00:00 [running]> on host 72cf0e8bafa8
[2024-09-30T17:59:24.406+0000] {taskinstance.py:2648} INFO - Exporting env vars: AIRFLOW_CTX_DAG_OWNER='Mahmoud' AIRFLOW_CTX_DAG_ID='Taxi_trip_pipeline' AIRFLOW_CTX_TASK_ID='dbt_staging_layer.dbt_run_yellow_trip' AIRFLOW_CTX_EXECUTION_DATE='2024-09-30T17:47:30.127854+00:00' AIRFLOW_CTX_TRY_NUMBER='5' AIRFLOW_CTX_DAG_RUN_ID='manual__2024-09-30T17:47:30.127854+00:00'
[2024-09-30T17:59:24.407+0000] {taskinstance.py:430} INFO - ::endgroup::
[2024-09-30T17:59:24.425+0000] {subprocess.py:63} INFO - Tmp dir root location: /tmp
[2024-09-30T17:59:24.426+0000] {subprocess.py:75} INFO - Running command: ['/usr/bin/bash', '-c', 'dbt run --profiles-dir /opt/***/DBT_Project  --project-dir /opt/***/dbt_trip --models yellow_trip']
[2024-09-30T17:59:24.440+0000] {subprocess.py:86} INFO - Output:
[2024-09-30T17:59:27.246+0000] {subprocess.py:93} INFO - [0m17:59:27  Running with dbt=1.8.0
[2024-09-30T17:59:27.588+0000] {subprocess.py:93} INFO - [0m17:59:27  Registered adapter: postgres=1.8.0
[2024-09-30T17:59:28.421+0000] {subprocess.py:93} INFO - [0m17:59:28  [[33mWARNING[0m]: Deprecated functionality
[2024-09-30T17:59:28.421+0000] {subprocess.py:93} INFO - The `tests` config has been renamed to `data_tests`. Please see
[2024-09-30T17:59:28.422+0000] {subprocess.py:93} INFO - https://docs.getdbt.com/docs/build/data-tests#new-data_tests-syntax for more
[2024-09-30T17:59:28.422+0000] {subprocess.py:93} INFO - information.
[2024-09-30T17:59:28.810+0000] {subprocess.py:93} INFO - [0m17:59:28  [[33mWARNING[0m]: Configuration paths exist in your dbt_project.yml file which do not apply to any resources.
[2024-09-30T17:59:28.811+0000] {subprocess.py:93} INFO - There are 2 unused configuration paths:
[2024-09-30T17:59:28.812+0000] {subprocess.py:93} INFO - - models.fact_trip.Dimensions
[2024-09-30T17:59:28.812+0000] {subprocess.py:93} INFO - - models.fact_trip.staging
[2024-09-30T17:59:29.102+0000] {subprocess.py:93} INFO - [0m17:59:29  Found 4 models, 6 data tests, 3 sources, 566 macros
[2024-09-30T17:59:29.105+0000] {subprocess.py:93} INFO - [0m17:59:29
[2024-09-30T17:59:29.277+0000] {subprocess.py:93} INFO - [0m17:59:29  Concurrency: 3 threads (target='dev')
[2024-09-30T17:59:29.279+0000] {subprocess.py:93} INFO - [0m17:59:29
[2024-09-30T17:59:29.300+0000] {subprocess.py:93} INFO - [0m17:59:29  1 of 1 START sql view model analysis.yellow_trip ............................... [RUN]
[2024-09-30T17:59:29.664+0000] {subprocess.py:93} INFO - [0m17:59:29  1 of 1 OK created sql view model analysis.yellow_trip .......................... [[32mCREATE VIEW[0m in 0.35s]
[2024-09-30T17:59:29.698+0000] {subprocess.py:93} INFO - [0m17:59:29
[2024-09-30T17:59:29.699+0000] {subprocess.py:93} INFO - [0m17:59:29  Finished running 1 view model in 0 hours 0 minutes and 0.59 seconds (0.59s).
[2024-09-30T17:59:29.976+0000] {subprocess.py:93} INFO - [0m17:59:29
[2024-09-30T17:59:29.977+0000] {subprocess.py:93} INFO - [0m17:59:29  [32mCompleted successfully[0m
[2024-09-30T17:59:29.978+0000] {subprocess.py:93} INFO - [0m17:59:29
[2024-09-30T17:59:29.979+0000] {subprocess.py:93} INFO - [0m17:59:29  Done. PASS=1 WARN=0 ERROR=0 SKIP=0 TOTAL=1
[2024-09-30T17:59:30.993+0000] {subprocess.py:97} INFO - Command exited with return code 0
[2024-09-30T17:59:30.994+0000] {taskinstance.py:441} INFO - ::group::Post task execution logs
[2024-09-30T17:59:31.025+0000] {taskinstance.py:1206} INFO - Marking task as SUCCESS. dag_id=Taxi_trip_pipeline, task_id=dbt_staging_layer.dbt_run_yellow_trip, run_id=manual__2024-09-30T17:47:30.127854+00:00, execution_date=20240930T174730, start_date=20240930T175924, end_date=20240930T175931
[2024-09-30T17:59:31.062+0000] {local_task_job_runner.py:240} INFO - Task exited with return code 0
[2024-09-30T17:59:31.093+0000] {taskinstance.py:3498} INFO - 0 downstream tasks scheduled from follow-on schedule check
[2024-09-30T17:59:31.097+0000] {local_task_job_runner.py:222} INFO - ::endgroup::
