[2024-09-30T18:00:27.285+0000] {local_task_job_runner.py:120} INFO - ::group::Pre task execution logs
[2024-09-30T18:00:27.316+0000] {taskinstance.py:2076} INFO - Dependencies all met for dep_context=non-requeueable deps ti=<TaskInstance: Taxi_trip_pipeline.dbt_staging_layer.dbt_run_yellow_trip manual__2024-09-30T17:47:30.127854+00:00 [queued]>
[2024-09-30T18:00:27.328+0000] {taskinstance.py:2076} INFO - Dependencies all met for dep_context=requeueable deps ti=<TaskInstance: Taxi_trip_pipeline.dbt_staging_layer.dbt_run_yellow_trip manual__2024-09-30T17:47:30.127854+00:00 [queued]>
[2024-09-30T18:00:27.329+0000] {taskinstance.py:2306} INFO - Starting attempt 6 of 6
[2024-09-30T18:00:27.344+0000] {taskinstance.py:2330} INFO - Executing <Task(BashOperator): dbt_staging_layer.dbt_run_yellow_trip> on 2024-09-30 17:47:30.127854+00:00
[2024-09-30T18:00:27.351+0000] {standard_task_runner.py:63} INFO - Started process 572 to run task
[2024-09-30T18:00:27.354+0000] {standard_task_runner.py:90} INFO - Running: ['***', 'tasks', 'run', 'Taxi_trip_pipeline', 'dbt_staging_layer.dbt_run_yellow_trip', 'manual__2024-09-30T17:47:30.127854+00:00', '--job-id', '73', '--raw', '--subdir', 'DAGS_FOLDER/taxi_trip.py', '--cfg-path', '/tmp/tmp7bqc934f']
[2024-09-30T18:00:27.357+0000] {standard_task_runner.py:91} INFO - Job 73: Subtask dbt_staging_layer.dbt_run_yellow_trip
[2024-09-30T18:00:27.406+0000] {task_command.py:426} INFO - Running <TaskInstance: Taxi_trip_pipeline.dbt_staging_layer.dbt_run_yellow_trip manual__2024-09-30T17:47:30.127854+00:00 [running]> on host 72cf0e8bafa8
[2024-09-30T18:00:27.496+0000] {taskinstance.py:2648} INFO - Exporting env vars: AIRFLOW_CTX_DAG_OWNER='Mahmoud' AIRFLOW_CTX_DAG_ID='Taxi_trip_pipeline' AIRFLOW_CTX_TASK_ID='dbt_staging_layer.dbt_run_yellow_trip' AIRFLOW_CTX_EXECUTION_DATE='2024-09-30T17:47:30.127854+00:00' AIRFLOW_CTX_TRY_NUMBER='6' AIRFLOW_CTX_DAG_RUN_ID='manual__2024-09-30T17:47:30.127854+00:00'
[2024-09-30T18:00:27.497+0000] {taskinstance.py:430} INFO - ::endgroup::
[2024-09-30T18:00:27.516+0000] {subprocess.py:63} INFO - Tmp dir root location: /tmp
[2024-09-30T18:00:27.517+0000] {subprocess.py:75} INFO - Running command: ['/usr/bin/bash', '-c', 'dbt run --profiles-dir /opt/***/DBT_Project  --project-dir /opt/***/dbt_trip --models yellow_trip']
[2024-09-30T18:00:27.532+0000] {subprocess.py:86} INFO - Output:
[2024-09-30T18:00:30.595+0000] {subprocess.py:93} INFO - [0m18:00:30  Running with dbt=1.8.0
[2024-09-30T18:00:30.935+0000] {subprocess.py:93} INFO - [0m18:00:30  Registered adapter: postgres=1.8.0
[2024-09-30T18:00:31.756+0000] {subprocess.py:93} INFO - [0m18:00:31  [[33mWARNING[0m]: Deprecated functionality
[2024-09-30T18:00:31.757+0000] {subprocess.py:93} INFO - The `tests` config has been renamed to `data_tests`. Please see
[2024-09-30T18:00:31.757+0000] {subprocess.py:93} INFO - https://docs.getdbt.com/docs/build/data-tests#new-data_tests-syntax for more
[2024-09-30T18:00:31.757+0000] {subprocess.py:93} INFO - information.
[2024-09-30T18:00:32.042+0000] {subprocess.py:93} INFO - [0m18:00:32  [[33mWARNING[0m]: Configuration paths exist in your dbt_project.yml file which do not apply to any resources.
[2024-09-30T18:00:32.042+0000] {subprocess.py:93} INFO - There are 2 unused configuration paths:
[2024-09-30T18:00:32.042+0000] {subprocess.py:93} INFO - - models.fact_trip.Dimensions
[2024-09-30T18:00:32.043+0000] {subprocess.py:93} INFO - - models.fact_trip.staging
[2024-09-30T18:00:32.292+0000] {subprocess.py:93} INFO - [0m18:00:32  Found 4 models, 6 data tests, 3 sources, 566 macros
[2024-09-30T18:00:32.296+0000] {subprocess.py:93} INFO - [0m18:00:32
[2024-09-30T18:00:32.512+0000] {subprocess.py:93} INFO - [0m18:00:32  Concurrency: 3 threads (target='dev')
[2024-09-30T18:00:32.513+0000] {subprocess.py:93} INFO - [0m18:00:32
[2024-09-30T18:00:32.534+0000] {subprocess.py:93} INFO - [0m18:00:32  1 of 1 START sql view model analysis.yellow_trip ............................... [RUN]
[2024-09-30T18:00:32.780+0000] {subprocess.py:93} INFO - [0m18:00:32  1 of 1 OK created sql view model analysis.yellow_trip .......................... [[32mCREATE VIEW[0m in 0.24s]
[2024-09-30T18:00:32.795+0000] {subprocess.py:93} INFO - [0m18:00:32
[2024-09-30T18:00:32.796+0000] {subprocess.py:93} INFO - [0m18:00:32  Finished running 1 view model in 0 hours 0 minutes and 0.50 seconds (0.50s).
[2024-09-30T18:00:32.857+0000] {subprocess.py:93} INFO - [0m18:00:32
[2024-09-30T18:00:32.857+0000] {subprocess.py:93} INFO - [0m18:00:32  [32mCompleted successfully[0m
[2024-09-30T18:00:32.858+0000] {subprocess.py:93} INFO - [0m18:00:32
[2024-09-30T18:00:32.858+0000] {subprocess.py:93} INFO - [0m18:00:32  Done. PASS=1 WARN=0 ERROR=0 SKIP=0 TOTAL=1
[2024-09-30T18:00:34.081+0000] {subprocess.py:97} INFO - Command exited with return code 0
[2024-09-30T18:00:34.082+0000] {taskinstance.py:441} INFO - ::group::Post task execution logs
[2024-09-30T18:00:34.104+0000] {taskinstance.py:1206} INFO - Marking task as SUCCESS. dag_id=Taxi_trip_pipeline, task_id=dbt_staging_layer.dbt_run_yellow_trip, run_id=manual__2024-09-30T17:47:30.127854+00:00, execution_date=20240930T174730, start_date=20240930T180027, end_date=20240930T180034
[2024-09-30T18:00:34.152+0000] {local_task_job_runner.py:240} INFO - Task exited with return code 0
[2024-09-30T18:00:34.179+0000] {taskinstance.py:3498} INFO - 1 downstream tasks scheduled from follow-on schedule check
[2024-09-30T18:00:34.182+0000] {local_task_job_runner.py:222} INFO - ::endgroup::
