[2024-09-30T17:57:09.385+0000] {local_task_job_runner.py:120} INFO - ::group::Pre task execution logs
[2024-09-30T17:57:09.415+0000] {taskinstance.py:2076} INFO - Dependencies all met for dep_context=non-requeueable deps ti=<TaskInstance: Taxi_trip_pipeline.dbt_staging_layer.dbt_run_yellow_trip manual__2024-09-30T17:47:30.127854+00:00 [queued]>
[2024-09-30T17:57:09.428+0000] {taskinstance.py:2076} INFO - Dependencies all met for dep_context=requeueable deps ti=<TaskInstance: Taxi_trip_pipeline.dbt_staging_layer.dbt_run_yellow_trip manual__2024-09-30T17:47:30.127854+00:00 [queued]>
[2024-09-30T17:57:09.428+0000] {taskinstance.py:2306} INFO - Starting attempt 4 of 4
[2024-09-30T17:57:09.442+0000] {taskinstance.py:2330} INFO - Executing <Task(BashOperator): dbt_staging_layer.dbt_run_yellow_trip> on 2024-09-30 17:47:30.127854+00:00
[2024-09-30T17:57:09.449+0000] {standard_task_runner.py:63} INFO - Started process 464 to run task
[2024-09-30T17:57:09.452+0000] {standard_task_runner.py:90} INFO - Running: ['***', 'tasks', 'run', 'Taxi_trip_pipeline', 'dbt_staging_layer.dbt_run_yellow_trip', 'manual__2024-09-30T17:47:30.127854+00:00', '--job-id', '67', '--raw', '--subdir', 'DAGS_FOLDER/taxi_trip.py', '--cfg-path', '/tmp/tmpja9qa94l']
[2024-09-30T17:57:09.454+0000] {standard_task_runner.py:91} INFO - Job 67: Subtask dbt_staging_layer.dbt_run_yellow_trip
[2024-09-30T17:57:09.500+0000] {task_command.py:426} INFO - Running <TaskInstance: Taxi_trip_pipeline.dbt_staging_layer.dbt_run_yellow_trip manual__2024-09-30T17:47:30.127854+00:00 [running]> on host 72cf0e8bafa8
[2024-09-30T17:57:09.586+0000] {taskinstance.py:2648} INFO - Exporting env vars: AIRFLOW_CTX_DAG_OWNER='Mahmoud' AIRFLOW_CTX_DAG_ID='Taxi_trip_pipeline' AIRFLOW_CTX_TASK_ID='dbt_staging_layer.dbt_run_yellow_trip' AIRFLOW_CTX_EXECUTION_DATE='2024-09-30T17:47:30.127854+00:00' AIRFLOW_CTX_TRY_NUMBER='4' AIRFLOW_CTX_DAG_RUN_ID='manual__2024-09-30T17:47:30.127854+00:00'
[2024-09-30T17:57:09.587+0000] {taskinstance.py:430} INFO - ::endgroup::
[2024-09-30T17:57:09.600+0000] {subprocess.py:63} INFO - Tmp dir root location: /tmp
[2024-09-30T17:57:09.600+0000] {subprocess.py:75} INFO - Running command: ['/usr/bin/bash', '-c', 'dbt run --profiles-dir /opt/***/DBT_Project  --project-dir /opt/***/dbt_trip --models yellow_trip']
[2024-09-30T17:57:09.613+0000] {subprocess.py:86} INFO - Output:
[2024-09-30T17:57:12.450+0000] {subprocess.py:93} INFO - [0m17:57:12  Running with dbt=1.8.0
[2024-09-30T17:57:12.792+0000] {subprocess.py:93} INFO - [0m17:57:12  Registered adapter: postgres=1.8.0
[2024-09-30T17:57:13.215+0000] {subprocess.py:93} INFO - [0m17:57:13  Unable to do partial parsing because of a version mismatch
[2024-09-30T17:57:15.518+0000] {subprocess.py:93} INFO - [0m17:57:15  [[33mWARNING[0m]: Deprecated functionality
[2024-09-30T17:57:15.518+0000] {subprocess.py:93} INFO - The `tests` config has been renamed to `data_tests`. Please see
[2024-09-30T17:57:15.519+0000] {subprocess.py:93} INFO - https://docs.getdbt.com/docs/build/data-tests#new-data_tests-syntax for more
[2024-09-30T17:57:15.519+0000] {subprocess.py:93} INFO - information.
[2024-09-30T17:57:15.995+0000] {subprocess.py:93} INFO - [0m17:57:15  [[33mWARNING[0m]: Configuration paths exist in your dbt_project.yml file which do not apply to any resources.
[2024-09-30T17:57:15.995+0000] {subprocess.py:93} INFO - There are 2 unused configuration paths:
[2024-09-30T17:57:15.995+0000] {subprocess.py:93} INFO - - models.fact_trip.Dimensions
[2024-09-30T17:57:15.995+0000] {subprocess.py:93} INFO - - models.fact_trip.staging
[2024-09-30T17:57:16.270+0000] {subprocess.py:93} INFO - [0m17:57:16  Found 4 models, 6 data tests, 3 sources, 566 macros
[2024-09-30T17:57:16.275+0000] {subprocess.py:93} INFO - [0m17:57:16
[2024-09-30T17:57:16.458+0000] {subprocess.py:93} INFO - [0m17:57:16  Concurrency: 3 threads (target='dev')
[2024-09-30T17:57:16.460+0000] {subprocess.py:93} INFO - [0m17:57:16
[2024-09-30T17:57:16.476+0000] {subprocess.py:93} INFO - [0m17:57:16  1 of 1 START sql view model analysis.yellow_trip ............................... [RUN]
[2024-09-30T17:57:16.716+0000] {subprocess.py:93} INFO - [0m17:57:16  1 of 1 OK created sql view model analysis.yellow_trip .......................... [[32mCREATE VIEW[0m in 0.24s]
[2024-09-30T17:57:16.728+0000] {subprocess.py:93} INFO - [0m17:57:16
[2024-09-30T17:57:16.729+0000] {subprocess.py:93} INFO - [0m17:57:16  Finished running 1 view model in 0 hours 0 minutes and 0.45 seconds (0.45s).
[2024-09-30T17:57:16.779+0000] {subprocess.py:93} INFO - [0m17:57:16
[2024-09-30T17:57:16.780+0000] {subprocess.py:93} INFO - [0m17:57:16  [32mCompleted successfully[0m
[2024-09-30T17:57:16.780+0000] {subprocess.py:93} INFO - [0m17:57:16
[2024-09-30T17:57:16.781+0000] {subprocess.py:93} INFO - [0m17:57:16  Done. PASS=1 WARN=0 ERROR=0 SKIP=0 TOTAL=1
[2024-09-30T17:57:18.745+0000] {subprocess.py:97} INFO - Command exited with return code 0
[2024-09-30T17:57:18.746+0000] {taskinstance.py:441} INFO - ::group::Post task execution logs
[2024-09-30T17:57:18.769+0000] {taskinstance.py:1206} INFO - Marking task as SUCCESS. dag_id=Taxi_trip_pipeline, task_id=dbt_staging_layer.dbt_run_yellow_trip, run_id=manual__2024-09-30T17:47:30.127854+00:00, execution_date=20240930T174730, start_date=20240930T175709, end_date=20240930T175718
[2024-09-30T17:57:18.815+0000] {local_task_job_runner.py:240} INFO - Task exited with return code 0
[2024-09-30T17:57:18.836+0000] {taskinstance.py:3498} INFO - 0 downstream tasks scheduled from follow-on schedule check
[2024-09-30T17:57:18.837+0000] {local_task_job_runner.py:222} INFO - ::endgroup::
