[2024-10-12T09:31:34.003+0000] {local_task_job_runner.py:120} INFO - ::group::Pre task execution logs
[2024-10-12T09:31:34.029+0000] {taskinstance.py:2076} INFO - Dependencies all met for dep_context=non-requeueable deps ti=<TaskInstance: Taxi_trip_pipeline.dbt_transformation_layer.dbt_run_model_green_trip scheduled__2024-10-12T09:15:00+00:00 [queued]>
[2024-10-12T09:31:34.038+0000] {taskinstance.py:2076} INFO - Dependencies all met for dep_context=requeueable deps ti=<TaskInstance: Taxi_trip_pipeline.dbt_transformation_layer.dbt_run_model_green_trip scheduled__2024-10-12T09:15:00+00:00 [queued]>
[2024-10-12T09:31:34.039+0000] {taskinstance.py:2306} INFO - Starting attempt 1 of 1
[2024-10-12T09:31:34.053+0000] {taskinstance.py:2330} INFO - Executing <Task(BashOperator): dbt_transformation_layer.dbt_run_model_green_trip> on 2024-10-12 09:15:00+00:00
[2024-10-12T09:31:34.061+0000] {standard_task_runner.py:63} INFO - Started process 72 to run task
[2024-10-12T09:31:34.065+0000] {standard_task_runner.py:90} INFO - Running: ['***', 'tasks', 'run', 'Taxi_trip_pipeline', 'dbt_transformation_layer.dbt_run_model_green_trip', 'scheduled__2024-10-12T09:15:00+00:00', '--job-id', '548', '--raw', '--subdir', 'DAGS_FOLDER/taxi_trip.py', '--cfg-path', '/tmp/tmp_ffpdftr']
[2024-10-12T09:31:34.067+0000] {standard_task_runner.py:91} INFO - Job 548: Subtask dbt_transformation_layer.dbt_run_model_green_trip
[2024-10-12T09:31:34.122+0000] {task_command.py:426} INFO - Running <TaskInstance: Taxi_trip_pipeline.dbt_transformation_layer.dbt_run_model_green_trip scheduled__2024-10-12T09:15:00+00:00 [running]> on host cb13d84d2d77
[2024-10-12T09:31:34.241+0000] {taskinstance.py:2648} INFO - Exporting env vars: AIRFLOW_CTX_DAG_OWNER='Mahmoud' AIRFLOW_CTX_DAG_ID='Taxi_trip_pipeline' AIRFLOW_CTX_TASK_ID='dbt_transformation_layer.dbt_run_model_green_trip' AIRFLOW_CTX_EXECUTION_DATE='2024-10-12T09:15:00+00:00' AIRFLOW_CTX_TRY_NUMBER='1' AIRFLOW_CTX_DAG_RUN_ID='scheduled__2024-10-12T09:15:00+00:00'
[2024-10-12T09:31:34.243+0000] {taskinstance.py:430} INFO - ::endgroup::
[2024-10-12T09:31:34.261+0000] {subprocess.py:63} INFO - Tmp dir root location: /tmp
[2024-10-12T09:31:34.263+0000] {subprocess.py:75} INFO - Running command: ['/usr/bin/bash', '-c', 'dbt run --profiles-dir /opt/***/DBT_Project  --project-dir /opt/***/dbt_trip --models green_trip']
[2024-10-12T09:31:34.285+0000] {subprocess.py:86} INFO - Output:
[2024-10-12T09:31:37.300+0000] {subprocess.py:93} INFO - [0m09:31:37  Running with dbt=1.8.0
[2024-10-12T09:31:37.619+0000] {subprocess.py:93} INFO - [0m09:31:37  Registered adapter: postgres=1.8.0
[2024-10-12T09:31:38.065+0000] {subprocess.py:93} INFO - [0m09:31:38  [[33mWARNING[0m]: Configuration paths exist in your dbt_project.yml file which do not apply to any resources.
[2024-10-12T09:31:38.066+0000] {subprocess.py:93} INFO - There are 2 unused configuration paths:
[2024-10-12T09:31:38.066+0000] {subprocess.py:93} INFO - - models.fact_trip.Dimensions
[2024-10-12T09:31:38.067+0000] {subprocess.py:93} INFO - - models.fact_trip.staging
[2024-10-12T09:31:38.365+0000] {subprocess.py:93} INFO - [0m09:31:38  Found 4 models, 6 data tests, 3 sources, 566 macros
[2024-10-12T09:31:38.370+0000] {subprocess.py:93} INFO - [0m09:31:38
[2024-10-12T09:31:38.544+0000] {subprocess.py:93} INFO - [0m09:31:38  Concurrency: 3 threads (target='dev')
[2024-10-12T09:31:38.546+0000] {subprocess.py:93} INFO - [0m09:31:38
[2024-10-12T09:31:38.564+0000] {subprocess.py:93} INFO - [0m09:31:38  1 of 1 START sql view model analysis.green_trip ................................ [RUN]
[2024-10-12T09:31:38.818+0000] {subprocess.py:93} INFO - [0m09:31:38  1 of 1 OK created sql view model analysis.green_trip ........................... [[32mCREATE VIEW[0m in 0.25s]
[2024-10-12T09:31:38.839+0000] {subprocess.py:93} INFO - [0m09:31:38
[2024-10-12T09:31:38.840+0000] {subprocess.py:93} INFO - [0m09:31:38  Finished running 1 view model in 0 hours 0 minutes and 0.47 seconds (0.47s).
[2024-10-12T09:31:38.917+0000] {subprocess.py:93} INFO - [0m09:31:38
[2024-10-12T09:31:38.919+0000] {subprocess.py:93} INFO - [0m09:31:38  [32mCompleted successfully[0m
[2024-10-12T09:31:38.920+0000] {subprocess.py:93} INFO - [0m09:31:38
[2024-10-12T09:31:38.921+0000] {subprocess.py:93} INFO - [0m09:31:38  Done. PASS=1 WARN=0 ERROR=0 SKIP=0 TOTAL=1
[2024-10-12T09:31:45.056+0000] {subprocess.py:97} INFO - Command exited with return code 0
[2024-10-12T09:31:45.057+0000] {taskinstance.py:441} INFO - ::group::Post task execution logs
[2024-10-12T09:31:45.082+0000] {taskinstance.py:1206} INFO - Marking task as SUCCESS. dag_id=Taxi_trip_pipeline, task_id=dbt_transformation_layer.dbt_run_model_green_trip, run_id=scheduled__2024-10-12T09:15:00+00:00, execution_date=20241012T091500, start_date=20241012T093134, end_date=20241012T093145
[2024-10-12T09:31:45.142+0000] {local_task_job_runner.py:240} INFO - Task exited with return code 0
[2024-10-12T09:31:45.168+0000] {taskinstance.py:3498} INFO - 0 downstream tasks scheduled from follow-on schedule check
[2024-10-12T09:31:45.170+0000] {local_task_job_runner.py:222} INFO - ::endgroup::
