[2024-10-01T15:14:11.290+0000] {local_task_job_runner.py:120} INFO - ::group::Pre task execution logs
[2024-10-01T15:14:11.314+0000] {taskinstance.py:2076} INFO - Dependencies all met for dep_context=non-requeueable deps ti=<TaskInstance: Taxi_trip_pipeline.dbt_transformation_layer.dbt_run_model_zone_lookup scheduled__2024-10-01T14:45:00+00:00 [queued]>
[2024-10-01T15:14:11.325+0000] {taskinstance.py:2076} INFO - Dependencies all met for dep_context=requeueable deps ti=<TaskInstance: Taxi_trip_pipeline.dbt_transformation_layer.dbt_run_model_zone_lookup scheduled__2024-10-01T14:45:00+00:00 [queued]>
[2024-10-01T15:14:11.326+0000] {taskinstance.py:2306} INFO - Starting attempt 1 of 1
[2024-10-01T15:14:11.337+0000] {taskinstance.py:2330} INFO - Executing <Task(BashOperator): dbt_transformation_layer.dbt_run_model_zone_lookup> on 2024-10-01 14:45:00+00:00
[2024-10-01T15:14:11.345+0000] {standard_task_runner.py:63} INFO - Started process 2048 to run task
[2024-10-01T15:14:11.349+0000] {standard_task_runner.py:90} INFO - Running: ['***', 'tasks', 'run', 'Taxi_trip_pipeline', 'dbt_transformation_layer.dbt_run_model_zone_lookup', 'scheduled__2024-10-01T14:45:00+00:00', '--job-id', '282', '--raw', '--subdir', 'DAGS_FOLDER/taxi_trip.py', '--cfg-path', '/tmp/tmpvh6d3agr']
[2024-10-01T15:14:11.351+0000] {standard_task_runner.py:91} INFO - Job 282: Subtask dbt_transformation_layer.dbt_run_model_zone_lookup
[2024-10-01T15:14:11.404+0000] {task_command.py:426} INFO - Running <TaskInstance: Taxi_trip_pipeline.dbt_transformation_layer.dbt_run_model_zone_lookup scheduled__2024-10-01T14:45:00+00:00 [running]> on host fcb0f9e87e2b
[2024-10-01T15:14:11.505+0000] {taskinstance.py:2648} INFO - Exporting env vars: AIRFLOW_CTX_DAG_OWNER='Mahmoud' AIRFLOW_CTX_DAG_ID='Taxi_trip_pipeline' AIRFLOW_CTX_TASK_ID='dbt_transformation_layer.dbt_run_model_zone_lookup' AIRFLOW_CTX_EXECUTION_DATE='2024-10-01T14:45:00+00:00' AIRFLOW_CTX_TRY_NUMBER='1' AIRFLOW_CTX_DAG_RUN_ID='scheduled__2024-10-01T14:45:00+00:00'
[2024-10-01T15:14:11.506+0000] {taskinstance.py:430} INFO - ::endgroup::
[2024-10-01T15:14:11.520+0000] {subprocess.py:63} INFO - Tmp dir root location: /tmp
[2024-10-01T15:14:11.521+0000] {subprocess.py:75} INFO - Running command: ['/usr/bin/bash', '-c', 'dbt run --profiles-dir /opt/***/DBT_Project  --project-dir /opt/***/dbt_trip --models zone_lookup']
[2024-10-01T15:14:11.538+0000] {subprocess.py:86} INFO - Output:
[2024-10-01T15:14:14.757+0000] {subprocess.py:93} INFO - [0m15:14:14  Running with dbt=1.8.0
[2024-10-01T15:14:15.151+0000] {subprocess.py:93} INFO - [0m15:14:15  Registered adapter: postgres=1.8.0
[2024-10-01T15:14:15.673+0000] {subprocess.py:93} INFO - [0m15:14:15  [[33mWARNING[0m]: Configuration paths exist in your dbt_project.yml file which do not apply to any resources.
[2024-10-01T15:14:15.673+0000] {subprocess.py:93} INFO - There are 2 unused configuration paths:
[2024-10-01T15:14:15.674+0000] {subprocess.py:93} INFO - - models.fact_trip.staging
[2024-10-01T15:14:15.674+0000] {subprocess.py:93} INFO - - models.fact_trip.Dimensions
[2024-10-01T15:14:15.917+0000] {subprocess.py:93} INFO - [0m15:14:15  Found 4 models, 6 data tests, 3 sources, 566 macros
[2024-10-01T15:14:15.919+0000] {subprocess.py:93} INFO - [0m15:14:15
[2024-10-01T15:14:16.063+0000] {subprocess.py:93} INFO - [0m15:14:16  Concurrency: 3 threads (target='dev')
[2024-10-01T15:14:16.064+0000] {subprocess.py:93} INFO - [0m15:14:16
[2024-10-01T15:14:16.081+0000] {subprocess.py:93} INFO - [0m15:14:16  1 of 1 START sql view model analysis.zone_lookup ............................... [RUN]
[2024-10-01T15:14:16.235+0000] {subprocess.py:93} INFO - [0m15:14:16  1 of 1 OK created sql view model analysis.zone_lookup .......................... [[32mCREATE VIEW[0m in 0.15s]
[2024-10-01T15:14:16.249+0000] {subprocess.py:93} INFO - [0m15:14:16
[2024-10-01T15:14:16.249+0000] {subprocess.py:93} INFO - [0m15:14:16  Finished running 1 view model in 0 hours 0 minutes and 0.33 seconds (0.33s).
[2024-10-01T15:14:16.304+0000] {subprocess.py:93} INFO - [0m15:14:16
[2024-10-01T15:14:16.305+0000] {subprocess.py:93} INFO - [0m15:14:16  [32mCompleted successfully[0m
[2024-10-01T15:14:16.306+0000] {subprocess.py:93} INFO - [0m15:14:16
[2024-10-01T15:14:16.307+0000] {subprocess.py:93} INFO - [0m15:14:16  Done. PASS=1 WARN=0 ERROR=0 SKIP=0 TOTAL=1
[2024-10-01T15:14:17.528+0000] {subprocess.py:97} INFO - Command exited with return code 0
[2024-10-01T15:14:17.529+0000] {taskinstance.py:441} INFO - ::group::Post task execution logs
[2024-10-01T15:14:17.553+0000] {taskinstance.py:1206} INFO - Marking task as SUCCESS. dag_id=Taxi_trip_pipeline, task_id=dbt_transformation_layer.dbt_run_model_zone_lookup, run_id=scheduled__2024-10-01T14:45:00+00:00, execution_date=20241001T144500, start_date=20241001T151411, end_date=20241001T151417
[2024-10-01T15:14:17.611+0000] {local_task_job_runner.py:240} INFO - Task exited with return code 0
[2024-10-01T15:14:17.634+0000] {taskinstance.py:3498} INFO - 0 downstream tasks scheduled from follow-on schedule check
[2024-10-01T15:14:17.635+0000] {local_task_job_runner.py:222} INFO - ::endgroup::
