[2024-09-25T19:46:41.783+0000] {local_task_job_runner.py:120} INFO - ::group::Pre task execution logs
[2024-09-25T19:46:41.807+0000] {taskinstance.py:2076} INFO - Dependencies all met for dep_context=non-requeueable deps ti=<TaskInstance: Taxi_trip_pipeline.load_group.load_green_trip manual__2024-09-25T19:46:28.277676+00:00 [queued]>
[2024-09-25T19:46:41.816+0000] {taskinstance.py:2076} INFO - Dependencies all met for dep_context=requeueable deps ti=<TaskInstance: Taxi_trip_pipeline.load_group.load_green_trip manual__2024-09-25T19:46:28.277676+00:00 [queued]>
[2024-09-25T19:46:41.816+0000] {taskinstance.py:2306} INFO - Starting attempt 1 of 1
[2024-09-25T19:46:41.829+0000] {taskinstance.py:2330} INFO - Executing <Task(PythonOperator): load_group.load_green_trip> on 2024-09-25 19:46:28.277676+00:00
[2024-09-25T19:46:41.838+0000] {standard_task_runner.py:63} INFO - Started process 252 to run task
[2024-09-25T19:46:41.840+0000] {standard_task_runner.py:90} INFO - Running: ['***', 'tasks', 'run', 'Taxi_trip_pipeline', 'load_group.load_green_trip', 'manual__2024-09-25T19:46:28.277676+00:00', '--job-id', '134', '--raw', '--subdir', 'DAGS_FOLDER/taxi_trip.py', '--cfg-path', '/tmp/tmp9laedqmw']
[2024-09-25T19:46:41.843+0000] {standard_task_runner.py:91} INFO - Job 134: Subtask load_group.load_green_trip
[2024-09-25T19:46:41.891+0000] {task_command.py:426} INFO - Running <TaskInstance: Taxi_trip_pipeline.load_group.load_green_trip manual__2024-09-25T19:46:28.277676+00:00 [running]> on host 3aa1deac3d71
[2024-09-25T19:46:41.983+0000] {taskinstance.py:2648} INFO - Exporting env vars: AIRFLOW_CTX_DAG_OWNER='Mahmoud' AIRFLOW_CTX_DAG_ID='Taxi_trip_pipeline' AIRFLOW_CTX_TASK_ID='load_group.load_green_trip' AIRFLOW_CTX_EXECUTION_DATE='2024-09-25T19:46:28.277676+00:00' AIRFLOW_CTX_TRY_NUMBER='1' AIRFLOW_CTX_DAG_RUN_ID='manual__2024-09-25T19:46:28.277676+00:00'
[2024-09-25T19:46:41.984+0000] {taskinstance.py:430} INFO - ::endgroup::
[2024-09-25T19:46:42.292+0000] {taxi_trip.py:65} INFO - Loading green trip data started with 1 rows
[2024-09-25T19:46:42.292+0000] {Load_data.py:11} INFO - Loading green trip data...
[2024-09-25T19:46:42.293+0000] {Load_data.py:12} INFO - green trip with 1rows
[2024-09-25T19:46:42.293+0000] {Load_data.py:41} ERROR - Error loading green_trip: 'list' object has no attribute 'astype'
[2024-09-25T19:46:42.293+0000] {taxi_trip.py:67} INFO - Loading green trip data done
[2024-09-25T19:46:42.293+0000] {python.py:237} INFO - Done. Returned value was: None
[2024-09-25T19:46:42.293+0000] {taskinstance.py:441} INFO - ::group::Post task execution logs
[2024-09-25T19:46:42.309+0000] {taskinstance.py:1206} INFO - Marking task as SUCCESS. dag_id=Taxi_trip_pipeline, task_id=load_group.load_green_trip, run_id=manual__2024-09-25T19:46:28.277676+00:00, execution_date=20240925T194628, start_date=20240925T194641, end_date=20240925T194642
[2024-09-25T19:46:42.414+0000] {local_task_job_runner.py:240} INFO - Task exited with return code 0
[2024-09-25T19:46:42.434+0000] {taskinstance.py:3498} INFO - 0 downstream tasks scheduled from follow-on schedule check
[2024-09-25T19:46:42.468+0000] {local_task_job_runner.py:222} INFO - ::endgroup::
