[2024-10-01T14:28:20.960+0000] {local_task_job_runner.py:120} INFO - ::group::Pre task execution logs
[2024-10-01T14:28:20.985+0000] {taskinstance.py:2076} INFO - Dependencies all met for dep_context=non-requeueable deps ti=<TaskInstance: Taxi_trip_pipeline.dbt_staging_layer.dbt_run_yellow_trip manual__2024-10-01T13:50:22.623616+00:00 [queued]>
[2024-10-01T14:28:20.996+0000] {taskinstance.py:2076} INFO - Dependencies all met for dep_context=requeueable deps ti=<TaskInstance: Taxi_trip_pipeline.dbt_staging_layer.dbt_run_yellow_trip manual__2024-10-01T13:50:22.623616+00:00 [queued]>
[2024-10-01T14:28:20.997+0000] {taskinstance.py:2306} INFO - Starting attempt 2 of 2
[2024-10-01T14:28:21.014+0000] {taskinstance.py:2330} INFO - Executing <Task(BashOperator): dbt_staging_layer.dbt_run_yellow_trip> on 2024-10-01 13:50:22.623616+00:00
[2024-10-01T14:28:21.021+0000] {standard_task_runner.py:63} INFO - Started process 1714 to run task
[2024-10-01T14:28:21.025+0000] {standard_task_runner.py:90} INFO - Running: ['***', 'tasks', 'run', 'Taxi_trip_pipeline', 'dbt_staging_layer.dbt_run_yellow_trip', 'manual__2024-10-01T13:50:22.623616+00:00', '--job-id', '258', '--raw', '--subdir', 'DAGS_FOLDER/taxi_trip.py', '--cfg-path', '/tmp/tmp07ir84qx']
[2024-10-01T14:28:21.027+0000] {standard_task_runner.py:91} INFO - Job 258: Subtask dbt_staging_layer.dbt_run_yellow_trip
[2024-10-01T14:28:21.075+0000] {task_command.py:426} INFO - Running <TaskInstance: Taxi_trip_pipeline.dbt_staging_layer.dbt_run_yellow_trip manual__2024-10-01T13:50:22.623616+00:00 [running]> on host fcb0f9e87e2b
[2024-10-01T14:28:21.179+0000] {taskinstance.py:2648} INFO - Exporting env vars: AIRFLOW_CTX_DAG_OWNER='Mahmoud' AIRFLOW_CTX_DAG_ID='Taxi_trip_pipeline' AIRFLOW_CTX_TASK_ID='dbt_staging_layer.dbt_run_yellow_trip' AIRFLOW_CTX_EXECUTION_DATE='2024-10-01T13:50:22.623616+00:00' AIRFLOW_CTX_TRY_NUMBER='2' AIRFLOW_CTX_DAG_RUN_ID='manual__2024-10-01T13:50:22.623616+00:00'
[2024-10-01T14:28:21.181+0000] {taskinstance.py:430} INFO - ::endgroup::
[2024-10-01T14:28:21.196+0000] {subprocess.py:63} INFO - Tmp dir root location: /tmp
[2024-10-01T14:28:21.197+0000] {subprocess.py:75} INFO - Running command: ['/usr/bin/bash', '-c', 'dbt run --profiles-dir /opt/***/DBT_Project  --project-dir /opt/***/dbt_trip --models yellow_trip']
[2024-10-01T14:28:21.211+0000] {subprocess.py:86} INFO - Output:
[2024-10-01T14:28:24.146+0000] {subprocess.py:93} INFO - [0m14:28:24  Running with dbt=1.8.0
[2024-10-01T14:28:24.495+0000] {subprocess.py:93} INFO - [0m14:28:24  Registered adapter: postgres=1.8.0
[2024-10-01T14:28:25.029+0000] {subprocess.py:93} INFO - [0m14:28:25  [[33mWARNING[0m]: Configuration paths exist in your dbt_project.yml file which do not apply to any resources.
[2024-10-01T14:28:25.030+0000] {subprocess.py:93} INFO - There are 2 unused configuration paths:
[2024-10-01T14:28:25.030+0000] {subprocess.py:93} INFO - - models.fact_trip.staging
[2024-10-01T14:28:25.030+0000] {subprocess.py:93} INFO - - models.fact_trip.Dimensions
[2024-10-01T14:28:25.313+0000] {subprocess.py:93} INFO - [0m14:28:25  Found 4 models, 6 data tests, 3 sources, 566 macros
[2024-10-01T14:28:25.315+0000] {subprocess.py:93} INFO - [0m14:28:25
[2024-10-01T14:28:25.506+0000] {subprocess.py:93} INFO - [0m14:28:25  Concurrency: 3 threads (target='dev')
[2024-10-01T14:28:25.509+0000] {subprocess.py:93} INFO - [0m14:28:25
[2024-10-01T14:28:25.525+0000] {subprocess.py:93} INFO - [0m14:28:25  1 of 1 START sql view model analysis.yellow_trip ............................... [RUN]
[2024-10-01T14:28:25.754+0000] {subprocess.py:93} INFO - [0m14:28:25  1 of 1 OK created sql view model analysis.yellow_trip .......................... [[32mCREATE VIEW[0m in 0.23s]
[2024-10-01T14:28:25.766+0000] {subprocess.py:93} INFO - [0m14:28:25
[2024-10-01T14:28:25.767+0000] {subprocess.py:93} INFO - [0m14:28:25  Finished running 1 view model in 0 hours 0 minutes and 0.45 seconds (0.45s).
[2024-10-01T14:28:25.827+0000] {subprocess.py:93} INFO - [0m14:28:25
[2024-10-01T14:28:25.827+0000] {subprocess.py:93} INFO - [0m14:28:25  [32mCompleted successfully[0m
[2024-10-01T14:28:25.828+0000] {subprocess.py:93} INFO - [0m14:28:25
[2024-10-01T14:28:25.828+0000] {subprocess.py:93} INFO - [0m14:28:25  Done. PASS=1 WARN=0 ERROR=0 SKIP=0 TOTAL=1
[2024-10-01T14:28:26.868+0000] {subprocess.py:97} INFO - Command exited with return code 0
[2024-10-01T14:28:26.869+0000] {taskinstance.py:441} INFO - ::group::Post task execution logs
[2024-10-01T14:28:26.897+0000] {taskinstance.py:1206} INFO - Marking task as SUCCESS. dag_id=Taxi_trip_pipeline, task_id=dbt_staging_layer.dbt_run_yellow_trip, run_id=manual__2024-10-01T13:50:22.623616+00:00, execution_date=20241001T135022, start_date=20241001T142820, end_date=20241001T142826
[2024-10-01T14:28:26.928+0000] {local_task_job_runner.py:240} INFO - Task exited with return code 0
[2024-10-01T14:28:26.962+0000] {taskinstance.py:3498} INFO - 0 downstream tasks scheduled from follow-on schedule check
[2024-10-01T14:28:26.963+0000] {local_task_job_runner.py:222} INFO - ::endgroup::
