[2024-10-12T13:03:11.771+0000] {local_task_job_runner.py:120} INFO - ::group::Pre task execution logs
[2024-10-12T13:03:11.815+0000] {taskinstance.py:2076} INFO - Dependencies all met for dep_context=non-requeueable deps ti=<TaskInstance: Taxi_trip_pipeline.extraction_layer.extract_yellow_date scheduled__2024-10-12T12:45:00+00:00 [queued]>
[2024-10-12T13:03:11.832+0000] {taskinstance.py:2076} INFO - Dependencies all met for dep_context=requeueable deps ti=<TaskInstance: Taxi_trip_pipeline.extraction_layer.extract_yellow_date scheduled__2024-10-12T12:45:00+00:00 [queued]>
[2024-10-12T13:03:11.832+0000] {taskinstance.py:2306} INFO - Starting attempt 1 of 1
[2024-10-12T13:03:11.862+0000] {taskinstance.py:2330} INFO - Executing <Task(PythonOperator): extraction_layer.extract_yellow_date> on 2024-10-12 12:45:00+00:00
[2024-10-12T13:03:11.872+0000] {standard_task_runner.py:63} INFO - Started process 79 to run task
[2024-10-12T13:03:11.877+0000] {standard_task_runner.py:90} INFO - Running: ['***', 'tasks', 'run', 'Taxi_trip_pipeline', 'extraction_layer.extract_yellow_date', 'scheduled__2024-10-12T12:45:00+00:00', '--job-id', '5', '--raw', '--subdir', 'DAGS_FOLDER/taxi_trip.py', '--cfg-path', '/tmp/tmp1grgld2a']
[2024-10-12T13:03:11.880+0000] {standard_task_runner.py:91} INFO - Job 5: Subtask extraction_layer.extract_yellow_date
[2024-10-12T13:03:11.998+0000] {task_command.py:426} INFO - Running <TaskInstance: Taxi_trip_pipeline.extraction_layer.extract_yellow_date scheduled__2024-10-12T12:45:00+00:00 [running]> on host ebdcf85807fc
[2024-10-12T13:03:12.199+0000] {taskinstance.py:2648} INFO - Exporting env vars: AIRFLOW_CTX_DAG_OWNER='Mahmoud' AIRFLOW_CTX_DAG_ID='Taxi_trip_pipeline' AIRFLOW_CTX_TASK_ID='extraction_layer.extract_yellow_date' AIRFLOW_CTX_EXECUTION_DATE='2024-10-12T12:45:00+00:00' AIRFLOW_CTX_TRY_NUMBER='1' AIRFLOW_CTX_DAG_RUN_ID='scheduled__2024-10-12T12:45:00+00:00'
[2024-10-12T13:03:12.201+0000] {taskinstance.py:430} INFO - ::endgroup::
[2024-10-12T13:03:12.228+0000] {taxi_trip.py:53} INFO - Data extraction for yellow trip started
[2024-10-12T13:03:12.241+0000] {db_utils.py:16} INFO - Connected to PostgreSQL database successfully
[2024-10-12T13:03:12.242+0000] {Process_data.py:47} INFO - Start transforming Yellow Trip data...
[2024-10-12T13:03:12.244+0000] {taxi_trip.py:56} INFO - Data extraction for yellow trip done
[2024-10-12T13:03:12.244+0000] {taxi_trip.py:63} WARNING - No data found for yellow trip
[2024-10-12T13:03:12.245+0000] {python.py:237} INFO - Done. Returned value was: None
[2024-10-12T13:03:12.246+0000] {taskinstance.py:441} INFO - ::group::Post task execution logs
[2024-10-12T13:03:12.270+0000] {taskinstance.py:1206} INFO - Marking task as SUCCESS. dag_id=Taxi_trip_pipeline, task_id=extraction_layer.extract_yellow_date, run_id=scheduled__2024-10-12T12:45:00+00:00, execution_date=20241012T124500, start_date=20241012T130311, end_date=20241012T130312
[2024-10-12T13:03:12.339+0000] {local_task_job_runner.py:240} INFO - Task exited with return code 0
[2024-10-12T13:03:12.414+0000] {taskinstance.py:3498} INFO - 1 downstream tasks scheduled from follow-on schedule check
[2024-10-12T13:03:12.416+0000] {local_task_job_runner.py:222} INFO - ::endgroup::
[2024-10-12T13:14:11.683+0000] {local_task_job_runner.py:120} INFO - ::group::Pre task execution logs
[2024-10-12T13:14:11.711+0000] {taskinstance.py:2076} INFO - Dependencies all met for dep_context=non-requeueable deps ti=<TaskInstance: Taxi_trip_pipeline.extraction_layer.extract_yellow_date scheduled__2024-10-12T12:45:00+00:00 [queued]>
[2024-10-12T13:14:11.725+0000] {taskinstance.py:2076} INFO - Dependencies all met for dep_context=requeueable deps ti=<TaskInstance: Taxi_trip_pipeline.extraction_layer.extract_yellow_date scheduled__2024-10-12T12:45:00+00:00 [queued]>
[2024-10-12T13:14:11.727+0000] {taskinstance.py:2306} INFO - Starting attempt 1 of 1
[2024-10-12T13:14:11.742+0000] {taskinstance.py:2330} INFO - Executing <Task(PythonOperator): extraction_layer.extract_yellow_date> on 2024-10-12 12:45:00+00:00
[2024-10-12T13:14:11.752+0000] {standard_task_runner.py:63} INFO - Started process 319 to run task
[2024-10-12T13:14:11.756+0000] {standard_task_runner.py:90} INFO - Running: ['***', 'tasks', 'run', 'Taxi_trip_pipeline', 'extraction_layer.extract_yellow_date', 'scheduled__2024-10-12T12:45:00+00:00', '--job-id', '24', '--raw', '--subdir', 'DAGS_FOLDER/taxi_trip.py', '--cfg-path', '/tmp/tmp6ny7wtc6']
[2024-10-12T13:14:11.758+0000] {standard_task_runner.py:91} INFO - Job 24: Subtask extraction_layer.extract_yellow_date
[2024-10-12T13:14:11.822+0000] {task_command.py:426} INFO - Running <TaskInstance: Taxi_trip_pipeline.extraction_layer.extract_yellow_date scheduled__2024-10-12T12:45:00+00:00 [running]> on host ebdcf85807fc
[2024-10-12T13:14:11.935+0000] {taskinstance.py:2648} INFO - Exporting env vars: AIRFLOW_CTX_DAG_OWNER='Mahmoud' AIRFLOW_CTX_DAG_ID='Taxi_trip_pipeline' AIRFLOW_CTX_TASK_ID='extraction_layer.extract_yellow_date' AIRFLOW_CTX_EXECUTION_DATE='2024-10-12T12:45:00+00:00' AIRFLOW_CTX_TRY_NUMBER='1' AIRFLOW_CTX_DAG_RUN_ID='scheduled__2024-10-12T12:45:00+00:00'
[2024-10-12T13:14:11.936+0000] {taskinstance.py:430} INFO - ::endgroup::
[2024-10-12T13:14:11.953+0000] {taxi_trip.py:53} INFO - Data extraction for yellow trip started
[2024-10-12T13:14:11.962+0000] {db_utils.py:16} INFO - Connected to PostgreSQL database successfully
[2024-10-12T13:14:11.963+0000] {Process_data.py:47} INFO - Start transforming Yellow Trip data...
[2024-10-12T13:14:11.963+0000] {taxi_trip.py:56} INFO - Data extraction for yellow trip done
[2024-10-12T13:14:11.963+0000] {taxi_trip.py:63} WARNING - No data found for yellow trip
[2024-10-12T13:14:11.963+0000] {python.py:237} INFO - Done. Returned value was: None
[2024-10-12T13:14:11.964+0000] {taskinstance.py:441} INFO - ::group::Post task execution logs
[2024-10-12T13:14:11.975+0000] {taskinstance.py:1206} INFO - Marking task as SUCCESS. dag_id=Taxi_trip_pipeline, task_id=extraction_layer.extract_yellow_date, run_id=scheduled__2024-10-12T12:45:00+00:00, execution_date=20241012T124500, start_date=20241012T131411, end_date=20241012T131411
[2024-10-12T13:14:12.008+0000] {local_task_job_runner.py:240} INFO - Task exited with return code 0
[2024-10-12T13:14:12.062+0000] {taskinstance.py:3498} INFO - 1 downstream tasks scheduled from follow-on schedule check
[2024-10-12T13:14:12.063+0000] {local_task_job_runner.py:222} INFO - ::endgroup::
