[2024-09-28T19:01:50.925+0000] {local_task_job_runner.py:120} INFO - ::group::Pre task execution logs
[2024-09-28T19:01:50.946+0000] {taskinstance.py:2076} INFO - Dependencies all met for dep_context=non-requeueable deps ti=<TaskInstance: Taxi_trip_pipeline.dbt_run.dbt_run manual__2024-09-28T19:01:44.208429+00:00 [queued]>
[2024-09-28T19:01:50.957+0000] {taskinstance.py:2076} INFO - Dependencies all met for dep_context=requeueable deps ti=<TaskInstance: Taxi_trip_pipeline.dbt_run.dbt_run manual__2024-09-28T19:01:44.208429+00:00 [queued]>
[2024-09-28T19:01:50.957+0000] {taskinstance.py:2306} INFO - Starting attempt 1 of 1
[2024-09-28T19:01:50.970+0000] {taskinstance.py:2330} INFO - Executing <Task(BashOperator): dbt_run.dbt_run> on 2024-09-28 19:01:44.208429+00:00
[2024-09-28T19:01:50.977+0000] {standard_task_runner.py:63} INFO - Started process 108 to run task
[2024-09-28T19:01:50.980+0000] {standard_task_runner.py:90} INFO - Running: ['***', 'tasks', 'run', 'Taxi_trip_pipeline', 'dbt_run.dbt_run', 'manual__2024-09-28T19:01:44.208429+00:00', '--job-id', '238', '--raw', '--subdir', 'DAGS_FOLDER/taxi_trip.py', '--cfg-path', '/tmp/tmprp8qs50h']
[2024-09-28T19:01:50.982+0000] {standard_task_runner.py:91} INFO - Job 238: Subtask dbt_run.dbt_run
[2024-09-28T19:01:51.024+0000] {task_command.py:426} INFO - Running <TaskInstance: Taxi_trip_pipeline.dbt_run.dbt_run manual__2024-09-28T19:01:44.208429+00:00 [running]> on host a802ffefc15a
[2024-09-28T19:01:51.108+0000] {taskinstance.py:2648} INFO - Exporting env vars: AIRFLOW_CTX_DAG_OWNER='Mahmoud' AIRFLOW_CTX_DAG_ID='Taxi_trip_pipeline' AIRFLOW_CTX_TASK_ID='dbt_run.dbt_run' AIRFLOW_CTX_EXECUTION_DATE='2024-09-28T19:01:44.208429+00:00' AIRFLOW_CTX_TRY_NUMBER='1' AIRFLOW_CTX_DAG_RUN_ID='manual__2024-09-28T19:01:44.208429+00:00'
[2024-09-28T19:01:51.109+0000] {taskinstance.py:430} INFO - ::endgroup::
[2024-09-28T19:01:51.120+0000] {subprocess.py:63} INFO - Tmp dir root location: /tmp
[2024-09-28T19:01:51.120+0000] {subprocess.py:75} INFO - Running command: ['/usr/bin/bash', '-c', 'DBT_PROFILES_DIR=/opt/***/DBT_Project dbt run --profiles-dir /opt/***/DBT_Project/profiles.yml']
[2024-09-28T19:01:51.134+0000] {subprocess.py:86} INFO - Output:
[2024-09-28T19:01:53.910+0000] {subprocess.py:93} INFO - [0m19:01:53  Running with dbt=1.8.0
[2024-09-28T19:01:53.916+0000] {subprocess.py:93} INFO - [0m19:01:53  Encountered an error:
[2024-09-28T19:01:53.917+0000] {subprocess.py:93} INFO - Runtime Error
[2024-09-28T19:01:53.917+0000] {subprocess.py:93} INFO -   Could not find profile named 'fact_trip'
[2024-09-28T19:01:54.968+0000] {subprocess.py:97} INFO - Command exited with return code 2
[2024-09-28T19:01:54.968+0000] {taskinstance.py:441} INFO - ::group::Post task execution logs
[2024-09-28T19:01:54.979+0000] {taskinstance.py:2905} ERROR - Task failed with exception
Traceback (most recent call last):
  File "/home/airflow/.local/lib/python3.9/site-packages/airflow/models/taskinstance.py", line 465, in _execute_task
    result = _execute_callable(context=context, **execute_callable_kwargs)
  File "/home/airflow/.local/lib/python3.9/site-packages/airflow/models/taskinstance.py", line 432, in _execute_callable
    return execute_callable(context=context, **execute_callable_kwargs)
  File "/home/airflow/.local/lib/python3.9/site-packages/airflow/models/baseoperator.py", line 400, in wrapper
    return func(self, *args, **kwargs)
  File "/home/airflow/.local/lib/python3.9/site-packages/airflow/operators/bash.py", line 243, in execute
    raise AirflowException(
airflow.exceptions.AirflowException: Bash command failed. The command returned a non-zero exit code 2.
[2024-09-28T19:01:54.982+0000] {taskinstance.py:1206} INFO - Marking task as FAILED. dag_id=Taxi_trip_pipeline, task_id=dbt_run.dbt_run, run_id=manual__2024-09-28T19:01:44.208429+00:00, execution_date=20240928T190144, start_date=20240928T190150, end_date=20240928T190154
[2024-09-28T19:01:54.996+0000] {standard_task_runner.py:110} ERROR - Failed to execute job 238 for task dbt_run.dbt_run (Bash command failed. The command returned a non-zero exit code 2.; 108)
[2024-09-28T19:01:55.042+0000] {local_task_job_runner.py:240} INFO - Task exited with return code 1
[2024-09-28T19:01:55.066+0000] {taskinstance.py:3498} INFO - 0 downstream tasks scheduled from follow-on schedule check
[2024-09-28T19:01:55.070+0000] {local_task_job_runner.py:222} INFO - ::endgroup::
