[2024-09-28T19:07:43.259+0000] {local_task_job_runner.py:120} INFO - ::group::Pre task execution logs
[2024-09-28T19:07:43.281+0000] {taskinstance.py:2076} INFO - Dependencies all met for dep_context=non-requeueable deps ti=<TaskInstance: Taxi_trip_pipeline.dbt_run.dbt_run manual__2024-09-28T19:01:44.208429+00:00 [queued]>
[2024-09-28T19:07:43.288+0000] {taskinstance.py:2076} INFO - Dependencies all met for dep_context=requeueable deps ti=<TaskInstance: Taxi_trip_pipeline.dbt_run.dbt_run manual__2024-09-28T19:01:44.208429+00:00 [queued]>
[2024-09-28T19:07:43.289+0000] {taskinstance.py:2306} INFO - Starting attempt 2 of 2
[2024-09-28T19:07:43.300+0000] {taskinstance.py:2330} INFO - Executing <Task(BashOperator): dbt_run.dbt_run> on 2024-09-28 19:01:44.208429+00:00
[2024-09-28T19:07:43.306+0000] {standard_task_runner.py:63} INFO - Started process 113 to run task
[2024-09-28T19:07:43.309+0000] {standard_task_runner.py:90} INFO - Running: ['***', 'tasks', 'run', 'Taxi_trip_pipeline', 'dbt_run.dbt_run', 'manual__2024-09-28T19:01:44.208429+00:00', '--job-id', '239', '--raw', '--subdir', 'DAGS_FOLDER/taxi_trip.py', '--cfg-path', '/tmp/tmp57sy6lel']
[2024-09-28T19:07:43.311+0000] {standard_task_runner.py:91} INFO - Job 239: Subtask dbt_run.dbt_run
[2024-09-28T19:07:43.351+0000] {task_command.py:426} INFO - Running <TaskInstance: Taxi_trip_pipeline.dbt_run.dbt_run manual__2024-09-28T19:01:44.208429+00:00 [running]> on host a802ffefc15a
[2024-09-28T19:07:43.431+0000] {taskinstance.py:2648} INFO - Exporting env vars: AIRFLOW_CTX_DAG_OWNER='Mahmoud' AIRFLOW_CTX_DAG_ID='Taxi_trip_pipeline' AIRFLOW_CTX_TASK_ID='dbt_run.dbt_run' AIRFLOW_CTX_EXECUTION_DATE='2024-09-28T19:01:44.208429+00:00' AIRFLOW_CTX_TRY_NUMBER='2' AIRFLOW_CTX_DAG_RUN_ID='manual__2024-09-28T19:01:44.208429+00:00'
[2024-09-28T19:07:43.432+0000] {taskinstance.py:430} INFO - ::endgroup::
[2024-09-28T19:07:43.443+0000] {subprocess.py:63} INFO - Tmp dir root location: /tmp
[2024-09-28T19:07:43.443+0000] {subprocess.py:75} INFO - Running command: ['/usr/bin/bash', '-c', 'cd ./dbt_trip && dbt run --profiles-dir /opt/***/DBT_Project/profiles.yml']
[2024-09-28T19:07:43.457+0000] {subprocess.py:86} INFO - Output:
[2024-09-28T19:07:43.459+0000] {subprocess.py:93} INFO - /usr/bin/bash: line 1: cd: ./dbt_trip: No such file or directory
[2024-09-28T19:07:43.459+0000] {subprocess.py:97} INFO - Command exited with return code 1
[2024-09-28T19:07:43.459+0000] {taskinstance.py:441} INFO - ::group::Post task execution logs
[2024-09-28T19:07:43.471+0000] {taskinstance.py:2905} ERROR - Task failed with exception
Traceback (most recent call last):
  File "/home/airflow/.local/lib/python3.9/site-packages/airflow/models/taskinstance.py", line 465, in _execute_task
    result = _execute_callable(context=context, **execute_callable_kwargs)
  File "/home/airflow/.local/lib/python3.9/site-packages/airflow/models/taskinstance.py", line 432, in _execute_callable
    return execute_callable(context=context, **execute_callable_kwargs)
  File "/home/airflow/.local/lib/python3.9/site-packages/airflow/models/baseoperator.py", line 400, in wrapper
    return func(self, *args, **kwargs)
  File "/home/airflow/.local/lib/python3.9/site-packages/airflow/operators/bash.py", line 243, in execute
    raise AirflowException(
airflow.exceptions.AirflowException: Bash command failed. The command returned a non-zero exit code 1.
[2024-09-28T19:07:43.474+0000] {taskinstance.py:1206} INFO - Marking task as FAILED. dag_id=Taxi_trip_pipeline, task_id=dbt_run.dbt_run, run_id=manual__2024-09-28T19:01:44.208429+00:00, execution_date=20240928T190144, start_date=20240928T190743, end_date=20240928T190743
[2024-09-28T19:07:43.487+0000] {standard_task_runner.py:110} ERROR - Failed to execute job 239 for task dbt_run.dbt_run (Bash command failed. The command returned a non-zero exit code 1.; 113)
[2024-09-28T19:07:43.521+0000] {local_task_job_runner.py:240} INFO - Task exited with return code 1
[2024-09-28T19:07:43.547+0000] {taskinstance.py:3498} INFO - 0 downstream tasks scheduled from follow-on schedule check
[2024-09-28T19:07:43.551+0000] {local_task_job_runner.py:222} INFO - ::endgroup::
