[2024-10-01T17:15:05.377+0000] {local_task_job_runner.py:120} INFO - ::group::Pre task execution logs
[2024-10-01T17:15:05.400+0000] {taskinstance.py:2076} INFO - Dependencies all met for dep_context=non-requeueable deps ti=<TaskInstance: Taxi_trip_pipeline.dbt_transformation_layer.dbt_run_model_zone_lookup scheduled__2024-10-01T17:00:00+00:00 [queued]>
[2024-10-01T17:15:05.410+0000] {taskinstance.py:2076} INFO - Dependencies all met for dep_context=requeueable deps ti=<TaskInstance: Taxi_trip_pipeline.dbt_transformation_layer.dbt_run_model_zone_lookup scheduled__2024-10-01T17:00:00+00:00 [queued]>
[2024-10-01T17:15:05.410+0000] {taskinstance.py:2306} INFO - Starting attempt 1 of 1
[2024-10-01T17:15:05.425+0000] {taskinstance.py:2330} INFO - Executing <Task(BashOperator): dbt_transformation_layer.dbt_run_model_zone_lookup> on 2024-10-01 17:00:00+00:00
[2024-10-01T17:15:05.433+0000] {standard_task_runner.py:63} INFO - Started process 3070 to run task
[2024-10-01T17:15:05.437+0000] {standard_task_runner.py:90} INFO - Running: ['***', 'tasks', 'run', 'Taxi_trip_pipeline', 'dbt_transformation_layer.dbt_run_model_zone_lookup', 'scheduled__2024-10-01T17:00:00+00:00', '--job-id', '394', '--raw', '--subdir', 'DAGS_FOLDER/taxi_trip.py', '--cfg-path', '/tmp/tmpzsly6imh']
[2024-10-01T17:15:05.440+0000] {standard_task_runner.py:91} INFO - Job 394: Subtask dbt_transformation_layer.dbt_run_model_zone_lookup
[2024-10-01T17:15:05.494+0000] {task_command.py:426} INFO - Running <TaskInstance: Taxi_trip_pipeline.dbt_transformation_layer.dbt_run_model_zone_lookup scheduled__2024-10-01T17:00:00+00:00 [running]> on host fcb0f9e87e2b
[2024-10-01T17:15:05.582+0000] {taskinstance.py:2648} INFO - Exporting env vars: AIRFLOW_CTX_DAG_OWNER='Mahmoud' AIRFLOW_CTX_DAG_ID='Taxi_trip_pipeline' AIRFLOW_CTX_TASK_ID='dbt_transformation_layer.dbt_run_model_zone_lookup' AIRFLOW_CTX_EXECUTION_DATE='2024-10-01T17:00:00+00:00' AIRFLOW_CTX_TRY_NUMBER='1' AIRFLOW_CTX_DAG_RUN_ID='scheduled__2024-10-01T17:00:00+00:00'
[2024-10-01T17:15:05.583+0000] {taskinstance.py:430} INFO - ::endgroup::
[2024-10-01T17:15:05.596+0000] {subprocess.py:63} INFO - Tmp dir root location: /tmp
[2024-10-01T17:15:05.597+0000] {subprocess.py:75} INFO - Running command: ['/usr/bin/bash', '-c', 'dbt run --profiles-dir /opt/***/DBT_Project  --project-dir /opt/***/dbt_trip --models zone_lookup']
[2024-10-01T17:15:05.611+0000] {subprocess.py:86} INFO - Output:
[2024-10-01T17:15:08.422+0000] {subprocess.py:93} INFO - [0m17:15:08  Running with dbt=1.8.0
[2024-10-01T17:15:08.751+0000] {subprocess.py:93} INFO - [0m17:15:08  Registered adapter: postgres=1.8.0
[2024-10-01T17:15:09.345+0000] {subprocess.py:93} INFO - [0m17:15:09  [[33mWARNING[0m]: Configuration paths exist in your dbt_project.yml file which do not apply to any resources.
[2024-10-01T17:15:09.346+0000] {subprocess.py:93} INFO - There are 2 unused configuration paths:
[2024-10-01T17:15:09.346+0000] {subprocess.py:93} INFO - - models.fact_trip.Dimensions
[2024-10-01T17:15:09.346+0000] {subprocess.py:93} INFO - - models.fact_trip.staging
[2024-10-01T17:15:09.610+0000] {subprocess.py:93} INFO - [0m17:15:09  Found 4 models, 6 data tests, 3 sources, 566 macros
[2024-10-01T17:15:09.613+0000] {subprocess.py:93} INFO - [0m17:15:09
[2024-10-01T17:15:09.756+0000] {subprocess.py:93} INFO - [0m17:15:09  Concurrency: 3 threads (target='dev')
[2024-10-01T17:15:09.757+0000] {subprocess.py:93} INFO - [0m17:15:09
[2024-10-01T17:15:09.767+0000] {subprocess.py:93} INFO - [0m17:15:09  1 of 1 START sql view model analysis.zone_lookup ............................... [RUN]
[2024-10-01T17:15:09.936+0000] {subprocess.py:93} INFO - [0m17:15:09  1 of 1 OK created sql view model analysis.zone_lookup .......................... [[32mCREATE VIEW[0m in 0.17s]
[2024-10-01T17:15:09.949+0000] {subprocess.py:93} INFO - [0m17:15:09
[2024-10-01T17:15:09.950+0000] {subprocess.py:93} INFO - [0m17:15:09  Finished running 1 view model in 0 hours 0 minutes and 0.34 seconds (0.34s).
[2024-10-01T17:15:10.007+0000] {subprocess.py:93} INFO - [0m17:15:10
[2024-10-01T17:15:10.007+0000] {subprocess.py:93} INFO - [0m17:15:10  [32mCompleted successfully[0m
[2024-10-01T17:15:10.008+0000] {subprocess.py:93} INFO - [0m17:15:10
[2024-10-01T17:15:10.009+0000] {subprocess.py:93} INFO - [0m17:15:10  Done. PASS=1 WARN=0 ERROR=0 SKIP=0 TOTAL=1
[2024-10-01T17:15:11.008+0000] {subprocess.py:97} INFO - Command exited with return code 0
[2024-10-01T17:15:11.009+0000] {taskinstance.py:441} INFO - ::group::Post task execution logs
[2024-10-01T17:15:11.046+0000] {taskinstance.py:1206} INFO - Marking task as SUCCESS. dag_id=Taxi_trip_pipeline, task_id=dbt_transformation_layer.dbt_run_model_zone_lookup, run_id=scheduled__2024-10-01T17:00:00+00:00, execution_date=20241001T170000, start_date=20241001T171505, end_date=20241001T171511
[2024-10-01T17:15:11.104+0000] {local_task_job_runner.py:240} INFO - Task exited with return code 0
[2024-10-01T17:15:11.132+0000] {taskinstance.py:3498} INFO - 0 downstream tasks scheduled from follow-on schedule check
[2024-10-01T17:15:11.133+0000] {local_task_job_runner.py:222} INFO - ::endgroup::
