[2024-10-12T10:47:33.253+0000] {local_task_job_runner.py:120} INFO - ::group::Pre task execution logs
[2024-10-12T10:47:33.286+0000] {taskinstance.py:2076} INFO - Dependencies all met for dep_context=non-requeueable deps ti=<TaskInstance: Taxi_trip_pipeline.dbt_transformation_layer.dbt_run_model_green_trip scheduled__2024-10-12T10:15:00+00:00 [queued]>
[2024-10-12T10:47:33.298+0000] {taskinstance.py:2076} INFO - Dependencies all met for dep_context=requeueable deps ti=<TaskInstance: Taxi_trip_pipeline.dbt_transformation_layer.dbt_run_model_green_trip scheduled__2024-10-12T10:15:00+00:00 [queued]>
[2024-10-12T10:47:33.299+0000] {taskinstance.py:2306} INFO - Starting attempt 2 of 2
[2024-10-12T10:47:33.322+0000] {taskinstance.py:2330} INFO - Executing <Task(BashOperator): dbt_transformation_layer.dbt_run_model_green_trip> on 2024-10-12 10:15:00+00:00
[2024-10-12T10:47:33.331+0000] {standard_task_runner.py:63} INFO - Started process 258 to run task
[2024-10-12T10:47:33.333+0000] {standard_task_runner.py:90} INFO - Running: ['***', 'tasks', 'run', 'Taxi_trip_pipeline', 'dbt_transformation_layer.dbt_run_model_green_trip', 'scheduled__2024-10-12T10:15:00+00:00', '--job-id', '22', '--raw', '--subdir', 'DAGS_FOLDER/taxi_trip.py', '--cfg-path', '/tmp/tmpkgdc_75l']
[2024-10-12T10:47:33.336+0000] {standard_task_runner.py:91} INFO - Job 22: Subtask dbt_transformation_layer.dbt_run_model_green_trip
[2024-10-12T10:47:33.392+0000] {task_command.py:426} INFO - Running <TaskInstance: Taxi_trip_pipeline.dbt_transformation_layer.dbt_run_model_green_trip scheduled__2024-10-12T10:15:00+00:00 [running]> on host 4f9d1e7ade51
[2024-10-12T10:47:33.489+0000] {taskinstance.py:2648} INFO - Exporting env vars: AIRFLOW_CTX_DAG_OWNER='Mahmoud' AIRFLOW_CTX_DAG_ID='Taxi_trip_pipeline' AIRFLOW_CTX_TASK_ID='dbt_transformation_layer.dbt_run_model_green_trip' AIRFLOW_CTX_EXECUTION_DATE='2024-10-12T10:15:00+00:00' AIRFLOW_CTX_TRY_NUMBER='2' AIRFLOW_CTX_DAG_RUN_ID='scheduled__2024-10-12T10:15:00+00:00'
[2024-10-12T10:47:33.490+0000] {taskinstance.py:430} INFO - ::endgroup::
[2024-10-12T10:47:33.502+0000] {subprocess.py:63} INFO - Tmp dir root location: /tmp
[2024-10-12T10:47:33.502+0000] {subprocess.py:75} INFO - Running command: ['/usr/bin/bash', '-c', 'dbt run --profiles-dir /opt/***/DBT_Project  --project-dir /opt/***/dbt_trip --models green_trip']
[2024-10-12T10:47:33.522+0000] {subprocess.py:86} INFO - Output:
[2024-10-12T10:47:36.816+0000] {subprocess.py:93} INFO - [0m10:47:36  Running with dbt=1.8.0
[2024-10-12T10:47:37.509+0000] {subprocess.py:93} INFO - [0m10:47:37  Registered adapter: postgres=1.8.0
[2024-10-12T10:47:38.093+0000] {subprocess.py:93} INFO - [0m10:47:38  [[33mWARNING[0m]: Configuration paths exist in your dbt_project.yml file which do not apply to any resources.
[2024-10-12T10:47:38.093+0000] {subprocess.py:93} INFO - There are 2 unused configuration paths:
[2024-10-12T10:47:38.093+0000] {subprocess.py:93} INFO - - models.fact_trip.staging
[2024-10-12T10:47:38.094+0000] {subprocess.py:93} INFO - - models.fact_trip.Dimensions
[2024-10-12T10:47:38.456+0000] {subprocess.py:93} INFO - [0m10:47:38  Found 4 models, 6 data tests, 3 sources, 566 macros
[2024-10-12T10:47:38.462+0000] {subprocess.py:93} INFO - [0m10:47:38
[2024-10-12T10:47:38.665+0000] {subprocess.py:93} INFO - [0m10:47:38  Concurrency: 3 threads (target='dev')
[2024-10-12T10:47:38.666+0000] {subprocess.py:93} INFO - [0m10:47:38
[2024-10-12T10:47:38.682+0000] {subprocess.py:93} INFO - [0m10:47:38  1 of 1 START sql view model analysis.green_trip ................................ [RUN]
[2024-10-12T10:47:38.885+0000] {subprocess.py:93} INFO - [0m10:47:38  1 of 1 OK created sql view model analysis.green_trip ........................... [[32mCREATE VIEW[0m in 0.20s]
[2024-10-12T10:47:38.899+0000] {subprocess.py:93} INFO - [0m10:47:38
[2024-10-12T10:47:38.900+0000] {subprocess.py:93} INFO - [0m10:47:38  Finished running 1 view model in 0 hours 0 minutes and 0.44 seconds (0.44s).
[2024-10-12T10:47:38.957+0000] {subprocess.py:93} INFO - [0m10:47:38
[2024-10-12T10:47:38.957+0000] {subprocess.py:93} INFO - [0m10:47:38  [32mCompleted successfully[0m
[2024-10-12T10:47:38.958+0000] {subprocess.py:93} INFO - [0m10:47:38
[2024-10-12T10:47:38.959+0000] {subprocess.py:93} INFO - [0m10:47:38  Done. PASS=1 WARN=0 ERROR=0 SKIP=0 TOTAL=1
[2024-10-12T10:47:39.911+0000] {subprocess.py:97} INFO - Command exited with return code 0
[2024-10-12T10:47:39.911+0000] {taskinstance.py:441} INFO - ::group::Post task execution logs
[2024-10-12T10:47:39.935+0000] {taskinstance.py:1206} INFO - Marking task as SUCCESS. dag_id=Taxi_trip_pipeline, task_id=dbt_transformation_layer.dbt_run_model_green_trip, run_id=scheduled__2024-10-12T10:15:00+00:00, execution_date=20241012T101500, start_date=20241012T104733, end_date=20241012T104739
[2024-10-12T10:47:39.994+0000] {local_task_job_runner.py:240} INFO - Task exited with return code 0
[2024-10-12T10:47:40.026+0000] {taskinstance.py:3498} INFO - 0 downstream tasks scheduled from follow-on schedule check
[2024-10-12T10:47:40.028+0000] {local_task_job_runner.py:222} INFO - ::endgroup::
