[2024-10-01T16:30:13.790+0000] {local_task_job_runner.py:120} INFO - ::group::Pre task execution logs
[2024-10-01T16:30:13.812+0000] {taskinstance.py:2076} INFO - Dependencies all met for dep_context=non-requeueable deps ti=<TaskInstance: Taxi_trip_pipeline.dbt_run_model_fact_trip scheduled__2024-10-01T16:15:00+00:00 [queued]>
[2024-10-01T16:30:13.825+0000] {taskinstance.py:2076} INFO - Dependencies all met for dep_context=requeueable deps ti=<TaskInstance: Taxi_trip_pipeline.dbt_run_model_fact_trip scheduled__2024-10-01T16:15:00+00:00 [queued]>
[2024-10-01T16:30:13.825+0000] {taskinstance.py:2306} INFO - Starting attempt 1 of 1
[2024-10-01T16:30:13.840+0000] {taskinstance.py:2330} INFO - Executing <Task(BashOperator): dbt_run_model_fact_trip> on 2024-10-01 16:15:00+00:00
[2024-10-01T16:30:13.848+0000] {standard_task_runner.py:63} INFO - Started process 2825 to run task
[2024-10-01T16:30:13.850+0000] {standard_task_runner.py:90} INFO - Running: ['***', 'tasks', 'run', 'Taxi_trip_pipeline', 'dbt_run_model_fact_trip', 'scheduled__2024-10-01T16:15:00+00:00', '--job-id', '364', '--raw', '--subdir', 'DAGS_FOLDER/taxi_trip.py', '--cfg-path', '/tmp/tmp1099ihhq']
[2024-10-01T16:30:13.853+0000] {standard_task_runner.py:91} INFO - Job 364: Subtask dbt_run_model_fact_trip
[2024-10-01T16:30:13.895+0000] {task_command.py:426} INFO - Running <TaskInstance: Taxi_trip_pipeline.dbt_run_model_fact_trip scheduled__2024-10-01T16:15:00+00:00 [running]> on host fcb0f9e87e2b
[2024-10-01T16:30:13.982+0000] {taskinstance.py:2648} INFO - Exporting env vars: AIRFLOW_CTX_DAG_OWNER='Mahmoud' AIRFLOW_CTX_DAG_ID='Taxi_trip_pipeline' AIRFLOW_CTX_TASK_ID='dbt_run_model_fact_trip' AIRFLOW_CTX_EXECUTION_DATE='2024-10-01T16:15:00+00:00' AIRFLOW_CTX_TRY_NUMBER='1' AIRFLOW_CTX_DAG_RUN_ID='scheduled__2024-10-01T16:15:00+00:00'
[2024-10-01T16:30:13.983+0000] {taskinstance.py:430} INFO - ::endgroup::
[2024-10-01T16:30:13.995+0000] {subprocess.py:63} INFO - Tmp dir root location: /tmp
[2024-10-01T16:30:13.995+0000] {subprocess.py:75} INFO - Running command: ['/usr/bin/bash', '-c', 'dbt run --profiles-dir /opt/***/DBT_Project  --project-dir /opt/***/dbt_trip --models Fact_trips']
[2024-10-01T16:30:14.010+0000] {subprocess.py:86} INFO - Output:
[2024-10-01T16:30:16.489+0000] {subprocess.py:93} INFO - [0m16:30:16  Running with dbt=1.8.0
[2024-10-01T16:30:16.784+0000] {subprocess.py:93} INFO - [0m16:30:16  Registered adapter: postgres=1.8.0
[2024-10-01T16:30:17.080+0000] {subprocess.py:93} INFO - [0m16:30:17  [[33mWARNING[0m]: Configuration paths exist in your dbt_project.yml file which do not apply to any resources.
[2024-10-01T16:30:17.080+0000] {subprocess.py:93} INFO - There are 2 unused configuration paths:
[2024-10-01T16:30:17.080+0000] {subprocess.py:93} INFO - - models.fact_trip.staging
[2024-10-01T16:30:17.080+0000] {subprocess.py:93} INFO - - models.fact_trip.Dimensions
[2024-10-01T16:30:17.298+0000] {subprocess.py:93} INFO - [0m16:30:17  Found 4 models, 6 data tests, 3 sources, 566 macros
[2024-10-01T16:30:17.301+0000] {subprocess.py:93} INFO - [0m16:30:17
[2024-10-01T16:30:17.421+0000] {subprocess.py:93} INFO - [0m16:30:17  Concurrency: 3 threads (target='dev')
[2024-10-01T16:30:17.421+0000] {subprocess.py:93} INFO - [0m16:30:17
[2024-10-01T16:30:17.432+0000] {subprocess.py:93} INFO - [0m16:30:17  1 of 1 START sql view model analysis.Fact_trips ................................ [RUN]
[2024-10-01T16:30:17.557+0000] {subprocess.py:93} INFO - [0m16:30:17  1 of 1 OK created sql view model analysis.Fact_trips ........................... [[32mCREATE VIEW[0m in 0.12s]
[2024-10-01T16:30:17.568+0000] {subprocess.py:93} INFO - [0m16:30:17
[2024-10-01T16:30:17.569+0000] {subprocess.py:93} INFO - [0m16:30:17  Finished running 1 view model in 0 hours 0 minutes and 0.27 seconds (0.27s).
[2024-10-01T16:30:17.619+0000] {subprocess.py:93} INFO - [0m16:30:17
[2024-10-01T16:30:17.619+0000] {subprocess.py:93} INFO - [0m16:30:17  [32mCompleted successfully[0m
[2024-10-01T16:30:17.620+0000] {subprocess.py:93} INFO - [0m16:30:17
[2024-10-01T16:30:17.620+0000] {subprocess.py:93} INFO - [0m16:30:17  Done. PASS=1 WARN=0 ERROR=0 SKIP=0 TOTAL=1
[2024-10-01T16:30:18.549+0000] {subprocess.py:97} INFO - Command exited with return code 0
[2024-10-01T16:30:18.550+0000] {taskinstance.py:441} INFO - ::group::Post task execution logs
[2024-10-01T16:30:18.578+0000] {taskinstance.py:1206} INFO - Marking task as SUCCESS. dag_id=Taxi_trip_pipeline, task_id=dbt_run_model_fact_trip, run_id=scheduled__2024-10-01T16:15:00+00:00, execution_date=20241001T161500, start_date=20241001T163013, end_date=20241001T163018
[2024-10-01T16:30:18.636+0000] {local_task_job_runner.py:240} INFO - Task exited with return code 0
[2024-10-01T16:30:18.663+0000] {taskinstance.py:3498} INFO - 0 downstream tasks scheduled from follow-on schedule check
[2024-10-01T16:30:18.665+0000] {local_task_job_runner.py:222} INFO - ::endgroup::
