[2024-10-01T15:30:01.666+0000] {local_task_job_runner.py:120} INFO - ::group::Pre task execution logs
[2024-10-01T15:30:01.686+0000] {taskinstance.py:2076} INFO - Dependencies all met for dep_context=non-requeueable deps ti=<TaskInstance: Taxi_trip_pipeline.extraction_layer.extract_yellow_date scheduled__2024-10-01T15:15:00+00:00 [queued]>
[2024-10-01T15:30:01.696+0000] {taskinstance.py:2076} INFO - Dependencies all met for dep_context=requeueable deps ti=<TaskInstance: Taxi_trip_pipeline.extraction_layer.extract_yellow_date scheduled__2024-10-01T15:15:00+00:00 [queued]>
[2024-10-01T15:30:01.697+0000] {taskinstance.py:2306} INFO - Starting attempt 1 of 1
[2024-10-01T15:30:01.710+0000] {taskinstance.py:2330} INFO - Executing <Task(PythonOperator): extraction_layer.extract_yellow_date> on 2024-10-01 15:15:00+00:00
[2024-10-01T15:30:01.718+0000] {standard_task_runner.py:63} INFO - Started process 2298 to run task
[2024-10-01T15:30:01.720+0000] {standard_task_runner.py:90} INFO - Running: ['***', 'tasks', 'run', 'Taxi_trip_pipeline', 'extraction_layer.extract_yellow_date', 'scheduled__2024-10-01T15:15:00+00:00', '--job-id', '305', '--raw', '--subdir', 'DAGS_FOLDER/taxi_trip.py', '--cfg-path', '/tmp/tmpg3cfwcxu']
[2024-10-01T15:30:01.723+0000] {standard_task_runner.py:91} INFO - Job 305: Subtask extraction_layer.extract_yellow_date
[2024-10-01T15:30:01.770+0000] {task_command.py:426} INFO - Running <TaskInstance: Taxi_trip_pipeline.extraction_layer.extract_yellow_date scheduled__2024-10-01T15:15:00+00:00 [running]> on host fcb0f9e87e2b
[2024-10-01T15:30:01.860+0000] {taskinstance.py:2648} INFO - Exporting env vars: AIRFLOW_CTX_DAG_OWNER='Mahmoud' AIRFLOW_CTX_DAG_ID='Taxi_trip_pipeline' AIRFLOW_CTX_TASK_ID='extraction_layer.extract_yellow_date' AIRFLOW_CTX_EXECUTION_DATE='2024-10-01T15:15:00+00:00' AIRFLOW_CTX_TRY_NUMBER='1' AIRFLOW_CTX_DAG_RUN_ID='scheduled__2024-10-01T15:15:00+00:00'
[2024-10-01T15:30:01.861+0000] {taskinstance.py:430} INFO - ::endgroup::
[2024-10-01T15:30:01.871+0000] {taxi_trip.py:52} INFO - Data extraction for yellow trip started
[2024-10-01T15:30:01.878+0000] {db_utils.py:16} INFO - Connected to PostgreSQL database successfully
[2024-10-01T15:30:01.879+0000] {Process_data.py:44} INFO - Start transforming Yellow Trip data...
[2024-10-01T15:30:01.880+0000] {Process_data.py:52} INFO - File yellow_tripdata_2024-02.parquet has already been extracted before . Skipping......
[2024-10-01T15:30:01.881+0000] {Process_data.py:52} INFO - File yellow_tripdata_2024-01.parquet has already been extracted before . Skipping......
[2024-10-01T15:30:01.881+0000] {Process_data.py:52} INFO - File yellow_tripdata_2024-03.parquet has already been extracted before . Skipping......
[2024-10-01T15:30:01.881+0000] {taxi_trip.py:55} INFO - Data extraction for yellow trip done
[2024-10-01T15:30:01.882+0000] {taxi_trip.py:61} WARNING - No data found for yellow trip
[2024-10-01T15:30:01.882+0000] {python.py:237} INFO - Done. Returned value was: None
[2024-10-01T15:30:01.882+0000] {taskinstance.py:441} INFO - ::group::Post task execution logs
[2024-10-01T15:30:01.893+0000] {taskinstance.py:1206} INFO - Marking task as SUCCESS. dag_id=Taxi_trip_pipeline, task_id=extraction_layer.extract_yellow_date, run_id=scheduled__2024-10-01T15:15:00+00:00, execution_date=20241001T151500, start_date=20241001T153001, end_date=20241001T153001
[2024-10-01T15:30:01.933+0000] {local_task_job_runner.py:240} INFO - Task exited with return code 0
[2024-10-01T15:30:01.943+0000] {local_task_job_runner.py:222} INFO - ::endgroup::
