[2024-09-28T05:43:56.199+0000] {local_task_job_runner.py:120} INFO - ::group::Pre task execution logs
[2024-09-28T05:43:56.231+0000] {taskinstance.py:2076} INFO - Dependencies all met for dep_context=non-requeueable deps ti=<TaskInstance: Taxi_trip_pipeline.extraction_layer.extract_yellow_date scheduled__2024-09-27T00:00:00+00:00 [queued]>
[2024-09-28T05:43:56.240+0000] {taskinstance.py:2076} INFO - Dependencies all met for dep_context=requeueable deps ti=<TaskInstance: Taxi_trip_pipeline.extraction_layer.extract_yellow_date scheduled__2024-09-27T00:00:00+00:00 [queued]>
[2024-09-28T05:43:56.240+0000] {taskinstance.py:2306} INFO - Starting attempt 1 of 1
[2024-09-28T05:43:56.252+0000] {taskinstance.py:2330} INFO - Executing <Task(PythonOperator): extraction_layer.extract_yellow_date> on 2024-09-27 00:00:00+00:00
[2024-09-28T05:43:56.258+0000] {standard_task_runner.py:63} INFO - Started process 125 to run task
[2024-09-28T05:43:56.261+0000] {standard_task_runner.py:90} INFO - Running: ['***', 'tasks', 'run', 'Taxi_trip_pipeline', 'extraction_layer.extract_yellow_date', 'scheduled__2024-09-27T00:00:00+00:00', '--job-id', '221', '--raw', '--subdir', 'DAGS_FOLDER/taxi_trip.py', '--cfg-path', '/tmp/tmpajxz1jz_']
[2024-09-28T05:43:56.263+0000] {standard_task_runner.py:91} INFO - Job 221: Subtask extraction_layer.extract_yellow_date
[2024-09-28T05:43:56.312+0000] {task_command.py:426} INFO - Running <TaskInstance: Taxi_trip_pipeline.extraction_layer.extract_yellow_date scheduled__2024-09-27T00:00:00+00:00 [running]> on host d7ea763741e5
[2024-09-28T05:43:56.401+0000] {taskinstance.py:2648} INFO - Exporting env vars: AIRFLOW_CTX_DAG_OWNER='Mahmoud' AIRFLOW_CTX_DAG_ID='Taxi_trip_pipeline' AIRFLOW_CTX_TASK_ID='extraction_layer.extract_yellow_date' AIRFLOW_CTX_EXECUTION_DATE='2024-09-27T00:00:00+00:00' AIRFLOW_CTX_TRY_NUMBER='1' AIRFLOW_CTX_DAG_RUN_ID='scheduled__2024-09-27T00:00:00+00:00'
[2024-09-28T05:43:56.402+0000] {taskinstance.py:430} INFO - ::endgroup::
[2024-09-28T05:43:56.417+0000] {taxi_trip.py:51} INFO - Data extraction for yellow trip started
[2024-09-28T05:43:56.419+0000] {db_utils.py:19} ERROR - Error while connecting to PostgreSQL: (psycopg2.OperationalError) connection to server at "172.20.0.3", port 5432 failed: Connection refused
	Is the server running on that host and accepting TCP/IP connections?

(Background on this error at: https://sqlalche.me/e/14/e3q8)
[2024-09-28T05:43:56.420+0000] {taxi_trip.py:62} ERROR - Error in yellow trip extraction
Traceback (most recent call last):
  File "/opt/airflow/dags/taxi_trip.py", line 53, in extract_yellow_date
    yellow_trip_df, processed_files = process_yellow_trip(**db_credentials)
TypeError: cannot unpack non-iterable NoneType object
[2024-09-28T05:43:56.420+0000] {python.py:237} INFO - Done. Returned value was: None
[2024-09-28T05:43:56.421+0000] {taskinstance.py:441} INFO - ::group::Post task execution logs
[2024-09-28T05:43:56.430+0000] {taskinstance.py:1206} INFO - Marking task as SUCCESS. dag_id=Taxi_trip_pipeline, task_id=extraction_layer.extract_yellow_date, run_id=scheduled__2024-09-27T00:00:00+00:00, execution_date=20240927T000000, start_date=20240928T054356, end_date=20240928T054356
[2024-09-28T05:43:56.473+0000] {local_task_job_runner.py:240} INFO - Task exited with return code 0
[2024-09-28T05:43:56.482+0000] {local_task_job_runner.py:222} INFO - ::endgroup::
