[2024-10-01T12:33:01.639+0000] {local_task_job_runner.py:120} INFO - ::group::Pre task execution logs
[2024-10-01T12:33:01.659+0000] {taskinstance.py:2076} INFO - Dependencies all met for dep_context=non-requeueable deps ti=<TaskInstance: Taxi_trip_pipeline.extraction_layer.extract_yellow_date manual__2024-10-01T12:30:32.928618+00:00 [queued]>
[2024-10-01T12:33:01.667+0000] {taskinstance.py:2076} INFO - Dependencies all met for dep_context=requeueable deps ti=<TaskInstance: Taxi_trip_pipeline.extraction_layer.extract_yellow_date manual__2024-10-01T12:30:32.928618+00:00 [queued]>
[2024-10-01T12:33:01.668+0000] {taskinstance.py:2306} INFO - Starting attempt 2 of 2
[2024-10-01T12:33:01.679+0000] {taskinstance.py:2330} INFO - Executing <Task(PythonOperator): extraction_layer.extract_yellow_date> on 2024-10-01 12:30:32.928618+00:00
[2024-10-01T12:33:01.687+0000] {standard_task_runner.py:63} INFO - Started process 969 to run task
[2024-10-01T12:33:01.689+0000] {standard_task_runner.py:90} INFO - Running: ['***', 'tasks', 'run', 'Taxi_trip_pipeline', 'extraction_layer.extract_yellow_date', 'manual__2024-10-01T12:30:32.928618+00:00', '--job-id', '195', '--raw', '--subdir', 'DAGS_FOLDER/taxi_trip.py', '--cfg-path', '/tmp/tmptkbojhwa']
[2024-10-01T12:33:01.692+0000] {standard_task_runner.py:91} INFO - Job 195: Subtask extraction_layer.extract_yellow_date
[2024-10-01T12:33:01.737+0000] {task_command.py:426} INFO - Running <TaskInstance: Taxi_trip_pipeline.extraction_layer.extract_yellow_date manual__2024-10-01T12:30:32.928618+00:00 [running]> on host fcb0f9e87e2b
[2024-10-01T12:33:01.822+0000] {taskinstance.py:2648} INFO - Exporting env vars: AIRFLOW_CTX_DAG_OWNER='Mahmoud' AIRFLOW_CTX_DAG_ID='Taxi_trip_pipeline' AIRFLOW_CTX_TASK_ID='extraction_layer.extract_yellow_date' AIRFLOW_CTX_EXECUTION_DATE='2024-10-01T12:30:32.928618+00:00' AIRFLOW_CTX_TRY_NUMBER='2' AIRFLOW_CTX_DAG_RUN_ID='manual__2024-10-01T12:30:32.928618+00:00'
[2024-10-01T12:33:01.823+0000] {taskinstance.py:430} INFO - ::endgroup::
[2024-10-01T12:33:01.835+0000] {taxi_trip.py:52} INFO - Data extraction for yellow trip started
[2024-10-01T12:33:01.842+0000] {db_utils.py:16} INFO - Connected to PostgreSQL database successfully
[2024-10-01T12:33:01.842+0000] {Process_data.py:44} INFO - Start transforming Yellow Trip data...
[2024-10-01T12:33:01.844+0000] {Process_data.py:55} INFO - Processing file yellow_tripdata_2024-01.parquet...
[2024-10-01T12:33:02.369+0000] {Process_data.py:64} INFO - Yellow trip dataframe with 2964624 rows
[2024-10-01T12:33:02.375+0000] {taxi_trip.py:55} INFO - Data extraction for yellow trip done
[2024-10-01T12:33:12.937+0000] {taxi_trip.py:59} INFO - Pushed yellow trip data with 2964624 rows to XCom
[2024-10-01T12:33:12.949+0000] {python.py:237} INFO - Done. Returned value was: None
[2024-10-01T12:33:12.949+0000] {taskinstance.py:441} INFO - ::group::Post task execution logs
[2024-10-01T12:33:12.959+0000] {taskinstance.py:1206} INFO - Marking task as SUCCESS. dag_id=Taxi_trip_pipeline, task_id=extraction_layer.extract_yellow_date, run_id=manual__2024-10-01T12:30:32.928618+00:00, execution_date=20241001T123032, start_date=20241001T123301, end_date=20241001T123312
[2024-10-01T12:33:13.042+0000] {local_task_job_runner.py:240} INFO - Task exited with return code 0
[2024-10-01T12:33:13.073+0000] {taskinstance.py:3498} INFO - 1 downstream tasks scheduled from follow-on schedule check
[2024-10-01T12:33:13.075+0000] {local_task_job_runner.py:222} INFO - ::endgroup::
