[2024-10-01T15:44:25.984+0000] {local_task_job_runner.py:120} INFO - ::group::Pre task execution logs
[2024-10-01T15:44:26.005+0000] {taskinstance.py:2076} INFO - Dependencies all met for dep_context=non-requeueable deps ti=<TaskInstance: Taxi_trip_pipeline.dbt_run_model_fact_trip manual__2024-10-01T15:44:06.557862+00:00 [queued]>
[2024-10-01T15:44:26.012+0000] {taskinstance.py:2076} INFO - Dependencies all met for dep_context=requeueable deps ti=<TaskInstance: Taxi_trip_pipeline.dbt_run_model_fact_trip manual__2024-10-01T15:44:06.557862+00:00 [queued]>
[2024-10-01T15:44:26.013+0000] {taskinstance.py:2306} INFO - Starting attempt 1 of 1
[2024-10-01T15:44:26.024+0000] {taskinstance.py:2330} INFO - Executing <Task(BashOperator): dbt_run_model_fact_trip> on 2024-10-01 15:44:06.557862+00:00
[2024-10-01T15:44:26.031+0000] {standard_task_runner.py:63} INFO - Started process 2448 to run task
[2024-10-01T15:44:26.033+0000] {standard_task_runner.py:90} INFO - Running: ['***', 'tasks', 'run', 'Taxi_trip_pipeline', 'dbt_run_model_fact_trip', 'manual__2024-10-01T15:44:06.557862+00:00', '--job-id', '321', '--raw', '--subdir', 'DAGS_FOLDER/taxi_trip.py', '--cfg-path', '/tmp/tmpr20okudk']
[2024-10-01T15:44:26.036+0000] {standard_task_runner.py:91} INFO - Job 321: Subtask dbt_run_model_fact_trip
[2024-10-01T15:44:26.078+0000] {task_command.py:426} INFO - Running <TaskInstance: Taxi_trip_pipeline.dbt_run_model_fact_trip manual__2024-10-01T15:44:06.557862+00:00 [running]> on host fcb0f9e87e2b
[2024-10-01T15:44:26.170+0000] {taskinstance.py:2648} INFO - Exporting env vars: AIRFLOW_CTX_DAG_OWNER='Mahmoud' AIRFLOW_CTX_DAG_ID='Taxi_trip_pipeline' AIRFLOW_CTX_TASK_ID='dbt_run_model_fact_trip' AIRFLOW_CTX_EXECUTION_DATE='2024-10-01T15:44:06.557862+00:00' AIRFLOW_CTX_TRY_NUMBER='1' AIRFLOW_CTX_DAG_RUN_ID='manual__2024-10-01T15:44:06.557862+00:00'
[2024-10-01T15:44:26.171+0000] {taskinstance.py:430} INFO - ::endgroup::
[2024-10-01T15:44:26.183+0000] {subprocess.py:63} INFO - Tmp dir root location: /tmp
[2024-10-01T15:44:26.183+0000] {subprocess.py:75} INFO - Running command: ['/usr/bin/bash', '-c', 'dbt run --profiles-dir /opt/***/DBT_Project  --project-dir /opt/***/dbt_trip --models Fact_trips']
[2024-10-01T15:44:26.200+0000] {subprocess.py:86} INFO - Output:
[2024-10-01T15:44:28.600+0000] {subprocess.py:93} INFO - [0m15:44:28  Running with dbt=1.8.0
[2024-10-01T15:44:28.886+0000] {subprocess.py:93} INFO - [0m15:44:28  Registered adapter: postgres=1.8.0
[2024-10-01T15:44:29.185+0000] {subprocess.py:93} INFO - [0m15:44:29  [[33mWARNING[0m]: Configuration paths exist in your dbt_project.yml file which do not apply to any resources.
[2024-10-01T15:44:29.185+0000] {subprocess.py:93} INFO - There are 2 unused configuration paths:
[2024-10-01T15:44:29.186+0000] {subprocess.py:93} INFO - - models.fact_trip.Dimensions
[2024-10-01T15:44:29.186+0000] {subprocess.py:93} INFO - - models.fact_trip.staging
[2024-10-01T15:44:29.440+0000] {subprocess.py:93} INFO - [0m15:44:29  Found 4 models, 6 data tests, 3 sources, 566 macros
[2024-10-01T15:44:29.442+0000] {subprocess.py:93} INFO - [0m15:44:29
[2024-10-01T15:44:29.572+0000] {subprocess.py:93} INFO - [0m15:44:29  Concurrency: 3 threads (target='dev')
[2024-10-01T15:44:29.573+0000] {subprocess.py:93} INFO - [0m15:44:29
[2024-10-01T15:44:29.582+0000] {subprocess.py:93} INFO - [0m15:44:29  1 of 1 START sql view model analysis.Fact_trips ................................ [RUN]
[2024-10-01T15:44:29.716+0000] {subprocess.py:93} INFO - [0m15:44:29  1 of 1 OK created sql view model analysis.Fact_trips ........................... [[32mCREATE VIEW[0m in 0.13s]
[2024-10-01T15:44:29.729+0000] {subprocess.py:93} INFO - [0m15:44:29
[2024-10-01T15:44:29.730+0000] {subprocess.py:93} INFO - [0m15:44:29  Finished running 1 view model in 0 hours 0 minutes and 0.29 seconds (0.29s).
[2024-10-01T15:44:29.787+0000] {subprocess.py:93} INFO - [0m15:44:29
[2024-10-01T15:44:29.787+0000] {subprocess.py:93} INFO - [0m15:44:29  [32mCompleted successfully[0m
[2024-10-01T15:44:29.788+0000] {subprocess.py:93} INFO - [0m15:44:29
[2024-10-01T15:44:29.788+0000] {subprocess.py:93} INFO - [0m15:44:29  Done. PASS=1 WARN=0 ERROR=0 SKIP=0 TOTAL=1
[2024-10-01T15:44:30.740+0000] {subprocess.py:97} INFO - Command exited with return code 0
[2024-10-01T15:44:30.740+0000] {taskinstance.py:441} INFO - ::group::Post task execution logs
[2024-10-01T15:44:30.767+0000] {taskinstance.py:1206} INFO - Marking task as SUCCESS. dag_id=Taxi_trip_pipeline, task_id=dbt_run_model_fact_trip, run_id=manual__2024-10-01T15:44:06.557862+00:00, execution_date=20241001T154406, start_date=20241001T154426, end_date=20241001T154430
[2024-10-01T15:44:30.819+0000] {local_task_job_runner.py:240} INFO - Task exited with return code 0
[2024-10-01T15:44:30.845+0000] {taskinstance.py:3498} INFO - 0 downstream tasks scheduled from follow-on schedule check
[2024-10-01T15:44:30.846+0000] {local_task_job_runner.py:222} INFO - ::endgroup::
