[2024-10-12T08:45:11.197+0000] {local_task_job_runner.py:120} INFO - ::group::Pre task execution logs
[2024-10-12T08:45:11.237+0000] {taskinstance.py:2076} INFO - Dependencies all met for dep_context=non-requeueable deps ti=<TaskInstance: Taxi_trip_pipeline.dbt_transformation_layer.dbt_run_model_zone_lookup scheduled__2024-10-12T08:30:00+00:00 [queued]>
[2024-10-12T08:45:11.258+0000] {taskinstance.py:2076} INFO - Dependencies all met for dep_context=requeueable deps ti=<TaskInstance: Taxi_trip_pipeline.dbt_transformation_layer.dbt_run_model_zone_lookup scheduled__2024-10-12T08:30:00+00:00 [queued]>
[2024-10-12T08:45:11.259+0000] {taskinstance.py:2306} INFO - Starting attempt 1 of 1
[2024-10-12T08:45:11.284+0000] {taskinstance.py:2330} INFO - Executing <Task(BashOperator): dbt_transformation_layer.dbt_run_model_zone_lookup> on 2024-10-12 08:30:00+00:00
[2024-10-12T08:45:11.300+0000] {standard_task_runner.py:63} INFO - Started process 485 to run task
[2024-10-12T08:45:11.307+0000] {standard_task_runner.py:90} INFO - Running: ['***', 'tasks', 'run', 'Taxi_trip_pipeline', 'dbt_transformation_layer.dbt_run_model_zone_lookup', 'scheduled__2024-10-12T08:30:00+00:00', '--job-id', '509', '--raw', '--subdir', 'DAGS_FOLDER/taxi_trip.py', '--cfg-path', '/tmp/tmpuf58efoa']
[2024-10-12T08:45:11.311+0000] {standard_task_runner.py:91} INFO - Job 509: Subtask dbt_transformation_layer.dbt_run_model_zone_lookup
[2024-10-12T08:45:11.385+0000] {task_command.py:426} INFO - Running <TaskInstance: Taxi_trip_pipeline.dbt_transformation_layer.dbt_run_model_zone_lookup scheduled__2024-10-12T08:30:00+00:00 [running]> on host fd913b953c2b
[2024-10-12T08:45:11.544+0000] {taskinstance.py:2648} INFO - Exporting env vars: AIRFLOW_CTX_DAG_OWNER='Mahmoud' AIRFLOW_CTX_DAG_ID='Taxi_trip_pipeline' AIRFLOW_CTX_TASK_ID='dbt_transformation_layer.dbt_run_model_zone_lookup' AIRFLOW_CTX_EXECUTION_DATE='2024-10-12T08:30:00+00:00' AIRFLOW_CTX_TRY_NUMBER='1' AIRFLOW_CTX_DAG_RUN_ID='scheduled__2024-10-12T08:30:00+00:00'
[2024-10-12T08:45:11.547+0000] {taskinstance.py:430} INFO - ::endgroup::
[2024-10-12T08:45:11.570+0000] {subprocess.py:63} INFO - Tmp dir root location: /tmp
[2024-10-12T08:45:11.571+0000] {subprocess.py:75} INFO - Running command: ['/usr/bin/bash', '-c', 'dbt run --profiles-dir /opt/***/DBT_Project  --project-dir /opt/***/dbt_trip --models zone_lookup']
[2024-10-12T08:45:11.594+0000] {subprocess.py:86} INFO - Output:
[2024-10-12T08:45:15.359+0000] {subprocess.py:93} INFO - [0m08:45:15  Running with dbt=1.8.0
[2024-10-12T08:45:15.745+0000] {subprocess.py:93} INFO - [0m08:45:15  Registered adapter: postgres=1.8.0
[2024-10-12T08:45:16.288+0000] {subprocess.py:93} INFO - [0m08:45:16  [[33mWARNING[0m]: Configuration paths exist in your dbt_project.yml file which do not apply to any resources.
[2024-10-12T08:45:16.289+0000] {subprocess.py:93} INFO - There are 2 unused configuration paths:
[2024-10-12T08:45:16.289+0000] {subprocess.py:93} INFO - - models.fact_trip.Dimensions
[2024-10-12T08:45:16.289+0000] {subprocess.py:93} INFO - - models.fact_trip.staging
[2024-10-12T08:45:16.625+0000] {subprocess.py:93} INFO - [0m08:45:16  Found 4 models, 6 data tests, 3 sources, 566 macros
[2024-10-12T08:45:16.628+0000] {subprocess.py:93} INFO - [0m08:45:16
[2024-10-12T08:45:16.889+0000] {subprocess.py:93} INFO - [0m08:45:16  Concurrency: 3 threads (target='dev')
[2024-10-12T08:45:16.890+0000] {subprocess.py:93} INFO - [0m08:45:16
[2024-10-12T08:45:16.911+0000] {subprocess.py:93} INFO - [0m08:45:16  1 of 1 START sql view model analysis.zone_lookup ............................... [RUN]
[2024-10-12T08:45:17.160+0000] {subprocess.py:93} INFO - [0m08:45:17  1 of 1 OK created sql view model analysis.zone_lookup .......................... [[32mCREATE VIEW[0m in 0.24s]
[2024-10-12T08:45:17.187+0000] {subprocess.py:93} INFO - [0m08:45:17
[2024-10-12T08:45:17.188+0000] {subprocess.py:93} INFO - [0m08:45:17  Finished running 1 view model in 0 hours 0 minutes and 0.56 seconds (0.56s).
[2024-10-12T08:45:17.260+0000] {subprocess.py:93} INFO - [0m08:45:17
[2024-10-12T08:45:17.261+0000] {subprocess.py:93} INFO - [0m08:45:17  [32mCompleted successfully[0m
[2024-10-12T08:45:17.261+0000] {subprocess.py:93} INFO - [0m08:45:17
[2024-10-12T08:45:17.262+0000] {subprocess.py:93} INFO - [0m08:45:17  Done. PASS=1 WARN=0 ERROR=0 SKIP=0 TOTAL=1
[2024-10-12T08:45:23.535+0000] {subprocess.py:97} INFO - Command exited with return code 0
[2024-10-12T08:45:23.536+0000] {taskinstance.py:441} INFO - ::group::Post task execution logs
[2024-10-12T08:45:23.565+0000] {taskinstance.py:1206} INFO - Marking task as SUCCESS. dag_id=Taxi_trip_pipeline, task_id=dbt_transformation_layer.dbt_run_model_zone_lookup, run_id=scheduled__2024-10-12T08:30:00+00:00, execution_date=20241012T083000, start_date=20241012T084511, end_date=20241012T084523
[2024-10-12T08:45:23.596+0000] {local_task_job_runner.py:240} INFO - Task exited with return code 0
[2024-10-12T08:45:23.624+0000] {taskinstance.py:3498} INFO - 1 downstream tasks scheduled from follow-on schedule check
[2024-10-12T08:45:23.626+0000] {local_task_job_runner.py:222} INFO - ::endgroup::
