[2024-10-12T13:30:07.530+0000] {local_task_job_runner.py:120} INFO - ::group::Pre task execution logs
[2024-10-12T13:30:07.559+0000] {taskinstance.py:2076} INFO - Dependencies all met for dep_context=non-requeueable deps ti=<TaskInstance: Taxi_trip_pipeline.dbt_transformation_layer.dbt_run_model_yellow_trip scheduled__2024-10-12T13:15:00+00:00 [queued]>
[2024-10-12T13:30:07.569+0000] {taskinstance.py:2076} INFO - Dependencies all met for dep_context=requeueable deps ti=<TaskInstance: Taxi_trip_pipeline.dbt_transformation_layer.dbt_run_model_yellow_trip scheduled__2024-10-12T13:15:00+00:00 [queued]>
[2024-10-12T13:30:07.569+0000] {taskinstance.py:2306} INFO - Starting attempt 1 of 1
[2024-10-12T13:30:07.583+0000] {taskinstance.py:2330} INFO - Executing <Task(BashOperator): dbt_transformation_layer.dbt_run_model_yellow_trip> on 2024-10-12 13:15:00+00:00
[2024-10-12T13:30:07.592+0000] {standard_task_runner.py:63} INFO - Started process 545 to run task
[2024-10-12T13:30:07.595+0000] {standard_task_runner.py:90} INFO - Running: ['***', 'tasks', 'run', 'Taxi_trip_pipeline', 'dbt_transformation_layer.dbt_run_model_yellow_trip', 'scheduled__2024-10-12T13:15:00+00:00', '--job-id', '59', '--raw', '--subdir', 'DAGS_FOLDER/taxi_trip.py', '--cfg-path', '/tmp/tmp1g1bhigl']
[2024-10-12T13:30:07.598+0000] {standard_task_runner.py:91} INFO - Job 59: Subtask dbt_transformation_layer.dbt_run_model_yellow_trip
[2024-10-12T13:30:07.654+0000] {task_command.py:426} INFO - Running <TaskInstance: Taxi_trip_pipeline.dbt_transformation_layer.dbt_run_model_yellow_trip scheduled__2024-10-12T13:15:00+00:00 [running]> on host ebdcf85807fc
[2024-10-12T13:30:07.756+0000] {taskinstance.py:2648} INFO - Exporting env vars: AIRFLOW_CTX_DAG_OWNER='Mahmoud' AIRFLOW_CTX_DAG_ID='Taxi_trip_pipeline' AIRFLOW_CTX_TASK_ID='dbt_transformation_layer.dbt_run_model_yellow_trip' AIRFLOW_CTX_EXECUTION_DATE='2024-10-12T13:15:00+00:00' AIRFLOW_CTX_TRY_NUMBER='1' AIRFLOW_CTX_DAG_RUN_ID='scheduled__2024-10-12T13:15:00+00:00'
[2024-10-12T13:30:07.757+0000] {taskinstance.py:430} INFO - ::endgroup::
[2024-10-12T13:30:07.774+0000] {subprocess.py:63} INFO - Tmp dir root location: /tmp
[2024-10-12T13:30:07.775+0000] {subprocess.py:75} INFO - Running command: ['/usr/bin/bash', '-c', 'dbt run --profiles-dir /opt/***/DBT_Project  --project-dir /opt/***/dbt_trip --models yellow_trip']
[2024-10-12T13:30:07.792+0000] {subprocess.py:86} INFO - Output:
[2024-10-12T13:30:10.232+0000] {subprocess.py:93} INFO - [0m13:30:10  Running with dbt=1.8.0
[2024-10-12T13:30:10.674+0000] {subprocess.py:93} INFO - [0m13:30:10  Registered adapter: postgres=1.8.0
[2024-10-12T13:30:11.045+0000] {subprocess.py:93} INFO - [0m13:30:11  [[33mWARNING[0m]: Configuration paths exist in your dbt_project.yml file which do not apply to any resources.
[2024-10-12T13:30:11.045+0000] {subprocess.py:93} INFO - There are 2 unused configuration paths:
[2024-10-12T13:30:11.046+0000] {subprocess.py:93} INFO - - models.fact_trip.staging
[2024-10-12T13:30:11.046+0000] {subprocess.py:93} INFO - - models.fact_trip.Dimensions
[2024-10-12T13:30:11.422+0000] {subprocess.py:93} INFO - [0m13:30:11  Found 4 models, 6 data tests, 3 sources, 566 macros
[2024-10-12T13:30:11.424+0000] {subprocess.py:93} INFO - [0m13:30:11
[2024-10-12T13:30:11.588+0000] {subprocess.py:93} INFO - [0m13:30:11  Concurrency: 3 threads (target='dev')
[2024-10-12T13:30:11.588+0000] {subprocess.py:93} INFO - [0m13:30:11
[2024-10-12T13:30:11.593+0000] {subprocess.py:93} INFO - [0m13:30:11  1 of 1 START sql view model analysis.yellow_trip ............................... [RUN]
[2024-10-12T13:30:11.820+0000] {subprocess.py:93} INFO - [0m13:30:11  1 of 1 OK created sql view model analysis.yellow_trip .......................... [[32mCREATE VIEW[0m in 0.22s]
[2024-10-12T13:30:11.835+0000] {subprocess.py:93} INFO - [0m13:30:11
[2024-10-12T13:30:11.836+0000] {subprocess.py:93} INFO - [0m13:30:11  Finished running 1 view model in 0 hours 0 minutes and 0.41 seconds (0.41s).
[2024-10-12T13:30:11.927+0000] {subprocess.py:93} INFO - [0m13:30:11
[2024-10-12T13:30:11.928+0000] {subprocess.py:93} INFO - [0m13:30:11  [32mCompleted successfully[0m
[2024-10-12T13:30:11.929+0000] {subprocess.py:93} INFO - [0m13:30:11
[2024-10-12T13:30:11.930+0000] {subprocess.py:93} INFO - [0m13:30:11  Done. PASS=1 WARN=0 ERROR=0 SKIP=0 TOTAL=1
[2024-10-12T13:30:13.101+0000] {subprocess.py:97} INFO - Command exited with return code 0
[2024-10-12T13:30:13.102+0000] {taskinstance.py:441} INFO - ::group::Post task execution logs
[2024-10-12T13:30:13.128+0000] {taskinstance.py:1206} INFO - Marking task as SUCCESS. dag_id=Taxi_trip_pipeline, task_id=dbt_transformation_layer.dbt_run_model_yellow_trip, run_id=scheduled__2024-10-12T13:15:00+00:00, execution_date=20241012T131500, start_date=20241012T133007, end_date=20241012T133013
[2024-10-12T13:30:13.186+0000] {local_task_job_runner.py:240} INFO - Task exited with return code 0
[2024-10-12T13:30:13.209+0000] {taskinstance.py:3498} INFO - 0 downstream tasks scheduled from follow-on schedule check
[2024-10-12T13:30:13.210+0000] {local_task_job_runner.py:222} INFO - ::endgroup::
