[2024-09-20T15:59:38.353+0000] {local_task_job_runner.py:123} INFO - ::group::Pre task execution logs
[2024-09-20T15:59:38.368+0000] {taskinstance.py:2612} INFO - Dependencies all met for dep_context=non-requeueable deps ti=<TaskInstance: NYC_Taxi_pipeline.extract_data manual__2024-09-20T15:59:35.780109+00:00 [queued]>
[2024-09-20T15:59:38.375+0000] {taskinstance.py:2612} INFO - Dependencies all met for dep_context=requeueable deps ti=<TaskInstance: NYC_Taxi_pipeline.extract_data manual__2024-09-20T15:59:35.780109+00:00 [queued]>
[2024-09-20T15:59:38.375+0000] {taskinstance.py:2865} INFO - Starting attempt 1 of 1
[2024-09-20T15:59:38.388+0000] {taskinstance.py:2888} INFO - Executing <Task(PythonOperator): extract_data> on 2024-09-20 15:59:35.780109+00:00
[2024-09-20T15:59:38.395+0000] {warnings.py:112} WARNING - /home/***/.local/lib/python3.12/site-packages/***/task/task_runner/standard_task_runner.py:70: DeprecationWarning: This process (pid=48) is multi-threaded, use of fork() may lead to deadlocks in the child.
  pid = os.fork()

[2024-09-20T15:59:38.396+0000] {standard_task_runner.py:72} INFO - Started process 50 to run task
[2024-09-20T15:59:38.397+0000] {standard_task_runner.py:104} INFO - Running: ['***', 'tasks', 'run', 'NYC_Taxi_pipeline', 'extract_data', 'manual__2024-09-20T15:59:35.780109+00:00', '--job-id', '265', '--raw', '--subdir', 'DAGS_FOLDER/NYC_Taxi_pipeline.py', '--cfg-path', '/tmp/tmpjg19_qdt']
[2024-09-20T15:59:38.399+0000] {standard_task_runner.py:105} INFO - Job 265: Subtask extract_data
[2024-09-20T15:59:38.439+0000] {task_command.py:467} INFO - Running <TaskInstance: NYC_Taxi_pipeline.extract_data manual__2024-09-20T15:59:35.780109+00:00 [running]> on host f421c61f559c
[2024-09-20T15:59:38.691+0000] {taskinstance.py:3131} INFO - Exporting env vars: AIRFLOW_CTX_DAG_OWNER='Mahmoud' AIRFLOW_CTX_DAG_ID='NYC_Taxi_pipeline' AIRFLOW_CTX_TASK_ID='extract_data' AIRFLOW_CTX_EXECUTION_DATE='2024-09-20T15:59:35.780109+00:00' AIRFLOW_CTX_TRY_NUMBER='1' AIRFLOW_CTX_DAG_RUN_ID='manual__2024-09-20T15:59:35.780109+00:00'
[2024-09-20T15:59:38.692+0000] {taskinstance.py:731} INFO - ::endgroup::
[2024-09-20T15:59:38.722+0000] {NYC_Taxi_pipeline.py:35} INFO - Data extraction started
[2024-09-20T15:59:38.722+0000] {data_process.py:9} INFO - Loading Parquet files from the folder...
[2024-09-20T15:59:38.723+0000] {data_process.py:11} INFO - Found Parquet files: []
[2024-09-20T15:59:38.723+0000] {data_process.py:24} ERROR - Error while extracting trip data
Traceback (most recent call last):
  File "/opt/airflow/dags/scripts/data_process.py", line 17, in process_trip
    trip_df = pd.concat(dataframes,ignore_index=True)
              ^^^^^^^^^^^^^^^^^^^^^^^^^^^^^^^^^^^^^^^
  File "/home/airflow/.local/lib/python3.12/site-packages/pandas/core/reshape/concat.py", line 380, in concat
    op = _Concatenator(
         ^^^^^^^^^^^^^^
  File "/home/airflow/.local/lib/python3.12/site-packages/pandas/core/reshape/concat.py", line 443, in __init__
    objs, keys = self._clean_keys_and_objs(objs, keys)
                 ^^^^^^^^^^^^^^^^^^^^^^^^^^^^^^^^^^^^^
  File "/home/airflow/.local/lib/python3.12/site-packages/pandas/core/reshape/concat.py", line 505, in _clean_keys_and_objs
    raise ValueError("No objects to concatenate")
ValueError: No objects to concatenate
[2024-09-20T15:59:38.724+0000] {NYC_Taxi_pipeline.py:37} INFO - Data extraction done, DataFrame saved to CSV
[2024-09-20T15:59:38.724+0000] {python.py:240} INFO - Done. Returned value was: None
[2024-09-20T15:59:38.733+0000] {taskinstance.py:340} INFO - ::group::Post task execution logs
[2024-09-20T15:59:38.734+0000] {taskinstance.py:352} INFO - Marking task as SUCCESS. dag_id=NYC_Taxi_pipeline, task_id=extract_data, run_id=manual__2024-09-20T15:59:35.780109+00:00, execution_date=20240920T155935, start_date=20240920T155938, end_date=20240920T155938
[2024-09-20T15:59:38.771+0000] {local_task_job_runner.py:266} INFO - Task exited with return code 0
[2024-09-20T15:59:38.988+0000] {taskinstance.py:3900} INFO - 1 downstream tasks scheduled from follow-on schedule check
[2024-09-20T15:59:38.989+0000] {local_task_job_runner.py:245} INFO - ::endgroup::
