[2024-09-27T20:28:32.857+0000] {local_task_job_runner.py:120} INFO - ::group::Pre task execution logs
[2024-09-27T20:28:32.894+0000] {taskinstance.py:2076} INFO - Dependencies all met for dep_context=non-requeueable deps ti=<TaskInstance: Taxi_trip_pipeline.extraction_layer.extract_yellow_date manual__2024-09-27T20:28:31.410767+00:00 [queued]>
[2024-09-27T20:28:32.914+0000] {taskinstance.py:2076} INFO - Dependencies all met for dep_context=requeueable deps ti=<TaskInstance: Taxi_trip_pipeline.extraction_layer.extract_yellow_date manual__2024-09-27T20:28:31.410767+00:00 [queued]>
[2024-09-27T20:28:32.914+0000] {taskinstance.py:2306} INFO - Starting attempt 1 of 1
[2024-09-27T20:28:32.930+0000] {taskinstance.py:2330} INFO - Executing <Task(PythonOperator): extraction_layer.extract_yellow_date> on 2024-09-27 20:28:31.410767+00:00
[2024-09-27T20:28:32.939+0000] {standard_task_runner.py:63} INFO - Started process 52 to run task
[2024-09-27T20:28:32.943+0000] {standard_task_runner.py:90} INFO - Running: ['***', 'tasks', 'run', 'Taxi_trip_pipeline', 'extraction_layer.extract_yellow_date', 'manual__2024-09-27T20:28:31.410767+00:00', '--job-id', '172', '--raw', '--subdir', 'DAGS_FOLDER/taxi_trip.py', '--cfg-path', '/tmp/tmpzcirh_bp']
[2024-09-27T20:28:32.949+0000] {standard_task_runner.py:91} INFO - Job 172: Subtask extraction_layer.extract_yellow_date
[2024-09-27T20:28:33.012+0000] {task_command.py:426} INFO - Running <TaskInstance: Taxi_trip_pipeline.extraction_layer.extract_yellow_date manual__2024-09-27T20:28:31.410767+00:00 [running]> on host d7ea763741e5
[2024-09-27T20:28:33.111+0000] {taskinstance.py:2648} INFO - Exporting env vars: AIRFLOW_CTX_DAG_OWNER='Mahmoud' AIRFLOW_CTX_DAG_ID='Taxi_trip_pipeline' AIRFLOW_CTX_TASK_ID='extraction_layer.extract_yellow_date' AIRFLOW_CTX_EXECUTION_DATE='2024-09-27T20:28:31.410767+00:00' AIRFLOW_CTX_TRY_NUMBER='1' AIRFLOW_CTX_DAG_RUN_ID='manual__2024-09-27T20:28:31.410767+00:00'
[2024-09-27T20:28:33.112+0000] {taskinstance.py:430} INFO - ::endgroup::
[2024-09-27T20:28:33.132+0000] {taxi_trip.py:50} INFO - Data extraction for yellow trip started
[2024-09-27T20:28:33.133+0000] {taxi_trip.py:60} ERROR - Error in yellow trip extraction
Traceback (most recent call last):
  File "/opt/airflow/dags/taxi_trip.py", line 51, in extract_yellow_date
    yellow_trip_df, processed_files = process_yellow_trip()
TypeError: process_yellow_trip() missing 4 required positional arguments: 'host', 'db_name', 'user', and 'password'
[2024-09-27T20:28:33.133+0000] {python.py:237} INFO - Done. Returned value was: None
[2024-09-27T20:28:33.134+0000] {taskinstance.py:441} INFO - ::group::Post task execution logs
[2024-09-27T20:28:33.143+0000] {taskinstance.py:1206} INFO - Marking task as SUCCESS. dag_id=Taxi_trip_pipeline, task_id=extraction_layer.extract_yellow_date, run_id=manual__2024-09-27T20:28:31.410767+00:00, execution_date=20240927T202831, start_date=20240927T202832, end_date=20240927T202833
[2024-09-27T20:28:33.195+0000] {local_task_job_runner.py:240} INFO - Task exited with return code 0
[2024-09-27T20:28:33.225+0000] {taskinstance.py:3498} INFO - 2 downstream tasks scheduled from follow-on schedule check
[2024-09-27T20:28:33.227+0000] {local_task_job_runner.py:222} INFO - ::endgroup::
