[2024-09-27T20:29:59.919+0000] {local_task_job_runner.py:120} INFO - ::group::Pre task execution logs
[2024-09-27T20:29:59.942+0000] {taskinstance.py:2076} INFO - Dependencies all met for dep_context=non-requeueable deps ti=<TaskInstance: Taxi_trip_pipeline.extraction_layer.extract_yellow_date manual__2024-09-27T20:28:31.410767+00:00 [queued]>
[2024-09-27T20:29:59.951+0000] {taskinstance.py:2076} INFO - Dependencies all met for dep_context=requeueable deps ti=<TaskInstance: Taxi_trip_pipeline.extraction_layer.extract_yellow_date manual__2024-09-27T20:28:31.410767+00:00 [queued]>
[2024-09-27T20:29:59.952+0000] {taskinstance.py:2306} INFO - Starting attempt 2 of 2
[2024-09-27T20:29:59.964+0000] {taskinstance.py:2330} INFO - Executing <Task(PythonOperator): extraction_layer.extract_yellow_date> on 2024-09-27 20:28:31.410767+00:00
[2024-09-27T20:29:59.972+0000] {standard_task_runner.py:63} INFO - Started process 68 to run task
[2024-09-27T20:29:59.975+0000] {standard_task_runner.py:90} INFO - Running: ['***', 'tasks', 'run', 'Taxi_trip_pipeline', 'extraction_layer.extract_yellow_date', 'manual__2024-09-27T20:28:31.410767+00:00', '--job-id', '178', '--raw', '--subdir', 'DAGS_FOLDER/taxi_trip.py', '--cfg-path', '/tmp/tmpitzyhs_i']
[2024-09-27T20:29:59.978+0000] {standard_task_runner.py:91} INFO - Job 178: Subtask extraction_layer.extract_yellow_date
[2024-09-27T20:30:00.020+0000] {task_command.py:426} INFO - Running <TaskInstance: Taxi_trip_pipeline.extraction_layer.extract_yellow_date manual__2024-09-27T20:28:31.410767+00:00 [running]> on host d7ea763741e5
[2024-09-27T20:30:00.103+0000] {taskinstance.py:2648} INFO - Exporting env vars: AIRFLOW_CTX_DAG_OWNER='Mahmoud' AIRFLOW_CTX_DAG_ID='Taxi_trip_pipeline' AIRFLOW_CTX_TASK_ID='extraction_layer.extract_yellow_date' AIRFLOW_CTX_EXECUTION_DATE='2024-09-27T20:28:31.410767+00:00' AIRFLOW_CTX_TRY_NUMBER='2' AIRFLOW_CTX_DAG_RUN_ID='manual__2024-09-27T20:28:31.410767+00:00'
[2024-09-27T20:30:00.104+0000] {taskinstance.py:430} INFO - ::endgroup::
[2024-09-27T20:30:00.116+0000] {taxi_trip.py:51} INFO - Data extraction for yellow trip started
[2024-09-27T20:30:00.123+0000] {db_utils.py:16} INFO - Connected to PostgreSQL database successfully
[2024-09-27T20:30:00.123+0000] {Process_data.py:44} INFO - Start transforming Yellow Trip data...
[2024-09-27T20:30:00.123+0000] {taxi_trip.py:62} ERROR - Error in yellow trip extraction
Traceback (most recent call last):
  File "/opt/airflow/dags/taxi_trip.py", line 53, in extract_yellow_date
    yellow_trip_df, processed_files = process_yellow_trip(**db_credentials)
  File "/opt/airflow/dags/scripts/Process_data.py", line 51, in process_yellow_trip
    if is_file_processed(conn, file_name):
NameError: name 'is_file_processed' is not defined
[2024-09-27T20:30:00.124+0000] {python.py:237} INFO - Done. Returned value was: None
[2024-09-27T20:30:00.125+0000] {taskinstance.py:441} INFO - ::group::Post task execution logs
[2024-09-27T20:30:00.134+0000] {taskinstance.py:1206} INFO - Marking task as SUCCESS. dag_id=Taxi_trip_pipeline, task_id=extraction_layer.extract_yellow_date, run_id=manual__2024-09-27T20:28:31.410767+00:00, execution_date=20240927T202831, start_date=20240927T202959, end_date=20240927T203000
[2024-09-27T20:30:00.187+0000] {local_task_job_runner.py:240} INFO - Task exited with return code 0
[2024-09-27T20:30:00.198+0000] {local_task_job_runner.py:222} INFO - ::endgroup::
