[2024-09-27T20:31:43.052+0000] {local_task_job_runner.py:120} INFO - ::group::Pre task execution logs
[2024-09-27T20:31:43.076+0000] {taskinstance.py:2076} INFO - Dependencies all met for dep_context=non-requeueable deps ti=<TaskInstance: Taxi_trip_pipeline.extraction_layer.extract_yellow_date manual__2024-09-27T20:28:31.410767+00:00 [queued]>
[2024-09-27T20:31:43.088+0000] {taskinstance.py:2076} INFO - Dependencies all met for dep_context=requeueable deps ti=<TaskInstance: Taxi_trip_pipeline.extraction_layer.extract_yellow_date manual__2024-09-27T20:28:31.410767+00:00 [queued]>
[2024-09-27T20:31:43.088+0000] {taskinstance.py:2306} INFO - Starting attempt 3 of 3
[2024-09-27T20:31:43.104+0000] {taskinstance.py:2330} INFO - Executing <Task(PythonOperator): extraction_layer.extract_yellow_date> on 2024-09-27 20:28:31.410767+00:00
[2024-09-27T20:31:43.110+0000] {standard_task_runner.py:63} INFO - Started process 82 to run task
[2024-09-27T20:31:43.113+0000] {standard_task_runner.py:90} INFO - Running: ['***', 'tasks', 'run', 'Taxi_trip_pipeline', 'extraction_layer.extract_yellow_date', 'manual__2024-09-27T20:28:31.410767+00:00', '--job-id', '182', '--raw', '--subdir', 'DAGS_FOLDER/taxi_trip.py', '--cfg-path', '/tmp/tmpkmtlk9ir']
[2024-09-27T20:31:43.116+0000] {standard_task_runner.py:91} INFO - Job 182: Subtask extraction_layer.extract_yellow_date
[2024-09-27T20:31:43.159+0000] {task_command.py:426} INFO - Running <TaskInstance: Taxi_trip_pipeline.extraction_layer.extract_yellow_date manual__2024-09-27T20:28:31.410767+00:00 [running]> on host d7ea763741e5
[2024-09-27T20:31:43.246+0000] {taskinstance.py:2648} INFO - Exporting env vars: AIRFLOW_CTX_DAG_OWNER='Mahmoud' AIRFLOW_CTX_DAG_ID='Taxi_trip_pipeline' AIRFLOW_CTX_TASK_ID='extraction_layer.extract_yellow_date' AIRFLOW_CTX_EXECUTION_DATE='2024-09-27T20:28:31.410767+00:00' AIRFLOW_CTX_TRY_NUMBER='3' AIRFLOW_CTX_DAG_RUN_ID='manual__2024-09-27T20:28:31.410767+00:00'
[2024-09-27T20:31:43.247+0000] {taskinstance.py:430} INFO - ::endgroup::
[2024-09-27T20:31:43.259+0000] {taxi_trip.py:51} INFO - Data extraction for yellow trip started
[2024-09-27T20:31:43.265+0000] {db_utils.py:16} INFO - Connected to PostgreSQL database successfully
[2024-09-27T20:31:43.266+0000] {Process_data.py:44} INFO - Start transforming Yellow Trip data...
[2024-09-27T20:31:43.268+0000] {Process_data.py:55} INFO - Processing file yellow_tripdata_2024-01.parquet...
[2024-09-27T20:31:47.898+0000] {Process_data.py:64} INFO - Yellow trip dataframe with 2964624 rows
[2024-09-27T20:31:47.905+0000] {taxi_trip.py:54} INFO - Data extraction for yellow trip done
[2024-09-27T20:31:57.987+0000] {taxi_trip.py:58} INFO - Pushed yellow trip data with 2964624 rows to XCom
[2024-09-27T20:31:57.998+0000] {python.py:237} INFO - Done. Returned value was: None
[2024-09-27T20:31:57.998+0000] {taskinstance.py:441} INFO - ::group::Post task execution logs
[2024-09-27T20:31:58.008+0000] {taskinstance.py:1206} INFO - Marking task as SUCCESS. dag_id=Taxi_trip_pipeline, task_id=extraction_layer.extract_yellow_date, run_id=manual__2024-09-27T20:28:31.410767+00:00, execution_date=20240927T202831, start_date=20240927T203143, end_date=20240927T203158
[2024-09-27T20:31:58.091+0000] {local_task_job_runner.py:240} INFO - Task exited with return code 0
[2024-09-27T20:31:58.117+0000] {taskinstance.py:3498} INFO - 2 downstream tasks scheduled from follow-on schedule check
[2024-09-27T20:31:58.118+0000] {local_task_job_runner.py:222} INFO - ::endgroup::
