[2024-10-12T10:30:05.122+0000] {local_task_job_runner.py:120} INFO - ::group::Pre task execution logs
[2024-10-12T10:30:05.147+0000] {taskinstance.py:2076} INFO - Dependencies all met for dep_context=non-requeueable deps ti=<TaskInstance: Taxi_trip_pipeline.mark_files_as_processed scheduled__2024-10-12T10:15:00+00:00 [queued]>
[2024-10-12T10:30:05.157+0000] {taskinstance.py:2076} INFO - Dependencies all met for dep_context=requeueable deps ti=<TaskInstance: Taxi_trip_pipeline.mark_files_as_processed scheduled__2024-10-12T10:15:00+00:00 [queued]>
[2024-10-12T10:30:05.158+0000] {taskinstance.py:2306} INFO - Starting attempt 1 of 1
[2024-10-12T10:30:05.172+0000] {taskinstance.py:2330} INFO - Executing <Task(PythonOperator): mark_files_as_processed> on 2024-10-12 10:15:00+00:00
[2024-10-12T10:30:05.179+0000] {standard_task_runner.py:63} INFO - Started process 383 to run task
[2024-10-12T10:30:05.182+0000] {standard_task_runner.py:90} INFO - Running: ['***', 'tasks', 'run', 'Taxi_trip_pipeline', 'mark_files_as_processed', 'scheduled__2024-10-12T10:15:00+00:00', '--job-id', '34', '--raw', '--subdir', 'DAGS_FOLDER/taxi_trip.py', '--cfg-path', '/tmp/tmpyqn01m2x']
[2024-10-12T10:30:05.185+0000] {standard_task_runner.py:91} INFO - Job 34: Subtask mark_files_as_processed
[2024-10-12T10:30:05.238+0000] {task_command.py:426} INFO - Running <TaskInstance: Taxi_trip_pipeline.mark_files_as_processed scheduled__2024-10-12T10:15:00+00:00 [running]> on host bcbc9bb54b17
[2024-10-12T10:30:05.323+0000] {taskinstance.py:2648} INFO - Exporting env vars: AIRFLOW_CTX_DAG_OWNER='Mahmoud' AIRFLOW_CTX_DAG_ID='Taxi_trip_pipeline' AIRFLOW_CTX_TASK_ID='mark_files_as_processed' AIRFLOW_CTX_EXECUTION_DATE='2024-10-12T10:15:00+00:00' AIRFLOW_CTX_TRY_NUMBER='1' AIRFLOW_CTX_DAG_RUN_ID='scheduled__2024-10-12T10:15:00+00:00'
[2024-10-12T10:30:05.324+0000] {taskinstance.py:430} INFO - ::endgroup::
[2024-10-12T10:30:05.343+0000] {db_utils.py:16} INFO - Connected to PostgreSQL database successfully
[2024-10-12T10:30:05.364+0000] {taxi_trip.py:111} INFO - All files marked as processed successfully.
[2024-10-12T10:30:05.365+0000] {python.py:237} INFO - Done. Returned value was: None
[2024-10-12T10:30:05.365+0000] {taskinstance.py:441} INFO - ::group::Post task execution logs
[2024-10-12T10:30:05.376+0000] {taskinstance.py:1206} INFO - Marking task as SUCCESS. dag_id=Taxi_trip_pipeline, task_id=mark_files_as_processed, run_id=scheduled__2024-10-12T10:15:00+00:00, execution_date=20241012T101500, start_date=20241012T103005, end_date=20241012T103005
[2024-10-12T10:30:05.434+0000] {local_task_job_runner.py:240} INFO - Task exited with return code 0
[2024-10-12T10:30:05.475+0000] {taskinstance.py:3498} INFO - 1 downstream tasks scheduled from follow-on schedule check
[2024-10-12T10:30:05.476+0000] {local_task_job_runner.py:222} INFO - ::endgroup::
[2024-10-12T10:37:13.234+0000] {local_task_job_runner.py:120} INFO - ::group::Pre task execution logs
[2024-10-12T10:37:13.257+0000] {taskinstance.py:2076} INFO - Dependencies all met for dep_context=non-requeueable deps ti=<TaskInstance: Taxi_trip_pipeline.mark_files_as_processed scheduled__2024-10-12T10:15:00+00:00 [queued]>
[2024-10-12T10:37:13.266+0000] {taskinstance.py:2076} INFO - Dependencies all met for dep_context=requeueable deps ti=<TaskInstance: Taxi_trip_pipeline.mark_files_as_processed scheduled__2024-10-12T10:15:00+00:00 [queued]>
[2024-10-12T10:37:13.267+0000] {taskinstance.py:2306} INFO - Starting attempt 1 of 1
[2024-10-12T10:37:13.278+0000] {taskinstance.py:2330} INFO - Executing <Task(PythonOperator): mark_files_as_processed> on 2024-10-12 10:15:00+00:00
[2024-10-12T10:37:13.287+0000] {standard_task_runner.py:63} INFO - Started process 105 to run task
[2024-10-12T10:37:13.289+0000] {standard_task_runner.py:90} INFO - Running: ['***', 'tasks', 'run', 'Taxi_trip_pipeline', 'mark_files_as_processed', 'scheduled__2024-10-12T10:15:00+00:00', '--job-id', '6', '--raw', '--subdir', 'DAGS_FOLDER/taxi_trip.py', '--cfg-path', '/tmp/tmpud9wov0g']
[2024-10-12T10:37:13.292+0000] {standard_task_runner.py:91} INFO - Job 6: Subtask mark_files_as_processed
[2024-10-12T10:37:13.340+0000] {task_command.py:426} INFO - Running <TaskInstance: Taxi_trip_pipeline.mark_files_as_processed scheduled__2024-10-12T10:15:00+00:00 [running]> on host 4f9d1e7ade51
[2024-10-12T10:37:13.423+0000] {taskinstance.py:2648} INFO - Exporting env vars: AIRFLOW_CTX_DAG_OWNER='Mahmoud' AIRFLOW_CTX_DAG_ID='Taxi_trip_pipeline' AIRFLOW_CTX_TASK_ID='mark_files_as_processed' AIRFLOW_CTX_EXECUTION_DATE='2024-10-12T10:15:00+00:00' AIRFLOW_CTX_TRY_NUMBER='1' AIRFLOW_CTX_DAG_RUN_ID='scheduled__2024-10-12T10:15:00+00:00'
[2024-10-12T10:37:13.424+0000] {taskinstance.py:430} INFO - ::endgroup::
[2024-10-12T10:37:13.444+0000] {db_utils.py:16} INFO - Connected to PostgreSQL database successfully
[2024-10-12T10:37:13.473+0000] {taxi_trip.py:104} INFO - Marked green trip files as processed.
[2024-10-12T10:37:13.474+0000] {taxi_trip.py:111} INFO - All files marked as processed successfully.
[2024-10-12T10:37:13.474+0000] {python.py:237} INFO - Done. Returned value was: None
[2024-10-12T10:37:13.474+0000] {taskinstance.py:441} INFO - ::group::Post task execution logs
[2024-10-12T10:37:13.489+0000] {taskinstance.py:1206} INFO - Marking task as SUCCESS. dag_id=Taxi_trip_pipeline, task_id=mark_files_as_processed, run_id=scheduled__2024-10-12T10:15:00+00:00, execution_date=20241012T101500, start_date=20241012T103713, end_date=20241012T103713
[2024-10-12T10:37:13.542+0000] {local_task_job_runner.py:240} INFO - Task exited with return code 0
[2024-10-12T10:37:13.573+0000] {taskinstance.py:3498} INFO - 1 downstream tasks scheduled from follow-on schedule check
[2024-10-12T10:37:13.574+0000] {local_task_job_runner.py:222} INFO - ::endgroup::
