[2024-09-25T19:26:52.055+0000] {local_task_job_runner.py:120} INFO - ::group::Pre task execution logs
[2024-09-25T19:26:52.086+0000] {taskinstance.py:2076} INFO - Dependencies all met for dep_context=non-requeueable deps ti=<TaskInstance: Taxi_trip_pipeline.extraction_group.extract_yellow_date manual__2024-09-25T19:26:50.966300+00:00 [queued]>
[2024-09-25T19:26:52.097+0000] {taskinstance.py:2076} INFO - Dependencies all met for dep_context=requeueable deps ti=<TaskInstance: Taxi_trip_pipeline.extraction_group.extract_yellow_date manual__2024-09-25T19:26:50.966300+00:00 [queued]>
[2024-09-25T19:26:52.098+0000] {taskinstance.py:2306} INFO - Starting attempt 1 of 1
[2024-09-25T19:26:52.117+0000] {taskinstance.py:2330} INFO - Executing <Task(PythonOperator): extraction_group.extract_yellow_date> on 2024-09-25 19:26:50.966300+00:00
[2024-09-25T19:26:52.127+0000] {standard_task_runner.py:63} INFO - Started process 141 to run task
[2024-09-25T19:26:52.131+0000] {standard_task_runner.py:90} INFO - Running: ['***', 'tasks', 'run', 'Taxi_trip_pipeline', 'extraction_group.extract_yellow_date', 'manual__2024-09-25T19:26:50.966300+00:00', '--job-id', '126', '--raw', '--subdir', 'DAGS_FOLDER/taxi_trip.py', '--cfg-path', '/tmp/tmpymeht3gc']
[2024-09-25T19:26:52.135+0000] {standard_task_runner.py:91} INFO - Job 126: Subtask extraction_group.extract_yellow_date
[2024-09-25T19:26:52.206+0000] {task_command.py:426} INFO - Running <TaskInstance: Taxi_trip_pipeline.extraction_group.extract_yellow_date manual__2024-09-25T19:26:50.966300+00:00 [running]> on host 3aa1deac3d71
[2024-09-25T19:26:52.324+0000] {taskinstance.py:2648} INFO - Exporting env vars: AIRFLOW_CTX_DAG_OWNER='Mahmoud' AIRFLOW_CTX_DAG_ID='Taxi_trip_pipeline' AIRFLOW_CTX_TASK_ID='extraction_group.extract_yellow_date' AIRFLOW_CTX_EXECUTION_DATE='2024-09-25T19:26:50.966300+00:00' AIRFLOW_CTX_TRY_NUMBER='1' AIRFLOW_CTX_DAG_RUN_ID='manual__2024-09-25T19:26:50.966300+00:00'
[2024-09-25T19:26:52.326+0000] {taskinstance.py:430} INFO - ::endgroup::
[2024-09-25T19:26:52.338+0000] {taxi_trip.py:49} INFO - Data extraction for yellow trip started
[2024-09-25T19:26:52.339+0000] {Process_data.py:31} INFO - Start transforming Yellow Trip data...
[2024-09-25T19:26:52.657+0000] {taxi_trip.py:51} INFO - Data extraction for yellow trip done
[2024-09-25T19:27:03.113+0000] {taxi_trip.py:54} INFO - Pushed yellow trip data with 1 rows to XCom
[2024-09-25T19:27:03.121+0000] {python.py:237} INFO - Done. Returned value was: None
[2024-09-25T19:27:03.121+0000] {taskinstance.py:441} INFO - ::group::Post task execution logs
[2024-09-25T19:27:03.130+0000] {taskinstance.py:1206} INFO - Marking task as SUCCESS. dag_id=Taxi_trip_pipeline, task_id=extraction_group.extract_yellow_date, run_id=manual__2024-09-25T19:26:50.966300+00:00, execution_date=20240925T192650, start_date=20240925T192652, end_date=20240925T192703
[2024-09-25T19:27:03.208+0000] {local_task_job_runner.py:240} INFO - Task exited with return code 0
[2024-09-25T19:27:03.228+0000] {taskinstance.py:3498} INFO - 3 downstream tasks scheduled from follow-on schedule check
[2024-09-25T19:27:03.229+0000] {local_task_job_runner.py:222} INFO - ::endgroup::
