[2024-10-01T15:47:00.963+0000] {local_task_job_runner.py:120} INFO - ::group::Pre task execution logs
[2024-10-01T15:47:00.987+0000] {taskinstance.py:2076} INFO - Dependencies all met for dep_context=non-requeueable deps ti=<TaskInstance: Taxi_trip_pipeline.load_layer.load_yellow_trip scheduled__2024-10-01T15:30:00+00:00 [queued]>
[2024-10-01T15:47:00.997+0000] {taskinstance.py:2076} INFO - Dependencies all met for dep_context=requeueable deps ti=<TaskInstance: Taxi_trip_pipeline.load_layer.load_yellow_trip scheduled__2024-10-01T15:30:00+00:00 [queued]>
[2024-10-01T15:47:00.998+0000] {taskinstance.py:2306} INFO - Starting attempt 2 of 2
[2024-10-01T15:47:01.010+0000] {taskinstance.py:2330} INFO - Executing <Task(PythonOperator): load_layer.load_yellow_trip> on 2024-10-01 15:30:00+00:00
[2024-10-01T15:47:01.017+0000] {standard_task_runner.py:63} INFO - Started process 2554 to run task
[2024-10-01T15:47:01.020+0000] {standard_task_runner.py:90} INFO - Running: ['***', 'tasks', 'run', 'Taxi_trip_pipeline', 'load_layer.load_yellow_trip', 'scheduled__2024-10-01T15:30:00+00:00', '--job-id', '332', '--raw', '--subdir', 'DAGS_FOLDER/taxi_trip.py', '--cfg-path', '/tmp/tmp4l0dizgv']
[2024-10-01T15:47:01.024+0000] {standard_task_runner.py:91} INFO - Job 332: Subtask load_layer.load_yellow_trip
[2024-10-01T15:47:01.072+0000] {task_command.py:426} INFO - Running <TaskInstance: Taxi_trip_pipeline.load_layer.load_yellow_trip scheduled__2024-10-01T15:30:00+00:00 [running]> on host fcb0f9e87e2b
[2024-10-01T15:47:01.157+0000] {taskinstance.py:2648} INFO - Exporting env vars: AIRFLOW_CTX_DAG_OWNER='Mahmoud' AIRFLOW_CTX_DAG_ID='Taxi_trip_pipeline' AIRFLOW_CTX_TASK_ID='load_layer.load_yellow_trip' AIRFLOW_CTX_EXECUTION_DATE='2024-10-01T15:30:00+00:00' AIRFLOW_CTX_TRY_NUMBER='2' AIRFLOW_CTX_DAG_RUN_ID='scheduled__2024-10-01T15:30:00+00:00'
[2024-10-01T15:47:01.158+0000] {taskinstance.py:430} INFO - ::endgroup::
[2024-10-01T15:47:03.710+0000] {taxi_trip.py:83} INFO - Loading yellow trip data started with 3514289 rows
[2024-10-01T15:47:03.710+0000] {Load_data.py:46} INFO - Loading yellow trip data...
[2024-10-01T15:47:03.710+0000] {Load_data.py:47} INFO - yellow  trip with 3514289rows
[2024-10-01T15:47:05.403+0000] {db_utils.py:31} INFO - Loading data into table yellow_trip...
[2024-10-01T15:47:05.410+0000] {db_utils.py:16} INFO - Connected to PostgreSQL database successfully
[2024-10-01T15:52:01.224+0000] {db_utils.py:38} INFO - Data loaded successfully into table yellow_trip with 3514289 rows
[2024-10-01T15:52:01.224+0000] {db_utils.py:25} INFO - PostgreSQL connection is closed
[2024-10-01T15:52:01.225+0000] {db_utils.py:28} INFO - SQLAlchemy engine disposed
[2024-10-01T15:52:01.225+0000] {Load_data.py:74} INFO - Yellow trip data loaded successfully
[2024-10-01T15:52:01.239+0000] {taxi_trip.py:85} INFO - Loading yellow trip data done
[2024-10-01T15:52:01.246+0000] {python.py:237} INFO - Done. Returned value was: None
[2024-10-01T15:52:01.247+0000] {taskinstance.py:441} INFO - ::group::Post task execution logs
[2024-10-01T15:52:01.256+0000] {taskinstance.py:1206} INFO - Marking task as SUCCESS. dag_id=Taxi_trip_pipeline, task_id=load_layer.load_yellow_trip, run_id=scheduled__2024-10-01T15:30:00+00:00, execution_date=20241001T153000, start_date=20241001T154700, end_date=20241001T155201
[2024-10-01T15:52:01.668+0000] {local_task_job_runner.py:240} INFO - Task exited with return code 0
[2024-10-01T15:52:01.694+0000] {taskinstance.py:3498} INFO - 1 downstream tasks scheduled from follow-on schedule check
[2024-10-01T15:52:01.695+0000] {local_task_job_runner.py:222} INFO - ::endgroup::
