[2024-09-17T18:43:27.190+0000] {local_task_job_runner.py:123} INFO - ::group::Pre task execution logs
[2024-09-17T18:43:27.363+0000] {taskinstance.py:2612} INFO - Dependencies all met for dep_context=non-requeueable deps ti=<TaskInstance: NYC_Taxi_pipeline.load_data manual__2024-09-17T18:43:23.980831+00:00 [queued]>
[2024-09-17T18:43:27.369+0000] {taskinstance.py:2612} INFO - Dependencies all met for dep_context=requeueable deps ti=<TaskInstance: NYC_Taxi_pipeline.load_data manual__2024-09-17T18:43:23.980831+00:00 [queued]>
[2024-09-17T18:43:27.370+0000] {taskinstance.py:2865} INFO - Starting attempt 1 of 1
[2024-09-17T18:43:27.381+0000] {taskinstance.py:2888} INFO - Executing <Task(PythonOperator): load_data> on 2024-09-17 18:43:23.980831+00:00
[2024-09-17T18:43:27.389+0000] {warnings.py:112} WARNING - /home/***/.local/lib/python3.12/site-packages/***/task/task_runner/standard_task_runner.py:70: DeprecationWarning: This process (pid=60) is multi-threaded, use of fork() may lead to deadlocks in the child.
  pid = os.fork()

[2024-09-17T18:43:27.390+0000] {standard_task_runner.py:72} INFO - Started process 62 to run task
[2024-09-17T18:43:27.390+0000] {standard_task_runner.py:104} INFO - Running: ['***', 'tasks', 'run', 'NYC_Taxi_pipeline', 'load_data', 'manual__2024-09-17T18:43:23.980831+00:00', '--job-id', '195', '--raw', '--subdir', 'DAGS_FOLDER/NYC_Taxi_pipeline.py', '--cfg-path', '/tmp/tmph5u759en']
[2024-09-17T18:43:27.393+0000] {standard_task_runner.py:105} INFO - Job 195: Subtask load_data
[2024-09-17T18:43:27.430+0000] {task_command.py:467} INFO - Running <TaskInstance: NYC_Taxi_pipeline.load_data manual__2024-09-17T18:43:23.980831+00:00 [running]> on host 103d737d0864
[2024-09-17T18:43:27.505+0000] {taskinstance.py:3131} INFO - Exporting env vars: AIRFLOW_CTX_DAG_OWNER='Mahmoud' AIRFLOW_CTX_DAG_ID='NYC_Taxi_pipeline' AIRFLOW_CTX_TASK_ID='load_data' AIRFLOW_CTX_EXECUTION_DATE='2024-09-17T18:43:23.980831+00:00' AIRFLOW_CTX_TRY_NUMBER='1' AIRFLOW_CTX_DAG_RUN_ID='manual__2024-09-17T18:43:23.980831+00:00'
[2024-09-17T18:43:27.506+0000] {taskinstance.py:731} INFO - ::endgroup::
[2024-09-17T18:43:27.519+0000] {NYC_Taxi_pipeline.py:48} INFO - Start to load data
[2024-09-17T18:43:27.519+0000] {data_process.py:45} INFO - Loading data into table trip...
[2024-09-17T18:43:27.519+0000] {db_utils.py:24} ERROR - Error while connecting to PostgreSQL: connection to server at "172.20.0.2", port 5432 failed: Connection refused
	Is the server running on that host and accepting TCP/IP connections?

[2024-09-17T18:43:27.520+0000] {data_process.py:63} ERROR - Failed to connect to the database and load data into table trip
[2024-09-17T18:43:27.520+0000] {NYC_Taxi_pipeline.py:51} INFO - Load data done
[2024-09-17T18:43:27.520+0000] {python.py:240} INFO - Done. Returned value was: None
[2024-09-17T18:43:27.530+0000] {taskinstance.py:340} INFO - ::group::Post task execution logs
[2024-09-17T18:43:27.530+0000] {taskinstance.py:352} INFO - Marking task as SUCCESS. dag_id=NYC_Taxi_pipeline, task_id=load_data, run_id=manual__2024-09-17T18:43:23.980831+00:00, execution_date=20240917T184323, start_date=20240917T184327, end_date=20240917T184327
[2024-09-17T18:43:27.564+0000] {local_task_job_runner.py:266} INFO - Task exited with return code 0
[2024-09-17T18:43:27.580+0000] {taskinstance.py:3900} INFO - 0 downstream tasks scheduled from follow-on schedule check
[2024-09-17T18:43:27.581+0000] {local_task_job_runner.py:245} INFO - ::endgroup::
