[2024-10-01T10:46:57.463+0000] {local_task_job_runner.py:120} INFO - ::group::Pre task execution logs
[2024-10-01T10:46:57.484+0000] {taskinstance.py:2076} INFO - Dependencies all met for dep_context=non-requeueable deps ti=<TaskInstance: Taxi_trip_pipeline.dbt_staging_layer.dbt_run_green_trip manual__2024-10-01T10:32:20.925791+00:00 [queued]>
[2024-10-01T10:46:57.493+0000] {taskinstance.py:2076} INFO - Dependencies all met for dep_context=requeueable deps ti=<TaskInstance: Taxi_trip_pipeline.dbt_staging_layer.dbt_run_green_trip manual__2024-10-01T10:32:20.925791+00:00 [queued]>
[2024-10-01T10:46:57.494+0000] {taskinstance.py:2306} INFO - Starting attempt 5 of 5
[2024-10-01T10:46:57.506+0000] {taskinstance.py:2330} INFO - Executing <Task(BashOperator): dbt_staging_layer.dbt_run_green_trip> on 2024-10-01 10:32:20.925791+00:00
[2024-10-01T10:46:57.513+0000] {standard_task_runner.py:63} INFO - Started process 785 to run task
[2024-10-01T10:46:57.516+0000] {standard_task_runner.py:90} INFO - Running: ['***', 'tasks', 'run', 'Taxi_trip_pipeline', 'dbt_staging_layer.dbt_run_green_trip', 'manual__2024-10-01T10:32:20.925791+00:00', '--job-id', '181', '--raw', '--subdir', 'DAGS_FOLDER/taxi_trip.py', '--cfg-path', '/tmp/tmp76ly5yi0']
[2024-10-01T10:46:57.518+0000] {standard_task_runner.py:91} INFO - Job 181: Subtask dbt_staging_layer.dbt_run_green_trip
[2024-10-01T10:46:57.564+0000] {task_command.py:426} INFO - Running <TaskInstance: Taxi_trip_pipeline.dbt_staging_layer.dbt_run_green_trip manual__2024-10-01T10:32:20.925791+00:00 [running]> on host fcb0f9e87e2b
[2024-10-01T10:46:57.647+0000] {taskinstance.py:2648} INFO - Exporting env vars: AIRFLOW_CTX_DAG_OWNER='Mahmoud' AIRFLOW_CTX_DAG_ID='Taxi_trip_pipeline' AIRFLOW_CTX_TASK_ID='dbt_staging_layer.dbt_run_green_trip' AIRFLOW_CTX_EXECUTION_DATE='2024-10-01T10:32:20.925791+00:00' AIRFLOW_CTX_TRY_NUMBER='5' AIRFLOW_CTX_DAG_RUN_ID='manual__2024-10-01T10:32:20.925791+00:00'
[2024-10-01T10:46:57.648+0000] {taskinstance.py:430} INFO - ::endgroup::
[2024-10-01T10:46:57.658+0000] {subprocess.py:63} INFO - Tmp dir root location: /tmp
[2024-10-01T10:46:57.659+0000] {subprocess.py:75} INFO - Running command: ['/usr/bin/bash', '-c', 'dbt run --profiles-dir /opt/***/DBT_Project  --project-dir /opt/***/dbt_trip --models green_trip']
[2024-10-01T10:46:57.672+0000] {subprocess.py:86} INFO - Output:
[2024-10-01T10:47:00.260+0000] {subprocess.py:93} INFO - [0m10:47:00  Running with dbt=1.8.0
[2024-10-01T10:47:00.557+0000] {subprocess.py:93} INFO - [0m10:47:00  Registered adapter: postgres=1.8.0
[2024-10-01T10:47:01.247+0000] {subprocess.py:93} INFO - [0m10:47:01  [[33mWARNING[0m]: Deprecated functionality
[2024-10-01T10:47:01.247+0000] {subprocess.py:93} INFO - The `tests` config has been renamed to `data_tests`. Please see
[2024-10-01T10:47:01.247+0000] {subprocess.py:93} INFO - https://docs.getdbt.com/docs/build/data-tests#new-data_tests-syntax for more
[2024-10-01T10:47:01.247+0000] {subprocess.py:93} INFO - information.
[2024-10-01T10:47:01.494+0000] {subprocess.py:93} INFO - [0m10:47:01  [[33mWARNING[0m]: Configuration paths exist in your dbt_project.yml file which do not apply to any resources.
[2024-10-01T10:47:01.494+0000] {subprocess.py:93} INFO - There are 2 unused configuration paths:
[2024-10-01T10:47:01.494+0000] {subprocess.py:93} INFO - - models.fact_trip.Dimensions
[2024-10-01T10:47:01.494+0000] {subprocess.py:93} INFO - - models.fact_trip.staging
[2024-10-01T10:47:01.683+0000] {subprocess.py:93} INFO - [0m10:47:01  Found 4 models, 6 data tests, 3 sources, 566 macros
[2024-10-01T10:47:01.686+0000] {subprocess.py:93} INFO - [0m10:47:01
[2024-10-01T10:47:01.808+0000] {subprocess.py:93} INFO - [0m10:47:01  Concurrency: 3 threads (target='dev')
[2024-10-01T10:47:01.808+0000] {subprocess.py:93} INFO - [0m10:47:01
[2024-10-01T10:47:01.820+0000] {subprocess.py:93} INFO - [0m10:47:01  1 of 1 START sql view model analysis.green_trip ................................ [RUN]
[2024-10-01T10:47:01.987+0000] {subprocess.py:93} INFO - [0m10:47:01  1 of 1 OK created sql view model analysis.green_trip ........................... [[32mCREATE VIEW[0m in 0.16s]
[2024-10-01T10:47:02.003+0000] {subprocess.py:93} INFO - [0m10:47:02
[2024-10-01T10:47:02.004+0000] {subprocess.py:93} INFO - [0m10:47:02  Finished running 1 view model in 0 hours 0 minutes and 0.32 seconds (0.32s).
[2024-10-01T10:47:02.070+0000] {subprocess.py:93} INFO - [0m10:47:02
[2024-10-01T10:47:02.071+0000] {subprocess.py:93} INFO - [0m10:47:02  [32mCompleted successfully[0m
[2024-10-01T10:47:02.072+0000] {subprocess.py:93} INFO - [0m10:47:02
[2024-10-01T10:47:02.073+0000] {subprocess.py:93} INFO - [0m10:47:02  Done. PASS=1 WARN=0 ERROR=0 SKIP=0 TOTAL=1
[2024-10-01T10:47:03.155+0000] {subprocess.py:97} INFO - Command exited with return code 0
[2024-10-01T10:47:03.156+0000] {taskinstance.py:441} INFO - ::group::Post task execution logs
[2024-10-01T10:47:03.179+0000] {taskinstance.py:1206} INFO - Marking task as SUCCESS. dag_id=Taxi_trip_pipeline, task_id=dbt_staging_layer.dbt_run_green_trip, run_id=manual__2024-10-01T10:32:20.925791+00:00, execution_date=20241001T103220, start_date=20241001T104657, end_date=20241001T104703
[2024-10-01T10:47:03.220+0000] {local_task_job_runner.py:240} INFO - Task exited with return code 0
[2024-10-01T10:47:03.243+0000] {taskinstance.py:3498} INFO - 1 downstream tasks scheduled from follow-on schedule check
[2024-10-01T10:47:03.244+0000] {local_task_job_runner.py:222} INFO - ::endgroup::
