[2024-10-01T10:37:42.147+0000] {local_task_job_runner.py:120} INFO - ::group::Pre task execution logs
[2024-10-01T10:37:42.172+0000] {taskinstance.py:2076} INFO - Dependencies all met for dep_context=non-requeueable deps ti=<TaskInstance: Taxi_trip_pipeline.dbt_staging_layer.dbt_run_green_trip manual__2024-10-01T10:32:20.925791+00:00 [queued]>
[2024-10-01T10:37:42.181+0000] {taskinstance.py:2076} INFO - Dependencies all met for dep_context=requeueable deps ti=<TaskInstance: Taxi_trip_pipeline.dbt_staging_layer.dbt_run_green_trip manual__2024-10-01T10:32:20.925791+00:00 [queued]>
[2024-10-01T10:37:42.182+0000] {taskinstance.py:2306} INFO - Starting attempt 1 of 1
[2024-10-01T10:37:42.197+0000] {taskinstance.py:2330} INFO - Executing <Task(BashOperator): dbt_staging_layer.dbt_run_green_trip> on 2024-10-01 10:32:20.925791+00:00
[2024-10-01T10:37:42.205+0000] {standard_task_runner.py:63} INFO - Started process 596 to run task
[2024-10-01T10:37:42.208+0000] {standard_task_runner.py:90} INFO - Running: ['***', 'tasks', 'run', 'Taxi_trip_pipeline', 'dbt_staging_layer.dbt_run_green_trip', 'manual__2024-10-01T10:32:20.925791+00:00', '--job-id', '169', '--raw', '--subdir', 'DAGS_FOLDER/taxi_trip.py', '--cfg-path', '/tmp/tmpu847116s']
[2024-10-01T10:37:42.210+0000] {standard_task_runner.py:91} INFO - Job 169: Subtask dbt_staging_layer.dbt_run_green_trip
[2024-10-01T10:37:42.256+0000] {task_command.py:426} INFO - Running <TaskInstance: Taxi_trip_pipeline.dbt_staging_layer.dbt_run_green_trip manual__2024-10-01T10:32:20.925791+00:00 [running]> on host fcb0f9e87e2b
[2024-10-01T10:37:42.352+0000] {taskinstance.py:2648} INFO - Exporting env vars: AIRFLOW_CTX_DAG_OWNER='Mahmoud' AIRFLOW_CTX_DAG_ID='Taxi_trip_pipeline' AIRFLOW_CTX_TASK_ID='dbt_staging_layer.dbt_run_green_trip' AIRFLOW_CTX_EXECUTION_DATE='2024-10-01T10:32:20.925791+00:00' AIRFLOW_CTX_TRY_NUMBER='1' AIRFLOW_CTX_DAG_RUN_ID='manual__2024-10-01T10:32:20.925791+00:00'
[2024-10-01T10:37:42.353+0000] {taskinstance.py:430} INFO - ::endgroup::
[2024-10-01T10:37:42.368+0000] {subprocess.py:63} INFO - Tmp dir root location: /tmp
[2024-10-01T10:37:42.369+0000] {subprocess.py:75} INFO - Running command: ['/usr/bin/bash', '-c', 'dbt run --profiles-dir /opt/***/DBT_Project  --project-dir /opt/***/dbt_trip --models green_trip']
[2024-10-01T10:37:42.388+0000] {subprocess.py:86} INFO - Output:
[2024-10-01T10:37:46.881+0000] {subprocess.py:93} INFO - [0m10:37:46  Running with dbt=1.8.0
[2024-10-01T10:37:47.420+0000] {subprocess.py:93} INFO - [0m10:37:47  Registered adapter: postgres=1.8.0
[2024-10-01T10:37:48.158+0000] {subprocess.py:93} INFO - [0m10:37:48  [[33mWARNING[0m]: Configuration paths exist in your dbt_project.yml file which do not apply to any resources.
[2024-10-01T10:37:48.159+0000] {subprocess.py:93} INFO - There are 2 unused configuration paths:
[2024-10-01T10:37:48.160+0000] {subprocess.py:93} INFO - - models.fact_trip.Dimensions
[2024-10-01T10:37:48.160+0000] {subprocess.py:93} INFO - - models.fact_trip.staging
[2024-10-01T10:37:48.661+0000] {subprocess.py:93} INFO - [0m10:37:48  Found 4 models, 6 data tests, 3 sources, 566 macros
[2024-10-01T10:37:48.664+0000] {subprocess.py:93} INFO - [0m10:37:48
[2024-10-01T10:37:48.887+0000] {subprocess.py:93} INFO - [0m10:37:48  Concurrency: 3 threads (target='dev')
[2024-10-01T10:37:48.888+0000] {subprocess.py:93} INFO - [0m10:37:48
[2024-10-01T10:37:48.902+0000] {subprocess.py:93} INFO - [0m10:37:48  1 of 1 START sql view model analysis.green_trip ................................ [RUN]
[2024-10-01T10:37:49.148+0000] {subprocess.py:93} INFO - [0m10:37:49  1 of 1 OK created sql view model analysis.green_trip ........................... [[32mCREATE VIEW[0m in 0.24s]
[2024-10-01T10:37:49.166+0000] {subprocess.py:93} INFO - [0m10:37:49
[2024-10-01T10:37:49.168+0000] {subprocess.py:93} INFO - [0m10:37:49  Finished running 1 view model in 0 hours 0 minutes and 0.50 seconds (0.50s).
[2024-10-01T10:37:49.269+0000] {subprocess.py:93} INFO - [0m10:37:49
[2024-10-01T10:37:49.270+0000] {subprocess.py:93} INFO - [0m10:37:49  [32mCompleted successfully[0m
[2024-10-01T10:37:49.271+0000] {subprocess.py:93} INFO - [0m10:37:49
[2024-10-01T10:37:49.272+0000] {subprocess.py:93} INFO - [0m10:37:49  Done. PASS=1 WARN=0 ERROR=0 SKIP=0 TOTAL=1
[2024-10-01T10:37:50.375+0000] {subprocess.py:97} INFO - Command exited with return code 0
[2024-10-01T10:37:50.376+0000] {taskinstance.py:441} INFO - ::group::Post task execution logs
[2024-10-01T10:37:50.407+0000] {taskinstance.py:1206} INFO - Marking task as SUCCESS. dag_id=Taxi_trip_pipeline, task_id=dbt_staging_layer.dbt_run_green_trip, run_id=manual__2024-10-01T10:32:20.925791+00:00, execution_date=20241001T103220, start_date=20241001T103742, end_date=20241001T103750
[2024-10-01T10:37:50.455+0000] {local_task_job_runner.py:240} INFO - Task exited with return code 0
[2024-10-01T10:37:50.487+0000] {taskinstance.py:3498} INFO - 0 downstream tasks scheduled from follow-on schedule check
[2024-10-01T10:37:50.489+0000] {local_task_job_runner.py:222} INFO - ::endgroup::
