[2024-10-12T13:30:07.527+0000] {local_task_job_runner.py:120} INFO - ::group::Pre task execution logs
[2024-10-12T13:30:07.551+0000] {taskinstance.py:2076} INFO - Dependencies all met for dep_context=non-requeueable deps ti=<TaskInstance: Taxi_trip_pipeline.dbt_transformation_layer.dbt_run_model_zone_lookup scheduled__2024-10-12T13:15:00+00:00 [queued]>
[2024-10-12T13:30:07.564+0000] {taskinstance.py:2076} INFO - Dependencies all met for dep_context=requeueable deps ti=<TaskInstance: Taxi_trip_pipeline.dbt_transformation_layer.dbt_run_model_zone_lookup scheduled__2024-10-12T13:15:00+00:00 [queued]>
[2024-10-12T13:30:07.564+0000] {taskinstance.py:2306} INFO - Starting attempt 1 of 1
[2024-10-12T13:30:07.579+0000] {taskinstance.py:2330} INFO - Executing <Task(BashOperator): dbt_transformation_layer.dbt_run_model_zone_lookup> on 2024-10-12 13:15:00+00:00
[2024-10-12T13:30:07.587+0000] {standard_task_runner.py:63} INFO - Started process 544 to run task
[2024-10-12T13:30:07.591+0000] {standard_task_runner.py:90} INFO - Running: ['***', 'tasks', 'run', 'Taxi_trip_pipeline', 'dbt_transformation_layer.dbt_run_model_zone_lookup', 'scheduled__2024-10-12T13:15:00+00:00', '--job-id', '60', '--raw', '--subdir', 'DAGS_FOLDER/taxi_trip.py', '--cfg-path', '/tmp/tmprmi0gs6s']
[2024-10-12T13:30:07.593+0000] {standard_task_runner.py:91} INFO - Job 60: Subtask dbt_transformation_layer.dbt_run_model_zone_lookup
[2024-10-12T13:30:07.650+0000] {task_command.py:426} INFO - Running <TaskInstance: Taxi_trip_pipeline.dbt_transformation_layer.dbt_run_model_zone_lookup scheduled__2024-10-12T13:15:00+00:00 [running]> on host ebdcf85807fc
[2024-10-12T13:30:07.766+0000] {taskinstance.py:2648} INFO - Exporting env vars: AIRFLOW_CTX_DAG_OWNER='Mahmoud' AIRFLOW_CTX_DAG_ID='Taxi_trip_pipeline' AIRFLOW_CTX_TASK_ID='dbt_transformation_layer.dbt_run_model_zone_lookup' AIRFLOW_CTX_EXECUTION_DATE='2024-10-12T13:15:00+00:00' AIRFLOW_CTX_TRY_NUMBER='1' AIRFLOW_CTX_DAG_RUN_ID='scheduled__2024-10-12T13:15:00+00:00'
[2024-10-12T13:30:07.768+0000] {taskinstance.py:430} INFO - ::endgroup::
[2024-10-12T13:30:07.780+0000] {subprocess.py:63} INFO - Tmp dir root location: /tmp
[2024-10-12T13:30:07.781+0000] {subprocess.py:75} INFO - Running command: ['/usr/bin/bash', '-c', 'dbt run --profiles-dir /opt/***/DBT_Project  --project-dir /opt/***/dbt_trip --models zone_lookup']
[2024-10-12T13:30:07.797+0000] {subprocess.py:86} INFO - Output:
[2024-10-12T13:30:10.306+0000] {subprocess.py:93} INFO - [0m13:30:10  Running with dbt=1.8.0
[2024-10-12T13:30:10.755+0000] {subprocess.py:93} INFO - [0m13:30:10  Registered adapter: postgres=1.8.0
[2024-10-12T13:30:11.113+0000] {subprocess.py:93} INFO - [0m13:30:11  [[33mWARNING[0m]: Configuration paths exist in your dbt_project.yml file which do not apply to any resources.
[2024-10-12T13:30:11.114+0000] {subprocess.py:93} INFO - There are 2 unused configuration paths:
[2024-10-12T13:30:11.114+0000] {subprocess.py:93} INFO - - models.fact_trip.Dimensions
[2024-10-12T13:30:11.114+0000] {subprocess.py:93} INFO - - models.fact_trip.staging
[2024-10-12T13:30:11.499+0000] {subprocess.py:93} INFO - [0m13:30:11  Found 4 models, 6 data tests, 3 sources, 566 macros
[2024-10-12T13:30:11.502+0000] {subprocess.py:93} INFO - [0m13:30:11
[2024-10-12T13:30:11.664+0000] {subprocess.py:93} INFO - [0m13:30:11  Concurrency: 3 threads (target='dev')
[2024-10-12T13:30:11.665+0000] {subprocess.py:93} INFO - [0m13:30:11
[2024-10-12T13:30:11.672+0000] {subprocess.py:93} INFO - [0m13:30:11  1 of 1 START sql view model analysis.zone_lookup ............................... [RUN]
[2024-10-12T13:30:11.856+0000] {subprocess.py:93} INFO - [0m13:30:11  1 of 1 OK created sql view model analysis.zone_lookup .......................... [[32mCREATE VIEW[0m in 0.18s]
[2024-10-12T13:30:11.869+0000] {subprocess.py:93} INFO - [0m13:30:11
[2024-10-12T13:30:11.870+0000] {subprocess.py:93} INFO - [0m13:30:11  Finished running 1 view model in 0 hours 0 minutes and 0.37 seconds (0.37s).
[2024-10-12T13:30:11.924+0000] {subprocess.py:93} INFO - [0m13:30:11
[2024-10-12T13:30:11.925+0000] {subprocess.py:93} INFO - [0m13:30:11  [32mCompleted successfully[0m
[2024-10-12T13:30:11.926+0000] {subprocess.py:93} INFO - [0m13:30:11
[2024-10-12T13:30:11.927+0000] {subprocess.py:93} INFO - [0m13:30:11  Done. PASS=1 WARN=0 ERROR=0 SKIP=0 TOTAL=1
[2024-10-12T13:30:13.080+0000] {subprocess.py:97} INFO - Command exited with return code 0
[2024-10-12T13:30:13.081+0000] {taskinstance.py:441} INFO - ::group::Post task execution logs
[2024-10-12T13:30:13.110+0000] {taskinstance.py:1206} INFO - Marking task as SUCCESS. dag_id=Taxi_trip_pipeline, task_id=dbt_transformation_layer.dbt_run_model_zone_lookup, run_id=scheduled__2024-10-12T13:15:00+00:00, execution_date=20241012T131500, start_date=20241012T133007, end_date=20241012T133013
[2024-10-12T13:30:13.138+0000] {local_task_job_runner.py:240} INFO - Task exited with return code 0
[2024-10-12T13:30:13.162+0000] {taskinstance.py:3498} INFO - 1 downstream tasks scheduled from follow-on schedule check
[2024-10-12T13:30:13.163+0000] {local_task_job_runner.py:222} INFO - ::endgroup::
