[2024-10-01T15:44:18.647+0000] {local_task_job_runner.py:120} INFO - ::group::Pre task execution logs
[2024-10-01T15:44:18.672+0000] {taskinstance.py:2076} INFO - Dependencies all met for dep_context=non-requeueable deps ti=<TaskInstance: Taxi_trip_pipeline.dbt_transformation_layer.dbt_run_model_yellow_trip manual__2024-10-01T15:44:06.557862+00:00 [queued]>
[2024-10-01T15:44:18.680+0000] {taskinstance.py:2076} INFO - Dependencies all met for dep_context=requeueable deps ti=<TaskInstance: Taxi_trip_pipeline.dbt_transformation_layer.dbt_run_model_yellow_trip manual__2024-10-01T15:44:06.557862+00:00 [queued]>
[2024-10-01T15:44:18.681+0000] {taskinstance.py:2306} INFO - Starting attempt 1 of 1
[2024-10-01T15:44:18.694+0000] {taskinstance.py:2330} INFO - Executing <Task(BashOperator): dbt_transformation_layer.dbt_run_model_yellow_trip> on 2024-10-01 15:44:06.557862+00:00
[2024-10-01T15:44:18.701+0000] {standard_task_runner.py:63} INFO - Started process 2410 to run task
[2024-10-01T15:44:18.704+0000] {standard_task_runner.py:90} INFO - Running: ['***', 'tasks', 'run', 'Taxi_trip_pipeline', 'dbt_transformation_layer.dbt_run_model_yellow_trip', 'manual__2024-10-01T15:44:06.557862+00:00', '--job-id', '318', '--raw', '--subdir', 'DAGS_FOLDER/taxi_trip.py', '--cfg-path', '/tmp/tmpth8vazwc']
[2024-10-01T15:44:18.707+0000] {standard_task_runner.py:91} INFO - Job 318: Subtask dbt_transformation_layer.dbt_run_model_yellow_trip
[2024-10-01T15:44:18.759+0000] {task_command.py:426} INFO - Running <TaskInstance: Taxi_trip_pipeline.dbt_transformation_layer.dbt_run_model_yellow_trip manual__2024-10-01T15:44:06.557862+00:00 [running]> on host fcb0f9e87e2b
[2024-10-01T15:44:18.855+0000] {taskinstance.py:2648} INFO - Exporting env vars: AIRFLOW_CTX_DAG_OWNER='Mahmoud' AIRFLOW_CTX_DAG_ID='Taxi_trip_pipeline' AIRFLOW_CTX_TASK_ID='dbt_transformation_layer.dbt_run_model_yellow_trip' AIRFLOW_CTX_EXECUTION_DATE='2024-10-01T15:44:06.557862+00:00' AIRFLOW_CTX_TRY_NUMBER='1' AIRFLOW_CTX_DAG_RUN_ID='manual__2024-10-01T15:44:06.557862+00:00'
[2024-10-01T15:44:18.857+0000] {taskinstance.py:430} INFO - ::endgroup::
[2024-10-01T15:44:18.873+0000] {subprocess.py:63} INFO - Tmp dir root location: /tmp
[2024-10-01T15:44:18.874+0000] {subprocess.py:75} INFO - Running command: ['/usr/bin/bash', '-c', 'dbt run --profiles-dir /opt/***/DBT_Project  --project-dir /opt/***/dbt_trip --models yellow_trip']
[2024-10-01T15:44:18.890+0000] {subprocess.py:86} INFO - Output:
[2024-10-01T15:44:21.827+0000] {subprocess.py:93} INFO - [0m15:44:21  Running with dbt=1.8.0
[2024-10-01T15:44:22.233+0000] {subprocess.py:93} INFO - [0m15:44:22  Registered adapter: postgres=1.8.0
[2024-10-01T15:44:22.634+0000] {subprocess.py:93} INFO - [0m15:44:22  [[33mWARNING[0m]: Configuration paths exist in your dbt_project.yml file which do not apply to any resources.
[2024-10-01T15:44:22.634+0000] {subprocess.py:93} INFO - There are 2 unused configuration paths:
[2024-10-01T15:44:22.634+0000] {subprocess.py:93} INFO - - models.fact_trip.staging
[2024-10-01T15:44:22.635+0000] {subprocess.py:93} INFO - - models.fact_trip.Dimensions
[2024-10-01T15:44:22.890+0000] {subprocess.py:93} INFO - [0m15:44:22  Found 4 models, 6 data tests, 3 sources, 566 macros
[2024-10-01T15:44:22.892+0000] {subprocess.py:93} INFO - [0m15:44:22
[2024-10-01T15:44:23.080+0000] {subprocess.py:93} INFO - [0m15:44:23  Concurrency: 3 threads (target='dev')
[2024-10-01T15:44:23.081+0000] {subprocess.py:93} INFO - [0m15:44:23
[2024-10-01T15:44:23.105+0000] {subprocess.py:93} INFO - [0m15:44:23  1 of 1 START sql view model analysis.yellow_trip ............................... [RUN]
[2024-10-01T15:44:23.383+0000] {subprocess.py:93} INFO - [0m15:44:23  1 of 1 OK created sql view model analysis.yellow_trip .......................... [[32mCREATE VIEW[0m in 0.28s]
[2024-10-01T15:44:23.399+0000] {subprocess.py:93} INFO - [0m15:44:23
[2024-10-01T15:44:23.400+0000] {subprocess.py:93} INFO - [0m15:44:23  Finished running 1 view model in 0 hours 0 minutes and 0.51 seconds (0.51s).
[2024-10-01T15:44:23.476+0000] {subprocess.py:93} INFO - [0m15:44:23
[2024-10-01T15:44:23.477+0000] {subprocess.py:93} INFO - [0m15:44:23  [32mCompleted successfully[0m
[2024-10-01T15:44:23.478+0000] {subprocess.py:93} INFO - [0m15:44:23
[2024-10-01T15:44:23.479+0000] {subprocess.py:93} INFO - [0m15:44:23  Done. PASS=1 WARN=0 ERROR=0 SKIP=0 TOTAL=1
[2024-10-01T15:44:24.548+0000] {subprocess.py:97} INFO - Command exited with return code 0
[2024-10-01T15:44:24.549+0000] {taskinstance.py:441} INFO - ::group::Post task execution logs
[2024-10-01T15:44:24.574+0000] {taskinstance.py:1206} INFO - Marking task as SUCCESS. dag_id=Taxi_trip_pipeline, task_id=dbt_transformation_layer.dbt_run_model_yellow_trip, run_id=manual__2024-10-01T15:44:06.557862+00:00, execution_date=20241001T154406, start_date=20241001T154418, end_date=20241001T154424
[2024-10-01T15:44:24.619+0000] {local_task_job_runner.py:240} INFO - Task exited with return code 0
[2024-10-01T15:44:24.642+0000] {taskinstance.py:3498} INFO - 1 downstream tasks scheduled from follow-on schedule check
[2024-10-01T15:44:24.643+0000] {local_task_job_runner.py:222} INFO - ::endgroup::
