[2024-09-29T20:34:45.609+0000] {local_task_job_runner.py:120} INFO - ::group::Pre task execution logs
[2024-09-29T20:34:45.657+0000] {taskinstance.py:2076} INFO - Dependencies all met for dep_context=non-requeueable deps ti=<TaskInstance: Taxi_trip_pipeline.dbt_run_stg_yellow_tripdata manual__2024-09-29T20:34:42.604742+00:00 [queued]>
[2024-09-29T20:34:45.676+0000] {taskinstance.py:2076} INFO - Dependencies all met for dep_context=requeueable deps ti=<TaskInstance: Taxi_trip_pipeline.dbt_run_stg_yellow_tripdata manual__2024-09-29T20:34:42.604742+00:00 [queued]>
[2024-09-29T20:34:45.677+0000] {taskinstance.py:2306} INFO - Starting attempt 1 of 1
[2024-09-29T20:34:45.730+0000] {taskinstance.py:2330} INFO - Executing <Task(BashOperator): dbt_run_stg_yellow_tripdata> on 2024-09-29 20:34:42.604742+00:00
[2024-09-29T20:34:45.754+0000] {standard_task_runner.py:63} INFO - Started process 79 to run task
[2024-09-29T20:34:45.763+0000] {standard_task_runner.py:90} INFO - Running: ['***', 'tasks', 'run', 'Taxi_trip_pipeline', 'dbt_run_stg_yellow_tripdata', 'manual__2024-09-29T20:34:42.604742+00:00', '--job-id', '2', '--raw', '--subdir', 'DAGS_FOLDER/taxi_trip.py', '--cfg-path', '/tmp/tmpz9k91sjd']
[2024-09-29T20:34:45.771+0000] {standard_task_runner.py:91} INFO - Job 2: Subtask dbt_run_stg_yellow_tripdata
[2024-09-29T20:34:45.949+0000] {task_command.py:426} INFO - Running <TaskInstance: Taxi_trip_pipeline.dbt_run_stg_yellow_tripdata manual__2024-09-29T20:34:42.604742+00:00 [running]> on host c117e05af260
[2024-09-29T20:34:46.148+0000] {taskinstance.py:2648} INFO - Exporting env vars: AIRFLOW_CTX_DAG_OWNER='Mahmoud' AIRFLOW_CTX_DAG_ID='Taxi_trip_pipeline' AIRFLOW_CTX_TASK_ID='dbt_run_stg_yellow_tripdata' AIRFLOW_CTX_EXECUTION_DATE='2024-09-29T20:34:42.604742+00:00' AIRFLOW_CTX_TRY_NUMBER='1' AIRFLOW_CTX_DAG_RUN_ID='manual__2024-09-29T20:34:42.604742+00:00'
[2024-09-29T20:34:46.154+0000] {taskinstance.py:430} INFO - ::endgroup::
[2024-09-29T20:34:46.225+0000] {subprocess.py:63} INFO - Tmp dir root location: /tmp
[2024-09-29T20:34:46.226+0000] {subprocess.py:75} INFO - Running command: ['/usr/bin/bash', '-c', 'dbt run --profiles-dir /opt/***/DBT_Project --project-dir /opt/***/dbt_trip --models stg_yellow_tripdata']
[2024-09-29T20:34:46.272+0000] {subprocess.py:86} INFO - Output:
[2024-09-29T20:35:00.828+0000] {local_task_job_runner.py:310} WARNING - State of this instance has been externally set to failed. Terminating instance.
[2024-09-29T20:35:00.830+0000] {local_task_job_runner.py:222} INFO - ::endgroup::
[2024-09-29T20:35:00.832+0000] {process_utils.py:132} INFO - Sending 15 to group 79. PIDs of all processes in the group: [85, 79]
[2024-09-29T20:35:00.832+0000] {process_utils.py:87} INFO - Sending the signal 15 to group 79
[2024-09-29T20:35:00.833+0000] {taskinstance.py:2611} ERROR - Received SIGTERM. Terminating subprocesses.
[2024-09-29T20:35:00.833+0000] {subprocess.py:104} INFO - Sending SIGTERM signal to process group
[2024-09-29T20:35:00.834+0000] {taskinstance.py:441} INFO - ::group::Post task execution logs
[2024-09-29T20:35:00.965+0000] {process_utils.py:80} INFO - Process psutil.Process(pid=79, status='terminated', exitcode=0, started='20:34:45') (79) terminated with exit code 0
[2024-09-29T20:35:01.063+0000] {process_utils.py:80} INFO - Process psutil.Process(pid=85, status='terminated', started='20:34:45') (85) terminated with exit code None
