[2024-10-01T14:50:39.574+0000] {local_task_job_runner.py:120} INFO - ::group::Pre task execution logs
[2024-10-01T14:50:39.598+0000] {taskinstance.py:2076} INFO - Dependencies all met for dep_context=non-requeueable deps ti=<TaskInstance: Taxi_trip_pipeline.dbt_transformation_layer.dbt_run_model_green_trip manual__2024-10-01T14:46:00.372876+00:00 [queued]>
[2024-10-01T14:50:39.609+0000] {taskinstance.py:2076} INFO - Dependencies all met for dep_context=requeueable deps ti=<TaskInstance: Taxi_trip_pipeline.dbt_transformation_layer.dbt_run_model_green_trip manual__2024-10-01T14:46:00.372876+00:00 [queued]>
[2024-10-01T14:50:39.609+0000] {taskinstance.py:2306} INFO - Starting attempt 1 of 1
[2024-10-01T14:50:39.622+0000] {taskinstance.py:2330} INFO - Executing <Task(BashOperator): dbt_transformation_layer.dbt_run_model_green_trip> on 2024-10-01 14:46:00.372876+00:00
[2024-10-01T14:50:39.630+0000] {standard_task_runner.py:63} INFO - Started process 1857 to run task
[2024-10-01T14:50:39.632+0000] {standard_task_runner.py:90} INFO - Running: ['***', 'tasks', 'run', 'Taxi_trip_pipeline', 'dbt_transformation_layer.dbt_run_model_green_trip', 'manual__2024-10-01T14:46:00.372876+00:00', '--job-id', '268', '--raw', '--subdir', 'DAGS_FOLDER/taxi_trip.py', '--cfg-path', '/tmp/tmpao84hw4x']
[2024-10-01T14:50:39.635+0000] {standard_task_runner.py:91} INFO - Job 268: Subtask dbt_transformation_layer.dbt_run_model_green_trip
[2024-10-01T14:50:39.677+0000] {task_command.py:426} INFO - Running <TaskInstance: Taxi_trip_pipeline.dbt_transformation_layer.dbt_run_model_green_trip manual__2024-10-01T14:46:00.372876+00:00 [running]> on host fcb0f9e87e2b
[2024-10-01T14:50:39.763+0000] {taskinstance.py:2648} INFO - Exporting env vars: AIRFLOW_CTX_DAG_OWNER='Mahmoud' AIRFLOW_CTX_DAG_ID='Taxi_trip_pipeline' AIRFLOW_CTX_TASK_ID='dbt_transformation_layer.dbt_run_model_green_trip' AIRFLOW_CTX_EXECUTION_DATE='2024-10-01T14:46:00.372876+00:00' AIRFLOW_CTX_TRY_NUMBER='1' AIRFLOW_CTX_DAG_RUN_ID='manual__2024-10-01T14:46:00.372876+00:00'
[2024-10-01T14:50:39.764+0000] {taskinstance.py:430} INFO - ::endgroup::
[2024-10-01T14:50:39.777+0000] {subprocess.py:63} INFO - Tmp dir root location: /tmp
[2024-10-01T14:50:39.778+0000] {subprocess.py:75} INFO - Running command: ['/usr/bin/bash', '-c', 'dbt run --profiles-dir /opt/***/DBT_Project  --project-dir /opt/***/dbt_trip --models green_trip']
[2024-10-01T14:50:39.795+0000] {subprocess.py:86} INFO - Output:
[2024-10-01T14:50:47.598+0000] {subprocess.py:93} INFO - [0m14:50:47  Running with dbt=1.8.0
[2024-10-01T14:50:48.074+0000] {subprocess.py:93} INFO - [0m14:50:48  Registered adapter: postgres=1.8.0
[2024-10-01T14:50:48.592+0000] {subprocess.py:93} INFO - [0m14:50:48  [[33mWARNING[0m]: Configuration paths exist in your dbt_project.yml file which do not apply to any resources.
[2024-10-01T14:50:48.592+0000] {subprocess.py:93} INFO - There are 2 unused configuration paths:
[2024-10-01T14:50:48.593+0000] {subprocess.py:93} INFO - - models.fact_trip.Dimensions
[2024-10-01T14:50:48.593+0000] {subprocess.py:93} INFO - - models.fact_trip.staging
[2024-10-01T14:50:48.892+0000] {subprocess.py:93} INFO - [0m14:50:48  Found 4 models, 6 data tests, 3 sources, 566 macros
[2024-10-01T14:50:48.894+0000] {subprocess.py:93} INFO - [0m14:50:48
[2024-10-01T14:50:49.072+0000] {subprocess.py:93} INFO - [0m14:50:49  Concurrency: 3 threads (target='dev')
[2024-10-01T14:50:49.073+0000] {subprocess.py:93} INFO - [0m14:50:49
[2024-10-01T14:50:49.084+0000] {subprocess.py:93} INFO - [0m14:50:49  1 of 1 START sql view model analysis.green_trip ................................ [RUN]
[2024-10-01T14:50:49.302+0000] {subprocess.py:93} INFO - [0m14:50:49  1 of 1 OK created sql view model analysis.green_trip ........................... [[32mCREATE VIEW[0m in 0.21s]
[2024-10-01T14:50:49.316+0000] {subprocess.py:93} INFO - [0m14:50:49
[2024-10-01T14:50:49.317+0000] {subprocess.py:93} INFO - [0m14:50:49  Finished running 1 view model in 0 hours 0 minutes and 0.42 seconds (0.42s).
[2024-10-01T14:50:49.383+0000] {subprocess.py:93} INFO - [0m14:50:49
[2024-10-01T14:50:49.384+0000] {subprocess.py:93} INFO - [0m14:50:49  [32mCompleted successfully[0m
[2024-10-01T14:50:49.385+0000] {subprocess.py:93} INFO - [0m14:50:49
[2024-10-01T14:50:49.385+0000] {subprocess.py:93} INFO - [0m14:50:49  Done. PASS=1 WARN=0 ERROR=0 SKIP=0 TOTAL=1
[2024-10-01T14:50:50.748+0000] {subprocess.py:97} INFO - Command exited with return code 0
[2024-10-01T14:50:50.749+0000] {taskinstance.py:441} INFO - ::group::Post task execution logs
[2024-10-01T14:50:50.779+0000] {taskinstance.py:1206} INFO - Marking task as SUCCESS. dag_id=Taxi_trip_pipeline, task_id=dbt_transformation_layer.dbt_run_model_green_trip, run_id=manual__2024-10-01T14:46:00.372876+00:00, execution_date=20241001T144600, start_date=20241001T145039, end_date=20241001T145050
[2024-10-01T14:50:50.841+0000] {local_task_job_runner.py:240} INFO - Task exited with return code 0
[2024-10-01T14:50:50.879+0000] {taskinstance.py:3498} INFO - 0 downstream tasks scheduled from follow-on schedule check
[2024-10-01T14:50:50.881+0000] {local_task_job_runner.py:222} INFO - ::endgroup::
