[2024-10-12T12:02:10.846+0000] {local_task_job_runner.py:120} INFO - ::group::Pre task execution logs
[2024-10-12T12:02:10.873+0000] {taskinstance.py:2076} INFO - Dependencies all met for dep_context=non-requeueable deps ti=<TaskInstance: Taxi_trip_pipeline.load_layer.load_yellow_trip scheduled__2024-10-12T11:45:00+00:00 [queued]>
[2024-10-12T12:02:10.885+0000] {taskinstance.py:2076} INFO - Dependencies all met for dep_context=requeueable deps ti=<TaskInstance: Taxi_trip_pipeline.load_layer.load_yellow_trip scheduled__2024-10-12T11:45:00+00:00 [queued]>
[2024-10-12T12:02:10.885+0000] {taskinstance.py:2306} INFO - Starting attempt 1 of 1
[2024-10-12T12:02:10.903+0000] {taskinstance.py:2330} INFO - Executing <Task(PythonOperator): load_layer.load_yellow_trip> on 2024-10-12 11:45:00+00:00
[2024-10-12T12:02:10.913+0000] {standard_task_runner.py:63} INFO - Started process 350 to run task
[2024-10-12T12:02:10.917+0000] {standard_task_runner.py:90} INFO - Running: ['***', 'tasks', 'run', 'Taxi_trip_pipeline', 'load_layer.load_yellow_trip', 'scheduled__2024-10-12T11:45:00+00:00', '--job-id', '31', '--raw', '--subdir', 'DAGS_FOLDER/taxi_trip.py', '--cfg-path', '/tmp/tmp1ccgijir']
[2024-10-12T12:02:10.920+0000] {standard_task_runner.py:91} INFO - Job 31: Subtask load_layer.load_yellow_trip
[2024-10-12T12:02:10.978+0000] {task_command.py:426} INFO - Running <TaskInstance: Taxi_trip_pipeline.load_layer.load_yellow_trip scheduled__2024-10-12T11:45:00+00:00 [running]> on host 4f9d1e7ade51
[2024-10-12T12:02:11.082+0000] {taskinstance.py:2648} INFO - Exporting env vars: AIRFLOW_CTX_DAG_OWNER='Mahmoud' AIRFLOW_CTX_DAG_ID='Taxi_trip_pipeline' AIRFLOW_CTX_TASK_ID='load_layer.load_yellow_trip' AIRFLOW_CTX_EXECUTION_DATE='2024-10-12T11:45:00+00:00' AIRFLOW_CTX_TRY_NUMBER='1' AIRFLOW_CTX_DAG_RUN_ID='scheduled__2024-10-12T11:45:00+00:00'
[2024-10-12T12:02:11.084+0000] {taskinstance.py:430} INFO - ::endgroup::
[2024-10-12T12:02:11.106+0000] {taxi_trip.py:89} ERROR - No data found for yellow trip
[2024-10-12T12:02:11.107+0000] {python.py:237} INFO - Done. Returned value was: None
[2024-10-12T12:02:11.107+0000] {taskinstance.py:441} INFO - ::group::Post task execution logs
[2024-10-12T12:02:11.118+0000] {taskinstance.py:1206} INFO - Marking task as SUCCESS. dag_id=Taxi_trip_pipeline, task_id=load_layer.load_yellow_trip, run_id=scheduled__2024-10-12T11:45:00+00:00, execution_date=20241012T114500, start_date=20241012T120210, end_date=20241012T120211
[2024-10-12T12:02:11.169+0000] {local_task_job_runner.py:240} INFO - Task exited with return code 0
[2024-10-12T12:02:11.201+0000] {taskinstance.py:3498} INFO - 1 downstream tasks scheduled from follow-on schedule check
[2024-10-12T12:02:11.202+0000] {local_task_job_runner.py:222} INFO - ::endgroup::
[2024-10-12T12:08:27.021+0000] {local_task_job_runner.py:120} INFO - ::group::Pre task execution logs
[2024-10-12T12:08:27.044+0000] {taskinstance.py:2076} INFO - Dependencies all met for dep_context=non-requeueable deps ti=<TaskInstance: Taxi_trip_pipeline.load_layer.load_yellow_trip scheduled__2024-10-12T11:45:00+00:00 [queued]>
[2024-10-12T12:08:27.055+0000] {taskinstance.py:2076} INFO - Dependencies all met for dep_context=requeueable deps ti=<TaskInstance: Taxi_trip_pipeline.load_layer.load_yellow_trip scheduled__2024-10-12T11:45:00+00:00 [queued]>
[2024-10-12T12:08:27.055+0000] {taskinstance.py:2306} INFO - Starting attempt 1 of 1
[2024-10-12T12:08:27.069+0000] {taskinstance.py:2330} INFO - Executing <Task(PythonOperator): load_layer.load_yellow_trip> on 2024-10-12 11:45:00+00:00
[2024-10-12T12:08:27.076+0000] {standard_task_runner.py:63} INFO - Started process 58 to run task
[2024-10-12T12:08:27.079+0000] {standard_task_runner.py:90} INFO - Running: ['***', 'tasks', 'run', 'Taxi_trip_pipeline', 'load_layer.load_yellow_trip', 'scheduled__2024-10-12T11:45:00+00:00', '--job-id', '4', '--raw', '--subdir', 'DAGS_FOLDER/taxi_trip.py', '--cfg-path', '/tmp/tmp1bjr8pv5']
[2024-10-12T12:08:27.081+0000] {standard_task_runner.py:91} INFO - Job 4: Subtask load_layer.load_yellow_trip
[2024-10-12T12:08:27.139+0000] {task_command.py:426} INFO - Running <TaskInstance: Taxi_trip_pipeline.load_layer.load_yellow_trip scheduled__2024-10-12T11:45:00+00:00 [running]> on host e1ee2fad10db
[2024-10-12T12:08:27.251+0000] {taskinstance.py:2648} INFO - Exporting env vars: AIRFLOW_CTX_DAG_OWNER='Mahmoud' AIRFLOW_CTX_DAG_ID='Taxi_trip_pipeline' AIRFLOW_CTX_TASK_ID='load_layer.load_yellow_trip' AIRFLOW_CTX_EXECUTION_DATE='2024-10-12T11:45:00+00:00' AIRFLOW_CTX_TRY_NUMBER='1' AIRFLOW_CTX_DAG_RUN_ID='scheduled__2024-10-12T11:45:00+00:00'
[2024-10-12T12:08:27.253+0000] {taskinstance.py:430} INFO - ::endgroup::
[2024-10-12T12:08:27.279+0000] {taxi_trip.py:89} ERROR - No data found for yellow trip
[2024-10-12T12:08:27.280+0000] {python.py:237} INFO - Done. Returned value was: None
[2024-10-12T12:08:27.280+0000] {taskinstance.py:441} INFO - ::group::Post task execution logs
[2024-10-12T12:08:27.290+0000] {taskinstance.py:1206} INFO - Marking task as SUCCESS. dag_id=Taxi_trip_pipeline, task_id=load_layer.load_yellow_trip, run_id=scheduled__2024-10-12T11:45:00+00:00, execution_date=20241012T114500, start_date=20241012T120827, end_date=20241012T120827
[2024-10-12T12:08:27.331+0000] {local_task_job_runner.py:240} INFO - Task exited with return code 0
[2024-10-12T12:08:27.362+0000] {taskinstance.py:3498} INFO - 1 downstream tasks scheduled from follow-on schedule check
[2024-10-12T12:08:27.364+0000] {local_task_job_runner.py:222} INFO - ::endgroup::
