[2024-10-12T13:14:36.374+0000] {local_task_job_runner.py:120} INFO - ::group::Pre task execution logs
[2024-10-12T13:14:36.402+0000] {taskinstance.py:2076} INFO - Dependencies all met for dep_context=non-requeueable deps ti=<TaskInstance: Taxi_trip_pipeline.dbt_run_model_fact_trip scheduled__2024-10-12T12:45:00+00:00 [queued]>
[2024-10-12T13:14:36.414+0000] {taskinstance.py:2076} INFO - Dependencies all met for dep_context=requeueable deps ti=<TaskInstance: Taxi_trip_pipeline.dbt_run_model_fact_trip scheduled__2024-10-12T12:45:00+00:00 [queued]>
[2024-10-12T13:14:36.414+0000] {taskinstance.py:2306} INFO - Starting attempt 1 of 1
[2024-10-12T13:14:36.428+0000] {taskinstance.py:2330} INFO - Executing <Task(BashOperator): dbt_run_model_fact_trip> on 2024-10-12 12:45:00+00:00
[2024-10-12T13:14:36.436+0000] {standard_task_runner.py:63} INFO - Started process 434 to run task
[2024-10-12T13:14:36.442+0000] {standard_task_runner.py:90} INFO - Running: ['***', 'tasks', 'run', 'Taxi_trip_pipeline', 'dbt_run_model_fact_trip', 'scheduled__2024-10-12T12:45:00+00:00', '--job-id', '42', '--raw', '--subdir', 'DAGS_FOLDER/taxi_trip.py', '--cfg-path', '/tmp/tmp169yb9d6']
[2024-10-12T13:14:36.445+0000] {standard_task_runner.py:91} INFO - Job 42: Subtask dbt_run_model_fact_trip
[2024-10-12T13:14:36.538+0000] {task_command.py:426} INFO - Running <TaskInstance: Taxi_trip_pipeline.dbt_run_model_fact_trip scheduled__2024-10-12T12:45:00+00:00 [running]> on host ebdcf85807fc
[2024-10-12T13:14:36.633+0000] {taskinstance.py:2648} INFO - Exporting env vars: AIRFLOW_CTX_DAG_OWNER='Mahmoud' AIRFLOW_CTX_DAG_ID='Taxi_trip_pipeline' AIRFLOW_CTX_TASK_ID='dbt_run_model_fact_trip' AIRFLOW_CTX_EXECUTION_DATE='2024-10-12T12:45:00+00:00' AIRFLOW_CTX_TRY_NUMBER='1' AIRFLOW_CTX_DAG_RUN_ID='scheduled__2024-10-12T12:45:00+00:00'
[2024-10-12T13:14:36.634+0000] {taskinstance.py:430} INFO - ::endgroup::
[2024-10-12T13:14:36.649+0000] {subprocess.py:63} INFO - Tmp dir root location: /tmp
[2024-10-12T13:14:36.650+0000] {subprocess.py:75} INFO - Running command: ['/usr/bin/bash', '-c', 'dbt run --profiles-dir /opt/***/DBT_Project  --project-dir /opt/***/dbt_trip --models Fact_trips']
[2024-10-12T13:14:36.669+0000] {subprocess.py:86} INFO - Output:
[2024-10-12T13:14:38.727+0000] {subprocess.py:93} INFO - [0m13:14:38  Running with dbt=1.8.0
[2024-10-12T13:14:39.029+0000] {subprocess.py:93} INFO - [0m13:14:39  Registered adapter: postgres=1.8.0
[2024-10-12T13:14:39.276+0000] {subprocess.py:93} INFO - [0m13:14:39  [[33mWARNING[0m]: Configuration paths exist in your dbt_project.yml file which do not apply to any resources.
[2024-10-12T13:14:39.277+0000] {subprocess.py:93} INFO - There are 2 unused configuration paths:
[2024-10-12T13:14:39.277+0000] {subprocess.py:93} INFO - - models.fact_trip.staging
[2024-10-12T13:14:39.277+0000] {subprocess.py:93} INFO - - models.fact_trip.Dimensions
[2024-10-12T13:14:39.686+0000] {subprocess.py:93} INFO - [0m13:14:39  Found 4 models, 6 data tests, 3 sources, 566 macros
[2024-10-12T13:14:39.688+0000] {subprocess.py:93} INFO - [0m13:14:39
[2024-10-12T13:14:39.830+0000] {subprocess.py:93} INFO - [0m13:14:39  Concurrency: 3 threads (target='dev')
[2024-10-12T13:14:39.830+0000] {subprocess.py:93} INFO - [0m13:14:39
[2024-10-12T13:14:39.835+0000] {subprocess.py:93} INFO - [0m13:14:39  1 of 1 START sql view model analysis.Fact_trips ................................ [RUN]
[2024-10-12T13:14:39.981+0000] {subprocess.py:93} INFO - [0m13:14:39  1 of 1 OK created sql view model analysis.Fact_trips ........................... [[32mCREATE VIEW[0m in 0.14s]
[2024-10-12T13:14:39.995+0000] {subprocess.py:93} INFO - [0m13:14:39
[2024-10-12T13:14:39.996+0000] {subprocess.py:93} INFO - [0m13:14:39  Finished running 1 view model in 0 hours 0 minutes and 0.31 seconds (0.31s).
[2024-10-12T13:14:40.050+0000] {subprocess.py:93} INFO - [0m13:14:40
[2024-10-12T13:14:40.051+0000] {subprocess.py:93} INFO - [0m13:14:40  [32mCompleted successfully[0m
[2024-10-12T13:14:40.051+0000] {subprocess.py:93} INFO - [0m13:14:40
[2024-10-12T13:14:40.052+0000] {subprocess.py:93} INFO - [0m13:14:40  Done. PASS=1 WARN=0 ERROR=0 SKIP=0 TOTAL=1
[2024-10-12T13:14:41.016+0000] {subprocess.py:97} INFO - Command exited with return code 0
[2024-10-12T13:14:41.017+0000] {taskinstance.py:441} INFO - ::group::Post task execution logs
[2024-10-12T13:14:41.043+0000] {taskinstance.py:1206} INFO - Marking task as SUCCESS. dag_id=Taxi_trip_pipeline, task_id=dbt_run_model_fact_trip, run_id=scheduled__2024-10-12T12:45:00+00:00, execution_date=20241012T124500, start_date=20241012T131436, end_date=20241012T131441
[2024-10-12T13:14:41.072+0000] {local_task_job_runner.py:240} INFO - Task exited with return code 0
[2024-10-12T13:14:41.087+0000] {taskinstance.py:3498} INFO - 0 downstream tasks scheduled from follow-on schedule check
[2024-10-12T13:14:41.089+0000] {local_task_job_runner.py:222} INFO - ::endgroup::
