[2024-10-03T22:06:28.714+0000] {local_task_job_runner.py:120} INFO - ::group::Pre task execution logs
[2024-10-03T22:06:28.736+0000] {taskinstance.py:2076} INFO - Dependencies all met for dep_context=non-requeueable deps ti=<TaskInstance: Taxi_trip_pipeline.dbt_transformation_layer.dbt_run_model_yellow_trip scheduled__2024-10-03T21:45:00+00:00 [queued]>
[2024-10-03T22:06:28.746+0000] {taskinstance.py:2076} INFO - Dependencies all met for dep_context=requeueable deps ti=<TaskInstance: Taxi_trip_pipeline.dbt_transformation_layer.dbt_run_model_yellow_trip scheduled__2024-10-03T21:45:00+00:00 [queued]>
[2024-10-03T22:06:28.746+0000] {taskinstance.py:2306} INFO - Starting attempt 1 of 1
[2024-10-03T22:06:28.760+0000] {taskinstance.py:2330} INFO - Executing <Task(BashOperator): dbt_transformation_layer.dbt_run_model_yellow_trip> on 2024-10-03 21:45:00+00:00
[2024-10-03T22:06:28.768+0000] {standard_task_runner.py:63} INFO - Started process 127 to run task
[2024-10-03T22:06:28.771+0000] {standard_task_runner.py:90} INFO - Running: ['***', 'tasks', 'run', 'Taxi_trip_pipeline', 'dbt_transformation_layer.dbt_run_model_yellow_trip', 'scheduled__2024-10-03T21:45:00+00:00', '--job-id', '413', '--raw', '--subdir', 'DAGS_FOLDER/taxi_trip.py', '--cfg-path', '/tmp/tmpaoiup007']
[2024-10-03T22:06:28.774+0000] {standard_task_runner.py:91} INFO - Job 413: Subtask dbt_transformation_layer.dbt_run_model_yellow_trip
[2024-10-03T22:06:28.823+0000] {task_command.py:426} INFO - Running <TaskInstance: Taxi_trip_pipeline.dbt_transformation_layer.dbt_run_model_yellow_trip scheduled__2024-10-03T21:45:00+00:00 [running]> on host df868e4adcf8
[2024-10-03T22:06:28.917+0000] {taskinstance.py:2648} INFO - Exporting env vars: AIRFLOW_CTX_DAG_OWNER='Mahmoud' AIRFLOW_CTX_DAG_ID='Taxi_trip_pipeline' AIRFLOW_CTX_TASK_ID='dbt_transformation_layer.dbt_run_model_yellow_trip' AIRFLOW_CTX_EXECUTION_DATE='2024-10-03T21:45:00+00:00' AIRFLOW_CTX_TRY_NUMBER='1' AIRFLOW_CTX_DAG_RUN_ID='scheduled__2024-10-03T21:45:00+00:00'
[2024-10-03T22:06:28.919+0000] {taskinstance.py:430} INFO - ::endgroup::
[2024-10-03T22:06:28.936+0000] {subprocess.py:63} INFO - Tmp dir root location: /tmp
[2024-10-03T22:06:28.937+0000] {subprocess.py:75} INFO - Running command: ['/usr/bin/bash', '-c', 'dbt run --profiles-dir /opt/***/DBT_Project  --project-dir /opt/***/dbt_trip --models yellow_trip']
[2024-10-03T22:06:28.955+0000] {subprocess.py:86} INFO - Output:
[2024-10-03T22:06:32.174+0000] {subprocess.py:93} INFO - [0m22:06:32  Running with dbt=1.8.0
[2024-10-03T22:06:32.574+0000] {subprocess.py:93} INFO - [0m22:06:32  Registered adapter: postgres=1.8.0
[2024-10-03T22:06:33.012+0000] {subprocess.py:93} INFO - [0m22:06:33  [[33mWARNING[0m]: Configuration paths exist in your dbt_project.yml file which do not apply to any resources.
[2024-10-03T22:06:33.013+0000] {subprocess.py:93} INFO - There are 2 unused configuration paths:
[2024-10-03T22:06:33.013+0000] {subprocess.py:93} INFO - - models.fact_trip.staging
[2024-10-03T22:06:33.013+0000] {subprocess.py:93} INFO - - models.fact_trip.Dimensions
[2024-10-03T22:06:33.282+0000] {subprocess.py:93} INFO - [0m22:06:33  Found 4 models, 6 data tests, 3 sources, 566 macros
[2024-10-03T22:06:33.285+0000] {subprocess.py:93} INFO - [0m22:06:33
[2024-10-03T22:06:33.408+0000] {subprocess.py:93} INFO - [0m22:06:33  Concurrency: 3 threads (target='dev')
[2024-10-03T22:06:33.408+0000] {subprocess.py:93} INFO - [0m22:06:33
[2024-10-03T22:06:33.418+0000] {subprocess.py:93} INFO - [0m22:06:33  1 of 1 START sql view model analysis.yellow_trip ............................... [RUN]
[2024-10-03T22:06:33.561+0000] {subprocess.py:93} INFO - [0m22:06:33  1 of 1 OK created sql view model analysis.yellow_trip .......................... [[32mCREATE VIEW[0m in 0.14s]
[2024-10-03T22:06:33.573+0000] {subprocess.py:93} INFO - [0m22:06:33
[2024-10-03T22:06:33.573+0000] {subprocess.py:93} INFO - [0m22:06:33  Finished running 1 view model in 0 hours 0 minutes and 0.29 seconds (0.29s).
[2024-10-03T22:06:33.622+0000] {subprocess.py:93} INFO - [0m22:06:33
[2024-10-03T22:06:33.623+0000] {subprocess.py:93} INFO - [0m22:06:33  [32mCompleted successfully[0m
[2024-10-03T22:06:33.623+0000] {subprocess.py:93} INFO - [0m22:06:33
[2024-10-03T22:06:33.624+0000] {subprocess.py:93} INFO - [0m22:06:33  Done. PASS=1 WARN=0 ERROR=0 SKIP=0 TOTAL=1
[2024-10-03T22:06:34.597+0000] {subprocess.py:97} INFO - Command exited with return code 0
[2024-10-03T22:06:34.598+0000] {taskinstance.py:441} INFO - ::group::Post task execution logs
[2024-10-03T22:06:34.626+0000] {taskinstance.py:1206} INFO - Marking task as SUCCESS. dag_id=Taxi_trip_pipeline, task_id=dbt_transformation_layer.dbt_run_model_yellow_trip, run_id=scheduled__2024-10-03T21:45:00+00:00, execution_date=20241003T214500, start_date=20241003T220628, end_date=20241003T220634
[2024-10-03T22:06:34.678+0000] {local_task_job_runner.py:240} INFO - Task exited with return code 0
[2024-10-03T22:06:34.702+0000] {taskinstance.py:3498} INFO - 1 downstream tasks scheduled from follow-on schedule check
[2024-10-03T22:06:34.704+0000] {local_task_job_runner.py:222} INFO - ::endgroup::
