[2024-10-12T12:02:13.404+0000] {local_task_job_runner.py:120} INFO - ::group::Pre task execution logs
[2024-10-12T12:02:13.443+0000] {taskinstance.py:2076} INFO - Dependencies all met for dep_context=non-requeueable deps ti=<TaskInstance: Taxi_trip_pipeline.mark_files_as_processed scheduled__2024-10-12T11:45:00+00:00 [queued]>
[2024-10-12T12:02:13.458+0000] {taskinstance.py:2076} INFO - Dependencies all met for dep_context=requeueable deps ti=<TaskInstance: Taxi_trip_pipeline.mark_files_as_processed scheduled__2024-10-12T11:45:00+00:00 [queued]>
[2024-10-12T12:02:13.458+0000] {taskinstance.py:2306} INFO - Starting attempt 1 of 1
[2024-10-12T12:02:13.473+0000] {taskinstance.py:2330} INFO - Executing <Task(PythonOperator): mark_files_as_processed> on 2024-10-12 11:45:00+00:00
[2024-10-12T12:02:13.482+0000] {standard_task_runner.py:63} INFO - Started process 354 to run task
[2024-10-12T12:02:13.485+0000] {standard_task_runner.py:90} INFO - Running: ['***', 'tasks', 'run', 'Taxi_trip_pipeline', 'mark_files_as_processed', 'scheduled__2024-10-12T11:45:00+00:00', '--job-id', '33', '--raw', '--subdir', 'DAGS_FOLDER/taxi_trip.py', '--cfg-path', '/tmp/tmpyd27w_kl']
[2024-10-12T12:02:13.488+0000] {standard_task_runner.py:91} INFO - Job 33: Subtask mark_files_as_processed
[2024-10-12T12:02:13.559+0000] {task_command.py:426} INFO - Running <TaskInstance: Taxi_trip_pipeline.mark_files_as_processed scheduled__2024-10-12T11:45:00+00:00 [running]> on host 4f9d1e7ade51
[2024-10-12T12:02:13.656+0000] {taskinstance.py:2648} INFO - Exporting env vars: AIRFLOW_CTX_DAG_OWNER='Mahmoud' AIRFLOW_CTX_DAG_ID='Taxi_trip_pipeline' AIRFLOW_CTX_TASK_ID='mark_files_as_processed' AIRFLOW_CTX_EXECUTION_DATE='2024-10-12T11:45:00+00:00' AIRFLOW_CTX_TRY_NUMBER='1' AIRFLOW_CTX_DAG_RUN_ID='scheduled__2024-10-12T11:45:00+00:00'
[2024-10-12T12:02:13.657+0000] {taskinstance.py:430} INFO - ::endgroup::
[2024-10-12T12:02:13.674+0000] {db_utils.py:16} INFO - Connected to PostgreSQL database successfully
[2024-10-12T12:02:13.692+0000] {taxi_trip.py:111} INFO - All files marked as processed successfully.
[2024-10-12T12:02:13.693+0000] {python.py:237} INFO - Done. Returned value was: None
[2024-10-12T12:02:13.694+0000] {taskinstance.py:441} INFO - ::group::Post task execution logs
[2024-10-12T12:02:13.706+0000] {taskinstance.py:1206} INFO - Marking task as SUCCESS. dag_id=Taxi_trip_pipeline, task_id=mark_files_as_processed, run_id=scheduled__2024-10-12T11:45:00+00:00, execution_date=20241012T114500, start_date=20241012T120213, end_date=20241012T120213
[2024-10-12T12:02:13.738+0000] {local_task_job_runner.py:240} INFO - Task exited with return code 0
[2024-10-12T12:02:13.771+0000] {taskinstance.py:3498} INFO - 1 downstream tasks scheduled from follow-on schedule check
[2024-10-12T12:02:13.772+0000] {local_task_job_runner.py:222} INFO - ::endgroup::
[2024-10-12T12:08:28.762+0000] {local_task_job_runner.py:120} INFO - ::group::Pre task execution logs
[2024-10-12T12:08:28.783+0000] {taskinstance.py:2076} INFO - Dependencies all met for dep_context=non-requeueable deps ti=<TaskInstance: Taxi_trip_pipeline.mark_files_as_processed scheduled__2024-10-12T11:45:00+00:00 [queued]>
[2024-10-12T12:08:28.791+0000] {taskinstance.py:2076} INFO - Dependencies all met for dep_context=requeueable deps ti=<TaskInstance: Taxi_trip_pipeline.mark_files_as_processed scheduled__2024-10-12T11:45:00+00:00 [queued]>
[2024-10-12T12:08:28.791+0000] {taskinstance.py:2306} INFO - Starting attempt 1 of 1
[2024-10-12T12:08:28.804+0000] {taskinstance.py:2330} INFO - Executing <Task(PythonOperator): mark_files_as_processed> on 2024-10-12 11:45:00+00:00
[2024-10-12T12:08:28.811+0000] {standard_task_runner.py:63} INFO - Started process 62 to run task
[2024-10-12T12:08:28.814+0000] {standard_task_runner.py:90} INFO - Running: ['***', 'tasks', 'run', 'Taxi_trip_pipeline', 'mark_files_as_processed', 'scheduled__2024-10-12T11:45:00+00:00', '--job-id', '6', '--raw', '--subdir', 'DAGS_FOLDER/taxi_trip.py', '--cfg-path', '/tmp/tmpx6sh7uiu']
[2024-10-12T12:08:28.816+0000] {standard_task_runner.py:91} INFO - Job 6: Subtask mark_files_as_processed
[2024-10-12T12:08:28.868+0000] {task_command.py:426} INFO - Running <TaskInstance: Taxi_trip_pipeline.mark_files_as_processed scheduled__2024-10-12T11:45:00+00:00 [running]> on host e1ee2fad10db
[2024-10-12T12:08:28.973+0000] {taskinstance.py:2648} INFO - Exporting env vars: AIRFLOW_CTX_DAG_OWNER='Mahmoud' AIRFLOW_CTX_DAG_ID='Taxi_trip_pipeline' AIRFLOW_CTX_TASK_ID='mark_files_as_processed' AIRFLOW_CTX_EXECUTION_DATE='2024-10-12T11:45:00+00:00' AIRFLOW_CTX_TRY_NUMBER='1' AIRFLOW_CTX_DAG_RUN_ID='scheduled__2024-10-12T11:45:00+00:00'
[2024-10-12T12:08:28.974+0000] {taskinstance.py:430} INFO - ::endgroup::
[2024-10-12T12:08:29.000+0000] {db_utils.py:16} INFO - Connected to PostgreSQL database successfully
[2024-10-12T12:08:29.032+0000] {taxi_trip.py:111} INFO - All files marked as processed successfully.
[2024-10-12T12:08:29.032+0000] {python.py:237} INFO - Done. Returned value was: None
[2024-10-12T12:08:29.033+0000] {taskinstance.py:441} INFO - ::group::Post task execution logs
[2024-10-12T12:08:29.044+0000] {taskinstance.py:1206} INFO - Marking task as SUCCESS. dag_id=Taxi_trip_pipeline, task_id=mark_files_as_processed, run_id=scheduled__2024-10-12T11:45:00+00:00, execution_date=20241012T114500, start_date=20241012T120828, end_date=20241012T120829
[2024-10-12T12:08:29.106+0000] {local_task_job_runner.py:240} INFO - Task exited with return code 0
[2024-10-12T12:08:29.147+0000] {taskinstance.py:3498} INFO - 1 downstream tasks scheduled from follow-on schedule check
[2024-10-12T12:08:29.149+0000] {local_task_job_runner.py:222} INFO - ::endgroup::
