[2024-10-12T12:11:15.744+0000] {local_task_job_runner.py:120} INFO - ::group::Pre task execution logs
[2024-10-12T12:11:15.768+0000] {taskinstance.py:2076} INFO - Dependencies all met for dep_context=non-requeueable deps ti=<TaskInstance: Taxi_trip_pipeline.mark_files_as_processed scheduled__2024-10-12T11:45:00+00:00 [queued]>
[2024-10-12T12:11:15.777+0000] {taskinstance.py:2076} INFO - Dependencies all met for dep_context=requeueable deps ti=<TaskInstance: Taxi_trip_pipeline.mark_files_as_processed scheduled__2024-10-12T11:45:00+00:00 [queued]>
[2024-10-12T12:11:15.777+0000] {taskinstance.py:2306} INFO - Starting attempt 2 of 2
[2024-10-12T12:11:15.790+0000] {taskinstance.py:2330} INFO - Executing <Task(PythonOperator): mark_files_as_processed> on 2024-10-12 11:45:00+00:00
[2024-10-12T12:11:15.799+0000] {standard_task_runner.py:63} INFO - Started process 202 to run task
[2024-10-12T12:11:15.802+0000] {standard_task_runner.py:90} INFO - Running: ['***', 'tasks', 'run', 'Taxi_trip_pipeline', 'mark_files_as_processed', 'scheduled__2024-10-12T11:45:00+00:00', '--job-id', '22', '--raw', '--subdir', 'DAGS_FOLDER/taxi_trip.py', '--cfg-path', '/tmp/tmpw95346g9']
[2024-10-12T12:11:15.804+0000] {standard_task_runner.py:91} INFO - Job 22: Subtask mark_files_as_processed
[2024-10-12T12:11:15.848+0000] {task_command.py:426} INFO - Running <TaskInstance: Taxi_trip_pipeline.mark_files_as_processed scheduled__2024-10-12T11:45:00+00:00 [running]> on host e1ee2fad10db
[2024-10-12T12:11:15.928+0000] {taskinstance.py:2648} INFO - Exporting env vars: AIRFLOW_CTX_DAG_OWNER='Mahmoud' AIRFLOW_CTX_DAG_ID='Taxi_trip_pipeline' AIRFLOW_CTX_TASK_ID='mark_files_as_processed' AIRFLOW_CTX_EXECUTION_DATE='2024-10-12T11:45:00+00:00' AIRFLOW_CTX_TRY_NUMBER='2' AIRFLOW_CTX_DAG_RUN_ID='scheduled__2024-10-12T11:45:00+00:00'
[2024-10-12T12:11:15.929+0000] {taskinstance.py:430} INFO - ::endgroup::
[2024-10-12T12:11:15.947+0000] {db_utils.py:16} INFO - Connected to PostgreSQL database successfully
[2024-10-12T12:11:15.971+0000] {taxi_trip.py:104} INFO - Marked green trip files as processed.
[2024-10-12T12:11:15.971+0000] {taxi_trip.py:111} INFO - All files marked as processed successfully.
[2024-10-12T12:11:15.971+0000] {python.py:237} INFO - Done. Returned value was: None
[2024-10-12T12:11:15.971+0000] {taskinstance.py:441} INFO - ::group::Post task execution logs
[2024-10-12T12:11:15.980+0000] {taskinstance.py:1206} INFO - Marking task as SUCCESS. dag_id=Taxi_trip_pipeline, task_id=mark_files_as_processed, run_id=scheduled__2024-10-12T11:45:00+00:00, execution_date=20241012T114500, start_date=20241012T121115, end_date=20241012T121115
[2024-10-12T12:11:16.014+0000] {local_task_job_runner.py:240} INFO - Task exited with return code 0
[2024-10-12T12:11:16.041+0000] {taskinstance.py:3498} INFO - 1 downstream tasks scheduled from follow-on schedule check
[2024-10-12T12:11:16.043+0000] {local_task_job_runner.py:222} INFO - ::endgroup::
