[2024-10-01T13:54:51.737+0000] {local_task_job_runner.py:120} INFO - ::group::Pre task execution logs
[2024-10-01T13:54:51.758+0000] {taskinstance.py:2076} INFO - Dependencies all met for dep_context=non-requeueable deps ti=<TaskInstance: Taxi_trip_pipeline.dbt_staging_layer.dbt_run_green_trip manual__2024-10-01T13:50:22.623616+00:00 [queued]>
[2024-10-01T13:54:51.766+0000] {taskinstance.py:2076} INFO - Dependencies all met for dep_context=requeueable deps ti=<TaskInstance: Taxi_trip_pipeline.dbt_staging_layer.dbt_run_green_trip manual__2024-10-01T13:50:22.623616+00:00 [queued]>
[2024-10-01T13:54:51.767+0000] {taskinstance.py:2306} INFO - Starting attempt 1 of 1
[2024-10-01T13:54:51.778+0000] {taskinstance.py:2330} INFO - Executing <Task(BashOperator): dbt_staging_layer.dbt_run_green_trip> on 2024-10-01 13:50:22.623616+00:00
[2024-10-01T13:54:51.786+0000] {standard_task_runner.py:63} INFO - Started process 1633 to run task
[2024-10-01T13:54:51.789+0000] {standard_task_runner.py:90} INFO - Running: ['***', 'tasks', 'run', 'Taxi_trip_pipeline', 'dbt_staging_layer.dbt_run_green_trip', 'manual__2024-10-01T13:50:22.623616+00:00', '--job-id', '253', '--raw', '--subdir', 'DAGS_FOLDER/taxi_trip.py', '--cfg-path', '/tmp/tmpnbsrfiyd']
[2024-10-01T13:54:51.791+0000] {standard_task_runner.py:91} INFO - Job 253: Subtask dbt_staging_layer.dbt_run_green_trip
[2024-10-01T13:54:51.837+0000] {task_command.py:426} INFO - Running <TaskInstance: Taxi_trip_pipeline.dbt_staging_layer.dbt_run_green_trip manual__2024-10-01T13:50:22.623616+00:00 [running]> on host fcb0f9e87e2b
[2024-10-01T13:54:51.921+0000] {taskinstance.py:2648} INFO - Exporting env vars: AIRFLOW_CTX_DAG_OWNER='Mahmoud' AIRFLOW_CTX_DAG_ID='Taxi_trip_pipeline' AIRFLOW_CTX_TASK_ID='dbt_staging_layer.dbt_run_green_trip' AIRFLOW_CTX_EXECUTION_DATE='2024-10-01T13:50:22.623616+00:00' AIRFLOW_CTX_TRY_NUMBER='1' AIRFLOW_CTX_DAG_RUN_ID='manual__2024-10-01T13:50:22.623616+00:00'
[2024-10-01T13:54:51.922+0000] {taskinstance.py:430} INFO - ::endgroup::
[2024-10-01T13:54:51.935+0000] {subprocess.py:63} INFO - Tmp dir root location: /tmp
[2024-10-01T13:54:51.936+0000] {subprocess.py:75} INFO - Running command: ['/usr/bin/bash', '-c', 'dbt run --profiles-dir /opt/***/DBT_Project  --project-dir /opt/***/dbt_trip --models green_trip']
[2024-10-01T13:54:51.951+0000] {subprocess.py:86} INFO - Output:
[2024-10-01T13:54:55.481+0000] {subprocess.py:93} INFO - [0m13:54:55  Running with dbt=1.8.0
[2024-10-01T13:54:55.917+0000] {subprocess.py:93} INFO - [0m13:54:55  Registered adapter: postgres=1.8.0
[2024-10-01T13:54:56.501+0000] {subprocess.py:93} INFO - [0m13:54:56  [[33mWARNING[0m]: Configuration paths exist in your dbt_project.yml file which do not apply to any resources.
[2024-10-01T13:54:56.502+0000] {subprocess.py:93} INFO - There are 2 unused configuration paths:
[2024-10-01T13:54:56.502+0000] {subprocess.py:93} INFO - - models.fact_trip.staging
[2024-10-01T13:54:56.503+0000] {subprocess.py:93} INFO - - models.fact_trip.Dimensions
[2024-10-01T13:54:56.805+0000] {subprocess.py:93} INFO - [0m13:54:56  Found 4 models, 6 data tests, 3 sources, 566 macros
[2024-10-01T13:54:56.808+0000] {subprocess.py:93} INFO - [0m13:54:56
[2024-10-01T13:54:57.007+0000] {subprocess.py:93} INFO - [0m13:54:57  Concurrency: 3 threads (target='dev')
[2024-10-01T13:54:57.008+0000] {subprocess.py:93} INFO - [0m13:54:57
[2024-10-01T13:54:57.025+0000] {subprocess.py:93} INFO - [0m13:54:57  1 of 1 START sql view model analysis.green_trip ................................ [RUN]
[2024-10-01T13:54:57.234+0000] {subprocess.py:93} INFO - [0m13:54:57  1 of 1 OK created sql view model analysis.green_trip ........................... [[32mCREATE VIEW[0m in 0.21s]
[2024-10-01T13:54:57.250+0000] {subprocess.py:93} INFO - [0m13:54:57
[2024-10-01T13:54:57.251+0000] {subprocess.py:93} INFO - [0m13:54:57  Finished running 1 view model in 0 hours 0 minutes and 0.44 seconds (0.44s).
[2024-10-01T13:54:57.306+0000] {subprocess.py:93} INFO - [0m13:54:57
[2024-10-01T13:54:57.307+0000] {subprocess.py:93} INFO - [0m13:54:57  [32mCompleted successfully[0m
[2024-10-01T13:54:57.308+0000] {subprocess.py:93} INFO - [0m13:54:57
[2024-10-01T13:54:57.309+0000] {subprocess.py:93} INFO - [0m13:54:57  Done. PASS=1 WARN=0 ERROR=0 SKIP=0 TOTAL=1
[2024-10-01T13:54:59.082+0000] {subprocess.py:97} INFO - Command exited with return code 0
[2024-10-01T13:54:59.083+0000] {taskinstance.py:441} INFO - ::group::Post task execution logs
[2024-10-01T13:54:59.106+0000] {taskinstance.py:1206} INFO - Marking task as SUCCESS. dag_id=Taxi_trip_pipeline, task_id=dbt_staging_layer.dbt_run_green_trip, run_id=manual__2024-10-01T13:50:22.623616+00:00, execution_date=20241001T135022, start_date=20241001T135451, end_date=20241001T135459
[2024-10-01T13:54:59.143+0000] {local_task_job_runner.py:240} INFO - Task exited with return code 0
[2024-10-01T13:54:59.166+0000] {taskinstance.py:3498} INFO - 0 downstream tasks scheduled from follow-on schedule check
[2024-10-01T13:54:59.167+0000] {local_task_job_runner.py:222} INFO - ::endgroup::
