[2024-10-01T14:28:20.968+0000] {local_task_job_runner.py:120} INFO - ::group::Pre task execution logs
[2024-10-01T14:28:20.993+0000] {taskinstance.py:2076} INFO - Dependencies all met for dep_context=non-requeueable deps ti=<TaskInstance: Taxi_trip_pipeline.dbt_staging_layer.dbt_run_green_trip manual__2024-10-01T13:50:22.623616+00:00 [queued]>
[2024-10-01T14:28:21.007+0000] {taskinstance.py:2076} INFO - Dependencies all met for dep_context=requeueable deps ti=<TaskInstance: Taxi_trip_pipeline.dbt_staging_layer.dbt_run_green_trip manual__2024-10-01T13:50:22.623616+00:00 [queued]>
[2024-10-01T14:28:21.007+0000] {taskinstance.py:2306} INFO - Starting attempt 2 of 2
[2024-10-01T14:28:21.022+0000] {taskinstance.py:2330} INFO - Executing <Task(BashOperator): dbt_staging_layer.dbt_run_green_trip> on 2024-10-01 13:50:22.623616+00:00
[2024-10-01T14:28:21.031+0000] {standard_task_runner.py:63} INFO - Started process 1715 to run task
[2024-10-01T14:28:21.034+0000] {standard_task_runner.py:90} INFO - Running: ['***', 'tasks', 'run', 'Taxi_trip_pipeline', 'dbt_staging_layer.dbt_run_green_trip', 'manual__2024-10-01T13:50:22.623616+00:00', '--job-id', '260', '--raw', '--subdir', 'DAGS_FOLDER/taxi_trip.py', '--cfg-path', '/tmp/tmpt8dvlgvr']
[2024-10-01T14:28:21.037+0000] {standard_task_runner.py:91} INFO - Job 260: Subtask dbt_staging_layer.dbt_run_green_trip
[2024-10-01T14:28:21.089+0000] {task_command.py:426} INFO - Running <TaskInstance: Taxi_trip_pipeline.dbt_staging_layer.dbt_run_green_trip manual__2024-10-01T13:50:22.623616+00:00 [running]> on host fcb0f9e87e2b
[2024-10-01T14:28:21.186+0000] {taskinstance.py:2648} INFO - Exporting env vars: AIRFLOW_CTX_DAG_OWNER='Mahmoud' AIRFLOW_CTX_DAG_ID='Taxi_trip_pipeline' AIRFLOW_CTX_TASK_ID='dbt_staging_layer.dbt_run_green_trip' AIRFLOW_CTX_EXECUTION_DATE='2024-10-01T13:50:22.623616+00:00' AIRFLOW_CTX_TRY_NUMBER='2' AIRFLOW_CTX_DAG_RUN_ID='manual__2024-10-01T13:50:22.623616+00:00'
[2024-10-01T14:28:21.187+0000] {taskinstance.py:430} INFO - ::endgroup::
[2024-10-01T14:28:21.202+0000] {subprocess.py:63} INFO - Tmp dir root location: /tmp
[2024-10-01T14:28:21.203+0000] {subprocess.py:75} INFO - Running command: ['/usr/bin/bash', '-c', 'dbt run --profiles-dir /opt/***/DBT_Project  --project-dir /opt/***/dbt_trip --models green_trip']
[2024-10-01T14:28:21.219+0000] {subprocess.py:86} INFO - Output:
[2024-10-01T14:28:24.176+0000] {subprocess.py:93} INFO - [0m14:28:24  Running with dbt=1.8.0
[2024-10-01T14:28:24.527+0000] {subprocess.py:93} INFO - [0m14:28:24  Registered adapter: postgres=1.8.0
[2024-10-01T14:28:24.985+0000] {subprocess.py:93} INFO - [0m14:28:24  [[33mWARNING[0m]: Configuration paths exist in your dbt_project.yml file which do not apply to any resources.
[2024-10-01T14:28:24.985+0000] {subprocess.py:93} INFO - There are 2 unused configuration paths:
[2024-10-01T14:28:24.986+0000] {subprocess.py:93} INFO - - models.fact_trip.Dimensions
[2024-10-01T14:28:24.986+0000] {subprocess.py:93} INFO - - models.fact_trip.staging
[2024-10-01T14:28:25.260+0000] {subprocess.py:93} INFO - [0m14:28:25  Found 4 models, 6 data tests, 3 sources, 566 macros
[2024-10-01T14:28:25.263+0000] {subprocess.py:93} INFO - [0m14:28:25
[2024-10-01T14:28:25.405+0000] {subprocess.py:93} INFO - [0m14:28:25  Concurrency: 3 threads (target='dev')
[2024-10-01T14:28:25.406+0000] {subprocess.py:93} INFO - [0m14:28:25
[2024-10-01T14:28:25.417+0000] {subprocess.py:93} INFO - [0m14:28:25  1 of 1 START sql view model analysis.green_trip ................................ [RUN]
[2024-10-01T14:28:25.706+0000] {subprocess.py:93} INFO - [0m14:28:25  1 of 1 OK created sql view model analysis.green_trip ........................... [[32mCREATE VIEW[0m in 0.28s]
[2024-10-01T14:28:25.725+0000] {subprocess.py:93} INFO - [0m14:28:25
[2024-10-01T14:28:25.726+0000] {subprocess.py:93} INFO - [0m14:28:25  Finished running 1 view model in 0 hours 0 minutes and 0.46 seconds (0.46s).
[2024-10-01T14:28:25.818+0000] {subprocess.py:93} INFO - [0m14:28:25
[2024-10-01T14:28:25.820+0000] {subprocess.py:93} INFO - [0m14:28:25  [32mCompleted successfully[0m
[2024-10-01T14:28:25.821+0000] {subprocess.py:93} INFO - [0m14:28:25
[2024-10-01T14:28:25.822+0000] {subprocess.py:93} INFO - [0m14:28:25  Done. PASS=1 WARN=0 ERROR=0 SKIP=0 TOTAL=1
[2024-10-01T14:28:26.831+0000] {subprocess.py:97} INFO - Command exited with return code 0
[2024-10-01T14:28:26.832+0000] {taskinstance.py:441} INFO - ::group::Post task execution logs
[2024-10-01T14:28:26.866+0000] {taskinstance.py:1206} INFO - Marking task as SUCCESS. dag_id=Taxi_trip_pipeline, task_id=dbt_staging_layer.dbt_run_green_trip, run_id=manual__2024-10-01T13:50:22.623616+00:00, execution_date=20241001T135022, start_date=20241001T142820, end_date=20241001T142826
[2024-10-01T14:28:26.898+0000] {local_task_job_runner.py:240} INFO - Task exited with return code 0
[2024-10-01T14:28:26.922+0000] {taskinstance.py:3498} INFO - 0 downstream tasks scheduled from follow-on schedule check
[2024-10-01T14:28:26.923+0000] {local_task_job_runner.py:222} INFO - ::endgroup::
