[2024-09-29T20:34:45.820+0000] {local_task_job_runner.py:120} INFO - ::group::Pre task execution logs
[2024-09-29T20:34:45.876+0000] {taskinstance.py:2076} INFO - Dependencies all met for dep_context=non-requeueable deps ti=<TaskInstance: Taxi_trip_pipeline.extraction_layer.extract_yellow_date manual__2024-09-29T20:34:42.604742+00:00 [queued]>
[2024-09-29T20:34:45.914+0000] {taskinstance.py:2076} INFO - Dependencies all met for dep_context=requeueable deps ti=<TaskInstance: Taxi_trip_pipeline.extraction_layer.extract_yellow_date manual__2024-09-29T20:34:42.604742+00:00 [queued]>
[2024-09-29T20:34:45.914+0000] {taskinstance.py:2306} INFO - Starting attempt 1 of 1
[2024-09-29T20:34:45.954+0000] {taskinstance.py:2330} INFO - Executing <Task(PythonOperator): extraction_layer.extract_yellow_date> on 2024-09-29 20:34:42.604742+00:00
[2024-09-29T20:34:45.968+0000] {standard_task_runner.py:63} INFO - Started process 80 to run task
[2024-09-29T20:34:45.975+0000] {standard_task_runner.py:90} INFO - Running: ['***', 'tasks', 'run', 'Taxi_trip_pipeline', 'extraction_layer.extract_yellow_date', 'manual__2024-09-29T20:34:42.604742+00:00', '--job-id', '3', '--raw', '--subdir', 'DAGS_FOLDER/taxi_trip.py', '--cfg-path', '/tmp/tmp7ilam437']
[2024-09-29T20:34:45.979+0000] {standard_task_runner.py:91} INFO - Job 3: Subtask extraction_layer.extract_yellow_date
[2024-09-29T20:34:46.077+0000] {task_command.py:426} INFO - Running <TaskInstance: Taxi_trip_pipeline.extraction_layer.extract_yellow_date manual__2024-09-29T20:34:42.604742+00:00 [running]> on host c117e05af260
[2024-09-29T20:34:46.298+0000] {taskinstance.py:2648} INFO - Exporting env vars: AIRFLOW_CTX_DAG_OWNER='Mahmoud' AIRFLOW_CTX_DAG_ID='Taxi_trip_pipeline' AIRFLOW_CTX_TASK_ID='extraction_layer.extract_yellow_date' AIRFLOW_CTX_EXECUTION_DATE='2024-09-29T20:34:42.604742+00:00' AIRFLOW_CTX_TRY_NUMBER='1' AIRFLOW_CTX_DAG_RUN_ID='manual__2024-09-29T20:34:42.604742+00:00'
[2024-09-29T20:34:46.300+0000] {taskinstance.py:430} INFO - ::endgroup::
[2024-09-29T20:34:46.327+0000] {taxi_trip.py:52} INFO - Data extraction for yellow trip started
[2024-09-29T20:34:46.349+0000] {db_utils.py:16} INFO - Connected to PostgreSQL database successfully
[2024-09-29T20:34:46.350+0000] {Process_data.py:44} INFO - Start transforming Yellow Trip data...
[2024-09-29T20:34:46.353+0000] {Process_data.py:55} INFO - Processing file yellow_tripdata_2024-01.parquet...
[2024-09-29T20:34:50.603+0000] {Process_data.py:64} INFO - Yellow trip dataframe with 2964624 rows
[2024-09-29T20:34:50.611+0000] {taxi_trip.py:55} INFO - Data extraction for yellow trip done
[2024-09-29T20:35:00.915+0000] {local_task_job_runner.py:310} WARNING - State of this instance has been externally set to failed. Terminating instance.
[2024-09-29T20:35:00.916+0000] {local_task_job_runner.py:222} INFO - ::endgroup::
[2024-09-29T20:35:00.919+0000] {process_utils.py:132} INFO - Sending 15 to group 80. PIDs of all processes in the group: [80]
[2024-09-29T20:35:00.919+0000] {process_utils.py:87} INFO - Sending the signal 15 to group 80
[2024-09-29T20:35:01.140+0000] {taskinstance.py:2611} ERROR - Received SIGTERM. Terminating subprocesses.
[2024-09-29T20:35:01.154+0000] {taskinstance.py:441} INFO - ::group::Post task execution logs
[2024-09-29T20:35:01.421+0000] {process_utils.py:80} INFO - Process psutil.Process(pid=80, status='terminated', exitcode=0, started='20:34:45') (80) terminated with exit code 0
