[2024-09-20T13:03:40.509+0000] {local_task_job_runner.py:123} INFO - ::group::Pre task execution logs
[2024-09-20T13:03:40.702+0000] {taskinstance.py:2612} INFO - Dependencies all met for dep_context=non-requeueable deps ti=<TaskInstance: NYC_Taxi_pipeline.load_data manual__2024-09-20T13:03:37.884666+00:00 [queued]>
[2024-09-20T13:03:40.710+0000] {taskinstance.py:2612} INFO - Dependencies all met for dep_context=requeueable deps ti=<TaskInstance: NYC_Taxi_pipeline.load_data manual__2024-09-20T13:03:37.884666+00:00 [queued]>
[2024-09-20T13:03:40.711+0000] {taskinstance.py:2865} INFO - Starting attempt 1 of 1
[2024-09-20T13:03:40.723+0000] {taskinstance.py:2888} INFO - Executing <Task(PythonOperator): load_data> on 2024-09-20 13:03:37.884666+00:00
[2024-09-20T13:03:40.732+0000] {warnings.py:112} WARNING - /home/***/.local/lib/python3.12/site-packages/***/task/task_runner/standard_task_runner.py:70: DeprecationWarning: This process (pid=120) is multi-threaded, use of fork() may lead to deadlocks in the child.
  pid = os.fork()

[2024-09-20T13:03:40.733+0000] {standard_task_runner.py:72} INFO - Started process 122 to run task
[2024-09-20T13:03:40.733+0000] {standard_task_runner.py:104} INFO - Running: ['***', 'tasks', 'run', 'NYC_Taxi_pipeline', 'load_data', 'manual__2024-09-20T13:03:37.884666+00:00', '--job-id', '250', '--raw', '--subdir', 'DAGS_FOLDER/NYC_Taxi_pipeline.py', '--cfg-path', '/tmp/tmp4i4v2c2r']
[2024-09-20T13:03:40.736+0000] {standard_task_runner.py:105} INFO - Job 250: Subtask load_data
[2024-09-20T13:03:40.772+0000] {task_command.py:467} INFO - Running <TaskInstance: NYC_Taxi_pipeline.load_data manual__2024-09-20T13:03:37.884666+00:00 [running]> on host 299ec99d9d69
[2024-09-20T13:03:40.849+0000] {taskinstance.py:3131} INFO - Exporting env vars: AIRFLOW_CTX_DAG_OWNER='Mahmoud' AIRFLOW_CTX_DAG_ID='NYC_Taxi_pipeline' AIRFLOW_CTX_TASK_ID='load_data' AIRFLOW_CTX_EXECUTION_DATE='2024-09-20T13:03:37.884666+00:00' AIRFLOW_CTX_TRY_NUMBER='1' AIRFLOW_CTX_DAG_RUN_ID='manual__2024-09-20T13:03:37.884666+00:00'
[2024-09-20T13:03:40.850+0000] {taskinstance.py:731} INFO - ::endgroup::
[2024-09-20T13:03:40.862+0000] {NYC_Taxi_pipeline.py:43} INFO - Start to load data
[2024-09-20T13:03:40.862+0000] {data_process.py:26} INFO - Loading data into table trip...
[2024-09-20T13:03:42.757+0000] {db_utils.py:21} INFO - Connected to PostgreSQL database successfully
[2024-09-20T13:03:42.974+0000] {data_process.py:74} ERROR - Error during data load: column "vendorid" of relation "trip" does not exist
LINE 1: INSERT INTO trip (VendorID, lpep_pickup_datetime, lpep_dropo...
                          ^

[2024-09-20T13:03:43.048+0000] {NYC_Taxi_pipeline.py:46} INFO - Load data done
[2024-09-20T13:03:43.048+0000] {python.py:240} INFO - Done. Returned value was: None
[2024-09-20T13:03:43.057+0000] {taskinstance.py:340} INFO - ::group::Post task execution logs
[2024-09-20T13:03:43.058+0000] {taskinstance.py:352} INFO - Marking task as SUCCESS. dag_id=NYC_Taxi_pipeline, task_id=load_data, run_id=manual__2024-09-20T13:03:37.884666+00:00, execution_date=20240920T130337, start_date=20240920T130340, end_date=20240920T130343
[2024-09-20T13:03:43.112+0000] {local_task_job_runner.py:266} INFO - Task exited with return code 0
[2024-09-20T13:03:43.129+0000] {taskinstance.py:3900} INFO - 0 downstream tasks scheduled from follow-on schedule check
[2024-09-20T13:03:43.130+0000] {local_task_job_runner.py:245} INFO - ::endgroup::
