[2024-10-12T09:42:39.598+0000] {local_task_job_runner.py:120} INFO - ::group::Pre task execution logs
[2024-10-12T09:42:39.622+0000] {taskinstance.py:2076} INFO - Dependencies all met for dep_context=non-requeueable deps ti=<TaskInstance: Taxi_trip_pipeline.dbt_run_model_fact_trip scheduled__2024-10-12T08:00:00+00:00 [queued]>
[2024-10-12T09:42:39.631+0000] {taskinstance.py:2076} INFO - Dependencies all met for dep_context=requeueable deps ti=<TaskInstance: Taxi_trip_pipeline.dbt_run_model_fact_trip scheduled__2024-10-12T08:00:00+00:00 [queued]>
[2024-10-12T09:42:39.632+0000] {taskinstance.py:2306} INFO - Starting attempt 14 of 14
[2024-10-12T09:42:39.644+0000] {taskinstance.py:2330} INFO - Executing <Task(BashOperator): dbt_run_model_fact_trip> on 2024-10-12 08:00:00+00:00
[2024-10-12T09:42:39.652+0000] {standard_task_runner.py:63} INFO - Started process 346 to run task
[2024-10-12T09:42:39.656+0000] {standard_task_runner.py:90} INFO - Running: ['***', 'tasks', 'run', 'Taxi_trip_pipeline', 'dbt_run_model_fact_trip', 'scheduled__2024-10-12T08:00:00+00:00', '--job-id', '571', '--raw', '--subdir', 'DAGS_FOLDER/taxi_trip.py', '--cfg-path', '/tmp/tmpyleae5pf']
[2024-10-12T09:42:39.658+0000] {standard_task_runner.py:91} INFO - Job 571: Subtask dbt_run_model_fact_trip
[2024-10-12T09:42:39.705+0000] {task_command.py:426} INFO - Running <TaskInstance: Taxi_trip_pipeline.dbt_run_model_fact_trip scheduled__2024-10-12T08:00:00+00:00 [running]> on host cb13d84d2d77
[2024-10-12T09:42:39.798+0000] {taskinstance.py:2648} INFO - Exporting env vars: AIRFLOW_CTX_DAG_OWNER='Mahmoud' AIRFLOW_CTX_DAG_ID='Taxi_trip_pipeline' AIRFLOW_CTX_TASK_ID='dbt_run_model_fact_trip' AIRFLOW_CTX_EXECUTION_DATE='2024-10-12T08:00:00+00:00' AIRFLOW_CTX_TRY_NUMBER='14' AIRFLOW_CTX_DAG_RUN_ID='scheduled__2024-10-12T08:00:00+00:00'
[2024-10-12T09:42:39.799+0000] {taskinstance.py:430} INFO - ::endgroup::
[2024-10-12T09:42:39.811+0000] {subprocess.py:63} INFO - Tmp dir root location: /tmp
[2024-10-12T09:42:39.811+0000] {subprocess.py:75} INFO - Running command: ['/usr/bin/bash', '-c', 'dbt run --profiles-dir /opt/***/DBT_Project  --project-dir /opt/***/dbt_trip --models Fact_trips']
[2024-10-12T09:42:39.827+0000] {subprocess.py:86} INFO - Output:
[2024-10-12T09:42:42.484+0000] {subprocess.py:93} INFO - [0m09:42:42  Running with dbt=1.8.0
[2024-10-12T09:42:42.856+0000] {subprocess.py:93} INFO - [0m09:42:42  Registered adapter: postgres=1.8.0
[2024-10-12T09:42:43.166+0000] {subprocess.py:93} INFO - [0m09:42:43  [[33mWARNING[0m]: Configuration paths exist in your dbt_project.yml file which do not apply to any resources.
[2024-10-12T09:42:43.166+0000] {subprocess.py:93} INFO - There are 2 unused configuration paths:
[2024-10-12T09:42:43.166+0000] {subprocess.py:93} INFO - - models.fact_trip.staging
[2024-10-12T09:42:43.167+0000] {subprocess.py:93} INFO - - models.fact_trip.Dimensions
[2024-10-12T09:42:43.403+0000] {subprocess.py:93} INFO - [0m09:42:43  Found 4 models, 6 data tests, 3 sources, 566 macros
[2024-10-12T09:42:43.405+0000] {subprocess.py:93} INFO - [0m09:42:43
[2024-10-12T09:42:43.544+0000] {subprocess.py:93} INFO - [0m09:42:43  Concurrency: 3 threads (target='dev')
[2024-10-12T09:42:43.545+0000] {subprocess.py:93} INFO - [0m09:42:43
[2024-10-12T09:42:43.556+0000] {subprocess.py:93} INFO - [0m09:42:43  1 of 1 START sql view model analysis.Fact_trips ................................ [RUN]
[2024-10-12T09:42:43.713+0000] {subprocess.py:93} INFO - [0m09:42:43  1 of 1 OK created sql view model analysis.Fact_trips ........................... [[32mCREATE VIEW[0m in 0.15s]
[2024-10-12T09:42:43.728+0000] {subprocess.py:93} INFO - [0m09:42:43
[2024-10-12T09:42:43.729+0000] {subprocess.py:93} INFO - [0m09:42:43  Finished running 1 view model in 0 hours 0 minutes and 0.32 seconds (0.32s).
[2024-10-12T09:42:43.799+0000] {subprocess.py:93} INFO - [0m09:42:43
[2024-10-12T09:42:43.800+0000] {subprocess.py:93} INFO - [0m09:42:43  [32mCompleted successfully[0m
[2024-10-12T09:42:43.800+0000] {subprocess.py:93} INFO - [0m09:42:43
[2024-10-12T09:42:43.801+0000] {subprocess.py:93} INFO - [0m09:42:43  Done. PASS=1 WARN=0 ERROR=0 SKIP=0 TOTAL=1
[2024-10-12T09:42:49.779+0000] {subprocess.py:97} INFO - Command exited with return code 0
[2024-10-12T09:42:49.780+0000] {taskinstance.py:441} INFO - ::group::Post task execution logs
[2024-10-12T09:42:49.802+0000] {taskinstance.py:1206} INFO - Marking task as SUCCESS. dag_id=Taxi_trip_pipeline, task_id=dbt_run_model_fact_trip, run_id=scheduled__2024-10-12T08:00:00+00:00, execution_date=20241012T080000, start_date=20241012T094239, end_date=20241012T094249
[2024-10-12T09:42:49.855+0000] {local_task_job_runner.py:240} INFO - Task exited with return code 0
[2024-10-12T09:42:49.873+0000] {taskinstance.py:3498} INFO - 0 downstream tasks scheduled from follow-on schedule check
[2024-10-12T09:42:49.874+0000] {local_task_job_runner.py:222} INFO - ::endgroup::
