[2024-10-12T08:35:47.251+0000] {local_task_job_runner.py:120} INFO - ::group::Pre task execution logs
[2024-10-12T08:35:47.279+0000] {taskinstance.py:2076} INFO - Dependencies all met for dep_context=non-requeueable deps ti=<TaskInstance: Taxi_trip_pipeline.dbt_run_model_fact_trip scheduled__2024-10-12T08:00:00+00:00 [queued]>
[2024-10-12T08:35:47.292+0000] {taskinstance.py:2076} INFO - Dependencies all met for dep_context=requeueable deps ti=<TaskInstance: Taxi_trip_pipeline.dbt_run_model_fact_trip scheduled__2024-10-12T08:00:00+00:00 [queued]>
[2024-10-12T08:35:47.293+0000] {taskinstance.py:2306} INFO - Starting attempt 5 of 5
[2024-10-12T08:35:47.307+0000] {taskinstance.py:2330} INFO - Executing <Task(BashOperator): dbt_run_model_fact_trip> on 2024-10-12 08:00:00+00:00
[2024-10-12T08:35:47.316+0000] {standard_task_runner.py:63} INFO - Started process 213 to run task
[2024-10-12T08:35:47.319+0000] {standard_task_runner.py:90} INFO - Running: ['***', 'tasks', 'run', 'Taxi_trip_pipeline', 'dbt_run_model_fact_trip', 'scheduled__2024-10-12T08:00:00+00:00', '--job-id', '482', '--raw', '--subdir', 'DAGS_FOLDER/taxi_trip.py', '--cfg-path', '/tmp/tmp869pbzgl']
[2024-10-12T08:35:47.321+0000] {standard_task_runner.py:91} INFO - Job 482: Subtask dbt_run_model_fact_trip
[2024-10-12T08:35:47.366+0000] {task_command.py:426} INFO - Running <TaskInstance: Taxi_trip_pipeline.dbt_run_model_fact_trip scheduled__2024-10-12T08:00:00+00:00 [running]> on host fd913b953c2b
[2024-10-12T08:35:47.455+0000] {taskinstance.py:2648} INFO - Exporting env vars: AIRFLOW_CTX_DAG_OWNER='Mahmoud' AIRFLOW_CTX_DAG_ID='Taxi_trip_pipeline' AIRFLOW_CTX_TASK_ID='dbt_run_model_fact_trip' AIRFLOW_CTX_EXECUTION_DATE='2024-10-12T08:00:00+00:00' AIRFLOW_CTX_TRY_NUMBER='5' AIRFLOW_CTX_DAG_RUN_ID='scheduled__2024-10-12T08:00:00+00:00'
[2024-10-12T08:35:47.456+0000] {taskinstance.py:430} INFO - ::endgroup::
[2024-10-12T08:35:47.467+0000] {subprocess.py:63} INFO - Tmp dir root location: /tmp
[2024-10-12T08:35:47.468+0000] {subprocess.py:75} INFO - Running command: ['/usr/bin/bash', '-c', 'dbt run --profiles-dir /opt/***/DBT_Project  --project-dir /opt/***/dbt_trip --models Fact_trips']
[2024-10-12T08:35:47.482+0000] {subprocess.py:86} INFO - Output:
[2024-10-12T08:35:50.128+0000] {subprocess.py:93} INFO - [0m08:35:50  Running with dbt=1.8.0
[2024-10-12T08:35:50.449+0000] {subprocess.py:93} INFO - [0m08:35:50  Registered adapter: postgres=1.8.0
[2024-10-12T08:35:50.804+0000] {subprocess.py:93} INFO - [0m08:35:50  [[33mWARNING[0m]: Configuration paths exist in your dbt_project.yml file which do not apply to any resources.
[2024-10-12T08:35:50.804+0000] {subprocess.py:93} INFO - There are 2 unused configuration paths:
[2024-10-12T08:35:50.805+0000] {subprocess.py:93} INFO - - models.fact_trip.staging
[2024-10-12T08:35:50.805+0000] {subprocess.py:93} INFO - - models.fact_trip.Dimensions
[2024-10-12T08:35:51.098+0000] {subprocess.py:93} INFO - [0m08:35:51  Found 4 models, 6 data tests, 3 sources, 566 macros
[2024-10-12T08:35:51.101+0000] {subprocess.py:93} INFO - [0m08:35:51
[2024-10-12T08:35:51.310+0000] {subprocess.py:93} INFO - [0m08:35:51  Concurrency: 3 threads (target='dev')
[2024-10-12T08:35:51.311+0000] {subprocess.py:93} INFO - [0m08:35:51
[2024-10-12T08:35:51.323+0000] {subprocess.py:93} INFO - [0m08:35:51  1 of 1 START sql view model analysis.Fact_trips ................................ [RUN]
[2024-10-12T08:35:51.474+0000] {subprocess.py:93} INFO - [0m08:35:51  1 of 1 OK created sql view model analysis.Fact_trips ........................... [[32mCREATE VIEW[0m in 0.15s]
[2024-10-12T08:35:51.487+0000] {subprocess.py:93} INFO - [0m08:35:51
[2024-10-12T08:35:51.488+0000] {subprocess.py:93} INFO - [0m08:35:51  Finished running 1 view model in 0 hours 0 minutes and 0.38 seconds (0.38s).
[2024-10-12T08:35:51.550+0000] {subprocess.py:93} INFO - [0m08:35:51
[2024-10-12T08:35:51.552+0000] {subprocess.py:93} INFO - [0m08:35:51  [32mCompleted successfully[0m
[2024-10-12T08:35:51.553+0000] {subprocess.py:93} INFO - [0m08:35:51
[2024-10-12T08:35:51.554+0000] {subprocess.py:93} INFO - [0m08:35:51  Done. PASS=1 WARN=0 ERROR=0 SKIP=0 TOTAL=1
[2024-10-12T08:35:52.546+0000] {subprocess.py:97} INFO - Command exited with return code 0
[2024-10-12T08:35:52.547+0000] {taskinstance.py:441} INFO - ::group::Post task execution logs
[2024-10-12T08:35:52.571+0000] {taskinstance.py:1206} INFO - Marking task as SUCCESS. dag_id=Taxi_trip_pipeline, task_id=dbt_run_model_fact_trip, run_id=scheduled__2024-10-12T08:00:00+00:00, execution_date=20241012T080000, start_date=20241012T083547, end_date=20241012T083552
[2024-10-12T08:35:52.622+0000] {local_task_job_runner.py:240} INFO - Task exited with return code 0
[2024-10-12T08:35:52.645+0000] {taskinstance.py:3498} INFO - 0 downstream tasks scheduled from follow-on schedule check
[2024-10-12T08:35:52.647+0000] {local_task_job_runner.py:222} INFO - ::endgroup::
