[2024-10-12T09:38:50.510+0000] {local_task_job_runner.py:120} INFO - ::group::Pre task execution logs
[2024-10-12T09:38:50.534+0000] {taskinstance.py:2076} INFO - Dependencies all met for dep_context=non-requeueable deps ti=<TaskInstance: Taxi_trip_pipeline.dbt_run_model_fact_trip scheduled__2024-10-12T08:00:00+00:00 [queued]>
[2024-10-12T09:38:50.544+0000] {taskinstance.py:2076} INFO - Dependencies all met for dep_context=requeueable deps ti=<TaskInstance: Taxi_trip_pipeline.dbt_run_model_fact_trip scheduled__2024-10-12T08:00:00+00:00 [queued]>
[2024-10-12T09:38:50.544+0000] {taskinstance.py:2306} INFO - Starting attempt 13 of 13
[2024-10-12T09:38:50.554+0000] {taskinstance.py:2330} INFO - Executing <Task(BashOperator): dbt_run_model_fact_trip> on 2024-10-12 08:00:00+00:00
[2024-10-12T09:38:50.561+0000] {standard_task_runner.py:63} INFO - Started process 287 to run task
[2024-10-12T09:38:50.564+0000] {standard_task_runner.py:90} INFO - Running: ['***', 'tasks', 'run', 'Taxi_trip_pipeline', 'dbt_run_model_fact_trip', 'scheduled__2024-10-12T08:00:00+00:00', '--job-id', '566', '--raw', '--subdir', 'DAGS_FOLDER/taxi_trip.py', '--cfg-path', '/tmp/tmp_swd71yy']
[2024-10-12T09:38:50.566+0000] {standard_task_runner.py:91} INFO - Job 566: Subtask dbt_run_model_fact_trip
[2024-10-12T09:38:50.611+0000] {task_command.py:426} INFO - Running <TaskInstance: Taxi_trip_pipeline.dbt_run_model_fact_trip scheduled__2024-10-12T08:00:00+00:00 [running]> on host cb13d84d2d77
[2024-10-12T09:38:50.697+0000] {taskinstance.py:2648} INFO - Exporting env vars: AIRFLOW_CTX_DAG_OWNER='Mahmoud' AIRFLOW_CTX_DAG_ID='Taxi_trip_pipeline' AIRFLOW_CTX_TASK_ID='dbt_run_model_fact_trip' AIRFLOW_CTX_EXECUTION_DATE='2024-10-12T08:00:00+00:00' AIRFLOW_CTX_TRY_NUMBER='13' AIRFLOW_CTX_DAG_RUN_ID='scheduled__2024-10-12T08:00:00+00:00'
[2024-10-12T09:38:50.698+0000] {taskinstance.py:430} INFO - ::endgroup::
[2024-10-12T09:38:50.710+0000] {subprocess.py:63} INFO - Tmp dir root location: /tmp
[2024-10-12T09:38:50.710+0000] {subprocess.py:75} INFO - Running command: ['/usr/bin/bash', '-c', 'dbt run --profiles-dir /opt/***/DBT_Project  --project-dir /opt/***/dbt_trip --models Fact_trips']
[2024-10-12T09:38:50.726+0000] {subprocess.py:86} INFO - Output:
[2024-10-12T09:38:53.271+0000] {subprocess.py:93} INFO - [0m09:38:53  Running with dbt=1.8.0
[2024-10-12T09:38:53.574+0000] {subprocess.py:93} INFO - [0m09:38:53  Registered adapter: postgres=1.8.0
[2024-10-12T09:38:53.885+0000] {subprocess.py:93} INFO - [0m09:38:53  [[33mWARNING[0m]: Configuration paths exist in your dbt_project.yml file which do not apply to any resources.
[2024-10-12T09:38:53.886+0000] {subprocess.py:93} INFO - There are 2 unused configuration paths:
[2024-10-12T09:38:53.886+0000] {subprocess.py:93} INFO - - models.fact_trip.Dimensions
[2024-10-12T09:38:53.886+0000] {subprocess.py:93} INFO - - models.fact_trip.staging
[2024-10-12T09:38:54.118+0000] {subprocess.py:93} INFO - [0m09:38:54  Found 4 models, 6 data tests, 3 sources, 566 macros
[2024-10-12T09:38:54.121+0000] {subprocess.py:93} INFO - [0m09:38:54
[2024-10-12T09:38:54.283+0000] {subprocess.py:93} INFO - [0m09:38:54  Concurrency: 3 threads (target='dev')
[2024-10-12T09:38:54.283+0000] {subprocess.py:93} INFO - [0m09:38:54
[2024-10-12T09:38:54.298+0000] {subprocess.py:93} INFO - [0m09:38:54  1 of 1 START sql view model analysis.Fact_trips ................................ [RUN]
[2024-10-12T09:38:54.453+0000] {subprocess.py:93} INFO - [0m09:38:54  1 of 1 OK created sql view model analysis.Fact_trips ........................... [[32mCREATE VIEW[0m in 0.15s]
[2024-10-12T09:38:54.465+0000] {subprocess.py:93} INFO - [0m09:38:54
[2024-10-12T09:38:54.466+0000] {subprocess.py:93} INFO - [0m09:38:54  Finished running 1 view model in 0 hours 0 minutes and 0.34 seconds (0.34s).
[2024-10-12T09:38:54.523+0000] {subprocess.py:93} INFO - [0m09:38:54
[2024-10-12T09:38:54.524+0000] {subprocess.py:93} INFO - [0m09:38:54  [32mCompleted successfully[0m
[2024-10-12T09:38:54.525+0000] {subprocess.py:93} INFO - [0m09:38:54
[2024-10-12T09:38:54.526+0000] {subprocess.py:93} INFO - [0m09:38:54  Done. PASS=1 WARN=0 ERROR=0 SKIP=0 TOTAL=1
[2024-10-12T09:39:00.498+0000] {subprocess.py:97} INFO - Command exited with return code 0
[2024-10-12T09:39:00.499+0000] {taskinstance.py:441} INFO - ::group::Post task execution logs
[2024-10-12T09:39:00.522+0000] {taskinstance.py:1206} INFO - Marking task as SUCCESS. dag_id=Taxi_trip_pipeline, task_id=dbt_run_model_fact_trip, run_id=scheduled__2024-10-12T08:00:00+00:00, execution_date=20241012T080000, start_date=20241012T093850, end_date=20241012T093900
[2024-10-12T09:39:00.563+0000] {local_task_job_runner.py:240} INFO - Task exited with return code 0
[2024-10-12T09:39:00.580+0000] {taskinstance.py:3498} INFO - 0 downstream tasks scheduled from follow-on schedule check
[2024-10-12T09:39:00.582+0000] {local_task_job_runner.py:222} INFO - ::endgroup::
