[2024-10-12T08:27:38.335+0000] {local_task_job_runner.py:120} INFO - ::group::Pre task execution logs
[2024-10-12T08:27:38.357+0000] {taskinstance.py:2076} INFO - Dependencies all met for dep_context=non-requeueable deps ti=<TaskInstance: Taxi_trip_pipeline.dbt_run_model_fact_trip scheduled__2024-10-12T08:00:00+00:00 [queued]>
[2024-10-12T08:27:38.366+0000] {taskinstance.py:2076} INFO - Dependencies all met for dep_context=requeueable deps ti=<TaskInstance: Taxi_trip_pipeline.dbt_run_model_fact_trip scheduled__2024-10-12T08:00:00+00:00 [queued]>
[2024-10-12T08:27:38.367+0000] {taskinstance.py:2306} INFO - Starting attempt 1 of 1
[2024-10-12T08:27:38.377+0000] {taskinstance.py:2330} INFO - Executing <Task(BashOperator): dbt_run_model_fact_trip> on 2024-10-12 08:00:00+00:00
[2024-10-12T08:27:38.385+0000] {standard_task_runner.py:63} INFO - Started process 253 to run task
[2024-10-12T08:27:38.388+0000] {standard_task_runner.py:90} INFO - Running: ['***', 'tasks', 'run', 'Taxi_trip_pipeline', 'dbt_run_model_fact_trip', 'scheduled__2024-10-12T08:00:00+00:00', '--job-id', '446', '--raw', '--subdir', 'DAGS_FOLDER/taxi_trip.py', '--cfg-path', '/tmp/tmpcsb5t0l7']
[2024-10-12T08:27:38.390+0000] {standard_task_runner.py:91} INFO - Job 446: Subtask dbt_run_model_fact_trip
[2024-10-12T08:27:38.435+0000] {task_command.py:426} INFO - Running <TaskInstance: Taxi_trip_pipeline.dbt_run_model_fact_trip scheduled__2024-10-12T08:00:00+00:00 [running]> on host 54f793ecdf1a
[2024-10-12T08:27:38.523+0000] {taskinstance.py:2648} INFO - Exporting env vars: AIRFLOW_CTX_DAG_OWNER='Mahmoud' AIRFLOW_CTX_DAG_ID='Taxi_trip_pipeline' AIRFLOW_CTX_TASK_ID='dbt_run_model_fact_trip' AIRFLOW_CTX_EXECUTION_DATE='2024-10-12T08:00:00+00:00' AIRFLOW_CTX_TRY_NUMBER='1' AIRFLOW_CTX_DAG_RUN_ID='scheduled__2024-10-12T08:00:00+00:00'
[2024-10-12T08:27:38.524+0000] {taskinstance.py:430} INFO - ::endgroup::
[2024-10-12T08:27:38.537+0000] {subprocess.py:63} INFO - Tmp dir root location: /tmp
[2024-10-12T08:27:38.538+0000] {subprocess.py:75} INFO - Running command: ['/usr/bin/bash', '-c', 'dbt run --profiles-dir /opt/***/DBT_Project  --project-dir /opt/***/dbt_trip --models Fact_trips']
[2024-10-12T08:27:38.557+0000] {subprocess.py:86} INFO - Output:
[2024-10-12T08:27:41.243+0000] {subprocess.py:93} INFO - [0m08:27:41  Running with dbt=1.8.0
[2024-10-12T08:27:41.568+0000] {subprocess.py:93} INFO - [0m08:27:41  Registered adapter: postgres=1.8.0
[2024-10-12T08:27:41.930+0000] {subprocess.py:93} INFO - [0m08:27:41  [[33mWARNING[0m]: Configuration paths exist in your dbt_project.yml file which do not apply to any resources.
[2024-10-12T08:27:41.930+0000] {subprocess.py:93} INFO - There are 2 unused configuration paths:
[2024-10-12T08:27:41.931+0000] {subprocess.py:93} INFO - - models.fact_trip.Dimensions
[2024-10-12T08:27:41.931+0000] {subprocess.py:93} INFO - - models.fact_trip.staging
[2024-10-12T08:27:42.204+0000] {subprocess.py:93} INFO - [0m08:27:42  Found 4 models, 6 data tests, 3 sources, 566 macros
[2024-10-12T08:27:42.207+0000] {subprocess.py:93} INFO - [0m08:27:42
[2024-10-12T08:27:42.371+0000] {subprocess.py:93} INFO - [0m08:27:42  Concurrency: 3 threads (target='dev')
[2024-10-12T08:27:42.372+0000] {subprocess.py:93} INFO - [0m08:27:42
[2024-10-12T08:27:42.386+0000] {subprocess.py:93} INFO - [0m08:27:42  1 of 1 START sql view model analysis.Fact_trips ................................ [RUN]
[2024-10-12T08:27:42.546+0000] {subprocess.py:93} INFO - [0m08:27:42  1 of 1 OK created sql view model analysis.Fact_trips ........................... [[32mCREATE VIEW[0m in 0.16s]
[2024-10-12T08:27:42.564+0000] {subprocess.py:93} INFO - [0m08:27:42
[2024-10-12T08:27:42.565+0000] {subprocess.py:93} INFO - [0m08:27:42  Finished running 1 view model in 0 hours 0 minutes and 0.36 seconds (0.36s).
[2024-10-12T08:27:42.639+0000] {subprocess.py:93} INFO - [0m08:27:42
[2024-10-12T08:27:42.639+0000] {subprocess.py:93} INFO - [0m08:27:42  [32mCompleted successfully[0m
[2024-10-12T08:27:42.640+0000] {subprocess.py:93} INFO - [0m08:27:42
[2024-10-12T08:27:42.641+0000] {subprocess.py:93} INFO - [0m08:27:42  Done. PASS=1 WARN=0 ERROR=0 SKIP=0 TOTAL=1
[2024-10-12T08:27:43.644+0000] {subprocess.py:97} INFO - Command exited with return code 0
[2024-10-12T08:27:43.644+0000] {taskinstance.py:441} INFO - ::group::Post task execution logs
[2024-10-12T08:27:43.671+0000] {taskinstance.py:1206} INFO - Marking task as SUCCESS. dag_id=Taxi_trip_pipeline, task_id=dbt_run_model_fact_trip, run_id=scheduled__2024-10-12T08:00:00+00:00, execution_date=20241012T080000, start_date=20241012T082738, end_date=20241012T082743
[2024-10-12T08:27:43.731+0000] {local_task_job_runner.py:240} INFO - Task exited with return code 0
[2024-10-12T08:27:43.761+0000] {taskinstance.py:3498} INFO - 0 downstream tasks scheduled from follow-on schedule check
[2024-10-12T08:27:43.763+0000] {local_task_job_runner.py:222} INFO - ::endgroup::
