[2024-10-12T10:09:23.334+0000] {local_task_job_runner.py:120} INFO - ::group::Pre task execution logs
[2024-10-12T10:09:23.357+0000] {taskinstance.py:2076} INFO - Dependencies all met for dep_context=non-requeueable deps ti=<TaskInstance: Taxi_trip_pipeline.dbt_run_model_fact_trip scheduled__2024-10-12T08:00:00+00:00 [queued]>
[2024-10-12T10:09:23.366+0000] {taskinstance.py:2076} INFO - Dependencies all met for dep_context=requeueable deps ti=<TaskInstance: Taxi_trip_pipeline.dbt_run_model_fact_trip scheduled__2024-10-12T08:00:00+00:00 [queued]>
[2024-10-12T10:09:23.366+0000] {taskinstance.py:2306} INFO - Starting attempt 16 of 16
[2024-10-12T10:09:23.378+0000] {taskinstance.py:2330} INFO - Executing <Task(BashOperator): dbt_run_model_fact_trip> on 2024-10-12 08:00:00+00:00
[2024-10-12T10:09:23.385+0000] {standard_task_runner.py:63} INFO - Started process 612 to run task
[2024-10-12T10:09:23.388+0000] {standard_task_runner.py:90} INFO - Running: ['***', 'tasks', 'run', 'Taxi_trip_pipeline', 'dbt_run_model_fact_trip', 'scheduled__2024-10-12T08:00:00+00:00', '--job-id', '601', '--raw', '--subdir', 'DAGS_FOLDER/taxi_trip.py', '--cfg-path', '/tmp/tmp17plvgum']
[2024-10-12T10:09:23.390+0000] {standard_task_runner.py:91} INFO - Job 601: Subtask dbt_run_model_fact_trip
[2024-10-12T10:09:23.434+0000] {task_command.py:426} INFO - Running <TaskInstance: Taxi_trip_pipeline.dbt_run_model_fact_trip scheduled__2024-10-12T08:00:00+00:00 [running]> on host cb13d84d2d77
[2024-10-12T10:09:23.528+0000] {taskinstance.py:2648} INFO - Exporting env vars: AIRFLOW_CTX_DAG_OWNER='Mahmoud' AIRFLOW_CTX_DAG_ID='Taxi_trip_pipeline' AIRFLOW_CTX_TASK_ID='dbt_run_model_fact_trip' AIRFLOW_CTX_EXECUTION_DATE='2024-10-12T08:00:00+00:00' AIRFLOW_CTX_TRY_NUMBER='16' AIRFLOW_CTX_DAG_RUN_ID='scheduled__2024-10-12T08:00:00+00:00'
[2024-10-12T10:09:23.529+0000] {taskinstance.py:430} INFO - ::endgroup::
[2024-10-12T10:09:23.542+0000] {subprocess.py:63} INFO - Tmp dir root location: /tmp
[2024-10-12T10:09:23.542+0000] {subprocess.py:75} INFO - Running command: ['/usr/bin/bash', '-c', 'dbt run --profiles-dir /opt/***/DBT_Project  --project-dir /opt/***/dbt_trip --models Fact_trips']
[2024-10-12T10:09:23.557+0000] {subprocess.py:86} INFO - Output:
[2024-10-12T10:09:26.145+0000] {subprocess.py:93} INFO - [0m10:09:26  Running with dbt=1.8.0
[2024-10-12T10:09:26.441+0000] {subprocess.py:93} INFO - [0m10:09:26  Registered adapter: postgres=1.8.0
[2024-10-12T10:09:26.744+0000] {subprocess.py:93} INFO - [0m10:09:26  [[33mWARNING[0m]: Configuration paths exist in your dbt_project.yml file which do not apply to any resources.
[2024-10-12T10:09:26.745+0000] {subprocess.py:93} INFO - There are 2 unused configuration paths:
[2024-10-12T10:09:26.745+0000] {subprocess.py:93} INFO - - models.fact_trip.Dimensions
[2024-10-12T10:09:26.745+0000] {subprocess.py:93} INFO - - models.fact_trip.staging
[2024-10-12T10:09:26.965+0000] {subprocess.py:93} INFO - [0m10:09:26  Found 4 models, 6 data tests, 3 sources, 566 macros
[2024-10-12T10:09:26.968+0000] {subprocess.py:93} INFO - [0m10:09:26
[2024-10-12T10:09:27.106+0000] {subprocess.py:93} INFO - [0m10:09:27  Concurrency: 3 threads (target='dev')
[2024-10-12T10:09:27.107+0000] {subprocess.py:93} INFO - [0m10:09:27
[2024-10-12T10:09:27.122+0000] {subprocess.py:93} INFO - [0m10:09:27  1 of 1 START sql view model analysis.Fact_trips ................................ [RUN]
[2024-10-12T10:09:27.285+0000] {subprocess.py:93} INFO - [0m10:09:27  1 of 1 OK created sql view model analysis.Fact_trips ........................... [[32mCREATE VIEW[0m in 0.16s]
[2024-10-12T10:09:27.300+0000] {subprocess.py:93} INFO - [0m10:09:27
[2024-10-12T10:09:27.301+0000] {subprocess.py:93} INFO - [0m10:09:27  Finished running 1 view model in 0 hours 0 minutes and 0.33 seconds (0.33s).
[2024-10-12T10:09:27.366+0000] {subprocess.py:93} INFO - [0m10:09:27
[2024-10-12T10:09:27.367+0000] {subprocess.py:93} INFO - [0m10:09:27  [32mCompleted successfully[0m
[2024-10-12T10:09:27.368+0000] {subprocess.py:93} INFO - [0m10:09:27
[2024-10-12T10:09:27.368+0000] {subprocess.py:93} INFO - [0m10:09:27  Done. PASS=1 WARN=0 ERROR=0 SKIP=0 TOTAL=1
[2024-10-12T10:09:28.371+0000] {subprocess.py:97} INFO - Command exited with return code 0
[2024-10-12T10:09:28.372+0000] {taskinstance.py:441} INFO - ::group::Post task execution logs
[2024-10-12T10:09:28.396+0000] {taskinstance.py:1206} INFO - Marking task as SUCCESS. dag_id=Taxi_trip_pipeline, task_id=dbt_run_model_fact_trip, run_id=scheduled__2024-10-12T08:00:00+00:00, execution_date=20241012T080000, start_date=20241012T100923, end_date=20241012T100928
[2024-10-12T10:09:28.436+0000] {local_task_job_runner.py:240} INFO - Task exited with return code 0
[2024-10-12T10:09:28.456+0000] {taskinstance.py:3498} INFO - 0 downstream tasks scheduled from follow-on schedule check
[2024-10-12T10:09:28.457+0000] {local_task_job_runner.py:222} INFO - ::endgroup::
