[2024-10-01T16:15:14.072+0000] {local_task_job_runner.py:120} INFO - ::group::Pre task execution logs
[2024-10-01T16:15:14.094+0000] {taskinstance.py:2076} INFO - Dependencies all met for dep_context=non-requeueable deps ti=<TaskInstance: Taxi_trip_pipeline.dbt_run_model_fact_trip scheduled__2024-10-01T16:00:00+00:00 [queued]>
[2024-10-01T16:15:14.102+0000] {taskinstance.py:2076} INFO - Dependencies all met for dep_context=requeueable deps ti=<TaskInstance: Taxi_trip_pipeline.dbt_run_model_fact_trip scheduled__2024-10-01T16:00:00+00:00 [queued]>
[2024-10-01T16:15:14.102+0000] {taskinstance.py:2306} INFO - Starting attempt 1 of 1
[2024-10-01T16:15:14.113+0000] {taskinstance.py:2330} INFO - Executing <Task(BashOperator): dbt_run_model_fact_trip> on 2024-10-01 16:00:00+00:00
[2024-10-01T16:15:14.121+0000] {standard_task_runner.py:63} INFO - Started process 2754 to run task
[2024-10-01T16:15:14.124+0000] {standard_task_runner.py:90} INFO - Running: ['***', 'tasks', 'run', 'Taxi_trip_pipeline', 'dbt_run_model_fact_trip', 'scheduled__2024-10-01T16:00:00+00:00', '--job-id', '355', '--raw', '--subdir', 'DAGS_FOLDER/taxi_trip.py', '--cfg-path', '/tmp/tmprj09tp9r']
[2024-10-01T16:15:14.126+0000] {standard_task_runner.py:91} INFO - Job 355: Subtask dbt_run_model_fact_trip
[2024-10-01T16:15:14.172+0000] {task_command.py:426} INFO - Running <TaskInstance: Taxi_trip_pipeline.dbt_run_model_fact_trip scheduled__2024-10-01T16:00:00+00:00 [running]> on host fcb0f9e87e2b
[2024-10-01T16:15:14.253+0000] {taskinstance.py:2648} INFO - Exporting env vars: AIRFLOW_CTX_DAG_OWNER='Mahmoud' AIRFLOW_CTX_DAG_ID='Taxi_trip_pipeline' AIRFLOW_CTX_TASK_ID='dbt_run_model_fact_trip' AIRFLOW_CTX_EXECUTION_DATE='2024-10-01T16:00:00+00:00' AIRFLOW_CTX_TRY_NUMBER='1' AIRFLOW_CTX_DAG_RUN_ID='scheduled__2024-10-01T16:00:00+00:00'
[2024-10-01T16:15:14.254+0000] {taskinstance.py:430} INFO - ::endgroup::
[2024-10-01T16:15:14.264+0000] {subprocess.py:63} INFO - Tmp dir root location: /tmp
[2024-10-01T16:15:14.265+0000] {subprocess.py:75} INFO - Running command: ['/usr/bin/bash', '-c', 'dbt run --profiles-dir /opt/***/DBT_Project  --project-dir /opt/***/dbt_trip --models Fact_trips']
[2024-10-01T16:15:14.279+0000] {subprocess.py:86} INFO - Output:
[2024-10-01T16:15:16.689+0000] {subprocess.py:93} INFO - [0m16:15:16  Running with dbt=1.8.0
[2024-10-01T16:15:16.975+0000] {subprocess.py:93} INFO - [0m16:15:16  Registered adapter: postgres=1.8.0
[2024-10-01T16:15:17.264+0000] {subprocess.py:93} INFO - [0m16:15:17  [[33mWARNING[0m]: Configuration paths exist in your dbt_project.yml file which do not apply to any resources.
[2024-10-01T16:15:17.265+0000] {subprocess.py:93} INFO - There are 2 unused configuration paths:
[2024-10-01T16:15:17.265+0000] {subprocess.py:93} INFO - - models.fact_trip.staging
[2024-10-01T16:15:17.265+0000] {subprocess.py:93} INFO - - models.fact_trip.Dimensions
[2024-10-01T16:15:17.486+0000] {subprocess.py:93} INFO - [0m16:15:17  Found 4 models, 6 data tests, 3 sources, 566 macros
[2024-10-01T16:15:17.488+0000] {subprocess.py:93} INFO - [0m16:15:17
[2024-10-01T16:15:17.605+0000] {subprocess.py:93} INFO - [0m16:15:17  Concurrency: 3 threads (target='dev')
[2024-10-01T16:15:17.606+0000] {subprocess.py:93} INFO - [0m16:15:17
[2024-10-01T16:15:17.615+0000] {subprocess.py:93} INFO - [0m16:15:17  1 of 1 START sql view model analysis.Fact_trips ................................ [RUN]
[2024-10-01T16:15:17.739+0000] {subprocess.py:93} INFO - [0m16:15:17  1 of 1 OK created sql view model analysis.Fact_trips ........................... [[32mCREATE VIEW[0m in 0.12s]
[2024-10-01T16:15:17.752+0000] {subprocess.py:93} INFO - [0m16:15:17
[2024-10-01T16:15:17.752+0000] {subprocess.py:93} INFO - [0m16:15:17  Finished running 1 view model in 0 hours 0 minutes and 0.26 seconds (0.26s).
[2024-10-01T16:15:17.805+0000] {subprocess.py:93} INFO - [0m16:15:17
[2024-10-01T16:15:17.806+0000] {subprocess.py:93} INFO - [0m16:15:17  [32mCompleted successfully[0m
[2024-10-01T16:15:17.807+0000] {subprocess.py:93} INFO - [0m16:15:17
[2024-10-01T16:15:17.807+0000] {subprocess.py:93} INFO - [0m16:15:17  Done. PASS=1 WARN=0 ERROR=0 SKIP=0 TOTAL=1
[2024-10-01T16:15:19.229+0000] {subprocess.py:97} INFO - Command exited with return code 0
[2024-10-01T16:15:19.230+0000] {taskinstance.py:441} INFO - ::group::Post task execution logs
[2024-10-01T16:15:19.253+0000] {taskinstance.py:1206} INFO - Marking task as SUCCESS. dag_id=Taxi_trip_pipeline, task_id=dbt_run_model_fact_trip, run_id=scheduled__2024-10-01T16:00:00+00:00, execution_date=20241001T160000, start_date=20241001T161514, end_date=20241001T161519
[2024-10-01T16:15:19.305+0000] {local_task_job_runner.py:240} INFO - Task exited with return code 0
[2024-10-01T16:15:19.324+0000] {taskinstance.py:3498} INFO - 0 downstream tasks scheduled from follow-on schedule check
[2024-10-01T16:15:19.326+0000] {local_task_job_runner.py:222} INFO - ::endgroup::
