[2024-10-12T08:26:05.708+0000] {local_task_job_runner.py:120} INFO - ::group::Pre task execution logs
[2024-10-12T08:26:05.729+0000] {taskinstance.py:2076} INFO - Dependencies all met for dep_context=non-requeueable deps ti=<TaskInstance: Taxi_trip_pipeline.move_files_to_archive scheduled__2024-10-12T08:00:00+00:00 [queued]>
[2024-10-12T08:26:05.738+0000] {taskinstance.py:2076} INFO - Dependencies all met for dep_context=requeueable deps ti=<TaskInstance: Taxi_trip_pipeline.move_files_to_archive scheduled__2024-10-12T08:00:00+00:00 [queued]>
[2024-10-12T08:26:05.738+0000] {taskinstance.py:2306} INFO - Starting attempt 2 of 2
[2024-10-12T08:26:05.750+0000] {taskinstance.py:2330} INFO - Executing <Task(PythonOperator): move_files_to_archive> on 2024-10-12 08:00:00+00:00
[2024-10-12T08:26:05.757+0000] {standard_task_runner.py:63} INFO - Started process 205 to run task
[2024-10-12T08:26:05.759+0000] {standard_task_runner.py:90} INFO - Running: ['***', 'tasks', 'run', 'Taxi_trip_pipeline', 'move_files_to_archive', 'scheduled__2024-10-12T08:00:00+00:00', '--job-id', '441', '--raw', '--subdir', 'DAGS_FOLDER/taxi_trip.py', '--cfg-path', '/tmp/tmpz43_pe4m']
[2024-10-12T08:26:05.761+0000] {standard_task_runner.py:91} INFO - Job 441: Subtask move_files_to_archive
[2024-10-12T08:26:05.804+0000] {task_command.py:426} INFO - Running <TaskInstance: Taxi_trip_pipeline.move_files_to_archive scheduled__2024-10-12T08:00:00+00:00 [running]> on host 54f793ecdf1a
[2024-10-12T08:26:05.887+0000] {taskinstance.py:2648} INFO - Exporting env vars: AIRFLOW_CTX_DAG_OWNER='Mahmoud' AIRFLOW_CTX_DAG_ID='Taxi_trip_pipeline' AIRFLOW_CTX_TASK_ID='move_files_to_archive' AIRFLOW_CTX_EXECUTION_DATE='2024-10-12T08:00:00+00:00' AIRFLOW_CTX_TRY_NUMBER='2' AIRFLOW_CTX_DAG_RUN_ID='scheduled__2024-10-12T08:00:00+00:00'
[2024-10-12T08:26:05.888+0000] {taskinstance.py:430} INFO - ::endgroup::
[2024-10-12T08:26:05.898+0000] {taskinstance.py:441} INFO - ::group::Post task execution logs
[2024-10-12T08:26:05.899+0000] {taskinstance.py:2905} ERROR - Task failed with exception
Traceback (most recent call last):
  File "/home/airflow/.local/lib/python3.9/site-packages/airflow/models/taskinstance.py", line 465, in _execute_task
    result = _execute_callable(context=context, **execute_callable_kwargs)
  File "/home/airflow/.local/lib/python3.9/site-packages/airflow/models/taskinstance.py", line 432, in _execute_callable
    return execute_callable(context=context, **execute_callable_kwargs)
  File "/home/airflow/.local/lib/python3.9/site-packages/airflow/models/baseoperator.py", line 400, in wrapper
    return func(self, *args, **kwargs)
  File "/home/airflow/.local/lib/python3.9/site-packages/airflow/operators/python.py", line 235, in execute
    return_value = self.execute_callable()
  File "/home/airflow/.local/lib/python3.9/site-packages/airflow/operators/python.py", line 252, in execute_callable
    return self.python_callable(*self.op_args, **self.op_kwargs)
TypeError: move_files_to_archive() missing 1 required positional argument: 'Paths'
[2024-10-12T08:26:05.907+0000] {taskinstance.py:1206} INFO - Marking task as FAILED. dag_id=Taxi_trip_pipeline, task_id=move_files_to_archive, run_id=scheduled__2024-10-12T08:00:00+00:00, execution_date=20241012T080000, start_date=20241012T082605, end_date=20241012T082605
[2024-10-12T08:26:05.917+0000] {standard_task_runner.py:110} ERROR - Failed to execute job 441 for task move_files_to_archive (move_files_to_archive() missing 1 required positional argument: 'Paths'; 205)
[2024-10-12T08:26:05.931+0000] {local_task_job_runner.py:240} INFO - Task exited with return code 1
[2024-10-12T08:26:05.956+0000] {taskinstance.py:3498} INFO - 0 downstream tasks scheduled from follow-on schedule check
[2024-10-12T08:26:05.960+0000] {local_task_job_runner.py:222} INFO - ::endgroup::
