[2024-10-12T08:37:06.935+0000] {local_task_job_runner.py:120} INFO - ::group::Pre task execution logs
[2024-10-12T08:37:06.956+0000] {taskinstance.py:2076} INFO - Dependencies all met for dep_context=non-requeueable deps ti=<TaskInstance: Taxi_trip_pipeline.move_files_to_archive scheduled__2024-10-12T08:00:00+00:00 [queued]>
[2024-10-12T08:37:06.964+0000] {taskinstance.py:2076} INFO - Dependencies all met for dep_context=requeueable deps ti=<TaskInstance: Taxi_trip_pipeline.move_files_to_archive scheduled__2024-10-12T08:00:00+00:00 [queued]>
[2024-10-12T08:37:06.964+0000] {taskinstance.py:2306} INFO - Starting attempt 8 of 8
[2024-10-12T08:37:06.976+0000] {taskinstance.py:2330} INFO - Executing <Task(PythonOperator): move_files_to_archive> on 2024-10-12 08:00:00+00:00
[2024-10-12T08:37:06.983+0000] {standard_task_runner.py:63} INFO - Started process 227 to run task
[2024-10-12T08:37:06.986+0000] {standard_task_runner.py:90} INFO - Running: ['***', 'tasks', 'run', 'Taxi_trip_pipeline', 'move_files_to_archive', 'scheduled__2024-10-12T08:00:00+00:00', '--job-id', '483', '--raw', '--subdir', 'DAGS_FOLDER/taxi_trip.py', '--cfg-path', '/tmp/tmpfb9ch4nk']
[2024-10-12T08:37:06.988+0000] {standard_task_runner.py:91} INFO - Job 483: Subtask move_files_to_archive
[2024-10-12T08:37:07.032+0000] {task_command.py:426} INFO - Running <TaskInstance: Taxi_trip_pipeline.move_files_to_archive scheduled__2024-10-12T08:00:00+00:00 [running]> on host fd913b953c2b
[2024-10-12T08:37:07.119+0000] {taskinstance.py:2648} INFO - Exporting env vars: AIRFLOW_CTX_DAG_OWNER='Mahmoud' AIRFLOW_CTX_DAG_ID='Taxi_trip_pipeline' AIRFLOW_CTX_TASK_ID='move_files_to_archive' AIRFLOW_CTX_EXECUTION_DATE='2024-10-12T08:00:00+00:00' AIRFLOW_CTX_TRY_NUMBER='8' AIRFLOW_CTX_DAG_RUN_ID='scheduled__2024-10-12T08:00:00+00:00'
[2024-10-12T08:37:07.121+0000] {taskinstance.py:430} INFO - ::endgroup::
[2024-10-12T08:37:07.158+0000] {Process_data.py:87} INFO - error while move green_tripdata_2024-04.parquet,[Errno 13] Permission denied: './archive/green_tripdata_2024-04.parquet'
[2024-10-12T08:37:07.159+0000] {Process_data.py:87} INFO - error while move green_tripdata_2024-01.parquet,[Errno 13] Permission denied: './archive/green_tripdata_2024-01.parquet'
[2024-10-12T08:37:07.159+0000] {Process_data.py:87} INFO - error while move green_tripdata_2024-03.parquet,[Errno 13] Permission denied: './archive/green_tripdata_2024-03.parquet'
[2024-10-12T08:37:07.159+0000] {Process_data.py:87} INFO - error while move green_tripdata_2024-02.parquet,[Errno 13] Permission denied: './archive/green_tripdata_2024-02.parquet'
[2024-10-12T08:37:07.160+0000] {Process_data.py:87} INFO - error while move green_tripdata_2024-05.parquet,[Errno 13] Permission denied: './archive/green_tripdata_2024-05.parquet'
[2024-10-12T08:37:07.160+0000] {Process_data.py:87} INFO - error while move green_tripdata_2024-06.parquet,[Errno 13] Permission denied: './archive/green_tripdata_2024-06.parquet'
[2024-10-12T08:37:07.160+0000] {Process_data.py:87} INFO - error while move yellow_tripdata_2024-01.parquet,[Errno 13] Permission denied: './archive/yellow_tripdata_2024-01.parquet'
[2024-10-12T08:37:07.161+0000] {taxi_trip.py:124} INFO - Files archived successfully.
[2024-10-12T08:37:07.161+0000] {python.py:237} INFO - Done. Returned value was: None
[2024-10-12T08:37:07.161+0000] {taskinstance.py:441} INFO - ::group::Post task execution logs
[2024-10-12T08:37:07.172+0000] {taskinstance.py:1206} INFO - Marking task as SUCCESS. dag_id=Taxi_trip_pipeline, task_id=move_files_to_archive, run_id=scheduled__2024-10-12T08:00:00+00:00, execution_date=20241012T080000, start_date=20241012T083706, end_date=20241012T083707
[2024-10-12T08:37:07.198+0000] {local_task_job_runner.py:240} INFO - Task exited with return code 0
[2024-10-12T08:37:07.231+0000] {taskinstance.py:3498} INFO - 3 downstream tasks scheduled from follow-on schedule check
[2024-10-12T08:37:07.233+0000] {local_task_job_runner.py:222} INFO - ::endgroup::
