[2024-10-12T08:35:33.792+0000] {local_task_job_runner.py:120} INFO - ::group::Pre task execution logs
[2024-10-12T08:35:33.813+0000] {taskinstance.py:2076} INFO - Dependencies all met for dep_context=non-requeueable deps ti=<TaskInstance: Taxi_trip_pipeline.move_files_to_archive scheduled__2024-10-12T08:00:00+00:00 [queued]>
[2024-10-12T08:35:33.822+0000] {taskinstance.py:2076} INFO - Dependencies all met for dep_context=requeueable deps ti=<TaskInstance: Taxi_trip_pipeline.move_files_to_archive scheduled__2024-10-12T08:00:00+00:00 [queued]>
[2024-10-12T08:35:33.822+0000] {taskinstance.py:2306} INFO - Starting attempt 7 of 7
[2024-10-12T08:35:33.834+0000] {taskinstance.py:2330} INFO - Executing <Task(PythonOperator): move_files_to_archive> on 2024-10-12 08:00:00+00:00
[2024-10-12T08:35:33.842+0000] {standard_task_runner.py:63} INFO - Started process 168 to run task
[2024-10-12T08:35:33.844+0000] {standard_task_runner.py:90} INFO - Running: ['***', 'tasks', 'run', 'Taxi_trip_pipeline', 'move_files_to_archive', 'scheduled__2024-10-12T08:00:00+00:00', '--job-id', '478', '--raw', '--subdir', 'DAGS_FOLDER/taxi_trip.py', '--cfg-path', '/tmp/tmpd6anaxfn']
[2024-10-12T08:35:33.846+0000] {standard_task_runner.py:91} INFO - Job 478: Subtask move_files_to_archive
[2024-10-12T08:35:33.891+0000] {task_command.py:426} INFO - Running <TaskInstance: Taxi_trip_pipeline.move_files_to_archive scheduled__2024-10-12T08:00:00+00:00 [running]> on host fd913b953c2b
[2024-10-12T08:35:33.973+0000] {taskinstance.py:2648} INFO - Exporting env vars: AIRFLOW_CTX_DAG_OWNER='Mahmoud' AIRFLOW_CTX_DAG_ID='Taxi_trip_pipeline' AIRFLOW_CTX_TASK_ID='move_files_to_archive' AIRFLOW_CTX_EXECUTION_DATE='2024-10-12T08:00:00+00:00' AIRFLOW_CTX_TRY_NUMBER='7' AIRFLOW_CTX_DAG_RUN_ID='scheduled__2024-10-12T08:00:00+00:00'
[2024-10-12T08:35:33.974+0000] {taskinstance.py:430} INFO - ::endgroup::
[2024-10-12T08:35:34.001+0000] {Process_data.py:87} INFO - error while move green_tripdata_2024-04.parquet,[Errno 13] Permission denied: './archive/green_tripdata_2024-04.parquet'
[2024-10-12T08:35:34.002+0000] {Process_data.py:87} INFO - error while move green_tripdata_2024-01.parquet,[Errno 13] Permission denied: './archive/green_tripdata_2024-01.parquet'
[2024-10-12T08:35:34.002+0000] {Process_data.py:87} INFO - error while move green_tripdata_2024-03.parquet,[Errno 13] Permission denied: './archive/green_tripdata_2024-03.parquet'
[2024-10-12T08:35:34.002+0000] {Process_data.py:87} INFO - error while move green_tripdata_2024-02.parquet,[Errno 13] Permission denied: './archive/green_tripdata_2024-02.parquet'
[2024-10-12T08:35:34.003+0000] {Process_data.py:87} INFO - error while move green_tripdata_2024-05.parquet,[Errno 13] Permission denied: './archive/green_tripdata_2024-05.parquet'
[2024-10-12T08:35:34.003+0000] {Process_data.py:87} INFO - error while move green_tripdata_2024-06.parquet,[Errno 13] Permission denied: './archive/green_tripdata_2024-06.parquet'
[2024-10-12T08:35:34.003+0000] {Process_data.py:87} INFO - error while move yellow_tripdata_2024-01.parquet,[Errno 13] Permission denied: './archive/yellow_tripdata_2024-01.parquet'
[2024-10-12T08:35:34.003+0000] {taxi_trip.py:124} INFO - Files archived successfully.
[2024-10-12T08:35:34.003+0000] {python.py:237} INFO - Done. Returned value was: None
[2024-10-12T08:35:34.004+0000] {taskinstance.py:441} INFO - ::group::Post task execution logs
[2024-10-12T08:35:34.013+0000] {taskinstance.py:1206} INFO - Marking task as SUCCESS. dag_id=Taxi_trip_pipeline, task_id=move_files_to_archive, run_id=scheduled__2024-10-12T08:00:00+00:00, execution_date=20241012T080000, start_date=20241012T083533, end_date=20241012T083534
[2024-10-12T08:35:34.056+0000] {local_task_job_runner.py:240} INFO - Task exited with return code 0
[2024-10-12T08:35:34.084+0000] {taskinstance.py:3498} INFO - 3 downstream tasks scheduled from follow-on schedule check
[2024-10-12T08:35:34.086+0000] {local_task_job_runner.py:222} INFO - ::endgroup::
