[2024-10-12T09:42:24.684+0000] {local_task_job_runner.py:120} INFO - ::group::Pre task execution logs
[2024-10-12T09:42:24.707+0000] {taskinstance.py:2076} INFO - Dependencies all met for dep_context=non-requeueable deps ti=<TaskInstance: Taxi_trip_pipeline.move_files_to_archive scheduled__2024-10-12T08:00:00+00:00 [queued]>
[2024-10-12T09:42:24.716+0000] {taskinstance.py:2076} INFO - Dependencies all met for dep_context=requeueable deps ti=<TaskInstance: Taxi_trip_pipeline.move_files_to_archive scheduled__2024-10-12T08:00:00+00:00 [queued]>
[2024-10-12T09:42:24.716+0000] {taskinstance.py:2306} INFO - Starting attempt 17 of 17
[2024-10-12T09:42:24.728+0000] {taskinstance.py:2330} INFO - Executing <Task(PythonOperator): move_files_to_archive> on 2024-10-12 08:00:00+00:00
[2024-10-12T09:42:24.735+0000] {standard_task_runner.py:63} INFO - Started process 301 to run task
[2024-10-12T09:42:24.739+0000] {standard_task_runner.py:90} INFO - Running: ['***', 'tasks', 'run', 'Taxi_trip_pipeline', 'move_files_to_archive', 'scheduled__2024-10-12T08:00:00+00:00', '--job-id', '567', '--raw', '--subdir', 'DAGS_FOLDER/taxi_trip.py', '--cfg-path', '/tmp/tmp_sk0ok16']
[2024-10-12T09:42:24.741+0000] {standard_task_runner.py:91} INFO - Job 567: Subtask move_files_to_archive
[2024-10-12T09:42:24.787+0000] {task_command.py:426} INFO - Running <TaskInstance: Taxi_trip_pipeline.move_files_to_archive scheduled__2024-10-12T08:00:00+00:00 [running]> on host cb13d84d2d77
[2024-10-12T09:42:24.879+0000] {taskinstance.py:2648} INFO - Exporting env vars: AIRFLOW_CTX_DAG_OWNER='Mahmoud' AIRFLOW_CTX_DAG_ID='Taxi_trip_pipeline' AIRFLOW_CTX_TASK_ID='move_files_to_archive' AIRFLOW_CTX_EXECUTION_DATE='2024-10-12T08:00:00+00:00' AIRFLOW_CTX_TRY_NUMBER='17' AIRFLOW_CTX_DAG_RUN_ID='scheduled__2024-10-12T08:00:00+00:00'
[2024-10-12T09:42:24.880+0000] {taskinstance.py:430} INFO - ::endgroup::
[2024-10-12T09:42:24.910+0000] {Process_data.py:83} INFO - moved ./Green_trip_files/green_tripdata_2024-04.parquet to archive
[2024-10-12T09:42:24.910+0000] {Process_data.py:83} INFO - moved ./Green_trip_files/green_tripdata_2024-01.parquet to archive
[2024-10-12T09:42:24.911+0000] {Process_data.py:83} INFO - moved ./Green_trip_files/green_tripdata_2024-03.parquet to archive
[2024-10-12T09:42:24.911+0000] {Process_data.py:83} INFO - moved ./Green_trip_files/green_tripdata_2024-02.parquet to archive
[2024-10-12T09:42:24.912+0000] {Process_data.py:83} INFO - moved ./Green_trip_files/green_tripdata_2024-05.parquet to archive
[2024-10-12T09:42:24.912+0000] {Process_data.py:83} INFO - moved ./Green_trip_files/green_tripdata_2024-06.parquet to archive
[2024-10-12T09:42:24.912+0000] {taxi_trip.py:123} INFO - Files archive_green successfully.
[2024-10-12T09:42:24.914+0000] {Process_data.py:83} INFO - moved ./yellow_trip_files/yellow_tripdata_2024-01.parquet to archive
[2024-10-12T09:42:24.914+0000] {taxi_trip.py:128} INFO - Files archive_yellow successfully.
[2024-10-12T09:42:24.915+0000] {python.py:237} INFO - Done. Returned value was: None
[2024-10-12T09:42:24.915+0000] {taskinstance.py:441} INFO - ::group::Post task execution logs
[2024-10-12T09:42:24.926+0000] {taskinstance.py:1206} INFO - Marking task as SUCCESS. dag_id=Taxi_trip_pipeline, task_id=move_files_to_archive, run_id=scheduled__2024-10-12T08:00:00+00:00, execution_date=20241012T080000, start_date=20241012T094224, end_date=20241012T094224
[2024-10-12T09:42:24.950+0000] {local_task_job_runner.py:240} INFO - Task exited with return code 0
[2024-10-12T09:42:24.980+0000] {taskinstance.py:3498} INFO - 3 downstream tasks scheduled from follow-on schedule check
[2024-10-12T09:42:24.981+0000] {local_task_job_runner.py:222} INFO - ::endgroup::
