[2024-10-12T10:09:13.387+0000] {local_task_job_runner.py:120} INFO - ::group::Pre task execution logs
[2024-10-12T10:09:13.407+0000] {taskinstance.py:2076} INFO - Dependencies all met for dep_context=non-requeueable deps ti=<TaskInstance: Taxi_trip_pipeline.move_files_to_archive scheduled__2024-10-12T08:00:00+00:00 [queued]>
[2024-10-12T10:09:13.416+0000] {taskinstance.py:2076} INFO - Dependencies all met for dep_context=requeueable deps ti=<TaskInstance: Taxi_trip_pipeline.move_files_to_archive scheduled__2024-10-12T08:00:00+00:00 [queued]>
[2024-10-12T10:09:13.416+0000] {taskinstance.py:2306} INFO - Starting attempt 19 of 19
[2024-10-12T10:09:13.428+0000] {taskinstance.py:2330} INFO - Executing <Task(PythonOperator): move_files_to_archive> on 2024-10-12 08:00:00+00:00
[2024-10-12T10:09:13.435+0000] {standard_task_runner.py:63} INFO - Started process 567 to run task
[2024-10-12T10:09:13.438+0000] {standard_task_runner.py:90} INFO - Running: ['***', 'tasks', 'run', 'Taxi_trip_pipeline', 'move_files_to_archive', 'scheduled__2024-10-12T08:00:00+00:00', '--job-id', '597', '--raw', '--subdir', 'DAGS_FOLDER/taxi_trip.py', '--cfg-path', '/tmp/tmpw28qki5w']
[2024-10-12T10:09:13.440+0000] {standard_task_runner.py:91} INFO - Job 597: Subtask move_files_to_archive
[2024-10-12T10:09:13.484+0000] {task_command.py:426} INFO - Running <TaskInstance: Taxi_trip_pipeline.move_files_to_archive scheduled__2024-10-12T08:00:00+00:00 [running]> on host cb13d84d2d77
[2024-10-12T10:09:13.564+0000] {taskinstance.py:2648} INFO - Exporting env vars: AIRFLOW_CTX_DAG_OWNER='Mahmoud' AIRFLOW_CTX_DAG_ID='Taxi_trip_pipeline' AIRFLOW_CTX_TASK_ID='move_files_to_archive' AIRFLOW_CTX_EXECUTION_DATE='2024-10-12T08:00:00+00:00' AIRFLOW_CTX_TRY_NUMBER='19' AIRFLOW_CTX_DAG_RUN_ID='scheduled__2024-10-12T08:00:00+00:00'
[2024-10-12T10:09:13.565+0000] {taskinstance.py:430} INFO - ::endgroup::
[2024-10-12T10:09:13.594+0000] {Process_data.py:85} INFO - Moved ./Green_trip_files/green_tripdata_2024-04.parquet to archive
[2024-10-12T10:09:13.596+0000] {Process_data.py:85} INFO - Moved ./Green_trip_files/green_tripdata_2024-01.parquet to archive
[2024-10-12T10:09:13.599+0000] {Process_data.py:85} INFO - Moved ./Green_trip_files/green_tripdata_2024-03.parquet to archive
[2024-10-12T10:09:13.600+0000] {Process_data.py:85} INFO - Moved ./Green_trip_files/green_tripdata_2024-02.parquet to archive
[2024-10-12T10:09:13.602+0000] {Process_data.py:85} INFO - Moved ./Green_trip_files/green_tripdata_2024-05.parquet to archive
[2024-10-12T10:09:13.604+0000] {Process_data.py:85} INFO - Moved ./Green_trip_files/green_tripdata_2024-06.parquet to archive
[2024-10-12T10:09:13.604+0000] {taxi_trip.py:123} INFO - Files archive_green successfully.
[2024-10-12T10:09:13.604+0000] {Process_data.py:89} WARNING - ./yellow_trip_files/yellow_tripdata_2024-01.parquet does not exist
[2024-10-12T10:09:13.604+0000] {taxi_trip.py:128} INFO - Files archive_yellow successfully.
[2024-10-12T10:09:13.605+0000] {python.py:237} INFO - Done. Returned value was: None
[2024-10-12T10:09:13.605+0000] {taskinstance.py:441} INFO - ::group::Post task execution logs
[2024-10-12T10:09:13.616+0000] {taskinstance.py:1206} INFO - Marking task as SUCCESS. dag_id=Taxi_trip_pipeline, task_id=move_files_to_archive, run_id=scheduled__2024-10-12T08:00:00+00:00, execution_date=20241012T080000, start_date=20241012T100913, end_date=20241012T100913
[2024-10-12T10:09:13.650+0000] {local_task_job_runner.py:240} INFO - Task exited with return code 0
[2024-10-12T10:09:13.683+0000] {taskinstance.py:3498} INFO - 3 downstream tasks scheduled from follow-on schedule check
[2024-10-12T10:09:13.685+0000] {local_task_job_runner.py:222} INFO - ::endgroup::
