[2024-10-12T08:29:49.167+0000] {local_task_job_runner.py:120} INFO - ::group::Pre task execution logs
[2024-10-12T08:29:49.188+0000] {taskinstance.py:2076} INFO - Dependencies all met for dep_context=non-requeueable deps ti=<TaskInstance: Taxi_trip_pipeline.move_files_to_archive scheduled__2024-10-12T08:00:00+00:00 [queued]>
[2024-10-12T08:29:49.195+0000] {taskinstance.py:2076} INFO - Dependencies all met for dep_context=requeueable deps ti=<TaskInstance: Taxi_trip_pipeline.move_files_to_archive scheduled__2024-10-12T08:00:00+00:00 [queued]>
[2024-10-12T08:29:49.196+0000] {taskinstance.py:2306} INFO - Starting attempt 5 of 5
[2024-10-12T08:29:49.207+0000] {taskinstance.py:2330} INFO - Executing <Task(PythonOperator): move_files_to_archive> on 2024-10-12 08:00:00+00:00
[2024-10-12T08:29:49.214+0000] {standard_task_runner.py:63} INFO - Started process 326 to run task
[2024-10-12T08:29:49.217+0000] {standard_task_runner.py:90} INFO - Running: ['***', 'tasks', 'run', 'Taxi_trip_pipeline', 'move_files_to_archive', 'scheduled__2024-10-12T08:00:00+00:00', '--job-id', '452', '--raw', '--subdir', 'DAGS_FOLDER/taxi_trip.py', '--cfg-path', '/tmp/tmpo_yw8ny5']
[2024-10-12T08:29:49.219+0000] {standard_task_runner.py:91} INFO - Job 452: Subtask move_files_to_archive
[2024-10-12T08:29:49.261+0000] {task_command.py:426} INFO - Running <TaskInstance: Taxi_trip_pipeline.move_files_to_archive scheduled__2024-10-12T08:00:00+00:00 [running]> on host 54f793ecdf1a
[2024-10-12T08:29:49.344+0000] {taskinstance.py:2648} INFO - Exporting env vars: AIRFLOW_CTX_DAG_OWNER='Mahmoud' AIRFLOW_CTX_DAG_ID='Taxi_trip_pipeline' AIRFLOW_CTX_TASK_ID='move_files_to_archive' AIRFLOW_CTX_EXECUTION_DATE='2024-10-12T08:00:00+00:00' AIRFLOW_CTX_TRY_NUMBER='5' AIRFLOW_CTX_DAG_RUN_ID='scheduled__2024-10-12T08:00:00+00:00'
[2024-10-12T08:29:49.345+0000] {taskinstance.py:430} INFO - ::endgroup::
[2024-10-12T08:29:49.379+0000] {Process_data.py:87} INFO - error while move green_tripdata_2024-04.parquet,[Errno 2] No such file or directory: './incloud/Staging/archive/green_tripdata_2024-04.parquet'
[2024-10-12T08:29:49.379+0000] {Process_data.py:87} INFO - error while move green_tripdata_2024-01.parquet,[Errno 2] No such file or directory: './incloud/Staging/archive/green_tripdata_2024-01.parquet'
[2024-10-12T08:29:49.380+0000] {Process_data.py:87} INFO - error while move green_tripdata_2024-03.parquet,[Errno 2] No such file or directory: './incloud/Staging/archive/green_tripdata_2024-03.parquet'
[2024-10-12T08:29:49.380+0000] {Process_data.py:87} INFO - error while move green_tripdata_2024-02.parquet,[Errno 2] No such file or directory: './incloud/Staging/archive/green_tripdata_2024-02.parquet'
[2024-10-12T08:29:49.380+0000] {Process_data.py:87} INFO - error while move green_tripdata_2024-05.parquet,[Errno 2] No such file or directory: './incloud/Staging/archive/green_tripdata_2024-05.parquet'
[2024-10-12T08:29:49.380+0000] {Process_data.py:87} INFO - error while move green_tripdata_2024-06.parquet,[Errno 2] No such file or directory: './incloud/Staging/archive/green_tripdata_2024-06.parquet'
[2024-10-12T08:29:49.381+0000] {Process_data.py:87} INFO - error while move yellow_tripdata_2024-01.parquet,[Errno 2] No such file or directory: './incloud/Staging/archive/yellow_tripdata_2024-01.parquet'
[2024-10-12T08:29:49.381+0000] {taxi_trip.py:124} INFO - Files archived successfully.
[2024-10-12T08:29:49.381+0000] {python.py:237} INFO - Done. Returned value was: None
[2024-10-12T08:29:49.381+0000] {taskinstance.py:441} INFO - ::group::Post task execution logs
[2024-10-12T08:29:49.393+0000] {taskinstance.py:1206} INFO - Marking task as SUCCESS. dag_id=Taxi_trip_pipeline, task_id=move_files_to_archive, run_id=scheduled__2024-10-12T08:00:00+00:00, execution_date=20241012T080000, start_date=20241012T082949, end_date=20241012T082949
[2024-10-12T08:29:49.429+0000] {local_task_job_runner.py:240} INFO - Task exited with return code 0
[2024-10-12T08:29:49.461+0000] {taskinstance.py:3498} INFO - 3 downstream tasks scheduled from follow-on schedule check
[2024-10-12T08:29:49.463+0000] {local_task_job_runner.py:222} INFO - ::endgroup::
