[2024-10-01T16:44:28.088+0000] {local_task_job_runner.py:120} INFO - ::group::Pre task execution logs
[2024-10-01T16:44:28.112+0000] {taskinstance.py:2076} INFO - Dependencies all met for dep_context=non-requeueable deps ti=<TaskInstance: Taxi_trip_pipeline.extraction_layer.extract_yellow_date manual__2024-10-01T16:44:26.072843+00:00 [queued]>
[2024-10-01T16:44:28.120+0000] {taskinstance.py:2076} INFO - Dependencies all met for dep_context=requeueable deps ti=<TaskInstance: Taxi_trip_pipeline.extraction_layer.extract_yellow_date manual__2024-10-01T16:44:26.072843+00:00 [queued]>
[2024-10-01T16:44:28.120+0000] {taskinstance.py:2306} INFO - Starting attempt 1 of 1
[2024-10-01T16:44:28.133+0000] {taskinstance.py:2330} INFO - Executing <Task(PythonOperator): extraction_layer.extract_yellow_date> on 2024-10-01 16:44:26.072843+00:00
[2024-10-01T16:44:28.140+0000] {standard_task_runner.py:63} INFO - Started process 2842 to run task
[2024-10-01T16:44:28.143+0000] {standard_task_runner.py:90} INFO - Running: ['***', 'tasks', 'run', 'Taxi_trip_pipeline', 'extraction_layer.extract_yellow_date', 'manual__2024-10-01T16:44:26.072843+00:00', '--job-id', '366', '--raw', '--subdir', 'DAGS_FOLDER/taxi_trip.py', '--cfg-path', '/tmp/tmpb4a6e2nq']
[2024-10-01T16:44:28.146+0000] {standard_task_runner.py:91} INFO - Job 366: Subtask extraction_layer.extract_yellow_date
[2024-10-01T16:44:28.190+0000] {task_command.py:426} INFO - Running <TaskInstance: Taxi_trip_pipeline.extraction_layer.extract_yellow_date manual__2024-10-01T16:44:26.072843+00:00 [running]> on host fcb0f9e87e2b
[2024-10-01T16:44:28.275+0000] {taskinstance.py:2648} INFO - Exporting env vars: AIRFLOW_CTX_DAG_OWNER='Mahmoud' AIRFLOW_CTX_DAG_ID='Taxi_trip_pipeline' AIRFLOW_CTX_TASK_ID='extraction_layer.extract_yellow_date' AIRFLOW_CTX_EXECUTION_DATE='2024-10-01T16:44:26.072843+00:00' AIRFLOW_CTX_TRY_NUMBER='1' AIRFLOW_CTX_DAG_RUN_ID='manual__2024-10-01T16:44:26.072843+00:00'
[2024-10-01T16:44:28.276+0000] {taskinstance.py:430} INFO - ::endgroup::
[2024-10-01T16:44:28.289+0000] {taxi_trip.py:52} INFO - Data extraction for yellow trip started
[2024-10-01T16:44:28.296+0000] {db_utils.py:16} INFO - Connected to PostgreSQL database successfully
[2024-10-01T16:44:28.297+0000] {Process_data.py:44} INFO - Start transforming Yellow Trip data...
[2024-10-01T16:44:28.298+0000] {Process_data.py:52} INFO - File yellow_tripdata_2024-02.parquet has already been extracted before . Skipping......
[2024-10-01T16:44:28.299+0000] {Process_data.py:52} INFO - File yellow_tripdata_2024-04.parquet has already been extracted before . Skipping......
[2024-10-01T16:44:28.300+0000] {Process_data.py:52} INFO - File yellow_tripdata_2024-01.parquet has already been extracted before . Skipping......
[2024-10-01T16:44:28.300+0000] {Process_data.py:52} INFO - File yellow_tripdata_2024-03.parquet has already been extracted before . Skipping......
[2024-10-01T16:44:28.301+0000] {Process_data.py:55} INFO - Processing file yellow_tripdata_2024-05.parquet...
[2024-10-01T16:44:29.013+0000] {Process_data.py:64} INFO - Yellow trip dataframe with 3723833 rows
[2024-10-01T16:44:29.021+0000] {taxi_trip.py:55} INFO - Data extraction for yellow trip done
[2024-10-01T16:44:42.023+0000] {taxi_trip.py:59} INFO - Pushed yellow trip data with 3723833 rows to XCom
[2024-10-01T16:44:42.036+0000] {python.py:237} INFO - Done. Returned value was: None
[2024-10-01T16:44:42.037+0000] {taskinstance.py:441} INFO - ::group::Post task execution logs
[2024-10-01T16:44:42.046+0000] {taskinstance.py:1206} INFO - Marking task as SUCCESS. dag_id=Taxi_trip_pipeline, task_id=extraction_layer.extract_yellow_date, run_id=manual__2024-10-01T16:44:26.072843+00:00, execution_date=20241001T164426, start_date=20241001T164428, end_date=20241001T164442
[2024-10-01T16:44:42.157+0000] {local_task_job_runner.py:240} INFO - Task exited with return code 0
[2024-10-01T16:44:42.188+0000] {taskinstance.py:3498} INFO - 1 downstream tasks scheduled from follow-on schedule check
[2024-10-01T16:44:42.190+0000] {local_task_job_runner.py:222} INFO - ::endgroup::
