[2024-10-12T10:28:54.022+0000] {local_task_job_runner.py:120} INFO - ::group::Pre task execution logs
[2024-10-12T10:28:54.055+0000] {taskinstance.py:2076} INFO - Dependencies all met for dep_context=non-requeueable deps ti=<TaskInstance: Taxi_trip_pipeline.dbt_transformation_layer.dbt_run_model_zone_lookup scheduled__2024-10-12T10:00:00+00:00 [queued]>
[2024-10-12T10:28:54.072+0000] {taskinstance.py:2076} INFO - Dependencies all met for dep_context=requeueable deps ti=<TaskInstance: Taxi_trip_pipeline.dbt_transformation_layer.dbt_run_model_zone_lookup scheduled__2024-10-12T10:00:00+00:00 [queued]>
[2024-10-12T10:28:54.073+0000] {taskinstance.py:2306} INFO - Starting attempt 5 of 5
[2024-10-12T10:28:54.091+0000] {taskinstance.py:2330} INFO - Executing <Task(BashOperator): dbt_transformation_layer.dbt_run_model_zone_lookup> on 2024-10-12 10:00:00+00:00
[2024-10-12T10:28:54.102+0000] {standard_task_runner.py:63} INFO - Started process 331 to run task
[2024-10-12T10:28:54.106+0000] {standard_task_runner.py:90} INFO - Running: ['***', 'tasks', 'run', 'Taxi_trip_pipeline', 'dbt_transformation_layer.dbt_run_model_zone_lookup', 'scheduled__2024-10-12T10:00:00+00:00', '--job-id', '27', '--raw', '--subdir', 'DAGS_FOLDER/taxi_trip.py', '--cfg-path', '/tmp/tmpobbtm8kv']
[2024-10-12T10:28:54.109+0000] {standard_task_runner.py:91} INFO - Job 27: Subtask dbt_transformation_layer.dbt_run_model_zone_lookup
[2024-10-12T10:28:54.179+0000] {task_command.py:426} INFO - Running <TaskInstance: Taxi_trip_pipeline.dbt_transformation_layer.dbt_run_model_zone_lookup scheduled__2024-10-12T10:00:00+00:00 [running]> on host bcbc9bb54b17
[2024-10-12T10:28:54.277+0000] {taskinstance.py:2648} INFO - Exporting env vars: AIRFLOW_CTX_DAG_OWNER='Mahmoud' AIRFLOW_CTX_DAG_ID='Taxi_trip_pipeline' AIRFLOW_CTX_TASK_ID='dbt_transformation_layer.dbt_run_model_zone_lookup' AIRFLOW_CTX_EXECUTION_DATE='2024-10-12T10:00:00+00:00' AIRFLOW_CTX_TRY_NUMBER='5' AIRFLOW_CTX_DAG_RUN_ID='scheduled__2024-10-12T10:00:00+00:00'
[2024-10-12T10:28:54.278+0000] {taskinstance.py:430} INFO - ::endgroup::
[2024-10-12T10:28:54.294+0000] {subprocess.py:63} INFO - Tmp dir root location: /tmp
[2024-10-12T10:28:54.295+0000] {subprocess.py:75} INFO - Running command: ['/usr/bin/bash', '-c', 'dbt run --profiles-dir /opt/***/DBT_Project  --project-dir /opt/***/dbt_trip --models zone_lookup']
[2024-10-12T10:28:54.311+0000] {subprocess.py:86} INFO - Output:
[2024-10-12T10:28:57.264+0000] {subprocess.py:93} INFO - [0m10:28:57  Running with dbt=1.8.0
[2024-10-12T10:28:57.624+0000] {subprocess.py:93} INFO - [0m10:28:57  Registered adapter: postgres=1.8.0
[2024-10-12T10:28:58.048+0000] {subprocess.py:93} INFO - [0m10:28:58  [[33mWARNING[0m]: Configuration paths exist in your dbt_project.yml file which do not apply to any resources.
[2024-10-12T10:28:58.049+0000] {subprocess.py:93} INFO - There are 2 unused configuration paths:
[2024-10-12T10:28:58.049+0000] {subprocess.py:93} INFO - - models.fact_trip.Dimensions
[2024-10-12T10:28:58.049+0000] {subprocess.py:93} INFO - - models.fact_trip.staging
[2024-10-12T10:28:58.340+0000] {subprocess.py:93} INFO - [0m10:28:58  Found 4 models, 6 data tests, 3 sources, 566 macros
[2024-10-12T10:28:58.343+0000] {subprocess.py:93} INFO - [0m10:28:58
[2024-10-12T10:28:58.522+0000] {subprocess.py:93} INFO - [0m10:28:58  Concurrency: 3 threads (target='dev')
[2024-10-12T10:28:58.523+0000] {subprocess.py:93} INFO - [0m10:28:58
[2024-10-12T10:28:58.535+0000] {subprocess.py:93} INFO - [0m10:28:58  1 of 1 START sql view model analysis.zone_lookup ............................... [RUN]
[2024-10-12T10:28:58.776+0000] {subprocess.py:93} INFO - [0m10:28:58  1 of 1 OK created sql view model analysis.zone_lookup .......................... [[32mCREATE VIEW[0m in 0.23s]
[2024-10-12T10:28:58.796+0000] {subprocess.py:93} INFO - [0m10:28:58
[2024-10-12T10:28:58.797+0000] {subprocess.py:93} INFO - [0m10:28:58  Finished running 1 view model in 0 hours 0 minutes and 0.45 seconds (0.45s).
[2024-10-12T10:28:58.882+0000] {subprocess.py:93} INFO - [0m10:28:58
[2024-10-12T10:28:58.883+0000] {subprocess.py:93} INFO - [0m10:28:58  [32mCompleted successfully[0m
[2024-10-12T10:28:58.884+0000] {subprocess.py:93} INFO - [0m10:28:58
[2024-10-12T10:28:58.885+0000] {subprocess.py:93} INFO - [0m10:28:58  Done. PASS=1 WARN=0 ERROR=0 SKIP=0 TOTAL=1
[2024-10-12T10:29:00.208+0000] {subprocess.py:97} INFO - Command exited with return code 0
[2024-10-12T10:29:00.208+0000] {taskinstance.py:441} INFO - ::group::Post task execution logs
[2024-10-12T10:29:00.233+0000] {taskinstance.py:1206} INFO - Marking task as SUCCESS. dag_id=Taxi_trip_pipeline, task_id=dbt_transformation_layer.dbt_run_model_zone_lookup, run_id=scheduled__2024-10-12T10:00:00+00:00, execution_date=20241012T100000, start_date=20241012T102854, end_date=20241012T102900
[2024-10-12T10:29:00.293+0000] {local_task_job_runner.py:240} INFO - Task exited with return code 0
[2024-10-12T10:29:00.318+0000] {taskinstance.py:3498} INFO - 0 downstream tasks scheduled from follow-on schedule check
[2024-10-12T10:29:00.320+0000] {local_task_job_runner.py:222} INFO - ::endgroup::
