[2024-10-12T10:15:07.447+0000] {local_task_job_runner.py:120} INFO - ::group::Pre task execution logs
[2024-10-12T10:15:07.475+0000] {taskinstance.py:2076} INFO - Dependencies all met for dep_context=non-requeueable deps ti=<TaskInstance: Taxi_trip_pipeline.dbt_transformation_layer.dbt_run_model_zone_lookup scheduled__2024-10-12T10:00:00+00:00 [queued]>
[2024-10-12T10:15:07.488+0000] {taskinstance.py:2076} INFO - Dependencies all met for dep_context=requeueable deps ti=<TaskInstance: Taxi_trip_pipeline.dbt_transformation_layer.dbt_run_model_zone_lookup scheduled__2024-10-12T10:00:00+00:00 [queued]>
[2024-10-12T10:15:07.489+0000] {taskinstance.py:2306} INFO - Starting attempt 1 of 1
[2024-10-12T10:15:07.504+0000] {taskinstance.py:2330} INFO - Executing <Task(BashOperator): dbt_transformation_layer.dbt_run_model_zone_lookup> on 2024-10-12 10:00:00+00:00
[2024-10-12T10:15:07.513+0000] {standard_task_runner.py:63} INFO - Started process 668 to run task
[2024-10-12T10:15:07.517+0000] {standard_task_runner.py:90} INFO - Running: ['***', 'tasks', 'run', 'Taxi_trip_pipeline', 'dbt_transformation_layer.dbt_run_model_zone_lookup', 'scheduled__2024-10-12T10:00:00+00:00', '--job-id', '608', '--raw', '--subdir', 'DAGS_FOLDER/taxi_trip.py', '--cfg-path', '/tmp/tmpxbg21dr_']
[2024-10-12T10:15:07.520+0000] {standard_task_runner.py:91} INFO - Job 608: Subtask dbt_transformation_layer.dbt_run_model_zone_lookup
[2024-10-12T10:15:07.580+0000] {task_command.py:426} INFO - Running <TaskInstance: Taxi_trip_pipeline.dbt_transformation_layer.dbt_run_model_zone_lookup scheduled__2024-10-12T10:00:00+00:00 [running]> on host cb13d84d2d77
[2024-10-12T10:15:07.724+0000] {taskinstance.py:2648} INFO - Exporting env vars: AIRFLOW_CTX_DAG_OWNER='Mahmoud' AIRFLOW_CTX_DAG_ID='Taxi_trip_pipeline' AIRFLOW_CTX_TASK_ID='dbt_transformation_layer.dbt_run_model_zone_lookup' AIRFLOW_CTX_EXECUTION_DATE='2024-10-12T10:00:00+00:00' AIRFLOW_CTX_TRY_NUMBER='1' AIRFLOW_CTX_DAG_RUN_ID='scheduled__2024-10-12T10:00:00+00:00'
[2024-10-12T10:15:07.725+0000] {taskinstance.py:430} INFO - ::endgroup::
[2024-10-12T10:15:07.743+0000] {subprocess.py:63} INFO - Tmp dir root location: /tmp
[2024-10-12T10:15:07.744+0000] {subprocess.py:75} INFO - Running command: ['/usr/bin/bash', '-c', 'dbt run --profiles-dir /opt/***/DBT_Project  --project-dir /opt/***/dbt_trip --models zone_lookup']
[2024-10-12T10:15:07.763+0000] {subprocess.py:86} INFO - Output:
[2024-10-12T10:15:11.024+0000] {subprocess.py:93} INFO - [0m10:15:11  Running with dbt=1.8.0
[2024-10-12T10:15:11.417+0000] {subprocess.py:93} INFO - [0m10:15:11  Registered adapter: postgres=1.8.0
[2024-10-12T10:15:11.816+0000] {subprocess.py:93} INFO - [0m10:15:11  [[33mWARNING[0m]: Configuration paths exist in your dbt_project.yml file which do not apply to any resources.
[2024-10-12T10:15:11.817+0000] {subprocess.py:93} INFO - There are 2 unused configuration paths:
[2024-10-12T10:15:11.817+0000] {subprocess.py:93} INFO - - models.fact_trip.Dimensions
[2024-10-12T10:15:11.817+0000] {subprocess.py:93} INFO - - models.fact_trip.staging
[2024-10-12T10:15:12.072+0000] {subprocess.py:93} INFO - [0m10:15:12  Found 4 models, 6 data tests, 3 sources, 566 macros
[2024-10-12T10:15:12.075+0000] {subprocess.py:93} INFO - [0m10:15:12
[2024-10-12T10:15:12.229+0000] {subprocess.py:93} INFO - [0m10:15:12  Concurrency: 3 threads (target='dev')
[2024-10-12T10:15:12.230+0000] {subprocess.py:93} INFO - [0m10:15:12
[2024-10-12T10:15:12.243+0000] {subprocess.py:93} INFO - [0m10:15:12  1 of 1 START sql view model analysis.zone_lookup ............................... [RUN]
[2024-10-12T10:15:12.408+0000] {subprocess.py:93} INFO - [0m10:15:12  1 of 1 OK created sql view model analysis.zone_lookup .......................... [[32mCREATE VIEW[0m in 0.16s]
[2024-10-12T10:15:12.424+0000] {subprocess.py:93} INFO - [0m10:15:12
[2024-10-12T10:15:12.425+0000] {subprocess.py:93} INFO - [0m10:15:12  Finished running 1 view model in 0 hours 0 minutes and 0.35 seconds (0.35s).
[2024-10-12T10:15:12.491+0000] {subprocess.py:93} INFO - [0m10:15:12
[2024-10-12T10:15:12.492+0000] {subprocess.py:93} INFO - [0m10:15:12  [32mCompleted successfully[0m
[2024-10-12T10:15:12.493+0000] {subprocess.py:93} INFO - [0m10:15:12
[2024-10-12T10:15:12.494+0000] {subprocess.py:93} INFO - [0m10:15:12  Done. PASS=1 WARN=0 ERROR=0 SKIP=0 TOTAL=1
[2024-10-12T10:15:13.694+0000] {subprocess.py:97} INFO - Command exited with return code 0
[2024-10-12T10:15:13.695+0000] {taskinstance.py:441} INFO - ::group::Post task execution logs
[2024-10-12T10:15:13.723+0000] {taskinstance.py:1206} INFO - Marking task as SUCCESS. dag_id=Taxi_trip_pipeline, task_id=dbt_transformation_layer.dbt_run_model_zone_lookup, run_id=scheduled__2024-10-12T10:00:00+00:00, execution_date=20241012T100000, start_date=20241012T101507, end_date=20241012T101513
[2024-10-12T10:15:13.756+0000] {local_task_job_runner.py:240} INFO - Task exited with return code 0
[2024-10-12T10:15:13.781+0000] {taskinstance.py:3498} INFO - 0 downstream tasks scheduled from follow-on schedule check
[2024-10-12T10:15:13.782+0000] {local_task_job_runner.py:222} INFO - ::endgroup::
[2024-10-12T10:22:29.944+0000] {local_task_job_runner.py:120} INFO - ::group::Pre task execution logs
[2024-10-12T10:22:29.967+0000] {taskinstance.py:2076} INFO - Dependencies all met for dep_context=non-requeueable deps ti=<TaskInstance: Taxi_trip_pipeline.dbt_transformation_layer.dbt_run_model_zone_lookup scheduled__2024-10-12T10:00:00+00:00 [queued]>
[2024-10-12T10:22:29.977+0000] {taskinstance.py:2076} INFO - Dependencies all met for dep_context=requeueable deps ti=<TaskInstance: Taxi_trip_pipeline.dbt_transformation_layer.dbt_run_model_zone_lookup scheduled__2024-10-12T10:00:00+00:00 [queued]>
[2024-10-12T10:22:29.977+0000] {taskinstance.py:2306} INFO - Starting attempt 1 of 1
[2024-10-12T10:22:29.995+0000] {taskinstance.py:2330} INFO - Executing <Task(BashOperator): dbt_transformation_layer.dbt_run_model_zone_lookup> on 2024-10-12 10:00:00+00:00
[2024-10-12T10:22:30.004+0000] {standard_task_runner.py:63} INFO - Started process 72 to run task
[2024-10-12T10:22:30.011+0000] {standard_task_runner.py:90} INFO - Running: ['***', 'tasks', 'run', 'Taxi_trip_pipeline', 'dbt_transformation_layer.dbt_run_model_zone_lookup', 'scheduled__2024-10-12T10:00:00+00:00', '--job-id', '8', '--raw', '--subdir', 'DAGS_FOLDER/taxi_trip.py', '--cfg-path', '/tmp/tmp21c1hho9']
[2024-10-12T10:22:30.014+0000] {standard_task_runner.py:91} INFO - Job 8: Subtask dbt_transformation_layer.dbt_run_model_zone_lookup
[2024-10-12T10:22:30.069+0000] {task_command.py:426} INFO - Running <TaskInstance: Taxi_trip_pipeline.dbt_transformation_layer.dbt_run_model_zone_lookup scheduled__2024-10-12T10:00:00+00:00 [running]> on host bcbc9bb54b17
[2024-10-12T10:22:30.167+0000] {taskinstance.py:2648} INFO - Exporting env vars: AIRFLOW_CTX_DAG_OWNER='Mahmoud' AIRFLOW_CTX_DAG_ID='Taxi_trip_pipeline' AIRFLOW_CTX_TASK_ID='dbt_transformation_layer.dbt_run_model_zone_lookup' AIRFLOW_CTX_EXECUTION_DATE='2024-10-12T10:00:00+00:00' AIRFLOW_CTX_TRY_NUMBER='1' AIRFLOW_CTX_DAG_RUN_ID='scheduled__2024-10-12T10:00:00+00:00'
[2024-10-12T10:22:30.169+0000] {taskinstance.py:430} INFO - ::endgroup::
[2024-10-12T10:22:30.186+0000] {subprocess.py:63} INFO - Tmp dir root location: /tmp
[2024-10-12T10:22:30.187+0000] {subprocess.py:75} INFO - Running command: ['/usr/bin/bash', '-c', 'dbt run --profiles-dir /opt/***/DBT_Project  --project-dir /opt/***/dbt_trip --models zone_lookup']
[2024-10-12T10:22:30.204+0000] {subprocess.py:86} INFO - Output:
[2024-10-12T10:22:33.412+0000] {subprocess.py:93} INFO - [0m10:22:33  Running with dbt=1.8.0
[2024-10-12T10:22:33.754+0000] {subprocess.py:93} INFO - [0m10:22:33  Registered adapter: postgres=1.8.0
[2024-10-12T10:22:34.104+0000] {subprocess.py:93} INFO - [0m10:22:34  Unable to do partial parsing because profile has changed
[2024-10-12T10:22:36.292+0000] {subprocess.py:93} INFO - [0m10:22:36  [[33mWARNING[0m]: Found patch for macro "payment_type_mapping" which was not found
[2024-10-12T10:22:36.295+0000] {subprocess.py:93} INFO - [0m10:22:36  [[33mWARNING[0m]: Found patch for macro "rate_code_mapping" which was not found
[2024-10-12T10:22:36.296+0000] {subprocess.py:93} INFO - [0m10:22:36  [[33mWARNING[0m]: Found patch for macro "store_and_fwd_flag_mapping" which was not found
[2024-10-12T10:22:36.298+0000] {subprocess.py:93} INFO - [0m10:22:36  [[33mWARNING[0m]: Found patch for macro "trip_type_mapping" which was not found
[2024-10-12T10:22:36.301+0000] {subprocess.py:93} INFO - [0m10:22:36  [[33mWARNING[0m]: Found patch for macro "vendor_mapping" which was not found
[2024-10-12T10:22:36.415+0000] {subprocess.py:93} INFO - [0m10:22:36  [[33mWARNING[0m]: Deprecated functionality
[2024-10-12T10:22:36.416+0000] {subprocess.py:93} INFO - The `tests` config has been renamed to `data_tests`. Please see
[2024-10-12T10:22:36.416+0000] {subprocess.py:93} INFO - https://docs.getdbt.com/docs/build/data-tests#new-data_tests-syntax for more
[2024-10-12T10:22:36.416+0000] {subprocess.py:93} INFO - information.
[2024-10-12T10:22:36.982+0000] {subprocess.py:93} INFO - [0m10:22:36  [[33mWARNING[0m]: Configuration paths exist in your dbt_project.yml file which do not apply to any resources.
[2024-10-12T10:22:36.983+0000] {subprocess.py:93} INFO - There are 2 unused configuration paths:
[2024-10-12T10:22:36.983+0000] {subprocess.py:93} INFO - - models.fact_trip.Dimensions
[2024-10-12T10:22:36.984+0000] {subprocess.py:93} INFO - - models.fact_trip.staging
[2024-10-12T10:22:37.234+0000] {subprocess.py:93} INFO - [0m10:22:37  Found 4 models, 6 data tests, 3 sources, 566 macros
[2024-10-12T10:22:37.236+0000] {subprocess.py:93} INFO - [0m10:22:37
[2024-10-12T10:22:37.403+0000] {subprocess.py:93} INFO - [0m10:22:37  Concurrency: 3 threads (target='dev')
[2024-10-12T10:22:37.404+0000] {subprocess.py:93} INFO - [0m10:22:37
[2024-10-12T10:22:37.429+0000] {subprocess.py:93} INFO - [0m10:22:37  1 of 1 START sql view model analysis.zone_lookup ............................... [RUN]
[2024-10-12T10:22:37.599+0000] {subprocess.py:93} INFO - [0m10:22:37  1 of 1 OK created sql view model analysis.zone_lookup .......................... [[32mCREATE VIEW[0m in 0.17s]
[2024-10-12T10:22:37.626+0000] {subprocess.py:93} INFO - [0m10:22:37
[2024-10-12T10:22:37.627+0000] {subprocess.py:93} INFO - [0m10:22:37  Finished running 1 view model in 0 hours 0 minutes and 0.39 seconds (0.39s).
[2024-10-12T10:22:37.706+0000] {subprocess.py:93} INFO - [0m10:22:37
[2024-10-12T10:22:37.707+0000] {subprocess.py:93} INFO - [0m10:22:37  [32mCompleted successfully[0m
[2024-10-12T10:22:37.708+0000] {subprocess.py:93} INFO - [0m10:22:37
[2024-10-12T10:22:37.708+0000] {subprocess.py:93} INFO - [0m10:22:37  Done. PASS=1 WARN=0 ERROR=0 SKIP=0 TOTAL=1
[2024-10-12T10:22:38.945+0000] {subprocess.py:97} INFO - Command exited with return code 0
[2024-10-12T10:22:38.946+0000] {taskinstance.py:441} INFO - ::group::Post task execution logs
[2024-10-12T10:22:38.974+0000] {taskinstance.py:1206} INFO - Marking task as SUCCESS. dag_id=Taxi_trip_pipeline, task_id=dbt_transformation_layer.dbt_run_model_zone_lookup, run_id=scheduled__2024-10-12T10:00:00+00:00, execution_date=20241012T100000, start_date=20241012T102229, end_date=20241012T102238
[2024-10-12T10:22:39.013+0000] {local_task_job_runner.py:240} INFO - Task exited with return code 0
[2024-10-12T10:22:39.038+0000] {taskinstance.py:3498} INFO - 0 downstream tasks scheduled from follow-on schedule check
[2024-10-12T10:22:39.039+0000] {local_task_job_runner.py:222} INFO - ::endgroup::
