[2024-10-01T15:28:25.383+0000] {local_task_job_runner.py:120} INFO - ::group::Pre task execution logs
[2024-10-01T15:28:25.405+0000] {taskinstance.py:2076} INFO - Dependencies all met for dep_context=non-requeueable deps ti=<TaskInstance: Taxi_trip_pipeline.dbt_transformation_layer.dbt_run_model_green_trip manual__2024-10-01T15:22:29.579715+00:00 [queued]>
[2024-10-01T15:28:25.417+0000] {taskinstance.py:2076} INFO - Dependencies all met for dep_context=requeueable deps ti=<TaskInstance: Taxi_trip_pipeline.dbt_transformation_layer.dbt_run_model_green_trip manual__2024-10-01T15:22:29.579715+00:00 [queued]>
[2024-10-01T15:28:25.417+0000] {taskinstance.py:2306} INFO - Starting attempt 1 of 1
[2024-10-01T15:28:25.438+0000] {taskinstance.py:2330} INFO - Executing <Task(BashOperator): dbt_transformation_layer.dbt_run_model_green_trip> on 2024-10-01 15:22:29.579715+00:00
[2024-10-01T15:28:25.447+0000] {standard_task_runner.py:63} INFO - Started process 2245 to run task
[2024-10-01T15:28:25.450+0000] {standard_task_runner.py:90} INFO - Running: ['***', 'tasks', 'run', 'Taxi_trip_pipeline', 'dbt_transformation_layer.dbt_run_model_green_trip', 'manual__2024-10-01T15:22:29.579715+00:00', '--job-id', '301', '--raw', '--subdir', 'DAGS_FOLDER/taxi_trip.py', '--cfg-path', '/tmp/tmpm32idt9n']
[2024-10-01T15:28:25.452+0000] {standard_task_runner.py:91} INFO - Job 301: Subtask dbt_transformation_layer.dbt_run_model_green_trip
[2024-10-01T15:28:25.498+0000] {task_command.py:426} INFO - Running <TaskInstance: Taxi_trip_pipeline.dbt_transformation_layer.dbt_run_model_green_trip manual__2024-10-01T15:22:29.579715+00:00 [running]> on host fcb0f9e87e2b
[2024-10-01T15:28:25.607+0000] {taskinstance.py:2648} INFO - Exporting env vars: AIRFLOW_CTX_DAG_OWNER='Mahmoud' AIRFLOW_CTX_DAG_ID='Taxi_trip_pipeline' AIRFLOW_CTX_TASK_ID='dbt_transformation_layer.dbt_run_model_green_trip' AIRFLOW_CTX_EXECUTION_DATE='2024-10-01T15:22:29.579715+00:00' AIRFLOW_CTX_TRY_NUMBER='1' AIRFLOW_CTX_DAG_RUN_ID='manual__2024-10-01T15:22:29.579715+00:00'
[2024-10-01T15:28:25.608+0000] {taskinstance.py:430} INFO - ::endgroup::
[2024-10-01T15:28:25.619+0000] {subprocess.py:63} INFO - Tmp dir root location: /tmp
[2024-10-01T15:28:25.620+0000] {subprocess.py:75} INFO - Running command: ['/usr/bin/bash', '-c', 'dbt run --profiles-dir /opt/***/DBT_Project  --project-dir /opt/***/dbt_trip --models green_trip']
[2024-10-01T15:28:25.637+0000] {subprocess.py:86} INFO - Output:
[2024-10-01T15:28:28.537+0000] {subprocess.py:93} INFO - [0m15:28:28  Running with dbt=1.8.0
[2024-10-01T15:28:28.872+0000] {subprocess.py:93} INFO - [0m15:28:28  Registered adapter: postgres=1.8.0
[2024-10-01T15:28:29.229+0000] {subprocess.py:93} INFO - [0m15:28:29  [[33mWARNING[0m]: Configuration paths exist in your dbt_project.yml file which do not apply to any resources.
[2024-10-01T15:28:29.229+0000] {subprocess.py:93} INFO - There are 2 unused configuration paths:
[2024-10-01T15:28:29.230+0000] {subprocess.py:93} INFO - - models.fact_trip.staging
[2024-10-01T15:28:29.230+0000] {subprocess.py:93} INFO - - models.fact_trip.Dimensions
[2024-10-01T15:28:29.553+0000] {subprocess.py:93} INFO - [0m15:28:29  Found 4 models, 6 data tests, 3 sources, 566 macros
[2024-10-01T15:28:29.555+0000] {subprocess.py:93} INFO - [0m15:28:29
[2024-10-01T15:28:29.681+0000] {subprocess.py:93} INFO - [0m15:28:29  Concurrency: 3 threads (target='dev')
[2024-10-01T15:28:29.682+0000] {subprocess.py:93} INFO - [0m15:28:29
[2024-10-01T15:28:29.692+0000] {subprocess.py:93} INFO - [0m15:28:29  1 of 1 START sql view model analysis.green_trip ................................ [RUN]
[2024-10-01T15:28:29.858+0000] {subprocess.py:93} INFO - [0m15:28:29  1 of 1 OK created sql view model analysis.green_trip ........................... [[32mCREATE VIEW[0m in 0.16s]
[2024-10-01T15:28:29.872+0000] {subprocess.py:93} INFO - [0m15:28:29
[2024-10-01T15:28:29.872+0000] {subprocess.py:93} INFO - [0m15:28:29  Finished running 1 view model in 0 hours 0 minutes and 0.32 seconds (0.32s).
[2024-10-01T15:28:29.937+0000] {subprocess.py:93} INFO - [0m15:28:29
[2024-10-01T15:28:29.938+0000] {subprocess.py:93} INFO - [0m15:28:29  [32mCompleted successfully[0m
[2024-10-01T15:28:29.939+0000] {subprocess.py:93} INFO - [0m15:28:29
[2024-10-01T15:28:29.940+0000] {subprocess.py:93} INFO - [0m15:28:29  Done. PASS=1 WARN=0 ERROR=0 SKIP=0 TOTAL=1
[2024-10-01T15:28:30.984+0000] {subprocess.py:97} INFO - Command exited with return code 0
[2024-10-01T15:28:30.985+0000] {taskinstance.py:441} INFO - ::group::Post task execution logs
[2024-10-01T15:28:31.040+0000] {taskinstance.py:1206} INFO - Marking task as SUCCESS. dag_id=Taxi_trip_pipeline, task_id=dbt_transformation_layer.dbt_run_model_green_trip, run_id=manual__2024-10-01T15:22:29.579715+00:00, execution_date=20241001T152229, start_date=20241001T152825, end_date=20241001T152831
[2024-10-01T15:28:31.073+0000] {local_task_job_runner.py:240} INFO - Task exited with return code 0
[2024-10-01T15:28:31.094+0000] {taskinstance.py:3498} INFO - 0 downstream tasks scheduled from follow-on schedule check
[2024-10-01T15:28:31.098+0000] {local_task_job_runner.py:222} INFO - ::endgroup::
