[2024-10-01T12:30:39.878+0000] {local_task_job_runner.py:120} INFO - ::group::Pre task execution logs
[2024-10-01T12:30:39.916+0000] {taskinstance.py:2076} INFO - Dependencies all met for dep_context=non-requeueable deps ti=<TaskInstance: Taxi_trip_pipeline.dbt_staging_layer.dbt_run_zone_lookup manual__2024-10-01T12:30:32.928618+00:00 [queued]>
[2024-10-01T12:30:39.936+0000] {taskinstance.py:2076} INFO - Dependencies all met for dep_context=requeueable deps ti=<TaskInstance: Taxi_trip_pipeline.dbt_staging_layer.dbt_run_zone_lookup manual__2024-10-01T12:30:32.928618+00:00 [queued]>
[2024-10-01T12:30:39.936+0000] {taskinstance.py:2306} INFO - Starting attempt 1 of 1
[2024-10-01T12:30:39.954+0000] {taskinstance.py:2330} INFO - Executing <Task(BashOperator): dbt_staging_layer.dbt_run_zone_lookup> on 2024-10-01 12:30:32.928618+00:00
[2024-10-01T12:30:39.965+0000] {standard_task_runner.py:63} INFO - Started process 915 to run task
[2024-10-01T12:30:39.970+0000] {standard_task_runner.py:90} INFO - Running: ['***', 'tasks', 'run', 'Taxi_trip_pipeline', 'dbt_staging_layer.dbt_run_zone_lookup', 'manual__2024-10-01T12:30:32.928618+00:00', '--job-id', '191', '--raw', '--subdir', 'DAGS_FOLDER/taxi_trip.py', '--cfg-path', '/tmp/tmpliv30nyo']
[2024-10-01T12:30:39.972+0000] {standard_task_runner.py:91} INFO - Job 191: Subtask dbt_staging_layer.dbt_run_zone_lookup
[2024-10-01T12:30:40.031+0000] {task_command.py:426} INFO - Running <TaskInstance: Taxi_trip_pipeline.dbt_staging_layer.dbt_run_zone_lookup manual__2024-10-01T12:30:32.928618+00:00 [running]> on host fcb0f9e87e2b
[2024-10-01T12:30:40.139+0000] {taskinstance.py:2648} INFO - Exporting env vars: AIRFLOW_CTX_DAG_OWNER='Mahmoud' AIRFLOW_CTX_DAG_ID='Taxi_trip_pipeline' AIRFLOW_CTX_TASK_ID='dbt_staging_layer.dbt_run_zone_lookup' AIRFLOW_CTX_EXECUTION_DATE='2024-10-01T12:30:32.928618+00:00' AIRFLOW_CTX_TRY_NUMBER='1' AIRFLOW_CTX_DAG_RUN_ID='manual__2024-10-01T12:30:32.928618+00:00'
[2024-10-01T12:30:40.141+0000] {taskinstance.py:430} INFO - ::endgroup::
[2024-10-01T12:30:40.161+0000] {subprocess.py:63} INFO - Tmp dir root location: /tmp
[2024-10-01T12:30:40.162+0000] {subprocess.py:75} INFO - Running command: ['/usr/bin/bash', '-c', 'dbt run --profiles-dir /opt/***/DBT_Project  --project-dir /opt/***/dbt_trip --models zone_lookup']
[2024-10-01T12:30:40.181+0000] {subprocess.py:86} INFO - Output:
[2024-10-01T12:30:43.421+0000] {subprocess.py:93} INFO - [0m12:30:43  Running with dbt=1.8.0
[2024-10-01T12:30:43.906+0000] {subprocess.py:93} INFO - [0m12:30:43  Registered adapter: postgres=1.8.0
[2024-10-01T12:30:44.339+0000] {subprocess.py:93} INFO - [0m12:30:44  [[33mWARNING[0m]: Configuration paths exist in your dbt_project.yml file which do not apply to any resources.
[2024-10-01T12:30:44.340+0000] {subprocess.py:93} INFO - There are 2 unused configuration paths:
[2024-10-01T12:30:44.340+0000] {subprocess.py:93} INFO - - models.fact_trip.staging
[2024-10-01T12:30:44.340+0000] {subprocess.py:93} INFO - - models.fact_trip.Dimensions
[2024-10-01T12:30:44.634+0000] {subprocess.py:93} INFO - [0m12:30:44  Found 4 models, 6 data tests, 3 sources, 566 macros
[2024-10-01T12:30:44.638+0000] {subprocess.py:93} INFO - [0m12:30:44
[2024-10-01T12:30:44.824+0000] {subprocess.py:93} INFO - [0m12:30:44  Concurrency: 3 threads (target='dev')
[2024-10-01T12:30:44.825+0000] {subprocess.py:93} INFO - [0m12:30:44
[2024-10-01T12:30:44.841+0000] {subprocess.py:93} INFO - [0m12:30:44  1 of 1 START sql view model analysis.zone_lookup ............................... [RUN]
[2024-10-01T12:30:45.081+0000] {subprocess.py:93} INFO - [0m12:30:45  1 of 1 OK created sql view model analysis.zone_lookup .......................... [[32mCREATE VIEW[0m in 0.23s]
[2024-10-01T12:30:45.101+0000] {subprocess.py:93} INFO - [0m12:30:45
[2024-10-01T12:30:45.102+0000] {subprocess.py:93} INFO - [0m12:30:45  Finished running 1 view model in 0 hours 0 minutes and 0.46 seconds (0.46s).
[2024-10-01T12:30:45.201+0000] {subprocess.py:93} INFO - [0m12:30:45
[2024-10-01T12:30:45.202+0000] {subprocess.py:93} INFO - [0m12:30:45  [32mCompleted successfully[0m
[2024-10-01T12:30:45.203+0000] {subprocess.py:93} INFO - [0m12:30:45
[2024-10-01T12:30:45.204+0000] {subprocess.py:93} INFO - [0m12:30:45  Done. PASS=1 WARN=0 ERROR=0 SKIP=0 TOTAL=1
[2024-10-01T12:30:46.293+0000] {subprocess.py:97} INFO - Command exited with return code 0
[2024-10-01T12:30:46.294+0000] {taskinstance.py:441} INFO - ::group::Post task execution logs
[2024-10-01T12:30:46.323+0000] {taskinstance.py:1206} INFO - Marking task as SUCCESS. dag_id=Taxi_trip_pipeline, task_id=dbt_staging_layer.dbt_run_zone_lookup, run_id=manual__2024-10-01T12:30:32.928618+00:00, execution_date=20241001T123032, start_date=20241001T123039, end_date=20241001T123046
[2024-10-01T12:30:46.366+0000] {local_task_job_runner.py:240} INFO - Task exited with return code 0
[2024-10-01T12:30:46.390+0000] {taskinstance.py:3498} INFO - 0 downstream tasks scheduled from follow-on schedule check
[2024-10-01T12:30:46.391+0000] {local_task_job_runner.py:222} INFO - ::endgroup::
