[2024-10-01T12:52:20.404+0000] {local_task_job_runner.py:120} INFO - ::group::Pre task execution logs
[2024-10-01T12:52:20.444+0000] {taskinstance.py:2076} INFO - Dependencies all met for dep_context=non-requeueable deps ti=<TaskInstance: Taxi_trip_pipeline.dbt_staging_layer.dbt_run_zone_lookup manual__2024-10-01T12:30:32.928618+00:00 [queued]>
[2024-10-01T12:52:20.463+0000] {taskinstance.py:2076} INFO - Dependencies all met for dep_context=requeueable deps ti=<TaskInstance: Taxi_trip_pipeline.dbt_staging_layer.dbt_run_zone_lookup manual__2024-10-01T12:30:32.928618+00:00 [queued]>
[2024-10-01T12:52:20.464+0000] {taskinstance.py:2306} INFO - Starting attempt 4 of 4
[2024-10-01T12:52:20.486+0000] {taskinstance.py:2330} INFO - Executing <Task(BashOperator): dbt_staging_layer.dbt_run_zone_lookup> on 2024-10-01 12:30:32.928618+00:00
[2024-10-01T12:52:20.496+0000] {standard_task_runner.py:63} INFO - Started process 1184 to run task
[2024-10-01T12:52:20.501+0000] {standard_task_runner.py:90} INFO - Running: ['***', 'tasks', 'run', 'Taxi_trip_pipeline', 'dbt_staging_layer.dbt_run_zone_lookup', 'manual__2024-10-01T12:30:32.928618+00:00', '--job-id', '214', '--raw', '--subdir', 'DAGS_FOLDER/taxi_trip.py', '--cfg-path', '/tmp/tmpp_8e1nda']
[2024-10-01T12:52:20.504+0000] {standard_task_runner.py:91} INFO - Job 214: Subtask dbt_staging_layer.dbt_run_zone_lookup
[2024-10-01T12:52:20.565+0000] {task_command.py:426} INFO - Running <TaskInstance: Taxi_trip_pipeline.dbt_staging_layer.dbt_run_zone_lookup manual__2024-10-01T12:30:32.928618+00:00 [running]> on host fcb0f9e87e2b
[2024-10-01T12:52:20.673+0000] {taskinstance.py:2648} INFO - Exporting env vars: AIRFLOW_CTX_DAG_OWNER='Mahmoud' AIRFLOW_CTX_DAG_ID='Taxi_trip_pipeline' AIRFLOW_CTX_TASK_ID='dbt_staging_layer.dbt_run_zone_lookup' AIRFLOW_CTX_EXECUTION_DATE='2024-10-01T12:30:32.928618+00:00' AIRFLOW_CTX_TRY_NUMBER='4' AIRFLOW_CTX_DAG_RUN_ID='manual__2024-10-01T12:30:32.928618+00:00'
[2024-10-01T12:52:20.674+0000] {taskinstance.py:430} INFO - ::endgroup::
[2024-10-01T12:52:20.689+0000] {subprocess.py:63} INFO - Tmp dir root location: /tmp
[2024-10-01T12:52:20.690+0000] {subprocess.py:75} INFO - Running command: ['/usr/bin/bash', '-c', 'dbt run --profiles-dir /opt/***/DBT_Project  --project-dir /opt/***/dbt_trip --models zone_lookup']
[2024-10-01T12:52:20.705+0000] {subprocess.py:86} INFO - Output:
[2024-10-01T12:52:24.164+0000] {subprocess.py:93} INFO - [0m12:52:24  Running with dbt=1.8.0
[2024-10-01T12:52:24.619+0000] {subprocess.py:93} INFO - [0m12:52:24  Registered adapter: postgres=1.8.0
[2024-10-01T12:52:25.197+0000] {subprocess.py:93} INFO - [0m12:52:25  [[33mWARNING[0m]: Configuration paths exist in your dbt_project.yml file which do not apply to any resources.
[2024-10-01T12:52:25.198+0000] {subprocess.py:93} INFO - There are 2 unused configuration paths:
[2024-10-01T12:52:25.198+0000] {subprocess.py:93} INFO - - models.fact_trip.Dimensions
[2024-10-01T12:52:25.199+0000] {subprocess.py:93} INFO - - models.fact_trip.staging
[2024-10-01T12:52:25.545+0000] {subprocess.py:93} INFO - [0m12:52:25  Found 4 models, 6 data tests, 3 sources, 566 macros
[2024-10-01T12:52:25.548+0000] {subprocess.py:93} INFO - [0m12:52:25
[2024-10-01T12:52:25.727+0000] {subprocess.py:93} INFO - [0m12:52:25  Concurrency: 3 threads (target='dev')
[2024-10-01T12:52:25.728+0000] {subprocess.py:93} INFO - [0m12:52:25
[2024-10-01T12:52:25.743+0000] {subprocess.py:93} INFO - [0m12:52:25  1 of 1 START sql view model analysis.zone_lookup ............................... [RUN]
[2024-10-01T12:52:25.973+0000] {subprocess.py:93} INFO - [0m12:52:25  1 of 1 OK created sql view model analysis.zone_lookup .......................... [[32mCREATE VIEW[0m in 0.23s]
[2024-10-01T12:52:25.992+0000] {subprocess.py:93} INFO - [0m12:52:25
[2024-10-01T12:52:25.993+0000] {subprocess.py:93} INFO - [0m12:52:25  Finished running 1 view model in 0 hours 0 minutes and 0.44 seconds (0.44s).
[2024-10-01T12:52:26.072+0000] {subprocess.py:93} INFO - [0m12:52:26
[2024-10-01T12:52:26.073+0000] {subprocess.py:93} INFO - [0m12:52:26  [32mCompleted successfully[0m
[2024-10-01T12:52:26.074+0000] {subprocess.py:93} INFO - [0m12:52:26
[2024-10-01T12:52:26.075+0000] {subprocess.py:93} INFO - [0m12:52:26  Done. PASS=1 WARN=0 ERROR=0 SKIP=0 TOTAL=1
[2024-10-01T12:52:27.200+0000] {subprocess.py:97} INFO - Command exited with return code 0
[2024-10-01T12:52:27.201+0000] {taskinstance.py:441} INFO - ::group::Post task execution logs
[2024-10-01T12:52:27.231+0000] {taskinstance.py:1206} INFO - Marking task as SUCCESS. dag_id=Taxi_trip_pipeline, task_id=dbt_staging_layer.dbt_run_zone_lookup, run_id=manual__2024-10-01T12:30:32.928618+00:00, execution_date=20241001T123032, start_date=20241001T125220, end_date=20241001T125227
[2024-10-01T12:52:27.263+0000] {local_task_job_runner.py:240} INFO - Task exited with return code 0
[2024-10-01T12:52:27.286+0000] {taskinstance.py:3498} INFO - 0 downstream tasks scheduled from follow-on schedule check
[2024-10-01T12:52:27.287+0000] {local_task_job_runner.py:222} INFO - ::endgroup::
