[2024-10-01T12:37:30.613+0000] {local_task_job_runner.py:120} INFO - ::group::Pre task execution logs
[2024-10-01T12:37:30.633+0000] {taskinstance.py:2076} INFO - Dependencies all met for dep_context=non-requeueable deps ti=<TaskInstance: Taxi_trip_pipeline.dbt_staging_layer.dbt_run_zone_lookup manual__2024-10-01T12:30:32.928618+00:00 [queued]>
[2024-10-01T12:37:30.642+0000] {taskinstance.py:2076} INFO - Dependencies all met for dep_context=requeueable deps ti=<TaskInstance: Taxi_trip_pipeline.dbt_staging_layer.dbt_run_zone_lookup manual__2024-10-01T12:30:32.928618+00:00 [queued]>
[2024-10-01T12:37:30.642+0000] {taskinstance.py:2306} INFO - Starting attempt 2 of 2
[2024-10-01T12:37:30.654+0000] {taskinstance.py:2330} INFO - Executing <Task(BashOperator): dbt_staging_layer.dbt_run_zone_lookup> on 2024-10-01 12:30:32.928618+00:00
[2024-10-01T12:37:30.661+0000] {standard_task_runner.py:63} INFO - Started process 1035 to run task
[2024-10-01T12:37:30.664+0000] {standard_task_runner.py:90} INFO - Running: ['***', 'tasks', 'run', 'Taxi_trip_pipeline', 'dbt_staging_layer.dbt_run_zone_lookup', 'manual__2024-10-01T12:30:32.928618+00:00', '--job-id', '200', '--raw', '--subdir', 'DAGS_FOLDER/taxi_trip.py', '--cfg-path', '/tmp/tmpt9xo8vhj']
[2024-10-01T12:37:30.666+0000] {standard_task_runner.py:91} INFO - Job 200: Subtask dbt_staging_layer.dbt_run_zone_lookup
[2024-10-01T12:37:30.709+0000] {task_command.py:426} INFO - Running <TaskInstance: Taxi_trip_pipeline.dbt_staging_layer.dbt_run_zone_lookup manual__2024-10-01T12:30:32.928618+00:00 [running]> on host fcb0f9e87e2b
[2024-10-01T12:37:30.803+0000] {taskinstance.py:2648} INFO - Exporting env vars: AIRFLOW_CTX_DAG_OWNER='Mahmoud' AIRFLOW_CTX_DAG_ID='Taxi_trip_pipeline' AIRFLOW_CTX_TASK_ID='dbt_staging_layer.dbt_run_zone_lookup' AIRFLOW_CTX_EXECUTION_DATE='2024-10-01T12:30:32.928618+00:00' AIRFLOW_CTX_TRY_NUMBER='2' AIRFLOW_CTX_DAG_RUN_ID='manual__2024-10-01T12:30:32.928618+00:00'
[2024-10-01T12:37:30.804+0000] {taskinstance.py:430} INFO - ::endgroup::
[2024-10-01T12:37:30.817+0000] {subprocess.py:63} INFO - Tmp dir root location: /tmp
[2024-10-01T12:37:30.818+0000] {subprocess.py:75} INFO - Running command: ['/usr/bin/bash', '-c', 'dbt run --profiles-dir /opt/***/DBT_Project  --project-dir /opt/***/dbt_trip --models zone_lookup']
[2024-10-01T12:37:30.833+0000] {subprocess.py:86} INFO - Output:
[2024-10-01T12:37:37.973+0000] {subprocess.py:93} INFO - [0m12:37:37  Running with dbt=1.8.0
[2024-10-01T12:37:38.394+0000] {subprocess.py:93} INFO - [0m12:37:38  Registered adapter: postgres=1.8.0
[2024-10-01T12:37:38.810+0000] {subprocess.py:93} INFO - [0m12:37:38  [[33mWARNING[0m]: Configuration paths exist in your dbt_project.yml file which do not apply to any resources.
[2024-10-01T12:37:38.811+0000] {subprocess.py:93} INFO - There are 2 unused configuration paths:
[2024-10-01T12:37:38.811+0000] {subprocess.py:93} INFO - - models.fact_trip.Dimensions
[2024-10-01T12:37:38.811+0000] {subprocess.py:93} INFO - - models.fact_trip.staging
[2024-10-01T12:37:39.075+0000] {subprocess.py:93} INFO - [0m12:37:39  Found 4 models, 6 data tests, 3 sources, 566 macros
[2024-10-01T12:37:39.077+0000] {subprocess.py:93} INFO - [0m12:37:39
[2024-10-01T12:37:39.241+0000] {subprocess.py:93} INFO - [0m12:37:39  Concurrency: 3 threads (target='dev')
[2024-10-01T12:37:39.242+0000] {subprocess.py:93} INFO - [0m12:37:39
[2024-10-01T12:37:39.259+0000] {subprocess.py:93} INFO - [0m12:37:39  1 of 1 START sql view model analysis.zone_lookup ............................... [RUN]
[2024-10-01T12:37:39.439+0000] {subprocess.py:93} INFO - [0m12:37:39  1 of 1 OK created sql view model analysis.zone_lookup .......................... [[32mCREATE VIEW[0m in 0.18s]
[2024-10-01T12:37:39.453+0000] {subprocess.py:93} INFO - [0m12:37:39
[2024-10-01T12:37:39.454+0000] {subprocess.py:93} INFO - [0m12:37:39  Finished running 1 view model in 0 hours 0 minutes and 0.38 seconds (0.38s).
[2024-10-01T12:37:39.508+0000] {subprocess.py:93} INFO - [0m12:37:39
[2024-10-01T12:37:39.508+0000] {subprocess.py:93} INFO - [0m12:37:39  [32mCompleted successfully[0m
[2024-10-01T12:37:39.509+0000] {subprocess.py:93} INFO - [0m12:37:39
[2024-10-01T12:37:39.510+0000] {subprocess.py:93} INFO - [0m12:37:39  Done. PASS=1 WARN=0 ERROR=0 SKIP=0 TOTAL=1
[2024-10-01T12:37:41.158+0000] {subprocess.py:97} INFO - Command exited with return code 0
[2024-10-01T12:37:41.159+0000] {taskinstance.py:441} INFO - ::group::Post task execution logs
[2024-10-01T12:37:41.186+0000] {taskinstance.py:1206} INFO - Marking task as SUCCESS. dag_id=Taxi_trip_pipeline, task_id=dbt_staging_layer.dbt_run_zone_lookup, run_id=manual__2024-10-01T12:30:32.928618+00:00, execution_date=20241001T123032, start_date=20241001T123730, end_date=20241001T123741
[2024-10-01T12:37:41.214+0000] {local_task_job_runner.py:240} INFO - Task exited with return code 0
[2024-10-01T12:37:41.239+0000] {taskinstance.py:3498} INFO - 0 downstream tasks scheduled from follow-on schedule check
[2024-10-01T12:37:41.241+0000] {local_task_job_runner.py:222} INFO - ::endgroup::
