[2024-10-03T22:06:36.390+0000] {local_task_job_runner.py:120} INFO - ::group::Pre task execution logs
[2024-10-03T22:06:36.419+0000] {taskinstance.py:2076} INFO - Dependencies all met for dep_context=non-requeueable deps ti=<TaskInstance: Taxi_trip_pipeline.dbt_run_model_fact_trip scheduled__2024-10-03T21:45:00+00:00 [queued]>
[2024-10-03T22:06:36.430+0000] {taskinstance.py:2076} INFO - Dependencies all met for dep_context=requeueable deps ti=<TaskInstance: Taxi_trip_pipeline.dbt_run_model_fact_trip scheduled__2024-10-03T21:45:00+00:00 [queued]>
[2024-10-03T22:06:36.431+0000] {taskinstance.py:2306} INFO - Starting attempt 1 of 1
[2024-10-03T22:06:36.447+0000] {taskinstance.py:2330} INFO - Executing <Task(BashOperator): dbt_run_model_fact_trip> on 2024-10-03 21:45:00+00:00
[2024-10-03T22:06:36.455+0000] {standard_task_runner.py:63} INFO - Started process 161 to run task
[2024-10-03T22:06:36.458+0000] {standard_task_runner.py:90} INFO - Running: ['***', 'tasks', 'run', 'Taxi_trip_pipeline', 'dbt_run_model_fact_trip', 'scheduled__2024-10-03T21:45:00+00:00', '--job-id', '414', '--raw', '--subdir', 'DAGS_FOLDER/taxi_trip.py', '--cfg-path', '/tmp/tmp50boq0uc']
[2024-10-03T22:06:36.461+0000] {standard_task_runner.py:91} INFO - Job 414: Subtask dbt_run_model_fact_trip
[2024-10-03T22:06:36.509+0000] {task_command.py:426} INFO - Running <TaskInstance: Taxi_trip_pipeline.dbt_run_model_fact_trip scheduled__2024-10-03T21:45:00+00:00 [running]> on host df868e4adcf8
[2024-10-03T22:06:36.590+0000] {taskinstance.py:2648} INFO - Exporting env vars: AIRFLOW_CTX_DAG_OWNER='Mahmoud' AIRFLOW_CTX_DAG_ID='Taxi_trip_pipeline' AIRFLOW_CTX_TASK_ID='dbt_run_model_fact_trip' AIRFLOW_CTX_EXECUTION_DATE='2024-10-03T21:45:00+00:00' AIRFLOW_CTX_TRY_NUMBER='1' AIRFLOW_CTX_DAG_RUN_ID='scheduled__2024-10-03T21:45:00+00:00'
[2024-10-03T22:06:36.591+0000] {taskinstance.py:430} INFO - ::endgroup::
[2024-10-03T22:06:36.601+0000] {subprocess.py:63} INFO - Tmp dir root location: /tmp
[2024-10-03T22:06:36.602+0000] {subprocess.py:75} INFO - Running command: ['/usr/bin/bash', '-c', 'dbt run --profiles-dir /opt/***/DBT_Project  --project-dir /opt/***/dbt_trip --models Fact_trips']
[2024-10-03T22:06:36.616+0000] {subprocess.py:86} INFO - Output:
[2024-10-03T22:06:39.103+0000] {subprocess.py:93} INFO - [0m22:06:39  Running with dbt=1.8.0
[2024-10-03T22:06:39.410+0000] {subprocess.py:93} INFO - [0m22:06:39  Registered adapter: postgres=1.8.0
[2024-10-03T22:06:39.726+0000] {subprocess.py:93} INFO - [0m22:06:39  [[33mWARNING[0m]: Configuration paths exist in your dbt_project.yml file which do not apply to any resources.
[2024-10-03T22:06:39.727+0000] {subprocess.py:93} INFO - There are 2 unused configuration paths:
[2024-10-03T22:06:39.727+0000] {subprocess.py:93} INFO - - models.fact_trip.Dimensions
[2024-10-03T22:06:39.727+0000] {subprocess.py:93} INFO - - models.fact_trip.staging
[2024-10-03T22:06:39.959+0000] {subprocess.py:93} INFO - [0m22:06:39  Found 4 models, 6 data tests, 3 sources, 566 macros
[2024-10-03T22:06:39.961+0000] {subprocess.py:93} INFO - [0m22:06:39
[2024-10-03T22:06:40.084+0000] {subprocess.py:93} INFO - [0m22:06:40  Concurrency: 3 threads (target='dev')
[2024-10-03T22:06:40.085+0000] {subprocess.py:93} INFO - [0m22:06:40
[2024-10-03T22:06:40.095+0000] {subprocess.py:93} INFO - [0m22:06:40  1 of 1 START sql view model analysis.Fact_trips ................................ [RUN]
[2024-10-03T22:06:40.263+0000] {subprocess.py:93} INFO - [0m22:06:40  1 of 1 OK created sql view model analysis.Fact_trips ........................... [[32mCREATE VIEW[0m in 0.16s]
[2024-10-03T22:06:40.278+0000] {subprocess.py:93} INFO - [0m22:06:40
[2024-10-03T22:06:40.279+0000] {subprocess.py:93} INFO - [0m22:06:40  Finished running 1 view model in 0 hours 0 minutes and 0.32 seconds (0.32s).
[2024-10-03T22:06:40.340+0000] {subprocess.py:93} INFO - [0m22:06:40
[2024-10-03T22:06:40.341+0000] {subprocess.py:93} INFO - [0m22:06:40  [32mCompleted successfully[0m
[2024-10-03T22:06:40.342+0000] {subprocess.py:93} INFO - [0m22:06:40
[2024-10-03T22:06:40.343+0000] {subprocess.py:93} INFO - [0m22:06:40  Done. PASS=1 WARN=0 ERROR=0 SKIP=0 TOTAL=1
[2024-10-03T22:06:41.302+0000] {subprocess.py:97} INFO - Command exited with return code 0
[2024-10-03T22:06:41.303+0000] {taskinstance.py:441} INFO - ::group::Post task execution logs
[2024-10-03T22:06:41.328+0000] {taskinstance.py:1206} INFO - Marking task as SUCCESS. dag_id=Taxi_trip_pipeline, task_id=dbt_run_model_fact_trip, run_id=scheduled__2024-10-03T21:45:00+00:00, execution_date=20241003T214500, start_date=20241003T220636, end_date=20241003T220641
[2024-10-03T22:06:41.362+0000] {local_task_job_runner.py:240} INFO - Task exited with return code 0
[2024-10-03T22:06:41.381+0000] {taskinstance.py:3498} INFO - 0 downstream tasks scheduled from follow-on schedule check
[2024-10-03T22:06:41.382+0000] {local_task_job_runner.py:222} INFO - ::endgroup::
