[2024-10-01T15:09:29.817+0000] {local_task_job_runner.py:120} INFO - ::group::Pre task execution logs
[2024-10-01T15:09:29.837+0000] {taskinstance.py:2076} INFO - Dependencies all met for dep_context=non-requeueable deps ti=<TaskInstance: Taxi_trip_pipeline.load_layer.load_green_trip scheduled__2024-10-01T14:45:00+00:00 [queued]>
[2024-10-01T15:09:29.844+0000] {taskinstance.py:2076} INFO - Dependencies all met for dep_context=requeueable deps ti=<TaskInstance: Taxi_trip_pipeline.load_layer.load_green_trip scheduled__2024-10-01T14:45:00+00:00 [queued]>
[2024-10-01T15:09:29.844+0000] {taskinstance.py:2306} INFO - Starting attempt 1 of 1
[2024-10-01T15:09:30.451+0000] {taskinstance.py:2330} INFO - Executing <Task(PythonOperator): load_layer.load_green_trip> on 2024-10-01 14:45:00+00:00
[2024-10-01T15:09:30.458+0000] {standard_task_runner.py:63} INFO - Started process 2017 to run task
[2024-10-01T15:09:30.460+0000] {standard_task_runner.py:90} INFO - Running: ['***', 'tasks', 'run', 'Taxi_trip_pipeline', 'load_layer.load_green_trip', 'scheduled__2024-10-01T14:45:00+00:00', '--job-id', '279', '--raw', '--subdir', 'DAGS_FOLDER/taxi_trip.py', '--cfg-path', '/tmp/tmph51blvht']
[2024-10-01T15:09:30.462+0000] {standard_task_runner.py:91} INFO - Job 279: Subtask load_layer.load_green_trip
[2024-10-01T15:09:31.151+0000] {task_command.py:426} INFO - Running <TaskInstance: Taxi_trip_pipeline.load_layer.load_green_trip scheduled__2024-10-01T14:45:00+00:00 [running]> on host fcb0f9e87e2b
[2024-10-01T15:09:32.644+0000] {taskinstance.py:2648} INFO - Exporting env vars: AIRFLOW_CTX_DAG_OWNER='Mahmoud' AIRFLOW_CTX_DAG_ID='Taxi_trip_pipeline' AIRFLOW_CTX_TASK_ID='load_layer.load_green_trip' AIRFLOW_CTX_EXECUTION_DATE='2024-10-01T14:45:00+00:00' AIRFLOW_CTX_TRY_NUMBER='1' AIRFLOW_CTX_DAG_RUN_ID='scheduled__2024-10-01T14:45:00+00:00'
[2024-10-01T15:09:32.645+0000] {taskinstance.py:430} INFO - ::endgroup::
[2024-10-01T15:09:32.875+0000] {taxi_trip.py:70} INFO - Loading green trip data started with 167505 rows
[2024-10-01T15:09:32.876+0000] {Load_data.py:11} INFO - Loading green trip data...
[2024-10-01T15:09:32.876+0000] {Load_data.py:12} INFO - green trip with 167505rows
[2024-10-01T15:09:32.993+0000] {db_utils.py:31} INFO - Loading data into table green_trip...
[2024-10-01T15:09:33.000+0000] {db_utils.py:16} INFO - Connected to PostgreSQL database successfully
[2024-10-01T15:09:49.930+0000] {db_utils.py:38} INFO - Data loaded successfully into table green_trip with 167505 rows
[2024-10-01T15:09:49.931+0000] {db_utils.py:25} INFO - PostgreSQL connection is closed
[2024-10-01T15:09:49.931+0000] {db_utils.py:28} INFO - SQLAlchemy engine disposed
[2024-10-01T15:09:49.931+0000] {Load_data.py:39} INFO - Green trip data loaded successfully
[2024-10-01T15:09:49.932+0000] {taxi_trip.py:72} INFO - Loading green trip data done
[2024-10-01T15:09:49.933+0000] {python.py:237} INFO - Done. Returned value was: None
[2024-10-01T15:09:49.933+0000] {taskinstance.py:441} INFO - ::group::Post task execution logs
[2024-10-01T15:09:49.941+0000] {taskinstance.py:1206} INFO - Marking task as SUCCESS. dag_id=Taxi_trip_pipeline, task_id=load_layer.load_green_trip, run_id=scheduled__2024-10-01T14:45:00+00:00, execution_date=20241001T144500, start_date=20241001T150929, end_date=20241001T150949
[2024-10-01T15:09:50.130+0000] {local_task_job_runner.py:240} INFO - Task exited with return code 0
[2024-10-01T15:09:50.155+0000] {taskinstance.py:3498} INFO - 0 downstream tasks scheduled from follow-on schedule check
[2024-10-01T15:09:50.245+0000] {local_task_job_runner.py:222} INFO - ::endgroup::
