[2024-09-24T10:10:39.814+0000] {local_task_job_runner.py:120} INFO - ::group::Pre task execution logs
[2024-09-24T10:10:39.838+0000] {taskinstance.py:2076} INFO - Dependencies all met for dep_context=non-requeueable deps ti=<TaskInstance: Taxi_trip_pipeline.load_group.load_taxi_zone manual__2024-09-24T10:10:00.521965+00:00 [queued]>
[2024-09-24T10:10:39.848+0000] {taskinstance.py:2076} INFO - Dependencies all met for dep_context=requeueable deps ti=<TaskInstance: Taxi_trip_pipeline.load_group.load_taxi_zone manual__2024-09-24T10:10:00.521965+00:00 [queued]>
[2024-09-24T10:10:39.849+0000] {taskinstance.py:2306} INFO - Starting attempt 1 of 1
[2024-09-24T10:10:39.861+0000] {taskinstance.py:2330} INFO - Executing <Task(PythonOperator): load_group.load_taxi_zone> on 2024-09-24 10:10:00.521965+00:00
[2024-09-24T10:10:39.868+0000] {standard_task_runner.py:63} INFO - Started process 319 to run task
[2024-09-24T10:10:39.872+0000] {standard_task_runner.py:90} INFO - Running: ['***', 'tasks', 'run', 'Taxi_trip_pipeline', 'load_group.load_taxi_zone', 'manual__2024-09-24T10:10:00.521965+00:00', '--job-id', '110', '--raw', '--subdir', 'DAGS_FOLDER/taxi_trip.py', '--cfg-path', '/tmp/tmp0krk5xjt']
[2024-09-24T10:10:39.875+0000] {standard_task_runner.py:91} INFO - Job 110: Subtask load_group.load_taxi_zone
[2024-09-24T10:10:39.920+0000] {task_command.py:426} INFO - Running <TaskInstance: Taxi_trip_pipeline.load_group.load_taxi_zone manual__2024-09-24T10:10:00.521965+00:00 [running]> on host 457e36aa430f
[2024-09-24T10:10:40.014+0000] {taskinstance.py:2648} INFO - Exporting env vars: AIRFLOW_CTX_DAG_OWNER='Mahmoud' AIRFLOW_CTX_DAG_ID='Taxi_trip_pipeline' AIRFLOW_CTX_TASK_ID='load_group.load_taxi_zone' AIRFLOW_CTX_EXECUTION_DATE='2024-09-24T10:10:00.521965+00:00' AIRFLOW_CTX_TRY_NUMBER='1' AIRFLOW_CTX_DAG_RUN_ID='manual__2024-09-24T10:10:00.521965+00:00'
[2024-09-24T10:10:40.015+0000] {taskinstance.py:430} INFO - ::endgroup::
[2024-09-24T10:10:40.026+0000] {taxi_trip.py:71} INFO - Loading taxi zone lookup started
[2024-09-24T10:10:40.027+0000] {Load_data.py:75} INFO - Loading zone lookup data...
[2024-09-24T10:10:40.028+0000] {Load_data.py:82} ERROR - Error loading zone_lookup: [Errno 2] No such file or directory: './Staging/taxi_zone_lookup.csv'
[2024-09-24T10:10:40.028+0000] {taxi_trip.py:73} INFO - Loading taxi zone lookup done
[2024-09-24T10:10:40.028+0000] {python.py:237} INFO - Done. Returned value was: None
[2024-09-24T10:10:40.029+0000] {taskinstance.py:441} INFO - ::group::Post task execution logs
[2024-09-24T10:10:40.038+0000] {taskinstance.py:1206} INFO - Marking task as SUCCESS. dag_id=Taxi_trip_pipeline, task_id=load_group.load_taxi_zone, run_id=manual__2024-09-24T10:10:00.521965+00:00, execution_date=20240924T101000, start_date=20240924T101039, end_date=20240924T101040
[2024-09-24T10:10:40.083+0000] {local_task_job_runner.py:240} INFO - Task exited with return code 0
[2024-09-24T10:10:40.100+0000] {taskinstance.py:3498} INFO - 0 downstream tasks scheduled from follow-on schedule check
[2024-09-24T10:10:40.101+0000] {local_task_job_runner.py:222} INFO - ::endgroup::
