[2024-10-01T15:09:12.089+0000] {local_task_job_runner.py:120} INFO - ::group::Pre task execution logs
[2024-10-01T15:09:12.114+0000] {taskinstance.py:2076} INFO - Dependencies all met for dep_context=non-requeueable deps ti=<TaskInstance: Taxi_trip_pipeline.extraction_layer.extract_green_date scheduled__2024-10-01T14:45:00+00:00 [queued]>
[2024-10-01T15:09:12.124+0000] {taskinstance.py:2076} INFO - Dependencies all met for dep_context=requeueable deps ti=<TaskInstance: Taxi_trip_pipeline.extraction_layer.extract_green_date scheduled__2024-10-01T14:45:00+00:00 [queued]>
[2024-10-01T15:09:12.124+0000] {taskinstance.py:2306} INFO - Starting attempt 1 of 1
[2024-10-01T15:09:12.140+0000] {taskinstance.py:2330} INFO - Executing <Task(PythonOperator): extraction_layer.extract_green_date> on 2024-10-01 14:45:00+00:00
[2024-10-01T15:09:12.149+0000] {standard_task_runner.py:63} INFO - Started process 1990 to run task
[2024-10-01T15:09:12.153+0000] {standard_task_runner.py:90} INFO - Running: ['***', 'tasks', 'run', 'Taxi_trip_pipeline', 'extraction_layer.extract_green_date', 'scheduled__2024-10-01T14:45:00+00:00', '--job-id', '277', '--raw', '--subdir', 'DAGS_FOLDER/taxi_trip.py', '--cfg-path', '/tmp/tmp5cuyj74n']
[2024-10-01T15:09:12.155+0000] {standard_task_runner.py:91} INFO - Job 277: Subtask extraction_layer.extract_green_date
[2024-10-01T15:09:12.212+0000] {task_command.py:426} INFO - Running <TaskInstance: Taxi_trip_pipeline.extraction_layer.extract_green_date scheduled__2024-10-01T14:45:00+00:00 [running]> on host fcb0f9e87e2b
[2024-10-01T15:09:12.318+0000] {taskinstance.py:2648} INFO - Exporting env vars: AIRFLOW_CTX_DAG_OWNER='Mahmoud' AIRFLOW_CTX_DAG_ID='Taxi_trip_pipeline' AIRFLOW_CTX_TASK_ID='extraction_layer.extract_green_date' AIRFLOW_CTX_EXECUTION_DATE='2024-10-01T14:45:00+00:00' AIRFLOW_CTX_TRY_NUMBER='1' AIRFLOW_CTX_DAG_RUN_ID='scheduled__2024-10-01T14:45:00+00:00'
[2024-10-01T15:09:12.319+0000] {taskinstance.py:430} INFO - ::endgroup::
[2024-10-01T15:09:12.338+0000] {taxi_trip.py:37} INFO - Data extraction for green trip started
[2024-10-01T15:09:12.346+0000] {db_utils.py:16} INFO - Connected to PostgreSQL database successfully
[2024-10-01T15:09:12.346+0000] {Process_data.py:16} INFO - Start transforming Green Trip data...
[2024-10-01T15:09:12.347+0000] {Process_data.py:27} INFO - Processing file green_tripdata_2024-04.parquet...
[2024-10-01T15:09:12.399+0000] {Process_data.py:24} INFO - File green_tripdata_2024-01.parquet has already been extracted before . Skipping......
[2024-10-01T15:09:12.400+0000] {Process_data.py:27} INFO - Processing file green_tripdata_2024-03.parquet...
[2024-10-01T15:09:12.416+0000] {Process_data.py:27} INFO - Processing file green_tripdata_2024-02.parquet...
[2024-10-01T15:09:12.458+0000] {Process_data.py:35} INFO - Green trip dataframe with 167505 rows
[2024-10-01T15:09:12.459+0000] {taxi_trip.py:40} INFO - Data extraction for green trip done
[2024-10-01T15:09:13.634+0000] {taxi_trip.py:44} INFO - Pushed green trip data with 167505 rows to XCom
[2024-10-01T15:09:13.635+0000] {python.py:237} INFO - Done. Returned value was: None
[2024-10-01T15:09:13.636+0000] {taskinstance.py:441} INFO - ::group::Post task execution logs
[2024-10-01T15:09:13.646+0000] {taskinstance.py:1206} INFO - Marking task as SUCCESS. dag_id=Taxi_trip_pipeline, task_id=extraction_layer.extract_green_date, run_id=scheduled__2024-10-01T14:45:00+00:00, execution_date=20241001T144500, start_date=20241001T150912, end_date=20241001T150913
[2024-10-01T15:09:13.692+0000] {local_task_job_runner.py:240} INFO - Task exited with return code 0
[2024-10-01T15:09:13.734+0000] {taskinstance.py:3498} INFO - 1 downstream tasks scheduled from follow-on schedule check
[2024-10-01T15:09:13.736+0000] {local_task_job_runner.py:222} INFO - ::endgroup::
