[2024-10-12T12:02:09.429+0000] {local_task_job_runner.py:120} INFO - ::group::Pre task execution logs
[2024-10-12T12:02:09.454+0000] {taskinstance.py:2076} INFO - Dependencies all met for dep_context=non-requeueable deps ti=<TaskInstance: Taxi_trip_pipeline.extraction_layer.extract_green_date scheduled__2024-10-12T11:45:00+00:00 [queued]>
[2024-10-12T12:02:09.465+0000] {taskinstance.py:2076} INFO - Dependencies all met for dep_context=requeueable deps ti=<TaskInstance: Taxi_trip_pipeline.extraction_layer.extract_green_date scheduled__2024-10-12T11:45:00+00:00 [queued]>
[2024-10-12T12:02:09.466+0000] {taskinstance.py:2306} INFO - Starting attempt 1 of 1
[2024-10-12T12:02:09.483+0000] {taskinstance.py:2330} INFO - Executing <Task(PythonOperator): extraction_layer.extract_green_date> on 2024-10-12 11:45:00+00:00
[2024-10-12T12:02:09.491+0000] {standard_task_runner.py:63} INFO - Started process 344 to run task
[2024-10-12T12:02:09.494+0000] {standard_task_runner.py:90} INFO - Running: ['***', 'tasks', 'run', 'Taxi_trip_pipeline', 'extraction_layer.extract_green_date', 'scheduled__2024-10-12T11:45:00+00:00', '--job-id', '29', '--raw', '--subdir', 'DAGS_FOLDER/taxi_trip.py', '--cfg-path', '/tmp/tmpx_fcugfs']
[2024-10-12T12:02:09.496+0000] {standard_task_runner.py:91} INFO - Job 29: Subtask extraction_layer.extract_green_date
[2024-10-12T12:02:09.545+0000] {task_command.py:426} INFO - Running <TaskInstance: Taxi_trip_pipeline.extraction_layer.extract_green_date scheduled__2024-10-12T11:45:00+00:00 [running]> on host 4f9d1e7ade51
[2024-10-12T12:02:09.633+0000] {taskinstance.py:2648} INFO - Exporting env vars: AIRFLOW_CTX_DAG_OWNER='Mahmoud' AIRFLOW_CTX_DAG_ID='Taxi_trip_pipeline' AIRFLOW_CTX_TASK_ID='extraction_layer.extract_green_date' AIRFLOW_CTX_EXECUTION_DATE='2024-10-12T11:45:00+00:00' AIRFLOW_CTX_TRY_NUMBER='1' AIRFLOW_CTX_DAG_RUN_ID='scheduled__2024-10-12T11:45:00+00:00'
[2024-10-12T12:02:09.634+0000] {taskinstance.py:430} INFO - ::endgroup::
[2024-10-12T12:02:09.648+0000] {taxi_trip.py:37} INFO - Data extraction for green trip started
[2024-10-12T12:02:09.655+0000] {db_utils.py:16} INFO - Connected to PostgreSQL database successfully
[2024-10-12T12:02:09.656+0000] {Process_data.py:17} INFO - Start transforming Green Trip data...
[2024-10-12T12:02:09.657+0000] {Process_data.py:26} INFO - File green_tripdata_2024-04.parquet has already been extracted before . Skipping......
[2024-10-12T12:02:09.658+0000] {Process_data.py:26} INFO - File green_tripdata_2024-01.parquet has already been extracted before . Skipping......
[2024-10-12T12:02:09.658+0000] {Process_data.py:26} INFO - File green_tripdata_2024-03.parquet has already been extracted before . Skipping......
[2024-10-12T12:02:09.659+0000] {Process_data.py:26} INFO - File green_tripdata_2024-02.parquet has already been extracted before . Skipping......
[2024-10-12T12:02:09.660+0000] {Process_data.py:26} INFO - File green_tripdata_2024-05.parquet has already been extracted before . Skipping......
[2024-10-12T12:02:09.660+0000] {Process_data.py:26} INFO - File green_tripdata_2024-06.parquet has already been extracted before . Skipping......
[2024-10-12T12:02:09.661+0000] {taxi_trip.py:40} INFO - Data extraction for green trip done
[2024-10-12T12:02:09.661+0000] {taxi_trip.py:47} WARNING - No data found for green trip
[2024-10-12T12:02:09.661+0000] {python.py:237} INFO - Done. Returned value was: None
[2024-10-12T12:02:09.662+0000] {taskinstance.py:441} INFO - ::group::Post task execution logs
[2024-10-12T12:02:09.671+0000] {taskinstance.py:1206} INFO - Marking task as SUCCESS. dag_id=Taxi_trip_pipeline, task_id=extraction_layer.extract_green_date, run_id=scheduled__2024-10-12T11:45:00+00:00, execution_date=20241012T114500, start_date=20241012T120209, end_date=20241012T120209
[2024-10-12T12:02:09.706+0000] {local_task_job_runner.py:240} INFO - Task exited with return code 0
[2024-10-12T12:02:09.748+0000] {taskinstance.py:3498} INFO - 1 downstream tasks scheduled from follow-on schedule check
[2024-10-12T12:02:09.749+0000] {local_task_job_runner.py:222} INFO - ::endgroup::
[2024-10-12T12:08:25.235+0000] {local_task_job_runner.py:120} INFO - ::group::Pre task execution logs
[2024-10-12T12:08:25.301+0000] {taskinstance.py:2076} INFO - Dependencies all met for dep_context=non-requeueable deps ti=<TaskInstance: Taxi_trip_pipeline.extraction_layer.extract_green_date scheduled__2024-10-12T11:45:00+00:00 [queued]>
[2024-10-12T12:08:25.326+0000] {taskinstance.py:2076} INFO - Dependencies all met for dep_context=requeueable deps ti=<TaskInstance: Taxi_trip_pipeline.extraction_layer.extract_green_date scheduled__2024-10-12T11:45:00+00:00 [queued]>
[2024-10-12T12:08:25.328+0000] {taskinstance.py:2306} INFO - Starting attempt 1 of 1
[2024-10-12T12:08:25.373+0000] {taskinstance.py:2330} INFO - Executing <Task(PythonOperator): extraction_layer.extract_green_date> on 2024-10-12 11:45:00+00:00
[2024-10-12T12:08:25.387+0000] {standard_task_runner.py:63} INFO - Started process 52 to run task
[2024-10-12T12:08:25.394+0000] {standard_task_runner.py:90} INFO - Running: ['***', 'tasks', 'run', 'Taxi_trip_pipeline', 'extraction_layer.extract_green_date', 'scheduled__2024-10-12T11:45:00+00:00', '--job-id', '2', '--raw', '--subdir', 'DAGS_FOLDER/taxi_trip.py', '--cfg-path', '/tmp/tmp74gmwdjn']
[2024-10-12T12:08:25.399+0000] {standard_task_runner.py:91} INFO - Job 2: Subtask extraction_layer.extract_green_date
[2024-10-12T12:08:25.488+0000] {task_command.py:426} INFO - Running <TaskInstance: Taxi_trip_pipeline.extraction_layer.extract_green_date scheduled__2024-10-12T11:45:00+00:00 [running]> on host e1ee2fad10db
[2024-10-12T12:08:25.590+0000] {taskinstance.py:2648} INFO - Exporting env vars: AIRFLOW_CTX_DAG_OWNER='Mahmoud' AIRFLOW_CTX_DAG_ID='Taxi_trip_pipeline' AIRFLOW_CTX_TASK_ID='extraction_layer.extract_green_date' AIRFLOW_CTX_EXECUTION_DATE='2024-10-12T11:45:00+00:00' AIRFLOW_CTX_TRY_NUMBER='1' AIRFLOW_CTX_DAG_RUN_ID='scheduled__2024-10-12T11:45:00+00:00'
[2024-10-12T12:08:25.591+0000] {taskinstance.py:430} INFO - ::endgroup::
[2024-10-12T12:08:25.626+0000] {taxi_trip.py:37} INFO - Data extraction for green trip started
[2024-10-12T12:08:25.633+0000] {db_utils.py:16} INFO - Connected to PostgreSQL database successfully
[2024-10-12T12:08:25.633+0000] {Process_data.py:17} INFO - Start transforming Green Trip data...
[2024-10-12T12:08:25.633+0000] {taxi_trip.py:40} INFO - Data extraction for green trip done
[2024-10-12T12:08:25.634+0000] {taxi_trip.py:47} WARNING - No data found for green trip
[2024-10-12T12:08:25.634+0000] {python.py:237} INFO - Done. Returned value was: None
[2024-10-12T12:08:25.634+0000] {taskinstance.py:441} INFO - ::group::Post task execution logs
[2024-10-12T12:08:25.647+0000] {taskinstance.py:1206} INFO - Marking task as SUCCESS. dag_id=Taxi_trip_pipeline, task_id=extraction_layer.extract_green_date, run_id=scheduled__2024-10-12T11:45:00+00:00, execution_date=20241012T114500, start_date=20241012T120825, end_date=20241012T120825
[2024-10-12T12:08:25.691+0000] {local_task_job_runner.py:240} INFO - Task exited with return code 0
[2024-10-12T12:08:25.706+0000] {local_task_job_runner.py:222} INFO - ::endgroup::
