[2024-10-01T12:50:41.664+0000] {local_task_job_runner.py:120} INFO - ::group::Pre task execution logs
[2024-10-01T12:50:41.684+0000] {taskinstance.py:2076} INFO - Dependencies all met for dep_context=non-requeueable deps ti=<TaskInstance: Taxi_trip_pipeline.extraction_layer.extract_green_date manual__2024-10-01T12:30:32.928618+00:00 [queued]>
[2024-10-01T12:50:41.692+0000] {taskinstance.py:2076} INFO - Dependencies all met for dep_context=requeueable deps ti=<TaskInstance: Taxi_trip_pipeline.extraction_layer.extract_green_date manual__2024-10-01T12:30:32.928618+00:00 [queued]>
[2024-10-01T12:50:41.693+0000] {taskinstance.py:2306} INFO - Starting attempt 3 of 3
[2024-10-01T12:50:41.706+0000] {taskinstance.py:2330} INFO - Executing <Task(PythonOperator): extraction_layer.extract_green_date> on 2024-10-01 12:30:32.928618+00:00
[2024-10-01T12:50:41.714+0000] {standard_task_runner.py:63} INFO - Started process 1089 to run task
[2024-10-01T12:50:41.717+0000] {standard_task_runner.py:90} INFO - Running: ['***', 'tasks', 'run', 'Taxi_trip_pipeline', 'extraction_layer.extract_green_date', 'manual__2024-10-01T12:30:32.928618+00:00', '--job-id', '204', '--raw', '--subdir', 'DAGS_FOLDER/taxi_trip.py', '--cfg-path', '/tmp/tmpdt9x7mzd']
[2024-10-01T12:50:41.719+0000] {standard_task_runner.py:91} INFO - Job 204: Subtask extraction_layer.extract_green_date
[2024-10-01T12:50:41.765+0000] {task_command.py:426} INFO - Running <TaskInstance: Taxi_trip_pipeline.extraction_layer.extract_green_date manual__2024-10-01T12:30:32.928618+00:00 [running]> on host fcb0f9e87e2b
[2024-10-01T12:50:41.931+0000] {taskinstance.py:2648} INFO - Exporting env vars: AIRFLOW_CTX_DAG_OWNER='Mahmoud' AIRFLOW_CTX_DAG_ID='Taxi_trip_pipeline' AIRFLOW_CTX_TASK_ID='extraction_layer.extract_green_date' AIRFLOW_CTX_EXECUTION_DATE='2024-10-01T12:30:32.928618+00:00' AIRFLOW_CTX_TRY_NUMBER='3' AIRFLOW_CTX_DAG_RUN_ID='manual__2024-10-01T12:30:32.928618+00:00'
[2024-10-01T12:50:41.932+0000] {taskinstance.py:430} INFO - ::endgroup::
[2024-10-01T12:50:41.944+0000] {taxi_trip.py:37} INFO - Data extraction for green trip started
[2024-10-01T12:50:41.951+0000] {db_utils.py:16} INFO - Connected to PostgreSQL database successfully
[2024-10-01T12:50:41.951+0000] {Process_data.py:16} INFO - Start transforming Green Trip data...
[2024-10-01T12:50:41.953+0000] {Process_data.py:24} INFO - File green_tripdata_2024-01.parquet has already been extracted before . Skipping......
[2024-10-01T12:50:41.953+0000] {taxi_trip.py:40} INFO - Data extraction for green trip done
[2024-10-01T12:50:41.954+0000] {taxi_trip.py:46} WARNING - No data found for green trip
[2024-10-01T12:50:41.954+0000] {python.py:237} INFO - Done. Returned value was: None
[2024-10-01T12:50:41.954+0000] {taskinstance.py:441} INFO - ::group::Post task execution logs
[2024-10-01T12:50:41.964+0000] {taskinstance.py:1206} INFO - Marking task as SUCCESS. dag_id=Taxi_trip_pipeline, task_id=extraction_layer.extract_green_date, run_id=manual__2024-10-01T12:30:32.928618+00:00, execution_date=20241001T123032, start_date=20241001T125041, end_date=20241001T125041
[2024-10-01T12:50:42.009+0000] {local_task_job_runner.py:240} INFO - Task exited with return code 0
[2024-10-01T12:50:42.042+0000] {taskinstance.py:3498} INFO - 1 downstream tasks scheduled from follow-on schedule check
[2024-10-01T12:50:42.044+0000] {local_task_job_runner.py:222} INFO - ::endgroup::
