[2024-10-12T12:15:01.035+0000] {local_task_job_runner.py:120} INFO - ::group::Pre task execution logs
[2024-10-12T12:15:01.057+0000] {taskinstance.py:2076} INFO - Dependencies all met for dep_context=non-requeueable deps ti=<TaskInstance: Taxi_trip_pipeline.extraction_layer.extract_green_date scheduled__2024-10-12T12:00:00+00:00 [queued]>
[2024-10-12T12:15:01.065+0000] {taskinstance.py:2076} INFO - Dependencies all met for dep_context=requeueable deps ti=<TaskInstance: Taxi_trip_pipeline.extraction_layer.extract_green_date scheduled__2024-10-12T12:00:00+00:00 [queued]>
[2024-10-12T12:15:01.065+0000] {taskinstance.py:2306} INFO - Starting attempt 1 of 1
[2024-10-12T12:15:01.077+0000] {taskinstance.py:2330} INFO - Executing <Task(PythonOperator): extraction_layer.extract_green_date> on 2024-10-12 12:00:00+00:00
[2024-10-12T12:15:01.084+0000] {standard_task_runner.py:63} INFO - Started process 387 to run task
[2024-10-12T12:15:01.087+0000] {standard_task_runner.py:90} INFO - Running: ['***', 'tasks', 'run', 'Taxi_trip_pipeline', 'extraction_layer.extract_green_date', 'scheduled__2024-10-12T12:00:00+00:00', '--job-id', '39', '--raw', '--subdir', 'DAGS_FOLDER/taxi_trip.py', '--cfg-path', '/tmp/tmp4r_hqpr9']
[2024-10-12T12:15:01.089+0000] {standard_task_runner.py:91} INFO - Job 39: Subtask extraction_layer.extract_green_date
[2024-10-12T12:15:01.135+0000] {task_command.py:426} INFO - Running <TaskInstance: Taxi_trip_pipeline.extraction_layer.extract_green_date scheduled__2024-10-12T12:00:00+00:00 [running]> on host e1ee2fad10db
[2024-10-12T12:15:01.215+0000] {taskinstance.py:2648} INFO - Exporting env vars: AIRFLOW_CTX_DAG_OWNER='Mahmoud' AIRFLOW_CTX_DAG_ID='Taxi_trip_pipeline' AIRFLOW_CTX_TASK_ID='extraction_layer.extract_green_date' AIRFLOW_CTX_EXECUTION_DATE='2024-10-12T12:00:00+00:00' AIRFLOW_CTX_TRY_NUMBER='1' AIRFLOW_CTX_DAG_RUN_ID='scheduled__2024-10-12T12:00:00+00:00'
[2024-10-12T12:15:01.216+0000] {taskinstance.py:430} INFO - ::endgroup::
[2024-10-12T12:15:01.227+0000] {taxi_trip.py:37} INFO - Data extraction for green trip started
[2024-10-12T12:15:01.234+0000] {db_utils.py:16} INFO - Connected to PostgreSQL database successfully
[2024-10-12T12:15:01.235+0000] {Process_data.py:17} INFO - Start transforming Green Trip data...
[2024-10-12T12:15:01.236+0000] {Process_data.py:26} INFO - File green_tripdata_2024-04.parquet has already been extracted before . Skipping......
[2024-10-12T12:15:01.237+0000] {Process_data.py:26} INFO - File green_tripdata_2024-01.parquet has already been extracted before . Skipping......
[2024-10-12T12:15:01.237+0000] {Process_data.py:26} INFO - File green_tripdata_2024-03.parquet has already been extracted before . Skipping......
[2024-10-12T12:15:01.238+0000] {Process_data.py:26} INFO - File green_tripdata_2024-02.parquet has already been extracted before . Skipping......
[2024-10-12T12:15:01.238+0000] {Process_data.py:26} INFO - File green_tripdata_2024-05.parquet has already been extracted before . Skipping......
[2024-10-12T12:15:01.239+0000] {Process_data.py:26} INFO - File green_tripdata_2024-06.parquet has already been extracted before . Skipping......
[2024-10-12T12:15:01.239+0000] {taxi_trip.py:40} INFO - Data extraction for green trip done
[2024-10-12T12:15:01.239+0000] {taxi_trip.py:47} WARNING - No data found for green trip
[2024-10-12T12:15:01.239+0000] {python.py:237} INFO - Done. Returned value was: None
[2024-10-12T12:15:01.240+0000] {taskinstance.py:441} INFO - ::group::Post task execution logs
[2024-10-12T12:15:01.249+0000] {taskinstance.py:1206} INFO - Marking task as SUCCESS. dag_id=Taxi_trip_pipeline, task_id=extraction_layer.extract_green_date, run_id=scheduled__2024-10-12T12:00:00+00:00, execution_date=20241012T120000, start_date=20241012T121501, end_date=20241012T121501
[2024-10-12T12:15:01.299+0000] {local_task_job_runner.py:240} INFO - Task exited with return code 0
[2024-10-12T12:15:01.333+0000] {taskinstance.py:3498} INFO - 1 downstream tasks scheduled from follow-on schedule check
[2024-10-12T12:15:01.334+0000] {local_task_job_runner.py:222} INFO - ::endgroup::
