[2024-10-12T13:30:01.830+0000] {local_task_job_runner.py:120} INFO - ::group::Pre task execution logs
[2024-10-12T13:30:01.854+0000] {taskinstance.py:2076} INFO - Dependencies all met for dep_context=non-requeueable deps ti=<TaskInstance: Taxi_trip_pipeline.extraction_layer.extract_yellow_date scheduled__2024-10-12T13:15:00+00:00 [queued]>
[2024-10-12T13:30:01.866+0000] {taskinstance.py:2076} INFO - Dependencies all met for dep_context=requeueable deps ti=<TaskInstance: Taxi_trip_pipeline.extraction_layer.extract_yellow_date scheduled__2024-10-12T13:15:00+00:00 [queued]>
[2024-10-12T13:30:01.867+0000] {taskinstance.py:2306} INFO - Starting attempt 1 of 1
[2024-10-12T13:30:01.880+0000] {taskinstance.py:2330} INFO - Executing <Task(PythonOperator): extraction_layer.extract_yellow_date> on 2024-10-12 13:15:00+00:00
[2024-10-12T13:30:01.888+0000] {standard_task_runner.py:63} INFO - Started process 524 to run task
[2024-10-12T13:30:01.891+0000] {standard_task_runner.py:90} INFO - Running: ['***', 'tasks', 'run', 'Taxi_trip_pipeline', 'extraction_layer.extract_yellow_date', 'scheduled__2024-10-12T13:15:00+00:00', '--job-id', '53', '--raw', '--subdir', 'DAGS_FOLDER/taxi_trip.py', '--cfg-path', '/tmp/tmp88q_ec7w']
[2024-10-12T13:30:01.894+0000] {standard_task_runner.py:91} INFO - Job 53: Subtask extraction_layer.extract_yellow_date
[2024-10-12T13:30:01.955+0000] {task_command.py:426} INFO - Running <TaskInstance: Taxi_trip_pipeline.extraction_layer.extract_yellow_date scheduled__2024-10-12T13:15:00+00:00 [running]> on host ebdcf85807fc
[2024-10-12T13:30:02.041+0000] {taskinstance.py:2648} INFO - Exporting env vars: AIRFLOW_CTX_DAG_OWNER='Mahmoud' AIRFLOW_CTX_DAG_ID='Taxi_trip_pipeline' AIRFLOW_CTX_TASK_ID='extraction_layer.extract_yellow_date' AIRFLOW_CTX_EXECUTION_DATE='2024-10-12T13:15:00+00:00' AIRFLOW_CTX_TRY_NUMBER='1' AIRFLOW_CTX_DAG_RUN_ID='scheduled__2024-10-12T13:15:00+00:00'
[2024-10-12T13:30:02.042+0000] {taskinstance.py:430} INFO - ::endgroup::
[2024-10-12T13:30:02.060+0000] {taxi_trip.py:53} INFO - Data extraction for yellow trip started
[2024-10-12T13:30:02.067+0000] {db_utils.py:16} INFO - Connected to PostgreSQL database successfully
[2024-10-12T13:30:02.067+0000] {Process_data.py:47} INFO - Start transforming Yellow Trip data...
[2024-10-12T13:30:02.067+0000] {taxi_trip.py:56} INFO - Data extraction for yellow trip done
[2024-10-12T13:30:02.068+0000] {taxi_trip.py:63} WARNING - No data found for yellow trip
[2024-10-12T13:30:02.068+0000] {python.py:237} INFO - Done. Returned value was: None
[2024-10-12T13:30:02.068+0000] {taskinstance.py:441} INFO - ::group::Post task execution logs
[2024-10-12T13:30:02.077+0000] {taskinstance.py:1206} INFO - Marking task as SUCCESS. dag_id=Taxi_trip_pipeline, task_id=extraction_layer.extract_yellow_date, run_id=scheduled__2024-10-12T13:15:00+00:00, execution_date=20241012T131500, start_date=20241012T133001, end_date=20241012T133002
[2024-10-12T13:30:02.103+0000] {local_task_job_runner.py:240} INFO - Task exited with return code 0
[2024-10-12T13:30:02.135+0000] {taskinstance.py:3498} INFO - 1 downstream tasks scheduled from follow-on schedule check
[2024-10-12T13:30:02.136+0000] {local_task_job_runner.py:222} INFO - ::endgroup::
