[2024-10-12T09:45:07.469+0000] {local_task_job_runner.py:120} INFO - ::group::Pre task execution logs
[2024-10-12T09:45:07.507+0000] {taskinstance.py:2076} INFO - Dependencies all met for dep_context=non-requeueable deps ti=<TaskInstance: Taxi_trip_pipeline.dbt_transformation_layer.dbt_run_model_yellow_trip scheduled__2024-10-12T09:30:00+00:00 [queued]>
[2024-10-12T09:45:07.524+0000] {taskinstance.py:2076} INFO - Dependencies all met for dep_context=requeueable deps ti=<TaskInstance: Taxi_trip_pipeline.dbt_transformation_layer.dbt_run_model_yellow_trip scheduled__2024-10-12T09:30:00+00:00 [queued]>
[2024-10-12T09:45:07.524+0000] {taskinstance.py:2306} INFO - Starting attempt 1 of 1
[2024-10-12T09:45:07.539+0000] {taskinstance.py:2330} INFO - Executing <Task(BashOperator): dbt_transformation_layer.dbt_run_model_yellow_trip> on 2024-10-12 09:30:00+00:00
[2024-10-12T09:45:07.547+0000] {standard_task_runner.py:63} INFO - Started process 382 to run task
[2024-10-12T09:45:07.550+0000] {standard_task_runner.py:90} INFO - Running: ['***', 'tasks', 'run', 'Taxi_trip_pipeline', 'dbt_transformation_layer.dbt_run_model_yellow_trip', 'scheduled__2024-10-12T09:30:00+00:00', '--job-id', '578', '--raw', '--subdir', 'DAGS_FOLDER/taxi_trip.py', '--cfg-path', '/tmp/tmpdk7ruako']
[2024-10-12T09:45:07.552+0000] {standard_task_runner.py:91} INFO - Job 578: Subtask dbt_transformation_layer.dbt_run_model_yellow_trip
[2024-10-12T09:45:07.611+0000] {task_command.py:426} INFO - Running <TaskInstance: Taxi_trip_pipeline.dbt_transformation_layer.dbt_run_model_yellow_trip scheduled__2024-10-12T09:30:00+00:00 [running]> on host cb13d84d2d77
[2024-10-12T09:45:07.707+0000] {taskinstance.py:2648} INFO - Exporting env vars: AIRFLOW_CTX_DAG_OWNER='Mahmoud' AIRFLOW_CTX_DAG_ID='Taxi_trip_pipeline' AIRFLOW_CTX_TASK_ID='dbt_transformation_layer.dbt_run_model_yellow_trip' AIRFLOW_CTX_EXECUTION_DATE='2024-10-12T09:30:00+00:00' AIRFLOW_CTX_TRY_NUMBER='1' AIRFLOW_CTX_DAG_RUN_ID='scheduled__2024-10-12T09:30:00+00:00'
[2024-10-12T09:45:07.708+0000] {taskinstance.py:430} INFO - ::endgroup::
[2024-10-12T09:45:07.724+0000] {subprocess.py:63} INFO - Tmp dir root location: /tmp
[2024-10-12T09:45:07.725+0000] {subprocess.py:75} INFO - Running command: ['/usr/bin/bash', '-c', 'dbt run --profiles-dir /opt/***/DBT_Project  --project-dir /opt/***/dbt_trip --models yellow_trip']
[2024-10-12T09:45:07.740+0000] {subprocess.py:86} INFO - Output:
[2024-10-12T09:45:10.488+0000] {subprocess.py:93} INFO - [0m09:45:10  Running with dbt=1.8.0
[2024-10-12T09:45:10.821+0000] {subprocess.py:93} INFO - [0m09:45:10  Registered adapter: postgres=1.8.0
[2024-10-12T09:45:11.193+0000] {subprocess.py:93} INFO - [0m09:45:11  [[33mWARNING[0m]: Configuration paths exist in your dbt_project.yml file which do not apply to any resources.
[2024-10-12T09:45:11.193+0000] {subprocess.py:93} INFO - There are 2 unused configuration paths:
[2024-10-12T09:45:11.193+0000] {subprocess.py:93} INFO - - models.fact_trip.staging
[2024-10-12T09:45:11.194+0000] {subprocess.py:93} INFO - - models.fact_trip.Dimensions
[2024-10-12T09:45:11.507+0000] {subprocess.py:93} INFO - [0m09:45:11  Found 4 models, 6 data tests, 3 sources, 566 macros
[2024-10-12T09:45:11.510+0000] {subprocess.py:93} INFO - [0m09:45:11
[2024-10-12T09:45:11.677+0000] {subprocess.py:93} INFO - [0m09:45:11  Concurrency: 3 threads (target='dev')
[2024-10-12T09:45:11.678+0000] {subprocess.py:93} INFO - [0m09:45:11
[2024-10-12T09:45:11.695+0000] {subprocess.py:93} INFO - [0m09:45:11  1 of 1 START sql view model analysis.yellow_trip ............................... [RUN]
[2024-10-12T09:45:11.918+0000] {subprocess.py:93} INFO - [0m09:45:11  1 of 1 OK created sql view model analysis.yellow_trip .......................... [[32mCREATE VIEW[0m in 0.22s]
[2024-10-12T09:45:11.937+0000] {subprocess.py:93} INFO - [0m09:45:11
[2024-10-12T09:45:11.938+0000] {subprocess.py:93} INFO - [0m09:45:11  Finished running 1 view model in 0 hours 0 minutes and 0.42 seconds (0.42s).
[2024-10-12T09:45:12.004+0000] {subprocess.py:93} INFO - [0m09:45:12
[2024-10-12T09:45:12.005+0000] {subprocess.py:93} INFO - [0m09:45:12  [32mCompleted successfully[0m
[2024-10-12T09:45:12.006+0000] {subprocess.py:93} INFO - [0m09:45:12
[2024-10-12T09:45:12.007+0000] {subprocess.py:93} INFO - [0m09:45:12  Done. PASS=1 WARN=0 ERROR=0 SKIP=0 TOTAL=1
[2024-10-12T09:45:13.089+0000] {subprocess.py:97} INFO - Command exited with return code 0
[2024-10-12T09:45:13.090+0000] {taskinstance.py:441} INFO - ::group::Post task execution logs
[2024-10-12T09:45:13.119+0000] {taskinstance.py:1206} INFO - Marking task as SUCCESS. dag_id=Taxi_trip_pipeline, task_id=dbt_transformation_layer.dbt_run_model_yellow_trip, run_id=scheduled__2024-10-12T09:30:00+00:00, execution_date=20241012T093000, start_date=20241012T094507, end_date=20241012T094513
[2024-10-12T09:45:13.179+0000] {local_task_job_runner.py:240} INFO - Task exited with return code 0
[2024-10-12T09:45:13.207+0000] {taskinstance.py:3498} INFO - 0 downstream tasks scheduled from follow-on schedule check
[2024-10-12T09:45:13.209+0000] {local_task_job_runner.py:222} INFO - ::endgroup::
