[2024-09-30T20:18:27.310+0000] {local_task_job_runner.py:120} INFO - ::group::Pre task execution logs
[2024-09-30T20:18:27.335+0000] {taskinstance.py:2076} INFO - Dependencies all met for dep_context=non-requeueable deps ti=<TaskInstance: Taxi_trip_pipeline.dbt_staging_layer.dbt_run_zone_lookup manual__2024-09-30T20:06:06.934643+00:00 [queued]>
[2024-09-30T20:18:27.344+0000] {taskinstance.py:2076} INFO - Dependencies all met for dep_context=requeueable deps ti=<TaskInstance: Taxi_trip_pipeline.dbt_staging_layer.dbt_run_zone_lookup manual__2024-09-30T20:06:06.934643+00:00 [queued]>
[2024-09-30T20:18:27.345+0000] {taskinstance.py:2306} INFO - Starting attempt 4 of 4
[2024-09-30T20:18:27.358+0000] {taskinstance.py:2330} INFO - Executing <Task(BashOperator): dbt_staging_layer.dbt_run_zone_lookup> on 2024-09-30 20:06:06.934643+00:00
[2024-09-30T20:18:27.366+0000] {standard_task_runner.py:63} INFO - Started process 1124 to run task
[2024-09-30T20:18:27.369+0000] {standard_task_runner.py:90} INFO - Running: ['***', 'tasks', 'run', 'Taxi_trip_pipeline', 'dbt_staging_layer.dbt_run_zone_lookup', 'manual__2024-09-30T20:06:06.934643+00:00', '--job-id', '109', '--raw', '--subdir', 'DAGS_FOLDER/taxi_trip.py', '--cfg-path', '/tmp/tmp3qg7j0jj']
[2024-09-30T20:18:27.371+0000] {standard_task_runner.py:91} INFO - Job 109: Subtask dbt_staging_layer.dbt_run_zone_lookup
[2024-09-30T20:18:27.422+0000] {task_command.py:426} INFO - Running <TaskInstance: Taxi_trip_pipeline.dbt_staging_layer.dbt_run_zone_lookup manual__2024-09-30T20:06:06.934643+00:00 [running]> on host 72cf0e8bafa8
[2024-09-30T20:18:27.516+0000] {taskinstance.py:2648} INFO - Exporting env vars: AIRFLOW_CTX_DAG_OWNER='Mahmoud' AIRFLOW_CTX_DAG_ID='Taxi_trip_pipeline' AIRFLOW_CTX_TASK_ID='dbt_staging_layer.dbt_run_zone_lookup' AIRFLOW_CTX_EXECUTION_DATE='2024-09-30T20:06:06.934643+00:00' AIRFLOW_CTX_TRY_NUMBER='4' AIRFLOW_CTX_DAG_RUN_ID='manual__2024-09-30T20:06:06.934643+00:00'
[2024-09-30T20:18:27.518+0000] {taskinstance.py:430} INFO - ::endgroup::
[2024-09-30T20:18:27.530+0000] {subprocess.py:63} INFO - Tmp dir root location: /tmp
[2024-09-30T20:18:27.531+0000] {subprocess.py:75} INFO - Running command: ['/usr/bin/bash', '-c', 'dbt run --profiles-dir /opt/***/DBT_Project  --project-dir /opt/***/dbt_trip --models zone_lookup']
[2024-09-30T20:18:27.548+0000] {subprocess.py:86} INFO - Output:
[2024-09-30T20:18:30.492+0000] {subprocess.py:93} INFO - [0m20:18:30  Running with dbt=1.8.0
[2024-09-30T20:18:30.842+0000] {subprocess.py:93} INFO - [0m20:18:30  Registered adapter: postgres=1.8.0
[2024-09-30T20:18:31.766+0000] {subprocess.py:93} INFO - [0m20:18:31  [[33mWARNING[0m]: Deprecated functionality
[2024-09-30T20:18:31.766+0000] {subprocess.py:93} INFO - The `tests` config has been renamed to `data_tests`. Please see
[2024-09-30T20:18:31.766+0000] {subprocess.py:93} INFO - https://docs.getdbt.com/docs/build/data-tests#new-data_tests-syntax for more
[2024-09-30T20:18:31.767+0000] {subprocess.py:93} INFO - information.
[2024-09-30T20:18:32.078+0000] {subprocess.py:93} INFO - [0m20:18:32  [[33mWARNING[0m]: Configuration paths exist in your dbt_project.yml file which do not apply to any resources.
[2024-09-30T20:18:32.079+0000] {subprocess.py:93} INFO - There are 2 unused configuration paths:
[2024-09-30T20:18:32.079+0000] {subprocess.py:93} INFO - - models.fact_trip.staging
[2024-09-30T20:18:32.080+0000] {subprocess.py:93} INFO - - models.fact_trip.Dimensions
[2024-09-30T20:18:32.366+0000] {subprocess.py:93} INFO - [0m20:18:32  Found 4 models, 6 data tests, 3 sources, 566 macros
[2024-09-30T20:18:32.369+0000] {subprocess.py:93} INFO - [0m20:18:32
[2024-09-30T20:18:32.582+0000] {subprocess.py:93} INFO - [0m20:18:32  Concurrency: 3 threads (target='dev')
[2024-09-30T20:18:32.583+0000] {subprocess.py:93} INFO - [0m20:18:32
[2024-09-30T20:18:32.600+0000] {subprocess.py:93} INFO - [0m20:18:32  1 of 1 START sql view model analysis.zone_lookup ............................... [RUN]
[2024-09-30T20:18:32.759+0000] {subprocess.py:93} INFO - [0m20:18:32  1 of 1 OK created sql view model analysis.zone_lookup .......................... [[32mCREATE VIEW[0m in 0.16s]
[2024-09-30T20:18:32.774+0000] {subprocess.py:93} INFO - [0m20:18:32
[2024-09-30T20:18:32.775+0000] {subprocess.py:93} INFO - [0m20:18:32  Finished running 1 view model in 0 hours 0 minutes and 0.40 seconds (0.40s).
[2024-09-30T20:18:32.831+0000] {subprocess.py:93} INFO - [0m20:18:32
[2024-09-30T20:18:32.831+0000] {subprocess.py:93} INFO - [0m20:18:32  [32mCompleted successfully[0m
[2024-09-30T20:18:32.832+0000] {subprocess.py:93} INFO - [0m20:18:32
[2024-09-30T20:18:32.833+0000] {subprocess.py:93} INFO - [0m20:18:32  Done. PASS=1 WARN=0 ERROR=0 SKIP=0 TOTAL=1
[2024-09-30T20:18:33.883+0000] {subprocess.py:97} INFO - Command exited with return code 0
[2024-09-30T20:18:33.883+0000] {taskinstance.py:441} INFO - ::group::Post task execution logs
[2024-09-30T20:18:33.909+0000] {taskinstance.py:1206} INFO - Marking task as SUCCESS. dag_id=Taxi_trip_pipeline, task_id=dbt_staging_layer.dbt_run_zone_lookup, run_id=manual__2024-09-30T20:06:06.934643+00:00, execution_date=20240930T200606, start_date=20240930T201827, end_date=20240930T201833
[2024-09-30T20:18:33.962+0000] {local_task_job_runner.py:240} INFO - Task exited with return code 0
[2024-09-30T20:18:33.984+0000] {taskinstance.py:3498} INFO - 0 downstream tasks scheduled from follow-on schedule check
[2024-09-30T20:18:33.985+0000] {local_task_job_runner.py:222} INFO - ::endgroup::
