[2024-09-30T20:12:05.130+0000] {local_task_job_runner.py:120} INFO - ::group::Pre task execution logs
[2024-09-30T20:12:05.155+0000] {taskinstance.py:2076} INFO - Dependencies all met for dep_context=non-requeueable deps ti=<TaskInstance: Taxi_trip_pipeline.dbt_staging_layer.dbt_run_zone_lookup manual__2024-09-30T20:06:06.934643+00:00 [queued]>
[2024-09-30T20:12:05.164+0000] {taskinstance.py:2076} INFO - Dependencies all met for dep_context=requeueable deps ti=<TaskInstance: Taxi_trip_pipeline.dbt_staging_layer.dbt_run_zone_lookup manual__2024-09-30T20:06:06.934643+00:00 [queued]>
[2024-09-30T20:12:05.164+0000] {taskinstance.py:2306} INFO - Starting attempt 2 of 2
[2024-09-30T20:12:05.178+0000] {taskinstance.py:2330} INFO - Executing <Task(BashOperator): dbt_staging_layer.dbt_run_zone_lookup> on 2024-09-30 20:06:06.934643+00:00
[2024-09-30T20:12:05.187+0000] {standard_task_runner.py:63} INFO - Started process 1013 to run task
[2024-09-30T20:12:05.190+0000] {standard_task_runner.py:90} INFO - Running: ['***', 'tasks', 'run', 'Taxi_trip_pipeline', 'dbt_staging_layer.dbt_run_zone_lookup', 'manual__2024-09-30T20:06:06.934643+00:00', '--job-id', '102', '--raw', '--subdir', 'DAGS_FOLDER/taxi_trip.py', '--cfg-path', '/tmp/tmp83wd5fjt']
[2024-09-30T20:12:05.193+0000] {standard_task_runner.py:91} INFO - Job 102: Subtask dbt_staging_layer.dbt_run_zone_lookup
[2024-09-30T20:12:05.242+0000] {task_command.py:426} INFO - Running <TaskInstance: Taxi_trip_pipeline.dbt_staging_layer.dbt_run_zone_lookup manual__2024-09-30T20:06:06.934643+00:00 [running]> on host 72cf0e8bafa8
[2024-09-30T20:12:05.346+0000] {taskinstance.py:2648} INFO - Exporting env vars: AIRFLOW_CTX_DAG_OWNER='Mahmoud' AIRFLOW_CTX_DAG_ID='Taxi_trip_pipeline' AIRFLOW_CTX_TASK_ID='dbt_staging_layer.dbt_run_zone_lookup' AIRFLOW_CTX_EXECUTION_DATE='2024-09-30T20:06:06.934643+00:00' AIRFLOW_CTX_TRY_NUMBER='2' AIRFLOW_CTX_DAG_RUN_ID='manual__2024-09-30T20:06:06.934643+00:00'
[2024-09-30T20:12:05.347+0000] {taskinstance.py:430} INFO - ::endgroup::
[2024-09-30T20:12:05.360+0000] {subprocess.py:63} INFO - Tmp dir root location: /tmp
[2024-09-30T20:12:05.360+0000] {subprocess.py:75} INFO - Running command: ['/usr/bin/bash', '-c', 'dbt run --profiles-dir /opt/***/DBT_Project  --project-dir /opt/***/dbt_trip --models zone_lookup']
[2024-09-30T20:12:05.376+0000] {subprocess.py:86} INFO - Output:
[2024-09-30T20:12:08.143+0000] {subprocess.py:93} INFO - [0m20:12:08  Running with dbt=1.8.0
[2024-09-30T20:12:08.479+0000] {subprocess.py:93} INFO - [0m20:12:08  Registered adapter: postgres=1.8.0
[2024-09-30T20:12:08.895+0000] {subprocess.py:93} INFO - [0m20:12:08  [[33mWARNING[0m]: Configuration paths exist in your dbt_project.yml file which do not apply to any resources.
[2024-09-30T20:12:08.895+0000] {subprocess.py:93} INFO - There are 2 unused configuration paths:
[2024-09-30T20:12:08.896+0000] {subprocess.py:93} INFO - - models.fact_trip.staging
[2024-09-30T20:12:08.896+0000] {subprocess.py:93} INFO - - models.fact_trip.Dimensions
[2024-09-30T20:12:09.191+0000] {subprocess.py:93} INFO - [0m20:12:09  Found 4 models, 6 data tests, 3 sources, 566 macros
[2024-09-30T20:12:09.193+0000] {subprocess.py:93} INFO - [0m20:12:09
[2024-09-30T20:12:09.323+0000] {subprocess.py:93} INFO - [0m20:12:09  Concurrency: 3 threads (target='dev')
[2024-09-30T20:12:09.325+0000] {subprocess.py:93} INFO - [0m20:12:09
[2024-09-30T20:12:09.342+0000] {subprocess.py:93} INFO - [0m20:12:09  1 of 1 START sql view model analysis.zone_lookup ............................... [RUN]
[2024-09-30T20:12:09.521+0000] {subprocess.py:93} INFO - [0m20:12:09  1 of 1 OK created sql view model analysis.zone_lookup .......................... [[32mCREATE VIEW[0m in 0.17s]
[2024-09-30T20:12:09.539+0000] {subprocess.py:93} INFO - [0m20:12:09
[2024-09-30T20:12:09.540+0000] {subprocess.py:93} INFO - [0m20:12:09  Finished running 1 view model in 0 hours 0 minutes and 0.34 seconds (0.34s).
[2024-09-30T20:12:09.611+0000] {subprocess.py:93} INFO - [0m20:12:09
[2024-09-30T20:12:09.612+0000] {subprocess.py:93} INFO - [0m20:12:09  [32mCompleted successfully[0m
[2024-09-30T20:12:09.613+0000] {subprocess.py:93} INFO - [0m20:12:09
[2024-09-30T20:12:09.613+0000] {subprocess.py:93} INFO - [0m20:12:09  Done. PASS=1 WARN=0 ERROR=0 SKIP=0 TOTAL=1
[2024-09-30T20:12:10.692+0000] {subprocess.py:97} INFO - Command exited with return code 0
[2024-09-30T20:12:10.692+0000] {taskinstance.py:441} INFO - ::group::Post task execution logs
[2024-09-30T20:12:10.726+0000] {taskinstance.py:1206} INFO - Marking task as SUCCESS. dag_id=Taxi_trip_pipeline, task_id=dbt_staging_layer.dbt_run_zone_lookup, run_id=manual__2024-09-30T20:06:06.934643+00:00, execution_date=20240930T200606, start_date=20240930T201205, end_date=20240930T201210
[2024-09-30T20:12:10.776+0000] {local_task_job_runner.py:240} INFO - Task exited with return code 0
[2024-09-30T20:12:10.804+0000] {taskinstance.py:3498} INFO - 0 downstream tasks scheduled from follow-on schedule check
[2024-09-30T20:12:10.805+0000] {local_task_job_runner.py:222} INFO - ::endgroup::
