[2024-10-12T13:03:16.308+0000] {local_task_job_runner.py:120} INFO - ::group::Pre task execution logs
[2024-10-12T13:03:16.331+0000] {taskinstance.py:2076} INFO - Dependencies all met for dep_context=non-requeueable deps ti=<TaskInstance: Taxi_trip_pipeline.load_layer.load_green_trip manual__2024-10-12T13:03:08.986267+00:00 [queued]>
[2024-10-12T13:03:16.349+0000] {taskinstance.py:2076} INFO - Dependencies all met for dep_context=requeueable deps ti=<TaskInstance: Taxi_trip_pipeline.load_layer.load_green_trip manual__2024-10-12T13:03:08.986267+00:00 [queued]>
[2024-10-12T13:03:16.350+0000] {taskinstance.py:2306} INFO - Starting attempt 1 of 1
[2024-10-12T13:03:16.379+0000] {taskinstance.py:2330} INFO - Executing <Task(PythonOperator): load_layer.load_green_trip> on 2024-10-12 13:03:08.986267+00:00
[2024-10-12T13:03:16.393+0000] {standard_task_runner.py:63} INFO - Started process 125 to run task
[2024-10-12T13:03:16.397+0000] {standard_task_runner.py:90} INFO - Running: ['***', 'tasks', 'run', 'Taxi_trip_pipeline', 'load_layer.load_green_trip', 'manual__2024-10-12T13:03:08.986267+00:00', '--job-id', '9', '--raw', '--subdir', 'DAGS_FOLDER/taxi_trip.py', '--cfg-path', '/tmp/tmpn0a5ztzi']
[2024-10-12T13:03:16.400+0000] {standard_task_runner.py:91} INFO - Job 9: Subtask load_layer.load_green_trip
[2024-10-12T13:03:16.476+0000] {task_command.py:426} INFO - Running <TaskInstance: Taxi_trip_pipeline.load_layer.load_green_trip manual__2024-10-12T13:03:08.986267+00:00 [running]> on host ebdcf85807fc
[2024-10-12T13:03:16.601+0000] {taskinstance.py:2648} INFO - Exporting env vars: AIRFLOW_CTX_DAG_OWNER='Mahmoud' AIRFLOW_CTX_DAG_ID='Taxi_trip_pipeline' AIRFLOW_CTX_TASK_ID='load_layer.load_green_trip' AIRFLOW_CTX_EXECUTION_DATE='2024-10-12T13:03:08.986267+00:00' AIRFLOW_CTX_TRY_NUMBER='1' AIRFLOW_CTX_DAG_RUN_ID='manual__2024-10-12T13:03:08.986267+00:00'
[2024-10-12T13:03:16.602+0000] {taskinstance.py:430} INFO - ::endgroup::
[2024-10-12T13:03:17.370+0000] {taxi_trip.py:72} INFO - Loading green trip data started with 339807 rows
[2024-10-12T13:03:17.371+0000] {Load_data.py:11} INFO - Loading green trip data...
[2024-10-12T13:03:17.372+0000] {Load_data.py:12} INFO - green trip with 339807rows
[2024-10-12T13:03:17.769+0000] {db_utils.py:31} INFO - Loading data into table green_trip...
[2024-10-12T13:03:17.777+0000] {db_utils.py:16} INFO - Connected to PostgreSQL database successfully
[2024-10-12T13:03:53.971+0000] {db_utils.py:38} INFO - Data loaded successfully into table green_trip with 339807 rows
[2024-10-12T13:03:53.972+0000] {db_utils.py:25} INFO - PostgreSQL connection is closed
[2024-10-12T13:03:53.973+0000] {db_utils.py:28} INFO - SQLAlchemy engine disposed
[2024-10-12T13:03:53.973+0000] {Load_data.py:39} INFO - Green trip data loaded successfully
[2024-10-12T13:03:53.975+0000] {taxi_trip.py:74} INFO - Loading green trip data done
[2024-10-12T13:03:53.976+0000] {python.py:237} INFO - Done. Returned value was: None
[2024-10-12T13:03:53.977+0000] {taskinstance.py:441} INFO - ::group::Post task execution logs
[2024-10-12T13:03:53.987+0000] {taskinstance.py:1206} INFO - Marking task as SUCCESS. dag_id=Taxi_trip_pipeline, task_id=load_layer.load_green_trip, run_id=manual__2024-10-12T13:03:08.986267+00:00, execution_date=20241012T130308, start_date=20241012T130316, end_date=20241012T130353
[2024-10-12T13:03:54.110+0000] {local_task_job_runner.py:240} INFO - Task exited with return code 0
[2024-10-12T13:03:54.140+0000] {taskinstance.py:3498} INFO - 1 downstream tasks scheduled from follow-on schedule check
[2024-10-12T13:03:54.141+0000] {local_task_job_runner.py:222} INFO - ::endgroup::
