[2024-09-30T18:04:43.460+0000] {local_task_job_runner.py:120} INFO - ::group::Pre task execution logs
[2024-09-30T18:04:43.485+0000] {taskinstance.py:2076} INFO - Dependencies all met for dep_context=non-requeueable deps ti=<TaskInstance: Taxi_trip_pipeline.mark_files_as_processed manual__2024-09-30T18:03:24.363580+00:00 [queued]>
[2024-09-30T18:04:43.494+0000] {taskinstance.py:2076} INFO - Dependencies all met for dep_context=requeueable deps ti=<TaskInstance: Taxi_trip_pipeline.mark_files_as_processed manual__2024-09-30T18:03:24.363580+00:00 [queued]>
[2024-09-30T18:04:43.495+0000] {taskinstance.py:2306} INFO - Starting attempt 1 of 1
[2024-09-30T18:04:43.541+0000] {taskinstance.py:2330} INFO - Executing <Task(PythonOperator): mark_files_as_processed> on 2024-09-30 18:03:24.363580+00:00
[2024-09-30T18:04:43.549+0000] {standard_task_runner.py:63} INFO - Started process 754 to run task
[2024-09-30T18:04:43.551+0000] {standard_task_runner.py:90} INFO - Running: ['***', 'tasks', 'run', 'Taxi_trip_pipeline', 'mark_files_as_processed', 'manual__2024-09-30T18:03:24.363580+00:00', '--job-id', '81', '--raw', '--subdir', 'DAGS_FOLDER/taxi_trip.py', '--cfg-path', '/tmp/tmp3rxzx3a4']
[2024-09-30T18:04:43.554+0000] {standard_task_runner.py:91} INFO - Job 81: Subtask mark_files_as_processed
[2024-09-30T18:04:43.640+0000] {task_command.py:426} INFO - Running <TaskInstance: Taxi_trip_pipeline.mark_files_as_processed manual__2024-09-30T18:03:24.363580+00:00 [running]> on host 72cf0e8bafa8
[2024-09-30T18:04:43.915+0000] {taskinstance.py:2648} INFO - Exporting env vars: AIRFLOW_CTX_DAG_OWNER='Mahmoud' AIRFLOW_CTX_DAG_ID='Taxi_trip_pipeline' AIRFLOW_CTX_TASK_ID='mark_files_as_processed' AIRFLOW_CTX_EXECUTION_DATE='2024-09-30T18:03:24.363580+00:00' AIRFLOW_CTX_TRY_NUMBER='1' AIRFLOW_CTX_DAG_RUN_ID='manual__2024-09-30T18:03:24.363580+00:00'
[2024-09-30T18:04:43.916+0000] {taskinstance.py:430} INFO - ::endgroup::
[2024-09-30T18:04:43.932+0000] {db_utils.py:16} INFO - Connected to PostgreSQL database successfully
[2024-09-30T18:04:43.989+0000] {taxi_trip.py:102} INFO - Marked green trip files as processed.
[2024-09-30T18:04:44.024+0000] {taxi_trip.py:107} INFO - Marked yellow trip files as processed.
[2024-09-30T18:04:44.025+0000] {taxi_trip.py:109} INFO - All files marked as processed successfully.
[2024-09-30T18:04:44.025+0000] {python.py:237} INFO - Done. Returned value was: None
[2024-09-30T18:04:44.025+0000] {taskinstance.py:441} INFO - ::group::Post task execution logs
[2024-09-30T18:04:44.035+0000] {taskinstance.py:1206} INFO - Marking task as SUCCESS. dag_id=Taxi_trip_pipeline, task_id=mark_files_as_processed, run_id=manual__2024-09-30T18:03:24.363580+00:00, execution_date=20240930T180324, start_date=20240930T180443, end_date=20240930T180444
[2024-09-30T18:04:44.085+0000] {local_task_job_runner.py:240} INFO - Task exited with return code 0
[2024-09-30T18:04:44.115+0000] {taskinstance.py:3498} INFO - 3 downstream tasks scheduled from follow-on schedule check
[2024-09-30T18:04:44.148+0000] {local_task_job_runner.py:222} INFO - ::endgroup::
